<?xml version="1.0" encoding="UTF-8"?>
<testsuite name="progettoIngegneriaBianchi.PatientTest" tests="5" skipped="0" failures="0" errors="0" timestamp="2021-01-21T10:45:38" hostname="MacBook-Pro.station" time="0.14">
  <properties/>
  <testcase name="testToString" classname="progettoIngegneriaBianchi.PatientTest" time="0.079"/>
  <testcase name="testNewPatient" classname="progettoIngegneriaBianchi.PatientTest" time="0.014"/>
  <testcase name="testInitializedPatient" classname="progettoIngegneriaBianchi.PatientTest" time="0.016"/>
  <testcase name="testGetter" classname="progettoIngegneriaBianchi.PatientTest" time="0.014"/>
  <testcase name="testSetter" classname="progettoIngegneriaBianchi.PatientTest" time="0.013"/>
  <system-out><![CDATA[2021-01-21 11:45:38.099  INFO 8662 --- [    Test worker] b.t.a.o.j.DataJpaTestContextBootstrapper : Neither @ContextConfiguration nor @ContextHierarchy found for test class [progettoIngegneriaBianchi.PatientTest], using SpringBootContextLoader
2021-01-21 11:45:38.100  INFO 8662 --- [    Test worker] o.s.t.c.support.AbstractContextLoader    : Could not detect default resource locations for test class [progettoIngegneriaBianchi.PatientTest]: no resource found for suffixes {-context.xml, Context.groovy}.
2021-01-21 11:45:38.100  INFO 8662 --- [    Test worker] t.c.s.AnnotationConfigContextLoaderUtils : Could not detect default configuration classes for test class [progettoIngegneriaBianchi.PatientTest]: PatientTest does not declare any static, non-private, non-final, nested classes annotated with @Configuration.
2021-01-21 11:45:38.105  INFO 8662 --- [    Test worker] .b.t.c.SpringBootTestContextBootstrapper : Found @SpringBootConfiguration progettoIngegneriaBianchi.ServingWebContentApplication for test class progettoIngegneriaBianchi.PatientTest
2021-01-21 11:45:38.105  INFO 8662 --- [    Test worker] b.t.a.o.j.DataJpaTestContextBootstrapper : Loaded default TestExecutionListener class names from location [META-INF/spring.factories]: [org.springframework.boot.test.autoconfigure.restdocs.RestDocsTestExecutionListener, org.springframework.boot.test.autoconfigure.web.client.MockRestServiceServerResetTestExecutionListener, org.springframework.boot.test.autoconfigure.web.servlet.MockMvcPrintOnlyOnFailureTestExecutionListener, org.springframework.boot.test.autoconfigure.web.servlet.WebDriverTestExecutionListener, org.springframework.boot.test.autoconfigure.webservices.client.MockWebServiceServerTestExecutionListener, org.springframework.boot.test.mock.mockito.MockitoTestExecutionListener, org.springframework.boot.test.mock.mockito.ResetMocksTestExecutionListener, org.springframework.test.context.web.ServletTestExecutionListener, org.springframework.test.context.support.DirtiesContextBeforeModesTestExecutionListener, org.springframework.test.context.support.DependencyInjectionTestExecutionListener, org.springframework.test.context.support.DirtiesContextTestExecutionListener, org.springframework.test.context.transaction.TransactionalTestExecutionListener, org.springframework.test.context.jdbc.SqlScriptsTestExecutionListener, org.springframework.test.context.event.EventPublishingTestExecutionListener]
2021-01-21 11:45:38.106  INFO 8662 --- [    Test worker] b.t.a.o.j.DataJpaTestContextBootstrapper : Using TestExecutionListeners: [org.springframework.test.context.web.ServletTestExecutionListener@3b6ebb13, org.springframework.test.context.support.DirtiesContextBeforeModesTestExecutionListener@3a3309d1, org.springframework.boot.test.mock.mockito.MockitoTestExecutionListener@3ef69ba, org.springframework.boot.test.autoconfigure.SpringBootDependencyInjectionTestExecutionListener@6c040863, org.springframework.test.context.support.DirtiesContextTestExecutionListener@22fc80d3, org.springframework.test.context.transaction.TransactionalTestExecutionListener@a368dc, org.springframework.test.context.jdbc.SqlScriptsTestExecutionListener@78f963cb, org.springframework.test.context.event.EventPublishingTestExecutionListener@34723ba7, org.springframework.boot.test.autoconfigure.restdocs.RestDocsTestExecutionListener@72cecfe2, org.springframework.boot.test.autoconfigure.web.client.MockRestServiceServerResetTestExecutionListener@69b0bcef, org.springframework.boot.test.autoconfigure.web.servlet.MockMvcPrintOnlyOnFailureTestExecutionListener@5ae46d29, org.springframework.boot.test.autoconfigure.web.servlet.WebDriverTestExecutionListener@7f6edad1, org.springframework.boot.test.autoconfigure.webservices.client.MockWebServiceServerTestExecutionListener@7b5bab01, org.springframework.boot.test.mock.mockito.ResetMocksTestExecutionListener@17e03741]
2021-01-21 11:45:38.115  INFO 8662 --- [    Test worker] o.s.t.c.transaction.TransactionContext   : Began transaction (1) for test context [DefaultTestContext@4100d6b6 testClass = PatientTest, testInstance = progettoIngegneriaBianchi.PatientTest@57ccbbe8, testMethod = testToString@PatientTest, testException = [null], mergedContextConfiguration = [MergedContextConfiguration@1dff5da5 testClass = PatientTest, locations = '{}', classes = '{class progettoIngegneriaBianchi.ServingWebContentApplication}', contextInitializerClasses = '[]', activeProfiles = '{}', propertySourceLocations = '{}', propertySourceProperties = '{org.springframework.boot.test.autoconfigure.orm.jpa.DataJpaTestContextBootstrapper=true}', contextCustomizers = set[org.springframework.boot.test.autoconfigure.OverrideAutoConfigurationContextCustomizerFactory$DisableAutoConfigurationContextCustomizer@5daae1ff, org.springframework.boot.test.autoconfigure.filter.TypeExcludeFiltersContextCustomizer@351584c0, org.springframework.boot.test.autoconfigure.properties.PropertyMappingContextCustomizer@a037b721, org.springframework.boot.test.autoconfigure.web.servlet.WebDriverContextCustomizerFactory$Customizer@3535699f, [ImportsContextCustomizer@51c1c690 key = [org.springframework.boot.autoconfigure.cache.CacheAutoConfiguration, org.springframework.boot.autoconfigure.data.jpa.JpaRepositoriesAutoConfiguration, org.springframework.boot.autoconfigure.flyway.FlywayAutoConfiguration, org.springframework.boot.autoconfigure.jdbc.DataSourceAutoConfiguration, org.springframework.boot.autoconfigure.jdbc.DataSourceTransactionManagerAutoConfiguration, org.springframework.boot.autoconfigure.jdbc.JdbcTemplateAutoConfiguration, org.springframework.boot.autoconfigure.liquibase.LiquibaseAutoConfiguration, org.springframework.boot.autoconfigure.orm.jpa.HibernateJpaAutoConfiguration, org.springframework.boot.autoconfigure.transaction.TransactionAutoConfiguration, org.springframework.boot.test.autoconfigure.jdbc.TestDatabaseAutoConfiguration, org.springframework.boot.test.autoconfigure.orm.jpa.TestEntityManagerAutoConfiguration]], org.springframework.boot.test.context.filter.ExcludeFilterContextCustomizer@6ee4e5b6, org.springframework.boot.test.json.DuplicateJsonObjectContextCustomizerFactory$DuplicateJsonObjectContextCustomizer@d73b254, org.springframework.boot.test.mock.mockito.MockitoContextCustomizer@0, org.springframework.boot.test.context.SpringBootTestArgs@1], contextLoader = 'org.springframework.boot.test.context.SpringBootContextLoader', parent = [null]], attributes = map[[empty]]]; transaction manager [org.springframework.orm.jpa.JpaTransactionManager@33bb2afb]; rollback [true]
Hibernate: call next value for hibernate_sequence
Hibernate: call next value for hibernate_sequence
Hibernate: insert into patient (admission_date, discharge_date, first_name, last_name, id) values (?, ?, ?, ?, ?)
Hibernate: insert into patient (admission_date, discharge_date, first_name, last_name, id) values (?, ?, ?, ?, ?)
Hibernate: select patient0_.id as id1_1_, patient0_.admission_date as admissio2_1_, patient0_.discharge_date as discharg3_1_, patient0_.first_name as first_na4_1_, patient0_.last_name as last_nam5_1_ from patient patient0_ order by patient0_.id asc
Hibernate: select patient0_.id as id1_1_, patient0_.admission_date as admissio2_1_, patient0_.discharge_date as discharg3_1_, patient0_.first_name as first_na4_1_, patient0_.last_name as last_nam5_1_ from patient patient0_ order by patient0_.id asc
Hibernate: select patient0_.id as id1_1_, patient0_.admission_date as admissio2_1_, patient0_.discharge_date as discharg3_1_, patient0_.first_name as first_na4_1_, patient0_.last_name as last_nam5_1_ from patient patient0_
2021-01-21 11:45:38.192  INFO 8662 --- [    Test worker] o.s.t.c.transaction.TransactionContext   : Rolled back transaction for test: [DefaultTestContext@4100d6b6 testClass = PatientTest, testInstance = progettoIngegneriaBianchi.PatientTest@57ccbbe8, testMethod = testToString@PatientTest, testException = [null], mergedContextConfiguration = [MergedContextConfiguration@1dff5da5 testClass = PatientTest, locations = '{}', classes = '{class progettoIngegneriaBianchi.ServingWebContentApplication}', contextInitializerClasses = '[]', activeProfiles = '{}', propertySourceLocations = '{}', propertySourceProperties = '{org.springframework.boot.test.autoconfigure.orm.jpa.DataJpaTestContextBootstrapper=true}', contextCustomizers = set[org.springframework.boot.test.autoconfigure.OverrideAutoConfigurationContextCustomizerFactory$DisableAutoConfigurationContextCustomizer@5daae1ff, org.springframework.boot.test.autoconfigure.filter.TypeExcludeFiltersContextCustomizer@351584c0, org.springframework.boot.test.autoconfigure.properties.PropertyMappingContextCustomizer@a037b721, org.springframework.boot.test.autoconfigure.web.servlet.WebDriverContextCustomizerFactory$Customizer@3535699f, [ImportsContextCustomizer@51c1c690 key = [org.springframework.boot.autoconfigure.cache.CacheAutoConfiguration, org.springframework.boot.autoconfigure.data.jpa.JpaRepositoriesAutoConfiguration, org.springframework.boot.autoconfigure.flyway.FlywayAutoConfiguration, org.springframework.boot.autoconfigure.jdbc.DataSourceAutoConfiguration, org.springframework.boot.autoconfigure.jdbc.DataSourceTransactionManagerAutoConfiguration, org.springframework.boot.autoconfigure.jdbc.JdbcTemplateAutoConfiguration, org.springframework.boot.autoconfigure.liquibase.LiquibaseAutoConfiguration, org.springframework.boot.autoconfigure.orm.jpa.HibernateJpaAutoConfiguration, org.springframework.boot.autoconfigure.transaction.TransactionAutoConfiguration, org.springframework.boot.test.autoconfigure.jdbc.TestDatabaseAutoConfiguration, org.springframework.boot.test.autoconfigure.orm.jpa.TestEntityManagerAutoConfiguration]], org.springframework.boot.test.context.filter.ExcludeFilterContextCustomizer@6ee4e5b6, org.springframework.boot.test.json.DuplicateJsonObjectContextCustomizerFactory$DuplicateJsonObjectContextCustomizer@d73b254, org.springframework.boot.test.mock.mockito.MockitoContextCustomizer@0, org.springframework.boot.test.context.SpringBootTestArgs@1], contextLoader = 'org.springframework.boot.test.context.SpringBootContextLoader', parent = [null]], attributes = map[[empty]]]
2021-01-21 11:45:38.196  INFO 8662 --- [    Test worker] o.s.t.c.transaction.TransactionContext   : Began transaction (1) for test context [DefaultTestContext@4100d6b6 testClass = PatientTest, testInstance = progettoIngegneriaBianchi.PatientTest@652a1e5a, testMethod = testNewPatient@PatientTest, testException = [null], mergedContextConfiguration = [MergedContextConfiguration@1dff5da5 testClass = PatientTest, locations = '{}', classes = '{class progettoIngegneriaBianchi.ServingWebContentApplication}', contextInitializerClasses = '[]', activeProfiles = '{}', propertySourceLocations = '{}', propertySourceProperties = '{org.springframework.boot.test.autoconfigure.orm.jpa.DataJpaTestContextBootstrapper=true}', contextCustomizers = set[org.springframework.boot.test.autoconfigure.OverrideAutoConfigurationContextCustomizerFactory$DisableAutoConfigurationContextCustomizer@5daae1ff, org.springframework.boot.test.autoconfigure.filter.TypeExcludeFiltersContextCustomizer@351584c0, org.springframework.boot.test.autoconfigure.properties.PropertyMappingContextCustomizer@a037b721, org.springframework.boot.test.autoconfigure.web.servlet.WebDriverContextCustomizerFactory$Customizer@3535699f, [ImportsContextCustomizer@51c1c690 key = [org.springframework.boot.autoconfigure.cache.CacheAutoConfiguration, org.springframework.boot.autoconfigure.data.jpa.JpaRepositoriesAutoConfiguration, org.springframework.boot.autoconfigure.flyway.FlywayAutoConfiguration, org.springframework.boot.autoconfigure.jdbc.DataSourceAutoConfiguration, org.springframework.boot.autoconfigure.jdbc.DataSourceTransactionManagerAutoConfiguration, org.springframework.boot.autoconfigure.jdbc.JdbcTemplateAutoConfiguration, org.springframework.boot.autoconfigure.liquibase.LiquibaseAutoConfiguration, org.springframework.boot.autoconfigure.orm.jpa.HibernateJpaAutoConfiguration, org.springframework.boot.autoconfigure.transaction.TransactionAutoConfiguration, org.springframework.boot.test.autoconfigure.jdbc.TestDatabaseAutoConfiguration, org.springframework.boot.test.autoconfigure.orm.jpa.TestEntityManagerAutoConfiguration]], org.springframework.boot.test.context.filter.ExcludeFilterContextCustomizer@6ee4e5b6, org.springframework.boot.test.json.DuplicateJsonObjectContextCustomizerFactory$DuplicateJsonObjectContextCustomizer@d73b254, org.springframework.boot.test.mock.mockito.MockitoContextCustomizer@0, org.springframework.boot.test.context.SpringBootTestArgs@1], contextLoader = 'org.springframework.boot.test.context.SpringBootContextLoader', parent = [null]], attributes = map[[empty]]]; transaction manager [org.springframework.orm.jpa.JpaTransactionManager@33bb2afb]; rollback [true]
Hibernate: call next value for hibernate_sequence
Hibernate: call next value for hibernate_sequence
Hibernate: insert into patient (admission_date, discharge_date, first_name, last_name, id) values (?, ?, ?, ?, ?)
Hibernate: insert into patient (admission_date, discharge_date, first_name, last_name, id) values (?, ?, ?, ?, ?)
Hibernate: select patient0_.id as id1_1_, patient0_.admission_date as admissio2_1_, patient0_.discharge_date as discharg3_1_, patient0_.first_name as first_na4_1_, patient0_.last_name as last_nam5_1_ from patient patient0_ order by patient0_.id asc
Hibernate: select patient0_.id as id1_1_, patient0_.admission_date as admissio2_1_, patient0_.discharge_date as discharg3_1_, patient0_.first_name as first_na4_1_, patient0_.last_name as last_nam5_1_ from patient patient0_ order by patient0_.id asc
Hibernate: select patient0_.id as id1_1_, patient0_.admission_date as admissio2_1_, patient0_.discharge_date as discharg3_1_, patient0_.first_name as first_na4_1_, patient0_.last_name as last_nam5_1_ from patient patient0_
2021-01-21 11:45:38.208  INFO 8662 --- [    Test worker] o.s.t.c.transaction.TransactionContext   : Rolled back transaction for test: [DefaultTestContext@4100d6b6 testClass = PatientTest, testInstance = progettoIngegneriaBianchi.PatientTest@652a1e5a, testMethod = testNewPatient@PatientTest, testException = [null], mergedContextConfiguration = [MergedContextConfiguration@1dff5da5 testClass = PatientTest, locations = '{}', classes = '{class progettoIngegneriaBianchi.ServingWebContentApplication}', contextInitializerClasses = '[]', activeProfiles = '{}', propertySourceLocations = '{}', propertySourceProperties = '{org.springframework.boot.test.autoconfigure.orm.jpa.DataJpaTestContextBootstrapper=true}', contextCustomizers = set[org.springframework.boot.test.autoconfigure.OverrideAutoConfigurationContextCustomizerFactory$DisableAutoConfigurationContextCustomizer@5daae1ff, org.springframework.boot.test.autoconfigure.filter.TypeExcludeFiltersContextCustomizer@351584c0, org.springframework.boot.test.autoconfigure.properties.PropertyMappingContextCustomizer@a037b721, org.springframework.boot.test.autoconfigure.web.servlet.WebDriverContextCustomizerFactory$Customizer@3535699f, [ImportsContextCustomizer@51c1c690 key = [org.springframework.boot.autoconfigure.cache.CacheAutoConfiguration, org.springframework.boot.autoconfigure.data.jpa.JpaRepositoriesAutoConfiguration, org.springframework.boot.autoconfigure.flyway.FlywayAutoConfiguration, org.springframework.boot.autoconfigure.jdbc.DataSourceAutoConfiguration, org.springframework.boot.autoconfigure.jdbc.DataSourceTransactionManagerAutoConfiguration, org.springframework.boot.autoconfigure.jdbc.JdbcTemplateAutoConfiguration, org.springframework.boot.autoconfigure.liquibase.LiquibaseAutoConfiguration, org.springframework.boot.autoconfigure.orm.jpa.HibernateJpaAutoConfiguration, org.springframework.boot.autoconfigure.transaction.TransactionAutoConfiguration, org.springframework.boot.test.autoconfigure.jdbc.TestDatabaseAutoConfiguration, org.springframework.boot.test.autoconfigure.orm.jpa.TestEntityManagerAutoConfiguration]], org.springframework.boot.test.context.filter.ExcludeFilterContextCustomizer@6ee4e5b6, org.springframework.boot.test.json.DuplicateJsonObjectContextCustomizerFactory$DuplicateJsonObjectContextCustomizer@d73b254, org.springframework.boot.test.mock.mockito.MockitoContextCustomizer@0, org.springframework.boot.test.context.SpringBootTestArgs@1], contextLoader = 'org.springframework.boot.test.context.SpringBootContextLoader', parent = [null]], attributes = map[[empty]]]
2021-01-21 11:45:38.211  INFO 8662 --- [    Test worker] o.s.t.c.transaction.TransactionContext   : Began transaction (1) for test context [DefaultTestContext@4100d6b6 testClass = PatientTest, testInstance = progettoIngegneriaBianchi.PatientTest@5873a88f, testMethod = testInitializedPatient@PatientTest, testException = [null], mergedContextConfiguration = [MergedContextConfiguration@1dff5da5 testClass = PatientTest, locations = '{}', classes = '{class progettoIngegneriaBianchi.ServingWebContentApplication}', contextInitializerClasses = '[]', activeProfiles = '{}', propertySourceLocations = '{}', propertySourceProperties = '{org.springframework.boot.test.autoconfigure.orm.jpa.DataJpaTestContextBootstrapper=true}', contextCustomizers = set[org.springframework.boot.test.autoconfigure.OverrideAutoConfigurationContextCustomizerFactory$DisableAutoConfigurationContextCustomizer@5daae1ff, org.springframework.boot.test.autoconfigure.filter.TypeExcludeFiltersContextCustomizer@351584c0, org.springframework.boot.test.autoconfigure.properties.PropertyMappingContextCustomizer@a037b721, org.springframework.boot.test.autoconfigure.web.servlet.WebDriverContextCustomizerFactory$Customizer@3535699f, [ImportsContextCustomizer@51c1c690 key = [org.springframework.boot.autoconfigure.cache.CacheAutoConfiguration, org.springframework.boot.autoconfigure.data.jpa.JpaRepositoriesAutoConfiguration, org.springframework.boot.autoconfigure.flyway.FlywayAutoConfiguration, org.springframework.boot.autoconfigure.jdbc.DataSourceAutoConfiguration, org.springframework.boot.autoconfigure.jdbc.DataSourceTransactionManagerAutoConfiguration, org.springframework.boot.autoconfigure.jdbc.JdbcTemplateAutoConfiguration, org.springframework.boot.autoconfigure.liquibase.LiquibaseAutoConfiguration, org.springframework.boot.autoconfigure.orm.jpa.HibernateJpaAutoConfiguration, org.springframework.boot.autoconfigure.transaction.TransactionAutoConfiguration, org.springframework.boot.test.autoconfigure.jdbc.TestDatabaseAutoConfiguration, org.springframework.boot.test.autoconfigure.orm.jpa.TestEntityManagerAutoConfiguration]], org.springframework.boot.test.context.filter.ExcludeFilterContextCustomizer@6ee4e5b6, org.springframework.boot.test.json.DuplicateJsonObjectContextCustomizerFactory$DuplicateJsonObjectContextCustomizer@d73b254, org.springframework.boot.test.mock.mockito.MockitoContextCustomizer@0, org.springframework.boot.test.context.SpringBootTestArgs@1], contextLoader = 'org.springframework.boot.test.context.SpringBootContextLoader', parent = [null]], attributes = map[[empty]]]; transaction manager [org.springframework.orm.jpa.JpaTransactionManager@33bb2afb]; rollback [true]
Hibernate: call next value for hibernate_sequence
Hibernate: call next value for hibernate_sequence
Hibernate: insert into patient (admission_date, discharge_date, first_name, last_name, id) values (?, ?, ?, ?, ?)
Hibernate: insert into patient (admission_date, discharge_date, first_name, last_name, id) values (?, ?, ?, ?, ?)
Hibernate: select patient0_.id as id1_1_, patient0_.admission_date as admissio2_1_, patient0_.discharge_date as discharg3_1_, patient0_.first_name as first_na4_1_, patient0_.last_name as last_nam5_1_ from patient patient0_ order by patient0_.id asc
Hibernate: select patient0_.id as id1_1_, patient0_.admission_date as admissio2_1_, patient0_.discharge_date as discharg3_1_, patient0_.first_name as first_na4_1_, patient0_.last_name as last_nam5_1_ from patient patient0_ order by patient0_.id asc
Hibernate: select patient0_.id as id1_1_, patient0_.admission_date as admissio2_1_, patient0_.discharge_date as discharg3_1_, patient0_.first_name as first_na4_1_, patient0_.last_name as last_nam5_1_ from patient patient0_
2021-01-21 11:45:38.224  INFO 8662 --- [    Test worker] o.s.t.c.transaction.TransactionContext   : Rolled back transaction for test: [DefaultTestContext@4100d6b6 testClass = PatientTest, testInstance = progettoIngegneriaBianchi.PatientTest@5873a88f, testMethod = testInitializedPatient@PatientTest, testException = [null], mergedContextConfiguration = [MergedContextConfiguration@1dff5da5 testClass = PatientTest, locations = '{}', classes = '{class progettoIngegneriaBianchi.ServingWebContentApplication}', contextInitializerClasses = '[]', activeProfiles = '{}', propertySourceLocations = '{}', propertySourceProperties = '{org.springframework.boot.test.autoconfigure.orm.jpa.DataJpaTestContextBootstrapper=true}', contextCustomizers = set[org.springframework.boot.test.autoconfigure.OverrideAutoConfigurationContextCustomizerFactory$DisableAutoConfigurationContextCustomizer@5daae1ff, org.springframework.boot.test.autoconfigure.filter.TypeExcludeFiltersContextCustomizer@351584c0, org.springframework.boot.test.autoconfigure.properties.PropertyMappingContextCustomizer@a037b721, org.springframework.boot.test.autoconfigure.web.servlet.WebDriverContextCustomizerFactory$Customizer@3535699f, [ImportsContextCustomizer@51c1c690 key = [org.springframework.boot.autoconfigure.cache.CacheAutoConfiguration, org.springframework.boot.autoconfigure.data.jpa.JpaRepositoriesAutoConfiguration, org.springframework.boot.autoconfigure.flyway.FlywayAutoConfiguration, org.springframework.boot.autoconfigure.jdbc.DataSourceAutoConfiguration, org.springframework.boot.autoconfigure.jdbc.DataSourceTransactionManagerAutoConfiguration, org.springframework.boot.autoconfigure.jdbc.JdbcTemplateAutoConfiguration, org.springframework.boot.autoconfigure.liquibase.LiquibaseAutoConfiguration, org.springframework.boot.autoconfigure.orm.jpa.HibernateJpaAutoConfiguration, org.springframework.boot.autoconfigure.transaction.TransactionAutoConfiguration, org.springframework.boot.test.autoconfigure.jdbc.TestDatabaseAutoConfiguration, org.springframework.boot.test.autoconfigure.orm.jpa.TestEntityManagerAutoConfiguration]], org.springframework.boot.test.context.filter.ExcludeFilterContextCustomizer@6ee4e5b6, org.springframework.boot.test.json.DuplicateJsonObjectContextCustomizerFactory$DuplicateJsonObjectContextCustomizer@d73b254, org.springframework.boot.test.mock.mockito.MockitoContextCustomizer@0, org.springframework.boot.test.context.SpringBootTestArgs@1], contextLoader = 'org.springframework.boot.test.context.SpringBootContextLoader', parent = [null]], attributes = map[[empty]]]
2021-01-21 11:45:38.228  INFO 8662 --- [    Test worker] o.s.t.c.transaction.TransactionContext   : Began transaction (1) for test context [DefaultTestContext@4100d6b6 testClass = PatientTest, testInstance = progettoIngegneriaBianchi.PatientTest@7fa5bd0d, testMethod = testGetter@PatientTest, testException = [null], mergedContextConfiguration = [MergedContextConfiguration@1dff5da5 testClass = PatientTest, locations = '{}', classes = '{class progettoIngegneriaBianchi.ServingWebContentApplication}', contextInitializerClasses = '[]', activeProfiles = '{}', propertySourceLocations = '{}', propertySourceProperties = '{org.springframework.boot.test.autoconfigure.orm.jpa.DataJpaTestContextBootstrapper=true}', contextCustomizers = set[org.springframework.boot.test.autoconfigure.OverrideAutoConfigurationContextCustomizerFactory$DisableAutoConfigurationContextCustomizer@5daae1ff, org.springframework.boot.test.autoconfigure.filter.TypeExcludeFiltersContextCustomizer@351584c0, org.springframework.boot.test.autoconfigure.properties.PropertyMappingContextCustomizer@a037b721, org.springframework.boot.test.autoconfigure.web.servlet.WebDriverContextCustomizerFactory$Customizer@3535699f, [ImportsContextCustomizer@51c1c690 key = [org.springframework.boot.autoconfigure.cache.CacheAutoConfiguration, org.springframework.boot.autoconfigure.data.jpa.JpaRepositoriesAutoConfiguration, org.springframework.boot.autoconfigure.flyway.FlywayAutoConfiguration, org.springframework.boot.autoconfigure.jdbc.DataSourceAutoConfiguration, org.springframework.boot.autoconfigure.jdbc.DataSourceTransactionManagerAutoConfiguration, org.springframework.boot.autoconfigure.jdbc.JdbcTemplateAutoConfiguration, org.springframework.boot.autoconfigure.liquibase.LiquibaseAutoConfiguration, org.springframework.boot.autoconfigure.orm.jpa.HibernateJpaAutoConfiguration, org.springframework.boot.autoconfigure.transaction.TransactionAutoConfiguration, org.springframework.boot.test.autoconfigure.jdbc.TestDatabaseAutoConfiguration, org.springframework.boot.test.autoconfigure.orm.jpa.TestEntityManagerAutoConfiguration]], org.springframework.boot.test.context.filter.ExcludeFilterContextCustomizer@6ee4e5b6, org.springframework.boot.test.json.DuplicateJsonObjectContextCustomizerFactory$DuplicateJsonObjectContextCustomizer@d73b254, org.springframework.boot.test.mock.mockito.MockitoContextCustomizer@0, org.springframework.boot.test.context.SpringBootTestArgs@1], contextLoader = 'org.springframework.boot.test.context.SpringBootContextLoader', parent = [null]], attributes = map[[empty]]]; transaction manager [org.springframework.orm.jpa.JpaTransactionManager@33bb2afb]; rollback [true]
Hibernate: call next value for hibernate_sequence
Hibernate: call next value for hibernate_sequence
Hibernate: insert into patient (admission_date, discharge_date, first_name, last_name, id) values (?, ?, ?, ?, ?)
Hibernate: insert into patient (admission_date, discharge_date, first_name, last_name, id) values (?, ?, ?, ?, ?)
Hibernate: select patient0_.id as id1_1_, patient0_.admission_date as admissio2_1_, patient0_.discharge_date as discharg3_1_, patient0_.first_name as first_na4_1_, patient0_.last_name as last_nam5_1_ from patient patient0_ order by patient0_.id asc
Hibernate: select patient0_.id as id1_1_, patient0_.admission_date as admissio2_1_, patient0_.discharge_date as discharg3_1_, patient0_.first_name as first_na4_1_, patient0_.last_name as last_nam5_1_ from patient patient0_ order by patient0_.id asc
Hibernate: select patient0_.id as id1_1_, patient0_.admission_date as admissio2_1_, patient0_.discharge_date as discharg3_1_, patient0_.first_name as first_na4_1_, patient0_.last_name as last_nam5_1_ from patient patient0_
2021-01-21 11:45:38.240  INFO 8662 --- [    Test worker] o.s.t.c.transaction.TransactionContext   : Rolled back transaction for test: [DefaultTestContext@4100d6b6 testClass = PatientTest, testInstance = progettoIngegneriaBianchi.PatientTest@7fa5bd0d, testMethod = testGetter@PatientTest, testException = [null], mergedContextConfiguration = [MergedContextConfiguration@1dff5da5 testClass = PatientTest, locations = '{}', classes = '{class progettoIngegneriaBianchi.ServingWebContentApplication}', contextInitializerClasses = '[]', activeProfiles = '{}', propertySourceLocations = '{}', propertySourceProperties = '{org.springframework.boot.test.autoconfigure.orm.jpa.DataJpaTestContextBootstrapper=true}', contextCustomizers = set[org.springframework.boot.test.autoconfigure.OverrideAutoConfigurationContextCustomizerFactory$DisableAutoConfigurationContextCustomizer@5daae1ff, org.springframework.boot.test.autoconfigure.filter.TypeExcludeFiltersContextCustomizer@351584c0, org.springframework.boot.test.autoconfigure.properties.PropertyMappingContextCustomizer@a037b721, org.springframework.boot.test.autoconfigure.web.servlet.WebDriverContextCustomizerFactory$Customizer@3535699f, [ImportsContextCustomizer@51c1c690 key = [org.springframework.boot.autoconfigure.cache.CacheAutoConfiguration, org.springframework.boot.autoconfigure.data.jpa.JpaRepositoriesAutoConfiguration, org.springframework.boot.autoconfigure.flyway.FlywayAutoConfiguration, org.springframework.boot.autoconfigure.jdbc.DataSourceAutoConfiguration, org.springframework.boot.autoconfigure.jdbc.DataSourceTransactionManagerAutoConfiguration, org.springframework.boot.autoconfigure.jdbc.JdbcTemplateAutoConfiguration, org.springframework.boot.autoconfigure.liquibase.LiquibaseAutoConfiguration, org.springframework.boot.autoconfigure.orm.jpa.HibernateJpaAutoConfiguration, org.springframework.boot.autoconfigure.transaction.TransactionAutoConfiguration, org.springframework.boot.test.autoconfigure.jdbc.TestDatabaseAutoConfiguration, org.springframework.boot.test.autoconfigure.orm.jpa.TestEntityManagerAutoConfiguration]], org.springframework.boot.test.context.filter.ExcludeFilterContextCustomizer@6ee4e5b6, org.springframework.boot.test.json.DuplicateJsonObjectContextCustomizerFactory$DuplicateJsonObjectContextCustomizer@d73b254, org.springframework.boot.test.mock.mockito.MockitoContextCustomizer@0, org.springframework.boot.test.context.SpringBootTestArgs@1], contextLoader = 'org.springframework.boot.test.context.SpringBootContextLoader', parent = [null]], attributes = map[[empty]]]
2021-01-21 11:45:38.242  INFO 8662 --- [    Test worker] o.s.t.c.transaction.TransactionContext   : Began transaction (1) for test context [DefaultTestContext@4100d6b6 testClass = PatientTest, testInstance = progettoIngegneriaBianchi.PatientTest@2eb1a672, testMethod = testSetter@PatientTest, testException = [null], mergedContextConfiguration = [MergedContextConfiguration@1dff5da5 testClass = PatientTest, locations = '{}', classes = '{class progettoIngegneriaBianchi.ServingWebContentApplication}', contextInitializerClasses = '[]', activeProfiles = '{}', propertySourceLocations = '{}', propertySourceProperties = '{org.springframework.boot.test.autoconfigure.orm.jpa.DataJpaTestContextBootstrapper=true}', contextCustomizers = set[org.springframework.boot.test.autoconfigure.OverrideAutoConfigurationContextCustomizerFactory$DisableAutoConfigurationContextCustomizer@5daae1ff, org.springframework.boot.test.autoconfigure.filter.TypeExcludeFiltersContextCustomizer@351584c0, org.springframework.boot.test.autoconfigure.properties.PropertyMappingContextCustomizer@a037b721, org.springframework.boot.test.autoconfigure.web.servlet.WebDriverContextCustomizerFactory$Customizer@3535699f, [ImportsContextCustomizer@51c1c690 key = [org.springframework.boot.autoconfigure.cache.CacheAutoConfiguration, org.springframework.boot.autoconfigure.data.jpa.JpaRepositoriesAutoConfiguration, org.springframework.boot.autoconfigure.flyway.FlywayAutoConfiguration, org.springframework.boot.autoconfigure.jdbc.DataSourceAutoConfiguration, org.springframework.boot.autoconfigure.jdbc.DataSourceTransactionManagerAutoConfiguration, org.springframework.boot.autoconfigure.jdbc.JdbcTemplateAutoConfiguration, org.springframework.boot.autoconfigure.liquibase.LiquibaseAutoConfiguration, org.springframework.boot.autoconfigure.orm.jpa.HibernateJpaAutoConfiguration, org.springframework.boot.autoconfigure.transaction.TransactionAutoConfiguration, org.springframework.boot.test.autoconfigure.jdbc.TestDatabaseAutoConfiguration, org.springframework.boot.test.autoconfigure.orm.jpa.TestEntityManagerAutoConfiguration]], org.springframework.boot.test.context.filter.ExcludeFilterContextCustomizer@6ee4e5b6, org.springframework.boot.test.json.DuplicateJsonObjectContextCustomizerFactory$DuplicateJsonObjectContextCustomizer@d73b254, org.springframework.boot.test.mock.mockito.MockitoContextCustomizer@0, org.springframework.boot.test.context.SpringBootTestArgs@1], contextLoader = 'org.springframework.boot.test.context.SpringBootContextLoader', parent = [null]], attributes = map[[empty]]]; transaction manager [org.springframework.orm.jpa.JpaTransactionManager@33bb2afb]; rollback [true]
Hibernate: call next value for hibernate_sequence
Hibernate: call next value for hibernate_sequence
Hibernate: insert into patient (admission_date, discharge_date, first_name, last_name, id) values (?, ?, ?, ?, ?)
Hibernate: insert into patient (admission_date, discharge_date, first_name, last_name, id) values (?, ?, ?, ?, ?)
Hibernate: select patient0_.id as id1_1_, patient0_.admission_date as admissio2_1_, patient0_.discharge_date as discharg3_1_, patient0_.first_name as first_na4_1_, patient0_.last_name as last_nam5_1_ from patient patient0_ order by patient0_.id asc
Hibernate: select patient0_.id as id1_1_, patient0_.admission_date as admissio2_1_, patient0_.discharge_date as discharg3_1_, patient0_.first_name as first_na4_1_, patient0_.last_name as last_nam5_1_ from patient patient0_ order by patient0_.id asc
Hibernate: update patient set admission_date=?, discharge_date=?, first_name=?, last_name=? where id=?
Hibernate: select patient0_.id as id1_1_, patient0_.admission_date as admissio2_1_, patient0_.discharge_date as discharg3_1_, patient0_.first_name as first_na4_1_, patient0_.last_name as last_nam5_1_ from patient patient0_
2021-01-21 11:45:38.253  INFO 8662 --- [    Test worker] o.s.t.c.transaction.TransactionContext   : Rolled back transaction for test: [DefaultTestContext@4100d6b6 testClass = PatientTest, testInstance = progettoIngegneriaBianchi.PatientTest@2eb1a672, testMethod = testSetter@PatientTest, testException = [null], mergedContextConfiguration = [MergedContextConfiguration@1dff5da5 testClass = PatientTest, locations = '{}', classes = '{class progettoIngegneriaBianchi.ServingWebContentApplication}', contextInitializerClasses = '[]', activeProfiles = '{}', propertySourceLocations = '{}', propertySourceProperties = '{org.springframework.boot.test.autoconfigure.orm.jpa.DataJpaTestContextBootstrapper=true}', contextCustomizers = set[org.springframework.boot.test.autoconfigure.OverrideAutoConfigurationContextCustomizerFactory$DisableAutoConfigurationContextCustomizer@5daae1ff, org.springframework.boot.test.autoconfigure.filter.TypeExcludeFiltersContextCustomizer@351584c0, org.springframework.boot.test.autoconfigure.properties.PropertyMappingContextCustomizer@a037b721, org.springframework.boot.test.autoconfigure.web.servlet.WebDriverContextCustomizerFactory$Customizer@3535699f, [ImportsContextCustomizer@51c1c690 key = [org.springframework.boot.autoconfigure.cache.CacheAutoConfiguration, org.springframework.boot.autoconfigure.data.jpa.JpaRepositoriesAutoConfiguration, org.springframework.boot.autoconfigure.flyway.FlywayAutoConfiguration, org.springframework.boot.autoconfigure.jdbc.DataSourceAutoConfiguration, org.springframework.boot.autoconfigure.jdbc.DataSourceTransactionManagerAutoConfiguration, org.springframework.boot.autoconfigure.jdbc.JdbcTemplateAutoConfiguration, org.springframework.boot.autoconfigure.liquibase.LiquibaseAutoConfiguration, org.springframework.boot.autoconfigure.orm.jpa.HibernateJpaAutoConfiguration, org.springframework.boot.autoconfigure.transaction.TransactionAutoConfiguration, org.springframework.boot.test.autoconfigure.jdbc.TestDatabaseAutoConfiguration, org.springframework.boot.test.autoconfigure.orm.jpa.TestEntityManagerAutoConfiguration]], org.springframework.boot.test.context.filter.ExcludeFilterContextCustomizer@6ee4e5b6, org.springframework.boot.test.json.DuplicateJsonObjectContextCustomizerFactory$DuplicateJsonObjectContextCustomizer@d73b254, org.springframework.boot.test.mock.mockito.MockitoContextCustomizer@0, org.springframework.boot.test.context.SpringBootTestArgs@1], contextLoader = 'org.springframework.boot.test.context.SpringBootContextLoader', parent = [null]], attributes = map[[empty]]]
]]></system-out>
  <system-err><![CDATA[]]></system-err>
</testsuite>
