<?xml version="1.0" encoding="UTF-8"?>
<testsuite name="progettoIngegneriaBianchi.ControllerAcceptanceTest" tests="9" skipped="0" failures="0" errors="0" timestamp="2021-01-21T10:45:29" hostname="MacBook-Pro.station" time="3.771">
  <properties/>
  <testcase name="testOperation" classname="progettoIngegneriaBianchi.ControllerAcceptanceTest" time="2.606"/>
  <testcase name="testSearchPatient" classname="progettoIngegneriaBianchi.ControllerAcceptanceTest" time="0.304"/>
  <testcase name="testPrintRecord" classname="progettoIngegneriaBianchi.ControllerAcceptanceTest" time="0.082"/>
  <testcase name="addNewPatientTest" classname="progettoIngegneriaBianchi.ControllerAcceptanceTest" time="0.249"/>
  <testcase name="testUpdateRecord" classname="progettoIngegneriaBianchi.ControllerAcceptanceTest" time="0.173"/>
  <testcase name="testDischarge" classname="progettoIngegneriaBianchi.ControllerAcceptanceTest" time="0.092"/>
  <testcase name="testInitialView" classname="progettoIngegneriaBianchi.ControllerAcceptanceTest" time="0.08"/>
  <testcase name="deletePatientTest" classname="progettoIngegneriaBianchi.ControllerAcceptanceTest" time="0.109"/>
  <testcase name="testNonEditableAndDeletableDischargedPatient" classname="progettoIngegneriaBianchi.ControllerAcceptanceTest" time="0.076"/>
  <system-out><![CDATA[11:45:29.966 [Test worker] DEBUG com.gargoylesoftware.htmlunit.WebClient - Get page for window named '', using WebRequest[<url="http://127.0.0.1:8080/input", GET, EncodingType[name=application/x-www-form-urlencoded], [], {Accept=text/html,application/xhtml+xml,application/xml;q=0.9,*/*;q=0.8, Accept-Encoding=gzip, deflate}, null>]
11:45:29.976 [Test worker] DEBUG com.gargoylesoftware.htmlunit.WebClient - Load response for GET http://127.0.0.1:8080/input
11:45:30.305 [Test worker] DEBUG org.apache.http.client.protocol.RequestAddCookies - CookieSpec selected: mine
11:45:30.317 [Test worker] DEBUG org.apache.http.client.protocol.RequestAuthCache - Auth cache not set in the context
11:45:30.319 [Test worker] DEBUG org.apache.http.impl.conn.PoolingHttpClientConnectionManager - Connection request: [route: {}->http://127.0.0.1:8080][total available: 0; route allocated: 0 of 6; total allocated: 0 of 20]
11:45:30.340 [Test worker] DEBUG org.apache.http.impl.conn.PoolingHttpClientConnectionManager - Connection leased: [id: 0][route: {}->http://127.0.0.1:8080][total available: 0; route allocated: 1 of 6; total allocated: 1 of 20]
11:45:30.342 [Test worker] DEBUG org.apache.http.impl.execchain.MainClientExec - Opening connection {}->http://127.0.0.1:8080
11:45:30.346 [Test worker] DEBUG org.apache.http.impl.conn.DefaultHttpClientConnectionOperator - Connecting to /127.0.0.1:8080
11:45:30.356 [Test worker] DEBUG org.apache.http.impl.conn.DefaultHttpClientConnectionOperator - Connection established 127.0.0.1:53827<->127.0.0.1:8080
11:45:30.356 [Test worker] DEBUG org.apache.http.impl.conn.DefaultManagedHttpClientConnection - http-outgoing-0: set socket timeout to 0
11:45:30.357 [Test worker] DEBUG org.apache.http.impl.execchain.MainClientExec - Executing request GET /input HTTP/1.1
11:45:30.357 [Test worker] DEBUG org.apache.http.impl.execchain.MainClientExec - Target auth state: UNCHALLENGED
11:45:30.358 [Test worker] DEBUG org.apache.http.impl.execchain.MainClientExec - Proxy auth state: UNCHALLENGED
11:45:30.362 [Test worker] DEBUG org.apache.http.headers - http-outgoing-0 >> GET /input HTTP/1.1
11:45:30.363 [Test worker] DEBUG org.apache.http.headers - http-outgoing-0 >> Host: 127.0.0.1:8080
11:45:30.363 [Test worker] DEBUG org.apache.http.headers - http-outgoing-0 >> User-Agent: Mozilla/5.0 (Windows NT 6.1; rv:38.0) Gecko/20100101 Firefox/38.0
11:45:30.363 [Test worker] DEBUG org.apache.http.headers - http-outgoing-0 >> Accept: text/html,application/xhtml+xml,application/xml;q=0.9,*/*;q=0.8
11:45:30.363 [Test worker] DEBUG org.apache.http.headers - http-outgoing-0 >> Accept-Language: en-US
11:45:30.363 [Test worker] DEBUG org.apache.http.headers - http-outgoing-0 >> Accept-Encoding: gzip, deflate
11:45:30.363 [Test worker] DEBUG org.apache.http.headers - http-outgoing-0 >> Connection: Keep-Alive
11:45:30.364 [Test worker] DEBUG org.apache.http.wire - http-outgoing-0 >> "GET /input HTTP/1.1[\r][\n]"
11:45:30.364 [Test worker] DEBUG org.apache.http.wire - http-outgoing-0 >> "Host: 127.0.0.1:8080[\r][\n]"
11:45:30.364 [Test worker] DEBUG org.apache.http.wire - http-outgoing-0 >> "User-Agent: Mozilla/5.0 (Windows NT 6.1; rv:38.0) Gecko/20100101 Firefox/38.0[\r][\n]"
11:45:30.364 [Test worker] DEBUG org.apache.http.wire - http-outgoing-0 >> "Accept: text/html,application/xhtml+xml,application/xml;q=0.9,*/*;q=0.8[\r][\n]"
11:45:30.364 [Test worker] DEBUG org.apache.http.wire - http-outgoing-0 >> "Accept-Language: en-US[\r][\n]"
11:45:30.364 [Test worker] DEBUG org.apache.http.wire - http-outgoing-0 >> "Accept-Encoding: gzip, deflate[\r][\n]"
11:45:30.364 [Test worker] DEBUG org.apache.http.wire - http-outgoing-0 >> "Connection: Keep-Alive[\r][\n]"
11:45:30.365 [Test worker] DEBUG org.apache.http.wire - http-outgoing-0 >> "[\r][\n]"
11:45:30.560 [Test worker] DEBUG org.apache.http.wire - http-outgoing-0 << "HTTP/1.1 200 [\r][\n]"
11:45:30.560 [Test worker] DEBUG org.apache.http.wire - http-outgoing-0 << "Content-Type: text/html;charset=UTF-8[\r][\n]"
11:45:30.560 [Test worker] DEBUG org.apache.http.wire - http-outgoing-0 << "Content-Language: en-US[\r][\n]"
11:45:30.560 [Test worker] DEBUG org.apache.http.wire - http-outgoing-0 << "Transfer-Encoding: chunked[\r][\n]"
11:45:30.560 [Test worker] DEBUG org.apache.http.wire - http-outgoing-0 << "Date: Thu, 21 Jan 2021 10:45:30 GMT[\r][\n]"
11:45:30.560 [Test worker] DEBUG org.apache.http.wire - http-outgoing-0 << "Keep-Alive: timeout=60[\r][\n]"
11:45:30.560 [Test worker] DEBUG org.apache.http.wire - http-outgoing-0 << "Connection: keep-alive[\r][\n]"
11:45:30.561 [Test worker] DEBUG org.apache.http.wire - http-outgoing-0 << "[\r][\n]"
11:45:30.561 [Test worker] DEBUG org.apache.http.wire - http-outgoing-0 << "2f0[\r][\n]"
11:45:30.561 [Test worker] DEBUG org.apache.http.wire - http-outgoing-0 << "<!DOCTYPE HTML>[\n]"
11:45:30.561 [Test worker] DEBUG org.apache.http.wire - http-outgoing-0 << "<html>[\n]"
11:45:30.561 [Test worker] DEBUG org.apache.http.wire - http-outgoing-0 << "<head>[\n]"
11:45:30.561 [Test worker] DEBUG org.apache.http.wire - http-outgoing-0 << "    <title>MVC Web application</title>[\n]"
11:45:30.561 [Test worker] DEBUG org.apache.http.wire - http-outgoing-0 << "    <meta http-equiv="Content-Type" content="text/html; charset=UTF-8" />[\n]"
11:45:30.562 [Test worker] DEBUG org.apache.http.wire - http-outgoing-0 << "</head>[\n]"
11:45:30.562 [Test worker] DEBUG org.apache.http.wire - http-outgoing-0 << "[\n]"
11:45:30.562 [Test worker] DEBUG org.apache.http.wire - http-outgoing-0 << "<body>[\n]"
11:45:30.562 [Test worker] DEBUG org.apache.http.wire - http-outgoing-0 << "<h1>Inserisci un nuovo paziente</h1>[\n]"
11:45:30.562 [Test worker] DEBUG org.apache.http.wire - http-outgoing-0 << "[\n]"
11:45:30.562 [Test worker] DEBUG org.apache.http.wire - http-outgoing-0 << "<form action="create" method="post">[\n]"
11:45:30.562 [Test worker] DEBUG org.apache.http.wire - http-outgoing-0 << "    <table border="1">[\n]"
11:45:30.562 [Test worker] DEBUG org.apache.http.wire - http-outgoing-0 << "        <tr>[\n]"
11:45:30.563 [Test worker] DEBUG org.apache.http.wire - http-outgoing-0 << "            <td>Nome</td>[\n]"
11:45:30.563 [Test worker] DEBUG org.apache.http.wire - http-outgoing-0 << "            <td><input type="text" name="firstName" required></td>[\n]"
11:45:30.563 [Test worker] DEBUG org.apache.http.wire - http-outgoing-0 << "        </tr>[\n]"
11:45:30.563 [Test worker] DEBUG org.apache.http.wire - http-outgoing-0 << "        <tr>[\n]"
11:45:30.563 [Test worker] DEBUG org.apache.http.wire - http-outgoing-0 << "            <td>Cognome</td>[\n]"
11:45:30.563 [Test worker] DEBUG org.apache.http.wire - http-outgoing-0 << "            <td><input type="text" name="lastName" required><br></td>[\n]"
11:45:30.563 [Test worker] DEBUG org.apache.http.wire - http-outgoing-0 << "        </tr>[\n]"
11:45:30.563 [Test worker] DEBUG org.apache.http.wire - http-outgoing-0 << "        <tr>[\n]"
11:45:30.564 [Test worker] DEBUG org.apache.http.wire - http-outgoing-0 << "            <td>Data ricovero</td>[\n]"
11:45:30.564 [Test worker] DEBUG org.apache.http.wire - http-outgoing-0 << "            <td><input type="date" name="admissionDate" required><br></td>[\n]"
11:45:30.564 [Test worker] DEBUG org.apache.http.wire - http-outgoing-0 << "        </tr>[\n]"
11:45:30.564 [Test worker] DEBUG org.apache.http.wire - http-outgoing-0 << "    </table>[\n]"
11:45:30.564 [Test worker] DEBUG org.apache.http.wire - http-outgoing-0 << "[\n]"
11:45:30.564 [Test worker] DEBUG org.apache.http.wire - http-outgoing-0 << "    <input type="submit" />[\n]"
11:45:30.564 [Test worker] DEBUG org.apache.http.wire - http-outgoing-0 << "</form>[\n]"
11:45:30.564 [Test worker] DEBUG org.apache.http.wire - http-outgoing-0 << "[\n]"
11:45:30.565 [Test worker] DEBUG org.apache.http.wire - http-outgoing-0 << "<br>[\n]"
11:45:30.565 [Test worker] DEBUG org.apache.http.wire - http-outgoing-0 << "<a href="list"> Torna alla lista </a>[\n]"
11:45:30.565 [Test worker] DEBUG org.apache.http.wire - http-outgoing-0 << "[\n]"
11:45:30.565 [Test worker] DEBUG org.apache.http.wire - http-outgoing-0 << "</body>[\n]"
11:45:30.565 [Test worker] DEBUG org.apache.http.wire - http-outgoing-0 << "</html>[\n]"
11:45:30.565 [Test worker] DEBUG org.apache.http.wire - http-outgoing-0 << "[\n]"
11:45:30.565 [Test worker] DEBUG org.apache.http.wire - http-outgoing-0 << "[\r][\n]"
11:45:30.568 [Test worker] DEBUG org.apache.http.headers - http-outgoing-0 << HTTP/1.1 200 
11:45:30.568 [Test worker] DEBUG org.apache.http.headers - http-outgoing-0 << Content-Type: text/html;charset=UTF-8
11:45:30.568 [Test worker] DEBUG org.apache.http.headers - http-outgoing-0 << Content-Language: en-US
11:45:30.568 [Test worker] DEBUG org.apache.http.headers - http-outgoing-0 << Transfer-Encoding: chunked
11:45:30.568 [Test worker] DEBUG org.apache.http.headers - http-outgoing-0 << Date: Thu, 21 Jan 2021 10:45:30 GMT
11:45:30.569 [Test worker] DEBUG org.apache.http.headers - http-outgoing-0 << Keep-Alive: timeout=60
11:45:30.569 [Test worker] DEBUG org.apache.http.headers - http-outgoing-0 << Connection: keep-alive
11:45:30.576 [Test worker] DEBUG org.apache.http.impl.execchain.MainClientExec - Connection can be kept alive for 60000 MILLISECONDS
11:45:30.580 [Test worker] DEBUG org.apache.http.wire - http-outgoing-0 << "0[\r][\n]"
11:45:30.580 [Test worker] DEBUG org.apache.http.wire - http-outgoing-0 << "[\r][\n]"
11:45:30.580 [Test worker] DEBUG org.apache.http.impl.conn.PoolingHttpClientConnectionManager - Connection [id: 0][route: {}->http://127.0.0.1:8080] can be kept alive for 60.0 seconds
11:45:30.580 [Test worker] DEBUG org.apache.http.impl.conn.DefaultManagedHttpClientConnection - http-outgoing-0: set socket timeout to 0
11:45:30.580 [Test worker] DEBUG org.apache.http.impl.conn.PoolingHttpClientConnectionManager - Connection released: [id: 0][route: {}->http://127.0.0.1:8080][total available: 1; route allocated: 1 of 6; total allocated: 1 of 20]
11:45:30.609 [Test worker] DEBUG com.gargoylesoftware.htmlunit.WebWindowImpl - setEnclosedPage: HtmlPage(http://127.0.0.1:8080/input)@525119895
11:45:30.609 [Test worker] DEBUG com.gargoylesoftware.htmlunit.WebWindowImpl - destroyChildren
11:45:30.753 [Test worker] DEBUG com.gargoylesoftware.htmlunit.util.EncodingSniffer - Encoding found in HTTP headers: 'UTF-8'.
11:45:30.774 [Test worker] DEBUG com.gargoylesoftware.htmlunit.javascript.configuration.AbstractJavaScriptConfiguration - Mapping com.gargoylesoftware.htmlunit.svg.SvgForeignObject to SVGForeignObjectElement
11:45:30.774 [Test worker] DEBUG com.gargoylesoftware.htmlunit.javascript.configuration.AbstractJavaScriptConfiguration - Mapping com.gargoylesoftware.htmlunit.svg.SvgFeDiffuseLighting to SVGFEDiffuseLightingElement
11:45:30.775 [Test worker] DEBUG com.gargoylesoftware.htmlunit.javascript.configuration.AbstractJavaScriptConfiguration - Mapping java.lang.Object to HTMLCollection
11:45:30.775 [Test worker] DEBUG com.gargoylesoftware.htmlunit.javascript.configuration.AbstractJavaScriptConfiguration - Mapping com.gargoylesoftware.htmlunit.html.HtmlKeygen to HTMLSpanElement
11:45:30.775 [Test worker] DEBUG com.gargoylesoftware.htmlunit.javascript.configuration.AbstractJavaScriptConfiguration - Mapping com.gargoylesoftware.htmlunit.html.HtmlSpan to HTMLSpanElement
11:45:30.775 [Test worker] DEBUG com.gargoylesoftware.htmlunit.javascript.configuration.AbstractJavaScriptConfiguration - Mapping com.gargoylesoftware.htmlunit.svg.SvgFeColorMatrix to SVGFEColorMatrixElement
11:45:30.775 [Test worker] DEBUG com.gargoylesoftware.htmlunit.javascript.configuration.AbstractJavaScriptConfiguration - Mapping com.gargoylesoftware.htmlunit.html.HtmlDivision to HTMLDivElement
11:45:30.775 [Test worker] DEBUG com.gargoylesoftware.htmlunit.javascript.configuration.AbstractJavaScriptConfiguration - Mapping com.gargoylesoftware.htmlunit.html.HtmlMarquee to HTMLDivElement
11:45:30.775 [Test worker] DEBUG com.gargoylesoftware.htmlunit.javascript.configuration.AbstractJavaScriptConfiguration - Mapping com.gargoylesoftware.htmlunit.html.HtmlTime to HTMLTimeElement
11:45:30.775 [Test worker] DEBUG com.gargoylesoftware.htmlunit.javascript.configuration.AbstractJavaScriptConfiguration - Mapping com.gargoylesoftware.htmlunit.svg.SvgFeDistantLight to SVGFEDistantLightElement
11:45:30.775 [Test worker] DEBUG com.gargoylesoftware.htmlunit.javascript.configuration.AbstractJavaScriptConfiguration - Mapping com.gargoylesoftware.htmlunit.html.HtmlFrameSet to HTMLFrameSetElement
11:45:30.775 [Test worker] DEBUG com.gargoylesoftware.htmlunit.javascript.configuration.AbstractJavaScriptConfiguration - Mapping com.gargoylesoftware.htmlunit.html.HtmlOption to HTMLOptionElement
11:45:30.776 [Test worker] DEBUG com.gargoylesoftware.htmlunit.javascript.configuration.AbstractJavaScriptConfiguration - Mapping java.lang.Object to Selection
11:45:30.776 [Test worker] DEBUG com.gargoylesoftware.htmlunit.javascript.configuration.AbstractJavaScriptConfiguration - Mapping com.gargoylesoftware.htmlunit.svg.SvgFeFlood to SVGFEFloodElement
11:45:30.776 [Test worker] DEBUG com.gargoylesoftware.htmlunit.javascript.configuration.AbstractJavaScriptConfiguration - Mapping com.gargoylesoftware.htmlunit.html.HtmlBase to HTMLBaseElement
11:45:30.776 [Test worker] DEBUG com.gargoylesoftware.htmlunit.javascript.configuration.AbstractJavaScriptConfiguration - Mapping com.gargoylesoftware.htmlunit.html.HtmlMap to HTMLMapElement
11:45:30.776 [Test worker] DEBUG com.gargoylesoftware.htmlunit.javascript.configuration.AbstractJavaScriptConfiguration - Mapping java.lang.Object to MouseEvent
11:45:30.776 [Test worker] DEBUG com.gargoylesoftware.htmlunit.javascript.configuration.AbstractJavaScriptConfiguration - Mapping com.gargoylesoftware.htmlunit.html.HtmlSelect to HTMLSelectElement
11:45:30.776 [Test worker] DEBUG com.gargoylesoftware.htmlunit.javascript.configuration.AbstractJavaScriptConfiguration - Mapping com.gargoylesoftware.htmlunit.svg.SvgMetadata to SVGMetadataElement
11:45:30.776 [Test worker] DEBUG com.gargoylesoftware.htmlunit.javascript.configuration.AbstractJavaScriptConfiguration - Mapping com.gargoylesoftware.htmlunit.svg.SvgUse to SVGUseElement
11:45:30.776 [Test worker] DEBUG com.gargoylesoftware.htmlunit.javascript.configuration.AbstractJavaScriptConfiguration - Mapping com.gargoylesoftware.htmlunit.html.HtmlHorizontalRule to HTMLHRElement
11:45:30.776 [Test worker] DEBUG com.gargoylesoftware.htmlunit.javascript.configuration.AbstractJavaScriptConfiguration - Mapping com.gargoylesoftware.htmlunit.svg.SvgRadialGradient to SVGRadialGradientElement
11:45:30.777 [Test worker] DEBUG com.gargoylesoftware.htmlunit.javascript.configuration.AbstractJavaScriptConfiguration - Mapping com.gargoylesoftware.htmlunit.svg.SvgFeMergeNode to SVGFEMergeNodeElement
11:45:30.777 [Test worker] DEBUG com.gargoylesoftware.htmlunit.javascript.configuration.AbstractJavaScriptConfiguration - Mapping com.gargoylesoftware.htmlunit.html.HtmlTemplate to HTMLTemplateElement
11:45:30.777 [Test worker] DEBUG com.gargoylesoftware.htmlunit.javascript.configuration.AbstractJavaScriptConfiguration - Mapping com.gargoylesoftware.htmlunit.html.HtmlDirectory to HTMLDirectoryElement
11:45:30.777 [Test worker] DEBUG com.gargoylesoftware.htmlunit.javascript.configuration.AbstractJavaScriptConfiguration - Mapping java.lang.Object to DataTransfer
11:45:30.777 [Test worker] DEBUG com.gargoylesoftware.htmlunit.javascript.configuration.AbstractJavaScriptConfiguration - Mapping com.gargoylesoftware.htmlunit.html.HtmlForm to HTMLFormElement
11:45:30.777 [Test worker] DEBUG com.gargoylesoftware.htmlunit.javascript.configuration.AbstractJavaScriptConfiguration - Mapping com.gargoylesoftware.htmlunit.html.HtmlOutput to HTMLOutputElement
11:45:30.777 [Test worker] DEBUG com.gargoylesoftware.htmlunit.javascript.configuration.AbstractJavaScriptConfiguration - Mapping com.gargoylesoftware.htmlunit.html.HtmlUnorderedList to HTMLUListElement
11:45:30.777 [Test worker] DEBUG com.gargoylesoftware.htmlunit.javascript.configuration.AbstractJavaScriptConfiguration - Mapping com.gargoylesoftware.htmlunit.svg.SvgFeFuncA to SVGFEFuncAElement
11:45:30.777 [Test worker] DEBUG com.gargoylesoftware.htmlunit.javascript.configuration.AbstractJavaScriptConfiguration - Mapping java.lang.Object to Storage
11:45:30.777 [Test worker] DEBUG com.gargoylesoftware.htmlunit.javascript.configuration.AbstractJavaScriptConfiguration - Mapping java.lang.Object to External
11:45:30.778 [Test worker] DEBUG com.gargoylesoftware.htmlunit.javascript.configuration.AbstractJavaScriptConfiguration - Mapping com.gargoylesoftware.htmlunit.html.HtmlVideo to HTMLVideoElement
11:45:30.778 [Test worker] DEBUG com.gargoylesoftware.htmlunit.javascript.configuration.AbstractJavaScriptConfiguration - Mapping com.gargoylesoftware.htmlunit.html.HtmlInlineFrame to HTMLIFrameElement
11:45:30.778 [Test worker] DEBUG com.gargoylesoftware.htmlunit.javascript.configuration.AbstractJavaScriptConfiguration - Mapping com.gargoylesoftware.htmlunit.svg.SvgTextPath to SVGTextPathElement
11:45:30.778 [Test worker] DEBUG com.gargoylesoftware.htmlunit.javascript.configuration.AbstractJavaScriptConfiguration - Mapping com.gargoylesoftware.htmlunit.html.HtmlBreak to HTMLBRElement
11:45:30.778 [Test worker] DEBUG com.gargoylesoftware.htmlunit.javascript.configuration.AbstractJavaScriptConfiguration - Mapping com.gargoylesoftware.htmlunit.html.DomDocumentFragment to DocumentFragment
11:45:30.778 [Test worker] DEBUG com.gargoylesoftware.htmlunit.javascript.configuration.AbstractJavaScriptConfiguration - Mapping java.lang.Object to NamedNodeMap
11:45:30.778 [Test worker] DEBUG com.gargoylesoftware.htmlunit.javascript.configuration.AbstractJavaScriptConfiguration - Mapping com.gargoylesoftware.htmlunit.svg.SvgFeConvolveMatrix to SVGFEConvolveMatrixElement
11:45:30.779 [Test worker] DEBUG com.gargoylesoftware.htmlunit.javascript.configuration.AbstractJavaScriptConfiguration - Mapping java.lang.Object to OfflineResourceList
11:45:30.779 [Test worker] DEBUG com.gargoylesoftware.htmlunit.javascript.configuration.AbstractJavaScriptConfiguration - Mapping com.gargoylesoftware.htmlunit.svg.SvgPolygon to SVGPolygonElement
11:45:30.779 [Test worker] DEBUG com.gargoylesoftware.htmlunit.javascript.configuration.AbstractJavaScriptConfiguration - Mapping com.gargoylesoftware.htmlunit.html.HtmlFrame to HTMLFrameElement
11:45:30.779 [Test worker] DEBUG com.gargoylesoftware.htmlunit.javascript.configuration.AbstractJavaScriptConfiguration - Mapping com.gargoylesoftware.htmlunit.html.HtmlAnchor to HTMLAnchorElement
11:45:30.779 [Test worker] DEBUG com.gargoylesoftware.htmlunit.javascript.configuration.AbstractJavaScriptConfiguration - Mapping com.gargoylesoftware.htmlunit.html.HtmlMenuItem to HTMLMenuItemElement
11:45:30.779 [Test worker] DEBUG com.gargoylesoftware.htmlunit.javascript.configuration.AbstractJavaScriptConfiguration - Mapping com.gargoylesoftware.htmlunit.svg.SvgLinearGradient to SVGLinearGradientElement
11:45:30.779 [Test worker] DEBUG com.gargoylesoftware.htmlunit.javascript.configuration.AbstractJavaScriptConfiguration - Mapping com.gargoylesoftware.htmlunit.svg.SvgFeComponentTransfer to SVGFEComponentTransferElement
11:45:30.782 [Test worker] DEBUG com.gargoylesoftware.htmlunit.javascript.configuration.AbstractJavaScriptConfiguration - Mapping com.gargoylesoftware.htmlunit.html.HtmlTitle to HTMLTitleElement
11:45:30.782 [Test worker] DEBUG com.gargoylesoftware.htmlunit.javascript.configuration.AbstractJavaScriptConfiguration - Mapping com.gargoylesoftware.htmlunit.html.HtmlBackgroundSound to HTMLBGSoundElement
11:45:30.782 [Test worker] DEBUG com.gargoylesoftware.htmlunit.javascript.configuration.AbstractJavaScriptConfiguration - Mapping com.gargoylesoftware.htmlunit.svg.SvgPath to SVGPathElement
11:45:30.782 [Test worker] DEBUG com.gargoylesoftware.htmlunit.javascript.configuration.AbstractJavaScriptConfiguration - Mapping com.gargoylesoftware.htmlunit.svg.SvgEllipse to SVGEllipseElement
11:45:30.782 [Test worker] DEBUG com.gargoylesoftware.htmlunit.javascript.configuration.AbstractJavaScriptConfiguration - Mapping com.gargoylesoftware.htmlunit.html.DomProcessingInstruction to ProcessingInstruction
11:45:30.782 [Test worker] DEBUG com.gargoylesoftware.htmlunit.javascript.configuration.AbstractJavaScriptConfiguration - Mapping java.lang.Object to HTMLOptionsCollection
11:45:30.782 [Test worker] DEBUG com.gargoylesoftware.htmlunit.javascript.configuration.AbstractJavaScriptConfiguration - Mapping java.lang.Object to MessageEvent
11:45:30.783 [Test worker] DEBUG com.gargoylesoftware.htmlunit.javascript.configuration.AbstractJavaScriptConfiguration - Mapping com.gargoylesoftware.htmlunit.svg.SvgFeComposite to SVGFECompositeElement
11:45:30.783 [Test worker] DEBUG com.gargoylesoftware.htmlunit.javascript.configuration.AbstractJavaScriptConfiguration - Mapping com.gargoylesoftware.htmlunit.html.HtmlMeta to HTMLMetaElement
11:45:30.783 [Test worker] DEBUG com.gargoylesoftware.htmlunit.javascript.configuration.AbstractJavaScriptConfiguration - Mapping com.gargoylesoftware.htmlunit.svg.SvgMarker to SVGMarkerElement
11:45:30.783 [Test worker] DEBUG com.gargoylesoftware.htmlunit.javascript.configuration.AbstractJavaScriptConfiguration - Mapping com.gargoylesoftware.htmlunit.svg.SvgDefs to SVGDefsElement
11:45:30.783 [Test worker] DEBUG com.gargoylesoftware.htmlunit.javascript.configuration.AbstractJavaScriptConfiguration - Mapping com.gargoylesoftware.htmlunit.html.HtmlDataList to HTMLDataListElement
11:45:30.783 [Test worker] DEBUG com.gargoylesoftware.htmlunit.javascript.configuration.AbstractJavaScriptConfiguration - Mapping com.gargoylesoftware.htmlunit.svg.SvgFeTile to SVGFETileElement
11:45:30.783 [Test worker] DEBUG com.gargoylesoftware.htmlunit.javascript.configuration.AbstractJavaScriptConfiguration - Mapping java.lang.Object to UIEvent
11:45:30.783 [Test worker] DEBUG com.gargoylesoftware.htmlunit.javascript.configuration.AbstractJavaScriptConfiguration - Mapping java.lang.Object to XMLHttpRequestEventTarget
11:45:30.783 [Test worker] DEBUG com.gargoylesoftware.htmlunit.javascript.configuration.AbstractJavaScriptConfiguration - Mapping com.gargoylesoftware.htmlunit.html.DomText to Text
11:45:30.783 [Test worker] DEBUG com.gargoylesoftware.htmlunit.javascript.configuration.AbstractJavaScriptConfiguration - Mapping com.gargoylesoftware.htmlunit.html.HtmlDefinitionList to HTMLDListElement
11:45:30.784 [Test worker] DEBUG com.gargoylesoftware.htmlunit.javascript.configuration.AbstractJavaScriptConfiguration - Mapping com.gargoylesoftware.htmlunit.svg.SvgFePointLight to SVGFEPointLightElement
11:45:30.784 [Test worker] DEBUG com.gargoylesoftware.htmlunit.javascript.configuration.AbstractJavaScriptConfiguration - Mapping com.gargoylesoftware.htmlunit.html.HtmlOrderedList to HTMLOListElement
11:45:30.784 [Test worker] DEBUG com.gargoylesoftware.htmlunit.javascript.configuration.AbstractJavaScriptConfiguration - Mapping com.gargoylesoftware.htmlunit.html.HtmlOptionGroup to HTMLOptGroupElement
11:45:30.784 [Test worker] DEBUG com.gargoylesoftware.htmlunit.javascript.configuration.AbstractJavaScriptConfiguration - Mapping com.gargoylesoftware.htmlunit.html.HtmlFont to HTMLFontElement
11:45:30.784 [Test worker] DEBUG com.gargoylesoftware.htmlunit.javascript.configuration.AbstractJavaScriptConfiguration - Mapping com.gargoylesoftware.htmlunit.html.HtmlPicture to HTMLPictureElement
11:45:30.784 [Test worker] DEBUG com.gargoylesoftware.htmlunit.javascript.configuration.AbstractJavaScriptConfiguration - Mapping com.gargoylesoftware.htmlunit.html.HtmlLabel to HTMLLabelElement
11:45:30.784 [Test worker] DEBUG com.gargoylesoftware.htmlunit.javascript.configuration.AbstractJavaScriptConfiguration - Mapping com.gargoylesoftware.htmlunit.svg.SvgCircle to SVGCircleElement
11:45:30.784 [Test worker] DEBUG com.gargoylesoftware.htmlunit.javascript.configuration.AbstractJavaScriptConfiguration - Mapping com.gargoylesoftware.htmlunit.html.DomCDataSection to CDATASection
11:45:30.784 [Test worker] DEBUG com.gargoylesoftware.htmlunit.javascript.configuration.AbstractJavaScriptConfiguration - Mapping com.gargoylesoftware.htmlunit.html.HtmlImage to HTMLImageElement
11:45:30.784 [Test worker] DEBUG com.gargoylesoftware.htmlunit.javascript.configuration.AbstractJavaScriptConfiguration - Mapping java.lang.Object to CSSGroupingRule
11:45:30.784 [Test worker] DEBUG com.gargoylesoftware.htmlunit.javascript.configuration.AbstractJavaScriptConfiguration - Mapping com.gargoylesoftware.htmlunit.svg.SvgAnimateTransform to SVGAnimateTransformElement
11:45:30.784 [Test worker] DEBUG com.gargoylesoftware.htmlunit.javascript.configuration.AbstractJavaScriptConfiguration - Mapping com.gargoylesoftware.htmlunit.svg.SvgFeMorphology to SVGFEMorphologyElement
11:45:30.785 [Test worker] DEBUG com.gargoylesoftware.htmlunit.javascript.configuration.AbstractJavaScriptConfiguration - Mapping java.lang.Object to DOMImplementation
11:45:30.785 [Test worker] DEBUG com.gargoylesoftware.htmlunit.javascript.configuration.AbstractJavaScriptConfiguration - Mapping com.gargoylesoftware.htmlunit.html.HtmlContent to HTMLContentElement
11:45:30.785 [Test worker] DEBUG com.gargoylesoftware.htmlunit.javascript.configuration.AbstractJavaScriptConfiguration - Mapping java.lang.Object to CSSStyleRule
11:45:30.785 [Test worker] DEBUG com.gargoylesoftware.htmlunit.javascript.configuration.AbstractJavaScriptConfiguration - Mapping com.gargoylesoftware.htmlunit.svg.SvgFilter to SVGFilterElement
11:45:30.785 [Test worker] DEBUG com.gargoylesoftware.htmlunit.javascript.configuration.AbstractJavaScriptConfiguration - Mapping com.gargoylesoftware.htmlunit.html.HtmlTextArea to HTMLTextAreaElement
11:45:30.785 [Test worker] DEBUG com.gargoylesoftware.htmlunit.javascript.configuration.AbstractJavaScriptConfiguration - Mapping com.gargoylesoftware.htmlunit.html.DomComment to Comment
11:45:30.785 [Test worker] DEBUG com.gargoylesoftware.htmlunit.javascript.configuration.AbstractJavaScriptConfiguration - Mapping com.gargoylesoftware.htmlunit.svg.SvgAltGlyph to SVGAltGlyphElement
11:45:30.785 [Test worker] DEBUG com.gargoylesoftware.htmlunit.javascript.configuration.AbstractJavaScriptConfiguration - Mapping com.gargoylesoftware.htmlunit.html.HtmlObject to HTMLObjectElement
11:45:30.785 [Test worker] DEBUG com.gargoylesoftware.htmlunit.javascript.configuration.AbstractJavaScriptConfiguration - Mapping com.gargoylesoftware.htmlunit.svg.SvgPattern to SVGPatternElement
11:45:30.785 [Test worker] DEBUG com.gargoylesoftware.htmlunit.javascript.configuration.AbstractJavaScriptConfiguration - Mapping com.gargoylesoftware.htmlunit.html.HtmlBody to HTMLBodyElement
11:45:30.785 [Test worker] DEBUG com.gargoylesoftware.htmlunit.javascript.configuration.AbstractJavaScriptConfiguration - Mapping com.gargoylesoftware.htmlunit.svg.SvgTSpan to SVGTSpanElement
11:45:30.785 [Test worker] DEBUG com.gargoylesoftware.htmlunit.javascript.configuration.AbstractJavaScriptConfiguration - Mapping java.lang.Object to StaticNodeList
11:45:30.786 [Test worker] DEBUG com.gargoylesoftware.htmlunit.javascript.configuration.AbstractJavaScriptConfiguration - Mapping com.gargoylesoftware.htmlunit.svg.SvgFeMerge to SVGFEMergeElement
11:45:30.786 [Test worker] DEBUG com.gargoylesoftware.htmlunit.javascript.configuration.AbstractJavaScriptConfiguration - Mapping com.gargoylesoftware.htmlunit.html.HtmlInlineQuotation to HTMLQuoteElement
11:45:30.786 [Test worker] DEBUG com.gargoylesoftware.htmlunit.javascript.configuration.AbstractJavaScriptConfiguration - Mapping com.gargoylesoftware.htmlunit.html.HtmlBlockQuote to HTMLQuoteElement
11:45:30.786 [Test worker] DEBUG com.gargoylesoftware.htmlunit.javascript.configuration.AbstractJavaScriptConfiguration - Mapping com.gargoylesoftware.htmlunit.html.HtmlInput to HTMLInputElement
11:45:30.786 [Test worker] DEBUG com.gargoylesoftware.htmlunit.javascript.configuration.AbstractJavaScriptConfiguration - Mapping java.lang.Object to Node
11:45:30.786 [Test worker] DEBUG com.gargoylesoftware.htmlunit.javascript.configuration.AbstractJavaScriptConfiguration - Mapping java.lang.Object to KeyboardEvent
11:45:30.786 [Test worker] DEBUG com.gargoylesoftware.htmlunit.javascript.configuration.AbstractJavaScriptConfiguration - Mapping com.gargoylesoftware.htmlunit.svg.SvgFeSpecularLighting to SVGFESpecularLightingElement
11:45:30.786 [Test worker] DEBUG com.gargoylesoftware.htmlunit.javascript.configuration.AbstractJavaScriptConfiguration - Mapping java.lang.Object to Document
11:45:30.786 [Test worker] DEBUG com.gargoylesoftware.htmlunit.javascript.configuration.AbstractJavaScriptConfiguration - Mapping java.lang.Object to History
11:45:30.786 [Test worker] DEBUG com.gargoylesoftware.htmlunit.javascript.configuration.AbstractJavaScriptConfiguration - Mapping com.gargoylesoftware.htmlunit.html.DomAttr to Attr
11:45:30.786 [Test worker] DEBUG com.gargoylesoftware.htmlunit.javascript.configuration.AbstractJavaScriptConfiguration - Mapping com.gargoylesoftware.htmlunit.html.HtmlTableColumn to HTMLTableColElement
11:45:30.786 [Test worker] DEBUG com.gargoylesoftware.htmlunit.javascript.configuration.AbstractJavaScriptConfiguration - Mapping com.gargoylesoftware.htmlunit.html.HtmlTableColumnGroup to HTMLTableColElement
11:45:30.786 [Test worker] DEBUG com.gargoylesoftware.htmlunit.javascript.configuration.AbstractJavaScriptConfiguration - Mapping com.gargoylesoftware.htmlunit.html.HtmlCaption to HTMLTableCaptionElement
11:45:30.786 [Test worker] DEBUG com.gargoylesoftware.htmlunit.javascript.configuration.AbstractJavaScriptConfiguration - Mapping com.gargoylesoftware.htmlunit.html.HtmlUnknownElement to HTMLUnknownElement
11:45:30.787 [Test worker] DEBUG com.gargoylesoftware.htmlunit.javascript.configuration.AbstractJavaScriptConfiguration - Mapping java.lang.Object to StyleSheetList
11:45:30.787 [Test worker] DEBUG com.gargoylesoftware.htmlunit.javascript.configuration.AbstractJavaScriptConfiguration - Mapping com.gargoylesoftware.htmlunit.html.HtmlMenu to HTMLMenuElement
11:45:30.787 [Test worker] DEBUG com.gargoylesoftware.htmlunit.javascript.configuration.AbstractJavaScriptConfiguration - Mapping com.gargoylesoftware.htmlunit.html.HtmlDeletedText to HTMLModElement
11:45:30.787 [Test worker] DEBUG com.gargoylesoftware.htmlunit.javascript.configuration.AbstractJavaScriptConfiguration - Mapping com.gargoylesoftware.htmlunit.html.HtmlInsertedText to HTMLModElement
11:45:30.787 [Test worker] DEBUG com.gargoylesoftware.htmlunit.javascript.configuration.AbstractJavaScriptConfiguration - Mapping com.gargoylesoftware.htmlunit.html.HtmlListItem to HTMLLIElement
11:45:30.787 [Test worker] DEBUG com.gargoylesoftware.htmlunit.javascript.configuration.AbstractJavaScriptConfiguration - Mapping java.lang.Object to CSSConditionRule
11:45:30.787 [Test worker] DEBUG com.gargoylesoftware.htmlunit.javascript.configuration.AbstractJavaScriptConfiguration - Mapping com.gargoylesoftware.htmlunit.html.HtmlStyle to HTMLStyleElement
11:45:30.787 [Test worker] DEBUG com.gargoylesoftware.htmlunit.javascript.configuration.AbstractJavaScriptConfiguration - Mapping com.gargoylesoftware.htmlunit.html.HtmlEmbed to HTMLEmbedElement
11:45:30.787 [Test worker] DEBUG com.gargoylesoftware.htmlunit.javascript.configuration.AbstractJavaScriptConfiguration - Mapping com.gargoylesoftware.htmlunit.svg.SvgElement to SVGElement
11:45:30.787 [Test worker] DEBUG com.gargoylesoftware.htmlunit.javascript.configuration.AbstractJavaScriptConfiguration - Mapping com.gargoylesoftware.htmlunit.svg.SvgMask to SVGMaskElement
11:45:30.787 [Test worker] DEBUG com.gargoylesoftware.htmlunit.javascript.configuration.AbstractJavaScriptConfiguration - Mapping com.gargoylesoftware.htmlunit.html.HtmlAudio to HTMLAudioElement
11:45:30.787 [Test worker] DEBUG com.gargoylesoftware.htmlunit.javascript.configuration.AbstractJavaScriptConfiguration - Mapping com.gargoylesoftware.htmlunit.svg.SvgSymbol to SVGSymbolElement
11:45:30.788 [Test worker] DEBUG com.gargoylesoftware.htmlunit.javascript.configuration.AbstractJavaScriptConfiguration - Mapping com.gargoylesoftware.htmlunit.html.HtmlHtml to HTMLHtmlElement
11:45:30.788 [Test worker] DEBUG com.gargoylesoftware.htmlunit.javascript.configuration.AbstractJavaScriptConfiguration - Mapping java.lang.Object to SVGGeometryElement
11:45:30.788 [Test worker] DEBUG com.gargoylesoftware.htmlunit.javascript.configuration.AbstractJavaScriptConfiguration - Mapping java.lang.Object to Navigator
11:45:30.788 [Test worker] DEBUG com.gargoylesoftware.htmlunit.javascript.configuration.AbstractJavaScriptConfiguration - Mapping java.lang.Object to Event
11:45:30.788 [Test worker] DEBUG com.gargoylesoftware.htmlunit.javascript.configuration.AbstractJavaScriptConfiguration - Mapping com.gargoylesoftware.htmlunit.html.HtmlProgress to HTMLProgressElement
11:45:30.788 [Test worker] DEBUG com.gargoylesoftware.htmlunit.javascript.configuration.AbstractJavaScriptConfiguration - Mapping java.lang.Object to DOMRect
11:45:30.788 [Test worker] DEBUG com.gargoylesoftware.htmlunit.javascript.configuration.AbstractJavaScriptConfiguration - Mapping java.lang.Object to SVGGraphicsElement
11:45:30.788 [Test worker] DEBUG com.gargoylesoftware.htmlunit.javascript.configuration.AbstractJavaScriptConfiguration - Mapping com.gargoylesoftware.htmlunit.html.HtmlTableRow to HTMLTableRowElement
11:45:30.788 [Test worker] DEBUG com.gargoylesoftware.htmlunit.javascript.configuration.AbstractJavaScriptConfiguration - Mapping java.lang.Object to Geolocation
11:45:30.788 [Test worker] DEBUG com.gargoylesoftware.htmlunit.javascript.configuration.AbstractJavaScriptConfiguration - Mapping com.gargoylesoftware.htmlunit.html.HtmlMeter to HTMLMeterElement
11:45:30.788 [Test worker] DEBUG com.gargoylesoftware.htmlunit.javascript.configuration.AbstractJavaScriptConfiguration - Mapping com.gargoylesoftware.htmlunit.html.HtmlButton to HTMLButtonElement
11:45:30.789 [Test worker] DEBUG com.gargoylesoftware.htmlunit.javascript.configuration.AbstractJavaScriptConfiguration - Mapping com.gargoylesoftware.htmlunit.html.HtmlHeading4 to HTMLHeadingElement
11:45:30.789 [Test worker] DEBUG com.gargoylesoftware.htmlunit.javascript.configuration.AbstractJavaScriptConfiguration - Mapping com.gargoylesoftware.htmlunit.html.HtmlHeading1 to HTMLHeadingElement
11:45:30.789 [Test worker] DEBUG com.gargoylesoftware.htmlunit.javascript.configuration.AbstractJavaScriptConfiguration - Mapping com.gargoylesoftware.htmlunit.html.HtmlHeading5 to HTMLHeadingElement
11:45:30.789 [Test worker] DEBUG com.gargoylesoftware.htmlunit.javascript.configuration.AbstractJavaScriptConfiguration - Mapping com.gargoylesoftware.htmlunit.html.HtmlHeading2 to HTMLHeadingElement
11:45:30.789 [Test worker] DEBUG com.gargoylesoftware.htmlunit.javascript.configuration.AbstractJavaScriptConfiguration - Mapping com.gargoylesoftware.htmlunit.html.HtmlHeading6 to HTMLHeadingElement
11:45:30.789 [Test worker] DEBUG com.gargoylesoftware.htmlunit.javascript.configuration.AbstractJavaScriptConfiguration - Mapping com.gargoylesoftware.htmlunit.html.HtmlHeading3 to HTMLHeadingElement
11:45:30.789 [Test worker] DEBUG com.gargoylesoftware.htmlunit.javascript.configuration.AbstractJavaScriptConfiguration - Mapping com.gargoylesoftware.htmlunit.html.HtmlLegend to HTMLLegendElement
11:45:30.789 [Test worker] DEBUG com.gargoylesoftware.htmlunit.javascript.configuration.AbstractJavaScriptConfiguration - Mapping com.gargoylesoftware.htmlunit.svg.SvgFeOffset to SVGFEOffsetElement
11:45:30.789 [Test worker] DEBUG com.gargoylesoftware.htmlunit.javascript.configuration.AbstractJavaScriptConfiguration - Mapping com.gargoylesoftware.htmlunit.svg.SvgSvg to SVGSVGElement
11:45:30.789 [Test worker] DEBUG com.gargoylesoftware.htmlunit.javascript.configuration.AbstractJavaScriptConfiguration - Mapping java.lang.Object to CharacterData
11:45:30.789 [Test worker] DEBUG com.gargoylesoftware.htmlunit.javascript.configuration.AbstractJavaScriptConfiguration - Mapping com.gargoylesoftware.htmlunit.html.HtmlFieldSet to HTMLFieldSetElement
11:45:30.789 [Test worker] DEBUG com.gargoylesoftware.htmlunit.javascript.configuration.AbstractJavaScriptConfiguration - Mapping com.gargoylesoftware.htmlunit.svg.SvgTitle to SVGTitleElement
11:45:30.789 [Test worker] DEBUG com.gargoylesoftware.htmlunit.javascript.configuration.AbstractJavaScriptConfiguration - Mapping com.gargoylesoftware.htmlunit.html.DomElement to Element
11:45:30.789 [Test worker] DEBUG com.gargoylesoftware.htmlunit.javascript.configuration.AbstractJavaScriptConfiguration - Mapping com.gargoylesoftware.htmlunit.svg.SvgStyle to SVGStyleElement
11:45:30.790 [Test worker] DEBUG com.gargoylesoftware.htmlunit.javascript.configuration.AbstractJavaScriptConfiguration - Mapping com.gargoylesoftware.htmlunit.svg.SvgImage to SVGImageElement
11:45:30.790 [Test worker] DEBUG com.gargoylesoftware.htmlunit.javascript.configuration.AbstractJavaScriptConfiguration - Mapping java.lang.Object to Console
11:45:30.790 [Test worker] DEBUG com.gargoylesoftware.htmlunit.javascript.configuration.AbstractJavaScriptConfiguration - Mapping java.lang.Object to EventTarget
11:45:30.790 [Test worker] DEBUG com.gargoylesoftware.htmlunit.javascript.configuration.AbstractJavaScriptConfiguration - Mapping com.gargoylesoftware.htmlunit.html.DomDocumentType to DocumentType
11:45:30.790 [Test worker] DEBUG com.gargoylesoftware.htmlunit.javascript.configuration.AbstractJavaScriptConfiguration - Mapping com.gargoylesoftware.htmlunit.html.HtmlSource to HTMLSourceElement
11:45:30.790 [Test worker] DEBUG com.gargoylesoftware.htmlunit.javascript.configuration.AbstractJavaScriptConfiguration - Mapping com.gargoylesoftware.htmlunit.html.HtmlParagraph to HTMLParagraphElement
11:45:30.790 [Test worker] DEBUG com.gargoylesoftware.htmlunit.javascript.configuration.AbstractJavaScriptConfiguration - Mapping com.gargoylesoftware.htmlunit.html.HtmlApplet to HTMLAppletElement
11:45:30.790 [Test worker] DEBUG com.gargoylesoftware.htmlunit.javascript.configuration.AbstractJavaScriptConfiguration - Mapping com.gargoylesoftware.htmlunit.svg.SvgSwitch to SVGSwitchElement
11:45:30.790 [Test worker] DEBUG com.gargoylesoftware.htmlunit.javascript.configuration.AbstractJavaScriptConfiguration - Mapping java.lang.Object to Location
11:45:30.790 [Test worker] DEBUG com.gargoylesoftware.htmlunit.javascript.configuration.AbstractJavaScriptConfiguration - Mapping com.gargoylesoftware.htmlunit.svg.SvgFeImage to SVGFEImageElement
11:45:30.790 [Test worker] DEBUG com.gargoylesoftware.htmlunit.javascript.configuration.AbstractJavaScriptConfiguration - Mapping com.gargoylesoftware.htmlunit.svg.SvgLine to SVGLineElement
11:45:30.790 [Test worker] DEBUG com.gargoylesoftware.htmlunit.javascript.configuration.AbstractJavaScriptConfiguration - Mapping com.gargoylesoftware.htmlunit.svg.SvgFeGaussianBlur to SVGFEGaussianBlurElement
11:45:30.790 [Test worker] DEBUG com.gargoylesoftware.htmlunit.javascript.configuration.AbstractJavaScriptConfiguration - Mapping com.gargoylesoftware.htmlunit.svg.SvgSet to SVGSetElement
11:45:30.791 [Test worker] DEBUG com.gargoylesoftware.htmlunit.javascript.configuration.AbstractJavaScriptConfiguration - Mapping com.gargoylesoftware.htmlunit.html.HtmlTable to HTMLTableElement
11:45:30.791 [Test worker] DEBUG com.gargoylesoftware.htmlunit.javascript.configuration.AbstractJavaScriptConfiguration - Mapping com.gargoylesoftware.htmlunit.html.HtmlMark to HTMLElement
11:45:30.791 [Test worker] DEBUG com.gargoylesoftware.htmlunit.javascript.configuration.AbstractJavaScriptConfiguration - Mapping com.gargoylesoftware.htmlunit.html.HtmlNoScript to HTMLElement
11:45:30.791 [Test worker] DEBUG com.gargoylesoftware.htmlunit.javascript.configuration.AbstractJavaScriptConfiguration - Mapping com.gargoylesoftware.htmlunit.html.HtmlBidirectionalOverride to HTMLElement
11:45:30.791 [Test worker] DEBUG com.gargoylesoftware.htmlunit.javascript.configuration.AbstractJavaScriptConfiguration - Mapping com.gargoylesoftware.htmlunit.html.HtmlFooter to HTMLElement
11:45:30.791 [Test worker] DEBUG com.gargoylesoftware.htmlunit.javascript.configuration.AbstractJavaScriptConfiguration - Mapping com.gargoylesoftware.htmlunit.html.HtmlNav to HTMLElement
11:45:30.791 [Test worker] DEBUG com.gargoylesoftware.htmlunit.javascript.configuration.AbstractJavaScriptConfiguration - Mapping com.gargoylesoftware.htmlunit.html.HtmlBaseFont to HTMLElement
11:45:30.791 [Test worker] DEBUG com.gargoylesoftware.htmlunit.javascript.configuration.AbstractJavaScriptConfiguration - Mapping com.gargoylesoftware.htmlunit.html.HtmlUnderlined to HTMLElement
11:45:30.791 [Test worker] DEBUG com.gargoylesoftware.htmlunit.javascript.configuration.AbstractJavaScriptConfiguration - Mapping com.gargoylesoftware.htmlunit.html.HtmlElement to HTMLElement
11:45:30.791 [Test worker] DEBUG com.gargoylesoftware.htmlunit.javascript.configuration.AbstractJavaScriptConfiguration - Mapping com.gargoylesoftware.htmlunit.html.HtmlFigureCaption to HTMLElement
11:45:30.791 [Test worker] DEBUG com.gargoylesoftware.htmlunit.javascript.configuration.AbstractJavaScriptConfiguration - Mapping com.gargoylesoftware.htmlunit.html.HtmlSuperscript to HTMLElement
11:45:30.791 [Test worker] DEBUG com.gargoylesoftware.htmlunit.javascript.configuration.AbstractJavaScriptConfiguration - Mapping com.gargoylesoftware.htmlunit.html.HtmlExample to HTMLElement
11:45:30.791 [Test worker] DEBUG com.gargoylesoftware.htmlunit.javascript.configuration.AbstractJavaScriptConfiguration - Mapping com.gargoylesoftware.htmlunit.html.HtmlNoBreak to HTMLElement
11:45:30.792 [Test worker] DEBUG com.gargoylesoftware.htmlunit.javascript.configuration.AbstractJavaScriptConfiguration - Mapping com.gargoylesoftware.htmlunit.html.HtmlSubscript to HTMLElement
11:45:30.792 [Test worker] DEBUG com.gargoylesoftware.htmlunit.javascript.configuration.AbstractJavaScriptConfiguration - Mapping com.gargoylesoftware.htmlunit.html.HtmlArticle to HTMLElement
11:45:30.792 [Test worker] DEBUG com.gargoylesoftware.htmlunit.javascript.configuration.AbstractJavaScriptConfiguration - Mapping com.gargoylesoftware.htmlunit.html.HtmlPlainText to HTMLElement
11:45:30.792 [Test worker] DEBUG com.gargoylesoftware.htmlunit.javascript.configuration.AbstractJavaScriptConfiguration - Mapping com.gargoylesoftware.htmlunit.html.HtmlStrong to HTMLElement
11:45:30.792 [Test worker] DEBUG com.gargoylesoftware.htmlunit.javascript.configuration.AbstractJavaScriptConfiguration - Mapping com.gargoylesoftware.htmlunit.html.HtmlItalic to HTMLElement
11:45:30.792 [Test worker] DEBUG com.gargoylesoftware.htmlunit.javascript.configuration.AbstractJavaScriptConfiguration - Mapping com.gargoylesoftware.htmlunit.html.HtmlStrike to HTMLElement
11:45:30.792 [Test worker] DEBUG com.gargoylesoftware.htmlunit.javascript.configuration.AbstractJavaScriptConfiguration - Mapping com.gargoylesoftware.htmlunit.html.HtmlMain to HTMLElement
11:45:30.792 [Test worker] DEBUG com.gargoylesoftware.htmlunit.javascript.configuration.AbstractJavaScriptConfiguration - Mapping com.gargoylesoftware.htmlunit.html.HtmlAcronym to HTMLElement
11:45:30.792 [Test worker] DEBUG com.gargoylesoftware.htmlunit.javascript.configuration.AbstractJavaScriptConfiguration - Mapping com.gargoylesoftware.htmlunit.html.HtmlSample to HTMLElement
11:45:30.792 [Test worker] DEBUG com.gargoylesoftware.htmlunit.javascript.configuration.AbstractJavaScriptConfiguration - Mapping com.gargoylesoftware.htmlunit.html.HtmlWordBreak to HTMLElement
11:45:30.793 [Test worker] DEBUG com.gargoylesoftware.htmlunit.javascript.configuration.AbstractJavaScriptConfiguration - Mapping com.gargoylesoftware.htmlunit.html.HtmlAddress to HTMLElement
11:45:30.793 [Test worker] DEBUG com.gargoylesoftware.htmlunit.javascript.configuration.AbstractJavaScriptConfiguration - Mapping com.gargoylesoftware.htmlunit.html.HtmlCode to HTMLElement
11:45:30.793 [Test worker] DEBUG com.gargoylesoftware.htmlunit.javascript.configuration.AbstractJavaScriptConfiguration - Mapping com.gargoylesoftware.htmlunit.html.HtmlDefinition to HTMLElement
11:45:30.793 [Test worker] DEBUG com.gargoylesoftware.htmlunit.javascript.configuration.AbstractJavaScriptConfiguration - Mapping com.gargoylesoftware.htmlunit.html.HtmlHeader to HTMLElement
11:45:30.793 [Test worker] DEBUG com.gargoylesoftware.htmlunit.javascript.configuration.AbstractJavaScriptConfiguration - Mapping com.gargoylesoftware.htmlunit.html.HtmlAbbreviated to HTMLElement
11:45:30.793 [Test worker] DEBUG com.gargoylesoftware.htmlunit.javascript.configuration.AbstractJavaScriptConfiguration - Mapping com.gargoylesoftware.htmlunit.html.HtmlBig to HTMLElement
11:45:30.793 [Test worker] DEBUG com.gargoylesoftware.htmlunit.javascript.configuration.AbstractJavaScriptConfiguration - Mapping com.gargoylesoftware.htmlunit.html.HtmlNoEmbed to HTMLElement
11:45:30.793 [Test worker] DEBUG com.gargoylesoftware.htmlunit.javascript.configuration.AbstractJavaScriptConfiguration - Mapping com.gargoylesoftware.htmlunit.html.HtmlBold to HTMLElement
11:45:30.793 [Test worker] DEBUG com.gargoylesoftware.htmlunit.javascript.configuration.AbstractJavaScriptConfiguration - Mapping com.gargoylesoftware.htmlunit.html.HtmlVariable to HTMLElement
11:45:30.793 [Test worker] DEBUG com.gargoylesoftware.htmlunit.javascript.configuration.AbstractJavaScriptConfiguration - Mapping com.gargoylesoftware.htmlunit.html.HtmlTeletype to HTMLElement
11:45:30.793 [Test worker] DEBUG com.gargoylesoftware.htmlunit.javascript.configuration.AbstractJavaScriptConfiguration - Mapping com.gargoylesoftware.htmlunit.html.HtmlEmphasis to HTMLElement
11:45:30.793 [Test worker] DEBUG com.gargoylesoftware.htmlunit.javascript.configuration.AbstractJavaScriptConfiguration - Mapping com.gargoylesoftware.htmlunit.html.HtmlFigure to HTMLElement
11:45:30.794 [Test worker] DEBUG com.gargoylesoftware.htmlunit.javascript.configuration.AbstractJavaScriptConfiguration - Mapping com.gargoylesoftware.htmlunit.html.HtmlS to HTMLElement
11:45:30.794 [Test worker] DEBUG com.gargoylesoftware.htmlunit.javascript.configuration.AbstractJavaScriptConfiguration - Mapping com.gargoylesoftware.htmlunit.html.HtmlDefinitionDescription to HTMLElement
11:45:30.794 [Test worker] DEBUG com.gargoylesoftware.htmlunit.javascript.configuration.AbstractJavaScriptConfiguration - Mapping com.gargoylesoftware.htmlunit.html.HtmlCenter to HTMLElement
11:45:30.794 [Test worker] DEBUG com.gargoylesoftware.htmlunit.javascript.configuration.AbstractJavaScriptConfiguration - Mapping com.gargoylesoftware.htmlunit.html.HtmlAside to HTMLElement
11:45:30.794 [Test worker] DEBUG com.gargoylesoftware.htmlunit.javascript.configuration.AbstractJavaScriptConfiguration - Mapping com.gargoylesoftware.htmlunit.html.HtmlCitation to HTMLElement
11:45:30.794 [Test worker] DEBUG com.gargoylesoftware.htmlunit.javascript.configuration.AbstractJavaScriptConfiguration - Mapping com.gargoylesoftware.htmlunit.html.HtmlDefinitionTerm to HTMLElement
11:45:30.794 [Test worker] DEBUG com.gargoylesoftware.htmlunit.javascript.configuration.AbstractJavaScriptConfiguration - Mapping com.gargoylesoftware.htmlunit.html.HtmlKeyboard to HTMLElement
11:45:30.794 [Test worker] DEBUG com.gargoylesoftware.htmlunit.javascript.configuration.AbstractJavaScriptConfiguration - Mapping com.gargoylesoftware.htmlunit.html.HtmlSmall to HTMLElement
11:45:30.794 [Test worker] DEBUG com.gargoylesoftware.htmlunit.javascript.configuration.AbstractJavaScriptConfiguration - Mapping com.gargoylesoftware.htmlunit.html.HtmlListing to HTMLElement
11:45:30.794 [Test worker] DEBUG com.gargoylesoftware.htmlunit.javascript.configuration.AbstractJavaScriptConfiguration - Mapping com.gargoylesoftware.htmlunit.html.HtmlNoFrames to HTMLElement
11:45:30.794 [Test worker] DEBUG com.gargoylesoftware.htmlunit.javascript.configuration.AbstractJavaScriptConfiguration - Mapping com.gargoylesoftware.htmlunit.html.HtmlSection to HTMLElement
11:45:30.795 [Test worker] DEBUG com.gargoylesoftware.htmlunit.javascript.configuration.AbstractJavaScriptConfiguration - Mapping java.lang.Object to NodeList
11:45:30.795 [Test worker] DEBUG com.gargoylesoftware.htmlunit.javascript.configuration.AbstractJavaScriptConfiguration - Mapping com.gargoylesoftware.htmlunit.html.HtmlTrack to HTMLTrackElement
11:45:30.795 [Test worker] DEBUG com.gargoylesoftware.htmlunit.javascript.configuration.AbstractJavaScriptConfiguration - Mapping java.lang.Object to HTMLDocument
11:45:30.795 [Test worker] DEBUG com.gargoylesoftware.htmlunit.javascript.configuration.AbstractJavaScriptConfiguration - Mapping com.gargoylesoftware.htmlunit.svg.SvgText to SVGTextElement
11:45:30.795 [Test worker] DEBUG com.gargoylesoftware.htmlunit.javascript.configuration.AbstractJavaScriptConfiguration - Mapping com.gargoylesoftware.htmlunit.svg.SvgStop to SVGStopElement
11:45:30.795 [Test worker] DEBUG com.gargoylesoftware.htmlunit.javascript.configuration.AbstractJavaScriptConfiguration - Mapping com.gargoylesoftware.htmlunit.svg.SvgView to SVGViewElement
11:45:30.795 [Test worker] DEBUG com.gargoylesoftware.htmlunit.javascript.configuration.AbstractJavaScriptConfiguration - Mapping java.lang.Object to CSSStyleDeclaration
11:45:30.795 [Test worker] DEBUG com.gargoylesoftware.htmlunit.javascript.configuration.AbstractJavaScriptConfiguration - Mapping com.gargoylesoftware.htmlunit.svg.SvgScript to SVGScriptElement
11:45:30.795 [Test worker] DEBUG com.gargoylesoftware.htmlunit.javascript.configuration.AbstractJavaScriptConfiguration - Mapping com.gargoylesoftware.htmlunit.html.HtmlScript to HTMLScriptElement
11:45:30.795 [Test worker] DEBUG com.gargoylesoftware.htmlunit.javascript.configuration.AbstractJavaScriptConfiguration - Mapping com.gargoylesoftware.htmlunit.svg.SvgMPath to SVGMPathElement
11:45:30.796 [Test worker] DEBUG com.gargoylesoftware.htmlunit.javascript.configuration.AbstractJavaScriptConfiguration - Mapping com.gargoylesoftware.htmlunit.svg.SvgPolyline to SVGPolylineElement
11:45:30.796 [Test worker] DEBUG com.gargoylesoftware.htmlunit.javascript.configuration.AbstractJavaScriptConfiguration - Mapping com.gargoylesoftware.htmlunit.svg.SvgFeFuncG to SVGFEFuncGElement
11:45:30.796 [Test worker] DEBUG com.gargoylesoftware.htmlunit.javascript.configuration.AbstractJavaScriptConfiguration - Mapping java.lang.Object to CSSRuleList
11:45:30.796 [Test worker] DEBUG com.gargoylesoftware.htmlunit.javascript.configuration.AbstractJavaScriptConfiguration - Mapping com.gargoylesoftware.htmlunit.svg.SvgFeFuncR to SVGFEFuncRElement
11:45:30.796 [Test worker] DEBUG com.gargoylesoftware.htmlunit.javascript.configuration.AbstractJavaScriptConfiguration - Mapping com.gargoylesoftware.htmlunit.html.HtmlParameter to HTMLParamElement
11:45:30.796 [Test worker] DEBUG com.gargoylesoftware.htmlunit.javascript.configuration.AbstractJavaScriptConfiguration - Mapping com.gargoylesoftware.htmlunit.svg.SvgFeBlend to SVGFEBlendElement
11:45:30.796 [Test worker] DEBUG com.gargoylesoftware.htmlunit.javascript.configuration.AbstractJavaScriptConfiguration - Mapping com.gargoylesoftware.htmlunit.svg.SvgRect to SVGRectElement
11:45:30.796 [Test worker] DEBUG com.gargoylesoftware.htmlunit.javascript.configuration.AbstractJavaScriptConfiguration - Mapping com.gargoylesoftware.htmlunit.html.HtmlTableCell to HTMLTableCellElement
11:45:30.796 [Test worker] DEBUG com.gargoylesoftware.htmlunit.javascript.configuration.AbstractJavaScriptConfiguration - Mapping com.gargoylesoftware.htmlunit.svg.SvgDesc to SVGDescElement
11:45:30.796 [Test worker] DEBUG com.gargoylesoftware.htmlunit.javascript.configuration.AbstractJavaScriptConfiguration - Mapping com.gargoylesoftware.htmlunit.svg.SvgGroup to SVGGElement
11:45:30.796 [Test worker] DEBUG com.gargoylesoftware.htmlunit.javascript.configuration.AbstractJavaScriptConfiguration - Mapping com.gargoylesoftware.htmlunit.svg.SvgAnimateMotion to SVGAnimateMotionElement
11:45:30.796 [Test worker] DEBUG com.gargoylesoftware.htmlunit.javascript.configuration.AbstractJavaScriptConfiguration - Mapping java.lang.Object to MutationEvent
11:45:30.797 [Test worker] DEBUG com.gargoylesoftware.htmlunit.javascript.configuration.AbstractJavaScriptConfiguration - Mapping com.gargoylesoftware.htmlunit.svg.SvgAnchor to SVGAElement
11:45:30.797 [Test worker] DEBUG com.gargoylesoftware.htmlunit.javascript.configuration.AbstractJavaScriptConfiguration - Mapping com.gargoylesoftware.htmlunit.svg.SvgAnimate to SVGAnimateElement
11:45:30.797 [Test worker] DEBUG com.gargoylesoftware.htmlunit.javascript.configuration.AbstractJavaScriptConfiguration - Mapping com.gargoylesoftware.htmlunit.html.HtmlLink to HTMLLinkElement
11:45:30.797 [Test worker] DEBUG com.gargoylesoftware.htmlunit.javascript.configuration.AbstractJavaScriptConfiguration - Mapping com.gargoylesoftware.htmlunit.svg.SvgFeTurbulence to SVGFETurbulenceElement
11:45:30.797 [Test worker] DEBUG com.gargoylesoftware.htmlunit.javascript.configuration.AbstractJavaScriptConfiguration - Mapping com.gargoylesoftware.htmlunit.html.HtmlHead to HTMLHeadElement
11:45:30.797 [Test worker] DEBUG com.gargoylesoftware.htmlunit.javascript.configuration.AbstractJavaScriptConfiguration - Mapping com.gargoylesoftware.htmlunit.svg.SvgFeDisplacementMap to SVGFEDisplacementMapElement
11:45:30.797 [Test worker] DEBUG com.gargoylesoftware.htmlunit.javascript.configuration.AbstractJavaScriptConfiguration - Mapping java.lang.Object to Screen
11:45:30.797 [Test worker] DEBUG com.gargoylesoftware.htmlunit.javascript.configuration.AbstractJavaScriptConfiguration - Mapping com.gargoylesoftware.htmlunit.html.HtmlArea to HTMLAreaElement
11:45:30.797 [Test worker] DEBUG com.gargoylesoftware.htmlunit.javascript.configuration.AbstractJavaScriptConfiguration - Mapping com.gargoylesoftware.htmlunit.html.HtmlTableHeader to HTMLTableSectionElement
11:45:30.797 [Test worker] DEBUG com.gargoylesoftware.htmlunit.javascript.configuration.AbstractJavaScriptConfiguration - Mapping com.gargoylesoftware.htmlunit.html.HtmlTableBody to HTMLTableSectionElement
11:45:30.797 [Test worker] DEBUG com.gargoylesoftware.htmlunit.javascript.configuration.AbstractJavaScriptConfiguration - Mapping com.gargoylesoftware.htmlunit.html.HtmlTableFooter to HTMLTableSectionElement
11:45:30.797 [Test worker] DEBUG com.gargoylesoftware.htmlunit.javascript.configuration.AbstractJavaScriptConfiguration - Mapping com.gargoylesoftware.htmlunit.html.HtmlData to HTMLDataElement
11:45:30.797 [Test worker] DEBUG com.gargoylesoftware.htmlunit.javascript.configuration.AbstractJavaScriptConfiguration - Mapping com.gargoylesoftware.htmlunit.svg.SvgClipPath to SVGClipPathElement
11:45:30.797 [Test worker] DEBUG com.gargoylesoftware.htmlunit.javascript.configuration.AbstractJavaScriptConfiguration - Mapping com.gargoylesoftware.htmlunit.svg.SvgFeFuncB to SVGFEFuncBElement
11:45:30.797 [Test worker] DEBUG com.gargoylesoftware.htmlunit.javascript.configuration.AbstractJavaScriptConfiguration - Mapping com.gargoylesoftware.htmlunit.html.HtmlPreformattedText to HTMLPreElement
11:45:30.798 [Test worker] DEBUG com.gargoylesoftware.htmlunit.javascript.configuration.AbstractJavaScriptConfiguration - Mapping com.gargoylesoftware.htmlunit.svg.SvgFeSpotLight to SVGFESpotLightElement
11:45:30.798 [Test worker] DEBUG com.gargoylesoftware.htmlunit.javascript.configuration.AbstractJavaScriptConfiguration - Mapping java.lang.Object to CSSStyleSheet
11:45:30.798 [Test worker] DEBUG com.gargoylesoftware.htmlunit.javascript.configuration.AbstractJavaScriptConfiguration - Mapping com.gargoylesoftware.htmlunit.html.HtmlCanvas to HTMLCanvasElement
11:45:30.819 [Test worker] DEBUG net.sourceforge.jwebunit.htmlunit.HtmlUnitTestingEngineImpl - Window "" changed : "no_html" became "MVC Web application
11:45:30.821 [Test worker] DEBUG com.gargoylesoftware.htmlunit.html.DomElement - Firing Event DOMContentLoaded (Current Target: HTMLElement for HtmlHtml[<html>]);
11:45:30.822 [Test worker] DEBUG com.gargoylesoftware.htmlunit.html.DomElement - Firing Event load (Current Target: HTMLElement for HtmlHtml[<html>]);
11:45:30.827 [Test worker] DEBUG com.gargoylesoftware.htmlunit.html.DomElement - Firing Event change (Current Target: HTMLElement for HtmlTextInput[<input type="text" name="firstName" required="" value="Michele">]);
11:45:30.828 [Test worker] DEBUG com.gargoylesoftware.htmlunit.html.DomElement - Firing Event change (Current Target: HTMLElement for HtmlTextInput[<input type="text" name="lastName" required="" value="Bianchi">]);
11:45:30.828 [Test worker] DEBUG com.gargoylesoftware.htmlunit.html.DomElement - Firing Event change (Current Target: HTMLElement for HtmlDateInput[<input type="date" name="admissionDate" required="" value="1993-06-11">]);
11:45:30.829 [Test worker] DEBUG com.gargoylesoftware.htmlunit.html.DomElement - Firing Event mousedown (Current Target: HTMLElement for HtmlSubmitInput[<input type="submit">]);
11:45:30.829 [Test worker] DEBUG com.gargoylesoftware.htmlunit.html.DomElement - Firing Event focus (Current Target: HTMLElement for HtmlSubmitInput[<input type="submit">]);
11:45:30.829 [Test worker] DEBUG com.gargoylesoftware.htmlunit.html.DomElement - Firing Event mouseup (Current Target: HTMLElement for HtmlSubmitInput[<input type="submit">]);
11:45:30.830 [Test worker] DEBUG com.gargoylesoftware.htmlunit.html.DomElement - Firing Event click (Current Target: HTMLElement for HtmlSubmitInput[<input type="submit">]);
11:45:30.830 [Test worker] DEBUG com.gargoylesoftware.htmlunit.html.DomElement - Firing Event submit (Current Target: HTMLElement for HtmlForm[<form action="create" method="post">]);
11:45:30.832 [Test worker] DEBUG com.gargoylesoftware.htmlunit.util.EncodingSniffer - Encoding found in HTTP headers: 'UTF-8'.
11:45:30.832 [Test worker] DEBUG com.gargoylesoftware.htmlunit.WebClient - Load response for POST http://127.0.0.1:8080/create
11:45:30.836 [Test worker] DEBUG org.apache.http.client.protocol.RequestAddCookies - CookieSpec selected: mine
11:45:30.837 [Test worker] DEBUG org.apache.http.client.protocol.RequestAuthCache - Auth cache not set in the context
11:45:30.838 [Test worker] DEBUG org.apache.http.impl.conn.PoolingHttpClientConnectionManager - Connection request: [route: {}->http://127.0.0.1:8080][total available: 1; route allocated: 1 of 6; total allocated: 1 of 20]
11:45:30.838 [Test worker] DEBUG org.apache.http.impl.conn.PoolingHttpClientConnectionManager - Connection leased: [id: 0][route: {}->http://127.0.0.1:8080][total available: 0; route allocated: 1 of 6; total allocated: 1 of 20]
11:45:30.838 [Test worker] DEBUG org.apache.http.impl.conn.DefaultManagedHttpClientConnection - http-outgoing-0: set socket timeout to 0
11:45:30.838 [Test worker] DEBUG org.apache.http.impl.conn.DefaultManagedHttpClientConnection - http-outgoing-0: set socket timeout to 0
11:45:30.838 [Test worker] DEBUG org.apache.http.impl.execchain.MainClientExec - Executing request POST /create HTTP/1.1
11:45:30.838 [Test worker] DEBUG org.apache.http.impl.execchain.MainClientExec - Target auth state: UNCHALLENGED
11:45:30.838 [Test worker] DEBUG org.apache.http.impl.execchain.MainClientExec - Proxy auth state: UNCHALLENGED
11:45:30.839 [Test worker] DEBUG org.apache.http.headers - http-outgoing-0 >> POST /create HTTP/1.1
11:45:30.839 [Test worker] DEBUG org.apache.http.headers - http-outgoing-0 >> Host: 127.0.0.1:8080
11:45:30.839 [Test worker] DEBUG org.apache.http.headers - http-outgoing-0 >> User-Agent: Mozilla/5.0 (Windows NT 6.1; rv:38.0) Gecko/20100101 Firefox/38.0
11:45:30.839 [Test worker] DEBUG org.apache.http.headers - http-outgoing-0 >> Accept: */*
11:45:30.839 [Test worker] DEBUG org.apache.http.headers - http-outgoing-0 >> Accept-Language: en-US
11:45:30.839 [Test worker] DEBUG org.apache.http.headers - http-outgoing-0 >> Accept-Encoding: gzip, deflate
11:45:30.839 [Test worker] DEBUG org.apache.http.headers - http-outgoing-0 >> Referer: http://127.0.0.1:8080/input
11:45:30.839 [Test worker] DEBUG org.apache.http.headers - http-outgoing-0 >> Connection: Keep-Alive
11:45:30.839 [Test worker] DEBUG org.apache.http.headers - http-outgoing-0 >> Content-Length: 59
11:45:30.839 [Test worker] DEBUG org.apache.http.headers - http-outgoing-0 >> Content-Type: application/x-www-form-urlencoded
11:45:30.840 [Test worker] DEBUG org.apache.http.wire - http-outgoing-0 >> "POST /create HTTP/1.1[\r][\n]"
11:45:30.840 [Test worker] DEBUG org.apache.http.wire - http-outgoing-0 >> "Host: 127.0.0.1:8080[\r][\n]"
11:45:30.840 [Test worker] DEBUG org.apache.http.wire - http-outgoing-0 >> "User-Agent: Mozilla/5.0 (Windows NT 6.1; rv:38.0) Gecko/20100101 Firefox/38.0[\r][\n]"
11:45:30.840 [Test worker] DEBUG org.apache.http.wire - http-outgoing-0 >> "Accept: */*[\r][\n]"
11:45:30.840 [Test worker] DEBUG org.apache.http.wire - http-outgoing-0 >> "Accept-Language: en-US[\r][\n]"
11:45:30.840 [Test worker] DEBUG org.apache.http.wire - http-outgoing-0 >> "Accept-Encoding: gzip, deflate[\r][\n]"
11:45:30.840 [Test worker] DEBUG org.apache.http.wire - http-outgoing-0 >> "Referer: http://127.0.0.1:8080/input[\r][\n]"
11:45:30.840 [Test worker] DEBUG org.apache.http.wire - http-outgoing-0 >> "Connection: Keep-Alive[\r][\n]"
11:45:30.840 [Test worker] DEBUG org.apache.http.wire - http-outgoing-0 >> "Content-Length: 59[\r][\n]"
11:45:30.840 [Test worker] DEBUG org.apache.http.wire - http-outgoing-0 >> "Content-Type: application/x-www-form-urlencoded[\r][\n]"
11:45:30.840 [Test worker] DEBUG org.apache.http.wire - http-outgoing-0 >> "[\r][\n]"
11:45:30.840 [Test worker] DEBUG org.apache.http.wire - http-outgoing-0 >> "firstName=Michele&lastName=Bianchi&admissionDate=1993-06-11"
11:45:30.915 [Test worker] DEBUG org.apache.http.wire - http-outgoing-0 << "HTTP/1.1 302 [\r][\n]"
11:45:30.915 [Test worker] DEBUG org.apache.http.wire - http-outgoing-0 << "Location: http://127.0.0.1:8080/list[\r][\n]"
11:45:30.915 [Test worker] DEBUG org.apache.http.wire - http-outgoing-0 << "Content-Language: en-US[\r][\n]"
11:45:30.915 [Test worker] DEBUG org.apache.http.wire - http-outgoing-0 << "Content-Length: 0[\r][\n]"
11:45:30.915 [Test worker] DEBUG org.apache.http.wire - http-outgoing-0 << "Date: Thu, 21 Jan 2021 10:45:30 GMT[\r][\n]"
11:45:30.915 [Test worker] DEBUG org.apache.http.wire - http-outgoing-0 << "Keep-Alive: timeout=60[\r][\n]"
11:45:30.916 [Test worker] DEBUG org.apache.http.wire - http-outgoing-0 << "Connection: keep-alive[\r][\n]"
11:45:30.916 [Test worker] DEBUG org.apache.http.wire - http-outgoing-0 << "[\r][\n]"
11:45:30.916 [Test worker] DEBUG org.apache.http.headers - http-outgoing-0 << HTTP/1.1 302 
11:45:30.916 [Test worker] DEBUG org.apache.http.headers - http-outgoing-0 << Location: http://127.0.0.1:8080/list
11:45:30.916 [Test worker] DEBUG org.apache.http.headers - http-outgoing-0 << Content-Language: en-US
11:45:30.916 [Test worker] DEBUG org.apache.http.headers - http-outgoing-0 << Content-Length: 0
11:45:30.916 [Test worker] DEBUG org.apache.http.headers - http-outgoing-0 << Date: Thu, 21 Jan 2021 10:45:30 GMT
11:45:30.916 [Test worker] DEBUG org.apache.http.headers - http-outgoing-0 << Keep-Alive: timeout=60
11:45:30.917 [Test worker] DEBUG org.apache.http.headers - http-outgoing-0 << Connection: keep-alive
11:45:30.917 [Test worker] DEBUG org.apache.http.impl.execchain.MainClientExec - Connection can be kept alive for 60000 MILLISECONDS
11:45:30.917 [Test worker] DEBUG org.apache.http.impl.conn.PoolingHttpClientConnectionManager - Connection [id: 0][route: {}->http://127.0.0.1:8080] can be kept alive for 60.0 seconds
11:45:30.917 [Test worker] DEBUG org.apache.http.impl.conn.DefaultManagedHttpClientConnection - http-outgoing-0: set socket timeout to 0
11:45:30.917 [Test worker] DEBUG org.apache.http.impl.conn.PoolingHttpClientConnectionManager - Connection released: [id: 0][route: {}->http://127.0.0.1:8080][total available: 1; route allocated: 1 of 6; total allocated: 1 of 20]
11:45:30.918 [Test worker] DEBUG com.gargoylesoftware.htmlunit.WebClient - Got a redirect status code [302] new location = [http://127.0.0.1:8080/list]
11:45:30.918 [Test worker] DEBUG com.gargoylesoftware.htmlunit.WebClient - Load response for GET http://127.0.0.1:8080/list
11:45:30.919 [Test worker] DEBUG org.apache.http.client.protocol.RequestAddCookies - CookieSpec selected: mine
11:45:30.919 [Test worker] DEBUG org.apache.http.client.protocol.RequestAuthCache - Auth cache not set in the context
11:45:30.919 [Test worker] DEBUG org.apache.http.impl.conn.PoolingHttpClientConnectionManager - Connection request: [route: {}->http://127.0.0.1:8080][total available: 1; route allocated: 1 of 6; total allocated: 1 of 20]
11:45:30.919 [Test worker] DEBUG org.apache.http.impl.conn.PoolingHttpClientConnectionManager - Connection leased: [id: 0][route: {}->http://127.0.0.1:8080][total available: 0; route allocated: 1 of 6; total allocated: 1 of 20]
11:45:30.919 [Test worker] DEBUG org.apache.http.impl.conn.DefaultManagedHttpClientConnection - http-outgoing-0: set socket timeout to 0
11:45:30.920 [Test worker] DEBUG org.apache.http.impl.conn.DefaultManagedHttpClientConnection - http-outgoing-0: set socket timeout to 0
11:45:30.920 [Test worker] DEBUG org.apache.http.impl.execchain.MainClientExec - Executing request GET /list HTTP/1.1
11:45:30.920 [Test worker] DEBUG org.apache.http.impl.execchain.MainClientExec - Target auth state: UNCHALLENGED
11:45:30.920 [Test worker] DEBUG org.apache.http.impl.execchain.MainClientExec - Proxy auth state: UNCHALLENGED
11:45:30.920 [Test worker] DEBUG org.apache.http.headers - http-outgoing-0 >> GET /list HTTP/1.1
11:45:30.920 [Test worker] DEBUG org.apache.http.headers - http-outgoing-0 >> Host: 127.0.0.1:8080
11:45:30.920 [Test worker] DEBUG org.apache.http.headers - http-outgoing-0 >> User-Agent: Mozilla/5.0 (Windows NT 6.1; rv:38.0) Gecko/20100101 Firefox/38.0
11:45:30.920 [Test worker] DEBUG org.apache.http.headers - http-outgoing-0 >> Accept: */*
11:45:30.920 [Test worker] DEBUG org.apache.http.headers - http-outgoing-0 >> Accept-Language: en-US
11:45:30.921 [Test worker] DEBUG org.apache.http.headers - http-outgoing-0 >> Accept-Encoding: gzip, deflate
11:45:30.921 [Test worker] DEBUG org.apache.http.headers - http-outgoing-0 >> Referer: http://127.0.0.1:8080/input
11:45:30.921 [Test worker] DEBUG org.apache.http.headers - http-outgoing-0 >> Connection: Keep-Alive
11:45:30.921 [Test worker] DEBUG org.apache.http.wire - http-outgoing-0 >> "GET /list HTTP/1.1[\r][\n]"
11:45:30.921 [Test worker] DEBUG org.apache.http.wire - http-outgoing-0 >> "Host: 127.0.0.1:8080[\r][\n]"
11:45:30.921 [Test worker] DEBUG org.apache.http.wire - http-outgoing-0 >> "User-Agent: Mozilla/5.0 (Windows NT 6.1; rv:38.0) Gecko/20100101 Firefox/38.0[\r][\n]"
11:45:30.921 [Test worker] DEBUG org.apache.http.wire - http-outgoing-0 >> "Accept: */*[\r][\n]"
11:45:30.921 [Test worker] DEBUG org.apache.http.wire - http-outgoing-0 >> "Accept-Language: en-US[\r][\n]"
11:45:30.921 [Test worker] DEBUG org.apache.http.wire - http-outgoing-0 >> "Accept-Encoding: gzip, deflate[\r][\n]"
11:45:30.922 [Test worker] DEBUG org.apache.http.wire - http-outgoing-0 >> "Referer: http://127.0.0.1:8080/input[\r][\n]"
11:45:30.922 [Test worker] DEBUG org.apache.http.wire - http-outgoing-0 >> "Connection: Keep-Alive[\r][\n]"
11:45:30.922 [Test worker] DEBUG org.apache.http.wire - http-outgoing-0 >> "[\r][\n]"
11:45:31.096 [Test worker] DEBUG org.apache.http.wire - http-outgoing-0 << "HTTP/1.1 200 [\r][\n]"
11:45:31.096 [Test worker] DEBUG org.apache.http.wire - http-outgoing-0 << "Content-Type: text/html;charset=UTF-8[\r][\n]"
11:45:31.097 [Test worker] DEBUG org.apache.http.wire - http-outgoing-0 << "Content-Language: en-US[\r][\n]"
11:45:31.097 [Test worker] DEBUG org.apache.http.wire - http-outgoing-0 << "Transfer-Encoding: chunked[\r][\n]"
11:45:31.097 [Test worker] DEBUG org.apache.http.wire - http-outgoing-0 << "Date: Thu, 21 Jan 2021 10:45:30 GMT[\r][\n]"
11:45:31.097 [Test worker] DEBUG org.apache.http.wire - http-outgoing-0 << "Keep-Alive: timeout=60[\r][\n]"
11:45:31.097 [Test worker] DEBUG org.apache.http.wire - http-outgoing-0 << "Connection: keep-alive[\r][\n]"
11:45:31.097 [Test worker] DEBUG org.apache.http.wire - http-outgoing-0 << "[\r][\n]"
11:45:31.097 [Test worker] DEBUG org.apache.http.wire - http-outgoing-0 << "7e9[\r][\n]"
11:45:31.097 [Test worker] DEBUG org.apache.http.wire - http-outgoing-0 << "<!DOCTYPE HTML>[\n]"
11:45:31.097 [Test worker] DEBUG org.apache.http.wire - http-outgoing-0 << "<html>[\n]"
11:45:31.097 [Test worker] DEBUG org.apache.http.wire - http-outgoing-0 << "<head>[\n]"
11:45:31.097 [Test worker] DEBUG org.apache.http.wire - http-outgoing-0 << "    <title>MVC Web application</title>[\n]"
11:45:31.097 [Test worker] DEBUG org.apache.http.wire - http-outgoing-0 << "    <meta http-equiv="Content-Type" content="text/html; charset=UTF-8" />[\n]"
11:45:31.097 [Test worker] DEBUG org.apache.http.wire - http-outgoing-0 << "</head>[\n]"
11:45:31.097 [Test worker] DEBUG org.apache.http.wire - http-outgoing-0 << "[\n]"
11:45:31.097 [Test worker] DEBUG org.apache.http.wire - http-outgoing-0 << "<body>[\n]"
11:45:31.097 [Test worker] DEBUG org.apache.http.wire - http-outgoing-0 << "<h1>Pazienti Ricoverati</h1>[\n]"
11:45:31.097 [Test worker] DEBUG org.apache.http.wire - http-outgoing-0 << "[\n]"
11:45:31.097 [Test worker] DEBUG org.apache.http.wire - http-outgoing-0 << "<table border="1" id="present" name="present">[\n]"
11:45:31.097 [Test worker] DEBUG org.apache.http.wire - http-outgoing-0 << "    <thead>[\n]"
11:45:31.098 [Test worker] DEBUG org.apache.http.wire - http-outgoing-0 << "    <tr>[\n]"
11:45:31.098 [Test worker] DEBUG org.apache.http.wire - http-outgoing-0 << "        <th>Id</th>[\n]"
11:45:31.098 [Test worker] DEBUG org.apache.http.wire - http-outgoing-0 << "        <th>Nome</th>[\n]"
11:45:31.098 [Test worker] DEBUG org.apache.http.wire - http-outgoing-0 << "        <th>Cognome</th>[\n]"
11:45:31.098 [Test worker] DEBUG org.apache.http.wire - http-outgoing-0 << "        <th>Data ricovero</th>[\n]"
11:45:31.098 [Test worker] DEBUG org.apache.http.wire - http-outgoing-0 << "        <th>Data dimissione</th>[\n]"
11:45:31.098 [Test worker] DEBUG org.apache.http.wire - http-outgoing-0 << "        <th>Mostra</th>[\n]"
11:45:31.098 [Test worker] DEBUG org.apache.http.wire - http-outgoing-0 << "        <th>Modifica</th>[\n]"
11:45:31.098 [Test worker] DEBUG org.apache.http.wire - http-outgoing-0 << "        <th>Dimetti</th>[\n]"
11:45:31.098 [Test worker] DEBUG org.apache.http.wire - http-outgoing-0 << "        <th>Cancella</th>[\n]"
11:45:31.098 [Test worker] DEBUG org.apache.http.wire - http-outgoing-0 << "        <th>Stampa</th>[\n]"
11:45:31.098 [Test worker] DEBUG org.apache.http.wire - http-outgoing-0 << "    </tr>[\n]"
11:45:31.098 [Test worker] DEBUG org.apache.http.wire - http-outgoing-0 << "    </thead>[\n]"
11:45:31.098 [Test worker] DEBUG org.apache.http.wire - http-outgoing-0 << "    <tbody>[\n]"
11:45:31.098 [Test worker] DEBUG org.apache.http.wire - http-outgoing-0 << "        <tr>[\n]"
11:45:31.098 [Test worker] DEBUG org.apache.http.wire - http-outgoing-0 << "            <td id="id">1</td>[\n]"
11:45:31.098 [Test worker] DEBUG org.apache.http.wire - http-outgoing-0 << "            <td style="text-align:center;">Michele</td>[\n]"
11:45:31.098 [Test worker] DEBUG org.apache.http.wire - http-outgoing-0 << "            <td id='lastName' style="text-align:center;">Bianchi</td>[\n]"
11:45:31.099 [Test worker] DEBUG org.apache.http.wire - http-outgoing-0 << "            <td style="text-align:center;">11/06/1993</td>[\n]"
11:45:31.099 [Test worker] DEBUG org.apache.http.wire - http-outgoing-0 << "            <td style="text-align:center;"></td>[\n]"
11:45:31.099 [Test worker] DEBUG org.apache.http.wire - http-outgoing-0 << "            <td> <a href="cartella?id=1" style="text-align:center;"> Cartella </a></td>[\n]"
11:45:31.099 [Test worker] DEBUG org.apache.http.wire - http-outgoing-0 << "            <td> <a href="edit?id=1" id="modifica" style="text-align:center;"> Modifica </a></td>[\n]"
11:45:31.099 [Test worker] DEBUG org.apache.http.wire - http-outgoing-0 << "            <td> <a href="dimetti?id=1" style="text-align:center;"> Dimetti </a></td>[\n]"
11:45:31.099 [Test worker] DEBUG org.apache.http.wire - http-outgoing-0 << "            <td> <a href="delete?id=1" id="cancella" style="text-align:center;"> Cancella </a></td>[\n]"
11:45:31.099 [Test worker] DEBUG org.apache.http.wire - http-outgoing-0 << "            <td><button><a href="print?id=1" style="text-align:center;text-decoration:none;"> Stampa scheda </a></button></td>[\n]"
11:45:31.099 [Test worker] DEBUG org.apache.http.wire - http-outgoing-0 << "        </tr>[\n]"
11:45:31.099 [Test worker] DEBUG org.apache.http.wire - http-outgoing-0 << "        </tbody>[\n]"
11:45:31.099 [Test worker] DEBUG org.apache.http.wire - http-outgoing-0 << "</table>[\n]"
11:45:31.099 [Test worker] DEBUG org.apache.http.wire - http-outgoing-0 << "[\n]"
11:45:31.099 [Test worker] DEBUG org.apache.http.wire - http-outgoing-0 << "<h1>Pazienti Dimessi</h1>[\n]"
11:45:31.099 [Test worker] DEBUG org.apache.http.wire - http-outgoing-0 << "<table border="1" id="discharged" name="discharged">[\n]"
11:45:31.099 [Test worker] DEBUG org.apache.http.wire - http-outgoing-0 << "    <thead>[\n]"
11:45:31.099 [Test worker] DEBUG org.apache.http.wire - http-outgoing-0 << "    <tr>[\n]"
11:45:31.099 [Test worker] DEBUG org.apache.http.wire - http-outgoing-0 << "        <th>Id</th>[\n]"
11:45:31.099 [Test worker] DEBUG org.apache.http.wire - http-outgoing-0 << "        <th>Nome</th>[\n]"
11:45:31.099 [Test worker] DEBUG org.apache.http.wire - http-outgoing-0 << "        <th>Cognome</th>[\n]"
11:45:31.099 [Test worker] DEBUG org.apache.http.wire - http-outgoing-0 << "        <th>Data Ricovero</th>[\n]"
11:45:31.099 [Test worker] DEBUG org.apache.http.wire - http-outgoing-0 << "        <th>Data Dimissione</th>[\n]"
11:45:31.099 [Test worker] DEBUG org.apache.http.wire - http-outgoing-0 << "        <th>Cartella</th>[\n]"
11:45:31.099 [Test worker] DEBUG org.apache.http.wire - http-outgoing-0 << "        <th>Modifica</th>[\n]"
11:45:31.099 [Test worker] DEBUG org.apache.http.wire - http-outgoing-0 << "        <th>Cancella</th>[\n]"
11:45:31.100 [Test worker] DEBUG org.apache.http.wire - http-outgoing-0 << "        <th>Stampa</th>[\n]"
11:45:31.100 [Test worker] DEBUG org.apache.http.wire - http-outgoing-0 << "    </tr>[\n]"
11:45:31.100 [Test worker] DEBUG org.apache.http.wire - http-outgoing-0 << "    </thead>[\n]"
11:45:31.100 [Test worker] DEBUG org.apache.http.wire - http-outgoing-0 << "    <tbody>[\n]"
11:45:31.100 [Test worker] DEBUG org.apache.http.wire - http-outgoing-0 << "    [\n]"
11:45:31.100 [Test worker] DEBUG org.apache.http.wire - http-outgoing-0 << "    </tbody>[\n]"
11:45:31.100 [Test worker] DEBUG org.apache.http.wire - http-outgoing-0 << "</table>[\n]"
11:45:31.100 [Test worker] DEBUG org.apache.http.wire - http-outgoing-0 << "<br>[\n]"
11:45:31.100 [Test worker] DEBUG org.apache.http.wire - http-outgoing-0 << "<button><a href="input" style="text-decoration:none;">Registra un paziente</a></button>[\n]"
11:45:31.100 [Test worker] DEBUG org.apache.http.wire - http-outgoing-0 << "<br>[\n]"
11:45:31.100 [Test worker] DEBUG org.apache.http.wire - http-outgoing-0 << "<br>[\n]"
11:45:31.100 [Test worker] DEBUG org.apache.http.wire - http-outgoing-0 << "[\n]"
11:45:31.100 [Test worker] DEBUG org.apache.http.wire - http-outgoing-0 << "<form action="search" method="post">[\n]"
11:45:31.100 [Test worker] DEBUG org.apache.http.wire - http-outgoing-0 << "    Cognome Paziente: <input type="text" name="lastName"/>[\n]"
11:45:31.100 [Test worker] DEBUG org.apache.http.wire - http-outgoing-0 << "    <input type="submit" value="Cerca"/>[\n]"
11:45:31.100 [Test worker] DEBUG org.apache.http.wire - http-outgoing-0 << "</form>[\n]"
11:45:31.100 [Test worker] DEBUG org.apache.http.wire - http-outgoing-0 << "</body>[\n]"
11:45:31.100 [Test worker] DEBUG org.apache.http.wire - http-outgoing-0 << "</html>[\r][\n]"
11:45:31.100 [Test worker] DEBUG org.apache.http.headers - http-outgoing-0 << HTTP/1.1 200 
11:45:31.101 [Test worker] DEBUG org.apache.http.headers - http-outgoing-0 << Content-Type: text/html;charset=UTF-8
11:45:31.101 [Test worker] DEBUG org.apache.http.headers - http-outgoing-0 << Content-Language: en-US
11:45:31.101 [Test worker] DEBUG org.apache.http.headers - http-outgoing-0 << Transfer-Encoding: chunked
11:45:31.101 [Test worker] DEBUG org.apache.http.headers - http-outgoing-0 << Date: Thu, 21 Jan 2021 10:45:30 GMT
11:45:31.101 [Test worker] DEBUG org.apache.http.headers - http-outgoing-0 << Keep-Alive: timeout=60
11:45:31.101 [Test worker] DEBUG org.apache.http.headers - http-outgoing-0 << Connection: keep-alive
11:45:31.101 [Test worker] DEBUG org.apache.http.impl.execchain.MainClientExec - Connection can be kept alive for 60000 MILLISECONDS
11:45:31.101 [Test worker] DEBUG org.apache.http.wire - http-outgoing-0 << "0[\r][\n]"
11:45:31.101 [Test worker] DEBUG org.apache.http.wire - http-outgoing-0 << "[\r][\n]"
11:45:31.102 [Test worker] DEBUG org.apache.http.impl.conn.PoolingHttpClientConnectionManager - Connection [id: 0][route: {}->http://127.0.0.1:8080] can be kept alive for 60.0 seconds
11:45:31.102 [Test worker] DEBUG org.apache.http.impl.conn.DefaultManagedHttpClientConnection - http-outgoing-0: set socket timeout to 0
11:45:31.102 [Test worker] DEBUG org.apache.http.impl.conn.PoolingHttpClientConnectionManager - Connection released: [id: 0][route: {}->http://127.0.0.1:8080][total available: 1; route allocated: 1 of 6; total allocated: 1 of 20]
11:45:31.103 [Test worker] DEBUG com.gargoylesoftware.htmlunit.html.DomElement - Firing Event unload (Current Target: HTMLElement for HtmlHtml[<html>]);
11:45:31.104 [Test worker] DEBUG com.gargoylesoftware.htmlunit.WebWindowImpl - setEnclosedPage: HtmlPage(http://127.0.0.1:8080/list)@343453699
11:45:31.104 [Test worker] DEBUG com.gargoylesoftware.htmlunit.WebWindowImpl - destroyChildren
11:45:31.115 [Test worker] DEBUG com.gargoylesoftware.htmlunit.util.EncodingSniffer - Encoding found in HTTP headers: 'UTF-8'.
11:45:31.126 [Test worker] DEBUG net.sourceforge.jwebunit.htmlunit.HtmlUnitTestingEngineImpl - Window "" changed : "MVC Web application" became "MVC Web application
11:45:31.127 [Test worker] DEBUG com.gargoylesoftware.htmlunit.html.DomElement - Firing Event DOMContentLoaded (Current Target: HTMLElement for HtmlHtml[<html>]);
11:45:31.127 [Test worker] DEBUG com.gargoylesoftware.htmlunit.html.DomElement - Firing Event load (Current Target: HTMLElement for HtmlHtml[<html>]);
11:45:31.128 [Test worker] DEBUG com.gargoylesoftware.htmlunit.WebClient - Get page for window named '', using WebRequest[<url="http://127.0.0.1:8080/", GET, EncodingType[name=application/x-www-form-urlencoded], [], {Accept=text/html,application/xhtml+xml,application/xml;q=0.9,*/*;q=0.8, Accept-Encoding=gzip, deflate}, null>]
11:45:31.128 [Test worker] DEBUG com.gargoylesoftware.htmlunit.WebClient - Load response for GET http://127.0.0.1:8080/
11:45:31.129 [Test worker] DEBUG org.apache.http.client.protocol.RequestAddCookies - CookieSpec selected: mine
11:45:31.129 [Test worker] DEBUG org.apache.http.client.protocol.RequestAuthCache - Auth cache not set in the context
11:45:31.130 [Test worker] DEBUG org.apache.http.impl.conn.PoolingHttpClientConnectionManager - Connection request: [route: {}->http://127.0.0.1:8080][total available: 0; route allocated: 0 of 6; total allocated: 0 of 20]
11:45:31.130 [Test worker] DEBUG org.apache.http.impl.conn.PoolingHttpClientConnectionManager - Connection leased: [id: 1][route: {}->http://127.0.0.1:8080][total available: 0; route allocated: 1 of 6; total allocated: 1 of 20]
11:45:31.130 [Test worker] DEBUG org.apache.http.impl.execchain.MainClientExec - Opening connection {}->http://127.0.0.1:8080
11:45:31.130 [Test worker] DEBUG org.apache.http.impl.conn.DefaultHttpClientConnectionOperator - Connecting to /127.0.0.1:8080
11:45:31.130 [Test worker] DEBUG org.apache.http.impl.conn.DefaultHttpClientConnectionOperator - Connection established 127.0.0.1:53828<->127.0.0.1:8080
11:45:31.130 [Test worker] DEBUG org.apache.http.impl.conn.DefaultManagedHttpClientConnection - http-outgoing-1: set socket timeout to 0
11:45:31.130 [Test worker] DEBUG org.apache.http.impl.execchain.MainClientExec - Executing request GET / HTTP/1.1
11:45:31.131 [Test worker] DEBUG org.apache.http.impl.execchain.MainClientExec - Target auth state: UNCHALLENGED
11:45:31.131 [Test worker] DEBUG org.apache.http.impl.execchain.MainClientExec - Proxy auth state: UNCHALLENGED
11:45:31.131 [Test worker] DEBUG org.apache.http.headers - http-outgoing-1 >> GET / HTTP/1.1
11:45:31.131 [Test worker] DEBUG org.apache.http.headers - http-outgoing-1 >> Host: 127.0.0.1:8080
11:45:31.131 [Test worker] DEBUG org.apache.http.headers - http-outgoing-1 >> User-Agent: Mozilla/5.0 (Windows NT 6.1; rv:38.0) Gecko/20100101 Firefox/38.0
11:45:31.131 [Test worker] DEBUG org.apache.http.headers - http-outgoing-1 >> Accept: text/html,application/xhtml+xml,application/xml;q=0.9,*/*;q=0.8
11:45:31.131 [Test worker] DEBUG org.apache.http.headers - http-outgoing-1 >> Accept-Language: en-US
11:45:31.131 [Test worker] DEBUG org.apache.http.headers - http-outgoing-1 >> Accept-Encoding: gzip, deflate
11:45:31.131 [Test worker] DEBUG org.apache.http.headers - http-outgoing-1 >> Connection: Keep-Alive
11:45:31.131 [Test worker] DEBUG org.apache.http.wire - http-outgoing-1 >> "GET / HTTP/1.1[\r][\n]"
11:45:31.131 [Test worker] DEBUG org.apache.http.wire - http-outgoing-1 >> "Host: 127.0.0.1:8080[\r][\n]"
11:45:31.132 [Test worker] DEBUG org.apache.http.wire - http-outgoing-1 >> "User-Agent: Mozilla/5.0 (Windows NT 6.1; rv:38.0) Gecko/20100101 Firefox/38.0[\r][\n]"
11:45:31.132 [Test worker] DEBUG org.apache.http.wire - http-outgoing-1 >> "Accept: text/html,application/xhtml+xml,application/xml;q=0.9,*/*;q=0.8[\r][\n]"
11:45:31.132 [Test worker] DEBUG org.apache.http.wire - http-outgoing-1 >> "Accept-Language: en-US[\r][\n]"
11:45:31.132 [Test worker] DEBUG org.apache.http.wire - http-outgoing-1 >> "Accept-Encoding: gzip, deflate[\r][\n]"
11:45:31.132 [Test worker] DEBUG org.apache.http.wire - http-outgoing-1 >> "Connection: Keep-Alive[\r][\n]"
11:45:31.132 [Test worker] DEBUG org.apache.http.wire - http-outgoing-1 >> "[\r][\n]"
11:45:31.135 [Test worker] DEBUG org.apache.http.wire - http-outgoing-1 << "HTTP/1.1 302 [\r][\n]"
11:45:31.135 [Test worker] DEBUG org.apache.http.wire - http-outgoing-1 << "Location: http://127.0.0.1:8080/list[\r][\n]"
11:45:31.135 [Test worker] DEBUG org.apache.http.wire - http-outgoing-1 << "Content-Language: en-US[\r][\n]"
11:45:31.135 [Test worker] DEBUG org.apache.http.wire - http-outgoing-1 << "Content-Length: 0[\r][\n]"
11:45:31.135 [Test worker] DEBUG org.apache.http.wire - http-outgoing-1 << "Date: Thu, 21 Jan 2021 10:45:30 GMT[\r][\n]"
11:45:31.135 [Test worker] DEBUG org.apache.http.wire - http-outgoing-1 << "Keep-Alive: timeout=60[\r][\n]"
11:45:31.135 [Test worker] DEBUG org.apache.http.wire - http-outgoing-1 << "Connection: keep-alive[\r][\n]"
11:45:31.135 [Test worker] DEBUG org.apache.http.wire - http-outgoing-1 << "[\r][\n]"
11:45:31.135 [Test worker] DEBUG org.apache.http.headers - http-outgoing-1 << HTTP/1.1 302 
11:45:31.135 [Test worker] DEBUG org.apache.http.headers - http-outgoing-1 << Location: http://127.0.0.1:8080/list
11:45:31.135 [Test worker] DEBUG org.apache.http.headers - http-outgoing-1 << Content-Language: en-US
11:45:31.135 [Test worker] DEBUG org.apache.http.headers - http-outgoing-1 << Content-Length: 0
11:45:31.136 [Test worker] DEBUG org.apache.http.headers - http-outgoing-1 << Date: Thu, 21 Jan 2021 10:45:30 GMT
11:45:31.136 [Test worker] DEBUG org.apache.http.headers - http-outgoing-1 << Keep-Alive: timeout=60
11:45:31.136 [Test worker] DEBUG org.apache.http.headers - http-outgoing-1 << Connection: keep-alive
11:45:31.136 [Test worker] DEBUG org.apache.http.impl.execchain.MainClientExec - Connection can be kept alive for 60000 MILLISECONDS
11:45:31.136 [Test worker] DEBUG org.apache.http.impl.conn.PoolingHttpClientConnectionManager - Connection [id: 1][route: {}->http://127.0.0.1:8080] can be kept alive for 60.0 seconds
11:45:31.136 [Test worker] DEBUG org.apache.http.impl.conn.DefaultManagedHttpClientConnection - http-outgoing-1: set socket timeout to 0
11:45:31.136 [Test worker] DEBUG org.apache.http.impl.conn.PoolingHttpClientConnectionManager - Connection released: [id: 1][route: {}->http://127.0.0.1:8080][total available: 1; route allocated: 1 of 6; total allocated: 1 of 20]
11:45:31.136 [Test worker] DEBUG com.gargoylesoftware.htmlunit.WebClient - Got a redirect status code [302] new location = [http://127.0.0.1:8080/list]
11:45:31.137 [Test worker] DEBUG com.gargoylesoftware.htmlunit.WebClient - Load response for GET http://127.0.0.1:8080/list
11:45:31.138 [Test worker] DEBUG org.apache.http.client.protocol.RequestAddCookies - CookieSpec selected: mine
11:45:31.138 [Test worker] DEBUG org.apache.http.client.protocol.RequestAuthCache - Auth cache not set in the context
11:45:31.138 [Test worker] DEBUG org.apache.http.impl.conn.PoolingHttpClientConnectionManager - Connection request: [route: {}->http://127.0.0.1:8080][total available: 1; route allocated: 1 of 6; total allocated: 1 of 20]
11:45:31.139 [Test worker] DEBUG org.apache.http.impl.conn.PoolingHttpClientConnectionManager - Connection leased: [id: 1][route: {}->http://127.0.0.1:8080][total available: 0; route allocated: 1 of 6; total allocated: 1 of 20]
11:45:31.139 [Test worker] DEBUG org.apache.http.impl.conn.DefaultManagedHttpClientConnection - http-outgoing-1: set socket timeout to 0
11:45:31.139 [Test worker] DEBUG org.apache.http.impl.conn.DefaultManagedHttpClientConnection - http-outgoing-1: set socket timeout to 0
11:45:31.139 [Test worker] DEBUG org.apache.http.impl.execchain.MainClientExec - Executing request GET /list HTTP/1.1
11:45:31.139 [Test worker] DEBUG org.apache.http.impl.execchain.MainClientExec - Target auth state: UNCHALLENGED
11:45:31.139 [Test worker] DEBUG org.apache.http.impl.execchain.MainClientExec - Proxy auth state: UNCHALLENGED
11:45:31.139 [Test worker] DEBUG org.apache.http.headers - http-outgoing-1 >> GET /list HTTP/1.1
11:45:31.139 [Test worker] DEBUG org.apache.http.headers - http-outgoing-1 >> Host: 127.0.0.1:8080
11:45:31.139 [Test worker] DEBUG org.apache.http.headers - http-outgoing-1 >> User-Agent: Mozilla/5.0 (Windows NT 6.1; rv:38.0) Gecko/20100101 Firefox/38.0
11:45:31.139 [Test worker] DEBUG org.apache.http.headers - http-outgoing-1 >> Accept: text/html,application/xhtml+xml,application/xml;q=0.9,*/*;q=0.8
11:45:31.139 [Test worker] DEBUG org.apache.http.headers - http-outgoing-1 >> Accept-Language: en-US
11:45:31.139 [Test worker] DEBUG org.apache.http.headers - http-outgoing-1 >> Accept-Encoding: gzip, deflate
11:45:31.140 [Test worker] DEBUG org.apache.http.headers - http-outgoing-1 >> Connection: Keep-Alive
11:45:31.140 [Test worker] DEBUG org.apache.http.wire - http-outgoing-1 >> "GET /list HTTP/1.1[\r][\n]"
11:45:31.140 [Test worker] DEBUG org.apache.http.wire - http-outgoing-1 >> "Host: 127.0.0.1:8080[\r][\n]"
11:45:31.140 [Test worker] DEBUG org.apache.http.wire - http-outgoing-1 >> "User-Agent: Mozilla/5.0 (Windows NT 6.1; rv:38.0) Gecko/20100101 Firefox/38.0[\r][\n]"
11:45:31.140 [Test worker] DEBUG org.apache.http.wire - http-outgoing-1 >> "Accept: text/html,application/xhtml+xml,application/xml;q=0.9,*/*;q=0.8[\r][\n]"
11:45:31.140 [Test worker] DEBUG org.apache.http.wire - http-outgoing-1 >> "Accept-Language: en-US[\r][\n]"
11:45:31.140 [Test worker] DEBUG org.apache.http.wire - http-outgoing-1 >> "Accept-Encoding: gzip, deflate[\r][\n]"
11:45:31.140 [Test worker] DEBUG org.apache.http.wire - http-outgoing-1 >> "Connection: Keep-Alive[\r][\n]"
11:45:31.140 [Test worker] DEBUG org.apache.http.wire - http-outgoing-1 >> "[\r][\n]"
11:45:31.151 [Test worker] DEBUG org.apache.http.wire - http-outgoing-1 << "HTTP/1.1 200 [\r][\n]"
11:45:31.151 [Test worker] DEBUG org.apache.http.wire - http-outgoing-1 << "Content-Type: text/html;charset=UTF-8[\r][\n]"
11:45:31.151 [Test worker] DEBUG org.apache.http.wire - http-outgoing-1 << "Content-Language: en-US[\r][\n]"
11:45:31.151 [Test worker] DEBUG org.apache.http.wire - http-outgoing-1 << "Transfer-Encoding: chunked[\r][\n]"
11:45:31.151 [Test worker] DEBUG org.apache.http.wire - http-outgoing-1 << "Date: Thu, 21 Jan 2021 10:45:30 GMT[\r][\n]"
11:45:31.151 [Test worker] DEBUG org.apache.http.wire - http-outgoing-1 << "Keep-Alive: timeout=60[\r][\n]"
11:45:31.151 [Test worker] DEBUG org.apache.http.wire - http-outgoing-1 << "Connection: keep-alive[\r][\n]"
11:45:31.151 [Test worker] DEBUG org.apache.http.wire - http-outgoing-1 << "[\r][\n]"
11:45:31.151 [Test worker] DEBUG org.apache.http.wire - http-outgoing-1 << "7e9[\r][\n]"
11:45:31.151 [Test worker] DEBUG org.apache.http.wire - http-outgoing-1 << "<!DOCTYPE HTML>[\n]"
11:45:31.151 [Test worker] DEBUG org.apache.http.wire - http-outgoing-1 << "<html>[\n]"
11:45:31.151 [Test worker] DEBUG org.apache.http.wire - http-outgoing-1 << "<head>[\n]"
11:45:31.151 [Test worker] DEBUG org.apache.http.wire - http-outgoing-1 << "    <title>MVC Web application</title>[\n]"
11:45:31.151 [Test worker] DEBUG org.apache.http.wire - http-outgoing-1 << "    <meta http-equiv="Content-Type" content="text/html; charset=UTF-8" />[\n]"
11:45:31.151 [Test worker] DEBUG org.apache.http.wire - http-outgoing-1 << "</head>[\n]"
11:45:31.151 [Test worker] DEBUG org.apache.http.wire - http-outgoing-1 << "[\n]"
11:45:31.152 [Test worker] DEBUG org.apache.http.wire - http-outgoing-1 << "<body>[\n]"
11:45:31.152 [Test worker] DEBUG org.apache.http.wire - http-outgoing-1 << "<h1>Pazienti Ricoverati</h1>[\n]"
11:45:31.152 [Test worker] DEBUG org.apache.http.wire - http-outgoing-1 << "[\n]"
11:45:31.152 [Test worker] DEBUG org.apache.http.wire - http-outgoing-1 << "<table border="1" id="present" name="present">[\n]"
11:45:31.152 [Test worker] DEBUG org.apache.http.wire - http-outgoing-1 << "    <thead>[\n]"
11:45:31.152 [Test worker] DEBUG org.apache.http.wire - http-outgoing-1 << "    <tr>[\n]"
11:45:31.152 [Test worker] DEBUG org.apache.http.wire - http-outgoing-1 << "        <th>Id</th>[\n]"
11:45:31.152 [Test worker] DEBUG org.apache.http.wire - http-outgoing-1 << "        <th>Nome</th>[\n]"
11:45:31.152 [Test worker] DEBUG org.apache.http.wire - http-outgoing-1 << "        <th>Cognome</th>[\n]"
11:45:31.152 [Test worker] DEBUG org.apache.http.wire - http-outgoing-1 << "        <th>Data ricovero</th>[\n]"
11:45:31.152 [Test worker] DEBUG org.apache.http.wire - http-outgoing-1 << "        <th>Data dimissione</th>[\n]"
11:45:31.152 [Test worker] DEBUG org.apache.http.wire - http-outgoing-1 << "        <th>Mostra</th>[\n]"
11:45:31.152 [Test worker] DEBUG org.apache.http.wire - http-outgoing-1 << "        <th>Modifica</th>[\n]"
11:45:31.152 [Test worker] DEBUG org.apache.http.wire - http-outgoing-1 << "        <th>Dimetti</th>[\n]"
11:45:31.152 [Test worker] DEBUG org.apache.http.wire - http-outgoing-1 << "        <th>Cancella</th>[\n]"
11:45:31.152 [Test worker] DEBUG org.apache.http.wire - http-outgoing-1 << "        <th>Stampa</th>[\n]"
11:45:31.152 [Test worker] DEBUG org.apache.http.wire - http-outgoing-1 << "    </tr>[\n]"
11:45:31.152 [Test worker] DEBUG org.apache.http.wire - http-outgoing-1 << "    </thead>[\n]"
11:45:31.152 [Test worker] DEBUG org.apache.http.wire - http-outgoing-1 << "    <tbody>[\n]"
11:45:31.152 [Test worker] DEBUG org.apache.http.wire - http-outgoing-1 << "        <tr>[\n]"
11:45:31.152 [Test worker] DEBUG org.apache.http.wire - http-outgoing-1 << "            <td id="id">1</td>[\n]"
11:45:31.153 [Test worker] DEBUG org.apache.http.wire - http-outgoing-1 << "            <td style="text-align:center;">Michele</td>[\n]"
11:45:31.153 [Test worker] DEBUG org.apache.http.wire - http-outgoing-1 << "            <td id='lastName' style="text-align:center;">Bianchi</td>[\n]"
11:45:31.153 [Test worker] DEBUG org.apache.http.wire - http-outgoing-1 << "            <td style="text-align:center;">11/06/1993</td>[\n]"
11:45:31.153 [Test worker] DEBUG org.apache.http.wire - http-outgoing-1 << "            <td style="text-align:center;"></td>[\n]"
11:45:31.153 [Test worker] DEBUG org.apache.http.wire - http-outgoing-1 << "            <td> <a href="cartella?id=1" style="text-align:center;"> Cartella </a></td>[\n]"
11:45:31.153 [Test worker] DEBUG org.apache.http.wire - http-outgoing-1 << "            <td> <a href="edit?id=1" id="modifica" style="text-align:center;"> Modifica </a></td>[\n]"
11:45:31.153 [Test worker] DEBUG org.apache.http.wire - http-outgoing-1 << "            <td> <a href="dimetti?id=1" style="text-align:center;"> Dimetti </a></td>[\n]"
11:45:31.153 [Test worker] DEBUG org.apache.http.wire - http-outgoing-1 << "            <td> <a href="delete?id=1" id="cancella" style="text-align:center;"> Cancella </a></td>[\n]"
11:45:31.153 [Test worker] DEBUG org.apache.http.wire - http-outgoing-1 << "            <td><button><a href="print?id=1" style="text-align:center;text-decoration:none;"> Stampa scheda </a></button></td>[\n]"
11:45:31.153 [Test worker] DEBUG org.apache.http.wire - http-outgoing-1 << "        </tr>[\n]"
11:45:31.153 [Test worker] DEBUG org.apache.http.wire - http-outgoing-1 << "        </tbody>[\n]"
11:45:31.153 [Test worker] DEBUG org.apache.http.wire - http-outgoing-1 << "</table>[\n]"
11:45:31.153 [Test worker] DEBUG org.apache.http.wire - http-outgoing-1 << "[\n]"
11:45:31.153 [Test worker] DEBUG org.apache.http.wire - http-outgoing-1 << "<h1>Pazienti Dimessi</h1>[\n]"
11:45:31.154 [Test worker] DEBUG org.apache.http.wire - http-outgoing-1 << "<table border="1" id="discharged" name="discharged">[\n]"
11:45:31.154 [Test worker] DEBUG org.apache.http.wire - http-outgoing-1 << "    <thead>[\n]"
11:45:31.154 [Test worker] DEBUG org.apache.http.wire - http-outgoing-1 << "    <tr>[\n]"
11:45:31.154 [Test worker] DEBUG org.apache.http.wire - http-outgoing-1 << "        <th>Id</th>[\n]"
11:45:31.154 [Test worker] DEBUG org.apache.http.wire - http-outgoing-1 << "        <th>Nome</th>[\n]"
11:45:31.154 [Test worker] DEBUG org.apache.http.wire - http-outgoing-1 << "        <th>Cognome</th>[\n]"
11:45:31.154 [Test worker] DEBUG org.apache.http.wire - http-outgoing-1 << "        <th>Data Ricovero</th>[\n]"
11:45:31.154 [Test worker] DEBUG org.apache.http.wire - http-outgoing-1 << "        <th>Data Dimissione</th>[\n]"
11:45:31.154 [Test worker] DEBUG org.apache.http.wire - http-outgoing-1 << "        <th>Cartella</th>[\n]"
11:45:31.154 [Test worker] DEBUG org.apache.http.wire - http-outgoing-1 << "        <th>Modifica</th>[\n]"
11:45:31.154 [Test worker] DEBUG org.apache.http.wire - http-outgoing-1 << "        <th>Cancella</th>[\n]"
11:45:31.154 [Test worker] DEBUG org.apache.http.wire - http-outgoing-1 << "        <th>Stampa</th>[\n]"
11:45:31.154 [Test worker] DEBUG org.apache.http.wire - http-outgoing-1 << "    </tr>[\n]"
11:45:31.154 [Test worker] DEBUG org.apache.http.wire - http-outgoing-1 << "    </thead>[\n]"
11:45:31.154 [Test worker] DEBUG org.apache.http.wire - http-outgoing-1 << "    <tbody>[\n]"
11:45:31.154 [Test worker] DEBUG org.apache.http.wire - http-outgoing-1 << "    [\n]"
11:45:31.154 [Test worker] DEBUG org.apache.http.wire - http-outgoing-1 << "    </tbody>[\n]"
11:45:31.154 [Test worker] DEBUG org.apache.http.wire - http-outgoing-1 << "</table>[\n]"
11:45:31.154 [Test worker] DEBUG org.apache.http.wire - http-outgoing-1 << "<br>[\n]"
11:45:31.154 [Test worker] DEBUG org.apache.http.wire - http-outgoing-1 << "<button><a href="input" style="text-decoration:none;">Registra un paziente</a></button>[\n]"
11:45:31.154 [Test worker] DEBUG org.apache.http.wire - http-outgoing-1 << "<br>[\n]"
11:45:31.154 [Test worker] DEBUG org.apache.http.wire - http-outgoing-1 << "<br>[\n]"
11:45:31.154 [Test worker] DEBUG org.apache.http.wire - http-outgoing-1 << "[\n]"
11:45:31.155 [Test worker] DEBUG org.apache.http.wire - http-outgoing-1 << "<form action="search" method="post">[\n]"
11:45:31.155 [Test worker] DEBUG org.apache.http.wire - http-outgoing-1 << "    Cognome Paziente: <input type="text" name="lastName"/>[\n]"
11:45:31.155 [Test worker] DEBUG org.apache.http.wire - http-outgoing-1 << "    <input type="submit" value="Cerca"/>[\n]"
11:45:31.155 [Test worker] DEBUG org.apache.http.wire - http-outgoing-1 << "</form>[\n]"
11:45:31.155 [Test worker] DEBUG org.apache.http.wire - http-outgoing-1 << "</body>[\n]"
11:45:31.155 [Test worker] DEBUG org.apache.http.wire - http-outgoing-1 << "</html>[\r][\n]"
11:45:31.155 [Test worker] DEBUG org.apache.http.headers - http-outgoing-1 << HTTP/1.1 200 
11:45:31.155 [Test worker] DEBUG org.apache.http.headers - http-outgoing-1 << Content-Type: text/html;charset=UTF-8
11:45:31.155 [Test worker] DEBUG org.apache.http.headers - http-outgoing-1 << Content-Language: en-US
11:45:31.155 [Test worker] DEBUG org.apache.http.headers - http-outgoing-1 << Transfer-Encoding: chunked
11:45:31.155 [Test worker] DEBUG org.apache.http.headers - http-outgoing-1 << Date: Thu, 21 Jan 2021 10:45:30 GMT
11:45:31.155 [Test worker] DEBUG org.apache.http.headers - http-outgoing-1 << Keep-Alive: timeout=60
11:45:31.155 [Test worker] DEBUG org.apache.http.headers - http-outgoing-1 << Connection: keep-alive
11:45:31.156 [Test worker] DEBUG org.apache.http.impl.execchain.MainClientExec - Connection can be kept alive for 60000 MILLISECONDS
11:45:31.156 [Test worker] DEBUG org.apache.http.wire - http-outgoing-1 << "0[\r][\n]"
11:45:31.156 [Test worker] DEBUG org.apache.http.wire - http-outgoing-1 << "[\r][\n]"
11:45:31.156 [Test worker] DEBUG org.apache.http.impl.conn.PoolingHttpClientConnectionManager - Connection [id: 1][route: {}->http://127.0.0.1:8080] can be kept alive for 60.0 seconds
11:45:31.156 [Test worker] DEBUG org.apache.http.impl.conn.DefaultManagedHttpClientConnection - http-outgoing-1: set socket timeout to 0
11:45:31.156 [Test worker] DEBUG org.apache.http.impl.conn.PoolingHttpClientConnectionManager - Connection released: [id: 1][route: {}->http://127.0.0.1:8080][total available: 1; route allocated: 1 of 6; total allocated: 1 of 20]
11:45:31.156 [Test worker] DEBUG com.gargoylesoftware.htmlunit.WebWindowImpl - setEnclosedPage: HtmlPage(http://127.0.0.1:8080/list)@1265314719
11:45:31.157 [Test worker] DEBUG com.gargoylesoftware.htmlunit.WebWindowImpl - destroyChildren
11:45:31.167 [Test worker] DEBUG com.gargoylesoftware.htmlunit.util.EncodingSniffer - Encoding found in HTTP headers: 'UTF-8'.
11:45:31.180 [Test worker] DEBUG net.sourceforge.jwebunit.htmlunit.HtmlUnitTestingEngineImpl - Window "" changed : "no_html" became "MVC Web application
11:45:31.180 [Test worker] DEBUG com.gargoylesoftware.htmlunit.html.DomElement - Firing Event DOMContentLoaded (Current Target: HTMLElement for HtmlHtml[<html>]);
11:45:31.180 [Test worker] DEBUG com.gargoylesoftware.htmlunit.html.DomElement - Firing Event load (Current Target: HTMLElement for HtmlHtml[<html>]);
11:45:31.199 [Test worker] DEBUG com.gargoylesoftware.htmlunit.html.DomElement - Firing Event mousedown (Current Target: HTMLElement for HtmlAnchor[<a href="cartella?id=1" style="text-align:center;">]);
11:45:31.200 [Test worker] DEBUG com.gargoylesoftware.htmlunit.html.DomElement - Firing Event focus (Current Target: HTMLElement for HtmlAnchor[<a href="cartella?id=1" style="text-align:center;">]);
11:45:31.200 [Test worker] DEBUG com.gargoylesoftware.htmlunit.html.DomElement - Firing Event mouseup (Current Target: HTMLElement for HtmlAnchor[<a href="cartella?id=1" style="text-align:center;">]);
11:45:31.200 [Test worker] DEBUG com.gargoylesoftware.htmlunit.html.DomElement - Firing Event click (Current Target: HTMLElement for HtmlAnchor[<a href="cartella?id=1" style="text-align:center;">]);
11:45:31.200 [Test worker] DEBUG com.gargoylesoftware.htmlunit.html.HtmlAnchor - do click action in window '', using href 'cartella?id=1'
11:45:31.201 [Test worker] DEBUG com.gargoylesoftware.htmlunit.util.EncodingSniffer - Encoding found in HTTP headers: 'UTF-8'.
11:45:31.201 [Test worker] DEBUG com.gargoylesoftware.htmlunit.html.HtmlAnchor - Getting page for http://127.0.0.1:8080/cartella?id=1, derived from href 'cartella?id=1', using the originating URL http://127.0.0.1:8080/list
11:45:31.201 [Test worker] DEBUG com.gargoylesoftware.htmlunit.html.DomElement - Firing Event beforeunload (Current Target: HTMLElement for HtmlHtml[<html>]);
11:45:31.201 [Test worker] DEBUG com.gargoylesoftware.htmlunit.WebClient - Load response for GET http://127.0.0.1:8080/cartella?id=1
11:45:31.202 [Test worker] DEBUG org.apache.http.client.protocol.RequestAddCookies - CookieSpec selected: mine
11:45:31.202 [Test worker] DEBUG org.apache.http.client.protocol.RequestAuthCache - Auth cache not set in the context
11:45:31.202 [Test worker] DEBUG org.apache.http.impl.conn.PoolingHttpClientConnectionManager - Connection request: [route: {}->http://127.0.0.1:8080][total available: 1; route allocated: 1 of 6; total allocated: 1 of 20]
11:45:31.203 [Test worker] DEBUG org.apache.http.impl.conn.PoolingHttpClientConnectionManager - Connection leased: [id: 1][route: {}->http://127.0.0.1:8080][total available: 0; route allocated: 1 of 6; total allocated: 1 of 20]
11:45:31.203 [Test worker] DEBUG org.apache.http.impl.conn.DefaultManagedHttpClientConnection - http-outgoing-1: set socket timeout to 0
11:45:31.203 [Test worker] DEBUG org.apache.http.impl.conn.DefaultManagedHttpClientConnection - http-outgoing-1: set socket timeout to 0
11:45:31.203 [Test worker] DEBUG org.apache.http.impl.execchain.MainClientExec - Executing request GET /cartella?id=1 HTTP/1.1
11:45:31.203 [Test worker] DEBUG org.apache.http.impl.execchain.MainClientExec - Target auth state: UNCHALLENGED
11:45:31.203 [Test worker] DEBUG org.apache.http.impl.execchain.MainClientExec - Proxy auth state: UNCHALLENGED
11:45:31.203 [Test worker] DEBUG org.apache.http.headers - http-outgoing-1 >> GET /cartella?id=1 HTTP/1.1
11:45:31.203 [Test worker] DEBUG org.apache.http.headers - http-outgoing-1 >> Host: 127.0.0.1:8080
11:45:31.203 [Test worker] DEBUG org.apache.http.headers - http-outgoing-1 >> User-Agent: Mozilla/5.0 (Windows NT 6.1; rv:38.0) Gecko/20100101 Firefox/38.0
11:45:31.203 [Test worker] DEBUG org.apache.http.headers - http-outgoing-1 >> Accept: text/html,application/xhtml+xml,application/xml;q=0.9,*/*;q=0.8
11:45:31.203 [Test worker] DEBUG org.apache.http.headers - http-outgoing-1 >> Accept-Language: en-US
11:45:31.203 [Test worker] DEBUG org.apache.http.headers - http-outgoing-1 >> Accept-Encoding: gzip, deflate
11:45:31.203 [Test worker] DEBUG org.apache.http.headers - http-outgoing-1 >> Referer: http://127.0.0.1:8080/list
11:45:31.204 [Test worker] DEBUG org.apache.http.headers - http-outgoing-1 >> Connection: Keep-Alive
11:45:31.204 [Test worker] DEBUG org.apache.http.wire - http-outgoing-1 >> "GET /cartella?id=1 HTTP/1.1[\r][\n]"
11:45:31.204 [Test worker] DEBUG org.apache.http.wire - http-outgoing-1 >> "Host: 127.0.0.1:8080[\r][\n]"
11:45:31.204 [Test worker] DEBUG org.apache.http.wire - http-outgoing-1 >> "User-Agent: Mozilla/5.0 (Windows NT 6.1; rv:38.0) Gecko/20100101 Firefox/38.0[\r][\n]"
11:45:31.204 [Test worker] DEBUG org.apache.http.wire - http-outgoing-1 >> "Accept: text/html,application/xhtml+xml,application/xml;q=0.9,*/*;q=0.8[\r][\n]"
11:45:31.204 [Test worker] DEBUG org.apache.http.wire - http-outgoing-1 >> "Accept-Language: en-US[\r][\n]"
11:45:31.204 [Test worker] DEBUG org.apache.http.wire - http-outgoing-1 >> "Accept-Encoding: gzip, deflate[\r][\n]"
11:45:31.204 [Test worker] DEBUG org.apache.http.wire - http-outgoing-1 >> "Referer: http://127.0.0.1:8080/list[\r][\n]"
11:45:31.204 [Test worker] DEBUG org.apache.http.wire - http-outgoing-1 >> "Connection: Keep-Alive[\r][\n]"
11:45:31.204 [Test worker] DEBUG org.apache.http.wire - http-outgoing-1 >> "[\r][\n]"
11:45:31.221 [Test worker] DEBUG org.apache.http.wire - http-outgoing-1 << "HTTP/1.1 200 [\r][\n]"
11:45:31.221 [Test worker] DEBUG org.apache.http.wire - http-outgoing-1 << "Content-Type: text/html;charset=UTF-8[\r][\n]"
11:45:31.221 [Test worker] DEBUG org.apache.http.wire - http-outgoing-1 << "Content-Language: en-US[\r][\n]"
11:45:31.221 [Test worker] DEBUG org.apache.http.wire - http-outgoing-1 << "Transfer-Encoding: chunked[\r][\n]"
11:45:31.221 [Test worker] DEBUG org.apache.http.wire - http-outgoing-1 << "Date: Thu, 21 Jan 2021 10:45:30 GMT[\r][\n]"
11:45:31.221 [Test worker] DEBUG org.apache.http.wire - http-outgoing-1 << "Keep-Alive: timeout=60[\r][\n]"
11:45:31.221 [Test worker] DEBUG org.apache.http.wire - http-outgoing-1 << "Connection: keep-alive[\r][\n]"
11:45:31.221 [Test worker] DEBUG org.apache.http.wire - http-outgoing-1 << "[\r][\n]"
11:45:31.221 [Test worker] DEBUG org.apache.http.wire - http-outgoing-1 << "31b[\r][\n]"
11:45:31.221 [Test worker] DEBUG org.apache.http.wire - http-outgoing-1 << "<!DOCTYPE HTML>[\n]"
11:45:31.221 [Test worker] DEBUG org.apache.http.wire - http-outgoing-1 << "<html>[\n]"
11:45:31.222 [Test worker] DEBUG org.apache.http.wire - http-outgoing-1 << "<head>[\n]"
11:45:31.222 [Test worker] DEBUG org.apache.http.wire - http-outgoing-1 << "    <title>MVC Web application</title>[\n]"
11:45:31.222 [Test worker] DEBUG org.apache.http.wire - http-outgoing-1 << "    <meta http-equiv="Content-Type" content="text/html; charset=UTF-8" />[\n]"
11:45:31.222 [Test worker] DEBUG org.apache.http.wire - http-outgoing-1 << "</head>[\n]"
11:45:31.222 [Test worker] DEBUG org.apache.http.wire - http-outgoing-1 << "[\n]"
11:45:31.222 [Test worker] DEBUG org.apache.http.wire - http-outgoing-1 << "<body>[\n]"
11:45:31.222 [Test worker] DEBUG org.apache.http.wire - http-outgoing-1 << "<h1>Cartella Clinica Paziente:</h1>[\n]"
11:45:31.222 [Test worker] DEBUG org.apache.http.wire - http-outgoing-1 << "<input hidden value="1" name="id" id="id"/>[\n]"
11:45:31.222 [Test worker] DEBUG org.apache.http.wire - http-outgoing-1 << "<table border="1">[\n]"
11:45:31.222 [Test worker] DEBUG org.apache.http.wire - http-outgoing-1 << "    <tr>[\n]"
11:45:31.222 [Test worker] DEBUG org.apache.http.wire - http-outgoing-1 << "        <th>Nome</th>[\n]"
11:45:31.222 [Test worker] DEBUG org.apache.http.wire - http-outgoing-1 << "        <th>Cognome</th>[\n]"
11:45:31.222 [Test worker] DEBUG org.apache.http.wire - http-outgoing-1 << "        <th>Data Ricovero</th>[\n]"
11:45:31.222 [Test worker] DEBUG org.apache.http.wire - http-outgoing-1 << "        <th>Data Dmissione</th>[\n]"
11:45:31.222 [Test worker] DEBUG org.apache.http.wire - http-outgoing-1 << "        <th>Farmaci</th>[\n]"
11:45:31.222 [Test worker] DEBUG org.apache.http.wire - http-outgoing-1 << "        <th>Prescrizione</th>[\n]"
11:45:31.222 [Test worker] DEBUG org.apache.http.wire - http-outgoing-1 << "    </tr>[\n]"
11:45:31.222 [Test worker] DEBUG org.apache.http.wire - http-outgoing-1 << "    <tr>[\n]"
11:45:31.222 [Test worker] DEBUG org.apache.http.wire - http-outgoing-1 << "        <td >Michele</td>[\n]"
11:45:31.222 [Test worker] DEBUG org.apache.http.wire - http-outgoing-1 << "        <td >Bianchi</td>[\n]"
11:45:31.222 [Test worker] DEBUG org.apache.http.wire - http-outgoing-1 << "        <td style="text-align:center;">11/06/1993</td>[\n]"
11:45:31.222 [Test worker] DEBUG org.apache.http.wire - http-outgoing-1 << "        <td style="text-align:center;"></td>[\n]"
11:45:31.223 [Test worker] DEBUG org.apache.http.wire - http-outgoing-1 << "        <td ></td>[\n]"
11:45:31.223 [Test worker] DEBUG org.apache.http.wire - http-outgoing-1 << "        <td ></td>[\n]"
11:45:31.223 [Test worker] DEBUG org.apache.http.wire - http-outgoing-1 << "    </tr>[\n]"
11:45:31.223 [Test worker] DEBUG org.apache.http.wire - http-outgoing-1 << "</table>[\n]"
11:45:31.223 [Test worker] DEBUG org.apache.http.wire - http-outgoing-1 << "[\n]"
11:45:31.223 [Test worker] DEBUG org.apache.http.wire - http-outgoing-1 << "<a href="edit?id=1"> Modifica </a><br>[\n]"
11:45:31.223 [Test worker] DEBUG org.apache.http.wire - http-outgoing-1 << "<a href="delete?id=1"> Cancella </a><br>[\n]"
11:45:31.223 [Test worker] DEBUG org.apache.http.wire - http-outgoing-1 << "<a href="list"> Torna alla lista </a>[\n]"
11:45:31.223 [Test worker] DEBUG org.apache.http.wire - http-outgoing-1 << "[\n]"
11:45:31.223 [Test worker] DEBUG org.apache.http.wire - http-outgoing-1 << "</body>[\n]"
11:45:31.223 [Test worker] DEBUG org.apache.http.wire - http-outgoing-1 << "</html>[\r][\n]"
11:45:31.223 [Test worker] DEBUG org.apache.http.headers - http-outgoing-1 << HTTP/1.1 200 
11:45:31.223 [Test worker] DEBUG org.apache.http.headers - http-outgoing-1 << Content-Type: text/html;charset=UTF-8
11:45:31.223 [Test worker] DEBUG org.apache.http.headers - http-outgoing-1 << Content-Language: en-US
11:45:31.223 [Test worker] DEBUG org.apache.http.headers - http-outgoing-1 << Transfer-Encoding: chunked
11:45:31.223 [Test worker] DEBUG org.apache.http.headers - http-outgoing-1 << Date: Thu, 21 Jan 2021 10:45:30 GMT
11:45:31.223 [Test worker] DEBUG org.apache.http.headers - http-outgoing-1 << Keep-Alive: timeout=60
11:45:31.223 [Test worker] DEBUG org.apache.http.headers - http-outgoing-1 << Connection: keep-alive
11:45:31.224 [Test worker] DEBUG org.apache.http.impl.execchain.MainClientExec - Connection can be kept alive for 60000 MILLISECONDS
11:45:31.224 [Test worker] DEBUG org.apache.http.wire - http-outgoing-1 << "0[\r][\n]"
11:45:31.224 [Test worker] DEBUG org.apache.http.wire - http-outgoing-1 << "[\r][\n]"
11:45:31.224 [Test worker] DEBUG org.apache.http.impl.conn.PoolingHttpClientConnectionManager - Connection [id: 1][route: {}->http://127.0.0.1:8080] can be kept alive for 60.0 seconds
11:45:31.224 [Test worker] DEBUG org.apache.http.impl.conn.DefaultManagedHttpClientConnection - http-outgoing-1: set socket timeout to 0
11:45:31.224 [Test worker] DEBUG org.apache.http.impl.conn.PoolingHttpClientConnectionManager - Connection released: [id: 1][route: {}->http://127.0.0.1:8080][total available: 1; route allocated: 1 of 6; total allocated: 1 of 20]
11:45:31.224 [Test worker] DEBUG com.gargoylesoftware.htmlunit.html.DomElement - Firing Event unload (Current Target: HTMLElement for HtmlHtml[<html>]);
11:45:31.225 [Test worker] DEBUG com.gargoylesoftware.htmlunit.WebWindowImpl - setEnclosedPage: HtmlPage(http://127.0.0.1:8080/cartella?id=1)@1763945533
11:45:31.225 [Test worker] DEBUG com.gargoylesoftware.htmlunit.WebWindowImpl - destroyChildren
11:45:31.234 [Test worker] DEBUG com.gargoylesoftware.htmlunit.util.EncodingSniffer - Encoding found in HTTP headers: 'UTF-8'.
11:45:31.239 [Test worker] DEBUG net.sourceforge.jwebunit.htmlunit.HtmlUnitTestingEngineImpl - Window "" changed : "MVC Web application" became "MVC Web application
11:45:31.239 [Test worker] DEBUG com.gargoylesoftware.htmlunit.html.DomElement - Firing Event DOMContentLoaded (Current Target: HTMLElement for HtmlHtml[<html>]);
11:45:31.239 [Test worker] DEBUG com.gargoylesoftware.htmlunit.html.DomElement - Firing Event load (Current Target: HTMLElement for HtmlHtml[<html>]);
11:45:31.241 [Test worker] DEBUG com.gargoylesoftware.htmlunit.html.DomElement - Firing Event mousedown (Current Target: HTMLElement for HtmlAnchor[<a href="list">]);
11:45:31.241 [Test worker] DEBUG com.gargoylesoftware.htmlunit.html.DomElement - Firing Event focus (Current Target: HTMLElement for HtmlAnchor[<a href="list">]);
11:45:31.241 [Test worker] DEBUG com.gargoylesoftware.htmlunit.html.DomElement - Firing Event mouseup (Current Target: HTMLElement for HtmlAnchor[<a href="list">]);
11:45:31.241 [Test worker] DEBUG com.gargoylesoftware.htmlunit.html.DomElement - Firing Event click (Current Target: HTMLElement for HtmlAnchor[<a href="list">]);
11:45:31.241 [Test worker] DEBUG com.gargoylesoftware.htmlunit.html.HtmlAnchor - do click action in window '', using href 'list'
11:45:31.241 [Test worker] DEBUG com.gargoylesoftware.htmlunit.util.EncodingSniffer - Encoding found in HTTP headers: 'UTF-8'.
11:45:31.241 [Test worker] DEBUG com.gargoylesoftware.htmlunit.html.HtmlAnchor - Getting page for http://127.0.0.1:8080/list, derived from href 'list', using the originating URL http://127.0.0.1:8080/cartella?id=1
11:45:31.242 [Test worker] DEBUG com.gargoylesoftware.htmlunit.html.DomElement - Firing Event beforeunload (Current Target: HTMLElement for HtmlHtml[<html>]);
11:45:31.242 [Test worker] DEBUG com.gargoylesoftware.htmlunit.WebClient - Load response for GET http://127.0.0.1:8080/list
11:45:31.243 [Test worker] DEBUG org.apache.http.client.protocol.RequestAddCookies - CookieSpec selected: mine
11:45:31.243 [Test worker] DEBUG org.apache.http.client.protocol.RequestAuthCache - Auth cache not set in the context
11:45:31.243 [Test worker] DEBUG org.apache.http.impl.conn.PoolingHttpClientConnectionManager - Connection request: [route: {}->http://127.0.0.1:8080][total available: 1; route allocated: 1 of 6; total allocated: 1 of 20]
11:45:31.243 [Test worker] DEBUG org.apache.http.impl.conn.PoolingHttpClientConnectionManager - Connection leased: [id: 1][route: {}->http://127.0.0.1:8080][total available: 0; route allocated: 1 of 6; total allocated: 1 of 20]
11:45:31.243 [Test worker] DEBUG org.apache.http.impl.conn.DefaultManagedHttpClientConnection - http-outgoing-1: set socket timeout to 0
11:45:31.243 [Test worker] DEBUG org.apache.http.impl.conn.DefaultManagedHttpClientConnection - http-outgoing-1: set socket timeout to 0
11:45:31.243 [Test worker] DEBUG org.apache.http.impl.execchain.MainClientExec - Executing request GET /list HTTP/1.1
11:45:31.243 [Test worker] DEBUG org.apache.http.impl.execchain.MainClientExec - Target auth state: UNCHALLENGED
11:45:31.243 [Test worker] DEBUG org.apache.http.impl.execchain.MainClientExec - Proxy auth state: UNCHALLENGED
11:45:31.243 [Test worker] DEBUG org.apache.http.headers - http-outgoing-1 >> GET /list HTTP/1.1
11:45:31.243 [Test worker] DEBUG org.apache.http.headers - http-outgoing-1 >> Host: 127.0.0.1:8080
11:45:31.243 [Test worker] DEBUG org.apache.http.headers - http-outgoing-1 >> User-Agent: Mozilla/5.0 (Windows NT 6.1; rv:38.0) Gecko/20100101 Firefox/38.0
11:45:31.244 [Test worker] DEBUG org.apache.http.headers - http-outgoing-1 >> Accept: text/html,application/xhtml+xml,application/xml;q=0.9,*/*;q=0.8
11:45:31.244 [Test worker] DEBUG org.apache.http.headers - http-outgoing-1 >> Accept-Language: en-US
11:45:31.244 [Test worker] DEBUG org.apache.http.headers - http-outgoing-1 >> Accept-Encoding: gzip, deflate
11:45:31.244 [Test worker] DEBUG org.apache.http.headers - http-outgoing-1 >> Referer: http://127.0.0.1:8080/cartella?id=1
11:45:31.244 [Test worker] DEBUG org.apache.http.headers - http-outgoing-1 >> Connection: Keep-Alive
11:45:31.244 [Test worker] DEBUG org.apache.http.wire - http-outgoing-1 >> "GET /list HTTP/1.1[\r][\n]"
11:45:31.244 [Test worker] DEBUG org.apache.http.wire - http-outgoing-1 >> "Host: 127.0.0.1:8080[\r][\n]"
11:45:31.244 [Test worker] DEBUG org.apache.http.wire - http-outgoing-1 >> "User-Agent: Mozilla/5.0 (Windows NT 6.1; rv:38.0) Gecko/20100101 Firefox/38.0[\r][\n]"
11:45:31.244 [Test worker] DEBUG org.apache.http.wire - http-outgoing-1 >> "Accept: text/html,application/xhtml+xml,application/xml;q=0.9,*/*;q=0.8[\r][\n]"
11:45:31.244 [Test worker] DEBUG org.apache.http.wire - http-outgoing-1 >> "Accept-Language: en-US[\r][\n]"
11:45:31.244 [Test worker] DEBUG org.apache.http.wire - http-outgoing-1 >> "Accept-Encoding: gzip, deflate[\r][\n]"
11:45:31.244 [Test worker] DEBUG org.apache.http.wire - http-outgoing-1 >> "Referer: http://127.0.0.1:8080/cartella?id=1[\r][\n]"
11:45:31.244 [Test worker] DEBUG org.apache.http.wire - http-outgoing-1 >> "Connection: Keep-Alive[\r][\n]"
11:45:31.244 [Test worker] DEBUG org.apache.http.wire - http-outgoing-1 >> "[\r][\n]"
11:45:31.252 [Test worker] DEBUG org.apache.http.wire - http-outgoing-1 << "HTTP/1.1 200 [\r][\n]"
11:45:31.252 [Test worker] DEBUG org.apache.http.wire - http-outgoing-1 << "Content-Type: text/html;charset=UTF-8[\r][\n]"
11:45:31.252 [Test worker] DEBUG org.apache.http.wire - http-outgoing-1 << "Content-Language: en-US[\r][\n]"
11:45:31.252 [Test worker] DEBUG org.apache.http.wire - http-outgoing-1 << "Transfer-Encoding: chunked[\r][\n]"
11:45:31.252 [Test worker] DEBUG org.apache.http.wire - http-outgoing-1 << "Date: Thu, 21 Jan 2021 10:45:30 GMT[\r][\n]"
11:45:31.252 [Test worker] DEBUG org.apache.http.wire - http-outgoing-1 << "Keep-Alive: timeout=60[\r][\n]"
11:45:31.252 [Test worker] DEBUG org.apache.http.wire - http-outgoing-1 << "Connection: keep-alive[\r][\n]"
11:45:31.252 [Test worker] DEBUG org.apache.http.wire - http-outgoing-1 << "[\r][\n]"
11:45:31.252 [Test worker] DEBUG org.apache.http.wire - http-outgoing-1 << "7e9[\r][\n]"
11:45:31.252 [Test worker] DEBUG org.apache.http.wire - http-outgoing-1 << "<!DOCTYPE HTML>[\n]"
11:45:31.252 [Test worker] DEBUG org.apache.http.wire - http-outgoing-1 << "<html>[\n]"
11:45:31.252 [Test worker] DEBUG org.apache.http.wire - http-outgoing-1 << "<head>[\n]"
11:45:31.252 [Test worker] DEBUG org.apache.http.wire - http-outgoing-1 << "    <title>MVC Web application</title>[\n]"
11:45:31.252 [Test worker] DEBUG org.apache.http.wire - http-outgoing-1 << "    <meta http-equiv="Content-Type" content="text/html; charset=UTF-8" />[\n]"
11:45:31.252 [Test worker] DEBUG org.apache.http.wire - http-outgoing-1 << "</head>[\n]"
11:45:31.252 [Test worker] DEBUG org.apache.http.wire - http-outgoing-1 << "[\n]"
11:45:31.252 [Test worker] DEBUG org.apache.http.wire - http-outgoing-1 << "<body>[\n]"
11:45:31.252 [Test worker] DEBUG org.apache.http.wire - http-outgoing-1 << "<h1>Pazienti Ricoverati</h1>[\n]"
11:45:31.252 [Test worker] DEBUG org.apache.http.wire - http-outgoing-1 << "[\n]"
11:45:31.252 [Test worker] DEBUG org.apache.http.wire - http-outgoing-1 << "<table border="1" id="present" name="present">[\n]"
11:45:31.252 [Test worker] DEBUG org.apache.http.wire - http-outgoing-1 << "    <thead>[\n]"
11:45:31.252 [Test worker] DEBUG org.apache.http.wire - http-outgoing-1 << "    <tr>[\n]"
11:45:31.252 [Test worker] DEBUG org.apache.http.wire - http-outgoing-1 << "        <th>Id</th>[\n]"
11:45:31.252 [Test worker] DEBUG org.apache.http.wire - http-outgoing-1 << "        <th>Nome</th>[\n]"
11:45:31.253 [Test worker] DEBUG org.apache.http.wire - http-outgoing-1 << "        <th>Cognome</th>[\n]"
11:45:31.253 [Test worker] DEBUG org.apache.http.wire - http-outgoing-1 << "        <th>Data ricovero</th>[\n]"
11:45:31.253 [Test worker] DEBUG org.apache.http.wire - http-outgoing-1 << "        <th>Data dimissione</th>[\n]"
11:45:31.253 [Test worker] DEBUG org.apache.http.wire - http-outgoing-1 << "        <th>Mostra</th>[\n]"
11:45:31.253 [Test worker] DEBUG org.apache.http.wire - http-outgoing-1 << "        <th>Modifica</th>[\n]"
11:45:31.253 [Test worker] DEBUG org.apache.http.wire - http-outgoing-1 << "        <th>Dimetti</th>[\n]"
11:45:31.253 [Test worker] DEBUG org.apache.http.wire - http-outgoing-1 << "        <th>Cancella</th>[\n]"
11:45:31.253 [Test worker] DEBUG org.apache.http.wire - http-outgoing-1 << "        <th>Stampa</th>[\n]"
11:45:31.253 [Test worker] DEBUG org.apache.http.wire - http-outgoing-1 << "    </tr>[\n]"
11:45:31.253 [Test worker] DEBUG org.apache.http.wire - http-outgoing-1 << "    </thead>[\n]"
11:45:31.253 [Test worker] DEBUG org.apache.http.wire - http-outgoing-1 << "    <tbody>[\n]"
11:45:31.253 [Test worker] DEBUG org.apache.http.wire - http-outgoing-1 << "        <tr>[\n]"
11:45:31.253 [Test worker] DEBUG org.apache.http.wire - http-outgoing-1 << "            <td id="id">1</td>[\n]"
11:45:31.253 [Test worker] DEBUG org.apache.http.wire - http-outgoing-1 << "            <td style="text-align:center;">Michele</td>[\n]"
11:45:31.253 [Test worker] DEBUG org.apache.http.wire - http-outgoing-1 << "            <td id='lastName' style="text-align:center;">Bianchi</td>[\n]"
11:45:31.253 [Test worker] DEBUG org.apache.http.wire - http-outgoing-1 << "            <td style="text-align:center;">11/06/1993</td>[\n]"
11:45:31.253 [Test worker] DEBUG org.apache.http.wire - http-outgoing-1 << "            <td style="text-align:center;"></td>[\n]"
11:45:31.253 [Test worker] DEBUG org.apache.http.wire - http-outgoing-1 << "            <td> <a href="cartella?id=1" style="text-align:center;"> Cartella </a></td>[\n]"
11:45:31.253 [Test worker] DEBUG org.apache.http.wire - http-outgoing-1 << "            <td> <a href="edit?id=1" id="modifica" style="text-align:center;"> Modifica </a></td>[\n]"
11:45:31.253 [Test worker] DEBUG org.apache.http.wire - http-outgoing-1 << "            <td> <a href="dimetti?id=1" style="text-align:center;"> Dimetti </a></td>[\n]"
11:45:31.253 [Test worker] DEBUG org.apache.http.wire - http-outgoing-1 << "            <td> <a href="delete?id=1" id="cancella" style="text-align:center;"> Cancella </a></td>[\n]"
11:45:31.253 [Test worker] DEBUG org.apache.http.wire - http-outgoing-1 << "            <td><button><a href="print?id=1" style="text-align:center;text-decoration:none;"> Stampa scheda </a></button></td>[\n]"
11:45:31.253 [Test worker] DEBUG org.apache.http.wire - http-outgoing-1 << "        </tr>[\n]"
11:45:31.254 [Test worker] DEBUG org.apache.http.wire - http-outgoing-1 << "        </tbody>[\n]"
11:45:31.254 [Test worker] DEBUG org.apache.http.wire - http-outgoing-1 << "</table>[\n]"
11:45:31.254 [Test worker] DEBUG org.apache.http.wire - http-outgoing-1 << "[\n]"
11:45:31.254 [Test worker] DEBUG org.apache.http.wire - http-outgoing-1 << "<h1>Pazienti Dimessi</h1>[\n]"
11:45:31.254 [Test worker] DEBUG org.apache.http.wire - http-outgoing-1 << "<table border="1" id="discharged" name="discharged">[\n]"
11:45:31.254 [Test worker] DEBUG org.apache.http.wire - http-outgoing-1 << "    <thead>[\n]"
11:45:31.254 [Test worker] DEBUG org.apache.http.wire - http-outgoing-1 << "    <tr>[\n]"
11:45:31.254 [Test worker] DEBUG org.apache.http.wire - http-outgoing-1 << "        <th>Id</th>[\n]"
11:45:31.254 [Test worker] DEBUG org.apache.http.wire - http-outgoing-1 << "        <th>Nome</th>[\n]"
11:45:31.254 [Test worker] DEBUG org.apache.http.wire - http-outgoing-1 << "        <th>Cognome</th>[\n]"
11:45:31.254 [Test worker] DEBUG org.apache.http.wire - http-outgoing-1 << "        <th>Data Ricovero</th>[\n]"
11:45:31.254 [Test worker] DEBUG org.apache.http.wire - http-outgoing-1 << "        <th>Data Dimissione</th>[\n]"
11:45:31.254 [Test worker] DEBUG org.apache.http.wire - http-outgoing-1 << "        <th>Cartella</th>[\n]"
11:45:31.254 [Test worker] DEBUG org.apache.http.wire - http-outgoing-1 << "        <th>Modifica</th>[\n]"
11:45:31.254 [Test worker] DEBUG org.apache.http.wire - http-outgoing-1 << "        <th>Cancella</th>[\n]"
11:45:31.254 [Test worker] DEBUG org.apache.http.wire - http-outgoing-1 << "        <th>Stampa</th>[\n]"
11:45:31.254 [Test worker] DEBUG org.apache.http.wire - http-outgoing-1 << "    </tr>[\n]"
11:45:31.254 [Test worker] DEBUG org.apache.http.wire - http-outgoing-1 << "    </thead>[\n]"
11:45:31.254 [Test worker] DEBUG org.apache.http.wire - http-outgoing-1 << "    <tbody>[\n]"
11:45:31.254 [Test worker] DEBUG org.apache.http.wire - http-outgoing-1 << "    [\n]"
11:45:31.254 [Test worker] DEBUG org.apache.http.wire - http-outgoing-1 << "    </tbody>[\n]"
11:45:31.254 [Test worker] DEBUG org.apache.http.wire - http-outgoing-1 << "</table>[\n]"
11:45:31.254 [Test worker] DEBUG org.apache.http.wire - http-outgoing-1 << "<br>[\n]"
11:45:31.255 [Test worker] DEBUG org.apache.http.wire - http-outgoing-1 << "<button><a href="input" style="text-decoration:none;">Registra un paziente</a></button>[\n]"
11:45:31.255 [Test worker] DEBUG org.apache.http.wire - http-outgoing-1 << "<br>[\n]"
11:45:31.255 [Test worker] DEBUG org.apache.http.wire - http-outgoing-1 << "<br>[\n]"
11:45:31.255 [Test worker] DEBUG org.apache.http.wire - http-outgoing-1 << "[\n]"
11:45:31.255 [Test worker] DEBUG org.apache.http.wire - http-outgoing-1 << "<form action="search" method="post">[\n]"
11:45:31.255 [Test worker] DEBUG org.apache.http.wire - http-outgoing-1 << "    Cognome Paziente: <input type="text" name="lastName"/>[\n]"
11:45:31.255 [Test worker] DEBUG org.apache.http.wire - http-outgoing-1 << "    <input type="submit" value="Cerca"/>[\n]"
11:45:31.255 [Test worker] DEBUG org.apache.http.wire - http-outgoing-1 << "</form>[\n]"
11:45:31.255 [Test worker] DEBUG org.apache.http.wire - http-outgoing-1 << "</body>[\n]"
11:45:31.255 [Test worker] DEBUG org.apache.http.wire - http-outgoing-1 << "</html>[\r][\n]"
11:45:31.255 [Test worker] DEBUG org.apache.http.headers - http-outgoing-1 << HTTP/1.1 200 
11:45:31.255 [Test worker] DEBUG org.apache.http.headers - http-outgoing-1 << Content-Type: text/html;charset=UTF-8
11:45:31.255 [Test worker] DEBUG org.apache.http.headers - http-outgoing-1 << Content-Language: en-US
11:45:31.256 [Test worker] DEBUG org.apache.http.headers - http-outgoing-1 << Transfer-Encoding: chunked
11:45:31.256 [Test worker] DEBUG org.apache.http.headers - http-outgoing-1 << Date: Thu, 21 Jan 2021 10:45:30 GMT
11:45:31.256 [Test worker] DEBUG org.apache.http.headers - http-outgoing-1 << Keep-Alive: timeout=60
11:45:31.256 [Test worker] DEBUG org.apache.http.headers - http-outgoing-1 << Connection: keep-alive
11:45:31.256 [Test worker] DEBUG org.apache.http.impl.execchain.MainClientExec - Connection can be kept alive for 60000 MILLISECONDS
11:45:31.256 [Test worker] DEBUG org.apache.http.wire - http-outgoing-1 << "0[\r][\n]"
11:45:31.256 [Test worker] DEBUG org.apache.http.wire - http-outgoing-1 << "[\r][\n]"
11:45:31.256 [Test worker] DEBUG org.apache.http.impl.conn.PoolingHttpClientConnectionManager - Connection [id: 1][route: {}->http://127.0.0.1:8080] can be kept alive for 60.0 seconds
11:45:31.256 [Test worker] DEBUG org.apache.http.impl.conn.DefaultManagedHttpClientConnection - http-outgoing-1: set socket timeout to 0
11:45:31.256 [Test worker] DEBUG org.apache.http.impl.conn.PoolingHttpClientConnectionManager - Connection released: [id: 1][route: {}->http://127.0.0.1:8080][total available: 1; route allocated: 1 of 6; total allocated: 1 of 20]
11:45:31.257 [Test worker] DEBUG com.gargoylesoftware.htmlunit.html.DomElement - Firing Event unload (Current Target: HTMLElement for HtmlHtml[<html>]);
11:45:31.257 [Test worker] DEBUG com.gargoylesoftware.htmlunit.WebWindowImpl - setEnclosedPage: HtmlPage(http://127.0.0.1:8080/list)@779150120
11:45:31.257 [Test worker] DEBUG com.gargoylesoftware.htmlunit.WebWindowImpl - destroyChildren
11:45:31.267 [Test worker] DEBUG com.gargoylesoftware.htmlunit.util.EncodingSniffer - Encoding found in HTTP headers: 'UTF-8'.
11:45:31.278 [Test worker] DEBUG net.sourceforge.jwebunit.htmlunit.HtmlUnitTestingEngineImpl - Window "" changed : "MVC Web application" became "MVC Web application
11:45:31.278 [Test worker] DEBUG com.gargoylesoftware.htmlunit.html.DomElement - Firing Event DOMContentLoaded (Current Target: HTMLElement for HtmlHtml[<html>]);
11:45:31.279 [Test worker] DEBUG com.gargoylesoftware.htmlunit.html.DomElement - Firing Event load (Current Target: HTMLElement for HtmlHtml[<html>]);
11:45:31.280 [Test worker] DEBUG com.gargoylesoftware.htmlunit.html.DomElement - Firing Event mousedown (Current Target: HTMLElement for HtmlAnchor[<a href="edit?id=1" id="modifica" style="text-align:center;">]);
11:45:31.280 [Test worker] DEBUG com.gargoylesoftware.htmlunit.html.DomElement - Firing Event focus (Current Target: HTMLElement for HtmlAnchor[<a href="edit?id=1" id="modifica" style="text-align:center;">]);
11:45:31.280 [Test worker] DEBUG com.gargoylesoftware.htmlunit.html.DomElement - Firing Event mouseup (Current Target: HTMLElement for HtmlAnchor[<a href="edit?id=1" id="modifica" style="text-align:center;">]);
11:45:31.280 [Test worker] DEBUG com.gargoylesoftware.htmlunit.html.DomElement - Firing Event click (Current Target: HTMLElement for HtmlAnchor[<a href="edit?id=1" id="modifica" style="text-align:center;">]);
11:45:31.280 [Test worker] DEBUG com.gargoylesoftware.htmlunit.html.HtmlAnchor - do click action in window '', using href 'edit?id=1'
11:45:31.281 [Test worker] DEBUG com.gargoylesoftware.htmlunit.util.EncodingSniffer - Encoding found in HTTP headers: 'UTF-8'.
11:45:31.281 [Test worker] DEBUG com.gargoylesoftware.htmlunit.html.HtmlAnchor - Getting page for http://127.0.0.1:8080/edit?id=1, derived from href 'edit?id=1', using the originating URL http://127.0.0.1:8080/list
11:45:31.281 [Test worker] DEBUG com.gargoylesoftware.htmlunit.html.DomElement - Firing Event beforeunload (Current Target: HTMLElement for HtmlHtml[<html>]);
11:45:31.281 [Test worker] DEBUG com.gargoylesoftware.htmlunit.WebClient - Load response for GET http://127.0.0.1:8080/edit?id=1
11:45:31.282 [Test worker] DEBUG org.apache.http.client.protocol.RequestAddCookies - CookieSpec selected: mine
11:45:31.282 [Test worker] DEBUG org.apache.http.client.protocol.RequestAuthCache - Auth cache not set in the context
11:45:31.282 [Test worker] DEBUG org.apache.http.impl.conn.PoolingHttpClientConnectionManager - Connection request: [route: {}->http://127.0.0.1:8080][total available: 1; route allocated: 1 of 6; total allocated: 1 of 20]
11:45:31.283 [Test worker] DEBUG org.apache.http.impl.conn.PoolingHttpClientConnectionManager - Connection leased: [id: 1][route: {}->http://127.0.0.1:8080][total available: 0; route allocated: 1 of 6; total allocated: 1 of 20]
11:45:31.283 [Test worker] DEBUG org.apache.http.impl.conn.DefaultManagedHttpClientConnection - http-outgoing-1: set socket timeout to 0
11:45:31.283 [Test worker] DEBUG org.apache.http.impl.conn.DefaultManagedHttpClientConnection - http-outgoing-1: set socket timeout to 0
11:45:31.283 [Test worker] DEBUG org.apache.http.impl.execchain.MainClientExec - Executing request GET /edit?id=1 HTTP/1.1
11:45:31.283 [Test worker] DEBUG org.apache.http.impl.execchain.MainClientExec - Target auth state: UNCHALLENGED
11:45:31.283 [Test worker] DEBUG org.apache.http.impl.execchain.MainClientExec - Proxy auth state: UNCHALLENGED
11:45:31.283 [Test worker] DEBUG org.apache.http.headers - http-outgoing-1 >> GET /edit?id=1 HTTP/1.1
11:45:31.283 [Test worker] DEBUG org.apache.http.headers - http-outgoing-1 >> Host: 127.0.0.1:8080
11:45:31.283 [Test worker] DEBUG org.apache.http.headers - http-outgoing-1 >> User-Agent: Mozilla/5.0 (Windows NT 6.1; rv:38.0) Gecko/20100101 Firefox/38.0
11:45:31.283 [Test worker] DEBUG org.apache.http.headers - http-outgoing-1 >> Accept: text/html,application/xhtml+xml,application/xml;q=0.9,*/*;q=0.8
11:45:31.283 [Test worker] DEBUG org.apache.http.headers - http-outgoing-1 >> Accept-Language: en-US
11:45:31.283 [Test worker] DEBUG org.apache.http.headers - http-outgoing-1 >> Accept-Encoding: gzip, deflate
11:45:31.283 [Test worker] DEBUG org.apache.http.headers - http-outgoing-1 >> Referer: http://127.0.0.1:8080/list
11:45:31.283 [Test worker] DEBUG org.apache.http.headers - http-outgoing-1 >> Connection: Keep-Alive
11:45:31.283 [Test worker] DEBUG org.apache.http.wire - http-outgoing-1 >> "GET /edit?id=1 HTTP/1.1[\r][\n]"
11:45:31.283 [Test worker] DEBUG org.apache.http.wire - http-outgoing-1 >> "Host: 127.0.0.1:8080[\r][\n]"
11:45:31.283 [Test worker] DEBUG org.apache.http.wire - http-outgoing-1 >> "User-Agent: Mozilla/5.0 (Windows NT 6.1; rv:38.0) Gecko/20100101 Firefox/38.0[\r][\n]"
11:45:31.284 [Test worker] DEBUG org.apache.http.wire - http-outgoing-1 >> "Accept: text/html,application/xhtml+xml,application/xml;q=0.9,*/*;q=0.8[\r][\n]"
11:45:31.284 [Test worker] DEBUG org.apache.http.wire - http-outgoing-1 >> "Accept-Language: en-US[\r][\n]"
11:45:31.284 [Test worker] DEBUG org.apache.http.wire - http-outgoing-1 >> "Accept-Encoding: gzip, deflate[\r][\n]"
11:45:31.284 [Test worker] DEBUG org.apache.http.wire - http-outgoing-1 >> "Referer: http://127.0.0.1:8080/list[\r][\n]"
11:45:31.284 [Test worker] DEBUG org.apache.http.wire - http-outgoing-1 >> "Connection: Keep-Alive[\r][\n]"
11:45:31.284 [Test worker] DEBUG org.apache.http.wire - http-outgoing-1 >> "[\r][\n]"
11:45:31.295 [Test worker] DEBUG org.apache.http.wire - http-outgoing-1 << "HTTP/1.1 200 [\r][\n]"
11:45:31.295 [Test worker] DEBUG org.apache.http.wire - http-outgoing-1 << "Content-Type: text/html;charset=UTF-8[\r][\n]"
11:45:31.295 [Test worker] DEBUG org.apache.http.wire - http-outgoing-1 << "Content-Language: en-US[\r][\n]"
11:45:31.295 [Test worker] DEBUG org.apache.http.wire - http-outgoing-1 << "Transfer-Encoding: chunked[\r][\n]"
11:45:31.296 [Test worker] DEBUG org.apache.http.wire - http-outgoing-1 << "Date: Thu, 21 Jan 2021 10:45:30 GMT[\r][\n]"
11:45:31.296 [Test worker] DEBUG org.apache.http.wire - http-outgoing-1 << "Keep-Alive: timeout=60[\r][\n]"
11:45:31.296 [Test worker] DEBUG org.apache.http.wire - http-outgoing-1 << "Connection: keep-alive[\r][\n]"
11:45:31.296 [Test worker] DEBUG org.apache.http.wire - http-outgoing-1 << "[\r][\n]"
11:45:31.296 [Test worker] DEBUG org.apache.http.wire - http-outgoing-1 << "4f7[\r][\n]"
11:45:31.296 [Test worker] DEBUG org.apache.http.wire - http-outgoing-1 << "<!DOCTYPE HTML>[\n]"
11:45:31.296 [Test worker] DEBUG org.apache.http.wire - http-outgoing-1 << "<html>[\n]"
11:45:31.296 [Test worker] DEBUG org.apache.http.wire - http-outgoing-1 << "<head>[\n]"
11:45:31.296 [Test worker] DEBUG org.apache.http.wire - http-outgoing-1 << "    <title>MVC Web application</title>[\n]"
11:45:31.296 [Test worker] DEBUG org.apache.http.wire - http-outgoing-1 << "    <meta http-equiv="Content-Type" content="text/html; charset=UTF-8" />[\n]"
11:45:31.296 [Test worker] DEBUG org.apache.http.wire - http-outgoing-1 << "</head>[\n]"
11:45:31.296 [Test worker] DEBUG org.apache.http.wire - http-outgoing-1 << "[\n]"
11:45:31.296 [Test worker] DEBUG org.apache.http.wire - http-outgoing-1 << "<body>[\n]"
11:45:31.296 [Test worker] DEBUG org.apache.http.wire - http-outgoing-1 << "<h1>Modifica Cartella Clinica</h1>[\n]"
11:45:31.296 [Test worker] DEBUG org.apache.http.wire - http-outgoing-1 << "[\n]"
11:45:31.296 [Test worker] DEBUG org.apache.http.wire - http-outgoing-1 << "<form action="update" method="post">[\n]"
11:45:31.296 [Test worker] DEBUG org.apache.http.wire - http-outgoing-1 << "    <input hidden value="1" name="id" id="id"/>[\n]"
11:45:31.296 [Test worker] DEBUG org.apache.http.wire - http-outgoing-1 << "    <table>[\n]"
11:45:31.296 [Test worker] DEBUG org.apache.http.wire - http-outgoing-1 << "        <tr>[\n]"
11:45:31.296 [Test worker] DEBUG org.apache.http.wire - http-outgoing-1 << "            <td>Nome</td>[\n]"
11:45:31.296 [Test worker] DEBUG org.apache.http.wire - http-outgoing-1 << "            <td><input type="text" name="firstName" value="Michele" required/></td>[\n]"
11:45:31.296 [Test worker] DEBUG org.apache.http.wire - http-outgoing-1 << "        </tr>[\n]"
11:45:31.296 [Test worker] DEBUG org.apache.http.wire - http-outgoing-1 << "        <tr>[\n]"
11:45:31.296 [Test worker] DEBUG org.apache.http.wire - http-outgoing-1 << "            <td>Cognome</td>[\n]"
11:45:31.296 [Test worker] DEBUG org.apache.http.wire - http-outgoing-1 << "            <td><input type="text" name="lastName" value="Bianchi" required/></td>[\n]"
11:45:31.296 [Test worker] DEBUG org.apache.http.wire - http-outgoing-1 << "        </tr>[\n]"
11:45:31.296 [Test worker] DEBUG org.apache.http.wire - http-outgoing-1 << "        <tr>[\n]"
11:45:31.296 [Test worker] DEBUG org.apache.http.wire - http-outgoing-1 << "            <td>Data ricorvero</td>[\n]"
11:45:31.296 [Test worker] DEBUG org.apache.http.wire - http-outgoing-1 << "            <td><input type="date" name="admissionDate" value="1993-06-11" style="text-align:center;" required/></td>[\n]"
11:45:31.296 [Test worker] DEBUG org.apache.http.wire - http-outgoing-1 << "        </tr>[\n]"
11:45:31.296 [Test worker] DEBUG org.apache.http.wire - http-outgoing-1 << "        <tr>[\n]"
11:45:31.296 [Test worker] DEBUG org.apache.http.wire - http-outgoing-1 << "            <td>Data dimissione</td>[\n]"
11:45:31.296 [Test worker] DEBUG org.apache.http.wire - http-outgoing-1 << "            <td><input type="date" name="dischargeDate" value="" style="text-align:center; "/></td>[\n]"
11:45:31.296 [Test worker] DEBUG org.apache.http.wire - http-outgoing-1 << "        </tr>[\n]"
11:45:31.296 [Test worker] DEBUG org.apache.http.wire - http-outgoing-1 << "        <tr>[\n]"
11:45:31.296 [Test worker] DEBUG org.apache.http.wire - http-outgoing-1 << "            <td>Faramaci</td>[\n]"
11:45:31.296 [Test worker] DEBUG org.apache.http.wire - http-outgoing-1 << "            <td><input type="text" name="drugs" value=""/></td>[\n]"
11:45:31.296 [Test worker] DEBUG org.apache.http.wire - http-outgoing-1 << "        </tr>[\n]"
11:45:31.296 [Test worker] DEBUG org.apache.http.wire - http-outgoing-1 << "        <tr>[\n]"
11:45:31.297 [Test worker] DEBUG org.apache.http.wire - http-outgoing-1 << "            <td>Prescrizione</td>[\n]"
11:45:31.297 [Test worker] DEBUG org.apache.http.wire - http-outgoing-1 << "            <td><input type="text" name="prescription" value=""/></td>[\n]"
11:45:31.297 [Test worker] DEBUG org.apache.http.wire - http-outgoing-1 << "        </tr>[\n]"
11:45:31.297 [Test worker] DEBUG org.apache.http.wire - http-outgoing-1 << "[\n]"
11:45:31.297 [Test worker] DEBUG org.apache.http.wire - http-outgoing-1 << "    </table>[\n]"
11:45:31.297 [Test worker] DEBUG org.apache.http.wire - http-outgoing-1 << "    <input type="submit" />[\n]"
11:45:31.297 [Test worker] DEBUG org.apache.http.wire - http-outgoing-1 << "</form>[\n]"
11:45:31.297 [Test worker] DEBUG org.apache.http.wire - http-outgoing-1 << "[\n]"
11:45:31.297 [Test worker] DEBUG org.apache.http.wire - http-outgoing-1 << "<a href="list"> Torna alla lista </a>[\n]"
11:45:31.297 [Test worker] DEBUG org.apache.http.wire - http-outgoing-1 << "[\n]"
11:45:31.297 [Test worker] DEBUG org.apache.http.wire - http-outgoing-1 << "</body>[\n]"
11:45:31.297 [Test worker] DEBUG org.apache.http.wire - http-outgoing-1 << "</html>[\r][\n]"
11:45:31.297 [Test worker] DEBUG org.apache.http.headers - http-outgoing-1 << HTTP/1.1 200 
11:45:31.297 [Test worker] DEBUG org.apache.http.headers - http-outgoing-1 << Content-Type: text/html;charset=UTF-8
11:45:31.297 [Test worker] DEBUG org.apache.http.headers - http-outgoing-1 << Content-Language: en-US
11:45:31.297 [Test worker] DEBUG org.apache.http.headers - http-outgoing-1 << Transfer-Encoding: chunked
11:45:31.297 [Test worker] DEBUG org.apache.http.headers - http-outgoing-1 << Date: Thu, 21 Jan 2021 10:45:30 GMT
11:45:31.297 [Test worker] DEBUG org.apache.http.headers - http-outgoing-1 << Keep-Alive: timeout=60
11:45:31.297 [Test worker] DEBUG org.apache.http.headers - http-outgoing-1 << Connection: keep-alive
11:45:31.297 [Test worker] DEBUG org.apache.http.impl.execchain.MainClientExec - Connection can be kept alive for 60000 MILLISECONDS
11:45:31.297 [Test worker] DEBUG org.apache.http.wire - http-outgoing-1 << "0[\r][\n]"
11:45:31.297 [Test worker] DEBUG org.apache.http.wire - http-outgoing-1 << "[\r][\n]"
11:45:31.297 [Test worker] DEBUG org.apache.http.impl.conn.PoolingHttpClientConnectionManager - Connection [id: 1][route: {}->http://127.0.0.1:8080] can be kept alive for 60.0 seconds
11:45:31.297 [Test worker] DEBUG org.apache.http.impl.conn.DefaultManagedHttpClientConnection - http-outgoing-1: set socket timeout to 0
11:45:31.298 [Test worker] DEBUG org.apache.http.impl.conn.PoolingHttpClientConnectionManager - Connection released: [id: 1][route: {}->http://127.0.0.1:8080][total available: 1; route allocated: 1 of 6; total allocated: 1 of 20]
11:45:31.298 [Test worker] DEBUG com.gargoylesoftware.htmlunit.html.DomElement - Firing Event unload (Current Target: HTMLElement for HtmlHtml[<html>]);
11:45:31.298 [Test worker] DEBUG com.gargoylesoftware.htmlunit.WebWindowImpl - setEnclosedPage: HtmlPage(http://127.0.0.1:8080/edit?id=1)@1647816657
11:45:31.298 [Test worker] DEBUG com.gargoylesoftware.htmlunit.WebWindowImpl - destroyChildren
11:45:31.307 [Test worker] DEBUG com.gargoylesoftware.htmlunit.util.EncodingSniffer - Encoding found in HTTP headers: 'UTF-8'.
11:45:31.312 [Test worker] DEBUG net.sourceforge.jwebunit.htmlunit.HtmlUnitTestingEngineImpl - Window "" changed : "MVC Web application" became "MVC Web application
11:45:31.313 [Test worker] DEBUG com.gargoylesoftware.htmlunit.html.DomElement - Firing Event DOMContentLoaded (Current Target: HTMLElement for HtmlHtml[<html>]);
11:45:31.313 [Test worker] DEBUG com.gargoylesoftware.htmlunit.html.DomElement - Firing Event load (Current Target: HTMLElement for HtmlHtml[<html>]);
11:45:31.314 [Test worker] DEBUG com.gargoylesoftware.htmlunit.html.DomElement - Firing Event mousedown (Current Target: HTMLElement for HtmlAnchor[<a href="list">]);
11:45:31.314 [Test worker] DEBUG com.gargoylesoftware.htmlunit.html.DomElement - Firing Event focus (Current Target: HTMLElement for HtmlAnchor[<a href="list">]);
11:45:31.314 [Test worker] DEBUG com.gargoylesoftware.htmlunit.html.DomElement - Firing Event mouseup (Current Target: HTMLElement for HtmlAnchor[<a href="list">]);
11:45:31.314 [Test worker] DEBUG com.gargoylesoftware.htmlunit.html.DomElement - Firing Event click (Current Target: HTMLElement for HtmlAnchor[<a href="list">]);
11:45:31.314 [Test worker] DEBUG com.gargoylesoftware.htmlunit.html.HtmlAnchor - do click action in window '', using href 'list'
11:45:31.314 [Test worker] DEBUG com.gargoylesoftware.htmlunit.util.EncodingSniffer - Encoding found in HTTP headers: 'UTF-8'.
11:45:31.314 [Test worker] DEBUG com.gargoylesoftware.htmlunit.html.HtmlAnchor - Getting page for http://127.0.0.1:8080/list, derived from href 'list', using the originating URL http://127.0.0.1:8080/edit?id=1
11:45:31.314 [Test worker] DEBUG com.gargoylesoftware.htmlunit.html.DomElement - Firing Event beforeunload (Current Target: HTMLElement for HtmlHtml[<html>]);
11:45:31.315 [Test worker] DEBUG com.gargoylesoftware.htmlunit.WebClient - Load response for GET http://127.0.0.1:8080/list
11:45:31.315 [Test worker] DEBUG org.apache.http.client.protocol.RequestAddCookies - CookieSpec selected: mine
11:45:31.315 [Test worker] DEBUG org.apache.http.client.protocol.RequestAuthCache - Auth cache not set in the context
11:45:31.316 [Test worker] DEBUG org.apache.http.impl.conn.PoolingHttpClientConnectionManager - Connection request: [route: {}->http://127.0.0.1:8080][total available: 1; route allocated: 1 of 6; total allocated: 1 of 20]
11:45:31.316 [Test worker] DEBUG org.apache.http.impl.conn.PoolingHttpClientConnectionManager - Connection leased: [id: 1][route: {}->http://127.0.0.1:8080][total available: 0; route allocated: 1 of 6; total allocated: 1 of 20]
11:45:31.316 [Test worker] DEBUG org.apache.http.impl.conn.DefaultManagedHttpClientConnection - http-outgoing-1: set socket timeout to 0
11:45:31.316 [Test worker] DEBUG org.apache.http.impl.conn.DefaultManagedHttpClientConnection - http-outgoing-1: set socket timeout to 0
11:45:31.316 [Test worker] DEBUG org.apache.http.impl.execchain.MainClientExec - Executing request GET /list HTTP/1.1
11:45:31.316 [Test worker] DEBUG org.apache.http.impl.execchain.MainClientExec - Target auth state: UNCHALLENGED
11:45:31.316 [Test worker] DEBUG org.apache.http.impl.execchain.MainClientExec - Proxy auth state: UNCHALLENGED
11:45:31.316 [Test worker] DEBUG org.apache.http.headers - http-outgoing-1 >> GET /list HTTP/1.1
11:45:31.316 [Test worker] DEBUG org.apache.http.headers - http-outgoing-1 >> Host: 127.0.0.1:8080
11:45:31.316 [Test worker] DEBUG org.apache.http.headers - http-outgoing-1 >> User-Agent: Mozilla/5.0 (Windows NT 6.1; rv:38.0) Gecko/20100101 Firefox/38.0
11:45:31.316 [Test worker] DEBUG org.apache.http.headers - http-outgoing-1 >> Accept: text/html,application/xhtml+xml,application/xml;q=0.9,*/*;q=0.8
11:45:31.316 [Test worker] DEBUG org.apache.http.headers - http-outgoing-1 >> Accept-Language: en-US
11:45:31.316 [Test worker] DEBUG org.apache.http.headers - http-outgoing-1 >> Accept-Encoding: gzip, deflate
11:45:31.316 [Test worker] DEBUG org.apache.http.headers - http-outgoing-1 >> Referer: http://127.0.0.1:8080/edit?id=1
11:45:31.316 [Test worker] DEBUG org.apache.http.headers - http-outgoing-1 >> Connection: Keep-Alive
11:45:31.316 [Test worker] DEBUG org.apache.http.wire - http-outgoing-1 >> "GET /list HTTP/1.1[\r][\n]"
11:45:31.316 [Test worker] DEBUG org.apache.http.wire - http-outgoing-1 >> "Host: 127.0.0.1:8080[\r][\n]"
11:45:31.316 [Test worker] DEBUG org.apache.http.wire - http-outgoing-1 >> "User-Agent: Mozilla/5.0 (Windows NT 6.1; rv:38.0) Gecko/20100101 Firefox/38.0[\r][\n]"
11:45:31.316 [Test worker] DEBUG org.apache.http.wire - http-outgoing-1 >> "Accept: text/html,application/xhtml+xml,application/xml;q=0.9,*/*;q=0.8[\r][\n]"
11:45:31.316 [Test worker] DEBUG org.apache.http.wire - http-outgoing-1 >> "Accept-Language: en-US[\r][\n]"
11:45:31.316 [Test worker] DEBUG org.apache.http.wire - http-outgoing-1 >> "Accept-Encoding: gzip, deflate[\r][\n]"
11:45:31.316 [Test worker] DEBUG org.apache.http.wire - http-outgoing-1 >> "Referer: http://127.0.0.1:8080/edit?id=1[\r][\n]"
11:45:31.316 [Test worker] DEBUG org.apache.http.wire - http-outgoing-1 >> "Connection: Keep-Alive[\r][\n]"
11:45:31.317 [Test worker] DEBUG org.apache.http.wire - http-outgoing-1 >> "[\r][\n]"
11:45:31.323 [Test worker] DEBUG org.apache.http.wire - http-outgoing-1 << "HTTP/1.1 200 [\r][\n]"
11:45:31.323 [Test worker] DEBUG org.apache.http.wire - http-outgoing-1 << "Content-Type: text/html;charset=UTF-8[\r][\n]"
11:45:31.323 [Test worker] DEBUG org.apache.http.wire - http-outgoing-1 << "Content-Language: en-US[\r][\n]"
11:45:31.323 [Test worker] DEBUG org.apache.http.wire - http-outgoing-1 << "Transfer-Encoding: chunked[\r][\n]"
11:45:31.323 [Test worker] DEBUG org.apache.http.wire - http-outgoing-1 << "Date: Thu, 21 Jan 2021 10:45:30 GMT[\r][\n]"
11:45:31.323 [Test worker] DEBUG org.apache.http.wire - http-outgoing-1 << "Keep-Alive: timeout=60[\r][\n]"
11:45:31.323 [Test worker] DEBUG org.apache.http.wire - http-outgoing-1 << "Connection: keep-alive[\r][\n]"
11:45:31.323 [Test worker] DEBUG org.apache.http.wire - http-outgoing-1 << "[\r][\n]"
11:45:31.323 [Test worker] DEBUG org.apache.http.wire - http-outgoing-1 << "7e9[\r][\n]"
11:45:31.323 [Test worker] DEBUG org.apache.http.wire - http-outgoing-1 << "<!DOCTYPE HTML>[\n]"
11:45:31.323 [Test worker] DEBUG org.apache.http.wire - http-outgoing-1 << "<html>[\n]"
11:45:31.323 [Test worker] DEBUG org.apache.http.wire - http-outgoing-1 << "<head>[\n]"
11:45:31.323 [Test worker] DEBUG org.apache.http.wire - http-outgoing-1 << "    <title>MVC Web application</title>[\n]"
11:45:31.324 [Test worker] DEBUG org.apache.http.wire - http-outgoing-1 << "    <meta http-equiv="Content-Type" content="text/html; charset=UTF-8" />[\n]"
11:45:31.324 [Test worker] DEBUG org.apache.http.wire - http-outgoing-1 << "</head>[\n]"
11:45:31.324 [Test worker] DEBUG org.apache.http.wire - http-outgoing-1 << "[\n]"
11:45:31.324 [Test worker] DEBUG org.apache.http.wire - http-outgoing-1 << "<body>[\n]"
11:45:31.324 [Test worker] DEBUG org.apache.http.wire - http-outgoing-1 << "<h1>Pazienti Ricoverati</h1>[\n]"
11:45:31.324 [Test worker] DEBUG org.apache.http.wire - http-outgoing-1 << "[\n]"
11:45:31.324 [Test worker] DEBUG org.apache.http.wire - http-outgoing-1 << "<table border="1" id="present" name="present">[\n]"
11:45:31.324 [Test worker] DEBUG org.apache.http.wire - http-outgoing-1 << "    <thead>[\n]"
11:45:31.324 [Test worker] DEBUG org.apache.http.wire - http-outgoing-1 << "    <tr>[\n]"
11:45:31.324 [Test worker] DEBUG org.apache.http.wire - http-outgoing-1 << "        <th>Id</th>[\n]"
11:45:31.324 [Test worker] DEBUG org.apache.http.wire - http-outgoing-1 << "        <th>Nome</th>[\n]"
11:45:31.324 [Test worker] DEBUG org.apache.http.wire - http-outgoing-1 << "        <th>Cognome</th>[\n]"
11:45:31.324 [Test worker] DEBUG org.apache.http.wire - http-outgoing-1 << "        <th>Data ricovero</th>[\n]"
11:45:31.324 [Test worker] DEBUG org.apache.http.wire - http-outgoing-1 << "        <th>Data dimissione</th>[\n]"
11:45:31.324 [Test worker] DEBUG org.apache.http.wire - http-outgoing-1 << "        <th>Mostra</th>[\n]"
11:45:31.324 [Test worker] DEBUG org.apache.http.wire - http-outgoing-1 << "        <th>Modifica</th>[\n]"
11:45:31.324 [Test worker] DEBUG org.apache.http.wire - http-outgoing-1 << "        <th>Dimetti</th>[\n]"
11:45:31.324 [Test worker] DEBUG org.apache.http.wire - http-outgoing-1 << "        <th>Cancella</th>[\n]"
11:45:31.324 [Test worker] DEBUG org.apache.http.wire - http-outgoing-1 << "        <th>Stampa</th>[\n]"
11:45:31.324 [Test worker] DEBUG org.apache.http.wire - http-outgoing-1 << "    </tr>[\n]"
11:45:31.324 [Test worker] DEBUG org.apache.http.wire - http-outgoing-1 << "    </thead>[\n]"
11:45:31.324 [Test worker] DEBUG org.apache.http.wire - http-outgoing-1 << "    <tbody>[\n]"
11:45:31.324 [Test worker] DEBUG org.apache.http.wire - http-outgoing-1 << "        <tr>[\n]"
11:45:31.324 [Test worker] DEBUG org.apache.http.wire - http-outgoing-1 << "            <td id="id">1</td>[\n]"
11:45:31.324 [Test worker] DEBUG org.apache.http.wire - http-outgoing-1 << "            <td style="text-align:center;">Michele</td>[\n]"
11:45:31.324 [Test worker] DEBUG org.apache.http.wire - http-outgoing-1 << "            <td id='lastName' style="text-align:center;">Bianchi</td>[\n]"
11:45:31.324 [Test worker] DEBUG org.apache.http.wire - http-outgoing-1 << "            <td style="text-align:center;">11/06/1993</td>[\n]"
11:45:31.324 [Test worker] DEBUG org.apache.http.wire - http-outgoing-1 << "            <td style="text-align:center;"></td>[\n]"
11:45:31.324 [Test worker] DEBUG org.apache.http.wire - http-outgoing-1 << "            <td> <a href="cartella?id=1" style="text-align:center;"> Cartella </a></td>[\n]"
11:45:31.324 [Test worker] DEBUG org.apache.http.wire - http-outgoing-1 << "            <td> <a href="edit?id=1" id="modifica" style="text-align:center;"> Modifica </a></td>[\n]"
11:45:31.324 [Test worker] DEBUG org.apache.http.wire - http-outgoing-1 << "            <td> <a href="dimetti?id=1" style="text-align:center;"> Dimetti </a></td>[\n]"
11:45:31.324 [Test worker] DEBUG org.apache.http.wire - http-outgoing-1 << "            <td> <a href="delete?id=1" id="cancella" style="text-align:center;"> Cancella </a></td>[\n]"
11:45:31.325 [Test worker] DEBUG org.apache.http.wire - http-outgoing-1 << "            <td><button><a href="print?id=1" style="text-align:center;text-decoration:none;"> Stampa scheda </a></button></td>[\n]"
11:45:31.325 [Test worker] DEBUG org.apache.http.wire - http-outgoing-1 << "        </tr>[\n]"
11:45:31.325 [Test worker] DEBUG org.apache.http.wire - http-outgoing-1 << "        </tbody>[\n]"
11:45:31.325 [Test worker] DEBUG org.apache.http.wire - http-outgoing-1 << "</table>[\n]"
11:45:31.325 [Test worker] DEBUG org.apache.http.wire - http-outgoing-1 << "[\n]"
11:45:31.325 [Test worker] DEBUG org.apache.http.wire - http-outgoing-1 << "<h1>Pazienti Dimessi</h1>[\n]"
11:45:31.325 [Test worker] DEBUG org.apache.http.wire - http-outgoing-1 << "<table border="1" id="discharged" name="discharged">[\n]"
11:45:31.325 [Test worker] DEBUG org.apache.http.wire - http-outgoing-1 << "    <thead>[\n]"
11:45:31.325 [Test worker] DEBUG org.apache.http.wire - http-outgoing-1 << "    <tr>[\n]"
11:45:31.325 [Test worker] DEBUG org.apache.http.wire - http-outgoing-1 << "        <th>Id</th>[\n]"
11:45:31.325 [Test worker] DEBUG org.apache.http.wire - http-outgoing-1 << "        <th>Nome</th>[\n]"
11:45:31.325 [Test worker] DEBUG org.apache.http.wire - http-outgoing-1 << "        <th>Cognome</th>[\n]"
11:45:31.325 [Test worker] DEBUG org.apache.http.wire - http-outgoing-1 << "        <th>Data Ricovero</th>[\n]"
11:45:31.325 [Test worker] DEBUG org.apache.http.wire - http-outgoing-1 << "        <th>Data Dimissione</th>[\n]"
11:45:31.325 [Test worker] DEBUG org.apache.http.wire - http-outgoing-1 << "        <th>Cartella</th>[\n]"
11:45:31.325 [Test worker] DEBUG org.apache.http.wire - http-outgoing-1 << "        <th>Modifica</th>[\n]"
11:45:31.325 [Test worker] DEBUG org.apache.http.wire - http-outgoing-1 << "        <th>Cancella</th>[\n]"
11:45:31.325 [Test worker] DEBUG org.apache.http.wire - http-outgoing-1 << "        <th>Stampa</th>[\n]"
11:45:31.325 [Test worker] DEBUG org.apache.http.wire - http-outgoing-1 << "    </tr>[\n]"
11:45:31.325 [Test worker] DEBUG org.apache.http.wire - http-outgoing-1 << "    </thead>[\n]"
11:45:31.325 [Test worker] DEBUG org.apache.http.wire - http-outgoing-1 << "    <tbody>[\n]"
11:45:31.325 [Test worker] DEBUG org.apache.http.wire - http-outgoing-1 << "    [\n]"
11:45:31.325 [Test worker] DEBUG org.apache.http.wire - http-outgoing-1 << "    </tbody>[\n]"
11:45:31.325 [Test worker] DEBUG org.apache.http.wire - http-outgoing-1 << "</table>[\n]"
11:45:31.325 [Test worker] DEBUG org.apache.http.wire - http-outgoing-1 << "<br>[\n]"
11:45:31.325 [Test worker] DEBUG org.apache.http.wire - http-outgoing-1 << "<button><a href="input" style="text-decoration:none;">Registra un paziente</a></button>[\n]"
11:45:31.325 [Test worker] DEBUG org.apache.http.wire - http-outgoing-1 << "<br>[\n]"
11:45:31.325 [Test worker] DEBUG org.apache.http.wire - http-outgoing-1 << "<br>[\n]"
11:45:31.325 [Test worker] DEBUG org.apache.http.wire - http-outgoing-1 << "[\n]"
11:45:31.325 [Test worker] DEBUG org.apache.http.wire - http-outgoing-1 << "<form action="search" method="post">[\n]"
11:45:31.325 [Test worker] DEBUG org.apache.http.wire - http-outgoing-1 << "    Cognome Paziente: <input type="text" name="lastName"/>[\n]"
11:45:31.326 [Test worker] DEBUG org.apache.http.wire - http-outgoing-1 << "    <input type="submit" value="Cerca"/>[\n]"
11:45:31.326 [Test worker] DEBUG org.apache.http.wire - http-outgoing-1 << "</form>[\n]"
11:45:31.326 [Test worker] DEBUG org.apache.http.wire - http-outgoing-1 << "</body>[\n]"
11:45:31.326 [Test worker] DEBUG org.apache.http.wire - http-outgoing-1 << "</html>[\r][\n]"
11:45:31.326 [Test worker] DEBUG org.apache.http.headers - http-outgoing-1 << HTTP/1.1 200 
11:45:31.326 [Test worker] DEBUG org.apache.http.headers - http-outgoing-1 << Content-Type: text/html;charset=UTF-8
11:45:31.326 [Test worker] DEBUG org.apache.http.headers - http-outgoing-1 << Content-Language: en-US
11:45:31.326 [Test worker] DEBUG org.apache.http.headers - http-outgoing-1 << Transfer-Encoding: chunked
11:45:31.326 [Test worker] DEBUG org.apache.http.headers - http-outgoing-1 << Date: Thu, 21 Jan 2021 10:45:30 GMT
11:45:31.326 [Test worker] DEBUG org.apache.http.headers - http-outgoing-1 << Keep-Alive: timeout=60
11:45:31.326 [Test worker] DEBUG org.apache.http.headers - http-outgoing-1 << Connection: keep-alive
11:45:31.326 [Test worker] DEBUG org.apache.http.impl.execchain.MainClientExec - Connection can be kept alive for 60000 MILLISECONDS
11:45:31.326 [Test worker] DEBUG org.apache.http.wire - http-outgoing-1 << "0[\r][\n]"
11:45:31.326 [Test worker] DEBUG org.apache.http.wire - http-outgoing-1 << "[\r][\n]"
11:45:31.326 [Test worker] DEBUG org.apache.http.impl.conn.PoolingHttpClientConnectionManager - Connection [id: 1][route: {}->http://127.0.0.1:8080] can be kept alive for 60.0 seconds
11:45:31.327 [Test worker] DEBUG org.apache.http.impl.conn.DefaultManagedHttpClientConnection - http-outgoing-1: set socket timeout to 0
11:45:31.327 [Test worker] DEBUG org.apache.http.impl.conn.PoolingHttpClientConnectionManager - Connection released: [id: 1][route: {}->http://127.0.0.1:8080][total available: 1; route allocated: 1 of 6; total allocated: 1 of 20]
11:45:31.327 [Test worker] DEBUG com.gargoylesoftware.htmlunit.html.DomElement - Firing Event unload (Current Target: HTMLElement for HtmlHtml[<html>]);
11:45:31.327 [Test worker] DEBUG com.gargoylesoftware.htmlunit.WebWindowImpl - setEnclosedPage: HtmlPage(http://127.0.0.1:8080/list)@1254942680
11:45:31.327 [Test worker] DEBUG com.gargoylesoftware.htmlunit.WebWindowImpl - destroyChildren
11:45:31.334 [Test worker] DEBUG com.gargoylesoftware.htmlunit.util.EncodingSniffer - Encoding found in HTTP headers: 'UTF-8'.
11:45:31.340 [Test worker] DEBUG net.sourceforge.jwebunit.htmlunit.HtmlUnitTestingEngineImpl - Window "" changed : "MVC Web application" became "MVC Web application
11:45:31.341 [Test worker] DEBUG com.gargoylesoftware.htmlunit.html.DomElement - Firing Event DOMContentLoaded (Current Target: HTMLElement for HtmlHtml[<html>]);
11:45:31.341 [Test worker] DEBUG com.gargoylesoftware.htmlunit.html.DomElement - Firing Event load (Current Target: HTMLElement for HtmlHtml[<html>]);
11:45:31.342 [Test worker] DEBUG com.gargoylesoftware.htmlunit.html.DomElement - Firing Event mousedown (Current Target: HTMLElement for HtmlAnchor[<a href="dimetti?id=1" style="text-align:center;">]);
11:45:31.342 [Test worker] DEBUG com.gargoylesoftware.htmlunit.html.DomElement - Firing Event focus (Current Target: HTMLElement for HtmlAnchor[<a href="dimetti?id=1" style="text-align:center;">]);
11:45:31.342 [Test worker] DEBUG com.gargoylesoftware.htmlunit.html.DomElement - Firing Event mouseup (Current Target: HTMLElement for HtmlAnchor[<a href="dimetti?id=1" style="text-align:center;">]);
11:45:31.343 [Test worker] DEBUG com.gargoylesoftware.htmlunit.html.DomElement - Firing Event click (Current Target: HTMLElement for HtmlAnchor[<a href="dimetti?id=1" style="text-align:center;">]);
11:45:31.343 [Test worker] DEBUG com.gargoylesoftware.htmlunit.html.HtmlAnchor - do click action in window '', using href 'dimetti?id=1'
11:45:31.343 [Test worker] DEBUG com.gargoylesoftware.htmlunit.util.EncodingSniffer - Encoding found in HTTP headers: 'UTF-8'.
11:45:31.343 [Test worker] DEBUG com.gargoylesoftware.htmlunit.html.HtmlAnchor - Getting page for http://127.0.0.1:8080/dimetti?id=1, derived from href 'dimetti?id=1', using the originating URL http://127.0.0.1:8080/list
11:45:31.343 [Test worker] DEBUG com.gargoylesoftware.htmlunit.html.DomElement - Firing Event beforeunload (Current Target: HTMLElement for HtmlHtml[<html>]);
11:45:31.343 [Test worker] DEBUG com.gargoylesoftware.htmlunit.WebClient - Load response for GET http://127.0.0.1:8080/dimetti?id=1
11:45:31.344 [Test worker] DEBUG org.apache.http.client.protocol.RequestAddCookies - CookieSpec selected: mine
11:45:31.344 [Test worker] DEBUG org.apache.http.client.protocol.RequestAuthCache - Auth cache not set in the context
11:45:31.344 [Test worker] DEBUG org.apache.http.impl.conn.PoolingHttpClientConnectionManager - Connection request: [route: {}->http://127.0.0.1:8080][total available: 1; route allocated: 1 of 6; total allocated: 1 of 20]
11:45:31.344 [Test worker] DEBUG org.apache.http.impl.conn.PoolingHttpClientConnectionManager - Connection leased: [id: 1][route: {}->http://127.0.0.1:8080][total available: 0; route allocated: 1 of 6; total allocated: 1 of 20]
11:45:31.344 [Test worker] DEBUG org.apache.http.impl.conn.DefaultManagedHttpClientConnection - http-outgoing-1: set socket timeout to 0
11:45:31.345 [Test worker] DEBUG org.apache.http.impl.conn.DefaultManagedHttpClientConnection - http-outgoing-1: set socket timeout to 0
11:45:31.345 [Test worker] DEBUG org.apache.http.impl.execchain.MainClientExec - Executing request GET /dimetti?id=1 HTTP/1.1
11:45:31.345 [Test worker] DEBUG org.apache.http.impl.execchain.MainClientExec - Target auth state: UNCHALLENGED
11:45:31.345 [Test worker] DEBUG org.apache.http.impl.execchain.MainClientExec - Proxy auth state: UNCHALLENGED
11:45:31.345 [Test worker] DEBUG org.apache.http.headers - http-outgoing-1 >> GET /dimetti?id=1 HTTP/1.1
11:45:31.345 [Test worker] DEBUG org.apache.http.headers - http-outgoing-1 >> Host: 127.0.0.1:8080
11:45:31.345 [Test worker] DEBUG org.apache.http.headers - http-outgoing-1 >> User-Agent: Mozilla/5.0 (Windows NT 6.1; rv:38.0) Gecko/20100101 Firefox/38.0
11:45:31.345 [Test worker] DEBUG org.apache.http.headers - http-outgoing-1 >> Accept: text/html,application/xhtml+xml,application/xml;q=0.9,*/*;q=0.8
11:45:31.345 [Test worker] DEBUG org.apache.http.headers - http-outgoing-1 >> Accept-Language: en-US
11:45:31.345 [Test worker] DEBUG org.apache.http.headers - http-outgoing-1 >> Accept-Encoding: gzip, deflate
11:45:31.345 [Test worker] DEBUG org.apache.http.headers - http-outgoing-1 >> Referer: http://127.0.0.1:8080/list
11:45:31.345 [Test worker] DEBUG org.apache.http.headers - http-outgoing-1 >> Connection: Keep-Alive
11:45:31.345 [Test worker] DEBUG org.apache.http.wire - http-outgoing-1 >> "GET /dimetti?id=1 HTTP/1.1[\r][\n]"
11:45:31.345 [Test worker] DEBUG org.apache.http.wire - http-outgoing-1 >> "Host: 127.0.0.1:8080[\r][\n]"
11:45:31.345 [Test worker] DEBUG org.apache.http.wire - http-outgoing-1 >> "User-Agent: Mozilla/5.0 (Windows NT 6.1; rv:38.0) Gecko/20100101 Firefox/38.0[\r][\n]"
11:45:31.345 [Test worker] DEBUG org.apache.http.wire - http-outgoing-1 >> "Accept: text/html,application/xhtml+xml,application/xml;q=0.9,*/*;q=0.8[\r][\n]"
11:45:31.345 [Test worker] DEBUG org.apache.http.wire - http-outgoing-1 >> "Accept-Language: en-US[\r][\n]"
11:45:31.345 [Test worker] DEBUG org.apache.http.wire - http-outgoing-1 >> "Accept-Encoding: gzip, deflate[\r][\n]"
11:45:31.346 [Test worker] DEBUG org.apache.http.wire - http-outgoing-1 >> "Referer: http://127.0.0.1:8080/list[\r][\n]"
11:45:31.346 [Test worker] DEBUG org.apache.http.wire - http-outgoing-1 >> "Connection: Keep-Alive[\r][\n]"
11:45:31.346 [Test worker] DEBUG org.apache.http.wire - http-outgoing-1 >> "[\r][\n]"
11:45:31.354 [Test worker] DEBUG org.apache.http.wire - http-outgoing-1 << "HTTP/1.1 302 [\r][\n]"
11:45:31.354 [Test worker] DEBUG org.apache.http.wire - http-outgoing-1 << "Location: http://127.0.0.1:8080/list[\r][\n]"
11:45:31.354 [Test worker] DEBUG org.apache.http.wire - http-outgoing-1 << "Content-Language: en-US[\r][\n]"
11:45:31.354 [Test worker] DEBUG org.apache.http.wire - http-outgoing-1 << "Content-Length: 0[\r][\n]"
11:45:31.354 [Test worker] DEBUG org.apache.http.wire - http-outgoing-1 << "Date: Thu, 21 Jan 2021 10:45:30 GMT[\r][\n]"
11:45:31.354 [Test worker] DEBUG org.apache.http.wire - http-outgoing-1 << "Keep-Alive: timeout=60[\r][\n]"
11:45:31.354 [Test worker] DEBUG org.apache.http.wire - http-outgoing-1 << "Connection: keep-alive[\r][\n]"
11:45:31.354 [Test worker] DEBUG org.apache.http.wire - http-outgoing-1 << "[\r][\n]"
11:45:31.354 [Test worker] DEBUG org.apache.http.headers - http-outgoing-1 << HTTP/1.1 302 
11:45:31.354 [Test worker] DEBUG org.apache.http.headers - http-outgoing-1 << Location: http://127.0.0.1:8080/list
11:45:31.354 [Test worker] DEBUG org.apache.http.headers - http-outgoing-1 << Content-Language: en-US
11:45:31.354 [Test worker] DEBUG org.apache.http.headers - http-outgoing-1 << Content-Length: 0
11:45:31.354 [Test worker] DEBUG org.apache.http.headers - http-outgoing-1 << Date: Thu, 21 Jan 2021 10:45:30 GMT
11:45:31.354 [Test worker] DEBUG org.apache.http.headers - http-outgoing-1 << Keep-Alive: timeout=60
11:45:31.354 [Test worker] DEBUG org.apache.http.headers - http-outgoing-1 << Connection: keep-alive
11:45:31.354 [Test worker] DEBUG org.apache.http.impl.execchain.MainClientExec - Connection can be kept alive for 60000 MILLISECONDS
11:45:31.355 [Test worker] DEBUG org.apache.http.impl.conn.PoolingHttpClientConnectionManager - Connection [id: 1][route: {}->http://127.0.0.1:8080] can be kept alive for 60.0 seconds
11:45:31.355 [Test worker] DEBUG org.apache.http.impl.conn.DefaultManagedHttpClientConnection - http-outgoing-1: set socket timeout to 0
11:45:31.355 [Test worker] DEBUG org.apache.http.impl.conn.PoolingHttpClientConnectionManager - Connection released: [id: 1][route: {}->http://127.0.0.1:8080][total available: 1; route allocated: 1 of 6; total allocated: 1 of 20]
11:45:31.355 [Test worker] DEBUG com.gargoylesoftware.htmlunit.WebClient - Got a redirect status code [302] new location = [http://127.0.0.1:8080/list]
11:45:31.355 [Test worker] DEBUG com.gargoylesoftware.htmlunit.WebClient - Load response for GET http://127.0.0.1:8080/list
11:45:31.356 [Test worker] DEBUG org.apache.http.client.protocol.RequestAddCookies - CookieSpec selected: mine
11:45:31.356 [Test worker] DEBUG org.apache.http.client.protocol.RequestAuthCache - Auth cache not set in the context
11:45:31.356 [Test worker] DEBUG org.apache.http.impl.conn.PoolingHttpClientConnectionManager - Connection request: [route: {}->http://127.0.0.1:8080][total available: 1; route allocated: 1 of 6; total allocated: 1 of 20]
11:45:31.356 [Test worker] DEBUG org.apache.http.impl.conn.PoolingHttpClientConnectionManager - Connection leased: [id: 1][route: {}->http://127.0.0.1:8080][total available: 0; route allocated: 1 of 6; total allocated: 1 of 20]
11:45:31.356 [Test worker] DEBUG org.apache.http.impl.conn.DefaultManagedHttpClientConnection - http-outgoing-1: set socket timeout to 0
11:45:31.356 [Test worker] DEBUG org.apache.http.impl.conn.DefaultManagedHttpClientConnection - http-outgoing-1: set socket timeout to 0
11:45:31.356 [Test worker] DEBUG org.apache.http.impl.execchain.MainClientExec - Executing request GET /list HTTP/1.1
11:45:31.356 [Test worker] DEBUG org.apache.http.impl.execchain.MainClientExec - Target auth state: UNCHALLENGED
11:45:31.356 [Test worker] DEBUG org.apache.http.impl.execchain.MainClientExec - Proxy auth state: UNCHALLENGED
11:45:31.357 [Test worker] DEBUG org.apache.http.headers - http-outgoing-1 >> GET /list HTTP/1.1
11:45:31.357 [Test worker] DEBUG org.apache.http.headers - http-outgoing-1 >> Host: 127.0.0.1:8080
11:45:31.357 [Test worker] DEBUG org.apache.http.headers - http-outgoing-1 >> User-Agent: Mozilla/5.0 (Windows NT 6.1; rv:38.0) Gecko/20100101 Firefox/38.0
11:45:31.357 [Test worker] DEBUG org.apache.http.headers - http-outgoing-1 >> Accept: text/html,application/xhtml+xml,application/xml;q=0.9,*/*;q=0.8
11:45:31.357 [Test worker] DEBUG org.apache.http.headers - http-outgoing-1 >> Accept-Language: en-US
11:45:31.357 [Test worker] DEBUG org.apache.http.headers - http-outgoing-1 >> Accept-Encoding: gzip, deflate
11:45:31.357 [Test worker] DEBUG org.apache.http.headers - http-outgoing-1 >> Referer: http://127.0.0.1:8080/list
11:45:31.357 [Test worker] DEBUG org.apache.http.headers - http-outgoing-1 >> Connection: Keep-Alive
11:45:31.357 [Test worker] DEBUG org.apache.http.wire - http-outgoing-1 >> "GET /list HTTP/1.1[\r][\n]"
11:45:31.357 [Test worker] DEBUG org.apache.http.wire - http-outgoing-1 >> "Host: 127.0.0.1:8080[\r][\n]"
11:45:31.357 [Test worker] DEBUG org.apache.http.wire - http-outgoing-1 >> "User-Agent: Mozilla/5.0 (Windows NT 6.1; rv:38.0) Gecko/20100101 Firefox/38.0[\r][\n]"
11:45:31.357 [Test worker] DEBUG org.apache.http.wire - http-outgoing-1 >> "Accept: text/html,application/xhtml+xml,application/xml;q=0.9,*/*;q=0.8[\r][\n]"
11:45:31.357 [Test worker] DEBUG org.apache.http.wire - http-outgoing-1 >> "Accept-Language: en-US[\r][\n]"
11:45:31.357 [Test worker] DEBUG org.apache.http.wire - http-outgoing-1 >> "Accept-Encoding: gzip, deflate[\r][\n]"
11:45:31.357 [Test worker] DEBUG org.apache.http.wire - http-outgoing-1 >> "Referer: http://127.0.0.1:8080/list[\r][\n]"
11:45:31.357 [Test worker] DEBUG org.apache.http.wire - http-outgoing-1 >> "Connection: Keep-Alive[\r][\n]"
11:45:31.357 [Test worker] DEBUG org.apache.http.wire - http-outgoing-1 >> "[\r][\n]"
11:45:31.364 [Test worker] DEBUG org.apache.http.wire - http-outgoing-1 << "HTTP/1.1 200 [\r][\n]"
11:45:31.364 [Test worker] DEBUG org.apache.http.wire - http-outgoing-1 << "Content-Type: text/html;charset=UTF-8[\r][\n]"
11:45:31.364 [Test worker] DEBUG org.apache.http.wire - http-outgoing-1 << "Content-Language: en-US[\r][\n]"
11:45:31.364 [Test worker] DEBUG org.apache.http.wire - http-outgoing-1 << "Transfer-Encoding: chunked[\r][\n]"
11:45:31.364 [Test worker] DEBUG org.apache.http.wire - http-outgoing-1 << "Date: Thu, 21 Jan 2021 10:45:30 GMT[\r][\n]"
11:45:31.364 [Test worker] DEBUG org.apache.http.wire - http-outgoing-1 << "Keep-Alive: timeout=60[\r][\n]"
11:45:31.364 [Test worker] DEBUG org.apache.http.wire - http-outgoing-1 << "Connection: keep-alive[\r][\n]"
11:45:31.364 [Test worker] DEBUG org.apache.http.wire - http-outgoing-1 << "[\r][\n]"
11:45:31.364 [Test worker] DEBUG org.apache.http.wire - http-outgoing-1 << "7e3[\r][\n]"
11:45:31.364 [Test worker] DEBUG org.apache.http.wire - http-outgoing-1 << "<!DOCTYPE HTML>[\n]"
11:45:31.364 [Test worker] DEBUG org.apache.http.wire - http-outgoing-1 << "<html>[\n]"
11:45:31.364 [Test worker] DEBUG org.apache.http.wire - http-outgoing-1 << "<head>[\n]"
11:45:31.364 [Test worker] DEBUG org.apache.http.wire - http-outgoing-1 << "    <title>MVC Web application</title>[\n]"
11:45:31.364 [Test worker] DEBUG org.apache.http.wire - http-outgoing-1 << "    <meta http-equiv="Content-Type" content="text/html; charset=UTF-8" />[\n]"
11:45:31.365 [Test worker] DEBUG org.apache.http.wire - http-outgoing-1 << "</head>[\n]"
11:45:31.365 [Test worker] DEBUG org.apache.http.wire - http-outgoing-1 << "[\n]"
11:45:31.365 [Test worker] DEBUG org.apache.http.wire - http-outgoing-1 << "<body>[\n]"
11:45:31.365 [Test worker] DEBUG org.apache.http.wire - http-outgoing-1 << "<h1>Pazienti Ricoverati</h1>[\n]"
11:45:31.365 [Test worker] DEBUG org.apache.http.wire - http-outgoing-1 << "[\n]"
11:45:31.365 [Test worker] DEBUG org.apache.http.wire - http-outgoing-1 << "<table border="1" id="present" name="present">[\n]"
11:45:31.365 [Test worker] DEBUG org.apache.http.wire - http-outgoing-1 << "    <thead>[\n]"
11:45:31.365 [Test worker] DEBUG org.apache.http.wire - http-outgoing-1 << "    <tr>[\n]"
11:45:31.365 [Test worker] DEBUG org.apache.http.wire - http-outgoing-1 << "        <th>Id</th>[\n]"
11:45:31.365 [Test worker] DEBUG org.apache.http.wire - http-outgoing-1 << "        <th>Nome</th>[\n]"
11:45:31.365 [Test worker] DEBUG org.apache.http.wire - http-outgoing-1 << "        <th>Cognome</th>[\n]"
11:45:31.365 [Test worker] DEBUG org.apache.http.wire - http-outgoing-1 << "        <th>Data ricovero</th>[\n]"
11:45:31.365 [Test worker] DEBUG org.apache.http.wire - http-outgoing-1 << "        <th>Data dimissione</th>[\n]"
11:45:31.365 [Test worker] DEBUG org.apache.http.wire - http-outgoing-1 << "        <th>Mostra</th>[\n]"
11:45:31.365 [Test worker] DEBUG org.apache.http.wire - http-outgoing-1 << "        <th>Modifica</th>[\n]"
11:45:31.365 [Test worker] DEBUG org.apache.http.wire - http-outgoing-1 << "        <th>Dimetti</th>[\n]"
11:45:31.365 [Test worker] DEBUG org.apache.http.wire - http-outgoing-1 << "        <th>Cancella</th>[\n]"
11:45:31.365 [Test worker] DEBUG org.apache.http.wire - http-outgoing-1 << "        <th>Stampa</th>[\n]"
11:45:31.365 [Test worker] DEBUG org.apache.http.wire - http-outgoing-1 << "    </tr>[\n]"
11:45:31.365 [Test worker] DEBUG org.apache.http.wire - http-outgoing-1 << "    </thead>[\n]"
11:45:31.365 [Test worker] DEBUG org.apache.http.wire - http-outgoing-1 << "    <tbody>[\n]"
11:45:31.365 [Test worker] DEBUG org.apache.http.wire - http-outgoing-1 << "        [\n]"
11:45:31.365 [Test worker] DEBUG org.apache.http.wire - http-outgoing-1 << "        </tbody>[\n]"
11:45:31.365 [Test worker] DEBUG org.apache.http.wire - http-outgoing-1 << "</table>[\n]"
11:45:31.365 [Test worker] DEBUG org.apache.http.wire - http-outgoing-1 << "[\n]"
11:45:31.365 [Test worker] DEBUG org.apache.http.wire - http-outgoing-1 << "<h1>Pazienti Dimessi</h1>[\n]"
11:45:31.365 [Test worker] DEBUG org.apache.http.wire - http-outgoing-1 << "<table border="1" id="discharged" name="discharged">[\n]"
11:45:31.365 [Test worker] DEBUG org.apache.http.wire - http-outgoing-1 << "    <thead>[\n]"
11:45:31.365 [Test worker] DEBUG org.apache.http.wire - http-outgoing-1 << "    <tr>[\n]"
11:45:31.365 [Test worker] DEBUG org.apache.http.wire - http-outgoing-1 << "        <th>Id</th>[\n]"
11:45:31.365 [Test worker] DEBUG org.apache.http.wire - http-outgoing-1 << "        <th>Nome</th>[\n]"
11:45:31.365 [Test worker] DEBUG org.apache.http.wire - http-outgoing-1 << "        <th>Cognome</th>[\n]"
11:45:31.365 [Test worker] DEBUG org.apache.http.wire - http-outgoing-1 << "        <th>Data Ricovero</th>[\n]"
11:45:31.365 [Test worker] DEBUG org.apache.http.wire - http-outgoing-1 << "        <th>Data Dimissione</th>[\n]"
11:45:31.365 [Test worker] DEBUG org.apache.http.wire - http-outgoing-1 << "        <th>Cartella</th>[\n]"
11:45:31.365 [Test worker] DEBUG org.apache.http.wire - http-outgoing-1 << "        <th>Modifica</th>[\n]"
11:45:31.365 [Test worker] DEBUG org.apache.http.wire - http-outgoing-1 << "        <th>Cancella</th>[\n]"
11:45:31.365 [Test worker] DEBUG org.apache.http.wire - http-outgoing-1 << "        <th>Stampa</th>[\n]"
11:45:31.365 [Test worker] DEBUG org.apache.http.wire - http-outgoing-1 << "    </tr>[\n]"
11:45:31.365 [Test worker] DEBUG org.apache.http.wire - http-outgoing-1 << "    </thead>[\n]"
11:45:31.365 [Test worker] DEBUG org.apache.http.wire - http-outgoing-1 << "    <tbody>[\n]"
11:45:31.365 [Test worker] DEBUG org.apache.http.wire - http-outgoing-1 << "    <tr>[\n]"
11:45:31.365 [Test worker] DEBUG org.apache.http.wire - http-outgoing-1 << "        <td id="idDischarged">1</td>[\n]"
11:45:31.365 [Test worker] DEBUG org.apache.http.wire - http-outgoing-1 << "        <td style="text-align:center;">Michele</td>[\n]"
11:45:31.365 [Test worker] DEBUG org.apache.http.wire - http-outgoing-1 << "        <td id='lastNameDischarged' style="text-align:center;">Bianchi</td>[\n]"
11:45:31.365 [Test worker] DEBUG org.apache.http.wire - http-outgoing-1 << "        <td style="text-align:center;">11/06/1993</td>[\n]"
11:45:31.365 [Test worker] DEBUG org.apache.http.wire - http-outgoing-1 << "        <td style="text-align:center;">21/01/2021</td>[\n]"
11:45:31.365 [Test worker] DEBUG org.apache.http.wire - http-outgoing-1 << "        <td> <a href="cartella?id=1" style="text-align:center;"> Cartella </a></td>[\n]"
11:45:31.365 [Test worker] DEBUG org.apache.http.wire - http-outgoing-1 << "        <td> <a id="modificaDischarged" style="text-align:center; cursor:not-allowed; pointer-events:none; color:grey;"> Modifica </a></td>[\n]"
11:45:31.365 [Test worker] DEBUG org.apache.http.wire - http-outgoing-1 << "        <td> <a id="cancellaDischarged" style="text-align:center; cursor:not-allowed; pointer-events:none; color:grey;"> Cancella </a></td>[\n]"
11:45:31.365 [Test worker] DEBUG org.apache.http.wire - http-outgoing-1 << "        <td><button><a href="print?id=1" style="text-align:center;text-decoration:none;"> Stampa scheda </a></button></td>[\n]"
11:45:31.365 [Test worker] DEBUG org.apache.http.wire - http-outgoing-1 << "    </tr>[\n]"
11:45:31.365 [Test worker] DEBUG org.apache.http.wire - http-outgoing-1 << "    </tbody>[\n]"
11:45:31.365 [Test worker] DEBUG org.apache.http.wire - http-outgoing-1 << "</table>[\n]"
11:45:31.365 [Test worker] DEBUG org.apache.http.wire - http-outgoing-1 << "<br>[\n]"
11:45:31.365 [Test worker] DEBUG org.apache.http.wire - http-outgoing-1 << "<button><a href="input" style="text-decoration:none;">Registra un paziente</a></button>[\n]"
11:45:31.366 [Test worker] DEBUG org.apache.http.wire - http-outgoing-1 << "<br>[\n]"
11:45:31.366 [Test worker] DEBUG org.apache.http.wire - http-outgoing-1 << "<br>[\n]"
11:45:31.366 [Test worker] DEBUG org.apache.http.wire - http-outgoing-1 << "[\n]"
11:45:31.366 [Test worker] DEBUG org.apache.http.wire - http-outgoing-1 << "<form action="search" method="post">[\n]"
11:45:31.366 [Test worker] DEBUG org.apache.http.wire - http-outgoing-1 << "    Cognome Paziente: <input type="text" name="lastName"/>[\n]"
11:45:31.366 [Test worker] DEBUG org.apache.http.wire - http-outgoing-1 << "    <input type="submit" value="Cerca"/>[\n]"
11:45:31.366 [Test worker] DEBUG org.apache.http.wire - http-outgoing-1 << "</form>[\n]"
11:45:31.366 [Test worker] DEBUG org.apache.http.wire - http-outgoing-1 << "</body>[\n]"
11:45:31.366 [Test worker] DEBUG org.apache.http.wire - http-outgoing-1 << "</html>[\r][\n]"
11:45:31.366 [Test worker] DEBUG org.apache.http.headers - http-outgoing-1 << HTTP/1.1 200 
11:45:31.366 [Test worker] DEBUG org.apache.http.headers - http-outgoing-1 << Content-Type: text/html;charset=UTF-8
11:45:31.366 [Test worker] DEBUG org.apache.http.headers - http-outgoing-1 << Content-Language: en-US
11:45:31.366 [Test worker] DEBUG org.apache.http.headers - http-outgoing-1 << Transfer-Encoding: chunked
11:45:31.366 [Test worker] DEBUG org.apache.http.headers - http-outgoing-1 << Date: Thu, 21 Jan 2021 10:45:30 GMT
11:45:31.366 [Test worker] DEBUG org.apache.http.headers - http-outgoing-1 << Keep-Alive: timeout=60
11:45:31.366 [Test worker] DEBUG org.apache.http.headers - http-outgoing-1 << Connection: keep-alive
11:45:31.366 [Test worker] DEBUG org.apache.http.impl.execchain.MainClientExec - Connection can be kept alive for 60000 MILLISECONDS
11:45:31.366 [Test worker] DEBUG org.apache.http.wire - http-outgoing-1 << "0[\r][\n]"
11:45:31.366 [Test worker] DEBUG org.apache.http.wire - http-outgoing-1 << "[\r][\n]"
11:45:31.366 [Test worker] DEBUG org.apache.http.impl.conn.PoolingHttpClientConnectionManager - Connection [id: 1][route: {}->http://127.0.0.1:8080] can be kept alive for 60.0 seconds
11:45:31.366 [Test worker] DEBUG org.apache.http.impl.conn.DefaultManagedHttpClientConnection - http-outgoing-1: set socket timeout to 0
11:45:31.367 [Test worker] DEBUG org.apache.http.impl.conn.PoolingHttpClientConnectionManager - Connection released: [id: 1][route: {}->http://127.0.0.1:8080][total available: 1; route allocated: 1 of 6; total allocated: 1 of 20]
11:45:31.367 [Test worker] DEBUG com.gargoylesoftware.htmlunit.html.DomElement - Firing Event unload (Current Target: HTMLElement for HtmlHtml[<html>]);
11:45:31.367 [Test worker] DEBUG com.gargoylesoftware.htmlunit.WebWindowImpl - setEnclosedPage: HtmlPage(http://127.0.0.1:8080/list)@991563946
11:45:31.367 [Test worker] DEBUG com.gargoylesoftware.htmlunit.WebWindowImpl - destroyChildren
11:45:31.418 [Test worker] DEBUG com.gargoylesoftware.htmlunit.util.EncodingSniffer - Encoding found in HTTP headers: 'UTF-8'.
11:45:31.425 [Test worker] DEBUG net.sourceforge.jwebunit.htmlunit.HtmlUnitTestingEngineImpl - Window "" changed : "MVC Web application" became "MVC Web application
11:45:31.425 [Test worker] DEBUG com.gargoylesoftware.htmlunit.html.DomElement - Firing Event DOMContentLoaded (Current Target: HTMLElement for HtmlHtml[<html>]);
11:45:31.425 [Test worker] DEBUG com.gargoylesoftware.htmlunit.html.DomElement - Firing Event load (Current Target: HTMLElement for HtmlHtml[<html>]);
11:45:31.428 [Test worker] DEBUG com.gargoylesoftware.htmlunit.html.DomElement - Firing Event mousedown (Current Target: HTMLElement for HtmlAnchor[<a href="print?id=1" style="text-align:center;text-decoration:none;">]);
11:45:31.428 [Test worker] DEBUG com.gargoylesoftware.htmlunit.html.DomElement - Firing Event focus (Current Target: HTMLElement for HtmlAnchor[<a href="print?id=1" style="text-align:center;text-decoration:none;">]);
11:45:31.428 [Test worker] DEBUG com.gargoylesoftware.htmlunit.html.DomElement - Firing Event mouseup (Current Target: HTMLElement for HtmlAnchor[<a href="print?id=1" style="text-align:center;text-decoration:none;">]);
11:45:31.429 [Test worker] DEBUG com.gargoylesoftware.htmlunit.html.DomElement - Firing Event click (Current Target: HTMLElement for HtmlAnchor[<a href="print?id=1" style="text-align:center;text-decoration:none;">]);
11:45:31.429 [Test worker] DEBUG com.gargoylesoftware.htmlunit.html.HtmlAnchor - do click action in window '', using href 'print?id=1'
11:45:31.429 [Test worker] DEBUG com.gargoylesoftware.htmlunit.util.EncodingSniffer - Encoding found in HTTP headers: 'UTF-8'.
11:45:31.429 [Test worker] DEBUG com.gargoylesoftware.htmlunit.html.HtmlAnchor - Getting page for http://127.0.0.1:8080/print?id=1, derived from href 'print?id=1', using the originating URL http://127.0.0.1:8080/list
11:45:31.429 [Test worker] DEBUG com.gargoylesoftware.htmlunit.html.DomElement - Firing Event beforeunload (Current Target: HTMLElement for HtmlHtml[<html>]);
11:45:31.429 [Test worker] DEBUG com.gargoylesoftware.htmlunit.WebClient - Load response for GET http://127.0.0.1:8080/print?id=1
11:45:31.430 [Test worker] DEBUG org.apache.http.client.protocol.RequestAddCookies - CookieSpec selected: mine
11:45:31.430 [Test worker] DEBUG org.apache.http.client.protocol.RequestAuthCache - Auth cache not set in the context
11:45:31.430 [Test worker] DEBUG org.apache.http.impl.conn.PoolingHttpClientConnectionManager - Connection request: [route: {}->http://127.0.0.1:8080][total available: 1; route allocated: 1 of 6; total allocated: 1 of 20]
11:45:31.430 [Test worker] DEBUG org.apache.http.impl.conn.PoolingHttpClientConnectionManager - Connection leased: [id: 1][route: {}->http://127.0.0.1:8080][total available: 0; route allocated: 1 of 6; total allocated: 1 of 20]
11:45:31.430 [Test worker] DEBUG org.apache.http.impl.conn.DefaultManagedHttpClientConnection - http-outgoing-1: set socket timeout to 0
11:45:31.430 [Test worker] DEBUG org.apache.http.impl.conn.DefaultManagedHttpClientConnection - http-outgoing-1: set socket timeout to 0
11:45:31.431 [Test worker] DEBUG org.apache.http.impl.execchain.MainClientExec - Executing request GET /print?id=1 HTTP/1.1
11:45:31.431 [Test worker] DEBUG org.apache.http.impl.execchain.MainClientExec - Target auth state: UNCHALLENGED
11:45:31.431 [Test worker] DEBUG org.apache.http.impl.execchain.MainClientExec - Proxy auth state: UNCHALLENGED
11:45:31.431 [Test worker] DEBUG org.apache.http.headers - http-outgoing-1 >> GET /print?id=1 HTTP/1.1
11:45:31.431 [Test worker] DEBUG org.apache.http.headers - http-outgoing-1 >> Host: 127.0.0.1:8080
11:45:31.431 [Test worker] DEBUG org.apache.http.headers - http-outgoing-1 >> User-Agent: Mozilla/5.0 (Windows NT 6.1; rv:38.0) Gecko/20100101 Firefox/38.0
11:45:31.431 [Test worker] DEBUG org.apache.http.headers - http-outgoing-1 >> Accept: text/html,application/xhtml+xml,application/xml;q=0.9,*/*;q=0.8
11:45:31.431 [Test worker] DEBUG org.apache.http.headers - http-outgoing-1 >> Accept-Language: en-US
11:45:31.431 [Test worker] DEBUG org.apache.http.headers - http-outgoing-1 >> Accept-Encoding: gzip, deflate
11:45:31.431 [Test worker] DEBUG org.apache.http.headers - http-outgoing-1 >> Referer: http://127.0.0.1:8080/list
11:45:31.431 [Test worker] DEBUG org.apache.http.headers - http-outgoing-1 >> Connection: Keep-Alive
11:45:31.431 [Test worker] DEBUG org.apache.http.wire - http-outgoing-1 >> "GET /print?id=1 HTTP/1.1[\r][\n]"
11:45:31.431 [Test worker] DEBUG org.apache.http.wire - http-outgoing-1 >> "Host: 127.0.0.1:8080[\r][\n]"
11:45:31.431 [Test worker] DEBUG org.apache.http.wire - http-outgoing-1 >> "User-Agent: Mozilla/5.0 (Windows NT 6.1; rv:38.0) Gecko/20100101 Firefox/38.0[\r][\n]"
11:45:31.431 [Test worker] DEBUG org.apache.http.wire - http-outgoing-1 >> "Accept: text/html,application/xhtml+xml,application/xml;q=0.9,*/*;q=0.8[\r][\n]"
11:45:31.431 [Test worker] DEBUG org.apache.http.wire - http-outgoing-1 >> "Accept-Language: en-US[\r][\n]"
11:45:31.431 [Test worker] DEBUG org.apache.http.wire - http-outgoing-1 >> "Accept-Encoding: gzip, deflate[\r][\n]"
11:45:31.431 [Test worker] DEBUG org.apache.http.wire - http-outgoing-1 >> "Referer: http://127.0.0.1:8080/list[\r][\n]"
11:45:31.431 [Test worker] DEBUG org.apache.http.wire - http-outgoing-1 >> "Connection: Keep-Alive[\r][\n]"
11:45:31.431 [Test worker] DEBUG org.apache.http.wire - http-outgoing-1 >> "[\r][\n]"
11:45:31.462 [Test worker] DEBUG org.apache.http.wire - http-outgoing-1 << "HTTP/1.1 200 [\r][\n]"
11:45:31.462 [Test worker] DEBUG org.apache.http.wire - http-outgoing-1 << "Content-Type: text/html;charset=UTF-8[\r][\n]"
11:45:31.462 [Test worker] DEBUG org.apache.http.wire - http-outgoing-1 << "Content-Language: en-US[\r][\n]"
11:45:31.462 [Test worker] DEBUG org.apache.http.wire - http-outgoing-1 << "Transfer-Encoding: chunked[\r][\n]"
11:45:31.462 [Test worker] DEBUG org.apache.http.wire - http-outgoing-1 << "Date: Thu, 21 Jan 2021 10:45:30 GMT[\r][\n]"
11:45:31.462 [Test worker] DEBUG org.apache.http.wire - http-outgoing-1 << "Keep-Alive: timeout=60[\r][\n]"
11:45:31.462 [Test worker] DEBUG org.apache.http.wire - http-outgoing-1 << "Connection: keep-alive[\r][\n]"
11:45:31.462 [Test worker] DEBUG org.apache.http.wire - http-outgoing-1 << "[\r][\n]"
11:45:31.462 [Test worker] DEBUG org.apache.http.wire - http-outgoing-1 << "268[\r][\n]"
11:45:31.462 [Test worker] DEBUG org.apache.http.wire - http-outgoing-1 << "<!DOCTYPE HTML>[\n]"
11:45:31.462 [Test worker] DEBUG org.apache.http.wire - http-outgoing-1 << "<html>[\n]"
11:45:31.462 [Test worker] DEBUG org.apache.http.wire - http-outgoing-1 << "<head>[\n]"
11:45:31.462 [Test worker] DEBUG org.apache.http.wire - http-outgoing-1 << "    <title>MVC Web application</title>[\n]"
11:45:31.462 [Test worker] DEBUG org.apache.http.wire - http-outgoing-1 << "    <meta http-equiv="Content-Type" content="text/html; charset=UTF-8" />[\n]"
11:45:31.462 [Test worker] DEBUG org.apache.http.wire - http-outgoing-1 << "</head>[\n]"
11:45:31.462 [Test worker] DEBUG org.apache.http.wire - http-outgoing-1 << "[\n]"
11:45:31.462 [Test worker] DEBUG org.apache.http.wire - http-outgoing-1 << "<body>[\n]"
11:45:31.462 [Test worker] DEBUG org.apache.http.wire - http-outgoing-1 << "[\n]"
11:45:31.462 [Test worker] DEBUG org.apache.http.wire - http-outgoing-1 << "<div style="background-color: #FFFCE7">[\n]"
11:45:31.462 [Test worker] DEBUG org.apache.http.wire - http-outgoing-1 << "    <h1>Paziente: Michele Bianchi</h1>[\n]"
11:45:31.462 [Test worker] DEBUG org.apache.http.wire - http-outgoing-1 << "    <h3>Data ricovero: 11/06/1993</h3>[\n]"
11:45:31.462 [Test worker] DEBUG org.apache.http.wire - http-outgoing-1 << "    <h3>Data dimissione: 21/01/2021</h3>[\n]"
11:45:31.462 [Test worker] DEBUG org.apache.http.wire - http-outgoing-1 << "</div>[\n]"
11:45:31.462 [Test worker] DEBUG org.apache.http.wire - http-outgoing-1 << "[\n]"
11:45:31.462 [Test worker] DEBUG org.apache.http.wire - http-outgoing-1 << "<div style="background-color: #CAEEFE">[\n]"
11:45:31.462 [Test worker] DEBUG org.apache.http.wire - http-outgoing-1 << "    <h3>FARMACI:</h3>[\n]"
11:45:31.462 [Test worker] DEBUG org.apache.http.wire - http-outgoing-1 << "    <h3>NON PRESENTE</h3>[\n]"
11:45:31.462 [Test worker] DEBUG org.apache.http.wire - http-outgoing-1 << "    <i><p></p></i>[\n]"
11:45:31.462 [Test worker] DEBUG org.apache.http.wire - http-outgoing-1 << "</div>[\n]"
11:45:31.462 [Test worker] DEBUG org.apache.http.wire - http-outgoing-1 << "[\n]"
11:45:31.462 [Test worker] DEBUG org.apache.http.wire - http-outgoing-1 << "<div style="background-color: #E1FFD4">[\n]"
11:45:31.462 [Test worker] DEBUG org.apache.http.wire - http-outgoing-1 << "    <h3>PRESCRIZIONE:</h3>[\n]"
11:45:31.463 [Test worker] DEBUG org.apache.http.wire - http-outgoing-1 << "    <h3>NON PRESENTE</h3>[\n]"
11:45:31.463 [Test worker] DEBUG org.apache.http.wire - http-outgoing-1 << "    <i><p></p></i>[\n]"
11:45:31.463 [Test worker] DEBUG org.apache.http.wire - http-outgoing-1 << "</div>[\n]"
11:45:31.463 [Test worker] DEBUG org.apache.http.wire - http-outgoing-1 << "[\n]"
11:45:31.463 [Test worker] DEBUG org.apache.http.wire - http-outgoing-1 << "<a href="list"> Torna alla lista </a>[\n]"
11:45:31.463 [Test worker] DEBUG org.apache.http.wire - http-outgoing-1 << "[\n]"
11:45:31.463 [Test worker] DEBUG org.apache.http.wire - http-outgoing-1 << "</body>[\n]"
11:45:31.463 [Test worker] DEBUG org.apache.http.wire - http-outgoing-1 << "</html>[\r][\n]"
11:45:31.463 [Test worker] DEBUG org.apache.http.headers - http-outgoing-1 << HTTP/1.1 200 
11:45:31.463 [Test worker] DEBUG org.apache.http.headers - http-outgoing-1 << Content-Type: text/html;charset=UTF-8
11:45:31.463 [Test worker] DEBUG org.apache.http.headers - http-outgoing-1 << Content-Language: en-US
11:45:31.463 [Test worker] DEBUG org.apache.http.headers - http-outgoing-1 << Transfer-Encoding: chunked
11:45:31.463 [Test worker] DEBUG org.apache.http.headers - http-outgoing-1 << Date: Thu, 21 Jan 2021 10:45:30 GMT
11:45:31.463 [Test worker] DEBUG org.apache.http.headers - http-outgoing-1 << Keep-Alive: timeout=60
11:45:31.463 [Test worker] DEBUG org.apache.http.headers - http-outgoing-1 << Connection: keep-alive
11:45:31.463 [Test worker] DEBUG org.apache.http.impl.execchain.MainClientExec - Connection can be kept alive for 60000 MILLISECONDS
11:45:31.463 [Test worker] DEBUG org.apache.http.wire - http-outgoing-1 << "0[\r][\n]"
11:45:31.463 [Test worker] DEBUG org.apache.http.wire - http-outgoing-1 << "[\r][\n]"
11:45:31.463 [Test worker] DEBUG org.apache.http.impl.conn.PoolingHttpClientConnectionManager - Connection [id: 1][route: {}->http://127.0.0.1:8080] can be kept alive for 60.0 seconds
11:45:31.463 [Test worker] DEBUG org.apache.http.impl.conn.DefaultManagedHttpClientConnection - http-outgoing-1: set socket timeout to 0
11:45:31.463 [Test worker] DEBUG org.apache.http.impl.conn.PoolingHttpClientConnectionManager - Connection released: [id: 1][route: {}->http://127.0.0.1:8080][total available: 1; route allocated: 1 of 6; total allocated: 1 of 20]
11:45:31.464 [Test worker] DEBUG com.gargoylesoftware.htmlunit.html.DomElement - Firing Event unload (Current Target: HTMLElement for HtmlHtml[<html>]);
11:45:31.464 [Test worker] DEBUG com.gargoylesoftware.htmlunit.WebWindowImpl - setEnclosedPage: HtmlPage(http://127.0.0.1:8080/print?id=1)@749063340
11:45:31.464 [Test worker] DEBUG com.gargoylesoftware.htmlunit.WebWindowImpl - destroyChildren
11:45:31.472 [Test worker] DEBUG com.gargoylesoftware.htmlunit.util.EncodingSniffer - Encoding found in HTTP headers: 'UTF-8'.
11:45:31.474 [Test worker] DEBUG net.sourceforge.jwebunit.htmlunit.HtmlUnitTestingEngineImpl - Window "" changed : "MVC Web application" became "MVC Web application
11:45:31.475 [Test worker] DEBUG com.gargoylesoftware.htmlunit.html.DomElement - Firing Event DOMContentLoaded (Current Target: HTMLElement for HtmlHtml[<html>]);
11:45:31.475 [Test worker] DEBUG com.gargoylesoftware.htmlunit.html.DomElement - Firing Event load (Current Target: HTMLElement for HtmlHtml[<html>]);
11:45:31.477 [Test worker] DEBUG com.gargoylesoftware.htmlunit.html.DomElement - Firing Event mousedown (Current Target: HTMLElement for HtmlAnchor[<a href="list">]);
11:45:31.477 [Test worker] DEBUG com.gargoylesoftware.htmlunit.html.DomElement - Firing Event focus (Current Target: HTMLElement for HtmlAnchor[<a href="list">]);
11:45:31.477 [Test worker] DEBUG com.gargoylesoftware.htmlunit.html.DomElement - Firing Event mouseup (Current Target: HTMLElement for HtmlAnchor[<a href="list">]);
11:45:31.477 [Test worker] DEBUG com.gargoylesoftware.htmlunit.html.DomElement - Firing Event click (Current Target: HTMLElement for HtmlAnchor[<a href="list">]);
11:45:31.477 [Test worker] DEBUG com.gargoylesoftware.htmlunit.html.HtmlAnchor - do click action in window '', using href 'list'
11:45:31.478 [Test worker] DEBUG com.gargoylesoftware.htmlunit.util.EncodingSniffer - Encoding found in HTTP headers: 'UTF-8'.
11:45:31.478 [Test worker] DEBUG com.gargoylesoftware.htmlunit.html.HtmlAnchor - Getting page for http://127.0.0.1:8080/list, derived from href 'list', using the originating URL http://127.0.0.1:8080/print?id=1
11:45:31.478 [Test worker] DEBUG com.gargoylesoftware.htmlunit.html.DomElement - Firing Event beforeunload (Current Target: HTMLElement for HtmlHtml[<html>]);
11:45:31.478 [Test worker] DEBUG com.gargoylesoftware.htmlunit.WebClient - Load response for GET http://127.0.0.1:8080/list
11:45:31.479 [Test worker] DEBUG org.apache.http.client.protocol.RequestAddCookies - CookieSpec selected: mine
11:45:31.479 [Test worker] DEBUG org.apache.http.client.protocol.RequestAuthCache - Auth cache not set in the context
11:45:31.479 [Test worker] DEBUG org.apache.http.impl.conn.PoolingHttpClientConnectionManager - Connection request: [route: {}->http://127.0.0.1:8080][total available: 1; route allocated: 1 of 6; total allocated: 1 of 20]
11:45:31.479 [Test worker] DEBUG org.apache.http.impl.conn.PoolingHttpClientConnectionManager - Connection leased: [id: 1][route: {}->http://127.0.0.1:8080][total available: 0; route allocated: 1 of 6; total allocated: 1 of 20]
11:45:31.479 [Test worker] DEBUG org.apache.http.impl.conn.DefaultManagedHttpClientConnection - http-outgoing-1: set socket timeout to 0
11:45:31.479 [Test worker] DEBUG org.apache.http.impl.conn.DefaultManagedHttpClientConnection - http-outgoing-1: set socket timeout to 0
11:45:31.479 [Test worker] DEBUG org.apache.http.impl.execchain.MainClientExec - Executing request GET /list HTTP/1.1
11:45:31.479 [Test worker] DEBUG org.apache.http.impl.execchain.MainClientExec - Target auth state: UNCHALLENGED
11:45:31.480 [Test worker] DEBUG org.apache.http.impl.execchain.MainClientExec - Proxy auth state: UNCHALLENGED
11:45:31.480 [Test worker] DEBUG org.apache.http.headers - http-outgoing-1 >> GET /list HTTP/1.1
11:45:31.480 [Test worker] DEBUG org.apache.http.headers - http-outgoing-1 >> Host: 127.0.0.1:8080
11:45:31.480 [Test worker] DEBUG org.apache.http.headers - http-outgoing-1 >> User-Agent: Mozilla/5.0 (Windows NT 6.1; rv:38.0) Gecko/20100101 Firefox/38.0
11:45:31.480 [Test worker] DEBUG org.apache.http.headers - http-outgoing-1 >> Accept: text/html,application/xhtml+xml,application/xml;q=0.9,*/*;q=0.8
11:45:31.480 [Test worker] DEBUG org.apache.http.headers - http-outgoing-1 >> Accept-Language: en-US
11:45:31.480 [Test worker] DEBUG org.apache.http.headers - http-outgoing-1 >> Accept-Encoding: gzip, deflate
11:45:31.480 [Test worker] DEBUG org.apache.http.headers - http-outgoing-1 >> Referer: http://127.0.0.1:8080/print?id=1
11:45:31.480 [Test worker] DEBUG org.apache.http.headers - http-outgoing-1 >> Connection: Keep-Alive
11:45:31.480 [Test worker] DEBUG org.apache.http.wire - http-outgoing-1 >> "GET /list HTTP/1.1[\r][\n]"
11:45:31.480 [Test worker] DEBUG org.apache.http.wire - http-outgoing-1 >> "Host: 127.0.0.1:8080[\r][\n]"
11:45:31.480 [Test worker] DEBUG org.apache.http.wire - http-outgoing-1 >> "User-Agent: Mozilla/5.0 (Windows NT 6.1; rv:38.0) Gecko/20100101 Firefox/38.0[\r][\n]"
11:45:31.480 [Test worker] DEBUG org.apache.http.wire - http-outgoing-1 >> "Accept: text/html,application/xhtml+xml,application/xml;q=0.9,*/*;q=0.8[\r][\n]"
11:45:31.480 [Test worker] DEBUG org.apache.http.wire - http-outgoing-1 >> "Accept-Language: en-US[\r][\n]"
11:45:31.480 [Test worker] DEBUG org.apache.http.wire - http-outgoing-1 >> "Accept-Encoding: gzip, deflate[\r][\n]"
11:45:31.480 [Test worker] DEBUG org.apache.http.wire - http-outgoing-1 >> "Referer: http://127.0.0.1:8080/print?id=1[\r][\n]"
11:45:31.480 [Test worker] DEBUG org.apache.http.wire - http-outgoing-1 >> "Connection: Keep-Alive[\r][\n]"
11:45:31.480 [Test worker] DEBUG org.apache.http.wire - http-outgoing-1 >> "[\r][\n]"
11:45:31.486 [Test worker] DEBUG org.apache.http.wire - http-outgoing-1 << "HTTP/1.1 200 [\r][\n]"
11:45:31.486 [Test worker] DEBUG org.apache.http.wire - http-outgoing-1 << "Content-Type: text/html;charset=UTF-8[\r][\n]"
11:45:31.486 [Test worker] DEBUG org.apache.http.wire - http-outgoing-1 << "Content-Language: en-US[\r][\n]"
11:45:31.486 [Test worker] DEBUG org.apache.http.wire - http-outgoing-1 << "Transfer-Encoding: chunked[\r][\n]"
11:45:31.486 [Test worker] DEBUG org.apache.http.wire - http-outgoing-1 << "Date: Thu, 21 Jan 2021 10:45:30 GMT[\r][\n]"
11:45:31.486 [Test worker] DEBUG org.apache.http.wire - http-outgoing-1 << "Keep-Alive: timeout=60[\r][\n]"
11:45:31.486 [Test worker] DEBUG org.apache.http.wire - http-outgoing-1 << "Connection: keep-alive[\r][\n]"
11:45:31.487 [Test worker] DEBUG org.apache.http.wire - http-outgoing-1 << "[\r][\n]"
11:45:31.487 [Test worker] DEBUG org.apache.http.wire - http-outgoing-1 << "7e3[\r][\n]"
11:45:31.487 [Test worker] DEBUG org.apache.http.wire - http-outgoing-1 << "<!DOCTYPE HTML>[\n]"
11:45:31.487 [Test worker] DEBUG org.apache.http.wire - http-outgoing-1 << "<html>[\n]"
11:45:31.487 [Test worker] DEBUG org.apache.http.wire - http-outgoing-1 << "<head>[\n]"
11:45:31.487 [Test worker] DEBUG org.apache.http.wire - http-outgoing-1 << "    <title>MVC Web application</title>[\n]"
11:45:31.487 [Test worker] DEBUG org.apache.http.wire - http-outgoing-1 << "    <meta http-equiv="Content-Type" content="text/html; charset=UTF-8" />[\n]"
11:45:31.487 [Test worker] DEBUG org.apache.http.wire - http-outgoing-1 << "</head>[\n]"
11:45:31.487 [Test worker] DEBUG org.apache.http.wire - http-outgoing-1 << "[\n]"
11:45:31.487 [Test worker] DEBUG org.apache.http.wire - http-outgoing-1 << "<body>[\n]"
11:45:31.487 [Test worker] DEBUG org.apache.http.wire - http-outgoing-1 << "<h1>Pazienti Ricoverati</h1>[\n]"
11:45:31.487 [Test worker] DEBUG org.apache.http.wire - http-outgoing-1 << "[\n]"
11:45:31.487 [Test worker] DEBUG org.apache.http.wire - http-outgoing-1 << "<table border="1" id="present" name="present">[\n]"
11:45:31.487 [Test worker] DEBUG org.apache.http.wire - http-outgoing-1 << "    <thead>[\n]"
11:45:31.487 [Test worker] DEBUG org.apache.http.wire - http-outgoing-1 << "    <tr>[\n]"
11:45:31.487 [Test worker] DEBUG org.apache.http.wire - http-outgoing-1 << "        <th>Id</th>[\n]"
11:45:31.487 [Test worker] DEBUG org.apache.http.wire - http-outgoing-1 << "        <th>Nome</th>[\n]"
11:45:31.487 [Test worker] DEBUG org.apache.http.wire - http-outgoing-1 << "        <th>Cognome</th>[\n]"
11:45:31.487 [Test worker] DEBUG org.apache.http.wire - http-outgoing-1 << "        <th>Data ricovero</th>[\n]"
11:45:31.487 [Test worker] DEBUG org.apache.http.wire - http-outgoing-1 << "        <th>Data dimissione</th>[\n]"
11:45:31.487 [Test worker] DEBUG org.apache.http.wire - http-outgoing-1 << "        <th>Mostra</th>[\n]"
11:45:31.487 [Test worker] DEBUG org.apache.http.wire - http-outgoing-1 << "        <th>Modifica</th>[\n]"
11:45:31.487 [Test worker] DEBUG org.apache.http.wire - http-outgoing-1 << "        <th>Dimetti</th>[\n]"
11:45:31.487 [Test worker] DEBUG org.apache.http.wire - http-outgoing-1 << "        <th>Cancella</th>[\n]"
11:45:31.487 [Test worker] DEBUG org.apache.http.wire - http-outgoing-1 << "        <th>Stampa</th>[\n]"
11:45:31.487 [Test worker] DEBUG org.apache.http.wire - http-outgoing-1 << "    </tr>[\n]"
11:45:31.487 [Test worker] DEBUG org.apache.http.wire - http-outgoing-1 << "    </thead>[\n]"
11:45:31.487 [Test worker] DEBUG org.apache.http.wire - http-outgoing-1 << "    <tbody>[\n]"
11:45:31.487 [Test worker] DEBUG org.apache.http.wire - http-outgoing-1 << "        [\n]"
11:45:31.487 [Test worker] DEBUG org.apache.http.wire - http-outgoing-1 << "        </tbody>[\n]"
11:45:31.487 [Test worker] DEBUG org.apache.http.wire - http-outgoing-1 << "</table>[\n]"
11:45:31.487 [Test worker] DEBUG org.apache.http.wire - http-outgoing-1 << "[\n]"
11:45:31.487 [Test worker] DEBUG org.apache.http.wire - http-outgoing-1 << "<h1>Pazienti Dimessi</h1>[\n]"
11:45:31.487 [Test worker] DEBUG org.apache.http.wire - http-outgoing-1 << "<table border="1" id="discharged" name="discharged">[\n]"
11:45:31.487 [Test worker] DEBUG org.apache.http.wire - http-outgoing-1 << "    <thead>[\n]"
11:45:31.487 [Test worker] DEBUG org.apache.http.wire - http-outgoing-1 << "    <tr>[\n]"
11:45:31.487 [Test worker] DEBUG org.apache.http.wire - http-outgoing-1 << "        <th>Id</th>[\n]"
11:45:31.487 [Test worker] DEBUG org.apache.http.wire - http-outgoing-1 << "        <th>Nome</th>[\n]"
11:45:31.487 [Test worker] DEBUG org.apache.http.wire - http-outgoing-1 << "        <th>Cognome</th>[\n]"
11:45:31.487 [Test worker] DEBUG org.apache.http.wire - http-outgoing-1 << "        <th>Data Ricovero</th>[\n]"
11:45:31.487 [Test worker] DEBUG org.apache.http.wire - http-outgoing-1 << "        <th>Data Dimissione</th>[\n]"
11:45:31.487 [Test worker] DEBUG org.apache.http.wire - http-outgoing-1 << "        <th>Cartella</th>[\n]"
11:45:31.487 [Test worker] DEBUG org.apache.http.wire - http-outgoing-1 << "        <th>Modifica</th>[\n]"
11:45:31.487 [Test worker] DEBUG org.apache.http.wire - http-outgoing-1 << "        <th>Cancella</th>[\n]"
11:45:31.487 [Test worker] DEBUG org.apache.http.wire - http-outgoing-1 << "        <th>Stampa</th>[\n]"
11:45:31.487 [Test worker] DEBUG org.apache.http.wire - http-outgoing-1 << "    </tr>[\n]"
11:45:31.487 [Test worker] DEBUG org.apache.http.wire - http-outgoing-1 << "    </thead>[\n]"
11:45:31.487 [Test worker] DEBUG org.apache.http.wire - http-outgoing-1 << "    <tbody>[\n]"
11:45:31.487 [Test worker] DEBUG org.apache.http.wire - http-outgoing-1 << "    <tr>[\n]"
11:45:31.487 [Test worker] DEBUG org.apache.http.wire - http-outgoing-1 << "        <td id="idDischarged">1</td>[\n]"
11:45:31.488 [Test worker] DEBUG org.apache.http.wire - http-outgoing-1 << "        <td style="text-align:center;">Michele</td>[\n]"
11:45:31.488 [Test worker] DEBUG org.apache.http.wire - http-outgoing-1 << "        <td id='lastNameDischarged' style="text-align:center;">Bianchi</td>[\n]"
11:45:31.488 [Test worker] DEBUG org.apache.http.wire - http-outgoing-1 << "        <td style="text-align:center;">11/06/1993</td>[\n]"
11:45:31.488 [Test worker] DEBUG org.apache.http.wire - http-outgoing-1 << "        <td style="text-align:center;">21/01/2021</td>[\n]"
11:45:31.488 [Test worker] DEBUG org.apache.http.wire - http-outgoing-1 << "        <td> <a href="cartella?id=1" style="text-align:center;"> Cartella </a></td>[\n]"
11:45:31.488 [Test worker] DEBUG org.apache.http.wire - http-outgoing-1 << "        <td> <a id="modificaDischarged" style="text-align:center; cursor:not-allowed; pointer-events:none; color:grey;"> Modifica </a></td>[\n]"
11:45:31.488 [Test worker] DEBUG org.apache.http.wire - http-outgoing-1 << "        <td> <a id="cancellaDischarged" style="text-align:center; cursor:not-allowed; pointer-events:none; color:grey;"> Cancella </a></td>[\n]"
11:45:31.488 [Test worker] DEBUG org.apache.http.wire - http-outgoing-1 << "        <td><button><a href="print?id=1" style="text-align:center;text-decoration:none;"> Stampa scheda </a></button></td>[\n]"
11:45:31.488 [Test worker] DEBUG org.apache.http.wire - http-outgoing-1 << "    </tr>[\n]"
11:45:31.488 [Test worker] DEBUG org.apache.http.wire - http-outgoing-1 << "    </tbody>[\n]"
11:45:31.488 [Test worker] DEBUG org.apache.http.wire - http-outgoing-1 << "</table>[\n]"
11:45:31.488 [Test worker] DEBUG org.apache.http.wire - http-outgoing-1 << "<br>[\n]"
11:45:31.488 [Test worker] DEBUG org.apache.http.wire - http-outgoing-1 << "<button><a href="input" style="text-decoration:none;">Registra un paziente</a></button>[\n]"
11:45:31.488 [Test worker] DEBUG org.apache.http.wire - http-outgoing-1 << "<br>[\n]"
11:45:31.488 [Test worker] DEBUG org.apache.http.wire - http-outgoing-1 << "<br>[\n]"
11:45:31.488 [Test worker] DEBUG org.apache.http.wire - http-outgoing-1 << "[\n]"
11:45:31.488 [Test worker] DEBUG org.apache.http.wire - http-outgoing-1 << "<form action="search" method="post">[\n]"
11:45:31.488 [Test worker] DEBUG org.apache.http.wire - http-outgoing-1 << "    Cognome Paziente: <input type="text" name="lastName"/>[\n]"
11:45:31.488 [Test worker] DEBUG org.apache.http.wire - http-outgoing-1 << "    <input type="submit" value="Cerca"/>[\n]"
11:45:31.488 [Test worker] DEBUG org.apache.http.wire - http-outgoing-1 << "</form>[\n]"
11:45:31.488 [Test worker] DEBUG org.apache.http.wire - http-outgoing-1 << "</body>[\n]"
11:45:31.488 [Test worker] DEBUG org.apache.http.wire - http-outgoing-1 << "</html>[\r][\n]"
11:45:31.488 [Test worker] DEBUG org.apache.http.headers - http-outgoing-1 << HTTP/1.1 200 
11:45:31.488 [Test worker] DEBUG org.apache.http.headers - http-outgoing-1 << Content-Type: text/html;charset=UTF-8
11:45:31.488 [Test worker] DEBUG org.apache.http.headers - http-outgoing-1 << Content-Language: en-US
11:45:31.488 [Test worker] DEBUG org.apache.http.headers - http-outgoing-1 << Transfer-Encoding: chunked
11:45:31.488 [Test worker] DEBUG org.apache.http.headers - http-outgoing-1 << Date: Thu, 21 Jan 2021 10:45:30 GMT
11:45:31.488 [Test worker] DEBUG org.apache.http.headers - http-outgoing-1 << Keep-Alive: timeout=60
11:45:31.488 [Test worker] DEBUG org.apache.http.headers - http-outgoing-1 << Connection: keep-alive
11:45:31.489 [Test worker] DEBUG org.apache.http.impl.execchain.MainClientExec - Connection can be kept alive for 60000 MILLISECONDS
11:45:31.489 [Test worker] DEBUG org.apache.http.wire - http-outgoing-1 << "0[\r][\n]"
11:45:31.489 [Test worker] DEBUG org.apache.http.wire - http-outgoing-1 << "[\r][\n]"
11:45:31.489 [Test worker] DEBUG org.apache.http.impl.conn.PoolingHttpClientConnectionManager - Connection [id: 1][route: {}->http://127.0.0.1:8080] can be kept alive for 60.0 seconds
11:45:31.489 [Test worker] DEBUG org.apache.http.impl.conn.DefaultManagedHttpClientConnection - http-outgoing-1: set socket timeout to 0
11:45:31.489 [Test worker] DEBUG org.apache.http.impl.conn.PoolingHttpClientConnectionManager - Connection released: [id: 1][route: {}->http://127.0.0.1:8080][total available: 1; route allocated: 1 of 6; total allocated: 1 of 20]
11:45:31.489 [Test worker] DEBUG com.gargoylesoftware.htmlunit.html.DomElement - Firing Event unload (Current Target: HTMLElement for HtmlHtml[<html>]);
11:45:31.489 [Test worker] DEBUG com.gargoylesoftware.htmlunit.WebWindowImpl - setEnclosedPage: HtmlPage(http://127.0.0.1:8080/list)@1961491873
11:45:31.489 [Test worker] DEBUG com.gargoylesoftware.htmlunit.WebWindowImpl - destroyChildren
11:45:31.495 [Test worker] DEBUG com.gargoylesoftware.htmlunit.util.EncodingSniffer - Encoding found in HTTP headers: 'UTF-8'.
11:45:31.499 [Test worker] DEBUG net.sourceforge.jwebunit.htmlunit.HtmlUnitTestingEngineImpl - Window "" changed : "MVC Web application" became "MVC Web application
11:45:31.499 [Test worker] DEBUG com.gargoylesoftware.htmlunit.html.DomElement - Firing Event DOMContentLoaded (Current Target: HTMLElement for HtmlHtml[<html>]);
11:45:31.499 [Test worker] DEBUG com.gargoylesoftware.htmlunit.html.DomElement - Firing Event load (Current Target: HTMLElement for HtmlHtml[<html>]);
11:45:31.500 [Test worker] DEBUG com.gargoylesoftware.htmlunit.html.DomElement - Firing Event mousedown (Current Target: HTMLElement for HtmlAnchor[<a id="cancellaDischarged" style="text-align:center; cursor:not-allowed; pointer-events:none; color:grey;">]);
11:45:31.501 [Test worker] DEBUG com.gargoylesoftware.htmlunit.html.DomElement - Firing Event focus (Current Target: HTMLElement for HtmlAnchor[<a id="cancellaDischarged" style="text-align:center; cursor:not-allowed; pointer-events:none; color:grey;">]);
11:45:31.501 [Test worker] DEBUG com.gargoylesoftware.htmlunit.html.DomElement - Firing Event mouseup (Current Target: HTMLElement for HtmlAnchor[<a id="cancellaDischarged" style="text-align:center; cursor:not-allowed; pointer-events:none; color:grey;">]);
11:45:31.501 [Test worker] DEBUG com.gargoylesoftware.htmlunit.html.DomElement - Firing Event click (Current Target: HTMLElement for HtmlAnchor[<a id="cancellaDischarged" style="text-align:center; cursor:not-allowed; pointer-events:none; color:grey;">]);
11:45:31.501 [Test worker] DEBUG com.gargoylesoftware.htmlunit.html.HtmlAnchor - do click action in window '', using href ''
11:45:31.627 [Test worker] DEBUG com.gargoylesoftware.htmlunit.WebClient - Get page for window named '', using WebRequest[<url="http://127.0.0.1:8080/input", GET, EncodingType[name=application/x-www-form-urlencoded], [], {Accept=text/html,application/xhtml+xml,application/xml;q=0.9,*/*;q=0.8, Accept-Encoding=gzip, deflate}, null>]
11:45:31.628 [Test worker] DEBUG com.gargoylesoftware.htmlunit.WebClient - Load response for GET http://127.0.0.1:8080/input
11:45:31.629 [Test worker] DEBUG org.apache.http.client.protocol.RequestAddCookies - CookieSpec selected: mine
11:45:31.629 [Test worker] DEBUG org.apache.http.client.protocol.RequestAuthCache - Auth cache not set in the context
11:45:31.629 [Test worker] DEBUG org.apache.http.impl.conn.PoolingHttpClientConnectionManager - Connection request: [route: {}->http://127.0.0.1:8080][total available: 0; route allocated: 0 of 6; total allocated: 0 of 20]
11:45:31.629 [Test worker] DEBUG org.apache.http.impl.conn.PoolingHttpClientConnectionManager - Connection leased: [id: 2][route: {}->http://127.0.0.1:8080][total available: 0; route allocated: 1 of 6; total allocated: 1 of 20]
11:45:31.629 [Test worker] DEBUG org.apache.http.impl.execchain.MainClientExec - Opening connection {}->http://127.0.0.1:8080
11:45:31.629 [Test worker] DEBUG org.apache.http.impl.conn.DefaultHttpClientConnectionOperator - Connecting to /127.0.0.1:8080
11:45:31.629 [Test worker] DEBUG org.apache.http.impl.conn.DefaultHttpClientConnectionOperator - Connection established 127.0.0.1:53829<->127.0.0.1:8080
11:45:31.629 [Test worker] DEBUG org.apache.http.impl.conn.DefaultManagedHttpClientConnection - http-outgoing-2: set socket timeout to 0
11:45:31.630 [Test worker] DEBUG org.apache.http.impl.execchain.MainClientExec - Executing request GET /input HTTP/1.1
11:45:31.630 [Test worker] DEBUG org.apache.http.impl.execchain.MainClientExec - Target auth state: UNCHALLENGED
11:45:31.630 [Test worker] DEBUG org.apache.http.impl.execchain.MainClientExec - Proxy auth state: UNCHALLENGED
11:45:31.630 [Test worker] DEBUG org.apache.http.headers - http-outgoing-2 >> GET /input HTTP/1.1
11:45:31.630 [Test worker] DEBUG org.apache.http.headers - http-outgoing-2 >> Host: 127.0.0.1:8080
11:45:31.630 [Test worker] DEBUG org.apache.http.headers - http-outgoing-2 >> User-Agent: Mozilla/5.0 (Windows NT 6.1; rv:38.0) Gecko/20100101 Firefox/38.0
11:45:31.630 [Test worker] DEBUG org.apache.http.headers - http-outgoing-2 >> Accept: text/html,application/xhtml+xml,application/xml;q=0.9,*/*;q=0.8
11:45:31.630 [Test worker] DEBUG org.apache.http.headers - http-outgoing-2 >> Accept-Language: en-US
11:45:31.630 [Test worker] DEBUG org.apache.http.headers - http-outgoing-2 >> Accept-Encoding: gzip, deflate
11:45:31.630 [Test worker] DEBUG org.apache.http.headers - http-outgoing-2 >> Connection: Keep-Alive
11:45:31.630 [Test worker] DEBUG org.apache.http.wire - http-outgoing-2 >> "GET /input HTTP/1.1[\r][\n]"
11:45:31.630 [Test worker] DEBUG org.apache.http.wire - http-outgoing-2 >> "Host: 127.0.0.1:8080[\r][\n]"
11:45:31.630 [Test worker] DEBUG org.apache.http.wire - http-outgoing-2 >> "User-Agent: Mozilla/5.0 (Windows NT 6.1; rv:38.0) Gecko/20100101 Firefox/38.0[\r][\n]"
11:45:31.630 [Test worker] DEBUG org.apache.http.wire - http-outgoing-2 >> "Accept: text/html,application/xhtml+xml,application/xml;q=0.9,*/*;q=0.8[\r][\n]"
11:45:31.630 [Test worker] DEBUG org.apache.http.wire - http-outgoing-2 >> "Accept-Language: en-US[\r][\n]"
11:45:31.630 [Test worker] DEBUG org.apache.http.wire - http-outgoing-2 >> "Accept-Encoding: gzip, deflate[\r][\n]"
11:45:31.630 [Test worker] DEBUG org.apache.http.wire - http-outgoing-2 >> "Connection: Keep-Alive[\r][\n]"
11:45:31.630 [Test worker] DEBUG org.apache.http.wire - http-outgoing-2 >> "[\r][\n]"
11:45:31.634 [Test worker] DEBUG org.apache.http.wire - http-outgoing-2 << "HTTP/1.1 200 [\r][\n]"
11:45:31.634 [Test worker] DEBUG org.apache.http.wire - http-outgoing-2 << "Content-Type: text/html;charset=UTF-8[\r][\n]"
11:45:31.634 [Test worker] DEBUG org.apache.http.wire - http-outgoing-2 << "Content-Language: en-US[\r][\n]"
11:45:31.634 [Test worker] DEBUG org.apache.http.wire - http-outgoing-2 << "Transfer-Encoding: chunked[\r][\n]"
11:45:31.634 [Test worker] DEBUG org.apache.http.wire - http-outgoing-2 << "Date: Thu, 21 Jan 2021 10:45:31 GMT[\r][\n]"
11:45:31.634 [Test worker] DEBUG org.apache.http.wire - http-outgoing-2 << "Keep-Alive: timeout=60[\r][\n]"
11:45:31.634 [Test worker] DEBUG org.apache.http.wire - http-outgoing-2 << "Connection: keep-alive[\r][\n]"
11:45:31.634 [Test worker] DEBUG org.apache.http.wire - http-outgoing-2 << "[\r][\n]"
11:45:31.634 [Test worker] DEBUG org.apache.http.wire - http-outgoing-2 << "2f0[\r][\n]"
11:45:31.634 [Test worker] DEBUG org.apache.http.wire - http-outgoing-2 << "<!DOCTYPE HTML>[\n]"
11:45:31.634 [Test worker] DEBUG org.apache.http.wire - http-outgoing-2 << "<html>[\n]"
11:45:31.634 [Test worker] DEBUG org.apache.http.wire - http-outgoing-2 << "<head>[\n]"
11:45:31.634 [Test worker] DEBUG org.apache.http.wire - http-outgoing-2 << "    <title>MVC Web application</title>[\n]"
11:45:31.634 [Test worker] DEBUG org.apache.http.wire - http-outgoing-2 << "    <meta http-equiv="Content-Type" content="text/html; charset=UTF-8" />[\n]"
11:45:31.634 [Test worker] DEBUG org.apache.http.wire - http-outgoing-2 << "</head>[\n]"
11:45:31.634 [Test worker] DEBUG org.apache.http.wire - http-outgoing-2 << "[\n]"
11:45:31.634 [Test worker] DEBUG org.apache.http.wire - http-outgoing-2 << "<body>[\n]"
11:45:31.634 [Test worker] DEBUG org.apache.http.wire - http-outgoing-2 << "<h1>Inserisci un nuovo paziente</h1>[\n]"
11:45:31.634 [Test worker] DEBUG org.apache.http.wire - http-outgoing-2 << "[\n]"
11:45:31.634 [Test worker] DEBUG org.apache.http.wire - http-outgoing-2 << "<form action="create" method="post">[\n]"
11:45:31.634 [Test worker] DEBUG org.apache.http.wire - http-outgoing-2 << "    <table border="1">[\n]"
11:45:31.634 [Test worker] DEBUG org.apache.http.wire - http-outgoing-2 << "        <tr>[\n]"
11:45:31.634 [Test worker] DEBUG org.apache.http.wire - http-outgoing-2 << "            <td>Nome</td>[\n]"
11:45:31.634 [Test worker] DEBUG org.apache.http.wire - http-outgoing-2 << "            <td><input type="text" name="firstName" required></td>[\n]"
11:45:31.634 [Test worker] DEBUG org.apache.http.wire - http-outgoing-2 << "        </tr>[\n]"
11:45:31.634 [Test worker] DEBUG org.apache.http.wire - http-outgoing-2 << "        <tr>[\n]"
11:45:31.634 [Test worker] DEBUG org.apache.http.wire - http-outgoing-2 << "            <td>Cognome</td>[\n]"
11:45:31.634 [Test worker] DEBUG org.apache.http.wire - http-outgoing-2 << "            <td><input type="text" name="lastName" required><br></td>[\n]"
11:45:31.634 [Test worker] DEBUG org.apache.http.wire - http-outgoing-2 << "        </tr>[\n]"
11:45:31.634 [Test worker] DEBUG org.apache.http.wire - http-outgoing-2 << "        <tr>[\n]"
11:45:31.634 [Test worker] DEBUG org.apache.http.wire - http-outgoing-2 << "            <td>Data ricovero</td>[\n]"
11:45:31.634 [Test worker] DEBUG org.apache.http.wire - http-outgoing-2 << "            <td><input type="date" name="admissionDate" required><br></td>[\n]"
11:45:31.634 [Test worker] DEBUG org.apache.http.wire - http-outgoing-2 << "        </tr>[\n]"
11:45:31.634 [Test worker] DEBUG org.apache.http.wire - http-outgoing-2 << "    </table>[\n]"
11:45:31.634 [Test worker] DEBUG org.apache.http.wire - http-outgoing-2 << "[\n]"
11:45:31.634 [Test worker] DEBUG org.apache.http.wire - http-outgoing-2 << "    <input type="submit" />[\n]"
11:45:31.634 [Test worker] DEBUG org.apache.http.wire - http-outgoing-2 << "</form>[\n]"
11:45:31.635 [Test worker] DEBUG org.apache.http.wire - http-outgoing-2 << "[\n]"
11:45:31.635 [Test worker] DEBUG org.apache.http.wire - http-outgoing-2 << "<br>[\n]"
11:45:31.635 [Test worker] DEBUG org.apache.http.wire - http-outgoing-2 << "<a href="list"> Torna alla lista </a>[\n]"
11:45:31.635 [Test worker] DEBUG org.apache.http.wire - http-outgoing-2 << "[\n]"
11:45:31.635 [Test worker] DEBUG org.apache.http.wire - http-outgoing-2 << "</body>[\n]"
11:45:31.635 [Test worker] DEBUG org.apache.http.wire - http-outgoing-2 << "</html>[\n]"
11:45:31.635 [Test worker] DEBUG org.apache.http.wire - http-outgoing-2 << "[\n]"
11:45:31.635 [Test worker] DEBUG org.apache.http.wire - http-outgoing-2 << "[\r][\n]"
11:45:31.635 [Test worker] DEBUG org.apache.http.headers - http-outgoing-2 << HTTP/1.1 200 
11:45:31.635 [Test worker] DEBUG org.apache.http.headers - http-outgoing-2 << Content-Type: text/html;charset=UTF-8
11:45:31.635 [Test worker] DEBUG org.apache.http.headers - http-outgoing-2 << Content-Language: en-US
11:45:31.635 [Test worker] DEBUG org.apache.http.headers - http-outgoing-2 << Transfer-Encoding: chunked
11:45:31.635 [Test worker] DEBUG org.apache.http.headers - http-outgoing-2 << Date: Thu, 21 Jan 2021 10:45:31 GMT
11:45:31.635 [Test worker] DEBUG org.apache.http.headers - http-outgoing-2 << Keep-Alive: timeout=60
11:45:31.635 [Test worker] DEBUG org.apache.http.headers - http-outgoing-2 << Connection: keep-alive
11:45:31.635 [Test worker] DEBUG org.apache.http.impl.execchain.MainClientExec - Connection can be kept alive for 60000 MILLISECONDS
11:45:31.635 [Test worker] DEBUG org.apache.http.wire - http-outgoing-2 << "0[\r][\n]"
11:45:31.635 [Test worker] DEBUG org.apache.http.wire - http-outgoing-2 << "[\r][\n]"
11:45:31.635 [Test worker] DEBUG org.apache.http.impl.conn.PoolingHttpClientConnectionManager - Connection [id: 2][route: {}->http://127.0.0.1:8080] can be kept alive for 60.0 seconds
11:45:31.635 [Test worker] DEBUG org.apache.http.impl.conn.DefaultManagedHttpClientConnection - http-outgoing-2: set socket timeout to 0
11:45:31.635 [Test worker] DEBUG org.apache.http.impl.conn.PoolingHttpClientConnectionManager - Connection released: [id: 2][route: {}->http://127.0.0.1:8080][total available: 1; route allocated: 1 of 6; total allocated: 1 of 20]
11:45:31.636 [Test worker] DEBUG com.gargoylesoftware.htmlunit.WebWindowImpl - setEnclosedPage: HtmlPage(http://127.0.0.1:8080/input)@1502958144
11:45:31.636 [Test worker] DEBUG com.gargoylesoftware.htmlunit.WebWindowImpl - destroyChildren
11:45:31.641 [Test worker] DEBUG com.gargoylesoftware.htmlunit.util.EncodingSniffer - Encoding found in HTTP headers: 'UTF-8'.
11:45:31.644 [Test worker] DEBUG net.sourceforge.jwebunit.htmlunit.HtmlUnitTestingEngineImpl - Window "" changed : "no_html" became "MVC Web application
11:45:31.644 [Test worker] DEBUG com.gargoylesoftware.htmlunit.html.DomElement - Firing Event DOMContentLoaded (Current Target: HTMLElement for HtmlHtml[<html>]);
11:45:31.644 [Test worker] DEBUG com.gargoylesoftware.htmlunit.html.DomElement - Firing Event load (Current Target: HTMLElement for HtmlHtml[<html>]);
11:45:31.644 [Test worker] DEBUG com.gargoylesoftware.htmlunit.html.DomElement - Firing Event change (Current Target: HTMLElement for HtmlTextInput[<input type="text" name="firstName" required="" value="Michele">]);
11:45:31.644 [Test worker] DEBUG com.gargoylesoftware.htmlunit.html.DomElement - Firing Event change (Current Target: HTMLElement for HtmlTextInput[<input type="text" name="lastName" required="" value="Bianchi">]);
11:45:31.645 [Test worker] DEBUG com.gargoylesoftware.htmlunit.html.DomElement - Firing Event change (Current Target: HTMLElement for HtmlDateInput[<input type="date" name="admissionDate" required="" value="1993-06-11">]);
11:45:31.645 [Test worker] DEBUG com.gargoylesoftware.htmlunit.html.DomElement - Firing Event mousedown (Current Target: HTMLElement for HtmlSubmitInput[<input type="submit">]);
11:45:31.645 [Test worker] DEBUG com.gargoylesoftware.htmlunit.html.DomElement - Firing Event focus (Current Target: HTMLElement for HtmlSubmitInput[<input type="submit">]);
11:45:31.645 [Test worker] DEBUG com.gargoylesoftware.htmlunit.html.DomElement - Firing Event mouseup (Current Target: HTMLElement for HtmlSubmitInput[<input type="submit">]);
11:45:31.645 [Test worker] DEBUG com.gargoylesoftware.htmlunit.html.DomElement - Firing Event click (Current Target: HTMLElement for HtmlSubmitInput[<input type="submit">]);
11:45:31.645 [Test worker] DEBUG com.gargoylesoftware.htmlunit.html.DomElement - Firing Event submit (Current Target: HTMLElement for HtmlForm[<form action="create" method="post">]);
11:45:31.645 [Test worker] DEBUG com.gargoylesoftware.htmlunit.util.EncodingSniffer - Encoding found in HTTP headers: 'UTF-8'.
11:45:31.645 [Test worker] DEBUG com.gargoylesoftware.htmlunit.WebClient - Load response for POST http://127.0.0.1:8080/create
11:45:31.646 [Test worker] DEBUG org.apache.http.client.protocol.RequestAddCookies - CookieSpec selected: mine
11:45:31.646 [Test worker] DEBUG org.apache.http.client.protocol.RequestAuthCache - Auth cache not set in the context
11:45:31.646 [Test worker] DEBUG org.apache.http.impl.conn.PoolingHttpClientConnectionManager - Connection request: [route: {}->http://127.0.0.1:8080][total available: 1; route allocated: 1 of 6; total allocated: 1 of 20]
11:45:31.647 [Test worker] DEBUG org.apache.http.impl.conn.PoolingHttpClientConnectionManager - Connection leased: [id: 2][route: {}->http://127.0.0.1:8080][total available: 0; route allocated: 1 of 6; total allocated: 1 of 20]
11:45:31.647 [Test worker] DEBUG org.apache.http.impl.conn.DefaultManagedHttpClientConnection - http-outgoing-2: set socket timeout to 0
11:45:31.647 [Test worker] DEBUG org.apache.http.impl.conn.DefaultManagedHttpClientConnection - http-outgoing-2: set socket timeout to 0
11:45:31.647 [Test worker] DEBUG org.apache.http.impl.execchain.MainClientExec - Executing request POST /create HTTP/1.1
11:45:31.647 [Test worker] DEBUG org.apache.http.impl.execchain.MainClientExec - Target auth state: UNCHALLENGED
11:45:31.647 [Test worker] DEBUG org.apache.http.impl.execchain.MainClientExec - Proxy auth state: UNCHALLENGED
11:45:31.647 [Test worker] DEBUG org.apache.http.headers - http-outgoing-2 >> POST /create HTTP/1.1
11:45:31.647 [Test worker] DEBUG org.apache.http.headers - http-outgoing-2 >> Host: 127.0.0.1:8080
11:45:31.647 [Test worker] DEBUG org.apache.http.headers - http-outgoing-2 >> User-Agent: Mozilla/5.0 (Windows NT 6.1; rv:38.0) Gecko/20100101 Firefox/38.0
11:45:31.647 [Test worker] DEBUG org.apache.http.headers - http-outgoing-2 >> Accept: */*
11:45:31.647 [Test worker] DEBUG org.apache.http.headers - http-outgoing-2 >> Accept-Language: en-US
11:45:31.647 [Test worker] DEBUG org.apache.http.headers - http-outgoing-2 >> Accept-Encoding: gzip, deflate
11:45:31.647 [Test worker] DEBUG org.apache.http.headers - http-outgoing-2 >> Referer: http://127.0.0.1:8080/input
11:45:31.647 [Test worker] DEBUG org.apache.http.headers - http-outgoing-2 >> Connection: Keep-Alive
11:45:31.647 [Test worker] DEBUG org.apache.http.headers - http-outgoing-2 >> Content-Length: 59
11:45:31.647 [Test worker] DEBUG org.apache.http.headers - http-outgoing-2 >> Content-Type: application/x-www-form-urlencoded
11:45:31.647 [Test worker] DEBUG org.apache.http.wire - http-outgoing-2 >> "POST /create HTTP/1.1[\r][\n]"
11:45:31.647 [Test worker] DEBUG org.apache.http.wire - http-outgoing-2 >> "Host: 127.0.0.1:8080[\r][\n]"
11:45:31.647 [Test worker] DEBUG org.apache.http.wire - http-outgoing-2 >> "User-Agent: Mozilla/5.0 (Windows NT 6.1; rv:38.0) Gecko/20100101 Firefox/38.0[\r][\n]"
11:45:31.647 [Test worker] DEBUG org.apache.http.wire - http-outgoing-2 >> "Accept: */*[\r][\n]"
11:45:31.647 [Test worker] DEBUG org.apache.http.wire - http-outgoing-2 >> "Accept-Language: en-US[\r][\n]"
11:45:31.647 [Test worker] DEBUG org.apache.http.wire - http-outgoing-2 >> "Accept-Encoding: gzip, deflate[\r][\n]"
11:45:31.647 [Test worker] DEBUG org.apache.http.wire - http-outgoing-2 >> "Referer: http://127.0.0.1:8080/input[\r][\n]"
11:45:31.647 [Test worker] DEBUG org.apache.http.wire - http-outgoing-2 >> "Connection: Keep-Alive[\r][\n]"
11:45:31.647 [Test worker] DEBUG org.apache.http.wire - http-outgoing-2 >> "Content-Length: 59[\r][\n]"
11:45:31.647 [Test worker] DEBUG org.apache.http.wire - http-outgoing-2 >> "Content-Type: application/x-www-form-urlencoded[\r][\n]"
11:45:31.647 [Test worker] DEBUG org.apache.http.wire - http-outgoing-2 >> "[\r][\n]"
11:45:31.647 [Test worker] DEBUG org.apache.http.wire - http-outgoing-2 >> "firstName=Michele&lastName=Bianchi&admissionDate=1993-06-11"
11:45:31.652 [Test worker] DEBUG org.apache.http.wire - http-outgoing-2 << "HTTP/1.1 302 [\r][\n]"
11:45:31.653 [Test worker] DEBUG org.apache.http.wire - http-outgoing-2 << "Location: http://127.0.0.1:8080/list[\r][\n]"
11:45:31.653 [Test worker] DEBUG org.apache.http.wire - http-outgoing-2 << "Content-Language: en-US[\r][\n]"
11:45:31.653 [Test worker] DEBUG org.apache.http.wire - http-outgoing-2 << "Content-Length: 0[\r][\n]"
11:45:31.653 [Test worker] DEBUG org.apache.http.wire - http-outgoing-2 << "Date: Thu, 21 Jan 2021 10:45:31 GMT[\r][\n]"
11:45:31.653 [Test worker] DEBUG org.apache.http.wire - http-outgoing-2 << "Keep-Alive: timeout=60[\r][\n]"
11:45:31.653 [Test worker] DEBUG org.apache.http.wire - http-outgoing-2 << "Connection: keep-alive[\r][\n]"
11:45:31.653 [Test worker] DEBUG org.apache.http.wire - http-outgoing-2 << "[\r][\n]"
11:45:31.653 [Test worker] DEBUG org.apache.http.headers - http-outgoing-2 << HTTP/1.1 302 
11:45:31.653 [Test worker] DEBUG org.apache.http.headers - http-outgoing-2 << Location: http://127.0.0.1:8080/list
11:45:31.653 [Test worker] DEBUG org.apache.http.headers - http-outgoing-2 << Content-Language: en-US
11:45:31.653 [Test worker] DEBUG org.apache.http.headers - http-outgoing-2 << Content-Length: 0
11:45:31.653 [Test worker] DEBUG org.apache.http.headers - http-outgoing-2 << Date: Thu, 21 Jan 2021 10:45:31 GMT
11:45:31.653 [Test worker] DEBUG org.apache.http.headers - http-outgoing-2 << Keep-Alive: timeout=60
11:45:31.653 [Test worker] DEBUG org.apache.http.headers - http-outgoing-2 << Connection: keep-alive
11:45:31.653 [Test worker] DEBUG org.apache.http.impl.execchain.MainClientExec - Connection can be kept alive for 60000 MILLISECONDS
11:45:31.653 [Test worker] DEBUG org.apache.http.impl.conn.PoolingHttpClientConnectionManager - Connection [id: 2][route: {}->http://127.0.0.1:8080] can be kept alive for 60.0 seconds
11:45:31.653 [Test worker] DEBUG org.apache.http.impl.conn.DefaultManagedHttpClientConnection - http-outgoing-2: set socket timeout to 0
11:45:31.653 [Test worker] DEBUG org.apache.http.impl.conn.PoolingHttpClientConnectionManager - Connection released: [id: 2][route: {}->http://127.0.0.1:8080][total available: 1; route allocated: 1 of 6; total allocated: 1 of 20]
11:45:31.653 [Test worker] DEBUG com.gargoylesoftware.htmlunit.WebClient - Got a redirect status code [302] new location = [http://127.0.0.1:8080/list]
11:45:31.653 [Test worker] DEBUG com.gargoylesoftware.htmlunit.WebClient - Load response for GET http://127.0.0.1:8080/list
11:45:31.654 [Test worker] DEBUG org.apache.http.client.protocol.RequestAddCookies - CookieSpec selected: mine
11:45:31.654 [Test worker] DEBUG org.apache.http.client.protocol.RequestAuthCache - Auth cache not set in the context
11:45:31.654 [Test worker] DEBUG org.apache.http.impl.conn.PoolingHttpClientConnectionManager - Connection request: [route: {}->http://127.0.0.1:8080][total available: 1; route allocated: 1 of 6; total allocated: 1 of 20]
11:45:31.654 [Test worker] DEBUG org.apache.http.impl.conn.PoolingHttpClientConnectionManager - Connection leased: [id: 2][route: {}->http://127.0.0.1:8080][total available: 0; route allocated: 1 of 6; total allocated: 1 of 20]
11:45:31.654 [Test worker] DEBUG org.apache.http.impl.conn.DefaultManagedHttpClientConnection - http-outgoing-2: set socket timeout to 0
11:45:31.654 [Test worker] DEBUG org.apache.http.impl.conn.DefaultManagedHttpClientConnection - http-outgoing-2: set socket timeout to 0
11:45:31.654 [Test worker] DEBUG org.apache.http.impl.execchain.MainClientExec - Executing request GET /list HTTP/1.1
11:45:31.654 [Test worker] DEBUG org.apache.http.impl.execchain.MainClientExec - Target auth state: UNCHALLENGED
11:45:31.654 [Test worker] DEBUG org.apache.http.impl.execchain.MainClientExec - Proxy auth state: UNCHALLENGED
11:45:31.654 [Test worker] DEBUG org.apache.http.headers - http-outgoing-2 >> GET /list HTTP/1.1
11:45:31.654 [Test worker] DEBUG org.apache.http.headers - http-outgoing-2 >> Host: 127.0.0.1:8080
11:45:31.654 [Test worker] DEBUG org.apache.http.headers - http-outgoing-2 >> User-Agent: Mozilla/5.0 (Windows NT 6.1; rv:38.0) Gecko/20100101 Firefox/38.0
11:45:31.655 [Test worker] DEBUG org.apache.http.headers - http-outgoing-2 >> Accept: */*
11:45:31.655 [Test worker] DEBUG org.apache.http.headers - http-outgoing-2 >> Accept-Language: en-US
11:45:31.655 [Test worker] DEBUG org.apache.http.headers - http-outgoing-2 >> Accept-Encoding: gzip, deflate
11:45:31.655 [Test worker] DEBUG org.apache.http.headers - http-outgoing-2 >> Referer: http://127.0.0.1:8080/input
11:45:31.655 [Test worker] DEBUG org.apache.http.headers - http-outgoing-2 >> Connection: Keep-Alive
11:45:31.655 [Test worker] DEBUG org.apache.http.wire - http-outgoing-2 >> "GET /list HTTP/1.1[\r][\n]"
11:45:31.655 [Test worker] DEBUG org.apache.http.wire - http-outgoing-2 >> "Host: 127.0.0.1:8080[\r][\n]"
11:45:31.655 [Test worker] DEBUG org.apache.http.wire - http-outgoing-2 >> "User-Agent: Mozilla/5.0 (Windows NT 6.1; rv:38.0) Gecko/20100101 Firefox/38.0[\r][\n]"
11:45:31.655 [Test worker] DEBUG org.apache.http.wire - http-outgoing-2 >> "Accept: */*[\r][\n]"
11:45:31.655 [Test worker] DEBUG org.apache.http.wire - http-outgoing-2 >> "Accept-Language: en-US[\r][\n]"
11:45:31.655 [Test worker] DEBUG org.apache.http.wire - http-outgoing-2 >> "Accept-Encoding: gzip, deflate[\r][\n]"
11:45:31.655 [Test worker] DEBUG org.apache.http.wire - http-outgoing-2 >> "Referer: http://127.0.0.1:8080/input[\r][\n]"
11:45:31.655 [Test worker] DEBUG org.apache.http.wire - http-outgoing-2 >> "Connection: Keep-Alive[\r][\n]"
11:45:31.655 [Test worker] DEBUG org.apache.http.wire - http-outgoing-2 >> "[\r][\n]"
11:45:31.662 [Test worker] DEBUG org.apache.http.wire - http-outgoing-2 << "HTTP/1.1 200 [\r][\n]"
11:45:31.662 [Test worker] DEBUG org.apache.http.wire - http-outgoing-2 << "Content-Type: text/html;charset=UTF-8[\r][\n]"
11:45:31.662 [Test worker] DEBUG org.apache.http.wire - http-outgoing-2 << "Content-Language: en-US[\r][\n]"
11:45:31.662 [Test worker] DEBUG org.apache.http.wire - http-outgoing-2 << "Transfer-Encoding: chunked[\r][\n]"
11:45:31.662 [Test worker] DEBUG org.apache.http.wire - http-outgoing-2 << "Date: Thu, 21 Jan 2021 10:45:31 GMT[\r][\n]"
11:45:31.662 [Test worker] DEBUG org.apache.http.wire - http-outgoing-2 << "Keep-Alive: timeout=60[\r][\n]"
11:45:31.662 [Test worker] DEBUG org.apache.http.wire - http-outgoing-2 << "Connection: keep-alive[\r][\n]"
11:45:31.662 [Test worker] DEBUG org.apache.http.wire - http-outgoing-2 << "[\r][\n]"
11:45:31.662 [Test worker] DEBUG org.apache.http.wire - http-outgoing-2 << "af1[\r][\n]"
11:45:31.662 [Test worker] DEBUG org.apache.http.wire - http-outgoing-2 << "<!DOCTYPE HTML>[\n]"
11:45:31.662 [Test worker] DEBUG org.apache.http.wire - http-outgoing-2 << "<html>[\n]"
11:45:31.662 [Test worker] DEBUG org.apache.http.wire - http-outgoing-2 << "<head>[\n]"
11:45:31.662 [Test worker] DEBUG org.apache.http.wire - http-outgoing-2 << "    <title>MVC Web application</title>[\n]"
11:45:31.662 [Test worker] DEBUG org.apache.http.wire - http-outgoing-2 << "    <meta http-equiv="Content-Type" content="text/html; charset=UTF-8" />[\n]"
11:45:31.662 [Test worker] DEBUG org.apache.http.wire - http-outgoing-2 << "</head>[\n]"
11:45:31.662 [Test worker] DEBUG org.apache.http.wire - http-outgoing-2 << "[\n]"
11:45:31.662 [Test worker] DEBUG org.apache.http.wire - http-outgoing-2 << "<body>[\n]"
11:45:31.662 [Test worker] DEBUG org.apache.http.wire - http-outgoing-2 << "<h1>Pazienti Ricoverati</h1>[\n]"
11:45:31.662 [Test worker] DEBUG org.apache.http.wire - http-outgoing-2 << "[\n]"
11:45:31.662 [Test worker] DEBUG org.apache.http.wire - http-outgoing-2 << "<table border="1" id="present" name="present">[\n]"
11:45:31.662 [Test worker] DEBUG org.apache.http.wire - http-outgoing-2 << "    <thead>[\n]"
11:45:31.662 [Test worker] DEBUG org.apache.http.wire - http-outgoing-2 << "    <tr>[\n]"
11:45:31.662 [Test worker] DEBUG org.apache.http.wire - http-outgoing-2 << "        <th>Id</th>[\n]"
11:45:31.662 [Test worker] DEBUG org.apache.http.wire - http-outgoing-2 << "        <th>Nome</th>[\n]"
11:45:31.662 [Test worker] DEBUG org.apache.http.wire - http-outgoing-2 << "        <th>Cognome</th>[\n]"
11:45:31.662 [Test worker] DEBUG org.apache.http.wire - http-outgoing-2 << "        <th>Data ricovero</th>[\n]"
11:45:31.662 [Test worker] DEBUG org.apache.http.wire - http-outgoing-2 << "        <th>Data dimissione</th>[\n]"
11:45:31.662 [Test worker] DEBUG org.apache.http.wire - http-outgoing-2 << "        <th>Mostra</th>[\n]"
11:45:31.662 [Test worker] DEBUG org.apache.http.wire - http-outgoing-2 << "        <th>Modifica</th>[\n]"
11:45:31.662 [Test worker] DEBUG org.apache.http.wire - http-outgoing-2 << "        <th>Dimetti</th>[\n]"
11:45:31.662 [Test worker] DEBUG org.apache.http.wire - http-outgoing-2 << "        <th>Cancella</th>[\n]"
11:45:31.662 [Test worker] DEBUG org.apache.http.wire - http-outgoing-2 << "        <th>Stampa</th>[\n]"
11:45:31.662 [Test worker] DEBUG org.apache.http.wire - http-outgoing-2 << "    </tr>[\n]"
11:45:31.662 [Test worker] DEBUG org.apache.http.wire - http-outgoing-2 << "    </thead>[\n]"
11:45:31.662 [Test worker] DEBUG org.apache.http.wire - http-outgoing-2 << "    <tbody>[\n]"
11:45:31.662 [Test worker] DEBUG org.apache.http.wire - http-outgoing-2 << "        <tr>[\n]"
11:45:31.662 [Test worker] DEBUG org.apache.http.wire - http-outgoing-2 << "            <td id="id">2</td>[\n]"
11:45:31.662 [Test worker] DEBUG org.apache.http.wire - http-outgoing-2 << "            <td style="text-align:center;">Michele</td>[\n]"
11:45:31.662 [Test worker] DEBUG org.apache.http.wire - http-outgoing-2 << "            <td id='lastName' style="text-align:center;">Bianchi</td>[\n]"
11:45:31.662 [Test worker] DEBUG org.apache.http.wire - http-outgoing-2 << "            <td style="text-align:center;">11/06/1993</td>[\n]"
11:45:31.662 [Test worker] DEBUG org.apache.http.wire - http-outgoing-2 << "            <td style="text-align:center;"></td>[\n]"
11:45:31.663 [Test worker] DEBUG org.apache.http.wire - http-outgoing-2 << "            <td> <a href="cartella?id=2" style="text-align:center;"> Cartella </a></td>[\n]"
11:45:31.663 [Test worker] DEBUG org.apache.http.wire - http-outgoing-2 << "            <td> <a href="edit?id=2" id="modifica" style="text-align:center;"> Modifica </a></td>[\n]"
11:45:31.663 [Test worker] DEBUG org.apache.http.wire - http-outgoing-2 << "            <td> <a href="dimetti?id=2" style="text-align:center;"> Dimetti </a></td>[\n]"
11:45:31.663 [Test worker] DEBUG org.apache.http.wire - http-outgoing-2 << "            <td> <a href="delete?id=2" id="cancella" style="text-align:center;"> Cancella </a></td>[\n]"
11:45:31.663 [Test worker] DEBUG org.apache.http.wire - http-outgoing-2 << "            <td><button><a href="print?id=2" style="text-align:center;text-decoration:none;"> Stampa scheda </a></button></td>[\n]"
11:45:31.663 [Test worker] DEBUG org.apache.http.wire - http-outgoing-2 << "        </tr>[\n]"
11:45:31.663 [Test worker] DEBUG org.apache.http.wire - http-outgoing-2 << "        </tbody>[\n]"
11:45:31.663 [Test worker] DEBUG org.apache.http.wire - http-outgoing-2 << "</table>[\n]"
11:45:31.663 [Test worker] DEBUG org.apache.http.wire - http-outgoing-2 << "[\n]"
11:45:31.663 [Test worker] DEBUG org.apache.http.wire - http-outgoing-2 << "<h1>Pazienti Dimessi</h1>[\n]"
11:45:31.663 [Test worker] DEBUG org.apache.http.wire - http-outgoing-2 << "<table border="1" id="discharged" name="discharged">[\n]"
11:45:31.663 [Test worker] DEBUG org.apache.http.wire - http-outgoing-2 << "    <thead>[\n]"
11:45:31.663 [Test worker] DEBUG org.apache.http.wire - http-outgoing-2 << "    <tr>[\n]"
11:45:31.663 [Test worker] DEBUG org.apache.http.wire - http-outgoing-2 << "        <th>Id</th>[\n]"
11:45:31.663 [Test worker] DEBUG org.apache.http.wire - http-outgoing-2 << "        <th>Nome</th>[\n]"
11:45:31.663 [Test worker] DEBUG org.apache.http.wire - http-outgoing-2 << "        <th>Cognome</th>[\n]"
11:45:31.663 [Test worker] DEBUG org.apache.http.wire - http-outgoing-2 << "        <th>Data Ricovero</th>[\n]"
11:45:31.663 [Test worker] DEBUG org.apache.http.wire - http-outgoing-2 << "        <th>Data Dimissione</th>[\n]"
11:45:31.663 [Test worker] DEBUG org.apache.http.wire - http-outgoing-2 << "        <th>Cartella</th>[\n]"
11:45:31.663 [Test worker] DEBUG org.apache.http.wire - http-outgoing-2 << "        <th>Modifica</th>[\n]"
11:45:31.663 [Test worker] DEBUG org.apache.http.wire - http-outgoing-2 << "        <th>Cancella</th>[\n]"
11:45:31.663 [Test worker] DEBUG org.apache.http.wire - http-outgoing-2 << "        <th>Stampa</th>[\n]"
11:45:31.663 [Test worker] DEBUG org.apache.http.wire - http-outgoing-2 << "    </tr>[\n]"
11:45:31.663 [Test worker] DEBUG org.apache.http.wire - http-outgoing-2 << "    </thead>[\n]"
11:45:31.663 [Test worker] DEBUG org.apache.http.wire - http-outgoing-2 << "    <tbody>[\n]"
11:45:31.663 [Test worker] DEBUG org.apache.http.wire - http-outgoing-2 << "    <tr>[\n]"
11:45:31.663 [Test worker] DEBUG org.apache.http.wire - http-outgoing-2 << "        <td id="idDischarged">1</td>[\n]"
11:45:31.663 [Test worker] DEBUG org.apache.http.wire - http-outgoing-2 << "        <td style="text-align:center;">Michele</td>[\n]"
11:45:31.663 [Test worker] DEBUG org.apache.http.wire - http-outgoing-2 << "        <td id='lastNameDischarged' style="text-align:center;">Bianchi</td>[\n]"
11:45:31.663 [Test worker] DEBUG org.apache.http.wire - http-outgoing-2 << "        <td style="text-align:center;">11/06/1993</td>[\n]"
11:45:31.663 [Test worker] DEBUG org.apache.http.wire - http-outgoing-2 << "        <td style="text-align:center;">21/01/2021</td>[\n]"
11:45:31.663 [Test worker] DEBUG org.apache.http.wire - http-outgoing-2 << "        <td> <a href="cartella?id=1" style="text-align:center;"> Cartella </a></td>[\n]"
11:45:31.663 [Test worker] DEBUG org.apache.http.wire - http-outgoing-2 << "        <td> <a id="modificaDischarged" style="text-align:center; cursor:not-allowed; pointer-events:none; color:grey;"> Modifica </a></td>[\n]"
11:45:31.663 [Test worker] DEBUG org.apache.http.wire - http-outgoing-2 << "        <td> <a id="cancellaDischarged" style="text-align:center; cursor:not-allowed; pointer-events:none; color:grey;"> Cancella </a></td>[\n]"
11:45:31.663 [Test worker] DEBUG org.apache.http.wire - http-outgoing-2 << "        <td><button><a href="print?id=1" style="text-align:center;text-decoration:none;"> Stampa scheda </a></button></td>[\n]"
11:45:31.663 [Test worker] DEBUG org.apache.http.wire - http-outgoing-2 << "    </tr>[\n]"
11:45:31.663 [Test worker] DEBUG org.apache.http.wire - http-outgoing-2 << "    </tbody>[\n]"
11:45:31.664 [Test worker] DEBUG org.apache.http.wire - http-outgoing-2 << "</table>[\n]"
11:45:31.664 [Test worker] DEBUG org.apache.http.wire - http-outgoing-2 << "<br>[\n]"
11:45:31.664 [Test worker] DEBUG org.apache.http.wire - http-outgoing-2 << "<button><a href="input" style="text-decoration:none;">Registra un paziente</a></button>[\n]"
11:45:31.664 [Test worker] DEBUG org.apache.http.wire - http-outgoing-2 << "<br>[\n]"
11:45:31.664 [Test worker] DEBUG org.apache.http.wire - http-outgoing-2 << "<br>[\n]"
11:45:31.664 [Test worker] DEBUG org.apache.http.wire - http-outgoing-2 << "[\n]"
11:45:31.664 [Test worker] DEBUG org.apache.http.wire - http-outgoing-2 << "<form action="search" method="post">[\n]"
11:45:31.664 [Test worker] DEBUG org.apache.http.wire - http-outgoing-2 << "    Cognome Paziente: <input type="text" name="lastName"/>[\n]"
11:45:31.664 [Test worker] DEBUG org.apache.http.wire - http-outgoing-2 << "    <input type="submit" value="Cerca"/>[\n]"
11:45:31.664 [Test worker] DEBUG org.apache.http.wire - http-outgoing-2 << "</form>[\n]"
11:45:31.664 [Test worker] DEBUG org.apache.http.wire - http-outgoing-2 << "</body>[\n]"
11:45:31.664 [Test worker] DEBUG org.apache.http.wire - http-outgoing-2 << "</html>[\r][\n]"
11:45:31.664 [Test worker] DEBUG org.apache.http.headers - http-outgoing-2 << HTTP/1.1 200 
11:45:31.664 [Test worker] DEBUG org.apache.http.headers - http-outgoing-2 << Content-Type: text/html;charset=UTF-8
11:45:31.664 [Test worker] DEBUG org.apache.http.headers - http-outgoing-2 << Content-Language: en-US
11:45:31.664 [Test worker] DEBUG org.apache.http.headers - http-outgoing-2 << Transfer-Encoding: chunked
11:45:31.664 [Test worker] DEBUG org.apache.http.headers - http-outgoing-2 << Date: Thu, 21 Jan 2021 10:45:31 GMT
11:45:31.664 [Test worker] DEBUG org.apache.http.headers - http-outgoing-2 << Keep-Alive: timeout=60
11:45:31.664 [Test worker] DEBUG org.apache.http.headers - http-outgoing-2 << Connection: keep-alive
11:45:31.664 [Test worker] DEBUG org.apache.http.impl.execchain.MainClientExec - Connection can be kept alive for 60000 MILLISECONDS
11:45:31.664 [Test worker] DEBUG org.apache.http.wire - http-outgoing-2 << "0[\r][\n]"
11:45:31.664 [Test worker] DEBUG org.apache.http.wire - http-outgoing-2 << "[\r][\n]"
11:45:31.665 [Test worker] DEBUG org.apache.http.impl.conn.PoolingHttpClientConnectionManager - Connection [id: 2][route: {}->http://127.0.0.1:8080] can be kept alive for 60.0 seconds
11:45:31.665 [Test worker] DEBUG org.apache.http.impl.conn.DefaultManagedHttpClientConnection - http-outgoing-2: set socket timeout to 0
11:45:31.665 [Test worker] DEBUG org.apache.http.impl.conn.PoolingHttpClientConnectionManager - Connection released: [id: 2][route: {}->http://127.0.0.1:8080][total available: 1; route allocated: 1 of 6; total allocated: 1 of 20]
11:45:31.665 [Test worker] DEBUG com.gargoylesoftware.htmlunit.html.DomElement - Firing Event unload (Current Target: HTMLElement for HtmlHtml[<html>]);
11:45:31.665 [Test worker] DEBUG com.gargoylesoftware.htmlunit.WebWindowImpl - setEnclosedPage: HtmlPage(http://127.0.0.1:8080/list)@1708865806
11:45:31.665 [Test worker] DEBUG com.gargoylesoftware.htmlunit.WebWindowImpl - destroyChildren
11:45:31.671 [Test worker] DEBUG com.gargoylesoftware.htmlunit.util.EncodingSniffer - Encoding found in HTTP headers: 'UTF-8'.
11:45:31.676 [Test worker] DEBUG net.sourceforge.jwebunit.htmlunit.HtmlUnitTestingEngineImpl - Window "" changed : "MVC Web application" became "MVC Web application
11:45:31.677 [Test worker] DEBUG com.gargoylesoftware.htmlunit.html.DomElement - Firing Event DOMContentLoaded (Current Target: HTMLElement for HtmlHtml[<html>]);
11:45:31.677 [Test worker] DEBUG com.gargoylesoftware.htmlunit.html.DomElement - Firing Event load (Current Target: HTMLElement for HtmlHtml[<html>]);
11:45:31.677 [Test worker] DEBUG com.gargoylesoftware.htmlunit.WebClient - Get page for window named '', using WebRequest[<url="http://127.0.0.1:8080/list", GET, EncodingType[name=application/x-www-form-urlencoded], [], {Accept=text/html,application/xhtml+xml,application/xml;q=0.9,*/*;q=0.8, Accept-Encoding=gzip, deflate}, null>]
11:45:31.678 [Test worker] DEBUG com.gargoylesoftware.htmlunit.WebClient - Load response for GET http://127.0.0.1:8080/list
11:45:31.679 [Test worker] DEBUG org.apache.http.client.protocol.RequestAddCookies - CookieSpec selected: mine
11:45:31.679 [Test worker] DEBUG org.apache.http.client.protocol.RequestAuthCache - Auth cache not set in the context
11:45:31.679 [Test worker] DEBUG org.apache.http.impl.conn.PoolingHttpClientConnectionManager - Connection request: [route: {}->http://127.0.0.1:8080][total available: 0; route allocated: 0 of 6; total allocated: 0 of 20]
11:45:31.679 [Test worker] DEBUG org.apache.http.impl.conn.PoolingHttpClientConnectionManager - Connection leased: [id: 3][route: {}->http://127.0.0.1:8080][total available: 0; route allocated: 1 of 6; total allocated: 1 of 20]
11:45:31.679 [Test worker] DEBUG org.apache.http.impl.execchain.MainClientExec - Opening connection {}->http://127.0.0.1:8080
11:45:31.679 [Test worker] DEBUG org.apache.http.impl.conn.DefaultHttpClientConnectionOperator - Connecting to /127.0.0.1:8080
11:45:31.680 [Test worker] DEBUG org.apache.http.impl.conn.DefaultHttpClientConnectionOperator - Connection established 127.0.0.1:53830<->127.0.0.1:8080
11:45:31.680 [Test worker] DEBUG org.apache.http.impl.conn.DefaultManagedHttpClientConnection - http-outgoing-3: set socket timeout to 0
11:45:31.680 [Test worker] DEBUG org.apache.http.impl.execchain.MainClientExec - Executing request GET /list HTTP/1.1
11:45:31.680 [Test worker] DEBUG org.apache.http.impl.execchain.MainClientExec - Target auth state: UNCHALLENGED
11:45:31.680 [Test worker] DEBUG org.apache.http.impl.execchain.MainClientExec - Proxy auth state: UNCHALLENGED
11:45:31.680 [Test worker] DEBUG org.apache.http.headers - http-outgoing-3 >> GET /list HTTP/1.1
11:45:31.680 [Test worker] DEBUG org.apache.http.headers - http-outgoing-3 >> Host: 127.0.0.1:8080
11:45:31.680 [Test worker] DEBUG org.apache.http.headers - http-outgoing-3 >> User-Agent: Mozilla/5.0 (Windows NT 6.1; rv:38.0) Gecko/20100101 Firefox/38.0
11:45:31.680 [Test worker] DEBUG org.apache.http.headers - http-outgoing-3 >> Accept: text/html,application/xhtml+xml,application/xml;q=0.9,*/*;q=0.8
11:45:31.680 [Test worker] DEBUG org.apache.http.headers - http-outgoing-3 >> Accept-Language: en-US
11:45:31.680 [Test worker] DEBUG org.apache.http.headers - http-outgoing-3 >> Accept-Encoding: gzip, deflate
11:45:31.680 [Test worker] DEBUG org.apache.http.headers - http-outgoing-3 >> Connection: Keep-Alive
11:45:31.680 [Test worker] DEBUG org.apache.http.wire - http-outgoing-3 >> "GET /list HTTP/1.1[\r][\n]"
11:45:31.680 [Test worker] DEBUG org.apache.http.wire - http-outgoing-3 >> "Host: 127.0.0.1:8080[\r][\n]"
11:45:31.680 [Test worker] DEBUG org.apache.http.wire - http-outgoing-3 >> "User-Agent: Mozilla/5.0 (Windows NT 6.1; rv:38.0) Gecko/20100101 Firefox/38.0[\r][\n]"
11:45:31.680 [Test worker] DEBUG org.apache.http.wire - http-outgoing-3 >> "Accept: text/html,application/xhtml+xml,application/xml;q=0.9,*/*;q=0.8[\r][\n]"
11:45:31.680 [Test worker] DEBUG org.apache.http.wire - http-outgoing-3 >> "Accept-Language: en-US[\r][\n]"
11:45:31.680 [Test worker] DEBUG org.apache.http.wire - http-outgoing-3 >> "Accept-Encoding: gzip, deflate[\r][\n]"
11:45:31.680 [Test worker] DEBUG org.apache.http.wire - http-outgoing-3 >> "Connection: Keep-Alive[\r][\n]"
11:45:31.681 [Test worker] DEBUG org.apache.http.wire - http-outgoing-3 >> "[\r][\n]"
11:45:31.689 [Test worker] DEBUG org.apache.http.wire - http-outgoing-3 << "HTTP/1.1 200 [\r][\n]"
11:45:31.689 [Test worker] DEBUG org.apache.http.wire - http-outgoing-3 << "Content-Type: text/html;charset=UTF-8[\r][\n]"
11:45:31.689 [Test worker] DEBUG org.apache.http.wire - http-outgoing-3 << "Content-Language: en-US[\r][\n]"
11:45:31.689 [Test worker] DEBUG org.apache.http.wire - http-outgoing-3 << "Transfer-Encoding: chunked[\r][\n]"
11:45:31.689 [Test worker] DEBUG org.apache.http.wire - http-outgoing-3 << "Date: Thu, 21 Jan 2021 10:45:31 GMT[\r][\n]"
11:45:31.689 [Test worker] DEBUG org.apache.http.wire - http-outgoing-3 << "Keep-Alive: timeout=60[\r][\n]"
11:45:31.689 [Test worker] DEBUG org.apache.http.wire - http-outgoing-3 << "Connection: keep-alive[\r][\n]"
11:45:31.689 [Test worker] DEBUG org.apache.http.wire - http-outgoing-3 << "[\r][\n]"
11:45:31.689 [Test worker] DEBUG org.apache.http.wire - http-outgoing-3 << "af1[\r][\n]"
11:45:31.689 [Test worker] DEBUG org.apache.http.wire - http-outgoing-3 << "<!DOCTYPE HTML>[\n]"
11:45:31.689 [Test worker] DEBUG org.apache.http.wire - http-outgoing-3 << "<html>[\n]"
11:45:31.689 [Test worker] DEBUG org.apache.http.wire - http-outgoing-3 << "<head>[\n]"
11:45:31.689 [Test worker] DEBUG org.apache.http.wire - http-outgoing-3 << "    <title>MVC Web application</title>[\n]"
11:45:31.689 [Test worker] DEBUG org.apache.http.wire - http-outgoing-3 << "    <meta http-equiv="Content-Type" content="text/html; charset=UTF-8" />[\n]"
11:45:31.689 [Test worker] DEBUG org.apache.http.wire - http-outgoing-3 << "</head>[\n]"
11:45:31.689 [Test worker] DEBUG org.apache.http.wire - http-outgoing-3 << "[\n]"
11:45:31.689 [Test worker] DEBUG org.apache.http.wire - http-outgoing-3 << "<body>[\n]"
11:45:31.689 [Test worker] DEBUG org.apache.http.wire - http-outgoing-3 << "<h1>Pazienti Ricoverati</h1>[\n]"
11:45:31.689 [Test worker] DEBUG org.apache.http.wire - http-outgoing-3 << "[\n]"
11:45:31.689 [Test worker] DEBUG org.apache.http.wire - http-outgoing-3 << "<table border="1" id="present" name="present">[\n]"
11:45:31.689 [Test worker] DEBUG org.apache.http.wire - http-outgoing-3 << "    <thead>[\n]"
11:45:31.689 [Test worker] DEBUG org.apache.http.wire - http-outgoing-3 << "    <tr>[\n]"
11:45:31.689 [Test worker] DEBUG org.apache.http.wire - http-outgoing-3 << "        <th>Id</th>[\n]"
11:45:31.689 [Test worker] DEBUG org.apache.http.wire - http-outgoing-3 << "        <th>Nome</th>[\n]"
11:45:31.689 [Test worker] DEBUG org.apache.http.wire - http-outgoing-3 << "        <th>Cognome</th>[\n]"
11:45:31.689 [Test worker] DEBUG org.apache.http.wire - http-outgoing-3 << "        <th>Data ricovero</th>[\n]"
11:45:31.689 [Test worker] DEBUG org.apache.http.wire - http-outgoing-3 << "        <th>Data dimissione</th>[\n]"
11:45:31.689 [Test worker] DEBUG org.apache.http.wire - http-outgoing-3 << "        <th>Mostra</th>[\n]"
11:45:31.689 [Test worker] DEBUG org.apache.http.wire - http-outgoing-3 << "        <th>Modifica</th>[\n]"
11:45:31.689 [Test worker] DEBUG org.apache.http.wire - http-outgoing-3 << "        <th>Dimetti</th>[\n]"
11:45:31.689 [Test worker] DEBUG org.apache.http.wire - http-outgoing-3 << "        <th>Cancella</th>[\n]"
11:45:31.689 [Test worker] DEBUG org.apache.http.wire - http-outgoing-3 << "        <th>Stampa</th>[\n]"
11:45:31.689 [Test worker] DEBUG org.apache.http.wire - http-outgoing-3 << "    </tr>[\n]"
11:45:31.689 [Test worker] DEBUG org.apache.http.wire - http-outgoing-3 << "    </thead>[\n]"
11:45:31.689 [Test worker] DEBUG org.apache.http.wire - http-outgoing-3 << "    <tbody>[\n]"
11:45:31.689 [Test worker] DEBUG org.apache.http.wire - http-outgoing-3 << "        <tr>[\n]"
11:45:31.689 [Test worker] DEBUG org.apache.http.wire - http-outgoing-3 << "            <td id="id">2</td>[\n]"
11:45:31.689 [Test worker] DEBUG org.apache.http.wire - http-outgoing-3 << "            <td style="text-align:center;">Michele</td>[\n]"
11:45:31.689 [Test worker] DEBUG org.apache.http.wire - http-outgoing-3 << "            <td id='lastName' style="text-align:center;">Bianchi</td>[\n]"
11:45:31.689 [Test worker] DEBUG org.apache.http.wire - http-outgoing-3 << "            <td style="text-align:center;">11/06/1993</td>[\n]"
11:45:31.689 [Test worker] DEBUG org.apache.http.wire - http-outgoing-3 << "            <td style="text-align:center;"></td>[\n]"
11:45:31.689 [Test worker] DEBUG org.apache.http.wire - http-outgoing-3 << "            <td> <a href="cartella?id=2" style="text-align:center;"> Cartella </a></td>[\n]"
11:45:31.689 [Test worker] DEBUG org.apache.http.wire - http-outgoing-3 << "            <td> <a href="edit?id=2" id="modifica" style="text-align:center;"> Modifica </a></td>[\n]"
11:45:31.689 [Test worker] DEBUG org.apache.http.wire - http-outgoing-3 << "            <td> <a href="dimetti?id=2" style="text-align:center;"> Dimetti </a></td>[\n]"
11:45:31.689 [Test worker] DEBUG org.apache.http.wire - http-outgoing-3 << "            <td> <a href="delete?id=2" id="cancella" style="text-align:center;"> Cancella </a></td>[\n]"
11:45:31.690 [Test worker] DEBUG org.apache.http.wire - http-outgoing-3 << "            <td><button><a href="print?id=2" style="text-align:center;text-decoration:none;"> Stampa scheda </a></button></td>[\n]"
11:45:31.690 [Test worker] DEBUG org.apache.http.wire - http-outgoing-3 << "        </tr>[\n]"
11:45:31.690 [Test worker] DEBUG org.apache.http.wire - http-outgoing-3 << "        </tbody>[\n]"
11:45:31.690 [Test worker] DEBUG org.apache.http.wire - http-outgoing-3 << "</table>[\n]"
11:45:31.690 [Test worker] DEBUG org.apache.http.wire - http-outgoing-3 << "[\n]"
11:45:31.690 [Test worker] DEBUG org.apache.http.wire - http-outgoing-3 << "<h1>Pazienti Dimessi</h1>[\n]"
11:45:31.690 [Test worker] DEBUG org.apache.http.wire - http-outgoing-3 << "<table border="1" id="discharged" name="discharged">[\n]"
11:45:31.690 [Test worker] DEBUG org.apache.http.wire - http-outgoing-3 << "    <thead>[\n]"
11:45:31.690 [Test worker] DEBUG org.apache.http.wire - http-outgoing-3 << "    <tr>[\n]"
11:45:31.690 [Test worker] DEBUG org.apache.http.wire - http-outgoing-3 << "        <th>Id</th>[\n]"
11:45:31.690 [Test worker] DEBUG org.apache.http.wire - http-outgoing-3 << "        <th>Nome</th>[\n]"
11:45:31.690 [Test worker] DEBUG org.apache.http.wire - http-outgoing-3 << "        <th>Cognome</th>[\n]"
11:45:31.690 [Test worker] DEBUG org.apache.http.wire - http-outgoing-3 << "        <th>Data Ricovero</th>[\n]"
11:45:31.690 [Test worker] DEBUG org.apache.http.wire - http-outgoing-3 << "        <th>Data Dimissione</th>[\n]"
11:45:31.690 [Test worker] DEBUG org.apache.http.wire - http-outgoing-3 << "        <th>Cartella</th>[\n]"
11:45:31.690 [Test worker] DEBUG org.apache.http.wire - http-outgoing-3 << "        <th>Modifica</th>[\n]"
11:45:31.690 [Test worker] DEBUG org.apache.http.wire - http-outgoing-3 << "        <th>Cancella</th>[\n]"
11:45:31.690 [Test worker] DEBUG org.apache.http.wire - http-outgoing-3 << "        <th>Stampa</th>[\n]"
11:45:31.690 [Test worker] DEBUG org.apache.http.wire - http-outgoing-3 << "    </tr>[\n]"
11:45:31.690 [Test worker] DEBUG org.apache.http.wire - http-outgoing-3 << "    </thead>[\n]"
11:45:31.690 [Test worker] DEBUG org.apache.http.wire - http-outgoing-3 << "    <tbody>[\n]"
11:45:31.690 [Test worker] DEBUG org.apache.http.wire - http-outgoing-3 << "    <tr>[\n]"
11:45:31.690 [Test worker] DEBUG org.apache.http.wire - http-outgoing-3 << "        <td id="idDischarged">1</td>[\n]"
11:45:31.690 [Test worker] DEBUG org.apache.http.wire - http-outgoing-3 << "        <td style="text-align:center;">Michele</td>[\n]"
11:45:31.690 [Test worker] DEBUG org.apache.http.wire - http-outgoing-3 << "        <td id='lastNameDischarged' style="text-align:center;">Bianchi</td>[\n]"
11:45:31.690 [Test worker] DEBUG org.apache.http.wire - http-outgoing-3 << "        <td style="text-align:center;">11/06/1993</td>[\n]"
11:45:31.690 [Test worker] DEBUG org.apache.http.wire - http-outgoing-3 << "        <td style="text-align:center;">21/01/2021</td>[\n]"
11:45:31.690 [Test worker] DEBUG org.apache.http.wire - http-outgoing-3 << "        <td> <a href="cartella?id=1" style="text-align:center;"> Cartella </a></td>[\n]"
11:45:31.690 [Test worker] DEBUG org.apache.http.wire - http-outgoing-3 << "        <td> <a id="modificaDischarged" style="text-align:center; cursor:not-allowed; pointer-events:none; color:grey;"> Modifica </a></td>[\n]"
11:45:31.690 [Test worker] DEBUG org.apache.http.wire - http-outgoing-3 << "        <td> <a id="cancellaDischarged" style="text-align:center; cursor:not-allowed; pointer-events:none; color:grey;"> Cancella </a></td>[\n]"
11:45:31.690 [Test worker] DEBUG org.apache.http.wire - http-outgoing-3 << "        <td><button><a href="print?id=1" style="text-align:center;text-decoration:none;"> Stampa scheda </a></button></td>[\n]"
11:45:31.690 [Test worker] DEBUG org.apache.http.wire - http-outgoing-3 << "    </tr>[\n]"
11:45:31.690 [Test worker] DEBUG org.apache.http.wire - http-outgoing-3 << "    </tbody>[\n]"
11:45:31.690 [Test worker] DEBUG org.apache.http.wire - http-outgoing-3 << "</table>[\n]"
11:45:31.690 [Test worker] DEBUG org.apache.http.wire - http-outgoing-3 << "<br>[\n]"
11:45:31.690 [Test worker] DEBUG org.apache.http.wire - http-outgoing-3 << "<button><a href="input" style="text-decoration:none;">Registra un paziente</a></button>[\n]"
11:45:31.690 [Test worker] DEBUG org.apache.http.wire - http-outgoing-3 << "<br>[\n]"
11:45:31.690 [Test worker] DEBUG org.apache.http.wire - http-outgoing-3 << "<br>[\n]"
11:45:31.690 [Test worker] DEBUG org.apache.http.wire - http-outgoing-3 << "[\n]"
11:45:31.691 [Test worker] DEBUG org.apache.http.wire - http-outgoing-3 << "<form action="search" method="post">[\n]"
11:45:31.691 [Test worker] DEBUG org.apache.http.wire - http-outgoing-3 << "    Cognome Paziente: <input type="text" name="lastName"/>[\n]"
11:45:31.691 [Test worker] DEBUG org.apache.http.wire - http-outgoing-3 << "    <input type="submit" value="Cerca"/>[\n]"
11:45:31.691 [Test worker] DEBUG org.apache.http.wire - http-outgoing-3 << "</form>[\n]"
11:45:31.691 [Test worker] DEBUG org.apache.http.wire - http-outgoing-3 << "</body>[\n]"
11:45:31.691 [Test worker] DEBUG org.apache.http.wire - http-outgoing-3 << "</html>[\r][\n]"
11:45:31.691 [Test worker] DEBUG org.apache.http.headers - http-outgoing-3 << HTTP/1.1 200 
11:45:31.691 [Test worker] DEBUG org.apache.http.headers - http-outgoing-3 << Content-Type: text/html;charset=UTF-8
11:45:31.691 [Test worker] DEBUG org.apache.http.headers - http-outgoing-3 << Content-Language: en-US
11:45:31.691 [Test worker] DEBUG org.apache.http.headers - http-outgoing-3 << Transfer-Encoding: chunked
11:45:31.691 [Test worker] DEBUG org.apache.http.headers - http-outgoing-3 << Date: Thu, 21 Jan 2021 10:45:31 GMT
11:45:31.691 [Test worker] DEBUG org.apache.http.headers - http-outgoing-3 << Keep-Alive: timeout=60
11:45:31.691 [Test worker] DEBUG org.apache.http.headers - http-outgoing-3 << Connection: keep-alive
11:45:31.691 [Test worker] DEBUG org.apache.http.impl.execchain.MainClientExec - Connection can be kept alive for 60000 MILLISECONDS
11:45:31.691 [Test worker] DEBUG org.apache.http.wire - http-outgoing-3 << "0[\r][\n]"
11:45:31.691 [Test worker] DEBUG org.apache.http.wire - http-outgoing-3 << "[\r][\n]"
11:45:31.691 [Test worker] DEBUG org.apache.http.impl.conn.PoolingHttpClientConnectionManager - Connection [id: 3][route: {}->http://127.0.0.1:8080] can be kept alive for 60.0 seconds
11:45:31.691 [Test worker] DEBUG org.apache.http.impl.conn.DefaultManagedHttpClientConnection - http-outgoing-3: set socket timeout to 0
11:45:31.691 [Test worker] DEBUG org.apache.http.impl.conn.PoolingHttpClientConnectionManager - Connection released: [id: 3][route: {}->http://127.0.0.1:8080][total available: 1; route allocated: 1 of 6; total allocated: 1 of 20]
11:45:31.692 [Test worker] DEBUG com.gargoylesoftware.htmlunit.WebWindowImpl - setEnclosedPage: HtmlPage(http://127.0.0.1:8080/list)@1439174270
11:45:31.692 [Test worker] DEBUG com.gargoylesoftware.htmlunit.WebWindowImpl - destroyChildren
11:45:31.697 [Test worker] DEBUG com.gargoylesoftware.htmlunit.util.EncodingSniffer - Encoding found in HTTP headers: 'UTF-8'.
11:45:31.703 [Test worker] DEBUG net.sourceforge.jwebunit.htmlunit.HtmlUnitTestingEngineImpl - Window "" changed : "no_html" became "MVC Web application
11:45:31.703 [Test worker] DEBUG com.gargoylesoftware.htmlunit.html.DomElement - Firing Event DOMContentLoaded (Current Target: HTMLElement for HtmlHtml[<html>]);
11:45:31.703 [Test worker] DEBUG com.gargoylesoftware.htmlunit.html.DomElement - Firing Event load (Current Target: HTMLElement for HtmlHtml[<html>]);
11:45:31.705 [Test worker] DEBUG com.gargoylesoftware.htmlunit.html.DomElement - Firing Event mousedown (Current Target: HTMLElement for HtmlAnchor[<a href="input" style="text-decoration:none;">]);
11:45:31.705 [Test worker] DEBUG com.gargoylesoftware.htmlunit.html.DomElement - Firing Event focus (Current Target: HTMLElement for HtmlAnchor[<a href="input" style="text-decoration:none;">]);
11:45:31.705 [Test worker] DEBUG com.gargoylesoftware.htmlunit.html.DomElement - Firing Event mouseup (Current Target: HTMLElement for HtmlAnchor[<a href="input" style="text-decoration:none;">]);
11:45:31.705 [Test worker] DEBUG com.gargoylesoftware.htmlunit.html.DomElement - Firing Event click (Current Target: HTMLElement for HtmlAnchor[<a href="input" style="text-decoration:none;">]);
11:45:31.705 [Test worker] DEBUG com.gargoylesoftware.htmlunit.html.HtmlAnchor - do click action in window '', using href 'input'
11:45:31.705 [Test worker] DEBUG com.gargoylesoftware.htmlunit.util.EncodingSniffer - Encoding found in HTTP headers: 'UTF-8'.
11:45:31.705 [Test worker] DEBUG com.gargoylesoftware.htmlunit.html.HtmlAnchor - Getting page for http://127.0.0.1:8080/input, derived from href 'input', using the originating URL http://127.0.0.1:8080/list
11:45:31.705 [Test worker] DEBUG com.gargoylesoftware.htmlunit.html.DomElement - Firing Event beforeunload (Current Target: HTMLElement for HtmlHtml[<html>]);
11:45:31.705 [Test worker] DEBUG com.gargoylesoftware.htmlunit.WebClient - Load response for GET http://127.0.0.1:8080/input
11:45:31.706 [Test worker] DEBUG org.apache.http.client.protocol.RequestAddCookies - CookieSpec selected: mine
11:45:31.706 [Test worker] DEBUG org.apache.http.client.protocol.RequestAuthCache - Auth cache not set in the context
11:45:31.707 [Test worker] DEBUG org.apache.http.impl.conn.PoolingHttpClientConnectionManager - Connection request: [route: {}->http://127.0.0.1:8080][total available: 1; route allocated: 1 of 6; total allocated: 1 of 20]
11:45:31.707 [Test worker] DEBUG org.apache.http.impl.conn.PoolingHttpClientConnectionManager - Connection leased: [id: 3][route: {}->http://127.0.0.1:8080][total available: 0; route allocated: 1 of 6; total allocated: 1 of 20]
11:45:31.707 [Test worker] DEBUG org.apache.http.impl.conn.DefaultManagedHttpClientConnection - http-outgoing-3: set socket timeout to 0
11:45:31.707 [Test worker] DEBUG org.apache.http.impl.conn.DefaultManagedHttpClientConnection - http-outgoing-3: set socket timeout to 0
11:45:31.707 [Test worker] DEBUG org.apache.http.impl.execchain.MainClientExec - Executing request GET /input HTTP/1.1
11:45:31.707 [Test worker] DEBUG org.apache.http.impl.execchain.MainClientExec - Target auth state: UNCHALLENGED
11:45:31.707 [Test worker] DEBUG org.apache.http.impl.execchain.MainClientExec - Proxy auth state: UNCHALLENGED
11:45:31.707 [Test worker] DEBUG org.apache.http.headers - http-outgoing-3 >> GET /input HTTP/1.1
11:45:31.707 [Test worker] DEBUG org.apache.http.headers - http-outgoing-3 >> Host: 127.0.0.1:8080
11:45:31.707 [Test worker] DEBUG org.apache.http.headers - http-outgoing-3 >> User-Agent: Mozilla/5.0 (Windows NT 6.1; rv:38.0) Gecko/20100101 Firefox/38.0
11:45:31.707 [Test worker] DEBUG org.apache.http.headers - http-outgoing-3 >> Accept: text/html,application/xhtml+xml,application/xml;q=0.9,*/*;q=0.8
11:45:31.707 [Test worker] DEBUG org.apache.http.headers - http-outgoing-3 >> Accept-Language: en-US
11:45:31.707 [Test worker] DEBUG org.apache.http.headers - http-outgoing-3 >> Accept-Encoding: gzip, deflate
11:45:31.707 [Test worker] DEBUG org.apache.http.headers - http-outgoing-3 >> Referer: http://127.0.0.1:8080/list
11:45:31.707 [Test worker] DEBUG org.apache.http.headers - http-outgoing-3 >> Connection: Keep-Alive
11:45:31.707 [Test worker] DEBUG org.apache.http.wire - http-outgoing-3 >> "GET /input HTTP/1.1[\r][\n]"
11:45:31.707 [Test worker] DEBUG org.apache.http.wire - http-outgoing-3 >> "Host: 127.0.0.1:8080[\r][\n]"
11:45:31.707 [Test worker] DEBUG org.apache.http.wire - http-outgoing-3 >> "User-Agent: Mozilla/5.0 (Windows NT 6.1; rv:38.0) Gecko/20100101 Firefox/38.0[\r][\n]"
11:45:31.707 [Test worker] DEBUG org.apache.http.wire - http-outgoing-3 >> "Accept: text/html,application/xhtml+xml,application/xml;q=0.9,*/*;q=0.8[\r][\n]"
11:45:31.707 [Test worker] DEBUG org.apache.http.wire - http-outgoing-3 >> "Accept-Language: en-US[\r][\n]"
11:45:31.707 [Test worker] DEBUG org.apache.http.wire - http-outgoing-3 >> "Accept-Encoding: gzip, deflate[\r][\n]"
11:45:31.707 [Test worker] DEBUG org.apache.http.wire - http-outgoing-3 >> "Referer: http://127.0.0.1:8080/list[\r][\n]"
11:45:31.707 [Test worker] DEBUG org.apache.http.wire - http-outgoing-3 >> "Connection: Keep-Alive[\r][\n]"
11:45:31.707 [Test worker] DEBUG org.apache.http.wire - http-outgoing-3 >> "[\r][\n]"
11:45:31.710 [Test worker] DEBUG org.apache.http.wire - http-outgoing-3 << "HTTP/1.1 200 [\r][\n]"
11:45:31.710 [Test worker] DEBUG org.apache.http.wire - http-outgoing-3 << "Content-Type: text/html;charset=UTF-8[\r][\n]"
11:45:31.711 [Test worker] DEBUG org.apache.http.wire - http-outgoing-3 << "Content-Language: en-US[\r][\n]"
11:45:31.711 [Test worker] DEBUG org.apache.http.wire - http-outgoing-3 << "Transfer-Encoding: chunked[\r][\n]"
11:45:31.711 [Test worker] DEBUG org.apache.http.wire - http-outgoing-3 << "Date: Thu, 21 Jan 2021 10:45:31 GMT[\r][\n]"
11:45:31.711 [Test worker] DEBUG org.apache.http.wire - http-outgoing-3 << "Keep-Alive: timeout=60[\r][\n]"
11:45:31.711 [Test worker] DEBUG org.apache.http.wire - http-outgoing-3 << "Connection: keep-alive[\r][\n]"
11:45:31.711 [Test worker] DEBUG org.apache.http.wire - http-outgoing-3 << "[\r][\n]"
11:45:31.711 [Test worker] DEBUG org.apache.http.wire - http-outgoing-3 << "2f0[\r][\n]"
11:45:31.711 [Test worker] DEBUG org.apache.http.wire - http-outgoing-3 << "<!DOCTYPE HTML>[\n]"
11:45:31.711 [Test worker] DEBUG org.apache.http.wire - http-outgoing-3 << "<html>[\n]"
11:45:31.711 [Test worker] DEBUG org.apache.http.wire - http-outgoing-3 << "<head>[\n]"
11:45:31.711 [Test worker] DEBUG org.apache.http.wire - http-outgoing-3 << "    <title>MVC Web application</title>[\n]"
11:45:31.711 [Test worker] DEBUG org.apache.http.wire - http-outgoing-3 << "    <meta http-equiv="Content-Type" content="text/html; charset=UTF-8" />[\n]"
11:45:31.711 [Test worker] DEBUG org.apache.http.wire - http-outgoing-3 << "</head>[\n]"
11:45:31.711 [Test worker] DEBUG org.apache.http.wire - http-outgoing-3 << "[\n]"
11:45:31.711 [Test worker] DEBUG org.apache.http.wire - http-outgoing-3 << "<body>[\n]"
11:45:31.711 [Test worker] DEBUG org.apache.http.wire - http-outgoing-3 << "<h1>Inserisci un nuovo paziente</h1>[\n]"
11:45:31.711 [Test worker] DEBUG org.apache.http.wire - http-outgoing-3 << "[\n]"
11:45:31.711 [Test worker] DEBUG org.apache.http.wire - http-outgoing-3 << "<form action="create" method="post">[\n]"
11:45:31.711 [Test worker] DEBUG org.apache.http.wire - http-outgoing-3 << "    <table border="1">[\n]"
11:45:31.711 [Test worker] DEBUG org.apache.http.wire - http-outgoing-3 << "        <tr>[\n]"
11:45:31.711 [Test worker] DEBUG org.apache.http.wire - http-outgoing-3 << "            <td>Nome</td>[\n]"
11:45:31.711 [Test worker] DEBUG org.apache.http.wire - http-outgoing-3 << "            <td><input type="text" name="firstName" required></td>[\n]"
11:45:31.711 [Test worker] DEBUG org.apache.http.wire - http-outgoing-3 << "        </tr>[\n]"
11:45:31.711 [Test worker] DEBUG org.apache.http.wire - http-outgoing-3 << "        <tr>[\n]"
11:45:31.711 [Test worker] DEBUG org.apache.http.wire - http-outgoing-3 << "            <td>Cognome</td>[\n]"
11:45:31.711 [Test worker] DEBUG org.apache.http.wire - http-outgoing-3 << "            <td><input type="text" name="lastName" required><br></td>[\n]"
11:45:31.711 [Test worker] DEBUG org.apache.http.wire - http-outgoing-3 << "        </tr>[\n]"
11:45:31.711 [Test worker] DEBUG org.apache.http.wire - http-outgoing-3 << "        <tr>[\n]"
11:45:31.711 [Test worker] DEBUG org.apache.http.wire - http-outgoing-3 << "            <td>Data ricovero</td>[\n]"
11:45:31.711 [Test worker] DEBUG org.apache.http.wire - http-outgoing-3 << "            <td><input type="date" name="admissionDate" required><br></td>[\n]"
11:45:31.711 [Test worker] DEBUG org.apache.http.wire - http-outgoing-3 << "        </tr>[\n]"
11:45:31.711 [Test worker] DEBUG org.apache.http.wire - http-outgoing-3 << "    </table>[\n]"
11:45:31.711 [Test worker] DEBUG org.apache.http.wire - http-outgoing-3 << "[\n]"
11:45:31.711 [Test worker] DEBUG org.apache.http.wire - http-outgoing-3 << "    <input type="submit" />[\n]"
11:45:31.711 [Test worker] DEBUG org.apache.http.wire - http-outgoing-3 << "</form>[\n]"
11:45:31.711 [Test worker] DEBUG org.apache.http.wire - http-outgoing-3 << "[\n]"
11:45:31.711 [Test worker] DEBUG org.apache.http.wire - http-outgoing-3 << "<br>[\n]"
11:45:31.711 [Test worker] DEBUG org.apache.http.wire - http-outgoing-3 << "<a href="list"> Torna alla lista </a>[\n]"
11:45:31.711 [Test worker] DEBUG org.apache.http.wire - http-outgoing-3 << "[\n]"
11:45:31.711 [Test worker] DEBUG org.apache.http.wire - http-outgoing-3 << "</body>[\n]"
11:45:31.711 [Test worker] DEBUG org.apache.http.wire - http-outgoing-3 << "</html>[\n]"
11:45:31.711 [Test worker] DEBUG org.apache.http.wire - http-outgoing-3 << "[\n]"
11:45:31.711 [Test worker] DEBUG org.apache.http.wire - http-outgoing-3 << "[\r][\n]"
11:45:31.711 [Test worker] DEBUG org.apache.http.headers - http-outgoing-3 << HTTP/1.1 200 
11:45:31.711 [Test worker] DEBUG org.apache.http.headers - http-outgoing-3 << Content-Type: text/html;charset=UTF-8
11:45:31.711 [Test worker] DEBUG org.apache.http.headers - http-outgoing-3 << Content-Language: en-US
11:45:31.711 [Test worker] DEBUG org.apache.http.headers - http-outgoing-3 << Transfer-Encoding: chunked
11:45:31.711 [Test worker] DEBUG org.apache.http.headers - http-outgoing-3 << Date: Thu, 21 Jan 2021 10:45:31 GMT
11:45:31.711 [Test worker] DEBUG org.apache.http.headers - http-outgoing-3 << Keep-Alive: timeout=60
11:45:31.712 [Test worker] DEBUG org.apache.http.headers - http-outgoing-3 << Connection: keep-alive
11:45:31.712 [Test worker] DEBUG org.apache.http.impl.execchain.MainClientExec - Connection can be kept alive for 60000 MILLISECONDS
11:45:31.712 [Test worker] DEBUG org.apache.http.wire - http-outgoing-3 << "0[\r][\n]"
11:45:31.712 [Test worker] DEBUG org.apache.http.wire - http-outgoing-3 << "[\r][\n]"
11:45:31.712 [Test worker] DEBUG org.apache.http.impl.conn.PoolingHttpClientConnectionManager - Connection [id: 3][route: {}->http://127.0.0.1:8080] can be kept alive for 60.0 seconds
11:45:31.712 [Test worker] DEBUG org.apache.http.impl.conn.DefaultManagedHttpClientConnection - http-outgoing-3: set socket timeout to 0
11:45:31.712 [Test worker] DEBUG org.apache.http.impl.conn.PoolingHttpClientConnectionManager - Connection released: [id: 3][route: {}->http://127.0.0.1:8080][total available: 1; route allocated: 1 of 6; total allocated: 1 of 20]
11:45:31.712 [Test worker] DEBUG com.gargoylesoftware.htmlunit.html.DomElement - Firing Event unload (Current Target: HTMLElement for HtmlHtml[<html>]);
11:45:31.712 [Test worker] DEBUG com.gargoylesoftware.htmlunit.WebWindowImpl - setEnclosedPage: HtmlPage(http://127.0.0.1:8080/input)@1059123045
11:45:31.712 [Test worker] DEBUG com.gargoylesoftware.htmlunit.WebWindowImpl - destroyChildren
11:45:31.718 [Test worker] DEBUG com.gargoylesoftware.htmlunit.util.EncodingSniffer - Encoding found in HTTP headers: 'UTF-8'.
11:45:31.721 [Test worker] DEBUG net.sourceforge.jwebunit.htmlunit.HtmlUnitTestingEngineImpl - Window "" changed : "MVC Web application" became "MVC Web application
11:45:31.721 [Test worker] DEBUG com.gargoylesoftware.htmlunit.html.DomElement - Firing Event DOMContentLoaded (Current Target: HTMLElement for HtmlHtml[<html>]);
11:45:31.721 [Test worker] DEBUG com.gargoylesoftware.htmlunit.html.DomElement - Firing Event load (Current Target: HTMLElement for HtmlHtml[<html>]);
11:45:31.721 [Test worker] DEBUG com.gargoylesoftware.htmlunit.html.DomElement - Firing Event change (Current Target: HTMLElement for HtmlTextInput[<input type="text" name="firstName" required="" value="Michele">]);
11:45:31.721 [Test worker] DEBUG com.gargoylesoftware.htmlunit.html.DomElement - Firing Event change (Current Target: HTMLElement for HtmlTextInput[<input type="text" name="lastName" required="" value="Bianchi">]);
11:45:31.722 [Test worker] DEBUG com.gargoylesoftware.htmlunit.html.DomElement - Firing Event change (Current Target: HTMLElement for HtmlDateInput[<input type="date" name="admissionDate" required="" value="1993-06-11">]);
11:45:31.722 [Test worker] DEBUG com.gargoylesoftware.htmlunit.html.DomElement - Firing Event mousedown (Current Target: HTMLElement for HtmlSubmitInput[<input type="submit">]);
11:45:31.722 [Test worker] DEBUG com.gargoylesoftware.htmlunit.html.DomElement - Firing Event focus (Current Target: HTMLElement for HtmlSubmitInput[<input type="submit">]);
11:45:31.722 [Test worker] DEBUG com.gargoylesoftware.htmlunit.html.DomElement - Firing Event mouseup (Current Target: HTMLElement for HtmlSubmitInput[<input type="submit">]);
11:45:31.722 [Test worker] DEBUG com.gargoylesoftware.htmlunit.html.DomElement - Firing Event click (Current Target: HTMLElement for HtmlSubmitInput[<input type="submit">]);
11:45:31.722 [Test worker] DEBUG com.gargoylesoftware.htmlunit.html.DomElement - Firing Event submit (Current Target: HTMLElement for HtmlForm[<form action="create" method="post">]);
11:45:31.722 [Test worker] DEBUG com.gargoylesoftware.htmlunit.util.EncodingSniffer - Encoding found in HTTP headers: 'UTF-8'.
11:45:31.722 [Test worker] DEBUG com.gargoylesoftware.htmlunit.WebClient - Load response for POST http://127.0.0.1:8080/create
11:45:31.723 [Test worker] DEBUG org.apache.http.client.protocol.RequestAddCookies - CookieSpec selected: mine
11:45:31.723 [Test worker] DEBUG org.apache.http.client.protocol.RequestAuthCache - Auth cache not set in the context
11:45:31.724 [Test worker] DEBUG org.apache.http.impl.conn.PoolingHttpClientConnectionManager - Connection request: [route: {}->http://127.0.0.1:8080][total available: 1; route allocated: 1 of 6; total allocated: 1 of 20]
11:45:31.724 [Test worker] DEBUG org.apache.http.impl.conn.PoolingHttpClientConnectionManager - Connection leased: [id: 3][route: {}->http://127.0.0.1:8080][total available: 0; route allocated: 1 of 6; total allocated: 1 of 20]
11:45:31.724 [Test worker] DEBUG org.apache.http.impl.conn.DefaultManagedHttpClientConnection - http-outgoing-3: set socket timeout to 0
11:45:31.724 [Test worker] DEBUG org.apache.http.impl.conn.DefaultManagedHttpClientConnection - http-outgoing-3: set socket timeout to 0
11:45:31.724 [Test worker] DEBUG org.apache.http.impl.execchain.MainClientExec - Executing request POST /create HTTP/1.1
11:45:31.724 [Test worker] DEBUG org.apache.http.impl.execchain.MainClientExec - Target auth state: UNCHALLENGED
11:45:31.724 [Test worker] DEBUG org.apache.http.impl.execchain.MainClientExec - Proxy auth state: UNCHALLENGED
11:45:31.724 [Test worker] DEBUG org.apache.http.headers - http-outgoing-3 >> POST /create HTTP/1.1
11:45:31.724 [Test worker] DEBUG org.apache.http.headers - http-outgoing-3 >> Host: 127.0.0.1:8080
11:45:31.724 [Test worker] DEBUG org.apache.http.headers - http-outgoing-3 >> User-Agent: Mozilla/5.0 (Windows NT 6.1; rv:38.0) Gecko/20100101 Firefox/38.0
11:45:31.724 [Test worker] DEBUG org.apache.http.headers - http-outgoing-3 >> Accept: */*
11:45:31.724 [Test worker] DEBUG org.apache.http.headers - http-outgoing-3 >> Accept-Language: en-US
11:45:31.724 [Test worker] DEBUG org.apache.http.headers - http-outgoing-3 >> Accept-Encoding: gzip, deflate
11:45:31.724 [Test worker] DEBUG org.apache.http.headers - http-outgoing-3 >> Referer: http://127.0.0.1:8080/input
11:45:31.724 [Test worker] DEBUG org.apache.http.headers - http-outgoing-3 >> Connection: Keep-Alive
11:45:31.724 [Test worker] DEBUG org.apache.http.headers - http-outgoing-3 >> Content-Length: 59
11:45:31.724 [Test worker] DEBUG org.apache.http.headers - http-outgoing-3 >> Content-Type: application/x-www-form-urlencoded
11:45:31.724 [Test worker] DEBUG org.apache.http.wire - http-outgoing-3 >> "POST /create HTTP/1.1[\r][\n]"
11:45:31.724 [Test worker] DEBUG org.apache.http.wire - http-outgoing-3 >> "Host: 127.0.0.1:8080[\r][\n]"
11:45:31.724 [Test worker] DEBUG org.apache.http.wire - http-outgoing-3 >> "User-Agent: Mozilla/5.0 (Windows NT 6.1; rv:38.0) Gecko/20100101 Firefox/38.0[\r][\n]"
11:45:31.724 [Test worker] DEBUG org.apache.http.wire - http-outgoing-3 >> "Accept: */*[\r][\n]"
11:45:31.724 [Test worker] DEBUG org.apache.http.wire - http-outgoing-3 >> "Accept-Language: en-US[\r][\n]"
11:45:31.724 [Test worker] DEBUG org.apache.http.wire - http-outgoing-3 >> "Accept-Encoding: gzip, deflate[\r][\n]"
11:45:31.724 [Test worker] DEBUG org.apache.http.wire - http-outgoing-3 >> "Referer: http://127.0.0.1:8080/input[\r][\n]"
11:45:31.724 [Test worker] DEBUG org.apache.http.wire - http-outgoing-3 >> "Connection: Keep-Alive[\r][\n]"
11:45:31.724 [Test worker] DEBUG org.apache.http.wire - http-outgoing-3 >> "Content-Length: 59[\r][\n]"
11:45:31.724 [Test worker] DEBUG org.apache.http.wire - http-outgoing-3 >> "Content-Type: application/x-www-form-urlencoded[\r][\n]"
11:45:31.724 [Test worker] DEBUG org.apache.http.wire - http-outgoing-3 >> "[\r][\n]"
11:45:31.724 [Test worker] DEBUG org.apache.http.wire - http-outgoing-3 >> "firstName=Michele&lastName=Bianchi&admissionDate=1993-06-11"
11:45:31.730 [Test worker] DEBUG org.apache.http.wire - http-outgoing-3 << "HTTP/1.1 302 [\r][\n]"
11:45:31.730 [Test worker] DEBUG org.apache.http.wire - http-outgoing-3 << "Location: http://127.0.0.1:8080/list[\r][\n]"
11:45:31.730 [Test worker] DEBUG org.apache.http.wire - http-outgoing-3 << "Content-Language: en-US[\r][\n]"
11:45:31.730 [Test worker] DEBUG org.apache.http.wire - http-outgoing-3 << "Content-Length: 0[\r][\n]"
11:45:31.730 [Test worker] DEBUG org.apache.http.wire - http-outgoing-3 << "Date: Thu, 21 Jan 2021 10:45:31 GMT[\r][\n]"
11:45:31.730 [Test worker] DEBUG org.apache.http.wire - http-outgoing-3 << "Keep-Alive: timeout=60[\r][\n]"
11:45:31.730 [Test worker] DEBUG org.apache.http.wire - http-outgoing-3 << "Connection: keep-alive[\r][\n]"
11:45:31.730 [Test worker] DEBUG org.apache.http.wire - http-outgoing-3 << "[\r][\n]"
11:45:31.730 [Test worker] DEBUG org.apache.http.headers - http-outgoing-3 << HTTP/1.1 302 
11:45:31.730 [Test worker] DEBUG org.apache.http.headers - http-outgoing-3 << Location: http://127.0.0.1:8080/list
11:45:31.730 [Test worker] DEBUG org.apache.http.headers - http-outgoing-3 << Content-Language: en-US
11:45:31.730 [Test worker] DEBUG org.apache.http.headers - http-outgoing-3 << Content-Length: 0
11:45:31.730 [Test worker] DEBUG org.apache.http.headers - http-outgoing-3 << Date: Thu, 21 Jan 2021 10:45:31 GMT
11:45:31.730 [Test worker] DEBUG org.apache.http.headers - http-outgoing-3 << Keep-Alive: timeout=60
11:45:31.730 [Test worker] DEBUG org.apache.http.headers - http-outgoing-3 << Connection: keep-alive
11:45:31.730 [Test worker] DEBUG org.apache.http.impl.execchain.MainClientExec - Connection can be kept alive for 60000 MILLISECONDS
11:45:31.730 [Test worker] DEBUG org.apache.http.impl.conn.PoolingHttpClientConnectionManager - Connection [id: 3][route: {}->http://127.0.0.1:8080] can be kept alive for 60.0 seconds
11:45:31.731 [Test worker] DEBUG org.apache.http.impl.conn.DefaultManagedHttpClientConnection - http-outgoing-3: set socket timeout to 0
11:45:31.731 [Test worker] DEBUG org.apache.http.impl.conn.PoolingHttpClientConnectionManager - Connection released: [id: 3][route: {}->http://127.0.0.1:8080][total available: 1; route allocated: 1 of 6; total allocated: 1 of 20]
11:45:31.731 [Test worker] DEBUG com.gargoylesoftware.htmlunit.WebClient - Got a redirect status code [302] new location = [http://127.0.0.1:8080/list]
11:45:31.731 [Test worker] DEBUG com.gargoylesoftware.htmlunit.WebClient - Load response for GET http://127.0.0.1:8080/list
11:45:31.732 [Test worker] DEBUG org.apache.http.client.protocol.RequestAddCookies - CookieSpec selected: mine
11:45:31.732 [Test worker] DEBUG org.apache.http.client.protocol.RequestAuthCache - Auth cache not set in the context
11:45:31.732 [Test worker] DEBUG org.apache.http.impl.conn.PoolingHttpClientConnectionManager - Connection request: [route: {}->http://127.0.0.1:8080][total available: 1; route allocated: 1 of 6; total allocated: 1 of 20]
11:45:31.732 [Test worker] DEBUG org.apache.http.impl.conn.PoolingHttpClientConnectionManager - Connection leased: [id: 3][route: {}->http://127.0.0.1:8080][total available: 0; route allocated: 1 of 6; total allocated: 1 of 20]
11:45:31.732 [Test worker] DEBUG org.apache.http.impl.conn.DefaultManagedHttpClientConnection - http-outgoing-3: set socket timeout to 0
11:45:31.732 [Test worker] DEBUG org.apache.http.impl.conn.DefaultManagedHttpClientConnection - http-outgoing-3: set socket timeout to 0
11:45:31.732 [Test worker] DEBUG org.apache.http.impl.execchain.MainClientExec - Executing request GET /list HTTP/1.1
11:45:31.732 [Test worker] DEBUG org.apache.http.impl.execchain.MainClientExec - Target auth state: UNCHALLENGED
11:45:31.732 [Test worker] DEBUG org.apache.http.impl.execchain.MainClientExec - Proxy auth state: UNCHALLENGED
11:45:31.732 [Test worker] DEBUG org.apache.http.headers - http-outgoing-3 >> GET /list HTTP/1.1
11:45:31.732 [Test worker] DEBUG org.apache.http.headers - http-outgoing-3 >> Host: 127.0.0.1:8080
11:45:31.732 [Test worker] DEBUG org.apache.http.headers - http-outgoing-3 >> User-Agent: Mozilla/5.0 (Windows NT 6.1; rv:38.0) Gecko/20100101 Firefox/38.0
11:45:31.732 [Test worker] DEBUG org.apache.http.headers - http-outgoing-3 >> Accept: */*
11:45:31.732 [Test worker] DEBUG org.apache.http.headers - http-outgoing-3 >> Accept-Language: en-US
11:45:31.732 [Test worker] DEBUG org.apache.http.headers - http-outgoing-3 >> Accept-Encoding: gzip, deflate
11:45:31.732 [Test worker] DEBUG org.apache.http.headers - http-outgoing-3 >> Referer: http://127.0.0.1:8080/input
11:45:31.732 [Test worker] DEBUG org.apache.http.headers - http-outgoing-3 >> Connection: Keep-Alive
11:45:31.732 [Test worker] DEBUG org.apache.http.wire - http-outgoing-3 >> "GET /list HTTP/1.1[\r][\n]"
11:45:31.732 [Test worker] DEBUG org.apache.http.wire - http-outgoing-3 >> "Host: 127.0.0.1:8080[\r][\n]"
11:45:31.732 [Test worker] DEBUG org.apache.http.wire - http-outgoing-3 >> "User-Agent: Mozilla/5.0 (Windows NT 6.1; rv:38.0) Gecko/20100101 Firefox/38.0[\r][\n]"
11:45:31.732 [Test worker] DEBUG org.apache.http.wire - http-outgoing-3 >> "Accept: */*[\r][\n]"
11:45:31.732 [Test worker] DEBUG org.apache.http.wire - http-outgoing-3 >> "Accept-Language: en-US[\r][\n]"
11:45:31.733 [Test worker] DEBUG org.apache.http.wire - http-outgoing-3 >> "Accept-Encoding: gzip, deflate[\r][\n]"
11:45:31.733 [Test worker] DEBUG org.apache.http.wire - http-outgoing-3 >> "Referer: http://127.0.0.1:8080/input[\r][\n]"
11:45:31.733 [Test worker] DEBUG org.apache.http.wire - http-outgoing-3 >> "Connection: Keep-Alive[\r][\n]"
11:45:31.733 [Test worker] DEBUG org.apache.http.wire - http-outgoing-3 >> "[\r][\n]"
11:45:31.741 [Test worker] DEBUG org.apache.http.wire - http-outgoing-3 << "HTTP/1.1 200 [\r][\n]"
11:45:31.741 [Test worker] DEBUG org.apache.http.wire - http-outgoing-3 << "Content-Type: text/html;charset=UTF-8[\r][\n]"
11:45:31.741 [Test worker] DEBUG org.apache.http.wire - http-outgoing-3 << "Content-Language: en-US[\r][\n]"
11:45:31.741 [Test worker] DEBUG org.apache.http.wire - http-outgoing-3 << "Transfer-Encoding: chunked[\r][\n]"
11:45:31.741 [Test worker] DEBUG org.apache.http.wire - http-outgoing-3 << "Date: Thu, 21 Jan 2021 10:45:31 GMT[\r][\n]"
11:45:31.741 [Test worker] DEBUG org.apache.http.wire - http-outgoing-3 << "Keep-Alive: timeout=60[\r][\n]"
11:45:31.741 [Test worker] DEBUG org.apache.http.wire - http-outgoing-3 << "Connection: keep-alive[\r][\n]"
11:45:31.741 [Test worker] DEBUG org.apache.http.wire - http-outgoing-3 << "[\r][\n]"
11:45:31.741 [Test worker] DEBUG org.apache.http.wire - http-outgoing-3 << "e08[\r][\n]"
11:45:31.741 [Test worker] DEBUG org.apache.http.wire - http-outgoing-3 << "<!DOCTYPE HTML>[\n]"
11:45:31.741 [Test worker] DEBUG org.apache.http.wire - http-outgoing-3 << "<html>[\n]"
11:45:31.741 [Test worker] DEBUG org.apache.http.wire - http-outgoing-3 << "<head>[\n]"
11:45:31.741 [Test worker] DEBUG org.apache.http.wire - http-outgoing-3 << "    <title>MVC Web application</title>[\n]"
11:45:31.741 [Test worker] DEBUG org.apache.http.wire - http-outgoing-3 << "    <meta http-equiv="Content-Type" content="text/html; charset=UTF-8" />[\n]"
11:45:31.741 [Test worker] DEBUG org.apache.http.wire - http-outgoing-3 << "</head>[\n]"
11:45:31.741 [Test worker] DEBUG org.apache.http.wire - http-outgoing-3 << "[\n]"
11:45:31.741 [Test worker] DEBUG org.apache.http.wire - http-outgoing-3 << "<body>[\n]"
11:45:31.741 [Test worker] DEBUG org.apache.http.wire - http-outgoing-3 << "<h1>Pazienti Ricoverati</h1>[\n]"
11:45:31.741 [Test worker] DEBUG org.apache.http.wire - http-outgoing-3 << "[\n]"
11:45:31.741 [Test worker] DEBUG org.apache.http.wire - http-outgoing-3 << "<table border="1" id="present" name="present">[\n]"
11:45:31.741 [Test worker] DEBUG org.apache.http.wire - http-outgoing-3 << "    <thead>[\n]"
11:45:31.741 [Test worker] DEBUG org.apache.http.wire - http-outgoing-3 << "    <tr>[\n]"
11:45:31.741 [Test worker] DEBUG org.apache.http.wire - http-outgoing-3 << "        <th>Id</th>[\n]"
11:45:31.741 [Test worker] DEBUG org.apache.http.wire - http-outgoing-3 << "        <th>Nome</th>[\n]"
11:45:31.741 [Test worker] DEBUG org.apache.http.wire - http-outgoing-3 << "        <th>Cognome</th>[\n]"
11:45:31.741 [Test worker] DEBUG org.apache.http.wire - http-outgoing-3 << "        <th>Data ricovero</th>[\n]"
11:45:31.741 [Test worker] DEBUG org.apache.http.wire - http-outgoing-3 << "        <th>Data dimissione</th>[\n]"
11:45:31.741 [Test worker] DEBUG org.apache.http.wire - http-outgoing-3 << "        <th>Mostra</th>[\n]"
11:45:31.741 [Test worker] DEBUG org.apache.http.wire - http-outgoing-3 << "        <th>Modifica</th>[\n]"
11:45:31.741 [Test worker] DEBUG org.apache.http.wire - http-outgoing-3 << "        <th>Dimetti</th>[\n]"
11:45:31.741 [Test worker] DEBUG org.apache.http.wire - http-outgoing-3 << "        <th>Cancella</th>[\n]"
11:45:31.741 [Test worker] DEBUG org.apache.http.wire - http-outgoing-3 << "        <th>Stampa</th>[\n]"
11:45:31.741 [Test worker] DEBUG org.apache.http.wire - http-outgoing-3 << "    </tr>[\n]"
11:45:31.741 [Test worker] DEBUG org.apache.http.wire - http-outgoing-3 << "    </thead>[\n]"
11:45:31.741 [Test worker] DEBUG org.apache.http.wire - http-outgoing-3 << "    <tbody>[\n]"
11:45:31.741 [Test worker] DEBUG org.apache.http.wire - http-outgoing-3 << "        <tr>[\n]"
11:45:31.741 [Test worker] DEBUG org.apache.http.wire - http-outgoing-3 << "            <td id="id">2</td>[\n]"
11:45:31.741 [Test worker] DEBUG org.apache.http.wire - http-outgoing-3 << "            <td style="text-align:center;">Michele</td>[\n]"
11:45:31.742 [Test worker] DEBUG org.apache.http.wire - http-outgoing-3 << "            <td id='lastName' style="text-align:center;">Bianchi</td>[\n]"
11:45:31.742 [Test worker] DEBUG org.apache.http.wire - http-outgoing-3 << "            <td style="text-align:center;">11/06/1993</td>[\n]"
11:45:31.742 [Test worker] DEBUG org.apache.http.wire - http-outgoing-3 << "            <td style="text-align:center;"></td>[\n]"
11:45:31.742 [Test worker] DEBUG org.apache.http.wire - http-outgoing-3 << "            <td> <a href="cartella?id=2" style="text-align:center;"> Cartella </a></td>[\n]"
11:45:31.742 [Test worker] DEBUG org.apache.http.wire - http-outgoing-3 << "            <td> <a href="edit?id=2" id="modifica" style="text-align:center;"> Modifica </a></td>[\n]"
11:45:31.742 [Test worker] DEBUG org.apache.http.wire - http-outgoing-3 << "            <td> <a href="dimetti?id=2" style="text-align:center;"> Dimetti </a></td>[\n]"
11:45:31.742 [Test worker] DEBUG org.apache.http.wire - http-outgoing-3 << "            <td> <a href="delete?id=2" id="cancella" style="text-align:center;"> Cancella </a></td>[\n]"
11:45:31.742 [Test worker] DEBUG org.apache.http.wire - http-outgoing-3 << "            <td><button><a href="print?id=2" style="text-align:center;text-decoration:none;"> Stampa scheda </a></button></td>[\n]"
11:45:31.742 [Test worker] DEBUG org.apache.http.wire - http-outgoing-3 << "        </tr>[\n]"
11:45:31.742 [Test worker] DEBUG org.apache.http.wire - http-outgoing-3 << "        <tr>[\n]"
11:45:31.742 [Test worker] DEBUG org.apache.http.wire - http-outgoing-3 << "            <td id="id">3</td>[\n]"
11:45:31.742 [Test worker] DEBUG org.apache.http.wire - http-outgoing-3 << "            <td style="text-align:center;">Michele</td>[\n]"
11:45:31.742 [Test worker] DEBUG org.apache.http.wire - http-outgoing-3 << "            <td id='lastName' style="text-align:center;">Bianchi</td>[\n]"
11:45:31.742 [Test worker] DEBUG org.apache.http.wire - http-outgoing-3 << "            <td style="text-align:center;">11/06/1993</td>[\n]"
11:45:31.742 [Test worker] DEBUG org.apache.http.wire - http-outgoing-3 << "            <td style="text-align:center;"></td>[\n]"
11:45:31.742 [Test worker] DEBUG org.apache.http.wire - http-outgoing-3 << "            <td> <a href="cartella?id=3" style="text-align:center;"> Cartella </a></td>[\n]"
11:45:31.742 [Test worker] DEBUG org.apache.http.wire - http-outgoing-3 << "            <td> <a href="edit?id=3" id="modifica" style="text-align:center;"> Modifica </a></td>[\n]"
11:45:31.742 [Test worker] DEBUG org.apache.http.wire - http-outgoing-3 << "            <td> <a href="dimetti?id=3" style="text-align:center;"> Dimetti </a></td>[\n]"
11:45:31.742 [Test worker] DEBUG org.apache.http.wire - http-outgoing-3 << "            <td> <a href="delete?id=3" id="cancella" style="text-align:center;"> Cancella </a></td>[\n]"
11:45:31.742 [Test worker] DEBUG org.apache.http.wire - http-outgoing-3 << "            <td><button><a href="print?id=3" style="text-align:center;text-decoration:none;"> Stampa scheda </a></button></td>[\n]"
11:45:31.742 [Test worker] DEBUG org.apache.http.wire - http-outgoing-3 << "        </tr>[\n]"
11:45:31.742 [Test worker] DEBUG org.apache.http.wire - http-outgoing-3 << "        </tbody>[\n]"
11:45:31.742 [Test worker] DEBUG org.apache.http.wire - http-outgoing-3 << "</table>[\n]"
11:45:31.742 [Test worker] DEBUG org.apache.http.wire - http-outgoing-3 << "[\n]"
11:45:31.742 [Test worker] DEBUG org.apache.http.wire - http-outgoing-3 << "<h1>Pazienti Dimessi</h1>[\n]"
11:45:31.742 [Test worker] DEBUG org.apache.http.wire - http-outgoing-3 << "<table border="1" id="discharged" name="discharged">[\n]"
11:45:31.742 [Test worker] DEBUG org.apache.http.wire - http-outgoing-3 << "    <thead>[\n]"
11:45:31.742 [Test worker] DEBUG org.apache.http.wire - http-outgoing-3 << "    <tr>[\n]"
11:45:31.742 [Test worker] DEBUG org.apache.http.wire - http-outgoing-3 << "        <th>Id</th>[\n]"
11:45:31.742 [Test worker] DEBUG org.apache.http.wire - http-outgoing-3 << "        <th>Nome</th>[\n]"
11:45:31.742 [Test worker] DEBUG org.apache.http.wire - http-outgoing-3 << "        <th>Cognome</th>[\n]"
11:45:31.742 [Test worker] DEBUG org.apache.http.wire - http-outgoing-3 << "        <th>Data Ricovero</th>[\n]"
11:45:31.742 [Test worker] DEBUG org.apache.http.wire - http-outgoing-3 << "        <th>Data Dimissione</th>[\n]"
11:45:31.742 [Test worker] DEBUG org.apache.http.wire - http-outgoing-3 << "        <th>Cartella</th>[\n]"
11:45:31.742 [Test worker] DEBUG org.apache.http.wire - http-outgoing-3 << "        <th>Modifica</th>[\n]"
11:45:31.742 [Test worker] DEBUG org.apache.http.wire - http-outgoing-3 << "        <th>Cancella</th>[\n]"
11:45:31.742 [Test worker] DEBUG org.apache.http.wire - http-outgoing-3 << "        <th>Stampa</th>[\n]"
11:45:31.742 [Test worker] DEBUG org.apache.http.wire - http-outgoing-3 << "    </tr>[\n]"
11:45:31.742 [Test worker] DEBUG org.apache.http.wire - http-outgoing-3 << "    </thead>[\n]"
11:45:31.742 [Test worker] DEBUG org.apache.http.wire - http-outgoing-3 << "    <tbody>[\n]"
11:45:31.742 [Test worker] DEBUG org.apache.http.wire - http-outgoing-3 << "    <tr>[\n]"
11:45:31.743 [Test worker] DEBUG org.apache.http.wire - http-outgoing-3 << "        <td id="idDischarged">1</td>[\n]"
11:45:31.743 [Test worker] DEBUG org.apache.http.wire - http-outgoing-3 << "        <td style="text-align:center;">Michele</td>[\n]"
11:45:31.743 [Test worker] DEBUG org.apache.http.wire - http-outgoing-3 << "        <td id='lastNameDischarged' style="text-align:center;">Bianchi</td>[\n]"
11:45:31.743 [Test worker] DEBUG org.apache.http.wire - http-outgoing-3 << "        <td style="text-align:center;">11/06/1993</td>[\n]"
11:45:31.743 [Test worker] DEBUG org.apache.http.wire - http-outgoing-3 << "        <td style="text-align:center;">21/01/2021</td>[\n]"
11:45:31.743 [Test worker] DEBUG org.apache.http.wire - http-outgoing-3 << "        <td> <a href="cartella?id=1" style="text-align:center;"> Cartella </a></td>[\n]"
11:45:31.743 [Test worker] DEBUG org.apache.http.wire - http-outgoing-3 << "        <td> <a id="modificaDischarged" style="text-align:center; cursor:not-allowed; pointer-events:none; color:grey;"> Modifica </a></td>[\n]"
11:45:31.743 [Test worker] DEBUG org.apache.http.wire - http-outgoing-3 << "        <td> <a id="cancellaDischarged" style="text-align:center; cursor:not-allowed; pointer-events:none; color:grey;"> Cancella </a></td>[\n]"
11:45:31.743 [Test worker] DEBUG org.apache.http.wire - http-outgoing-3 << "        <td><button><a href="print?id=1" style="text-align:center;text-decoration:none;"> Stampa scheda </a></button></td>[\n]"
11:45:31.743 [Test worker] DEBUG org.apache.http.wire - http-outgoing-3 << "    </tr>[\n]"
11:45:31.743 [Test worker] DEBUG org.apache.http.wire - http-outgoing-3 << "    </tbody>[\n]"
11:45:31.743 [Test worker] DEBUG org.apache.http.wire - http-outgoing-3 << "</table>[\n]"
11:45:31.743 [Test worker] DEBUG org.apache.http.wire - http-outgoing-3 << "<br>[\n]"
11:45:31.743 [Test worker] DEBUG org.apache.http.wire - http-outgoing-3 << "<button><a href="input" style="text-decoration:none;">Registra un paziente</a></button>[\n]"
11:45:31.743 [Test worker] DEBUG org.apache.http.wire - http-outgoing-3 << "<br>[\n]"
11:45:31.743 [Test worker] DEBUG org.apache.http.wire - http-outgoing-3 << "<br>[\n]"
11:45:31.743 [Test worker] DEBUG org.apache.http.wire - http-outgoing-3 << "[\n]"
11:45:31.743 [Test worker] DEBUG org.apache.http.wire - http-outgoing-3 << "<form action="search" method="post">[\n]"
11:45:31.743 [Test worker] DEBUG org.apache.http.wire - http-outgoing-3 << "    Cognome Paziente: <input type="text" name="lastName"/>[\n]"
11:45:31.743 [Test worker] DEBUG org.apache.http.wire - http-outgoing-3 << "    <input type="submit" value="Cerca"/>[\n]"
11:45:31.743 [Test worker] DEBUG org.apache.http.wire - http-outgoing-3 << "</form>[\n]"
11:45:31.743 [Test worker] DEBUG org.apache.http.wire - http-outgoing-3 << "</body>[\n]"
11:45:31.743 [Test worker] DEBUG org.apache.http.wire - http-outgoing-3 << "</html>[\r][\n]"
11:45:31.743 [Test worker] DEBUG org.apache.http.headers - http-outgoing-3 << HTTP/1.1 200 
11:45:31.743 [Test worker] DEBUG org.apache.http.headers - http-outgoing-3 << Content-Type: text/html;charset=UTF-8
11:45:31.743 [Test worker] DEBUG org.apache.http.headers - http-outgoing-3 << Content-Language: en-US
11:45:31.743 [Test worker] DEBUG org.apache.http.headers - http-outgoing-3 << Transfer-Encoding: chunked
11:45:31.743 [Test worker] DEBUG org.apache.http.headers - http-outgoing-3 << Date: Thu, 21 Jan 2021 10:45:31 GMT
11:45:31.743 [Test worker] DEBUG org.apache.http.headers - http-outgoing-3 << Keep-Alive: timeout=60
11:45:31.743 [Test worker] DEBUG org.apache.http.headers - http-outgoing-3 << Connection: keep-alive
11:45:31.744 [Test worker] DEBUG org.apache.http.impl.execchain.MainClientExec - Connection can be kept alive for 60000 MILLISECONDS
11:45:31.744 [Test worker] DEBUG org.apache.http.wire - http-outgoing-3 << "0[\r][\n]"
11:45:31.744 [Test worker] DEBUG org.apache.http.wire - http-outgoing-3 << "[\r][\n]"
11:45:31.744 [Test worker] DEBUG org.apache.http.impl.conn.PoolingHttpClientConnectionManager - Connection [id: 3][route: {}->http://127.0.0.1:8080] can be kept alive for 60.0 seconds
11:45:31.744 [Test worker] DEBUG org.apache.http.impl.conn.DefaultManagedHttpClientConnection - http-outgoing-3: set socket timeout to 0
11:45:31.744 [Test worker] DEBUG org.apache.http.impl.conn.PoolingHttpClientConnectionManager - Connection released: [id: 3][route: {}->http://127.0.0.1:8080][total available: 1; route allocated: 1 of 6; total allocated: 1 of 20]
11:45:31.744 [Test worker] DEBUG com.gargoylesoftware.htmlunit.html.DomElement - Firing Event unload (Current Target: HTMLElement for HtmlHtml[<html>]);
11:45:31.744 [Test worker] DEBUG com.gargoylesoftware.htmlunit.WebWindowImpl - setEnclosedPage: HtmlPage(http://127.0.0.1:8080/list)@909055713
11:45:31.744 [Test worker] DEBUG com.gargoylesoftware.htmlunit.WebWindowImpl - destroyChildren
11:45:31.749 [Test worker] DEBUG com.gargoylesoftware.htmlunit.util.EncodingSniffer - Encoding found in HTTP headers: 'UTF-8'.
11:45:31.754 [Test worker] DEBUG net.sourceforge.jwebunit.htmlunit.HtmlUnitTestingEngineImpl - Window "" changed : "MVC Web application" became "MVC Web application
11:45:31.754 [Test worker] DEBUG com.gargoylesoftware.htmlunit.html.DomElement - Firing Event DOMContentLoaded (Current Target: HTMLElement for HtmlHtml[<html>]);
11:45:31.754 [Test worker] DEBUG com.gargoylesoftware.htmlunit.html.DomElement - Firing Event load (Current Target: HTMLElement for HtmlHtml[<html>]);
11:45:31.756 [Test worker] DEBUG com.gargoylesoftware.htmlunit.html.DomElement - Firing Event mousedown (Current Target: HTMLElement for HtmlAnchor[<a href="input" style="text-decoration:none;">]);
11:45:31.756 [Test worker] DEBUG com.gargoylesoftware.htmlunit.html.DomElement - Firing Event focus (Current Target: HTMLElement for HtmlAnchor[<a href="input" style="text-decoration:none;">]);
11:45:31.756 [Test worker] DEBUG com.gargoylesoftware.htmlunit.html.DomElement - Firing Event mouseup (Current Target: HTMLElement for HtmlAnchor[<a href="input" style="text-decoration:none;">]);
11:45:31.756 [Test worker] DEBUG com.gargoylesoftware.htmlunit.html.DomElement - Firing Event click (Current Target: HTMLElement for HtmlAnchor[<a href="input" style="text-decoration:none;">]);
11:45:31.757 [Test worker] DEBUG com.gargoylesoftware.htmlunit.html.HtmlAnchor - do click action in window '', using href 'input'
11:45:31.757 [Test worker] DEBUG com.gargoylesoftware.htmlunit.util.EncodingSniffer - Encoding found in HTTP headers: 'UTF-8'.
11:45:31.757 [Test worker] DEBUG com.gargoylesoftware.htmlunit.html.HtmlAnchor - Getting page for http://127.0.0.1:8080/input, derived from href 'input', using the originating URL http://127.0.0.1:8080/list
11:45:31.757 [Test worker] DEBUG com.gargoylesoftware.htmlunit.html.DomElement - Firing Event beforeunload (Current Target: HTMLElement for HtmlHtml[<html>]);
11:45:31.757 [Test worker] DEBUG com.gargoylesoftware.htmlunit.WebClient - Load response for GET http://127.0.0.1:8080/input
11:45:31.758 [Test worker] DEBUG org.apache.http.client.protocol.RequestAddCookies - CookieSpec selected: mine
11:45:31.758 [Test worker] DEBUG org.apache.http.client.protocol.RequestAuthCache - Auth cache not set in the context
11:45:31.758 [Test worker] DEBUG org.apache.http.impl.conn.PoolingHttpClientConnectionManager - Connection request: [route: {}->http://127.0.0.1:8080][total available: 1; route allocated: 1 of 6; total allocated: 1 of 20]
11:45:31.758 [Test worker] DEBUG org.apache.http.impl.conn.PoolingHttpClientConnectionManager - Connection leased: [id: 3][route: {}->http://127.0.0.1:8080][total available: 0; route allocated: 1 of 6; total allocated: 1 of 20]
11:45:31.758 [Test worker] DEBUG org.apache.http.impl.conn.DefaultManagedHttpClientConnection - http-outgoing-3: set socket timeout to 0
11:45:31.758 [Test worker] DEBUG org.apache.http.impl.conn.DefaultManagedHttpClientConnection - http-outgoing-3: set socket timeout to 0
11:45:31.758 [Test worker] DEBUG org.apache.http.impl.execchain.MainClientExec - Executing request GET /input HTTP/1.1
11:45:31.758 [Test worker] DEBUG org.apache.http.impl.execchain.MainClientExec - Target auth state: UNCHALLENGED
11:45:31.758 [Test worker] DEBUG org.apache.http.impl.execchain.MainClientExec - Proxy auth state: UNCHALLENGED
11:45:31.758 [Test worker] DEBUG org.apache.http.headers - http-outgoing-3 >> GET /input HTTP/1.1
11:45:31.758 [Test worker] DEBUG org.apache.http.headers - http-outgoing-3 >> Host: 127.0.0.1:8080
11:45:31.758 [Test worker] DEBUG org.apache.http.headers - http-outgoing-3 >> User-Agent: Mozilla/5.0 (Windows NT 6.1; rv:38.0) Gecko/20100101 Firefox/38.0
11:45:31.758 [Test worker] DEBUG org.apache.http.headers - http-outgoing-3 >> Accept: text/html,application/xhtml+xml,application/xml;q=0.9,*/*;q=0.8
11:45:31.758 [Test worker] DEBUG org.apache.http.headers - http-outgoing-3 >> Accept-Language: en-US
11:45:31.758 [Test worker] DEBUG org.apache.http.headers - http-outgoing-3 >> Accept-Encoding: gzip, deflate
11:45:31.758 [Test worker] DEBUG org.apache.http.headers - http-outgoing-3 >> Referer: http://127.0.0.1:8080/list
11:45:31.758 [Test worker] DEBUG org.apache.http.headers - http-outgoing-3 >> Connection: Keep-Alive
11:45:31.758 [Test worker] DEBUG org.apache.http.wire - http-outgoing-3 >> "GET /input HTTP/1.1[\r][\n]"
11:45:31.759 [Test worker] DEBUG org.apache.http.wire - http-outgoing-3 >> "Host: 127.0.0.1:8080[\r][\n]"
11:45:31.759 [Test worker] DEBUG org.apache.http.wire - http-outgoing-3 >> "User-Agent: Mozilla/5.0 (Windows NT 6.1; rv:38.0) Gecko/20100101 Firefox/38.0[\r][\n]"
11:45:31.759 [Test worker] DEBUG org.apache.http.wire - http-outgoing-3 >> "Accept: text/html,application/xhtml+xml,application/xml;q=0.9,*/*;q=0.8[\r][\n]"
11:45:31.759 [Test worker] DEBUG org.apache.http.wire - http-outgoing-3 >> "Accept-Language: en-US[\r][\n]"
11:45:31.759 [Test worker] DEBUG org.apache.http.wire - http-outgoing-3 >> "Accept-Encoding: gzip, deflate[\r][\n]"
11:45:31.759 [Test worker] DEBUG org.apache.http.wire - http-outgoing-3 >> "Referer: http://127.0.0.1:8080/list[\r][\n]"
11:45:31.759 [Test worker] DEBUG org.apache.http.wire - http-outgoing-3 >> "Connection: Keep-Alive[\r][\n]"
11:45:31.759 [Test worker] DEBUG org.apache.http.wire - http-outgoing-3 >> "[\r][\n]"
11:45:31.762 [Test worker] DEBUG org.apache.http.wire - http-outgoing-3 << "HTTP/1.1 200 [\r][\n]"
11:45:31.762 [Test worker] DEBUG org.apache.http.wire - http-outgoing-3 << "Content-Type: text/html;charset=UTF-8[\r][\n]"
11:45:31.762 [Test worker] DEBUG org.apache.http.wire - http-outgoing-3 << "Content-Language: en-US[\r][\n]"
11:45:31.762 [Test worker] DEBUG org.apache.http.wire - http-outgoing-3 << "Transfer-Encoding: chunked[\r][\n]"
11:45:31.762 [Test worker] DEBUG org.apache.http.wire - http-outgoing-3 << "Date: Thu, 21 Jan 2021 10:45:31 GMT[\r][\n]"
11:45:31.762 [Test worker] DEBUG org.apache.http.wire - http-outgoing-3 << "Keep-Alive: timeout=60[\r][\n]"
11:45:31.762 [Test worker] DEBUG org.apache.http.wire - http-outgoing-3 << "Connection: keep-alive[\r][\n]"
11:45:31.762 [Test worker] DEBUG org.apache.http.wire - http-outgoing-3 << "[\r][\n]"
11:45:31.762 [Test worker] DEBUG org.apache.http.wire - http-outgoing-3 << "2f0[\r][\n]"
11:45:31.762 [Test worker] DEBUG org.apache.http.wire - http-outgoing-3 << "<!DOCTYPE HTML>[\n]"
11:45:31.762 [Test worker] DEBUG org.apache.http.wire - http-outgoing-3 << "<html>[\n]"
11:45:31.762 [Test worker] DEBUG org.apache.http.wire - http-outgoing-3 << "<head>[\n]"
11:45:31.762 [Test worker] DEBUG org.apache.http.wire - http-outgoing-3 << "    <title>MVC Web application</title>[\n]"
11:45:31.762 [Test worker] DEBUG org.apache.http.wire - http-outgoing-3 << "    <meta http-equiv="Content-Type" content="text/html; charset=UTF-8" />[\n]"
11:45:31.762 [Test worker] DEBUG org.apache.http.wire - http-outgoing-3 << "</head>[\n]"
11:45:31.762 [Test worker] DEBUG org.apache.http.wire - http-outgoing-3 << "[\n]"
11:45:31.762 [Test worker] DEBUG org.apache.http.wire - http-outgoing-3 << "<body>[\n]"
11:45:31.762 [Test worker] DEBUG org.apache.http.wire - http-outgoing-3 << "<h1>Inserisci un nuovo paziente</h1>[\n]"
11:45:31.762 [Test worker] DEBUG org.apache.http.wire - http-outgoing-3 << "[\n]"
11:45:31.762 [Test worker] DEBUG org.apache.http.wire - http-outgoing-3 << "<form action="create" method="post">[\n]"
11:45:31.762 [Test worker] DEBUG org.apache.http.wire - http-outgoing-3 << "    <table border="1">[\n]"
11:45:31.762 [Test worker] DEBUG org.apache.http.wire - http-outgoing-3 << "        <tr>[\n]"
11:45:31.762 [Test worker] DEBUG org.apache.http.wire - http-outgoing-3 << "            <td>Nome</td>[\n]"
11:45:31.762 [Test worker] DEBUG org.apache.http.wire - http-outgoing-3 << "            <td><input type="text" name="firstName" required></td>[\n]"
11:45:31.762 [Test worker] DEBUG org.apache.http.wire - http-outgoing-3 << "        </tr>[\n]"
11:45:31.762 [Test worker] DEBUG org.apache.http.wire - http-outgoing-3 << "        <tr>[\n]"
11:45:31.762 [Test worker] DEBUG org.apache.http.wire - http-outgoing-3 << "            <td>Cognome</td>[\n]"
11:45:31.762 [Test worker] DEBUG org.apache.http.wire - http-outgoing-3 << "            <td><input type="text" name="lastName" required><br></td>[\n]"
11:45:31.762 [Test worker] DEBUG org.apache.http.wire - http-outgoing-3 << "        </tr>[\n]"
11:45:31.762 [Test worker] DEBUG org.apache.http.wire - http-outgoing-3 << "        <tr>[\n]"
11:45:31.762 [Test worker] DEBUG org.apache.http.wire - http-outgoing-3 << "            <td>Data ricovero</td>[\n]"
11:45:31.762 [Test worker] DEBUG org.apache.http.wire - http-outgoing-3 << "            <td><input type="date" name="admissionDate" required><br></td>[\n]"
11:45:31.762 [Test worker] DEBUG org.apache.http.wire - http-outgoing-3 << "        </tr>[\n]"
11:45:31.762 [Test worker] DEBUG org.apache.http.wire - http-outgoing-3 << "    </table>[\n]"
11:45:31.762 [Test worker] DEBUG org.apache.http.wire - http-outgoing-3 << "[\n]"
11:45:31.763 [Test worker] DEBUG org.apache.http.wire - http-outgoing-3 << "    <input type="submit" />[\n]"
11:45:31.763 [Test worker] DEBUG org.apache.http.wire - http-outgoing-3 << "</form>[\n]"
11:45:31.763 [Test worker] DEBUG org.apache.http.wire - http-outgoing-3 << "[\n]"
11:45:31.763 [Test worker] DEBUG org.apache.http.wire - http-outgoing-3 << "<br>[\n]"
11:45:31.763 [Test worker] DEBUG org.apache.http.wire - http-outgoing-3 << "<a href="list"> Torna alla lista </a>[\n]"
11:45:31.763 [Test worker] DEBUG org.apache.http.wire - http-outgoing-3 << "[\n]"
11:45:31.763 [Test worker] DEBUG org.apache.http.wire - http-outgoing-3 << "</body>[\n]"
11:45:31.763 [Test worker] DEBUG org.apache.http.wire - http-outgoing-3 << "</html>[\n]"
11:45:31.763 [Test worker] DEBUG org.apache.http.wire - http-outgoing-3 << "[\n]"
11:45:31.763 [Test worker] DEBUG org.apache.http.wire - http-outgoing-3 << "[\r][\n]"
11:45:31.763 [Test worker] DEBUG org.apache.http.headers - http-outgoing-3 << HTTP/1.1 200 
11:45:31.763 [Test worker] DEBUG org.apache.http.headers - http-outgoing-3 << Content-Type: text/html;charset=UTF-8
11:45:31.763 [Test worker] DEBUG org.apache.http.headers - http-outgoing-3 << Content-Language: en-US
11:45:31.763 [Test worker] DEBUG org.apache.http.headers - http-outgoing-3 << Transfer-Encoding: chunked
11:45:31.763 [Test worker] DEBUG org.apache.http.headers - http-outgoing-3 << Date: Thu, 21 Jan 2021 10:45:31 GMT
11:45:31.763 [Test worker] DEBUG org.apache.http.headers - http-outgoing-3 << Keep-Alive: timeout=60
11:45:31.763 [Test worker] DEBUG org.apache.http.headers - http-outgoing-3 << Connection: keep-alive
11:45:31.763 [Test worker] DEBUG org.apache.http.impl.execchain.MainClientExec - Connection can be kept alive for 60000 MILLISECONDS
11:45:31.763 [Test worker] DEBUG org.apache.http.wire - http-outgoing-3 << "0[\r][\n]"
11:45:31.763 [Test worker] DEBUG org.apache.http.wire - http-outgoing-3 << "[\r][\n]"
11:45:31.763 [Test worker] DEBUG org.apache.http.impl.conn.PoolingHttpClientConnectionManager - Connection [id: 3][route: {}->http://127.0.0.1:8080] can be kept alive for 60.0 seconds
11:45:31.763 [Test worker] DEBUG org.apache.http.impl.conn.DefaultManagedHttpClientConnection - http-outgoing-3: set socket timeout to 0
11:45:31.763 [Test worker] DEBUG org.apache.http.impl.conn.PoolingHttpClientConnectionManager - Connection released: [id: 3][route: {}->http://127.0.0.1:8080][total available: 1; route allocated: 1 of 6; total allocated: 1 of 20]
11:45:31.764 [Test worker] DEBUG com.gargoylesoftware.htmlunit.html.DomElement - Firing Event unload (Current Target: HTMLElement for HtmlHtml[<html>]);
11:45:31.764 [Test worker] DEBUG com.gargoylesoftware.htmlunit.WebWindowImpl - setEnclosedPage: HtmlPage(http://127.0.0.1:8080/input)@458998163
11:45:31.764 [Test worker] DEBUG com.gargoylesoftware.htmlunit.WebWindowImpl - destroyChildren
11:45:31.780 [Test worker] DEBUG com.gargoylesoftware.htmlunit.util.EncodingSniffer - Encoding found in HTTP headers: 'UTF-8'.
11:45:31.782 [Test worker] DEBUG net.sourceforge.jwebunit.htmlunit.HtmlUnitTestingEngineImpl - Window "" changed : "MVC Web application" became "MVC Web application
11:45:31.782 [Test worker] DEBUG com.gargoylesoftware.htmlunit.html.DomElement - Firing Event DOMContentLoaded (Current Target: HTMLElement for HtmlHtml[<html>]);
11:45:31.782 [Test worker] DEBUG com.gargoylesoftware.htmlunit.html.DomElement - Firing Event load (Current Target: HTMLElement for HtmlHtml[<html>]);
11:45:31.783 [Test worker] DEBUG com.gargoylesoftware.htmlunit.html.DomElement - Firing Event change (Current Target: HTMLElement for HtmlTextInput[<input type="text" name="firstName" required="" value="Andrea">]);
11:45:31.783 [Test worker] DEBUG com.gargoylesoftware.htmlunit.html.DomElement - Firing Event change (Current Target: HTMLElement for HtmlTextInput[<input type="text" name="lastName" required="" value="Rossi">]);
11:45:31.783 [Test worker] DEBUG com.gargoylesoftware.htmlunit.html.DomElement - Firing Event change (Current Target: HTMLElement for HtmlDateInput[<input type="date" name="admissionDate" required="" value="1993-06-11">]);
11:45:31.783 [Test worker] DEBUG com.gargoylesoftware.htmlunit.html.DomElement - Firing Event mousedown (Current Target: HTMLElement for HtmlSubmitInput[<input type="submit">]);
11:45:31.783 [Test worker] DEBUG com.gargoylesoftware.htmlunit.html.DomElement - Firing Event focus (Current Target: HTMLElement for HtmlSubmitInput[<input type="submit">]);
11:45:31.783 [Test worker] DEBUG com.gargoylesoftware.htmlunit.html.DomElement - Firing Event mouseup (Current Target: HTMLElement for HtmlSubmitInput[<input type="submit">]);
11:45:31.784 [Test worker] DEBUG com.gargoylesoftware.htmlunit.html.DomElement - Firing Event click (Current Target: HTMLElement for HtmlSubmitInput[<input type="submit">]);
11:45:31.784 [Test worker] DEBUG com.gargoylesoftware.htmlunit.html.DomElement - Firing Event submit (Current Target: HTMLElement for HtmlForm[<form action="create" method="post">]);
11:45:31.784 [Test worker] DEBUG com.gargoylesoftware.htmlunit.util.EncodingSniffer - Encoding found in HTTP headers: 'UTF-8'.
11:45:31.784 [Test worker] DEBUG com.gargoylesoftware.htmlunit.WebClient - Load response for POST http://127.0.0.1:8080/create
11:45:31.785 [Test worker] DEBUG org.apache.http.client.protocol.RequestAddCookies - CookieSpec selected: mine
11:45:31.785 [Test worker] DEBUG org.apache.http.client.protocol.RequestAuthCache - Auth cache not set in the context
11:45:31.785 [Test worker] DEBUG org.apache.http.impl.conn.PoolingHttpClientConnectionManager - Connection request: [route: {}->http://127.0.0.1:8080][total available: 1; route allocated: 1 of 6; total allocated: 1 of 20]
11:45:31.786 [Test worker] DEBUG org.apache.http.impl.conn.PoolingHttpClientConnectionManager - Connection leased: [id: 3][route: {}->http://127.0.0.1:8080][total available: 0; route allocated: 1 of 6; total allocated: 1 of 20]
11:45:31.786 [Test worker] DEBUG org.apache.http.impl.conn.DefaultManagedHttpClientConnection - http-outgoing-3: set socket timeout to 0
11:45:31.786 [Test worker] DEBUG org.apache.http.impl.conn.DefaultManagedHttpClientConnection - http-outgoing-3: set socket timeout to 0
11:45:31.786 [Test worker] DEBUG org.apache.http.impl.execchain.MainClientExec - Executing request POST /create HTTP/1.1
11:45:31.786 [Test worker] DEBUG org.apache.http.impl.execchain.MainClientExec - Target auth state: UNCHALLENGED
11:45:31.786 [Test worker] DEBUG org.apache.http.impl.execchain.MainClientExec - Proxy auth state: UNCHALLENGED
11:45:31.786 [Test worker] DEBUG org.apache.http.headers - http-outgoing-3 >> POST /create HTTP/1.1
11:45:31.786 [Test worker] DEBUG org.apache.http.headers - http-outgoing-3 >> Host: 127.0.0.1:8080
11:45:31.786 [Test worker] DEBUG org.apache.http.headers - http-outgoing-3 >> User-Agent: Mozilla/5.0 (Windows NT 6.1; rv:38.0) Gecko/20100101 Firefox/38.0
11:45:31.786 [Test worker] DEBUG org.apache.http.headers - http-outgoing-3 >> Accept: */*
11:45:31.786 [Test worker] DEBUG org.apache.http.headers - http-outgoing-3 >> Accept-Language: en-US
11:45:31.786 [Test worker] DEBUG org.apache.http.headers - http-outgoing-3 >> Accept-Encoding: gzip, deflate
11:45:31.786 [Test worker] DEBUG org.apache.http.headers - http-outgoing-3 >> Referer: http://127.0.0.1:8080/input
11:45:31.786 [Test worker] DEBUG org.apache.http.headers - http-outgoing-3 >> Connection: Keep-Alive
11:45:31.786 [Test worker] DEBUG org.apache.http.headers - http-outgoing-3 >> Content-Length: 56
11:45:31.786 [Test worker] DEBUG org.apache.http.headers - http-outgoing-3 >> Content-Type: application/x-www-form-urlencoded
11:45:31.786 [Test worker] DEBUG org.apache.http.wire - http-outgoing-3 >> "POST /create HTTP/1.1[\r][\n]"
11:45:31.786 [Test worker] DEBUG org.apache.http.wire - http-outgoing-3 >> "Host: 127.0.0.1:8080[\r][\n]"
11:45:31.786 [Test worker] DEBUG org.apache.http.wire - http-outgoing-3 >> "User-Agent: Mozilla/5.0 (Windows NT 6.1; rv:38.0) Gecko/20100101 Firefox/38.0[\r][\n]"
11:45:31.786 [Test worker] DEBUG org.apache.http.wire - http-outgoing-3 >> "Accept: */*[\r][\n]"
11:45:31.786 [Test worker] DEBUG org.apache.http.wire - http-outgoing-3 >> "Accept-Language: en-US[\r][\n]"
11:45:31.786 [Test worker] DEBUG org.apache.http.wire - http-outgoing-3 >> "Accept-Encoding: gzip, deflate[\r][\n]"
11:45:31.786 [Test worker] DEBUG org.apache.http.wire - http-outgoing-3 >> "Referer: http://127.0.0.1:8080/input[\r][\n]"
11:45:31.786 [Test worker] DEBUG org.apache.http.wire - http-outgoing-3 >> "Connection: Keep-Alive[\r][\n]"
11:45:31.786 [Test worker] DEBUG org.apache.http.wire - http-outgoing-3 >> "Content-Length: 56[\r][\n]"
11:45:31.786 [Test worker] DEBUG org.apache.http.wire - http-outgoing-3 >> "Content-Type: application/x-www-form-urlencoded[\r][\n]"
11:45:31.786 [Test worker] DEBUG org.apache.http.wire - http-outgoing-3 >> "[\r][\n]"
11:45:31.786 [Test worker] DEBUG org.apache.http.wire - http-outgoing-3 >> "firstName=Andrea&lastName=Rossi&admissionDate=1993-06-11"
11:45:31.791 [Test worker] DEBUG org.apache.http.wire - http-outgoing-3 << "HTTP/1.1 302 [\r][\n]"
11:45:31.791 [Test worker] DEBUG org.apache.http.wire - http-outgoing-3 << "Location: http://127.0.0.1:8080/list[\r][\n]"
11:45:31.791 [Test worker] DEBUG org.apache.http.wire - http-outgoing-3 << "Content-Language: en-US[\r][\n]"
11:45:31.791 [Test worker] DEBUG org.apache.http.wire - http-outgoing-3 << "Content-Length: 0[\r][\n]"
11:45:31.791 [Test worker] DEBUG org.apache.http.wire - http-outgoing-3 << "Date: Thu, 21 Jan 2021 10:45:31 GMT[\r][\n]"
11:45:31.791 [Test worker] DEBUG org.apache.http.wire - http-outgoing-3 << "Keep-Alive: timeout=60[\r][\n]"
11:45:31.791 [Test worker] DEBUG org.apache.http.wire - http-outgoing-3 << "Connection: keep-alive[\r][\n]"
11:45:31.791 [Test worker] DEBUG org.apache.http.wire - http-outgoing-3 << "[\r][\n]"
11:45:31.792 [Test worker] DEBUG org.apache.http.headers - http-outgoing-3 << HTTP/1.1 302 
11:45:31.792 [Test worker] DEBUG org.apache.http.headers - http-outgoing-3 << Location: http://127.0.0.1:8080/list
11:45:31.792 [Test worker] DEBUG org.apache.http.headers - http-outgoing-3 << Content-Language: en-US
11:45:31.792 [Test worker] DEBUG org.apache.http.headers - http-outgoing-3 << Content-Length: 0
11:45:31.792 [Test worker] DEBUG org.apache.http.headers - http-outgoing-3 << Date: Thu, 21 Jan 2021 10:45:31 GMT
11:45:31.792 [Test worker] DEBUG org.apache.http.headers - http-outgoing-3 << Keep-Alive: timeout=60
11:45:31.792 [Test worker] DEBUG org.apache.http.headers - http-outgoing-3 << Connection: keep-alive
11:45:31.792 [Test worker] DEBUG org.apache.http.impl.execchain.MainClientExec - Connection can be kept alive for 60000 MILLISECONDS
11:45:31.792 [Test worker] DEBUG org.apache.http.impl.conn.PoolingHttpClientConnectionManager - Connection [id: 3][route: {}->http://127.0.0.1:8080] can be kept alive for 60.0 seconds
11:45:31.792 [Test worker] DEBUG org.apache.http.impl.conn.DefaultManagedHttpClientConnection - http-outgoing-3: set socket timeout to 0
11:45:31.792 [Test worker] DEBUG org.apache.http.impl.conn.PoolingHttpClientConnectionManager - Connection released: [id: 3][route: {}->http://127.0.0.1:8080][total available: 1; route allocated: 1 of 6; total allocated: 1 of 20]
11:45:31.792 [Test worker] DEBUG com.gargoylesoftware.htmlunit.WebClient - Got a redirect status code [302] new location = [http://127.0.0.1:8080/list]
11:45:31.792 [Test worker] DEBUG com.gargoylesoftware.htmlunit.WebClient - Load response for GET http://127.0.0.1:8080/list
11:45:31.793 [Test worker] DEBUG org.apache.http.client.protocol.RequestAddCookies - CookieSpec selected: mine
11:45:31.793 [Test worker] DEBUG org.apache.http.client.protocol.RequestAuthCache - Auth cache not set in the context
11:45:31.793 [Test worker] DEBUG org.apache.http.impl.conn.PoolingHttpClientConnectionManager - Connection request: [route: {}->http://127.0.0.1:8080][total available: 1; route allocated: 1 of 6; total allocated: 1 of 20]
11:45:31.793 [Test worker] DEBUG org.apache.http.impl.conn.PoolingHttpClientConnectionManager - Connection leased: [id: 3][route: {}->http://127.0.0.1:8080][total available: 0; route allocated: 1 of 6; total allocated: 1 of 20]
11:45:31.793 [Test worker] DEBUG org.apache.http.impl.conn.DefaultManagedHttpClientConnection - http-outgoing-3: set socket timeout to 0
11:45:31.793 [Test worker] DEBUG org.apache.http.impl.conn.DefaultManagedHttpClientConnection - http-outgoing-3: set socket timeout to 0
11:45:31.793 [Test worker] DEBUG org.apache.http.impl.execchain.MainClientExec - Executing request GET /list HTTP/1.1
11:45:31.793 [Test worker] DEBUG org.apache.http.impl.execchain.MainClientExec - Target auth state: UNCHALLENGED
11:45:31.793 [Test worker] DEBUG org.apache.http.impl.execchain.MainClientExec - Proxy auth state: UNCHALLENGED
11:45:31.794 [Test worker] DEBUG org.apache.http.headers - http-outgoing-3 >> GET /list HTTP/1.1
11:45:31.794 [Test worker] DEBUG org.apache.http.headers - http-outgoing-3 >> Host: 127.0.0.1:8080
11:45:31.794 [Test worker] DEBUG org.apache.http.headers - http-outgoing-3 >> User-Agent: Mozilla/5.0 (Windows NT 6.1; rv:38.0) Gecko/20100101 Firefox/38.0
11:45:31.794 [Test worker] DEBUG org.apache.http.headers - http-outgoing-3 >> Accept: */*
11:45:31.794 [Test worker] DEBUG org.apache.http.headers - http-outgoing-3 >> Accept-Language: en-US
11:45:31.794 [Test worker] DEBUG org.apache.http.headers - http-outgoing-3 >> Accept-Encoding: gzip, deflate
11:45:31.794 [Test worker] DEBUG org.apache.http.headers - http-outgoing-3 >> Referer: http://127.0.0.1:8080/input
11:45:31.794 [Test worker] DEBUG org.apache.http.headers - http-outgoing-3 >> Connection: Keep-Alive
11:45:31.794 [Test worker] DEBUG org.apache.http.wire - http-outgoing-3 >> "GET /list HTTP/1.1[\r][\n]"
11:45:31.794 [Test worker] DEBUG org.apache.http.wire - http-outgoing-3 >> "Host: 127.0.0.1:8080[\r][\n]"
11:45:31.794 [Test worker] DEBUG org.apache.http.wire - http-outgoing-3 >> "User-Agent: Mozilla/5.0 (Windows NT 6.1; rv:38.0) Gecko/20100101 Firefox/38.0[\r][\n]"
11:45:31.794 [Test worker] DEBUG org.apache.http.wire - http-outgoing-3 >> "Accept: */*[\r][\n]"
11:45:31.794 [Test worker] DEBUG org.apache.http.wire - http-outgoing-3 >> "Accept-Language: en-US[\r][\n]"
11:45:31.794 [Test worker] DEBUG org.apache.http.wire - http-outgoing-3 >> "Accept-Encoding: gzip, deflate[\r][\n]"
11:45:31.794 [Test worker] DEBUG org.apache.http.wire - http-outgoing-3 >> "Referer: http://127.0.0.1:8080/input[\r][\n]"
11:45:31.794 [Test worker] DEBUG org.apache.http.wire - http-outgoing-3 >> "Connection: Keep-Alive[\r][\n]"
11:45:31.794 [Test worker] DEBUG org.apache.http.wire - http-outgoing-3 >> "[\r][\n]"
11:45:31.802 [Test worker] DEBUG org.apache.http.wire - http-outgoing-3 << "HTTP/1.1 200 [\r][\n]"
11:45:31.802 [Test worker] DEBUG org.apache.http.wire - http-outgoing-3 << "Content-Type: text/html;charset=UTF-8[\r][\n]"
11:45:31.802 [Test worker] DEBUG org.apache.http.wire - http-outgoing-3 << "Content-Language: en-US[\r][\n]"
11:45:31.802 [Test worker] DEBUG org.apache.http.wire - http-outgoing-3 << "Transfer-Encoding: chunked[\r][\n]"
11:45:31.802 [Test worker] DEBUG org.apache.http.wire - http-outgoing-3 << "Date: Thu, 21 Jan 2021 10:45:31 GMT[\r][\n]"
11:45:31.802 [Test worker] DEBUG org.apache.http.wire - http-outgoing-3 << "Keep-Alive: timeout=60[\r][\n]"
11:45:31.802 [Test worker] DEBUG org.apache.http.wire - http-outgoing-3 << "Connection: keep-alive[\r][\n]"
11:45:31.802 [Test worker] DEBUG org.apache.http.wire - http-outgoing-3 << "[\r][\n]"
11:45:31.802 [Test worker] DEBUG org.apache.http.wire - http-outgoing-3 << "111c[\r][\n]"
11:45:31.802 [Test worker] DEBUG org.apache.http.wire - http-outgoing-3 << "<!DOCTYPE HTML>[\n]"
11:45:31.802 [Test worker] DEBUG org.apache.http.wire - http-outgoing-3 << "<html>[\n]"
11:45:31.802 [Test worker] DEBUG org.apache.http.wire - http-outgoing-3 << "<head>[\n]"
11:45:31.802 [Test worker] DEBUG org.apache.http.wire - http-outgoing-3 << "    <title>MVC Web application</title>[\n]"
11:45:31.802 [Test worker] DEBUG org.apache.http.wire - http-outgoing-3 << "    <meta http-equiv="Content-Type" content="text/html; charset=UTF-8" />[\n]"
11:45:31.802 [Test worker] DEBUG org.apache.http.wire - http-outgoing-3 << "</head>[\n]"
11:45:31.802 [Test worker] DEBUG org.apache.http.wire - http-outgoing-3 << "[\n]"
11:45:31.802 [Test worker] DEBUG org.apache.http.wire - http-outgoing-3 << "<body>[\n]"
11:45:31.802 [Test worker] DEBUG org.apache.http.wire - http-outgoing-3 << "<h1>Pazienti Ricoverati</h1>[\n]"
11:45:31.802 [Test worker] DEBUG org.apache.http.wire - http-outgoing-3 << "[\n]"
11:45:31.802 [Test worker] DEBUG org.apache.http.wire - http-outgoing-3 << "<table border="1" id="present" name="present">[\n]"
11:45:31.802 [Test worker] DEBUG org.apache.http.wire - http-outgoing-3 << "    <thead>[\n]"
11:45:31.802 [Test worker] DEBUG org.apache.http.wire - http-outgoing-3 << "    <tr>[\n]"
11:45:31.802 [Test worker] DEBUG org.apache.http.wire - http-outgoing-3 << "        <th>Id</th>[\n]"
11:45:31.802 [Test worker] DEBUG org.apache.http.wire - http-outgoing-3 << "        <th>Nome</th>[\n]"
11:45:31.802 [Test worker] DEBUG org.apache.http.wire - http-outgoing-3 << "        <th>Cognome</th>[\n]"
11:45:31.802 [Test worker] DEBUG org.apache.http.wire - http-outgoing-3 << "        <th>Data ricovero</th>[\n]"
11:45:31.802 [Test worker] DEBUG org.apache.http.wire - http-outgoing-3 << "        <th>Data dimissione</th>[\n]"
11:45:31.802 [Test worker] DEBUG org.apache.http.wire - http-outgoing-3 << "        <th>Mostra</th>[\n]"
11:45:31.802 [Test worker] DEBUG org.apache.http.wire - http-outgoing-3 << "        <th>Modifica</th>[\n]"
11:45:31.802 [Test worker] DEBUG org.apache.http.wire - http-outgoing-3 << "        <th>Dimetti</th>[\n]"
11:45:31.802 [Test worker] DEBUG org.apache.http.wire - http-outgoing-3 << "        <th>Cancella</th>[\n]"
11:45:31.802 [Test worker] DEBUG org.apache.http.wire - http-outgoing-3 << "        <th>Stampa</th>[\n]"
11:45:31.802 [Test worker] DEBUG org.apache.http.wire - http-outgoing-3 << "    </tr>[\n]"
11:45:31.802 [Test worker] DEBUG org.apache.http.wire - http-outgoing-3 << "    </thead>[\n]"
11:45:31.802 [Test worker] DEBUG org.apache.http.wire - http-outgoing-3 << "    <tbody>[\n]"
11:45:31.802 [Test worker] DEBUG org.apache.http.wire - http-outgoing-3 << "        <tr>[\n]"
11:45:31.802 [Test worker] DEBUG org.apache.http.wire - http-outgoing-3 << "            <td id="id">2</td>[\n]"
11:45:31.802 [Test worker] DEBUG org.apache.http.wire - http-outgoing-3 << "            <td style="text-align:center;">Michele</td>[\n]"
11:45:31.802 [Test worker] DEBUG org.apache.http.wire - http-outgoing-3 << "            <td id='lastName' style="text-align:center;">Bianchi</td>[\n]"
11:45:31.802 [Test worker] DEBUG org.apache.http.wire - http-outgoing-3 << "            <td style="text-align:center;">11/06/1993</td>[\n]"
11:45:31.802 [Test worker] DEBUG org.apache.http.wire - http-outgoing-3 << "            <td style="text-align:center;"></td>[\n]"
11:45:31.802 [Test worker] DEBUG org.apache.http.wire - http-outgoing-3 << "            <td> <a href="cartella?id=2" style="text-align:center;"> Cartella </a></td>[\n]"
11:45:31.802 [Test worker] DEBUG org.apache.http.wire - http-outgoing-3 << "            <td> <a href="edit?id=2" id="modifica" style="text-align:center;"> Modifica </a></td>[\n]"
11:45:31.802 [Test worker] DEBUG org.apache.http.wire - http-outgoing-3 << "            <td> <a href="dimetti?id=2" style="text-align:center;"> Dimetti </a></td>[\n]"
11:45:31.802 [Test worker] DEBUG org.apache.http.wire - http-outgoing-3 << "            <td> <a href="delete?id=2" id="cancella" style="text-align:center;"> Cancella </a></td>[\n]"
11:45:31.802 [Test worker] DEBUG org.apache.http.wire - http-outgoing-3 << "            <td><button><a href="print?id=2" style="text-align:center;text-decoration:none;"> Stampa scheda </a></button></td>[\n]"
11:45:31.802 [Test worker] DEBUG org.apache.http.wire - http-outgoing-3 << "        </tr>[\n]"
11:45:31.802 [Test worker] DEBUG org.apache.http.wire - http-outgoing-3 << "        <tr>[\n]"
11:45:31.803 [Test worker] DEBUG org.apache.http.wire - http-outgoing-3 << "            <td id="id">3</td>[\n]"
11:45:31.803 [Test worker] DEBUG org.apache.http.wire - http-outgoing-3 << "            <td style="text-align:center;">Michele</td>[\n]"
11:45:31.803 [Test worker] DEBUG org.apache.http.wire - http-outgoing-3 << "            <td id='lastName' style="text-align:center;">Bianchi</td>[\n]"
11:45:31.803 [Test worker] DEBUG org.apache.http.wire - http-outgoing-3 << "            <td style="text-align:center;">11/06/1993</td>[\n]"
11:45:31.803 [Test worker] DEBUG org.apache.http.wire - http-outgoing-3 << "            <td style="text-align:center;"></td>[\n]"
11:45:31.803 [Test worker] DEBUG org.apache.http.wire - http-outgoing-3 << "            <td> <a href="cartella?id=3" style="text-align:center;"> Cartella </a></td>[\n]"
11:45:31.803 [Test worker] DEBUG org.apache.http.wire - http-outgoing-3 << "            <td> <a href="edit?id=3" id="modifica" style="text-align:center;"> Modifica </a></td>[\n]"
11:45:31.803 [Test worker] DEBUG org.apache.http.wire - http-outgoing-3 << "            <td> <a href="dimetti?id=3" style="text-align:center;"> Dimetti </a></td>[\n]"
11:45:31.803 [Test worker] DEBUG org.apache.http.wire - http-outgoing-3 << "            <td> <a href="delete?id=3" id="cancella" style="text-align:center;"> Cancella </a></td>[\n]"
11:45:31.803 [Test worker] DEBUG org.apache.http.wire - http-outgoing-3 << "            <td><button><a href="print?id=3" style="text-align:center;text-decoration:none;"> Stampa scheda </a></button></td>[\n]"
11:45:31.803 [Test worker] DEBUG org.apache.http.wire - http-outgoing-3 << "        </tr>[\n]"
11:45:31.803 [Test worker] DEBUG org.apache.http.wire - http-outgoing-3 << "        <tr>[\n]"
11:45:31.803 [Test worker] DEBUG org.apache.http.wire - http-outgoing-3 << "            <td id="id">4</td>[\n]"
11:45:31.803 [Test worker] DEBUG org.apache.http.wire - http-outgoing-3 << "            <td style="text-align:center;">Andrea</td>[\n]"
11:45:31.803 [Test worker] DEBUG org.apache.http.wire - http-outgoing-3 << "            <td id='lastName' style="text-align:center;">Rossi</td>[\n]"
11:45:31.803 [Test worker] DEBUG org.apache.http.wire - http-outgoing-3 << "            <td style="text-align:center;">11/06/1993</td>[\n]"
11:45:31.803 [Test worker] DEBUG org.apache.http.wire - http-outgoing-3 << "            <td style="text-align:center;"></td>[\n]"
11:45:31.803 [Test worker] DEBUG org.apache.http.wire - http-outgoing-3 << "            <td> <a href="cartella?id=4" style="text-align:center;"> Cartella </a></td>[\n]"
11:45:31.803 [Test worker] DEBUG org.apache.http.wire - http-outgoing-3 << "            <td> <a href="edit?id=4" id="modifica" style="text-align:center;"> Modifica </a></td>[\n]"
11:45:31.803 [Test worker] DEBUG org.apache.http.wire - http-outgoing-3 << "            <td> <a href="dimetti?id=4" style="text-align:center;"> Dimetti </a></td>[\n]"
11:45:31.803 [Test worker] DEBUG org.apache.http.wire - http-outgoing-3 << "            <td> <a href="delete?id=4" id="cancella" style="text-align:center;"> Cancella </a></td>[\n]"
11:45:31.803 [Test worker] DEBUG org.apache.http.wire - http-outgoing-3 << "            <td><button><a href="print?id=4" style="text-align:center;text-decoration:none;"> Stampa scheda </a></button></td>[\n]"
11:45:31.803 [Test worker] DEBUG org.apache.http.wire - http-outgoing-3 << "        </tr>[\n]"
11:45:31.803 [Test worker] DEBUG org.apache.http.wire - http-outgoing-3 << "        </tbody>[\n]"
11:45:31.803 [Test worker] DEBUG org.apache.http.wire - http-outgoing-3 << "</table>[\n]"
11:45:31.803 [Test worker] DEBUG org.apache.http.wire - http-outgoing-3 << "[\n]"
11:45:31.803 [Test worker] DEBUG org.apache.http.wire - http-outgoing-3 << "<h1>Pazienti Dimessi</h1>[\n]"
11:45:31.803 [Test worker] DEBUG org.apache.http.wire - http-outgoing-3 << "<table border="1" id="discharged" name="discharged">[\n]"
11:45:31.803 [Test worker] DEBUG org.apache.http.wire - http-outgoing-3 << "    <thead>[\n]"
11:45:31.803 [Test worker] DEBUG org.apache.http.wire - http-outgoing-3 << "    <tr>[\n]"
11:45:31.803 [Test worker] DEBUG org.apache.http.wire - http-outgoing-3 << "        <th>Id</th>[\n]"
11:45:31.803 [Test worker] DEBUG org.apache.http.wire - http-outgoing-3 << "        <th>Nome</th>[\n]"
11:45:31.803 [Test worker] DEBUG org.apache.http.wire - http-outgoing-3 << "        <th>Cognome</th>[\n]"
11:45:31.803 [Test worker] DEBUG org.apache.http.wire - http-outgoing-3 << "        <th>Data Ricovero</th>[\n]"
11:45:31.803 [Test worker] DEBUG org.apache.http.wire - http-outgoing-3 << "        <th>Data Dimissione</th>[\n]"
11:45:31.803 [Test worker] DEBUG org.apache.http.wire - http-outgoing-3 << "        <th>Cartella</th>[\n]"
11:45:31.803 [Test worker] DEBUG org.apache.http.wire - http-outgoing-3 << "        <th>Modifica</th>[\n]"
11:45:31.803 [Test worker] DEBUG org.apache.http.wire - http-outgoing-3 << "        <th>Cancella</th>[\n]"
11:45:31.803 [Test worker] DEBUG org.apache.http.wire - http-outgoing-3 << "        <th>Stampa</th>[\n]"
11:45:31.803 [Test worker] DEBUG org.apache.http.wire - http-outgoing-3 << "    </tr>[\n]"
11:45:31.803 [Test worker] DEBUG org.apache.http.wire - http-outgoing-3 << "    </thead>[\n]"
11:45:31.803 [Test worker] DEBUG org.apache.http.wire - http-outgoing-3 << "    <tbody>[\n]"
11:45:31.803 [Test worker] DEBUG org.apache.http.wire - http-outgoing-3 << "    <tr>[\n]"
11:45:31.803 [Test worker] DEBUG org.apache.http.wire - http-outgoing-3 << "        <td id="idDischarged">1</td>[\n]"
11:45:31.803 [Test worker] DEBUG org.apache.http.wire - http-outgoing-3 << "        <td style="text-align:center;">Michele</td>[\n]"
11:45:31.803 [Test worker] DEBUG org.apache.http.wire - http-outgoing-3 << "        <td id='lastNameDischarged' style="text-align:center;">Bianchi</td>[\n]"
11:45:31.803 [Test worker] DEBUG org.apache.http.wire - http-outgoing-3 << "        <td style="text-align:center;">11/06/1993</td>[\n]"
11:45:31.803 [Test worker] DEBUG org.apache.http.wire - http-outgoing-3 << "        <td style="text-align:center;">21/01/2021</td>[\n]"
11:45:31.803 [Test worker] DEBUG org.apache.http.wire - http-outgoing-3 << "        <td> <a href="cartella?id=1" style="text-align:center;"> Cartella </a></td>[\n]"
11:45:31.803 [Test worker] DEBUG org.apache.http.wire - http-outgoing-3 << "        <td> <a id="modificaDischarged" style="text-align:center; cursor:not-allowed; pointer-events:none; color:grey;"> Modifica </a></td>[\n]"
11:45:31.803 [Test worker] DEBUG org.apache.http.wire - http-outgoing-3 << "        <td> <a id="cancellaDischarged" style="text-align:center; cursor:not-allowed; pointer-events:none; color:grey;"> Cancella </a></td>[\n]"
11:45:31.803 [Test worker] DEBUG org.apache.http.wire - http-outgoing-3 << "        <td><button><a href="print?id=1" style="text-align:center;text-decoration:none;"> Stampa scheda </a></button></td>[\n]"
11:45:31.803 [Test worker] DEBUG org.apache.http.wire - http-outgoing-3 << "    </tr>[\n]"
11:45:31.804 [Test worker] DEBUG org.apache.http.wire - http-outgoing-3 << "    </tbody>[\n]"
11:45:31.804 [Test worker] DEBUG org.apache.http.wire - http-outgoing-3 << "</table>[\n]"
11:45:31.804 [Test worker] DEBUG org.apache.http.wire - http-outgoing-3 << "<br>[\n]"
11:45:31.804 [Test worker] DEBUG org.apache.http.wire - http-outgoing-3 << "<button><a href="input" style="text-decoration:none;">Registra un paziente</a></button>[\n]"
11:45:31.804 [Test worker] DEBUG org.apache.http.wire - http-outgoing-3 << "<br>[\n]"
11:45:31.804 [Test worker] DEBUG org.apache.http.wire - http-outgoing-3 << "<br>[\n]"
11:45:31.804 [Test worker] DEBUG org.apache.http.wire - http-outgoing-3 << "[\n]"
11:45:31.804 [Test worker] DEBUG org.apache.http.wire - http-outgoing-3 << "<form action="search" method="post">[\n]"
11:45:31.804 [Test worker] DEBUG org.apache.http.wire - http-outgoing-3 << "    Cognome Paziente: <input type="text" name="lastName"/>[\n]"
11:45:31.804 [Test worker] DEBUG org.apache.http.wire - http-outgoing-3 << "    <input type="submit" value="Cerca"/>[\n]"
11:45:31.804 [Test worker] DEBUG org.apache.http.wire - http-outgoing-3 << "</form>[\n]"
11:45:31.804 [Test worker] DEBUG org.apache.http.wire - http-outgoing-3 << "</body>[\n]"
11:45:31.804 [Test worker] DEBUG org.apache.http.wire - http-outgoing-3 << "</html>[\r][\n]"
11:45:31.804 [Test worker] DEBUG org.apache.http.headers - http-outgoing-3 << HTTP/1.1 200 
11:45:31.804 [Test worker] DEBUG org.apache.http.headers - http-outgoing-3 << Content-Type: text/html;charset=UTF-8
11:45:31.804 [Test worker] DEBUG org.apache.http.headers - http-outgoing-3 << Content-Language: en-US
11:45:31.804 [Test worker] DEBUG org.apache.http.headers - http-outgoing-3 << Transfer-Encoding: chunked
11:45:31.804 [Test worker] DEBUG org.apache.http.headers - http-outgoing-3 << Date: Thu, 21 Jan 2021 10:45:31 GMT
11:45:31.804 [Test worker] DEBUG org.apache.http.headers - http-outgoing-3 << Keep-Alive: timeout=60
11:45:31.804 [Test worker] DEBUG org.apache.http.headers - http-outgoing-3 << Connection: keep-alive
11:45:31.804 [Test worker] DEBUG org.apache.http.impl.execchain.MainClientExec - Connection can be kept alive for 60000 MILLISECONDS
11:45:31.804 [Test worker] DEBUG org.apache.http.wire - http-outgoing-3 << "0[\r][\n]"
11:45:31.804 [Test worker] DEBUG org.apache.http.wire - http-outgoing-3 << "[\r][\n]"
11:45:31.804 [Test worker] DEBUG org.apache.http.impl.conn.PoolingHttpClientConnectionManager - Connection [id: 3][route: {}->http://127.0.0.1:8080] can be kept alive for 60.0 seconds
11:45:31.804 [Test worker] DEBUG org.apache.http.impl.conn.DefaultManagedHttpClientConnection - http-outgoing-3: set socket timeout to 0
11:45:31.804 [Test worker] DEBUG org.apache.http.impl.conn.PoolingHttpClientConnectionManager - Connection released: [id: 3][route: {}->http://127.0.0.1:8080][total available: 1; route allocated: 1 of 6; total allocated: 1 of 20]
11:45:31.805 [Test worker] DEBUG com.gargoylesoftware.htmlunit.html.DomElement - Firing Event unload (Current Target: HTMLElement for HtmlHtml[<html>]);
11:45:31.805 [Test worker] DEBUG com.gargoylesoftware.htmlunit.WebWindowImpl - setEnclosedPage: HtmlPage(http://127.0.0.1:8080/list)@294391777
11:45:31.805 [Test worker] DEBUG com.gargoylesoftware.htmlunit.WebWindowImpl - destroyChildren
11:45:31.809 [Test worker] DEBUG com.gargoylesoftware.htmlunit.util.EncodingSniffer - Encoding found in HTTP headers: 'UTF-8'.
11:45:31.813 [Test worker] DEBUG net.sourceforge.jwebunit.htmlunit.HtmlUnitTestingEngineImpl - Window "" changed : "MVC Web application" became "MVC Web application
11:45:31.814 [Test worker] DEBUG com.gargoylesoftware.htmlunit.html.DomElement - Firing Event DOMContentLoaded (Current Target: HTMLElement for HtmlHtml[<html>]);
11:45:31.814 [Test worker] DEBUG com.gargoylesoftware.htmlunit.html.DomElement - Firing Event load (Current Target: HTMLElement for HtmlHtml[<html>]);
11:45:31.814 [Test worker] DEBUG com.gargoylesoftware.htmlunit.html.DomElement - Firing Event change (Current Target: HTMLElement for HtmlTextInput[<input type="text" name="lastName" value="Bianchi">]);
11:45:31.814 [Test worker] DEBUG com.gargoylesoftware.htmlunit.html.DomElement - Firing Event mousedown (Current Target: HTMLElement for HtmlSubmitInput[<input type="submit" value="Cerca">]);
11:45:31.814 [Test worker] DEBUG com.gargoylesoftware.htmlunit.html.DomElement - Firing Event focus (Current Target: HTMLElement for HtmlSubmitInput[<input type="submit" value="Cerca">]);
11:45:31.814 [Test worker] DEBUG com.gargoylesoftware.htmlunit.html.DomElement - Firing Event mouseup (Current Target: HTMLElement for HtmlSubmitInput[<input type="submit" value="Cerca">]);
11:45:31.814 [Test worker] DEBUG com.gargoylesoftware.htmlunit.html.DomElement - Firing Event click (Current Target: HTMLElement for HtmlSubmitInput[<input type="submit" value="Cerca">]);
11:45:31.814 [Test worker] DEBUG com.gargoylesoftware.htmlunit.html.DomElement - Firing Event submit (Current Target: HTMLElement for HtmlForm[<form action="search" method="post">]);
11:45:31.815 [Test worker] DEBUG com.gargoylesoftware.htmlunit.util.EncodingSniffer - Encoding found in HTTP headers: 'UTF-8'.
11:45:31.815 [Test worker] DEBUG com.gargoylesoftware.htmlunit.WebClient - Load response for POST http://127.0.0.1:8080/search
11:45:31.815 [Test worker] DEBUG org.apache.http.client.protocol.RequestAddCookies - CookieSpec selected: mine
11:45:31.815 [Test worker] DEBUG org.apache.http.client.protocol.RequestAuthCache - Auth cache not set in the context
11:45:31.816 [Test worker] DEBUG org.apache.http.impl.conn.PoolingHttpClientConnectionManager - Connection request: [route: {}->http://127.0.0.1:8080][total available: 1; route allocated: 1 of 6; total allocated: 1 of 20]
11:45:31.816 [Test worker] DEBUG org.apache.http.impl.conn.PoolingHttpClientConnectionManager - Connection leased: [id: 3][route: {}->http://127.0.0.1:8080][total available: 0; route allocated: 1 of 6; total allocated: 1 of 20]
11:45:31.816 [Test worker] DEBUG org.apache.http.impl.conn.DefaultManagedHttpClientConnection - http-outgoing-3: set socket timeout to 0
11:45:31.816 [Test worker] DEBUG org.apache.http.impl.conn.DefaultManagedHttpClientConnection - http-outgoing-3: set socket timeout to 0
11:45:31.816 [Test worker] DEBUG org.apache.http.impl.execchain.MainClientExec - Executing request POST /search HTTP/1.1
11:45:31.816 [Test worker] DEBUG org.apache.http.impl.execchain.MainClientExec - Target auth state: UNCHALLENGED
11:45:31.816 [Test worker] DEBUG org.apache.http.impl.execchain.MainClientExec - Proxy auth state: UNCHALLENGED
11:45:31.816 [Test worker] DEBUG org.apache.http.headers - http-outgoing-3 >> POST /search HTTP/1.1
11:45:31.816 [Test worker] DEBUG org.apache.http.headers - http-outgoing-3 >> Host: 127.0.0.1:8080
11:45:31.816 [Test worker] DEBUG org.apache.http.headers - http-outgoing-3 >> User-Agent: Mozilla/5.0 (Windows NT 6.1; rv:38.0) Gecko/20100101 Firefox/38.0
11:45:31.816 [Test worker] DEBUG org.apache.http.headers - http-outgoing-3 >> Accept: */*
11:45:31.816 [Test worker] DEBUG org.apache.http.headers - http-outgoing-3 >> Accept-Language: en-US
11:45:31.816 [Test worker] DEBUG org.apache.http.headers - http-outgoing-3 >> Accept-Encoding: gzip, deflate
11:45:31.816 [Test worker] DEBUG org.apache.http.headers - http-outgoing-3 >> Referer: http://127.0.0.1:8080/list
11:45:31.816 [Test worker] DEBUG org.apache.http.headers - http-outgoing-3 >> Connection: Keep-Alive
11:45:31.816 [Test worker] DEBUG org.apache.http.headers - http-outgoing-3 >> Content-Length: 16
11:45:31.816 [Test worker] DEBUG org.apache.http.headers - http-outgoing-3 >> Content-Type: application/x-www-form-urlencoded
11:45:31.816 [Test worker] DEBUG org.apache.http.wire - http-outgoing-3 >> "POST /search HTTP/1.1[\r][\n]"
11:45:31.816 [Test worker] DEBUG org.apache.http.wire - http-outgoing-3 >> "Host: 127.0.0.1:8080[\r][\n]"
11:45:31.816 [Test worker] DEBUG org.apache.http.wire - http-outgoing-3 >> "User-Agent: Mozilla/5.0 (Windows NT 6.1; rv:38.0) Gecko/20100101 Firefox/38.0[\r][\n]"
11:45:31.816 [Test worker] DEBUG org.apache.http.wire - http-outgoing-3 >> "Accept: */*[\r][\n]"
11:45:31.816 [Test worker] DEBUG org.apache.http.wire - http-outgoing-3 >> "Accept-Language: en-US[\r][\n]"
11:45:31.816 [Test worker] DEBUG org.apache.http.wire - http-outgoing-3 >> "Accept-Encoding: gzip, deflate[\r][\n]"
11:45:31.816 [Test worker] DEBUG org.apache.http.wire - http-outgoing-3 >> "Referer: http://127.0.0.1:8080/list[\r][\n]"
11:45:31.816 [Test worker] DEBUG org.apache.http.wire - http-outgoing-3 >> "Connection: Keep-Alive[\r][\n]"
11:45:31.816 [Test worker] DEBUG org.apache.http.wire - http-outgoing-3 >> "Content-Length: 16[\r][\n]"
11:45:31.816 [Test worker] DEBUG org.apache.http.wire - http-outgoing-3 >> "Content-Type: application/x-www-form-urlencoded[\r][\n]"
11:45:31.816 [Test worker] DEBUG org.apache.http.wire - http-outgoing-3 >> "[\r][\n]"
11:45:31.816 [Test worker] DEBUG org.apache.http.wire - http-outgoing-3 >> "lastName=Bianchi"
11:45:31.834 [Test worker] DEBUG org.apache.http.wire - http-outgoing-3 << "HTTP/1.1 200 [\r][\n]"
11:45:31.834 [Test worker] DEBUG org.apache.http.wire - http-outgoing-3 << "Content-Type: text/html;charset=UTF-8[\r][\n]"
11:45:31.834 [Test worker] DEBUG org.apache.http.wire - http-outgoing-3 << "Content-Language: en-US[\r][\n]"
11:45:31.834 [Test worker] DEBUG org.apache.http.wire - http-outgoing-3 << "Transfer-Encoding: chunked[\r][\n]"
11:45:31.834 [Test worker] DEBUG org.apache.http.wire - http-outgoing-3 << "Date: Thu, 21 Jan 2021 10:45:31 GMT[\r][\n]"
11:45:31.834 [Test worker] DEBUG org.apache.http.wire - http-outgoing-3 << "Keep-Alive: timeout=60[\r][\n]"
11:45:31.834 [Test worker] DEBUG org.apache.http.wire - http-outgoing-3 << "Connection: keep-alive[\r][\n]"
11:45:31.834 [Test worker] DEBUG org.apache.http.wire - http-outgoing-3 << "[\r][\n]"
11:45:31.834 [Test worker] DEBUG org.apache.http.wire - http-outgoing-3 << "e08[\r][\n]"
11:45:31.834 [Test worker] DEBUG org.apache.http.wire - http-outgoing-3 << "<!DOCTYPE HTML>[\n]"
11:45:31.834 [Test worker] DEBUG org.apache.http.wire - http-outgoing-3 << "<html>[\n]"
11:45:31.834 [Test worker] DEBUG org.apache.http.wire - http-outgoing-3 << "<head>[\n]"
11:45:31.834 [Test worker] DEBUG org.apache.http.wire - http-outgoing-3 << "    <title>MVC Web application</title>[\n]"
11:45:31.834 [Test worker] DEBUG org.apache.http.wire - http-outgoing-3 << "    <meta http-equiv="Content-Type" content="text/html; charset=UTF-8" />[\n]"
11:45:31.834 [Test worker] DEBUG org.apache.http.wire - http-outgoing-3 << "</head>[\n]"
11:45:31.834 [Test worker] DEBUG org.apache.http.wire - http-outgoing-3 << "[\n]"
11:45:31.834 [Test worker] DEBUG org.apache.http.wire - http-outgoing-3 << "<body>[\n]"
11:45:31.834 [Test worker] DEBUG org.apache.http.wire - http-outgoing-3 << "<h1>Pazienti Ricoverati</h1>[\n]"
11:45:31.834 [Test worker] DEBUG org.apache.http.wire - http-outgoing-3 << "[\n]"
11:45:31.834 [Test worker] DEBUG org.apache.http.wire - http-outgoing-3 << "<table border="1" id="present" name="present">[\n]"
11:45:31.834 [Test worker] DEBUG org.apache.http.wire - http-outgoing-3 << "    <thead>[\n]"
11:45:31.834 [Test worker] DEBUG org.apache.http.wire - http-outgoing-3 << "    <tr>[\n]"
11:45:31.834 [Test worker] DEBUG org.apache.http.wire - http-outgoing-3 << "        <th>Id</th>[\n]"
11:45:31.834 [Test worker] DEBUG org.apache.http.wire - http-outgoing-3 << "        <th>Nome</th>[\n]"
11:45:31.834 [Test worker] DEBUG org.apache.http.wire - http-outgoing-3 << "        <th>Cognome</th>[\n]"
11:45:31.834 [Test worker] DEBUG org.apache.http.wire - http-outgoing-3 << "        <th>Data ricovero</th>[\n]"
11:45:31.834 [Test worker] DEBUG org.apache.http.wire - http-outgoing-3 << "        <th>Data dimissione</th>[\n]"
11:45:31.834 [Test worker] DEBUG org.apache.http.wire - http-outgoing-3 << "        <th>Mostra</th>[\n]"
11:45:31.834 [Test worker] DEBUG org.apache.http.wire - http-outgoing-3 << "        <th>Modifica</th>[\n]"
11:45:31.834 [Test worker] DEBUG org.apache.http.wire - http-outgoing-3 << "        <th>Dimetti</th>[\n]"
11:45:31.834 [Test worker] DEBUG org.apache.http.wire - http-outgoing-3 << "        <th>Cancella</th>[\n]"
11:45:31.834 [Test worker] DEBUG org.apache.http.wire - http-outgoing-3 << "        <th>Stampa</th>[\n]"
11:45:31.834 [Test worker] DEBUG org.apache.http.wire - http-outgoing-3 << "    </tr>[\n]"
11:45:31.834 [Test worker] DEBUG org.apache.http.wire - http-outgoing-3 << "    </thead>[\n]"
11:45:31.834 [Test worker] DEBUG org.apache.http.wire - http-outgoing-3 << "    <tbody>[\n]"
11:45:31.834 [Test worker] DEBUG org.apache.http.wire - http-outgoing-3 << "        <tr>[\n]"
11:45:31.834 [Test worker] DEBUG org.apache.http.wire - http-outgoing-3 << "            <td id="id">2</td>[\n]"
11:45:31.834 [Test worker] DEBUG org.apache.http.wire - http-outgoing-3 << "            <td style="text-align:center;">Michele</td>[\n]"
11:45:31.834 [Test worker] DEBUG org.apache.http.wire - http-outgoing-3 << "            <td id='lastName' style="text-align:center;">Bianchi</td>[\n]"
11:45:31.834 [Test worker] DEBUG org.apache.http.wire - http-outgoing-3 << "            <td style="text-align:center;">11/06/1993</td>[\n]"
11:45:31.834 [Test worker] DEBUG org.apache.http.wire - http-outgoing-3 << "            <td style="text-align:center;"></td>[\n]"
11:45:31.834 [Test worker] DEBUG org.apache.http.wire - http-outgoing-3 << "            <td> <a href="cartella?id=2" style="text-align:center;"> Cartella </a></td>[\n]"
11:45:31.834 [Test worker] DEBUG org.apache.http.wire - http-outgoing-3 << "            <td> <a href="edit?id=2" id="modifica" style="text-align:center;"> Modifica </a></td>[\n]"
11:45:31.834 [Test worker] DEBUG org.apache.http.wire - http-outgoing-3 << "            <td> <a href="dimetti?id=2" style="text-align:center;"> Dimetti </a></td>[\n]"
11:45:31.834 [Test worker] DEBUG org.apache.http.wire - http-outgoing-3 << "            <td> <a href="delete?id=2" id="cancella" style="text-align:center;"> Cancella </a></td>[\n]"
11:45:31.834 [Test worker] DEBUG org.apache.http.wire - http-outgoing-3 << "            <td><button><a href="print?id=2" style="text-align:center;text-decoration:none;"> Stampa scheda </a></button></td>[\n]"
11:45:31.834 [Test worker] DEBUG org.apache.http.wire - http-outgoing-3 << "        </tr>[\n]"
11:45:31.834 [Test worker] DEBUG org.apache.http.wire - http-outgoing-3 << "        <tr>[\n]"
11:45:31.834 [Test worker] DEBUG org.apache.http.wire - http-outgoing-3 << "            <td id="id">3</td>[\n]"
11:45:31.834 [Test worker] DEBUG org.apache.http.wire - http-outgoing-3 << "            <td style="text-align:center;">Michele</td>[\n]"
11:45:31.835 [Test worker] DEBUG org.apache.http.wire - http-outgoing-3 << "            <td id='lastName' style="text-align:center;">Bianchi</td>[\n]"
11:45:31.835 [Test worker] DEBUG org.apache.http.wire - http-outgoing-3 << "            <td style="text-align:center;">11/06/1993</td>[\n]"
11:45:31.835 [Test worker] DEBUG org.apache.http.wire - http-outgoing-3 << "            <td style="text-align:center;"></td>[\n]"
11:45:31.835 [Test worker] DEBUG org.apache.http.wire - http-outgoing-3 << "            <td> <a href="cartella?id=3" style="text-align:center;"> Cartella </a></td>[\n]"
11:45:31.835 [Test worker] DEBUG org.apache.http.wire - http-outgoing-3 << "            <td> <a href="edit?id=3" id="modifica" style="text-align:center;"> Modifica </a></td>[\n]"
11:45:31.835 [Test worker] DEBUG org.apache.http.wire - http-outgoing-3 << "            <td> <a href="dimetti?id=3" style="text-align:center;"> Dimetti </a></td>[\n]"
11:45:31.835 [Test worker] DEBUG org.apache.http.wire - http-outgoing-3 << "            <td> <a href="delete?id=3" id="cancella" style="text-align:center;"> Cancella </a></td>[\n]"
11:45:31.835 [Test worker] DEBUG org.apache.http.wire - http-outgoing-3 << "            <td><button><a href="print?id=3" style="text-align:center;text-decoration:none;"> Stampa scheda </a></button></td>[\n]"
11:45:31.835 [Test worker] DEBUG org.apache.http.wire - http-outgoing-3 << "        </tr>[\n]"
11:45:31.835 [Test worker] DEBUG org.apache.http.wire - http-outgoing-3 << "        </tbody>[\n]"
11:45:31.835 [Test worker] DEBUG org.apache.http.wire - http-outgoing-3 << "</table>[\n]"
11:45:31.835 [Test worker] DEBUG org.apache.http.wire - http-outgoing-3 << "[\n]"
11:45:31.835 [Test worker] DEBUG org.apache.http.wire - http-outgoing-3 << "<h1>Pazienti Dimessi</h1>[\n]"
11:45:31.835 [Test worker] DEBUG org.apache.http.wire - http-outgoing-3 << "<table border="1" id="discharged" name="discharged">[\n]"
11:45:31.835 [Test worker] DEBUG org.apache.http.wire - http-outgoing-3 << "    <thead>[\n]"
11:45:31.835 [Test worker] DEBUG org.apache.http.wire - http-outgoing-3 << "    <tr>[\n]"
11:45:31.835 [Test worker] DEBUG org.apache.http.wire - http-outgoing-3 << "        <th>Id</th>[\n]"
11:45:31.835 [Test worker] DEBUG org.apache.http.wire - http-outgoing-3 << "        <th>Nome</th>[\n]"
11:45:31.835 [Test worker] DEBUG org.apache.http.wire - http-outgoing-3 << "        <th>Cognome</th>[\n]"
11:45:31.835 [Test worker] DEBUG org.apache.http.wire - http-outgoing-3 << "        <th>Data Ricovero</th>[\n]"
11:45:31.835 [Test worker] DEBUG org.apache.http.wire - http-outgoing-3 << "        <th>Data Dimissione</th>[\n]"
11:45:31.835 [Test worker] DEBUG org.apache.http.wire - http-outgoing-3 << "        <th>Cartella</th>[\n]"
11:45:31.835 [Test worker] DEBUG org.apache.http.wire - http-outgoing-3 << "        <th>Modifica</th>[\n]"
11:45:31.835 [Test worker] DEBUG org.apache.http.wire - http-outgoing-3 << "        <th>Cancella</th>[\n]"
11:45:31.835 [Test worker] DEBUG org.apache.http.wire - http-outgoing-3 << "        <th>Stampa</th>[\n]"
11:45:31.835 [Test worker] DEBUG org.apache.http.wire - http-outgoing-3 << "    </tr>[\n]"
11:45:31.835 [Test worker] DEBUG org.apache.http.wire - http-outgoing-3 << "    </thead>[\n]"
11:45:31.835 [Test worker] DEBUG org.apache.http.wire - http-outgoing-3 << "    <tbody>[\n]"
11:45:31.835 [Test worker] DEBUG org.apache.http.wire - http-outgoing-3 << "    <tr>[\n]"
11:45:31.835 [Test worker] DEBUG org.apache.http.wire - http-outgoing-3 << "        <td id="idDischarged">1</td>[\n]"
11:45:31.835 [Test worker] DEBUG org.apache.http.wire - http-outgoing-3 << "        <td style="text-align:center;">Michele</td>[\n]"
11:45:31.835 [Test worker] DEBUG org.apache.http.wire - http-outgoing-3 << "        <td id='lastNameDischarged' style="text-align:center;">Bianchi</td>[\n]"
11:45:31.835 [Test worker] DEBUG org.apache.http.wire - http-outgoing-3 << "        <td style="text-align:center;">11/06/1993</td>[\n]"
11:45:31.835 [Test worker] DEBUG org.apache.http.wire - http-outgoing-3 << "        <td style="text-align:center;">21/01/2021</td>[\n]"
11:45:31.835 [Test worker] DEBUG org.apache.http.wire - http-outgoing-3 << "        <td> <a href="cartella?id=1" style="text-align:center;"> Cartella </a></td>[\n]"
11:45:31.835 [Test worker] DEBUG org.apache.http.wire - http-outgoing-3 << "        <td> <a id="modificaDischarged" style="text-align:center; cursor:not-allowed; pointer-events:none; color:grey;"> Modifica </a></td>[\n]"
11:45:31.835 [Test worker] DEBUG org.apache.http.wire - http-outgoing-3 << "        <td> <a id="cancellaDischarged" style="text-align:center; cursor:not-allowed; pointer-events:none; color:grey;"> Cancella </a></td>[\n]"
11:45:31.835 [Test worker] DEBUG org.apache.http.wire - http-outgoing-3 << "        <td><button><a href="print?id=1" style="text-align:center;text-decoration:none;"> Stampa scheda </a></button></td>[\n]"
11:45:31.835 [Test worker] DEBUG org.apache.http.wire - http-outgoing-3 << "    </tr>[\n]"
11:45:31.835 [Test worker] DEBUG org.apache.http.wire - http-outgoing-3 << "    </tbody>[\n]"
11:45:31.835 [Test worker] DEBUG org.apache.http.wire - http-outgoing-3 << "</table>[\n]"
11:45:31.835 [Test worker] DEBUG org.apache.http.wire - http-outgoing-3 << "<br>[\n]"
11:45:31.835 [Test worker] DEBUG org.apache.http.wire - http-outgoing-3 << "<button><a href="input" style="text-decoration:none;">Registra un paziente</a></button>[\n]"
11:45:31.835 [Test worker] DEBUG org.apache.http.wire - http-outgoing-3 << "<br>[\n]"
11:45:31.835 [Test worker] DEBUG org.apache.http.wire - http-outgoing-3 << "<br>[\n]"
11:45:31.835 [Test worker] DEBUG org.apache.http.wire - http-outgoing-3 << "[\n]"
11:45:31.835 [Test worker] DEBUG org.apache.http.wire - http-outgoing-3 << "<form action="search" method="post">[\n]"
11:45:31.835 [Test worker] DEBUG org.apache.http.wire - http-outgoing-3 << "    Cognome Paziente: <input type="text" name="lastName"/>[\n]"
11:45:31.835 [Test worker] DEBUG org.apache.http.wire - http-outgoing-3 << "    <input type="submit" value="Cerca"/>[\n]"
11:45:31.835 [Test worker] DEBUG org.apache.http.wire - http-outgoing-3 << "</form>[\n]"
11:45:31.835 [Test worker] DEBUG org.apache.http.wire - http-outgoing-3 << "</body>[\n]"
11:45:31.836 [Test worker] DEBUG org.apache.http.wire - http-outgoing-3 << "</html>[\r][\n]"
11:45:31.836 [Test worker] DEBUG org.apache.http.headers - http-outgoing-3 << HTTP/1.1 200 
11:45:31.836 [Test worker] DEBUG org.apache.http.headers - http-outgoing-3 << Content-Type: text/html;charset=UTF-8
11:45:31.836 [Test worker] DEBUG org.apache.http.headers - http-outgoing-3 << Content-Language: en-US
11:45:31.836 [Test worker] DEBUG org.apache.http.headers - http-outgoing-3 << Transfer-Encoding: chunked
11:45:31.836 [Test worker] DEBUG org.apache.http.headers - http-outgoing-3 << Date: Thu, 21 Jan 2021 10:45:31 GMT
11:45:31.836 [Test worker] DEBUG org.apache.http.headers - http-outgoing-3 << Keep-Alive: timeout=60
11:45:31.836 [Test worker] DEBUG org.apache.http.headers - http-outgoing-3 << Connection: keep-alive
11:45:31.836 [Test worker] DEBUG org.apache.http.impl.execchain.MainClientExec - Connection can be kept alive for 60000 MILLISECONDS
11:45:31.836 [Test worker] DEBUG org.apache.http.wire - http-outgoing-3 << "0[\r][\n]"
11:45:31.836 [Test worker] DEBUG org.apache.http.wire - http-outgoing-3 << "[\r][\n]"
11:45:31.836 [Test worker] DEBUG org.apache.http.impl.conn.PoolingHttpClientConnectionManager - Connection [id: 3][route: {}->http://127.0.0.1:8080] can be kept alive for 60.0 seconds
11:45:31.836 [Test worker] DEBUG org.apache.http.impl.conn.DefaultManagedHttpClientConnection - http-outgoing-3: set socket timeout to 0
11:45:31.836 [Test worker] DEBUG org.apache.http.impl.conn.PoolingHttpClientConnectionManager - Connection released: [id: 3][route: {}->http://127.0.0.1:8080][total available: 1; route allocated: 1 of 6; total allocated: 1 of 20]
11:45:31.836 [Test worker] DEBUG com.gargoylesoftware.htmlunit.html.DomElement - Firing Event unload (Current Target: HTMLElement for HtmlHtml[<html>]);
11:45:31.837 [Test worker] DEBUG com.gargoylesoftware.htmlunit.WebWindowImpl - setEnclosedPage: HtmlPage(http://127.0.0.1:8080/search)@379393162
11:45:31.837 [Test worker] DEBUG com.gargoylesoftware.htmlunit.WebWindowImpl - destroyChildren
11:45:31.841 [Test worker] DEBUG com.gargoylesoftware.htmlunit.util.EncodingSniffer - Encoding found in HTTP headers: 'UTF-8'.
11:45:31.844 [Test worker] DEBUG net.sourceforge.jwebunit.htmlunit.HtmlUnitTestingEngineImpl - Window "" changed : "MVC Web application" became "MVC Web application
11:45:31.844 [Test worker] DEBUG com.gargoylesoftware.htmlunit.html.DomElement - Firing Event DOMContentLoaded (Current Target: HTMLElement for HtmlHtml[<html>]);
11:45:31.844 [Test worker] DEBUG com.gargoylesoftware.htmlunit.html.DomElement - Firing Event load (Current Target: HTMLElement for HtmlHtml[<html>]);
11:45:31.868 [Test worker] DEBUG com.gargoylesoftware.htmlunit.html.DomElement - Firing Event mousedown (Current Target: HTMLElement for HtmlAnchor[<a href="delete?id=2" id="cancella" style="text-align:center;">]);
11:45:31.868 [Test worker] DEBUG com.gargoylesoftware.htmlunit.html.DomElement - Firing Event focus (Current Target: HTMLElement for HtmlAnchor[<a href="delete?id=2" id="cancella" style="text-align:center;">]);
11:45:31.868 [Test worker] DEBUG com.gargoylesoftware.htmlunit.html.DomElement - Firing Event mouseup (Current Target: HTMLElement for HtmlAnchor[<a href="delete?id=2" id="cancella" style="text-align:center;">]);
11:45:31.868 [Test worker] DEBUG com.gargoylesoftware.htmlunit.html.DomElement - Firing Event click (Current Target: HTMLElement for HtmlAnchor[<a href="delete?id=2" id="cancella" style="text-align:center;">]);
11:45:31.869 [Test worker] DEBUG com.gargoylesoftware.htmlunit.html.HtmlAnchor - do click action in window '', using href 'delete?id=2'
11:45:31.869 [Test worker] DEBUG com.gargoylesoftware.htmlunit.util.EncodingSniffer - Encoding found in HTTP headers: 'UTF-8'.
11:45:31.869 [Test worker] DEBUG com.gargoylesoftware.htmlunit.html.HtmlAnchor - Getting page for http://127.0.0.1:8080/delete?id=2, derived from href 'delete?id=2', using the originating URL http://127.0.0.1:8080/search
11:45:31.869 [Test worker] DEBUG com.gargoylesoftware.htmlunit.html.DomElement - Firing Event beforeunload (Current Target: HTMLElement for HtmlHtml[<html>]);
11:45:31.869 [Test worker] DEBUG com.gargoylesoftware.htmlunit.WebClient - Load response for GET http://127.0.0.1:8080/delete?id=2
11:45:31.870 [Test worker] DEBUG org.apache.http.client.protocol.RequestAddCookies - CookieSpec selected: mine
11:45:31.870 [Test worker] DEBUG org.apache.http.client.protocol.RequestAuthCache - Auth cache not set in the context
11:45:31.870 [Test worker] DEBUG org.apache.http.impl.conn.PoolingHttpClientConnectionManager - Connection request: [route: {}->http://127.0.0.1:8080][total available: 1; route allocated: 1 of 6; total allocated: 1 of 20]
11:45:31.870 [Test worker] DEBUG org.apache.http.impl.conn.PoolingHttpClientConnectionManager - Connection leased: [id: 3][route: {}->http://127.0.0.1:8080][total available: 0; route allocated: 1 of 6; total allocated: 1 of 20]
11:45:31.870 [Test worker] DEBUG org.apache.http.impl.conn.DefaultManagedHttpClientConnection - http-outgoing-3: set socket timeout to 0
11:45:31.870 [Test worker] DEBUG org.apache.http.impl.conn.DefaultManagedHttpClientConnection - http-outgoing-3: set socket timeout to 0
11:45:31.870 [Test worker] DEBUG org.apache.http.impl.execchain.MainClientExec - Executing request GET /delete?id=2 HTTP/1.1
11:45:31.870 [Test worker] DEBUG org.apache.http.impl.execchain.MainClientExec - Target auth state: UNCHALLENGED
11:45:31.870 [Test worker] DEBUG org.apache.http.impl.execchain.MainClientExec - Proxy auth state: UNCHALLENGED
11:45:31.871 [Test worker] DEBUG org.apache.http.headers - http-outgoing-3 >> GET /delete?id=2 HTTP/1.1
11:45:31.871 [Test worker] DEBUG org.apache.http.headers - http-outgoing-3 >> Host: 127.0.0.1:8080
11:45:31.871 [Test worker] DEBUG org.apache.http.headers - http-outgoing-3 >> User-Agent: Mozilla/5.0 (Windows NT 6.1; rv:38.0) Gecko/20100101 Firefox/38.0
11:45:31.871 [Test worker] DEBUG org.apache.http.headers - http-outgoing-3 >> Accept: text/html,application/xhtml+xml,application/xml;q=0.9,*/*;q=0.8
11:45:31.871 [Test worker] DEBUG org.apache.http.headers - http-outgoing-3 >> Accept-Language: en-US
11:45:31.871 [Test worker] DEBUG org.apache.http.headers - http-outgoing-3 >> Accept-Encoding: gzip, deflate
11:45:31.871 [Test worker] DEBUG org.apache.http.headers - http-outgoing-3 >> Referer: http://127.0.0.1:8080/search
11:45:31.871 [Test worker] DEBUG org.apache.http.headers - http-outgoing-3 >> Connection: Keep-Alive
11:45:31.871 [Test worker] DEBUG org.apache.http.wire - http-outgoing-3 >> "GET /delete?id=2 HTTP/1.1[\r][\n]"
11:45:31.871 [Test worker] DEBUG org.apache.http.wire - http-outgoing-3 >> "Host: 127.0.0.1:8080[\r][\n]"
11:45:31.871 [Test worker] DEBUG org.apache.http.wire - http-outgoing-3 >> "User-Agent: Mozilla/5.0 (Windows NT 6.1; rv:38.0) Gecko/20100101 Firefox/38.0[\r][\n]"
11:45:31.871 [Test worker] DEBUG org.apache.http.wire - http-outgoing-3 >> "Accept: text/html,application/xhtml+xml,application/xml;q=0.9,*/*;q=0.8[\r][\n]"
11:45:31.871 [Test worker] DEBUG org.apache.http.wire - http-outgoing-3 >> "Accept-Language: en-US[\r][\n]"
11:45:31.871 [Test worker] DEBUG org.apache.http.wire - http-outgoing-3 >> "Accept-Encoding: gzip, deflate[\r][\n]"
11:45:31.871 [Test worker] DEBUG org.apache.http.wire - http-outgoing-3 >> "Referer: http://127.0.0.1:8080/search[\r][\n]"
11:45:31.871 [Test worker] DEBUG org.apache.http.wire - http-outgoing-3 >> "Connection: Keep-Alive[\r][\n]"
11:45:31.871 [Test worker] DEBUG org.apache.http.wire - http-outgoing-3 >> "[\r][\n]"
11:45:31.883 [Test worker] DEBUG org.apache.http.wire - http-outgoing-3 << "HTTP/1.1 302 [\r][\n]"
11:45:31.883 [Test worker] DEBUG org.apache.http.wire - http-outgoing-3 << "Location: http://127.0.0.1:8080/list[\r][\n]"
11:45:31.883 [Test worker] DEBUG org.apache.http.wire - http-outgoing-3 << "Content-Language: en-US[\r][\n]"
11:45:31.883 [Test worker] DEBUG org.apache.http.wire - http-outgoing-3 << "Content-Length: 0[\r][\n]"
11:45:31.883 [Test worker] DEBUG org.apache.http.wire - http-outgoing-3 << "Date: Thu, 21 Jan 2021 10:45:31 GMT[\r][\n]"
11:45:31.883 [Test worker] DEBUG org.apache.http.wire - http-outgoing-3 << "Keep-Alive: timeout=60[\r][\n]"
11:45:31.883 [Test worker] DEBUG org.apache.http.wire - http-outgoing-3 << "Connection: keep-alive[\r][\n]"
11:45:31.883 [Test worker] DEBUG org.apache.http.wire - http-outgoing-3 << "[\r][\n]"
11:45:31.883 [Test worker] DEBUG org.apache.http.headers - http-outgoing-3 << HTTP/1.1 302 
11:45:31.883 [Test worker] DEBUG org.apache.http.headers - http-outgoing-3 << Location: http://127.0.0.1:8080/list
11:45:31.883 [Test worker] DEBUG org.apache.http.headers - http-outgoing-3 << Content-Language: en-US
11:45:31.883 [Test worker] DEBUG org.apache.http.headers - http-outgoing-3 << Content-Length: 0
11:45:31.883 [Test worker] DEBUG org.apache.http.headers - http-outgoing-3 << Date: Thu, 21 Jan 2021 10:45:31 GMT
11:45:31.883 [Test worker] DEBUG org.apache.http.headers - http-outgoing-3 << Keep-Alive: timeout=60
11:45:31.883 [Test worker] DEBUG org.apache.http.headers - http-outgoing-3 << Connection: keep-alive
11:45:31.883 [Test worker] DEBUG org.apache.http.impl.execchain.MainClientExec - Connection can be kept alive for 60000 MILLISECONDS
11:45:31.883 [Test worker] DEBUG org.apache.http.impl.conn.PoolingHttpClientConnectionManager - Connection [id: 3][route: {}->http://127.0.0.1:8080] can be kept alive for 60.0 seconds
11:45:31.883 [Test worker] DEBUG org.apache.http.impl.conn.DefaultManagedHttpClientConnection - http-outgoing-3: set socket timeout to 0
11:45:31.883 [Test worker] DEBUG org.apache.http.impl.conn.PoolingHttpClientConnectionManager - Connection released: [id: 3][route: {}->http://127.0.0.1:8080][total available: 1; route allocated: 1 of 6; total allocated: 1 of 20]
11:45:31.884 [Test worker] DEBUG com.gargoylesoftware.htmlunit.WebClient - Got a redirect status code [302] new location = [http://127.0.0.1:8080/list]
11:45:31.884 [Test worker] DEBUG com.gargoylesoftware.htmlunit.WebClient - Load response for GET http://127.0.0.1:8080/list
11:45:31.884 [Test worker] DEBUG org.apache.http.client.protocol.RequestAddCookies - CookieSpec selected: mine
11:45:31.884 [Test worker] DEBUG org.apache.http.client.protocol.RequestAuthCache - Auth cache not set in the context
11:45:31.884 [Test worker] DEBUG org.apache.http.impl.conn.PoolingHttpClientConnectionManager - Connection request: [route: {}->http://127.0.0.1:8080][total available: 1; route allocated: 1 of 6; total allocated: 1 of 20]
11:45:31.885 [Test worker] DEBUG org.apache.http.impl.conn.PoolingHttpClientConnectionManager - Connection leased: [id: 3][route: {}->http://127.0.0.1:8080][total available: 0; route allocated: 1 of 6; total allocated: 1 of 20]
11:45:31.885 [Test worker] DEBUG org.apache.http.impl.conn.DefaultManagedHttpClientConnection - http-outgoing-3: set socket timeout to 0
11:45:31.885 [Test worker] DEBUG org.apache.http.impl.conn.DefaultManagedHttpClientConnection - http-outgoing-3: set socket timeout to 0
11:45:31.885 [Test worker] DEBUG org.apache.http.impl.execchain.MainClientExec - Executing request GET /list HTTP/1.1
11:45:31.885 [Test worker] DEBUG org.apache.http.impl.execchain.MainClientExec - Target auth state: UNCHALLENGED
11:45:31.885 [Test worker] DEBUG org.apache.http.impl.execchain.MainClientExec - Proxy auth state: UNCHALLENGED
11:45:31.885 [Test worker] DEBUG org.apache.http.headers - http-outgoing-3 >> GET /list HTTP/1.1
11:45:31.885 [Test worker] DEBUG org.apache.http.headers - http-outgoing-3 >> Host: 127.0.0.1:8080
11:45:31.885 [Test worker] DEBUG org.apache.http.headers - http-outgoing-3 >> User-Agent: Mozilla/5.0 (Windows NT 6.1; rv:38.0) Gecko/20100101 Firefox/38.0
11:45:31.885 [Test worker] DEBUG org.apache.http.headers - http-outgoing-3 >> Accept: text/html,application/xhtml+xml,application/xml;q=0.9,*/*;q=0.8
11:45:31.885 [Test worker] DEBUG org.apache.http.headers - http-outgoing-3 >> Accept-Language: en-US
11:45:31.885 [Test worker] DEBUG org.apache.http.headers - http-outgoing-3 >> Accept-Encoding: gzip, deflate
11:45:31.885 [Test worker] DEBUG org.apache.http.headers - http-outgoing-3 >> Referer: http://127.0.0.1:8080/search
11:45:31.885 [Test worker] DEBUG org.apache.http.headers - http-outgoing-3 >> Connection: Keep-Alive
11:45:31.885 [Test worker] DEBUG org.apache.http.wire - http-outgoing-3 >> "GET /list HTTP/1.1[\r][\n]"
11:45:31.885 [Test worker] DEBUG org.apache.http.wire - http-outgoing-3 >> "Host: 127.0.0.1:8080[\r][\n]"
11:45:31.885 [Test worker] DEBUG org.apache.http.wire - http-outgoing-3 >> "User-Agent: Mozilla/5.0 (Windows NT 6.1; rv:38.0) Gecko/20100101 Firefox/38.0[\r][\n]"
11:45:31.885 [Test worker] DEBUG org.apache.http.wire - http-outgoing-3 >> "Accept: text/html,application/xhtml+xml,application/xml;q=0.9,*/*;q=0.8[\r][\n]"
11:45:31.885 [Test worker] DEBUG org.apache.http.wire - http-outgoing-3 >> "Accept-Language: en-US[\r][\n]"
11:45:31.885 [Test worker] DEBUG org.apache.http.wire - http-outgoing-3 >> "Accept-Encoding: gzip, deflate[\r][\n]"
11:45:31.885 [Test worker] DEBUG org.apache.http.wire - http-outgoing-3 >> "Referer: http://127.0.0.1:8080/search[\r][\n]"
11:45:31.885 [Test worker] DEBUG org.apache.http.wire - http-outgoing-3 >> "Connection: Keep-Alive[\r][\n]"
11:45:31.885 [Test worker] DEBUG org.apache.http.wire - http-outgoing-3 >> "[\r][\n]"
11:45:31.892 [Test worker] DEBUG org.apache.http.wire - http-outgoing-3 << "HTTP/1.1 200 [\r][\n]"
11:45:31.892 [Test worker] DEBUG org.apache.http.wire - http-outgoing-3 << "Content-Type: text/html;charset=UTF-8[\r][\n]"
11:45:31.892 [Test worker] DEBUG org.apache.http.wire - http-outgoing-3 << "Content-Language: en-US[\r][\n]"
11:45:31.892 [Test worker] DEBUG org.apache.http.wire - http-outgoing-3 << "Transfer-Encoding: chunked[\r][\n]"
11:45:31.892 [Test worker] DEBUG org.apache.http.wire - http-outgoing-3 << "Date: Thu, 21 Jan 2021 10:45:31 GMT[\r][\n]"
11:45:31.892 [Test worker] DEBUG org.apache.http.wire - http-outgoing-3 << "Keep-Alive: timeout=60[\r][\n]"
11:45:31.892 [Test worker] DEBUG org.apache.http.wire - http-outgoing-3 << "Connection: keep-alive[\r][\n]"
11:45:31.892 [Test worker] DEBUG org.apache.http.wire - http-outgoing-3 << "[\r][\n]"
11:45:31.892 [Test worker] DEBUG org.apache.http.wire - http-outgoing-3 << "e05[\r][\n]"
11:45:31.892 [Test worker] DEBUG org.apache.http.wire - http-outgoing-3 << "<!DOCTYPE HTML>[\n]"
11:45:31.892 [Test worker] DEBUG org.apache.http.wire - http-outgoing-3 << "<html>[\n]"
11:45:31.892 [Test worker] DEBUG org.apache.http.wire - http-outgoing-3 << "<head>[\n]"
11:45:31.892 [Test worker] DEBUG org.apache.http.wire - http-outgoing-3 << "    <title>MVC Web application</title>[\n]"
11:45:31.892 [Test worker] DEBUG org.apache.http.wire - http-outgoing-3 << "    <meta http-equiv="Content-Type" content="text/html; charset=UTF-8" />[\n]"
11:45:31.892 [Test worker] DEBUG org.apache.http.wire - http-outgoing-3 << "</head>[\n]"
11:45:31.892 [Test worker] DEBUG org.apache.http.wire - http-outgoing-3 << "[\n]"
11:45:31.892 [Test worker] DEBUG org.apache.http.wire - http-outgoing-3 << "<body>[\n]"
11:45:31.892 [Test worker] DEBUG org.apache.http.wire - http-outgoing-3 << "<h1>Pazienti Ricoverati</h1>[\n]"
11:45:31.892 [Test worker] DEBUG org.apache.http.wire - http-outgoing-3 << "[\n]"
11:45:31.892 [Test worker] DEBUG org.apache.http.wire - http-outgoing-3 << "<table border="1" id="present" name="present">[\n]"
11:45:31.892 [Test worker] DEBUG org.apache.http.wire - http-outgoing-3 << "    <thead>[\n]"
11:45:31.892 [Test worker] DEBUG org.apache.http.wire - http-outgoing-3 << "    <tr>[\n]"
11:45:31.892 [Test worker] DEBUG org.apache.http.wire - http-outgoing-3 << "        <th>Id</th>[\n]"
11:45:31.892 [Test worker] DEBUG org.apache.http.wire - http-outgoing-3 << "        <th>Nome</th>[\n]"
11:45:31.892 [Test worker] DEBUG org.apache.http.wire - http-outgoing-3 << "        <th>Cognome</th>[\n]"
11:45:31.892 [Test worker] DEBUG org.apache.http.wire - http-outgoing-3 << "        <th>Data ricovero</th>[\n]"
11:45:31.892 [Test worker] DEBUG org.apache.http.wire - http-outgoing-3 << "        <th>Data dimissione</th>[\n]"
11:45:31.892 [Test worker] DEBUG org.apache.http.wire - http-outgoing-3 << "        <th>Mostra</th>[\n]"
11:45:31.892 [Test worker] DEBUG org.apache.http.wire - http-outgoing-3 << "        <th>Modifica</th>[\n]"
11:45:31.892 [Test worker] DEBUG org.apache.http.wire - http-outgoing-3 << "        <th>Dimetti</th>[\n]"
11:45:31.892 [Test worker] DEBUG org.apache.http.wire - http-outgoing-3 << "        <th>Cancella</th>[\n]"
11:45:31.892 [Test worker] DEBUG org.apache.http.wire - http-outgoing-3 << "        <th>Stampa</th>[\n]"
11:45:31.892 [Test worker] DEBUG org.apache.http.wire - http-outgoing-3 << "    </tr>[\n]"
11:45:31.892 [Test worker] DEBUG org.apache.http.wire - http-outgoing-3 << "    </thead>[\n]"
11:45:31.892 [Test worker] DEBUG org.apache.http.wire - http-outgoing-3 << "    <tbody>[\n]"
11:45:31.892 [Test worker] DEBUG org.apache.http.wire - http-outgoing-3 << "        <tr>[\n]"
11:45:31.892 [Test worker] DEBUG org.apache.http.wire - http-outgoing-3 << "            <td id="id">3</td>[\n]"
11:45:31.892 [Test worker] DEBUG org.apache.http.wire - http-outgoing-3 << "            <td style="text-align:center;">Michele</td>[\n]"
11:45:31.892 [Test worker] DEBUG org.apache.http.wire - http-outgoing-3 << "            <td id='lastName' style="text-align:center;">Bianchi</td>[\n]"
11:45:31.892 [Test worker] DEBUG org.apache.http.wire - http-outgoing-3 << "            <td style="text-align:center;">11/06/1993</td>[\n]"
11:45:31.893 [Test worker] DEBUG org.apache.http.wire - http-outgoing-3 << "            <td style="text-align:center;"></td>[\n]"
11:45:31.893 [Test worker] DEBUG org.apache.http.wire - http-outgoing-3 << "            <td> <a href="cartella?id=3" style="text-align:center;"> Cartella </a></td>[\n]"
11:45:31.893 [Test worker] DEBUG org.apache.http.wire - http-outgoing-3 << "            <td> <a href="edit?id=3" id="modifica" style="text-align:center;"> Modifica </a></td>[\n]"
11:45:31.893 [Test worker] DEBUG org.apache.http.wire - http-outgoing-3 << "            <td> <a href="dimetti?id=3" style="text-align:center;"> Dimetti </a></td>[\n]"
11:45:31.893 [Test worker] DEBUG org.apache.http.wire - http-outgoing-3 << "            <td> <a href="delete?id=3" id="cancella" style="text-align:center;"> Cancella </a></td>[\n]"
11:45:31.893 [Test worker] DEBUG org.apache.http.wire - http-outgoing-3 << "            <td><button><a href="print?id=3" style="text-align:center;text-decoration:none;"> Stampa scheda </a></button></td>[\n]"
11:45:31.893 [Test worker] DEBUG org.apache.http.wire - http-outgoing-3 << "        </tr>[\n]"
11:45:31.893 [Test worker] DEBUG org.apache.http.wire - http-outgoing-3 << "        <tr>[\n]"
11:45:31.893 [Test worker] DEBUG org.apache.http.wire - http-outgoing-3 << "            <td id="id">4</td>[\n]"
11:45:31.893 [Test worker] DEBUG org.apache.http.wire - http-outgoing-3 << "            <td style="text-align:center;">Andrea</td>[\n]"
11:45:31.893 [Test worker] DEBUG org.apache.http.wire - http-outgoing-3 << "            <td id='lastName' style="text-align:center;">Rossi</td>[\n]"
11:45:31.893 [Test worker] DEBUG org.apache.http.wire - http-outgoing-3 << "            <td style="text-align:center;">11/06/1993</td>[\n]"
11:45:31.893 [Test worker] DEBUG org.apache.http.wire - http-outgoing-3 << "            <td style="text-align:center;"></td>[\n]"
11:45:31.893 [Test worker] DEBUG org.apache.http.wire - http-outgoing-3 << "            <td> <a href="cartella?id=4" style="text-align:center;"> Cartella </a></td>[\n]"
11:45:31.893 [Test worker] DEBUG org.apache.http.wire - http-outgoing-3 << "            <td> <a href="edit?id=4" id="modifica" style="text-align:center;"> Modifica </a></td>[\n]"
11:45:31.893 [Test worker] DEBUG org.apache.http.wire - http-outgoing-3 << "            <td> <a href="dimetti?id=4" style="text-align:center;"> Dimetti </a></td>[\n]"
11:45:31.893 [Test worker] DEBUG org.apache.http.wire - http-outgoing-3 << "            <td> <a href="delete?id=4" id="cancella" style="text-align:center;"> Cancella </a></td>[\n]"
11:45:31.893 [Test worker] DEBUG org.apache.http.wire - http-outgoing-3 << "            <td><button><a href="print?id=4" style="text-align:center;text-decoration:none;"> Stampa scheda </a></button></td>[\n]"
11:45:31.893 [Test worker] DEBUG org.apache.http.wire - http-outgoing-3 << "        </tr>[\n]"
11:45:31.893 [Test worker] DEBUG org.apache.http.wire - http-outgoing-3 << "        </tbody>[\n]"
11:45:31.893 [Test worker] DEBUG org.apache.http.wire - http-outgoing-3 << "</table>[\n]"
11:45:31.893 [Test worker] DEBUG org.apache.http.wire - http-outgoing-3 << "[\n]"
11:45:31.893 [Test worker] DEBUG org.apache.http.wire - http-outgoing-3 << "<h1>Pazienti Dimessi</h1>[\n]"
11:45:31.893 [Test worker] DEBUG org.apache.http.wire - http-outgoing-3 << "<table border="1" id="discharged" name="discharged">[\n]"
11:45:31.893 [Test worker] DEBUG org.apache.http.wire - http-outgoing-3 << "    <thead>[\n]"
11:45:31.893 [Test worker] DEBUG org.apache.http.wire - http-outgoing-3 << "    <tr>[\n]"
11:45:31.893 [Test worker] DEBUG org.apache.http.wire - http-outgoing-3 << "        <th>Id</th>[\n]"
11:45:31.893 [Test worker] DEBUG org.apache.http.wire - http-outgoing-3 << "        <th>Nome</th>[\n]"
11:45:31.893 [Test worker] DEBUG org.apache.http.wire - http-outgoing-3 << "        <th>Cognome</th>[\n]"
11:45:31.893 [Test worker] DEBUG org.apache.http.wire - http-outgoing-3 << "        <th>Data Ricovero</th>[\n]"
11:45:31.893 [Test worker] DEBUG org.apache.http.wire - http-outgoing-3 << "        <th>Data Dimissione</th>[\n]"
11:45:31.893 [Test worker] DEBUG org.apache.http.wire - http-outgoing-3 << "        <th>Cartella</th>[\n]"
11:45:31.893 [Test worker] DEBUG org.apache.http.wire - http-outgoing-3 << "        <th>Modifica</th>[\n]"
11:45:31.893 [Test worker] DEBUG org.apache.http.wire - http-outgoing-3 << "        <th>Cancella</th>[\n]"
11:45:31.893 [Test worker] DEBUG org.apache.http.wire - http-outgoing-3 << "        <th>Stampa</th>[\n]"
11:45:31.893 [Test worker] DEBUG org.apache.http.wire - http-outgoing-3 << "    </tr>[\n]"
11:45:31.893 [Test worker] DEBUG org.apache.http.wire - http-outgoing-3 << "    </thead>[\n]"
11:45:31.893 [Test worker] DEBUG org.apache.http.wire - http-outgoing-3 << "    <tbody>[\n]"
11:45:31.893 [Test worker] DEBUG org.apache.http.wire - http-outgoing-3 << "    <tr>[\n]"
11:45:31.893 [Test worker] DEBUG org.apache.http.wire - http-outgoing-3 << "        <td id="idDischarged">1</td>[\n]"
11:45:31.893 [Test worker] DEBUG org.apache.http.wire - http-outgoing-3 << "        <td style="text-align:center;">Michele</td>[\n]"
11:45:31.893 [Test worker] DEBUG org.apache.http.wire - http-outgoing-3 << "        <td id='lastNameDischarged' style="text-align:center;">Bianchi</td>[\n]"
11:45:31.893 [Test worker] DEBUG org.apache.http.wire - http-outgoing-3 << "        <td style="text-align:center;">11/06/1993</td>[\n]"
11:45:31.893 [Test worker] DEBUG org.apache.http.wire - http-outgoing-3 << "        <td style="text-align:center;">21/01/2021</td>[\n]"
11:45:31.893 [Test worker] DEBUG org.apache.http.wire - http-outgoing-3 << "        <td> <a href="cartella?id=1" style="text-align:center;"> Cartella </a></td>[\n]"
11:45:31.893 [Test worker] DEBUG org.apache.http.wire - http-outgoing-3 << "        <td> <a id="modificaDischarged" style="text-align:center; cursor:not-allowed; pointer-events:none; color:grey;"> Modifica </a></td>[\n]"
11:45:31.893 [Test worker] DEBUG org.apache.http.wire - http-outgoing-3 << "        <td> <a id="cancellaDischarged" style="text-align:center; cursor:not-allowed; pointer-events:none; color:grey;"> Cancella </a></td>[\n]"
11:45:31.893 [Test worker] DEBUG org.apache.http.wire - http-outgoing-3 << "        <td><button><a href="print?id=1" style="text-align:center;text-decoration:none;"> Stampa scheda </a></button></td>[\n]"
11:45:31.894 [Test worker] DEBUG org.apache.http.wire - http-outgoing-3 << "    </tr>[\n]"
11:45:31.894 [Test worker] DEBUG org.apache.http.wire - http-outgoing-3 << "    </tbody>[\n]"
11:45:31.894 [Test worker] DEBUG org.apache.http.wire - http-outgoing-3 << "</table>[\n]"
11:45:31.894 [Test worker] DEBUG org.apache.http.wire - http-outgoing-3 << "<br>[\n]"
11:45:31.894 [Test worker] DEBUG org.apache.http.wire - http-outgoing-3 << "<button><a href="input" style="text-decoration:none;">Registra un paziente</a></button>[\n]"
11:45:31.894 [Test worker] DEBUG org.apache.http.wire - http-outgoing-3 << "<br>[\n]"
11:45:31.894 [Test worker] DEBUG org.apache.http.wire - http-outgoing-3 << "<br>[\n]"
11:45:31.894 [Test worker] DEBUG org.apache.http.wire - http-outgoing-3 << "[\n]"
11:45:31.894 [Test worker] DEBUG org.apache.http.wire - http-outgoing-3 << "<form action="search" method="post">[\n]"
11:45:31.894 [Test worker] DEBUG org.apache.http.wire - http-outgoing-3 << "    Cognome Paziente: <input type="text" name="lastName"/>[\n]"
11:45:31.894 [Test worker] DEBUG org.apache.http.wire - http-outgoing-3 << "    <input type="submit" value="Cerca"/>[\n]"
11:45:31.894 [Test worker] DEBUG org.apache.http.wire - http-outgoing-3 << "</form>[\n]"
11:45:31.894 [Test worker] DEBUG org.apache.http.wire - http-outgoing-3 << "</body>[\n]"
11:45:31.894 [Test worker] DEBUG org.apache.http.wire - http-outgoing-3 << "</html>[\r][\n]"
11:45:31.894 [Test worker] DEBUG org.apache.http.headers - http-outgoing-3 << HTTP/1.1 200 
11:45:31.894 [Test worker] DEBUG org.apache.http.headers - http-outgoing-3 << Content-Type: text/html;charset=UTF-8
11:45:31.894 [Test worker] DEBUG org.apache.http.headers - http-outgoing-3 << Content-Language: en-US
11:45:31.894 [Test worker] DEBUG org.apache.http.headers - http-outgoing-3 << Transfer-Encoding: chunked
11:45:31.894 [Test worker] DEBUG org.apache.http.headers - http-outgoing-3 << Date: Thu, 21 Jan 2021 10:45:31 GMT
11:45:31.894 [Test worker] DEBUG org.apache.http.headers - http-outgoing-3 << Keep-Alive: timeout=60
11:45:31.894 [Test worker] DEBUG org.apache.http.headers - http-outgoing-3 << Connection: keep-alive
11:45:31.894 [Test worker] DEBUG org.apache.http.impl.execchain.MainClientExec - Connection can be kept alive for 60000 MILLISECONDS
11:45:31.894 [Test worker] DEBUG org.apache.http.wire - http-outgoing-3 << "0[\r][\n]"
11:45:31.894 [Test worker] DEBUG org.apache.http.wire - http-outgoing-3 << "[\r][\n]"
11:45:31.894 [Test worker] DEBUG org.apache.http.impl.conn.PoolingHttpClientConnectionManager - Connection [id: 3][route: {}->http://127.0.0.1:8080] can be kept alive for 60.0 seconds
11:45:31.894 [Test worker] DEBUG org.apache.http.impl.conn.DefaultManagedHttpClientConnection - http-outgoing-3: set socket timeout to 0
11:45:31.895 [Test worker] DEBUG org.apache.http.impl.conn.PoolingHttpClientConnectionManager - Connection released: [id: 3][route: {}->http://127.0.0.1:8080][total available: 1; route allocated: 1 of 6; total allocated: 1 of 20]
11:45:31.895 [Test worker] DEBUG com.gargoylesoftware.htmlunit.html.DomElement - Firing Event unload (Current Target: HTMLElement for HtmlHtml[<html>]);
11:45:31.895 [Test worker] DEBUG com.gargoylesoftware.htmlunit.WebWindowImpl - setEnclosedPage: HtmlPage(http://127.0.0.1:8080/list)@274145459
11:45:31.895 [Test worker] DEBUG com.gargoylesoftware.htmlunit.WebWindowImpl - destroyChildren
11:45:31.900 [Test worker] DEBUG com.gargoylesoftware.htmlunit.util.EncodingSniffer - Encoding found in HTTP headers: 'UTF-8'.
11:45:31.904 [Test worker] DEBUG net.sourceforge.jwebunit.htmlunit.HtmlUnitTestingEngineImpl - Window "" changed : "MVC Web application" became "MVC Web application
11:45:31.904 [Test worker] DEBUG com.gargoylesoftware.htmlunit.html.DomElement - Firing Event DOMContentLoaded (Current Target: HTMLElement for HtmlHtml[<html>]);
11:45:31.904 [Test worker] DEBUG com.gargoylesoftware.htmlunit.html.DomElement - Firing Event load (Current Target: HTMLElement for HtmlHtml[<html>]);
11:45:31.904 [Test worker] DEBUG com.gargoylesoftware.htmlunit.html.DomElement - Firing Event mousedown (Current Target: HTMLElement for HtmlAnchor[<a href="delete?id=3" id="cancella" style="text-align:center;">]);
11:45:31.904 [Test worker] DEBUG com.gargoylesoftware.htmlunit.html.DomElement - Firing Event focus (Current Target: HTMLElement for HtmlAnchor[<a href="delete?id=3" id="cancella" style="text-align:center;">]);
11:45:31.905 [Test worker] DEBUG com.gargoylesoftware.htmlunit.html.DomElement - Firing Event mouseup (Current Target: HTMLElement for HtmlAnchor[<a href="delete?id=3" id="cancella" style="text-align:center;">]);
11:45:31.905 [Test worker] DEBUG com.gargoylesoftware.htmlunit.html.DomElement - Firing Event click (Current Target: HTMLElement for HtmlAnchor[<a href="delete?id=3" id="cancella" style="text-align:center;">]);
11:45:31.905 [Test worker] DEBUG com.gargoylesoftware.htmlunit.html.HtmlAnchor - do click action in window '', using href 'delete?id=3'
11:45:31.905 [Test worker] DEBUG com.gargoylesoftware.htmlunit.util.EncodingSniffer - Encoding found in HTTP headers: 'UTF-8'.
11:45:31.905 [Test worker] DEBUG com.gargoylesoftware.htmlunit.html.HtmlAnchor - Getting page for http://127.0.0.1:8080/delete?id=3, derived from href 'delete?id=3', using the originating URL http://127.0.0.1:8080/list
11:45:31.905 [Test worker] DEBUG com.gargoylesoftware.htmlunit.html.DomElement - Firing Event beforeunload (Current Target: HTMLElement for HtmlHtml[<html>]);
11:45:31.905 [Test worker] DEBUG com.gargoylesoftware.htmlunit.WebClient - Load response for GET http://127.0.0.1:8080/delete?id=3
11:45:31.906 [Test worker] DEBUG org.apache.http.client.protocol.RequestAddCookies - CookieSpec selected: mine
11:45:31.907 [Test worker] DEBUG org.apache.http.client.protocol.RequestAuthCache - Auth cache not set in the context
11:45:31.907 [Test worker] DEBUG org.apache.http.impl.conn.PoolingHttpClientConnectionManager - Connection request: [route: {}->http://127.0.0.1:8080][total available: 1; route allocated: 1 of 6; total allocated: 1 of 20]
11:45:31.907 [Test worker] DEBUG org.apache.http.impl.conn.PoolingHttpClientConnectionManager - Connection leased: [id: 3][route: {}->http://127.0.0.1:8080][total available: 0; route allocated: 1 of 6; total allocated: 1 of 20]
11:45:31.907 [Test worker] DEBUG org.apache.http.impl.conn.DefaultManagedHttpClientConnection - http-outgoing-3: set socket timeout to 0
11:45:31.907 [Test worker] DEBUG org.apache.http.impl.conn.DefaultManagedHttpClientConnection - http-outgoing-3: set socket timeout to 0
11:45:31.907 [Test worker] DEBUG org.apache.http.impl.execchain.MainClientExec - Executing request GET /delete?id=3 HTTP/1.1
11:45:31.907 [Test worker] DEBUG org.apache.http.impl.execchain.MainClientExec - Target auth state: UNCHALLENGED
11:45:31.907 [Test worker] DEBUG org.apache.http.impl.execchain.MainClientExec - Proxy auth state: UNCHALLENGED
11:45:31.907 [Test worker] DEBUG org.apache.http.headers - http-outgoing-3 >> GET /delete?id=3 HTTP/1.1
11:45:31.907 [Test worker] DEBUG org.apache.http.headers - http-outgoing-3 >> Host: 127.0.0.1:8080
11:45:31.907 [Test worker] DEBUG org.apache.http.headers - http-outgoing-3 >> User-Agent: Mozilla/5.0 (Windows NT 6.1; rv:38.0) Gecko/20100101 Firefox/38.0
11:45:31.907 [Test worker] DEBUG org.apache.http.headers - http-outgoing-3 >> Accept: text/html,application/xhtml+xml,application/xml;q=0.9,*/*;q=0.8
11:45:31.907 [Test worker] DEBUG org.apache.http.headers - http-outgoing-3 >> Accept-Language: en-US
11:45:31.907 [Test worker] DEBUG org.apache.http.headers - http-outgoing-3 >> Accept-Encoding: gzip, deflate
11:45:31.907 [Test worker] DEBUG org.apache.http.headers - http-outgoing-3 >> Referer: http://127.0.0.1:8080/list
11:45:31.907 [Test worker] DEBUG org.apache.http.headers - http-outgoing-3 >> Connection: Keep-Alive
11:45:31.907 [Test worker] DEBUG org.apache.http.wire - http-outgoing-3 >> "GET /delete?id=3 HTTP/1.1[\r][\n]"
11:45:31.907 [Test worker] DEBUG org.apache.http.wire - http-outgoing-3 >> "Host: 127.0.0.1:8080[\r][\n]"
11:45:31.907 [Test worker] DEBUG org.apache.http.wire - http-outgoing-3 >> "User-Agent: Mozilla/5.0 (Windows NT 6.1; rv:38.0) Gecko/20100101 Firefox/38.0[\r][\n]"
11:45:31.907 [Test worker] DEBUG org.apache.http.wire - http-outgoing-3 >> "Accept: text/html,application/xhtml+xml,application/xml;q=0.9,*/*;q=0.8[\r][\n]"
11:45:31.907 [Test worker] DEBUG org.apache.http.wire - http-outgoing-3 >> "Accept-Language: en-US[\r][\n]"
11:45:31.907 [Test worker] DEBUG org.apache.http.wire - http-outgoing-3 >> "Accept-Encoding: gzip, deflate[\r][\n]"
11:45:31.907 [Test worker] DEBUG org.apache.http.wire - http-outgoing-3 >> "Referer: http://127.0.0.1:8080/list[\r][\n]"
11:45:31.907 [Test worker] DEBUG org.apache.http.wire - http-outgoing-3 >> "Connection: Keep-Alive[\r][\n]"
11:45:31.907 [Test worker] DEBUG org.apache.http.wire - http-outgoing-3 >> "[\r][\n]"
11:45:31.913 [Test worker] DEBUG org.apache.http.wire - http-outgoing-3 << "HTTP/1.1 302 [\r][\n]"
11:45:31.913 [Test worker] DEBUG org.apache.http.wire - http-outgoing-3 << "Location: http://127.0.0.1:8080/list[\r][\n]"
11:45:31.913 [Test worker] DEBUG org.apache.http.wire - http-outgoing-3 << "Content-Language: en-US[\r][\n]"
11:45:31.913 [Test worker] DEBUG org.apache.http.wire - http-outgoing-3 << "Content-Length: 0[\r][\n]"
11:45:31.913 [Test worker] DEBUG org.apache.http.wire - http-outgoing-3 << "Date: Thu, 21 Jan 2021 10:45:31 GMT[\r][\n]"
11:45:31.913 [Test worker] DEBUG org.apache.http.wire - http-outgoing-3 << "Keep-Alive: timeout=60[\r][\n]"
11:45:31.913 [Test worker] DEBUG org.apache.http.wire - http-outgoing-3 << "Connection: keep-alive[\r][\n]"
11:45:31.913 [Test worker] DEBUG org.apache.http.wire - http-outgoing-3 << "[\r][\n]"
11:45:31.913 [Test worker] DEBUG org.apache.http.headers - http-outgoing-3 << HTTP/1.1 302 
11:45:31.913 [Test worker] DEBUG org.apache.http.headers - http-outgoing-3 << Location: http://127.0.0.1:8080/list
11:45:31.913 [Test worker] DEBUG org.apache.http.headers - http-outgoing-3 << Content-Language: en-US
11:45:31.913 [Test worker] DEBUG org.apache.http.headers - http-outgoing-3 << Content-Length: 0
11:45:31.913 [Test worker] DEBUG org.apache.http.headers - http-outgoing-3 << Date: Thu, 21 Jan 2021 10:45:31 GMT
11:45:31.913 [Test worker] DEBUG org.apache.http.headers - http-outgoing-3 << Keep-Alive: timeout=60
11:45:31.913 [Test worker] DEBUG org.apache.http.headers - http-outgoing-3 << Connection: keep-alive
11:45:31.913 [Test worker] DEBUG org.apache.http.impl.execchain.MainClientExec - Connection can be kept alive for 60000 MILLISECONDS
11:45:31.913 [Test worker] DEBUG org.apache.http.impl.conn.PoolingHttpClientConnectionManager - Connection [id: 3][route: {}->http://127.0.0.1:8080] can be kept alive for 60.0 seconds
11:45:31.913 [Test worker] DEBUG org.apache.http.impl.conn.DefaultManagedHttpClientConnection - http-outgoing-3: set socket timeout to 0
11:45:31.913 [Test worker] DEBUG org.apache.http.impl.conn.PoolingHttpClientConnectionManager - Connection released: [id: 3][route: {}->http://127.0.0.1:8080][total available: 1; route allocated: 1 of 6; total allocated: 1 of 20]
11:45:31.913 [Test worker] DEBUG com.gargoylesoftware.htmlunit.WebClient - Got a redirect status code [302] new location = [http://127.0.0.1:8080/list]
11:45:31.913 [Test worker] DEBUG com.gargoylesoftware.htmlunit.WebClient - Load response for GET http://127.0.0.1:8080/list
11:45:31.914 [Test worker] DEBUG org.apache.http.client.protocol.RequestAddCookies - CookieSpec selected: mine
11:45:31.915 [Test worker] DEBUG org.apache.http.client.protocol.RequestAuthCache - Auth cache not set in the context
11:45:31.915 [Test worker] DEBUG org.apache.http.impl.conn.PoolingHttpClientConnectionManager - Connection request: [route: {}->http://127.0.0.1:8080][total available: 1; route allocated: 1 of 6; total allocated: 1 of 20]
11:45:31.915 [Test worker] DEBUG org.apache.http.impl.conn.PoolingHttpClientConnectionManager - Connection leased: [id: 3][route: {}->http://127.0.0.1:8080][total available: 0; route allocated: 1 of 6; total allocated: 1 of 20]
11:45:31.915 [Test worker] DEBUG org.apache.http.impl.conn.DefaultManagedHttpClientConnection - http-outgoing-3: set socket timeout to 0
11:45:31.915 [Test worker] DEBUG org.apache.http.impl.conn.DefaultManagedHttpClientConnection - http-outgoing-3: set socket timeout to 0
11:45:31.915 [Test worker] DEBUG org.apache.http.impl.execchain.MainClientExec - Executing request GET /list HTTP/1.1
11:45:31.915 [Test worker] DEBUG org.apache.http.impl.execchain.MainClientExec - Target auth state: UNCHALLENGED
11:45:31.915 [Test worker] DEBUG org.apache.http.impl.execchain.MainClientExec - Proxy auth state: UNCHALLENGED
11:45:31.915 [Test worker] DEBUG org.apache.http.headers - http-outgoing-3 >> GET /list HTTP/1.1
11:45:31.915 [Test worker] DEBUG org.apache.http.headers - http-outgoing-3 >> Host: 127.0.0.1:8080
11:45:31.915 [Test worker] DEBUG org.apache.http.headers - http-outgoing-3 >> User-Agent: Mozilla/5.0 (Windows NT 6.1; rv:38.0) Gecko/20100101 Firefox/38.0
11:45:31.915 [Test worker] DEBUG org.apache.http.headers - http-outgoing-3 >> Accept: text/html,application/xhtml+xml,application/xml;q=0.9,*/*;q=0.8
11:45:31.915 [Test worker] DEBUG org.apache.http.headers - http-outgoing-3 >> Accept-Language: en-US
11:45:31.915 [Test worker] DEBUG org.apache.http.headers - http-outgoing-3 >> Accept-Encoding: gzip, deflate
11:45:31.915 [Test worker] DEBUG org.apache.http.headers - http-outgoing-3 >> Referer: http://127.0.0.1:8080/list
11:45:31.915 [Test worker] DEBUG org.apache.http.headers - http-outgoing-3 >> Connection: Keep-Alive
11:45:31.915 [Test worker] DEBUG org.apache.http.wire - http-outgoing-3 >> "GET /list HTTP/1.1[\r][\n]"
11:45:31.915 [Test worker] DEBUG org.apache.http.wire - http-outgoing-3 >> "Host: 127.0.0.1:8080[\r][\n]"
11:45:31.915 [Test worker] DEBUG org.apache.http.wire - http-outgoing-3 >> "User-Agent: Mozilla/5.0 (Windows NT 6.1; rv:38.0) Gecko/20100101 Firefox/38.0[\r][\n]"
11:45:31.915 [Test worker] DEBUG org.apache.http.wire - http-outgoing-3 >> "Accept: text/html,application/xhtml+xml,application/xml;q=0.9,*/*;q=0.8[\r][\n]"
11:45:31.915 [Test worker] DEBUG org.apache.http.wire - http-outgoing-3 >> "Accept-Language: en-US[\r][\n]"
11:45:31.915 [Test worker] DEBUG org.apache.http.wire - http-outgoing-3 >> "Accept-Encoding: gzip, deflate[\r][\n]"
11:45:31.915 [Test worker] DEBUG org.apache.http.wire - http-outgoing-3 >> "Referer: http://127.0.0.1:8080/list[\r][\n]"
11:45:31.915 [Test worker] DEBUG org.apache.http.wire - http-outgoing-3 >> "Connection: Keep-Alive[\r][\n]"
11:45:31.915 [Test worker] DEBUG org.apache.http.wire - http-outgoing-3 >> "[\r][\n]"
11:45:31.921 [Test worker] DEBUG org.apache.http.wire - http-outgoing-3 << "HTTP/1.1 200 [\r][\n]"
11:45:31.921 [Test worker] DEBUG org.apache.http.wire - http-outgoing-3 << "Content-Type: text/html;charset=UTF-8[\r][\n]"
11:45:31.921 [Test worker] DEBUG org.apache.http.wire - http-outgoing-3 << "Content-Language: en-US[\r][\n]"
11:45:31.922 [Test worker] DEBUG org.apache.http.wire - http-outgoing-3 << "Transfer-Encoding: chunked[\r][\n]"
11:45:31.922 [Test worker] DEBUG org.apache.http.wire - http-outgoing-3 << "Date: Thu, 21 Jan 2021 10:45:31 GMT[\r][\n]"
11:45:31.922 [Test worker] DEBUG org.apache.http.wire - http-outgoing-3 << "Keep-Alive: timeout=60[\r][\n]"
11:45:31.922 [Test worker] DEBUG org.apache.http.wire - http-outgoing-3 << "Connection: keep-alive[\r][\n]"
11:45:31.922 [Test worker] DEBUG org.apache.http.wire - http-outgoing-3 << "[\r][\n]"
11:45:31.922 [Test worker] DEBUG org.apache.http.wire - http-outgoing-3 << "aee[\r][\n]"
11:45:31.922 [Test worker] DEBUG org.apache.http.wire - http-outgoing-3 << "<!DOCTYPE HTML>[\n]"
11:45:31.922 [Test worker] DEBUG org.apache.http.wire - http-outgoing-3 << "<html>[\n]"
11:45:31.922 [Test worker] DEBUG org.apache.http.wire - http-outgoing-3 << "<head>[\n]"
11:45:31.922 [Test worker] DEBUG org.apache.http.wire - http-outgoing-3 << "    <title>MVC Web application</title>[\n]"
11:45:31.922 [Test worker] DEBUG org.apache.http.wire - http-outgoing-3 << "    <meta http-equiv="Content-Type" content="text/html; charset=UTF-8" />[\n]"
11:45:31.922 [Test worker] DEBUG org.apache.http.wire - http-outgoing-3 << "</head>[\n]"
11:45:31.922 [Test worker] DEBUG org.apache.http.wire - http-outgoing-3 << "[\n]"
11:45:31.922 [Test worker] DEBUG org.apache.http.wire - http-outgoing-3 << "<body>[\n]"
11:45:31.922 [Test worker] DEBUG org.apache.http.wire - http-outgoing-3 << "<h1>Pazienti Ricoverati</h1>[\n]"
11:45:31.922 [Test worker] DEBUG org.apache.http.wire - http-outgoing-3 << "[\n]"
11:45:31.922 [Test worker] DEBUG org.apache.http.wire - http-outgoing-3 << "<table border="1" id="present" name="present">[\n]"
11:45:31.922 [Test worker] DEBUG org.apache.http.wire - http-outgoing-3 << "    <thead>[\n]"
11:45:31.922 [Test worker] DEBUG org.apache.http.wire - http-outgoing-3 << "    <tr>[\n]"
11:45:31.922 [Test worker] DEBUG org.apache.http.wire - http-outgoing-3 << "        <th>Id</th>[\n]"
11:45:31.922 [Test worker] DEBUG org.apache.http.wire - http-outgoing-3 << "        <th>Nome</th>[\n]"
11:45:31.922 [Test worker] DEBUG org.apache.http.wire - http-outgoing-3 << "        <th>Cognome</th>[\n]"
11:45:31.922 [Test worker] DEBUG org.apache.http.wire - http-outgoing-3 << "        <th>Data ricovero</th>[\n]"
11:45:31.922 [Test worker] DEBUG org.apache.http.wire - http-outgoing-3 << "        <th>Data dimissione</th>[\n]"
11:45:31.922 [Test worker] DEBUG org.apache.http.wire - http-outgoing-3 << "        <th>Mostra</th>[\n]"
11:45:31.922 [Test worker] DEBUG org.apache.http.wire - http-outgoing-3 << "        <th>Modifica</th>[\n]"
11:45:31.922 [Test worker] DEBUG org.apache.http.wire - http-outgoing-3 << "        <th>Dimetti</th>[\n]"
11:45:31.922 [Test worker] DEBUG org.apache.http.wire - http-outgoing-3 << "        <th>Cancella</th>[\n]"
11:45:31.922 [Test worker] DEBUG org.apache.http.wire - http-outgoing-3 << "        <th>Stampa</th>[\n]"
11:45:31.922 [Test worker] DEBUG org.apache.http.wire - http-outgoing-3 << "    </tr>[\n]"
11:45:31.922 [Test worker] DEBUG org.apache.http.wire - http-outgoing-3 << "    </thead>[\n]"
11:45:31.922 [Test worker] DEBUG org.apache.http.wire - http-outgoing-3 << "    <tbody>[\n]"
11:45:31.922 [Test worker] DEBUG org.apache.http.wire - http-outgoing-3 << "        <tr>[\n]"
11:45:31.922 [Test worker] DEBUG org.apache.http.wire - http-outgoing-3 << "            <td id="id">4</td>[\n]"
11:45:31.922 [Test worker] DEBUG org.apache.http.wire - http-outgoing-3 << "            <td style="text-align:center;">Andrea</td>[\n]"
11:45:31.922 [Test worker] DEBUG org.apache.http.wire - http-outgoing-3 << "            <td id='lastName' style="text-align:center;">Rossi</td>[\n]"
11:45:31.922 [Test worker] DEBUG org.apache.http.wire - http-outgoing-3 << "            <td style="text-align:center;">11/06/1993</td>[\n]"
11:45:31.922 [Test worker] DEBUG org.apache.http.wire - http-outgoing-3 << "            <td style="text-align:center;"></td>[\n]"
11:45:31.922 [Test worker] DEBUG org.apache.http.wire - http-outgoing-3 << "            <td> <a href="cartella?id=4" style="text-align:center;"> Cartella </a></td>[\n]"
11:45:31.922 [Test worker] DEBUG org.apache.http.wire - http-outgoing-3 << "            <td> <a href="edit?id=4" id="modifica" style="text-align:center;"> Modifica </a></td>[\n]"
11:45:31.922 [Test worker] DEBUG org.apache.http.wire - http-outgoing-3 << "            <td> <a href="dimetti?id=4" style="text-align:center;"> Dimetti </a></td>[\n]"
11:45:31.922 [Test worker] DEBUG org.apache.http.wire - http-outgoing-3 << "            <td> <a href="delete?id=4" id="cancella" style="text-align:center;"> Cancella </a></td>[\n]"
11:45:31.922 [Test worker] DEBUG org.apache.http.wire - http-outgoing-3 << "            <td><button><a href="print?id=4" style="text-align:center;text-decoration:none;"> Stampa scheda </a></button></td>[\n]"
11:45:31.922 [Test worker] DEBUG org.apache.http.wire - http-outgoing-3 << "        </tr>[\n]"
11:45:31.922 [Test worker] DEBUG org.apache.http.wire - http-outgoing-3 << "        </tbody>[\n]"
11:45:31.922 [Test worker] DEBUG org.apache.http.wire - http-outgoing-3 << "</table>[\n]"
11:45:31.922 [Test worker] DEBUG org.apache.http.wire - http-outgoing-3 << "[\n]"
11:45:31.922 [Test worker] DEBUG org.apache.http.wire - http-outgoing-3 << "<h1>Pazienti Dimessi</h1>[\n]"
11:45:31.922 [Test worker] DEBUG org.apache.http.wire - http-outgoing-3 << "<table border="1" id="discharged" name="discharged">[\n]"
11:45:31.922 [Test worker] DEBUG org.apache.http.wire - http-outgoing-3 << "    <thead>[\n]"
11:45:31.922 [Test worker] DEBUG org.apache.http.wire - http-outgoing-3 << "    <tr>[\n]"
11:45:31.922 [Test worker] DEBUG org.apache.http.wire - http-outgoing-3 << "        <th>Id</th>[\n]"
11:45:31.922 [Test worker] DEBUG org.apache.http.wire - http-outgoing-3 << "        <th>Nome</th>[\n]"
11:45:31.922 [Test worker] DEBUG org.apache.http.wire - http-outgoing-3 << "        <th>Cognome</th>[\n]"
11:45:31.922 [Test worker] DEBUG org.apache.http.wire - http-outgoing-3 << "        <th>Data Ricovero</th>[\n]"
11:45:31.922 [Test worker] DEBUG org.apache.http.wire - http-outgoing-3 << "        <th>Data Dimissione</th>[\n]"
11:45:31.922 [Test worker] DEBUG org.apache.http.wire - http-outgoing-3 << "        <th>Cartella</th>[\n]"
11:45:31.922 [Test worker] DEBUG org.apache.http.wire - http-outgoing-3 << "        <th>Modifica</th>[\n]"
11:45:31.922 [Test worker] DEBUG org.apache.http.wire - http-outgoing-3 << "        <th>Cancella</th>[\n]"
11:45:31.922 [Test worker] DEBUG org.apache.http.wire - http-outgoing-3 << "        <th>Stampa</th>[\n]"
11:45:31.922 [Test worker] DEBUG org.apache.http.wire - http-outgoing-3 << "    </tr>[\n]"
11:45:31.922 [Test worker] DEBUG org.apache.http.wire - http-outgoing-3 << "    </thead>[\n]"
11:45:31.923 [Test worker] DEBUG org.apache.http.wire - http-outgoing-3 << "    <tbody>[\n]"
11:45:31.923 [Test worker] DEBUG org.apache.http.wire - http-outgoing-3 << "    <tr>[\n]"
11:45:31.923 [Test worker] DEBUG org.apache.http.wire - http-outgoing-3 << "        <td id="idDischarged">1</td>[\n]"
11:45:31.923 [Test worker] DEBUG org.apache.http.wire - http-outgoing-3 << "        <td style="text-align:center;">Michele</td>[\n]"
11:45:31.923 [Test worker] DEBUG org.apache.http.wire - http-outgoing-3 << "        <td id='lastNameDischarged' style="text-align:center;">Bianchi</td>[\n]"
11:45:31.923 [Test worker] DEBUG org.apache.http.wire - http-outgoing-3 << "        <td style="text-align:center;">11/06/1993</td>[\n]"
11:45:31.923 [Test worker] DEBUG org.apache.http.wire - http-outgoing-3 << "        <td style="text-align:center;">21/01/2021</td>[\n]"
11:45:31.923 [Test worker] DEBUG org.apache.http.wire - http-outgoing-3 << "        <td> <a href="cartella?id=1" style="text-align:center;"> Cartella </a></td>[\n]"
11:45:31.923 [Test worker] DEBUG org.apache.http.wire - http-outgoing-3 << "        <td> <a id="modificaDischarged" style="text-align:center; cursor:not-allowed; pointer-events:none; color:grey;"> Modifica </a></td>[\n]"
11:45:31.923 [Test worker] DEBUG org.apache.http.wire - http-outgoing-3 << "        <td> <a id="cancellaDischarged" style="text-align:center; cursor:not-allowed; pointer-events:none; color:grey;"> Cancella </a></td>[\n]"
11:45:31.923 [Test worker] DEBUG org.apache.http.wire - http-outgoing-3 << "        <td><button><a href="print?id=1" style="text-align:center;text-decoration:none;"> Stampa scheda </a></button></td>[\n]"
11:45:31.923 [Test worker] DEBUG org.apache.http.wire - http-outgoing-3 << "    </tr>[\n]"
11:45:31.923 [Test worker] DEBUG org.apache.http.wire - http-outgoing-3 << "    </tbody>[\n]"
11:45:31.923 [Test worker] DEBUG org.apache.http.wire - http-outgoing-3 << "</table>[\n]"
11:45:31.923 [Test worker] DEBUG org.apache.http.wire - http-outgoing-3 << "<br>[\n]"
11:45:31.923 [Test worker] DEBUG org.apache.http.wire - http-outgoing-3 << "<button><a href="input" style="text-decoration:none;">Registra un paziente</a></button>[\n]"
11:45:31.923 [Test worker] DEBUG org.apache.http.wire - http-outgoing-3 << "<br>[\n]"
11:45:31.923 [Test worker] DEBUG org.apache.http.wire - http-outgoing-3 << "<br>[\n]"
11:45:31.923 [Test worker] DEBUG org.apache.http.wire - http-outgoing-3 << "[\n]"
11:45:31.923 [Test worker] DEBUG org.apache.http.wire - http-outgoing-3 << "<form action="search" method="post">[\n]"
11:45:31.923 [Test worker] DEBUG org.apache.http.wire - http-outgoing-3 << "    Cognome Paziente: <input type="text" name="lastName"/>[\n]"
11:45:31.923 [Test worker] DEBUG org.apache.http.wire - http-outgoing-3 << "    <input type="submit" value="Cerca"/>[\n]"
11:45:31.923 [Test worker] DEBUG org.apache.http.wire - http-outgoing-3 << "</form>[\n]"
11:45:31.923 [Test worker] DEBUG org.apache.http.wire - http-outgoing-3 << "</body>[\n]"
11:45:31.923 [Test worker] DEBUG org.apache.http.wire - http-outgoing-3 << "</html>[\r][\n]"
11:45:31.923 [Test worker] DEBUG org.apache.http.headers - http-outgoing-3 << HTTP/1.1 200 
11:45:31.923 [Test worker] DEBUG org.apache.http.headers - http-outgoing-3 << Content-Type: text/html;charset=UTF-8
11:45:31.923 [Test worker] DEBUG org.apache.http.headers - http-outgoing-3 << Content-Language: en-US
11:45:31.923 [Test worker] DEBUG org.apache.http.headers - http-outgoing-3 << Transfer-Encoding: chunked
11:45:31.923 [Test worker] DEBUG org.apache.http.headers - http-outgoing-3 << Date: Thu, 21 Jan 2021 10:45:31 GMT
11:45:31.923 [Test worker] DEBUG org.apache.http.headers - http-outgoing-3 << Keep-Alive: timeout=60
11:45:31.923 [Test worker] DEBUG org.apache.http.headers - http-outgoing-3 << Connection: keep-alive
11:45:31.923 [Test worker] DEBUG org.apache.http.impl.execchain.MainClientExec - Connection can be kept alive for 60000 MILLISECONDS
11:45:31.924 [Test worker] DEBUG org.apache.http.wire - http-outgoing-3 << "0[\r][\n]"
11:45:31.924 [Test worker] DEBUG org.apache.http.wire - http-outgoing-3 << "[\r][\n]"
11:45:31.924 [Test worker] DEBUG org.apache.http.impl.conn.PoolingHttpClientConnectionManager - Connection [id: 3][route: {}->http://127.0.0.1:8080] can be kept alive for 60.0 seconds
11:45:31.924 [Test worker] DEBUG org.apache.http.impl.conn.DefaultManagedHttpClientConnection - http-outgoing-3: set socket timeout to 0
11:45:31.924 [Test worker] DEBUG org.apache.http.impl.conn.PoolingHttpClientConnectionManager - Connection released: [id: 3][route: {}->http://127.0.0.1:8080][total available: 1; route allocated: 1 of 6; total allocated: 1 of 20]
11:45:31.924 [Test worker] DEBUG com.gargoylesoftware.htmlunit.html.DomElement - Firing Event unload (Current Target: HTMLElement for HtmlHtml[<html>]);
11:45:31.924 [Test worker] DEBUG com.gargoylesoftware.htmlunit.WebWindowImpl - setEnclosedPage: HtmlPage(http://127.0.0.1:8080/list)@1987824138
11:45:31.924 [Test worker] DEBUG com.gargoylesoftware.htmlunit.WebWindowImpl - destroyChildren
11:45:31.928 [Test worker] DEBUG com.gargoylesoftware.htmlunit.util.EncodingSniffer - Encoding found in HTTP headers: 'UTF-8'.
11:45:31.931 [Test worker] DEBUG net.sourceforge.jwebunit.htmlunit.HtmlUnitTestingEngineImpl - Window "" changed : "MVC Web application" became "MVC Web application
11:45:31.931 [Test worker] DEBUG com.gargoylesoftware.htmlunit.html.DomElement - Firing Event DOMContentLoaded (Current Target: HTMLElement for HtmlHtml[<html>]);
11:45:31.931 [Test worker] DEBUG com.gargoylesoftware.htmlunit.html.DomElement - Firing Event load (Current Target: HTMLElement for HtmlHtml[<html>]);
11:45:31.932 [Test worker] DEBUG com.gargoylesoftware.htmlunit.WebClient - Get page for window named '', using WebRequest[<url="http://127.0.0.1:8080/input", GET, EncodingType[name=application/x-www-form-urlencoded], [], {Accept=text/html,application/xhtml+xml,application/xml;q=0.9,*/*;q=0.8, Accept-Encoding=gzip, deflate}, null>]
11:45:31.932 [Test worker] DEBUG com.gargoylesoftware.htmlunit.WebClient - Load response for GET http://127.0.0.1:8080/input
11:45:31.933 [Test worker] DEBUG org.apache.http.client.protocol.RequestAddCookies - CookieSpec selected: mine
11:45:31.934 [Test worker] DEBUG org.apache.http.client.protocol.RequestAuthCache - Auth cache not set in the context
11:45:31.934 [Test worker] DEBUG org.apache.http.impl.conn.PoolingHttpClientConnectionManager - Connection request: [route: {}->http://127.0.0.1:8080][total available: 0; route allocated: 0 of 6; total allocated: 0 of 20]
11:45:31.934 [Test worker] DEBUG org.apache.http.impl.conn.PoolingHttpClientConnectionManager - Connection leased: [id: 4][route: {}->http://127.0.0.1:8080][total available: 0; route allocated: 1 of 6; total allocated: 1 of 20]
11:45:31.934 [Test worker] DEBUG org.apache.http.impl.execchain.MainClientExec - Opening connection {}->http://127.0.0.1:8080
11:45:31.934 [Test worker] DEBUG org.apache.http.impl.conn.DefaultHttpClientConnectionOperator - Connecting to /127.0.0.1:8080
11:45:31.934 [Test worker] DEBUG org.apache.http.impl.conn.DefaultHttpClientConnectionOperator - Connection established 127.0.0.1:53832<->127.0.0.1:8080
11:45:31.934 [Test worker] DEBUG org.apache.http.impl.conn.DefaultManagedHttpClientConnection - http-outgoing-4: set socket timeout to 0
11:45:31.934 [Test worker] DEBUG org.apache.http.impl.execchain.MainClientExec - Executing request GET /input HTTP/1.1
11:45:31.934 [Test worker] DEBUG org.apache.http.impl.execchain.MainClientExec - Target auth state: UNCHALLENGED
11:45:31.934 [Test worker] DEBUG org.apache.http.impl.execchain.MainClientExec - Proxy auth state: UNCHALLENGED
11:45:31.935 [Test worker] DEBUG org.apache.http.headers - http-outgoing-4 >> GET /input HTTP/1.1
11:45:31.935 [Test worker] DEBUG org.apache.http.headers - http-outgoing-4 >> Host: 127.0.0.1:8080
11:45:31.935 [Test worker] DEBUG org.apache.http.headers - http-outgoing-4 >> User-Agent: Mozilla/5.0 (Windows NT 6.1; rv:38.0) Gecko/20100101 Firefox/38.0
11:45:31.935 [Test worker] DEBUG org.apache.http.headers - http-outgoing-4 >> Accept: text/html,application/xhtml+xml,application/xml;q=0.9,*/*;q=0.8
11:45:31.935 [Test worker] DEBUG org.apache.http.headers - http-outgoing-4 >> Accept-Language: en-US
11:45:31.935 [Test worker] DEBUG org.apache.http.headers - http-outgoing-4 >> Accept-Encoding: gzip, deflate
11:45:31.935 [Test worker] DEBUG org.apache.http.headers - http-outgoing-4 >> Connection: Keep-Alive
11:45:31.935 [Test worker] DEBUG org.apache.http.wire - http-outgoing-4 >> "GET /input HTTP/1.1[\r][\n]"
11:45:31.935 [Test worker] DEBUG org.apache.http.wire - http-outgoing-4 >> "Host: 127.0.0.1:8080[\r][\n]"
11:45:31.935 [Test worker] DEBUG org.apache.http.wire - http-outgoing-4 >> "User-Agent: Mozilla/5.0 (Windows NT 6.1; rv:38.0) Gecko/20100101 Firefox/38.0[\r][\n]"
11:45:31.935 [Test worker] DEBUG org.apache.http.wire - http-outgoing-4 >> "Accept: text/html,application/xhtml+xml,application/xml;q=0.9,*/*;q=0.8[\r][\n]"
11:45:31.935 [Test worker] DEBUG org.apache.http.wire - http-outgoing-4 >> "Accept-Language: en-US[\r][\n]"
11:45:31.935 [Test worker] DEBUG org.apache.http.wire - http-outgoing-4 >> "Accept-Encoding: gzip, deflate[\r][\n]"
11:45:31.935 [Test worker] DEBUG org.apache.http.wire - http-outgoing-4 >> "Connection: Keep-Alive[\r][\n]"
11:45:31.935 [Test worker] DEBUG org.apache.http.wire - http-outgoing-4 >> "[\r][\n]"
11:45:31.938 [Test worker] DEBUG org.apache.http.wire - http-outgoing-4 << "HTTP/1.1 200 [\r][\n]"
11:45:31.938 [Test worker] DEBUG org.apache.http.wire - http-outgoing-4 << "Content-Type: text/html;charset=UTF-8[\r][\n]"
11:45:31.938 [Test worker] DEBUG org.apache.http.wire - http-outgoing-4 << "Content-Language: en-US[\r][\n]"
11:45:31.938 [Test worker] DEBUG org.apache.http.wire - http-outgoing-4 << "Transfer-Encoding: chunked[\r][\n]"
11:45:31.938 [Test worker] DEBUG org.apache.http.wire - http-outgoing-4 << "Date: Thu, 21 Jan 2021 10:45:31 GMT[\r][\n]"
11:45:31.938 [Test worker] DEBUG org.apache.http.wire - http-outgoing-4 << "Keep-Alive: timeout=60[\r][\n]"
11:45:31.939 [Test worker] DEBUG org.apache.http.wire - http-outgoing-4 << "Connection: keep-alive[\r][\n]"
11:45:31.939 [Test worker] DEBUG org.apache.http.wire - http-outgoing-4 << "[\r][\n]"
11:45:31.939 [Test worker] DEBUG org.apache.http.wire - http-outgoing-4 << "2f0[\r][\n]"
11:45:31.939 [Test worker] DEBUG org.apache.http.wire - http-outgoing-4 << "<!DOCTYPE HTML>[\n]"
11:45:31.939 [Test worker] DEBUG org.apache.http.wire - http-outgoing-4 << "<html>[\n]"
11:45:31.939 [Test worker] DEBUG org.apache.http.wire - http-outgoing-4 << "<head>[\n]"
11:45:31.939 [Test worker] DEBUG org.apache.http.wire - http-outgoing-4 << "    <title>MVC Web application</title>[\n]"
11:45:31.939 [Test worker] DEBUG org.apache.http.wire - http-outgoing-4 << "    <meta http-equiv="Content-Type" content="text/html; charset=UTF-8" />[\n]"
11:45:31.939 [Test worker] DEBUG org.apache.http.wire - http-outgoing-4 << "</head>[\n]"
11:45:31.939 [Test worker] DEBUG org.apache.http.wire - http-outgoing-4 << "[\n]"
11:45:31.939 [Test worker] DEBUG org.apache.http.wire - http-outgoing-4 << "<body>[\n]"
11:45:31.939 [Test worker] DEBUG org.apache.http.wire - http-outgoing-4 << "<h1>Inserisci un nuovo paziente</h1>[\n]"
11:45:31.939 [Test worker] DEBUG org.apache.http.wire - http-outgoing-4 << "[\n]"
11:45:31.939 [Test worker] DEBUG org.apache.http.wire - http-outgoing-4 << "<form action="create" method="post">[\n]"
11:45:31.939 [Test worker] DEBUG org.apache.http.wire - http-outgoing-4 << "    <table border="1">[\n]"
11:45:31.939 [Test worker] DEBUG org.apache.http.wire - http-outgoing-4 << "        <tr>[\n]"
11:45:31.939 [Test worker] DEBUG org.apache.http.wire - http-outgoing-4 << "            <td>Nome</td>[\n]"
11:45:31.939 [Test worker] DEBUG org.apache.http.wire - http-outgoing-4 << "            <td><input type="text" name="firstName" required></td>[\n]"
11:45:31.939 [Test worker] DEBUG org.apache.http.wire - http-outgoing-4 << "        </tr>[\n]"
11:45:31.939 [Test worker] DEBUG org.apache.http.wire - http-outgoing-4 << "        <tr>[\n]"
11:45:31.939 [Test worker] DEBUG org.apache.http.wire - http-outgoing-4 << "            <td>Cognome</td>[\n]"
11:45:31.939 [Test worker] DEBUG org.apache.http.wire - http-outgoing-4 << "            <td><input type="text" name="lastName" required><br></td>[\n]"
11:45:31.939 [Test worker] DEBUG org.apache.http.wire - http-outgoing-4 << "        </tr>[\n]"
11:45:31.939 [Test worker] DEBUG org.apache.http.wire - http-outgoing-4 << "        <tr>[\n]"
11:45:31.939 [Test worker] DEBUG org.apache.http.wire - http-outgoing-4 << "            <td>Data ricovero</td>[\n]"
11:45:31.939 [Test worker] DEBUG org.apache.http.wire - http-outgoing-4 << "            <td><input type="date" name="admissionDate" required><br></td>[\n]"
11:45:31.939 [Test worker] DEBUG org.apache.http.wire - http-outgoing-4 << "        </tr>[\n]"
11:45:31.939 [Test worker] DEBUG org.apache.http.wire - http-outgoing-4 << "    </table>[\n]"
11:45:31.939 [Test worker] DEBUG org.apache.http.wire - http-outgoing-4 << "[\n]"
11:45:31.939 [Test worker] DEBUG org.apache.http.wire - http-outgoing-4 << "    <input type="submit" />[\n]"
11:45:31.939 [Test worker] DEBUG org.apache.http.wire - http-outgoing-4 << "</form>[\n]"
11:45:31.939 [Test worker] DEBUG org.apache.http.wire - http-outgoing-4 << "[\n]"
11:45:31.939 [Test worker] DEBUG org.apache.http.wire - http-outgoing-4 << "<br>[\n]"
11:45:31.939 [Test worker] DEBUG org.apache.http.wire - http-outgoing-4 << "<a href="list"> Torna alla lista </a>[\n]"
11:45:31.939 [Test worker] DEBUG org.apache.http.wire - http-outgoing-4 << "[\n]"
11:45:31.939 [Test worker] DEBUG org.apache.http.wire - http-outgoing-4 << "</body>[\n]"
11:45:31.939 [Test worker] DEBUG org.apache.http.wire - http-outgoing-4 << "</html>[\n]"
11:45:31.939 [Test worker] DEBUG org.apache.http.wire - http-outgoing-4 << "[\n]"
11:45:31.939 [Test worker] DEBUG org.apache.http.wire - http-outgoing-4 << "[\r][\n]"
11:45:31.939 [Test worker] DEBUG org.apache.http.headers - http-outgoing-4 << HTTP/1.1 200 
11:45:31.939 [Test worker] DEBUG org.apache.http.headers - http-outgoing-4 << Content-Type: text/html;charset=UTF-8
11:45:31.939 [Test worker] DEBUG org.apache.http.headers - http-outgoing-4 << Content-Language: en-US
11:45:31.939 [Test worker] DEBUG org.apache.http.headers - http-outgoing-4 << Transfer-Encoding: chunked
11:45:31.939 [Test worker] DEBUG org.apache.http.headers - http-outgoing-4 << Date: Thu, 21 Jan 2021 10:45:31 GMT
11:45:31.939 [Test worker] DEBUG org.apache.http.headers - http-outgoing-4 << Keep-Alive: timeout=60
11:45:31.939 [Test worker] DEBUG org.apache.http.headers - http-outgoing-4 << Connection: keep-alive
11:45:31.939 [Test worker] DEBUG org.apache.http.impl.execchain.MainClientExec - Connection can be kept alive for 60000 MILLISECONDS
11:45:31.939 [Test worker] DEBUG org.apache.http.wire - http-outgoing-4 << "0[\r][\n]"
11:45:31.939 [Test worker] DEBUG org.apache.http.wire - http-outgoing-4 << "[\r][\n]"
11:45:31.940 [Test worker] DEBUG org.apache.http.impl.conn.PoolingHttpClientConnectionManager - Connection [id: 4][route: {}->http://127.0.0.1:8080] can be kept alive for 60.0 seconds
11:45:31.940 [Test worker] DEBUG org.apache.http.impl.conn.DefaultManagedHttpClientConnection - http-outgoing-4: set socket timeout to 0
11:45:31.940 [Test worker] DEBUG org.apache.http.impl.conn.PoolingHttpClientConnectionManager - Connection released: [id: 4][route: {}->http://127.0.0.1:8080][total available: 1; route allocated: 1 of 6; total allocated: 1 of 20]
11:45:31.940 [Test worker] DEBUG com.gargoylesoftware.htmlunit.WebWindowImpl - setEnclosedPage: HtmlPage(http://127.0.0.1:8080/input)@2114378679
11:45:31.940 [Test worker] DEBUG com.gargoylesoftware.htmlunit.WebWindowImpl - destroyChildren
11:45:31.944 [Test worker] DEBUG com.gargoylesoftware.htmlunit.util.EncodingSniffer - Encoding found in HTTP headers: 'UTF-8'.
11:45:31.945 [Test worker] DEBUG net.sourceforge.jwebunit.htmlunit.HtmlUnitTestingEngineImpl - Window "" changed : "no_html" became "MVC Web application
11:45:31.945 [Test worker] DEBUG com.gargoylesoftware.htmlunit.html.DomElement - Firing Event DOMContentLoaded (Current Target: HTMLElement for HtmlHtml[<html>]);
11:45:31.945 [Test worker] DEBUG com.gargoylesoftware.htmlunit.html.DomElement - Firing Event load (Current Target: HTMLElement for HtmlHtml[<html>]);
11:45:31.945 [Test worker] DEBUG com.gargoylesoftware.htmlunit.html.DomElement - Firing Event change (Current Target: HTMLElement for HtmlTextInput[<input type="text" name="firstName" required="" value="Michele">]);
11:45:31.946 [Test worker] DEBUG com.gargoylesoftware.htmlunit.html.DomElement - Firing Event change (Current Target: HTMLElement for HtmlTextInput[<input type="text" name="lastName" required="" value="Bianchi">]);
11:45:31.946 [Test worker] DEBUG com.gargoylesoftware.htmlunit.html.DomElement - Firing Event change (Current Target: HTMLElement for HtmlDateInput[<input type="date" name="admissionDate" required="" value="1993-06-11">]);
11:45:31.946 [Test worker] DEBUG com.gargoylesoftware.htmlunit.html.DomElement - Firing Event mousedown (Current Target: HTMLElement for HtmlSubmitInput[<input type="submit">]);
11:45:31.946 [Test worker] DEBUG com.gargoylesoftware.htmlunit.html.DomElement - Firing Event focus (Current Target: HTMLElement for HtmlSubmitInput[<input type="submit">]);
11:45:31.946 [Test worker] DEBUG com.gargoylesoftware.htmlunit.html.DomElement - Firing Event mouseup (Current Target: HTMLElement for HtmlSubmitInput[<input type="submit">]);
11:45:31.946 [Test worker] DEBUG com.gargoylesoftware.htmlunit.html.DomElement - Firing Event click (Current Target: HTMLElement for HtmlSubmitInput[<input type="submit">]);
11:45:31.946 [Test worker] DEBUG com.gargoylesoftware.htmlunit.html.DomElement - Firing Event submit (Current Target: HTMLElement for HtmlForm[<form action="create" method="post">]);
11:45:31.947 [Test worker] DEBUG com.gargoylesoftware.htmlunit.util.EncodingSniffer - Encoding found in HTTP headers: 'UTF-8'.
11:45:31.947 [Test worker] DEBUG com.gargoylesoftware.htmlunit.WebClient - Load response for POST http://127.0.0.1:8080/create
11:45:31.948 [Test worker] DEBUG org.apache.http.client.protocol.RequestAddCookies - CookieSpec selected: mine
11:45:31.948 [Test worker] DEBUG org.apache.http.client.protocol.RequestAuthCache - Auth cache not set in the context
11:45:31.948 [Test worker] DEBUG org.apache.http.impl.conn.PoolingHttpClientConnectionManager - Connection request: [route: {}->http://127.0.0.1:8080][total available: 1; route allocated: 1 of 6; total allocated: 1 of 20]
11:45:31.948 [Test worker] DEBUG org.apache.http.impl.conn.PoolingHttpClientConnectionManager - Connection leased: [id: 4][route: {}->http://127.0.0.1:8080][total available: 0; route allocated: 1 of 6; total allocated: 1 of 20]
11:45:31.948 [Test worker] DEBUG org.apache.http.impl.conn.DefaultManagedHttpClientConnection - http-outgoing-4: set socket timeout to 0
11:45:31.948 [Test worker] DEBUG org.apache.http.impl.conn.DefaultManagedHttpClientConnection - http-outgoing-4: set socket timeout to 0
11:45:31.948 [Test worker] DEBUG org.apache.http.impl.execchain.MainClientExec - Executing request POST /create HTTP/1.1
11:45:31.948 [Test worker] DEBUG org.apache.http.impl.execchain.MainClientExec - Target auth state: UNCHALLENGED
11:45:31.948 [Test worker] DEBUG org.apache.http.impl.execchain.MainClientExec - Proxy auth state: UNCHALLENGED
11:45:31.948 [Test worker] DEBUG org.apache.http.headers - http-outgoing-4 >> POST /create HTTP/1.1
11:45:31.948 [Test worker] DEBUG org.apache.http.headers - http-outgoing-4 >> Host: 127.0.0.1:8080
11:45:31.948 [Test worker] DEBUG org.apache.http.headers - http-outgoing-4 >> User-Agent: Mozilla/5.0 (Windows NT 6.1; rv:38.0) Gecko/20100101 Firefox/38.0
11:45:31.948 [Test worker] DEBUG org.apache.http.headers - http-outgoing-4 >> Accept: */*
11:45:31.948 [Test worker] DEBUG org.apache.http.headers - http-outgoing-4 >> Accept-Language: en-US
11:45:31.948 [Test worker] DEBUG org.apache.http.headers - http-outgoing-4 >> Accept-Encoding: gzip, deflate
11:45:31.948 [Test worker] DEBUG org.apache.http.headers - http-outgoing-4 >> Referer: http://127.0.0.1:8080/input
11:45:31.948 [Test worker] DEBUG org.apache.http.headers - http-outgoing-4 >> Connection: Keep-Alive
11:45:31.948 [Test worker] DEBUG org.apache.http.headers - http-outgoing-4 >> Content-Length: 59
11:45:31.948 [Test worker] DEBUG org.apache.http.headers - http-outgoing-4 >> Content-Type: application/x-www-form-urlencoded
11:45:31.948 [Test worker] DEBUG org.apache.http.wire - http-outgoing-4 >> "POST /create HTTP/1.1[\r][\n]"
11:45:31.948 [Test worker] DEBUG org.apache.http.wire - http-outgoing-4 >> "Host: 127.0.0.1:8080[\r][\n]"
11:45:31.948 [Test worker] DEBUG org.apache.http.wire - http-outgoing-4 >> "User-Agent: Mozilla/5.0 (Windows NT 6.1; rv:38.0) Gecko/20100101 Firefox/38.0[\r][\n]"
11:45:31.948 [Test worker] DEBUG org.apache.http.wire - http-outgoing-4 >> "Accept: */*[\r][\n]"
11:45:31.948 [Test worker] DEBUG org.apache.http.wire - http-outgoing-4 >> "Accept-Language: en-US[\r][\n]"
11:45:31.948 [Test worker] DEBUG org.apache.http.wire - http-outgoing-4 >> "Accept-Encoding: gzip, deflate[\r][\n]"
11:45:31.948 [Test worker] DEBUG org.apache.http.wire - http-outgoing-4 >> "Referer: http://127.0.0.1:8080/input[\r][\n]"
11:45:31.948 [Test worker] DEBUG org.apache.http.wire - http-outgoing-4 >> "Connection: Keep-Alive[\r][\n]"
11:45:31.948 [Test worker] DEBUG org.apache.http.wire - http-outgoing-4 >> "Content-Length: 59[\r][\n]"
11:45:31.948 [Test worker] DEBUG org.apache.http.wire - http-outgoing-4 >> "Content-Type: application/x-www-form-urlencoded[\r][\n]"
11:45:31.948 [Test worker] DEBUG org.apache.http.wire - http-outgoing-4 >> "[\r][\n]"
11:45:31.948 [Test worker] DEBUG org.apache.http.wire - http-outgoing-4 >> "firstName=Michele&lastName=Bianchi&admissionDate=1993-06-11"
11:45:31.953 [Test worker] DEBUG org.apache.http.wire - http-outgoing-4 << "HTTP/1.1 302 [\r][\n]"
11:45:31.953 [Test worker] DEBUG org.apache.http.wire - http-outgoing-4 << "Location: http://127.0.0.1:8080/list[\r][\n]"
11:45:31.953 [Test worker] DEBUG org.apache.http.wire - http-outgoing-4 << "Content-Language: en-US[\r][\n]"
11:45:31.953 [Test worker] DEBUG org.apache.http.wire - http-outgoing-4 << "Content-Length: 0[\r][\n]"
11:45:31.953 [Test worker] DEBUG org.apache.http.wire - http-outgoing-4 << "Date: Thu, 21 Jan 2021 10:45:31 GMT[\r][\n]"
11:45:31.953 [Test worker] DEBUG org.apache.http.wire - http-outgoing-4 << "Keep-Alive: timeout=60[\r][\n]"
11:45:31.953 [Test worker] DEBUG org.apache.http.wire - http-outgoing-4 << "Connection: keep-alive[\r][\n]"
11:45:31.953 [Test worker] DEBUG org.apache.http.wire - http-outgoing-4 << "[\r][\n]"
11:45:31.953 [Test worker] DEBUG org.apache.http.headers - http-outgoing-4 << HTTP/1.1 302 
11:45:31.953 [Test worker] DEBUG org.apache.http.headers - http-outgoing-4 << Location: http://127.0.0.1:8080/list
11:45:31.953 [Test worker] DEBUG org.apache.http.headers - http-outgoing-4 << Content-Language: en-US
11:45:31.953 [Test worker] DEBUG org.apache.http.headers - http-outgoing-4 << Content-Length: 0
11:45:31.953 [Test worker] DEBUG org.apache.http.headers - http-outgoing-4 << Date: Thu, 21 Jan 2021 10:45:31 GMT
11:45:31.953 [Test worker] DEBUG org.apache.http.headers - http-outgoing-4 << Keep-Alive: timeout=60
11:45:31.953 [Test worker] DEBUG org.apache.http.headers - http-outgoing-4 << Connection: keep-alive
11:45:31.953 [Test worker] DEBUG org.apache.http.impl.execchain.MainClientExec - Connection can be kept alive for 60000 MILLISECONDS
11:45:31.953 [Test worker] DEBUG org.apache.http.impl.conn.PoolingHttpClientConnectionManager - Connection [id: 4][route: {}->http://127.0.0.1:8080] can be kept alive for 60.0 seconds
11:45:31.953 [Test worker] DEBUG org.apache.http.impl.conn.DefaultManagedHttpClientConnection - http-outgoing-4: set socket timeout to 0
11:45:31.953 [Test worker] DEBUG org.apache.http.impl.conn.PoolingHttpClientConnectionManager - Connection released: [id: 4][route: {}->http://127.0.0.1:8080][total available: 1; route allocated: 1 of 6; total allocated: 1 of 20]
11:45:31.953 [Test worker] DEBUG com.gargoylesoftware.htmlunit.WebClient - Got a redirect status code [302] new location = [http://127.0.0.1:8080/list]
11:45:31.954 [Test worker] DEBUG com.gargoylesoftware.htmlunit.WebClient - Load response for GET http://127.0.0.1:8080/list
11:45:31.954 [Test worker] DEBUG org.apache.http.client.protocol.RequestAddCookies - CookieSpec selected: mine
11:45:31.954 [Test worker] DEBUG org.apache.http.client.protocol.RequestAuthCache - Auth cache not set in the context
11:45:31.954 [Test worker] DEBUG org.apache.http.impl.conn.PoolingHttpClientConnectionManager - Connection request: [route: {}->http://127.0.0.1:8080][total available: 1; route allocated: 1 of 6; total allocated: 1 of 20]
11:45:31.955 [Test worker] DEBUG org.apache.http.impl.conn.PoolingHttpClientConnectionManager - Connection leased: [id: 4][route: {}->http://127.0.0.1:8080][total available: 0; route allocated: 1 of 6; total allocated: 1 of 20]
11:45:31.955 [Test worker] DEBUG org.apache.http.impl.conn.DefaultManagedHttpClientConnection - http-outgoing-4: set socket timeout to 0
11:45:31.955 [Test worker] DEBUG org.apache.http.impl.conn.DefaultManagedHttpClientConnection - http-outgoing-4: set socket timeout to 0
11:45:31.955 [Test worker] DEBUG org.apache.http.impl.execchain.MainClientExec - Executing request GET /list HTTP/1.1
11:45:31.955 [Test worker] DEBUG org.apache.http.impl.execchain.MainClientExec - Target auth state: UNCHALLENGED
11:45:31.955 [Test worker] DEBUG org.apache.http.impl.execchain.MainClientExec - Proxy auth state: UNCHALLENGED
11:45:31.955 [Test worker] DEBUG org.apache.http.headers - http-outgoing-4 >> GET /list HTTP/1.1
11:45:31.955 [Test worker] DEBUG org.apache.http.headers - http-outgoing-4 >> Host: 127.0.0.1:8080
11:45:31.955 [Test worker] DEBUG org.apache.http.headers - http-outgoing-4 >> User-Agent: Mozilla/5.0 (Windows NT 6.1; rv:38.0) Gecko/20100101 Firefox/38.0
11:45:31.955 [Test worker] DEBUG org.apache.http.headers - http-outgoing-4 >> Accept: */*
11:45:31.955 [Test worker] DEBUG org.apache.http.headers - http-outgoing-4 >> Accept-Language: en-US
11:45:31.955 [Test worker] DEBUG org.apache.http.headers - http-outgoing-4 >> Accept-Encoding: gzip, deflate
11:45:31.955 [Test worker] DEBUG org.apache.http.headers - http-outgoing-4 >> Referer: http://127.0.0.1:8080/input
11:45:31.955 [Test worker] DEBUG org.apache.http.headers - http-outgoing-4 >> Connection: Keep-Alive
11:45:31.955 [Test worker] DEBUG org.apache.http.wire - http-outgoing-4 >> "GET /list HTTP/1.1[\r][\n]"
11:45:31.955 [Test worker] DEBUG org.apache.http.wire - http-outgoing-4 >> "Host: 127.0.0.1:8080[\r][\n]"
11:45:31.955 [Test worker] DEBUG org.apache.http.wire - http-outgoing-4 >> "User-Agent: Mozilla/5.0 (Windows NT 6.1; rv:38.0) Gecko/20100101 Firefox/38.0[\r][\n]"
11:45:31.955 [Test worker] DEBUG org.apache.http.wire - http-outgoing-4 >> "Accept: */*[\r][\n]"
11:45:31.955 [Test worker] DEBUG org.apache.http.wire - http-outgoing-4 >> "Accept-Language: en-US[\r][\n]"
11:45:31.955 [Test worker] DEBUG org.apache.http.wire - http-outgoing-4 >> "Accept-Encoding: gzip, deflate[\r][\n]"
11:45:31.955 [Test worker] DEBUG org.apache.http.wire - http-outgoing-4 >> "Referer: http://127.0.0.1:8080/input[\r][\n]"
11:45:31.955 [Test worker] DEBUG org.apache.http.wire - http-outgoing-4 >> "Connection: Keep-Alive[\r][\n]"
11:45:31.955 [Test worker] DEBUG org.apache.http.wire - http-outgoing-4 >> "[\r][\n]"
11:45:31.961 [Test worker] DEBUG org.apache.http.wire - http-outgoing-4 << "HTTP/1.1 200 [\r][\n]"
11:45:31.961 [Test worker] DEBUG org.apache.http.wire - http-outgoing-4 << "Content-Type: text/html;charset=UTF-8[\r][\n]"
11:45:31.961 [Test worker] DEBUG org.apache.http.wire - http-outgoing-4 << "Content-Language: en-US[\r][\n]"
11:45:31.961 [Test worker] DEBUG org.apache.http.wire - http-outgoing-4 << "Transfer-Encoding: chunked[\r][\n]"
11:45:31.961 [Test worker] DEBUG org.apache.http.wire - http-outgoing-4 << "Date: Thu, 21 Jan 2021 10:45:31 GMT[\r][\n]"
11:45:31.961 [Test worker] DEBUG org.apache.http.wire - http-outgoing-4 << "Keep-Alive: timeout=60[\r][\n]"
11:45:31.961 [Test worker] DEBUG org.apache.http.wire - http-outgoing-4 << "Connection: keep-alive[\r][\n]"
11:45:31.961 [Test worker] DEBUG org.apache.http.wire - http-outgoing-4 << "[\r][\n]"
11:45:31.961 [Test worker] DEBUG org.apache.http.wire - http-outgoing-4 << "e05[\r][\n]"
11:45:31.961 [Test worker] DEBUG org.apache.http.wire - http-outgoing-4 << "<!DOCTYPE HTML>[\n]"
11:45:31.961 [Test worker] DEBUG org.apache.http.wire - http-outgoing-4 << "<html>[\n]"
11:45:31.961 [Test worker] DEBUG org.apache.http.wire - http-outgoing-4 << "<head>[\n]"
11:45:31.961 [Test worker] DEBUG org.apache.http.wire - http-outgoing-4 << "    <title>MVC Web application</title>[\n]"
11:45:31.961 [Test worker] DEBUG org.apache.http.wire - http-outgoing-4 << "    <meta http-equiv="Content-Type" content="text/html; charset=UTF-8" />[\n]"
11:45:31.961 [Test worker] DEBUG org.apache.http.wire - http-outgoing-4 << "</head>[\n]"
11:45:31.961 [Test worker] DEBUG org.apache.http.wire - http-outgoing-4 << "[\n]"
11:45:31.961 [Test worker] DEBUG org.apache.http.wire - http-outgoing-4 << "<body>[\n]"
11:45:31.961 [Test worker] DEBUG org.apache.http.wire - http-outgoing-4 << "<h1>Pazienti Ricoverati</h1>[\n]"
11:45:31.961 [Test worker] DEBUG org.apache.http.wire - http-outgoing-4 << "[\n]"
11:45:31.961 [Test worker] DEBUG org.apache.http.wire - http-outgoing-4 << "<table border="1" id="present" name="present">[\n]"
11:45:31.961 [Test worker] DEBUG org.apache.http.wire - http-outgoing-4 << "    <thead>[\n]"
11:45:31.961 [Test worker] DEBUG org.apache.http.wire - http-outgoing-4 << "    <tr>[\n]"
11:45:31.961 [Test worker] DEBUG org.apache.http.wire - http-outgoing-4 << "        <th>Id</th>[\n]"
11:45:31.961 [Test worker] DEBUG org.apache.http.wire - http-outgoing-4 << "        <th>Nome</th>[\n]"
11:45:31.961 [Test worker] DEBUG org.apache.http.wire - http-outgoing-4 << "        <th>Cognome</th>[\n]"
11:45:31.962 [Test worker] DEBUG org.apache.http.wire - http-outgoing-4 << "        <th>Data ricovero</th>[\n]"
11:45:31.962 [Test worker] DEBUG org.apache.http.wire - http-outgoing-4 << "        <th>Data dimissione</th>[\n]"
11:45:31.962 [Test worker] DEBUG org.apache.http.wire - http-outgoing-4 << "        <th>Mostra</th>[\n]"
11:45:31.962 [Test worker] DEBUG org.apache.http.wire - http-outgoing-4 << "        <th>Modifica</th>[\n]"
11:45:31.962 [Test worker] DEBUG org.apache.http.wire - http-outgoing-4 << "        <th>Dimetti</th>[\n]"
11:45:31.962 [Test worker] DEBUG org.apache.http.wire - http-outgoing-4 << "        <th>Cancella</th>[\n]"
11:45:31.962 [Test worker] DEBUG org.apache.http.wire - http-outgoing-4 << "        <th>Stampa</th>[\n]"
11:45:31.962 [Test worker] DEBUG org.apache.http.wire - http-outgoing-4 << "    </tr>[\n]"
11:45:31.962 [Test worker] DEBUG org.apache.http.wire - http-outgoing-4 << "    </thead>[\n]"
11:45:31.962 [Test worker] DEBUG org.apache.http.wire - http-outgoing-4 << "    <tbody>[\n]"
11:45:31.962 [Test worker] DEBUG org.apache.http.wire - http-outgoing-4 << "        <tr>[\n]"
11:45:31.962 [Test worker] DEBUG org.apache.http.wire - http-outgoing-4 << "            <td id="id">4</td>[\n]"
11:45:31.962 [Test worker] DEBUG org.apache.http.wire - http-outgoing-4 << "            <td style="text-align:center;">Andrea</td>[\n]"
11:45:31.962 [Test worker] DEBUG org.apache.http.wire - http-outgoing-4 << "            <td id='lastName' style="text-align:center;">Rossi</td>[\n]"
11:45:31.962 [Test worker] DEBUG org.apache.http.wire - http-outgoing-4 << "            <td style="text-align:center;">11/06/1993</td>[\n]"
11:45:31.962 [Test worker] DEBUG org.apache.http.wire - http-outgoing-4 << "            <td style="text-align:center;"></td>[\n]"
11:45:31.962 [Test worker] DEBUG org.apache.http.wire - http-outgoing-4 << "            <td> <a href="cartella?id=4" style="text-align:center;"> Cartella </a></td>[\n]"
11:45:31.962 [Test worker] DEBUG org.apache.http.wire - http-outgoing-4 << "            <td> <a href="edit?id=4" id="modifica" style="text-align:center;"> Modifica </a></td>[\n]"
11:45:31.962 [Test worker] DEBUG org.apache.http.wire - http-outgoing-4 << "            <td> <a href="dimetti?id=4" style="text-align:center;"> Dimetti </a></td>[\n]"
11:45:31.962 [Test worker] DEBUG org.apache.http.wire - http-outgoing-4 << "            <td> <a href="delete?id=4" id="cancella" style="text-align:center;"> Cancella </a></td>[\n]"
11:45:31.962 [Test worker] DEBUG org.apache.http.wire - http-outgoing-4 << "            <td><button><a href="print?id=4" style="text-align:center;text-decoration:none;"> Stampa scheda </a></button></td>[\n]"
11:45:31.962 [Test worker] DEBUG org.apache.http.wire - http-outgoing-4 << "        </tr>[\n]"
11:45:31.962 [Test worker] DEBUG org.apache.http.wire - http-outgoing-4 << "        <tr>[\n]"
11:45:31.962 [Test worker] DEBUG org.apache.http.wire - http-outgoing-4 << "            <td id="id">5</td>[\n]"
11:45:31.962 [Test worker] DEBUG org.apache.http.wire - http-outgoing-4 << "            <td style="text-align:center;">Michele</td>[\n]"
11:45:31.962 [Test worker] DEBUG org.apache.http.wire - http-outgoing-4 << "            <td id='lastName' style="text-align:center;">Bianchi</td>[\n]"
11:45:31.962 [Test worker] DEBUG org.apache.http.wire - http-outgoing-4 << "            <td style="text-align:center;">11/06/1993</td>[\n]"
11:45:31.962 [Test worker] DEBUG org.apache.http.wire - http-outgoing-4 << "            <td style="text-align:center;"></td>[\n]"
11:45:31.962 [Test worker] DEBUG org.apache.http.wire - http-outgoing-4 << "            <td> <a href="cartella?id=5" style="text-align:center;"> Cartella </a></td>[\n]"
11:45:31.962 [Test worker] DEBUG org.apache.http.wire - http-outgoing-4 << "            <td> <a href="edit?id=5" id="modifica" style="text-align:center;"> Modifica </a></td>[\n]"
11:45:31.962 [Test worker] DEBUG org.apache.http.wire - http-outgoing-4 << "            <td> <a href="dimetti?id=5" style="text-align:center;"> Dimetti </a></td>[\n]"
11:45:31.962 [Test worker] DEBUG org.apache.http.wire - http-outgoing-4 << "            <td> <a href="delete?id=5" id="cancella" style="text-align:center;"> Cancella </a></td>[\n]"
11:45:31.962 [Test worker] DEBUG org.apache.http.wire - http-outgoing-4 << "            <td><button><a href="print?id=5" style="text-align:center;text-decoration:none;"> Stampa scheda </a></button></td>[\n]"
11:45:31.962 [Test worker] DEBUG org.apache.http.wire - http-outgoing-4 << "        </tr>[\n]"
11:45:31.962 [Test worker] DEBUG org.apache.http.wire - http-outgoing-4 << "        </tbody>[\n]"
11:45:31.962 [Test worker] DEBUG org.apache.http.wire - http-outgoing-4 << "</table>[\n]"
11:45:31.962 [Test worker] DEBUG org.apache.http.wire - http-outgoing-4 << "[\n]"
11:45:31.962 [Test worker] DEBUG org.apache.http.wire - http-outgoing-4 << "<h1>Pazienti Dimessi</h1>[\n]"
11:45:31.962 [Test worker] DEBUG org.apache.http.wire - http-outgoing-4 << "<table border="1" id="discharged" name="discharged">[\n]"
11:45:31.962 [Test worker] DEBUG org.apache.http.wire - http-outgoing-4 << "    <thead>[\n]"
11:45:31.962 [Test worker] DEBUG org.apache.http.wire - http-outgoing-4 << "    <tr>[\n]"
11:45:31.962 [Test worker] DEBUG org.apache.http.wire - http-outgoing-4 << "        <th>Id</th>[\n]"
11:45:31.962 [Test worker] DEBUG org.apache.http.wire - http-outgoing-4 << "        <th>Nome</th>[\n]"
11:45:31.962 [Test worker] DEBUG org.apache.http.wire - http-outgoing-4 << "        <th>Cognome</th>[\n]"
11:45:31.962 [Test worker] DEBUG org.apache.http.wire - http-outgoing-4 << "        <th>Data Ricovero</th>[\n]"
11:45:31.962 [Test worker] DEBUG org.apache.http.wire - http-outgoing-4 << "        <th>Data Dimissione</th>[\n]"
11:45:31.962 [Test worker] DEBUG org.apache.http.wire - http-outgoing-4 << "        <th>Cartella</th>[\n]"
11:45:31.962 [Test worker] DEBUG org.apache.http.wire - http-outgoing-4 << "        <th>Modifica</th>[\n]"
11:45:31.962 [Test worker] DEBUG org.apache.http.wire - http-outgoing-4 << "        <th>Cancella</th>[\n]"
11:45:31.962 [Test worker] DEBUG org.apache.http.wire - http-outgoing-4 << "        <th>Stampa</th>[\n]"
11:45:31.962 [Test worker] DEBUG org.apache.http.wire - http-outgoing-4 << "    </tr>[\n]"
11:45:31.962 [Test worker] DEBUG org.apache.http.wire - http-outgoing-4 << "    </thead>[\n]"
11:45:31.962 [Test worker] DEBUG org.apache.http.wire - http-outgoing-4 << "    <tbody>[\n]"
11:45:31.962 [Test worker] DEBUG org.apache.http.wire - http-outgoing-4 << "    <tr>[\n]"
11:45:31.962 [Test worker] DEBUG org.apache.http.wire - http-outgoing-4 << "        <td id="idDischarged">1</td>[\n]"
11:45:31.962 [Test worker] DEBUG org.apache.http.wire - http-outgoing-4 << "        <td style="text-align:center;">Michele</td>[\n]"
11:45:31.962 [Test worker] DEBUG org.apache.http.wire - http-outgoing-4 << "        <td id='lastNameDischarged' style="text-align:center;">Bianchi</td>[\n]"
11:45:31.962 [Test worker] DEBUG org.apache.http.wire - http-outgoing-4 << "        <td style="text-align:center;">11/06/1993</td>[\n]"
11:45:31.962 [Test worker] DEBUG org.apache.http.wire - http-outgoing-4 << "        <td style="text-align:center;">21/01/2021</td>[\n]"
11:45:31.963 [Test worker] DEBUG org.apache.http.wire - http-outgoing-4 << "        <td> <a href="cartella?id=1" style="text-align:center;"> Cartella </a></td>[\n]"
11:45:31.963 [Test worker] DEBUG org.apache.http.wire - http-outgoing-4 << "        <td> <a id="modificaDischarged" style="text-align:center; cursor:not-allowed; pointer-events:none; color:grey;"> Modifica </a></td>[\n]"
11:45:31.963 [Test worker] DEBUG org.apache.http.wire - http-outgoing-4 << "        <td> <a id="cancellaDischarged" style="text-align:center; cursor:not-allowed; pointer-events:none; color:grey;"> Cancella </a></td>[\n]"
11:45:31.963 [Test worker] DEBUG org.apache.http.wire - http-outgoing-4 << "        <td><button><a href="print?id=1" style="text-align:center;text-decoration:none;"> Stampa scheda </a></button></td>[\n]"
11:45:31.963 [Test worker] DEBUG org.apache.http.wire - http-outgoing-4 << "    </tr>[\n]"
11:45:31.963 [Test worker] DEBUG org.apache.http.wire - http-outgoing-4 << "    </tbody>[\n]"
11:45:31.963 [Test worker] DEBUG org.apache.http.wire - http-outgoing-4 << "</table>[\n]"
11:45:31.963 [Test worker] DEBUG org.apache.http.wire - http-outgoing-4 << "<br>[\n]"
11:45:31.963 [Test worker] DEBUG org.apache.http.wire - http-outgoing-4 << "<button><a href="input" style="text-decoration:none;">Registra un paziente</a></button>[\n]"
11:45:31.963 [Test worker] DEBUG org.apache.http.wire - http-outgoing-4 << "<br>[\n]"
11:45:31.963 [Test worker] DEBUG org.apache.http.wire - http-outgoing-4 << "<br>[\n]"
11:45:31.963 [Test worker] DEBUG org.apache.http.wire - http-outgoing-4 << "[\n]"
11:45:31.963 [Test worker] DEBUG org.apache.http.wire - http-outgoing-4 << "<form action="search" method="post">[\n]"
11:45:31.963 [Test worker] DEBUG org.apache.http.wire - http-outgoing-4 << "    Cognome Paziente: <input type="text" name="lastName"/>[\n]"
11:45:31.963 [Test worker] DEBUG org.apache.http.wire - http-outgoing-4 << "    <input type="submit" value="Cerca"/>[\n]"
11:45:31.963 [Test worker] DEBUG org.apache.http.wire - http-outgoing-4 << "</form>[\n]"
11:45:31.963 [Test worker] DEBUG org.apache.http.wire - http-outgoing-4 << "</body>[\n]"
11:45:31.963 [Test worker] DEBUG org.apache.http.wire - http-outgoing-4 << "</html>[\r][\n]"
11:45:31.963 [Test worker] DEBUG org.apache.http.headers - http-outgoing-4 << HTTP/1.1 200 
11:45:31.963 [Test worker] DEBUG org.apache.http.headers - http-outgoing-4 << Content-Type: text/html;charset=UTF-8
11:45:31.963 [Test worker] DEBUG org.apache.http.headers - http-outgoing-4 << Content-Language: en-US
11:45:31.963 [Test worker] DEBUG org.apache.http.headers - http-outgoing-4 << Transfer-Encoding: chunked
11:45:31.963 [Test worker] DEBUG org.apache.http.headers - http-outgoing-4 << Date: Thu, 21 Jan 2021 10:45:31 GMT
11:45:31.963 [Test worker] DEBUG org.apache.http.headers - http-outgoing-4 << Keep-Alive: timeout=60
11:45:31.963 [Test worker] DEBUG org.apache.http.headers - http-outgoing-4 << Connection: keep-alive
11:45:31.963 [Test worker] DEBUG org.apache.http.impl.execchain.MainClientExec - Connection can be kept alive for 60000 MILLISECONDS
11:45:31.963 [Test worker] DEBUG org.apache.http.wire - http-outgoing-4 << "0[\r][\n]"
11:45:31.963 [Test worker] DEBUG org.apache.http.wire - http-outgoing-4 << "[\r][\n]"
11:45:31.963 [Test worker] DEBUG org.apache.http.impl.conn.PoolingHttpClientConnectionManager - Connection [id: 4][route: {}->http://127.0.0.1:8080] can be kept alive for 60.0 seconds
11:45:31.963 [Test worker] DEBUG org.apache.http.impl.conn.DefaultManagedHttpClientConnection - http-outgoing-4: set socket timeout to 0
11:45:31.963 [Test worker] DEBUG org.apache.http.impl.conn.PoolingHttpClientConnectionManager - Connection released: [id: 4][route: {}->http://127.0.0.1:8080][total available: 1; route allocated: 1 of 6; total allocated: 1 of 20]
11:45:31.964 [Test worker] DEBUG com.gargoylesoftware.htmlunit.html.DomElement - Firing Event unload (Current Target: HTMLElement for HtmlHtml[<html>]);
11:45:31.964 [Test worker] DEBUG com.gargoylesoftware.htmlunit.WebWindowImpl - setEnclosedPage: HtmlPage(http://127.0.0.1:8080/list)@1515898039
11:45:31.964 [Test worker] DEBUG com.gargoylesoftware.htmlunit.WebWindowImpl - destroyChildren
11:45:31.969 [Test worker] DEBUG com.gargoylesoftware.htmlunit.util.EncodingSniffer - Encoding found in HTTP headers: 'UTF-8'.
11:45:31.971 [Test worker] DEBUG net.sourceforge.jwebunit.htmlunit.HtmlUnitTestingEngineImpl - Window "" changed : "MVC Web application" became "MVC Web application
11:45:31.971 [Test worker] DEBUG com.gargoylesoftware.htmlunit.html.DomElement - Firing Event DOMContentLoaded (Current Target: HTMLElement for HtmlHtml[<html>]);
11:45:31.972 [Test worker] DEBUG com.gargoylesoftware.htmlunit.html.DomElement - Firing Event load (Current Target: HTMLElement for HtmlHtml[<html>]);
11:45:31.972 [Test worker] DEBUG com.gargoylesoftware.htmlunit.WebClient - Get page for window named '', using WebRequest[<url="http://127.0.0.1:8080/list", GET, EncodingType[name=application/x-www-form-urlencoded], [], {Accept=text/html,application/xhtml+xml,application/xml;q=0.9,*/*;q=0.8, Accept-Encoding=gzip, deflate}, null>]
11:45:31.972 [Test worker] DEBUG com.gargoylesoftware.htmlunit.WebClient - Load response for GET http://127.0.0.1:8080/list
11:45:31.973 [Test worker] DEBUG org.apache.http.client.protocol.RequestAddCookies - CookieSpec selected: mine
11:45:31.973 [Test worker] DEBUG org.apache.http.client.protocol.RequestAuthCache - Auth cache not set in the context
11:45:31.973 [Test worker] DEBUG org.apache.http.impl.conn.PoolingHttpClientConnectionManager - Connection request: [route: {}->http://127.0.0.1:8080][total available: 0; route allocated: 0 of 6; total allocated: 0 of 20]
11:45:31.973 [Test worker] DEBUG org.apache.http.impl.conn.PoolingHttpClientConnectionManager - Connection leased: [id: 5][route: {}->http://127.0.0.1:8080][total available: 0; route allocated: 1 of 6; total allocated: 1 of 20]
11:45:31.973 [Test worker] DEBUG org.apache.http.impl.execchain.MainClientExec - Opening connection {}->http://127.0.0.1:8080
11:45:31.974 [Test worker] DEBUG org.apache.http.impl.conn.DefaultHttpClientConnectionOperator - Connecting to /127.0.0.1:8080
11:45:31.974 [Test worker] DEBUG org.apache.http.impl.conn.DefaultHttpClientConnectionOperator - Connection established 127.0.0.1:53833<->127.0.0.1:8080
11:45:31.974 [Test worker] DEBUG org.apache.http.impl.conn.DefaultManagedHttpClientConnection - http-outgoing-5: set socket timeout to 0
11:45:31.974 [Test worker] DEBUG org.apache.http.impl.execchain.MainClientExec - Executing request GET /list HTTP/1.1
11:45:31.974 [Test worker] DEBUG org.apache.http.impl.execchain.MainClientExec - Target auth state: UNCHALLENGED
11:45:31.974 [Test worker] DEBUG org.apache.http.impl.execchain.MainClientExec - Proxy auth state: UNCHALLENGED
11:45:31.974 [Test worker] DEBUG org.apache.http.headers - http-outgoing-5 >> GET /list HTTP/1.1
11:45:31.974 [Test worker] DEBUG org.apache.http.headers - http-outgoing-5 >> Host: 127.0.0.1:8080
11:45:31.974 [Test worker] DEBUG org.apache.http.headers - http-outgoing-5 >> User-Agent: Mozilla/5.0 (Windows NT 6.1; rv:38.0) Gecko/20100101 Firefox/38.0
11:45:31.974 [Test worker] DEBUG org.apache.http.headers - http-outgoing-5 >> Accept: text/html,application/xhtml+xml,application/xml;q=0.9,*/*;q=0.8
11:45:31.974 [Test worker] DEBUG org.apache.http.headers - http-outgoing-5 >> Accept-Language: en-US
11:45:31.974 [Test worker] DEBUG org.apache.http.headers - http-outgoing-5 >> Accept-Encoding: gzip, deflate
11:45:31.974 [Test worker] DEBUG org.apache.http.headers - http-outgoing-5 >> Connection: Keep-Alive
11:45:31.974 [Test worker] DEBUG org.apache.http.wire - http-outgoing-5 >> "GET /list HTTP/1.1[\r][\n]"
11:45:31.974 [Test worker] DEBUG org.apache.http.wire - http-outgoing-5 >> "Host: 127.0.0.1:8080[\r][\n]"
11:45:31.974 [Test worker] DEBUG org.apache.http.wire - http-outgoing-5 >> "User-Agent: Mozilla/5.0 (Windows NT 6.1; rv:38.0) Gecko/20100101 Firefox/38.0[\r][\n]"
11:45:31.974 [Test worker] DEBUG org.apache.http.wire - http-outgoing-5 >> "Accept: text/html,application/xhtml+xml,application/xml;q=0.9,*/*;q=0.8[\r][\n]"
11:45:31.974 [Test worker] DEBUG org.apache.http.wire - http-outgoing-5 >> "Accept-Language: en-US[\r][\n]"
11:45:31.974 [Test worker] DEBUG org.apache.http.wire - http-outgoing-5 >> "Accept-Encoding: gzip, deflate[\r][\n]"
11:45:31.974 [Test worker] DEBUG org.apache.http.wire - http-outgoing-5 >> "Connection: Keep-Alive[\r][\n]"
11:45:31.974 [Test worker] DEBUG org.apache.http.wire - http-outgoing-5 >> "[\r][\n]"
11:45:31.981 [Test worker] DEBUG org.apache.http.wire - http-outgoing-5 << "HTTP/1.1 200 [\r][\n]"
11:45:31.981 [Test worker] DEBUG org.apache.http.wire - http-outgoing-5 << "Content-Type: text/html;charset=UTF-8[\r][\n]"
11:45:31.981 [Test worker] DEBUG org.apache.http.wire - http-outgoing-5 << "Content-Language: en-US[\r][\n]"
11:45:31.981 [Test worker] DEBUG org.apache.http.wire - http-outgoing-5 << "Transfer-Encoding: chunked[\r][\n]"
11:45:31.981 [Test worker] DEBUG org.apache.http.wire - http-outgoing-5 << "Date: Thu, 21 Jan 2021 10:45:31 GMT[\r][\n]"
11:45:31.981 [Test worker] DEBUG org.apache.http.wire - http-outgoing-5 << "Keep-Alive: timeout=60[\r][\n]"
11:45:31.981 [Test worker] DEBUG org.apache.http.wire - http-outgoing-5 << "Connection: keep-alive[\r][\n]"
11:45:31.981 [Test worker] DEBUG org.apache.http.wire - http-outgoing-5 << "[\r][\n]"
11:45:31.981 [Test worker] DEBUG org.apache.http.wire - http-outgoing-5 << "e05[\r][\n]"
11:45:31.981 [Test worker] DEBUG org.apache.http.wire - http-outgoing-5 << "<!DOCTYPE HTML>[\n]"
11:45:31.981 [Test worker] DEBUG org.apache.http.wire - http-outgoing-5 << "<html>[\n]"
11:45:31.981 [Test worker] DEBUG org.apache.http.wire - http-outgoing-5 << "<head>[\n]"
11:45:31.981 [Test worker] DEBUG org.apache.http.wire - http-outgoing-5 << "    <title>MVC Web application</title>[\n]"
11:45:31.981 [Test worker] DEBUG org.apache.http.wire - http-outgoing-5 << "    <meta http-equiv="Content-Type" content="text/html; charset=UTF-8" />[\n]"
11:45:31.981 [Test worker] DEBUG org.apache.http.wire - http-outgoing-5 << "</head>[\n]"
11:45:31.981 [Test worker] DEBUG org.apache.http.wire - http-outgoing-5 << "[\n]"
11:45:31.981 [Test worker] DEBUG org.apache.http.wire - http-outgoing-5 << "<body>[\n]"
11:45:31.981 [Test worker] DEBUG org.apache.http.wire - http-outgoing-5 << "<h1>Pazienti Ricoverati</h1>[\n]"
11:45:31.981 [Test worker] DEBUG org.apache.http.wire - http-outgoing-5 << "[\n]"
11:45:31.981 [Test worker] DEBUG org.apache.http.wire - http-outgoing-5 << "<table border="1" id="present" name="present">[\n]"
11:45:31.981 [Test worker] DEBUG org.apache.http.wire - http-outgoing-5 << "    <thead>[\n]"
11:45:31.981 [Test worker] DEBUG org.apache.http.wire - http-outgoing-5 << "    <tr>[\n]"
11:45:31.981 [Test worker] DEBUG org.apache.http.wire - http-outgoing-5 << "        <th>Id</th>[\n]"
11:45:31.981 [Test worker] DEBUG org.apache.http.wire - http-outgoing-5 << "        <th>Nome</th>[\n]"
11:45:31.981 [Test worker] DEBUG org.apache.http.wire - http-outgoing-5 << "        <th>Cognome</th>[\n]"
11:45:31.981 [Test worker] DEBUG org.apache.http.wire - http-outgoing-5 << "        <th>Data ricovero</th>[\n]"
11:45:31.981 [Test worker] DEBUG org.apache.http.wire - http-outgoing-5 << "        <th>Data dimissione</th>[\n]"
11:45:31.981 [Test worker] DEBUG org.apache.http.wire - http-outgoing-5 << "        <th>Mostra</th>[\n]"
11:45:31.981 [Test worker] DEBUG org.apache.http.wire - http-outgoing-5 << "        <th>Modifica</th>[\n]"
11:45:31.981 [Test worker] DEBUG org.apache.http.wire - http-outgoing-5 << "        <th>Dimetti</th>[\n]"
11:45:31.981 [Test worker] DEBUG org.apache.http.wire - http-outgoing-5 << "        <th>Cancella</th>[\n]"
11:45:31.981 [Test worker] DEBUG org.apache.http.wire - http-outgoing-5 << "        <th>Stampa</th>[\n]"
11:45:31.981 [Test worker] DEBUG org.apache.http.wire - http-outgoing-5 << "    </tr>[\n]"
11:45:31.981 [Test worker] DEBUG org.apache.http.wire - http-outgoing-5 << "    </thead>[\n]"
11:45:31.981 [Test worker] DEBUG org.apache.http.wire - http-outgoing-5 << "    <tbody>[\n]"
11:45:31.981 [Test worker] DEBUG org.apache.http.wire - http-outgoing-5 << "        <tr>[\n]"
11:45:31.981 [Test worker] DEBUG org.apache.http.wire - http-outgoing-5 << "            <td id="id">4</td>[\n]"
11:45:31.981 [Test worker] DEBUG org.apache.http.wire - http-outgoing-5 << "            <td style="text-align:center;">Andrea</td>[\n]"
11:45:31.981 [Test worker] DEBUG org.apache.http.wire - http-outgoing-5 << "            <td id='lastName' style="text-align:center;">Rossi</td>[\n]"
11:45:31.981 [Test worker] DEBUG org.apache.http.wire - http-outgoing-5 << "            <td style="text-align:center;">11/06/1993</td>[\n]"
11:45:31.981 [Test worker] DEBUG org.apache.http.wire - http-outgoing-5 << "            <td style="text-align:center;"></td>[\n]"
11:45:31.982 [Test worker] DEBUG org.apache.http.wire - http-outgoing-5 << "            <td> <a href="cartella?id=4" style="text-align:center;"> Cartella </a></td>[\n]"
11:45:31.982 [Test worker] DEBUG org.apache.http.wire - http-outgoing-5 << "            <td> <a href="edit?id=4" id="modifica" style="text-align:center;"> Modifica </a></td>[\n]"
11:45:31.982 [Test worker] DEBUG org.apache.http.wire - http-outgoing-5 << "            <td> <a href="dimetti?id=4" style="text-align:center;"> Dimetti </a></td>[\n]"
11:45:31.982 [Test worker] DEBUG org.apache.http.wire - http-outgoing-5 << "            <td> <a href="delete?id=4" id="cancella" style="text-align:center;"> Cancella </a></td>[\n]"
11:45:31.982 [Test worker] DEBUG org.apache.http.wire - http-outgoing-5 << "            <td><button><a href="print?id=4" style="text-align:center;text-decoration:none;"> Stampa scheda </a></button></td>[\n]"
11:45:31.982 [Test worker] DEBUG org.apache.http.wire - http-outgoing-5 << "        </tr>[\n]"
11:45:31.982 [Test worker] DEBUG org.apache.http.wire - http-outgoing-5 << "        <tr>[\n]"
11:45:31.982 [Test worker] DEBUG org.apache.http.wire - http-outgoing-5 << "            <td id="id">5</td>[\n]"
11:45:31.982 [Test worker] DEBUG org.apache.http.wire - http-outgoing-5 << "            <td style="text-align:center;">Michele</td>[\n]"
11:45:31.982 [Test worker] DEBUG org.apache.http.wire - http-outgoing-5 << "            <td id='lastName' style="text-align:center;">Bianchi</td>[\n]"
11:45:31.982 [Test worker] DEBUG org.apache.http.wire - http-outgoing-5 << "            <td style="text-align:center;">11/06/1993</td>[\n]"
11:45:31.982 [Test worker] DEBUG org.apache.http.wire - http-outgoing-5 << "            <td style="text-align:center;"></td>[\n]"
11:45:31.982 [Test worker] DEBUG org.apache.http.wire - http-outgoing-5 << "            <td> <a href="cartella?id=5" style="text-align:center;"> Cartella </a></td>[\n]"
11:45:31.982 [Test worker] DEBUG org.apache.http.wire - http-outgoing-5 << "            <td> <a href="edit?id=5" id="modifica" style="text-align:center;"> Modifica </a></td>[\n]"
11:45:31.982 [Test worker] DEBUG org.apache.http.wire - http-outgoing-5 << "            <td> <a href="dimetti?id=5" style="text-align:center;"> Dimetti </a></td>[\n]"
11:45:31.982 [Test worker] DEBUG org.apache.http.wire - http-outgoing-5 << "            <td> <a href="delete?id=5" id="cancella" style="text-align:center;"> Cancella </a></td>[\n]"
11:45:31.982 [Test worker] DEBUG org.apache.http.wire - http-outgoing-5 << "            <td><button><a href="print?id=5" style="text-align:center;text-decoration:none;"> Stampa scheda </a></button></td>[\n]"
11:45:31.982 [Test worker] DEBUG org.apache.http.wire - http-outgoing-5 << "        </tr>[\n]"
11:45:31.982 [Test worker] DEBUG org.apache.http.wire - http-outgoing-5 << "        </tbody>[\n]"
11:45:31.982 [Test worker] DEBUG org.apache.http.wire - http-outgoing-5 << "</table>[\n]"
11:45:31.982 [Test worker] DEBUG org.apache.http.wire - http-outgoing-5 << "[\n]"
11:45:31.982 [Test worker] DEBUG org.apache.http.wire - http-outgoing-5 << "<h1>Pazienti Dimessi</h1>[\n]"
11:45:31.982 [Test worker] DEBUG org.apache.http.wire - http-outgoing-5 << "<table border="1" id="discharged" name="discharged">[\n]"
11:45:31.982 [Test worker] DEBUG org.apache.http.wire - http-outgoing-5 << "    <thead>[\n]"
11:45:31.982 [Test worker] DEBUG org.apache.http.wire - http-outgoing-5 << "    <tr>[\n]"
11:45:31.982 [Test worker] DEBUG org.apache.http.wire - http-outgoing-5 << "        <th>Id</th>[\n]"
11:45:31.982 [Test worker] DEBUG org.apache.http.wire - http-outgoing-5 << "        <th>Nome</th>[\n]"
11:45:31.982 [Test worker] DEBUG org.apache.http.wire - http-outgoing-5 << "        <th>Cognome</th>[\n]"
11:45:31.982 [Test worker] DEBUG org.apache.http.wire - http-outgoing-5 << "        <th>Data Ricovero</th>[\n]"
11:45:31.982 [Test worker] DEBUG org.apache.http.wire - http-outgoing-5 << "        <th>Data Dimissione</th>[\n]"
11:45:31.982 [Test worker] DEBUG org.apache.http.wire - http-outgoing-5 << "        <th>Cartella</th>[\n]"
11:45:31.982 [Test worker] DEBUG org.apache.http.wire - http-outgoing-5 << "        <th>Modifica</th>[\n]"
11:45:31.982 [Test worker] DEBUG org.apache.http.wire - http-outgoing-5 << "        <th>Cancella</th>[\n]"
11:45:31.982 [Test worker] DEBUG org.apache.http.wire - http-outgoing-5 << "        <th>Stampa</th>[\n]"
11:45:31.982 [Test worker] DEBUG org.apache.http.wire - http-outgoing-5 << "    </tr>[\n]"
11:45:31.982 [Test worker] DEBUG org.apache.http.wire - http-outgoing-5 << "    </thead>[\n]"
11:45:31.982 [Test worker] DEBUG org.apache.http.wire - http-outgoing-5 << "    <tbody>[\n]"
11:45:31.982 [Test worker] DEBUG org.apache.http.wire - http-outgoing-5 << "    <tr>[\n]"
11:45:31.982 [Test worker] DEBUG org.apache.http.wire - http-outgoing-5 << "        <td id="idDischarged">1</td>[\n]"
11:45:31.982 [Test worker] DEBUG org.apache.http.wire - http-outgoing-5 << "        <td style="text-align:center;">Michele</td>[\n]"
11:45:31.982 [Test worker] DEBUG org.apache.http.wire - http-outgoing-5 << "        <td id='lastNameDischarged' style="text-align:center;">Bianchi</td>[\n]"
11:45:31.982 [Test worker] DEBUG org.apache.http.wire - http-outgoing-5 << "        <td style="text-align:center;">11/06/1993</td>[\n]"
11:45:31.982 [Test worker] DEBUG org.apache.http.wire - http-outgoing-5 << "        <td style="text-align:center;">21/01/2021</td>[\n]"
11:45:31.982 [Test worker] DEBUG org.apache.http.wire - http-outgoing-5 << "        <td> <a href="cartella?id=1" style="text-align:center;"> Cartella </a></td>[\n]"
11:45:31.982 [Test worker] DEBUG org.apache.http.wire - http-outgoing-5 << "        <td> <a id="modificaDischarged" style="text-align:center; cursor:not-allowed; pointer-events:none; color:grey;"> Modifica </a></td>[\n]"
11:45:31.982 [Test worker] DEBUG org.apache.http.wire - http-outgoing-5 << "        <td> <a id="cancellaDischarged" style="text-align:center; cursor:not-allowed; pointer-events:none; color:grey;"> Cancella </a></td>[\n]"
11:45:31.982 [Test worker] DEBUG org.apache.http.wire - http-outgoing-5 << "        <td><button><a href="print?id=1" style="text-align:center;text-decoration:none;"> Stampa scheda </a></button></td>[\n]"
11:45:31.982 [Test worker] DEBUG org.apache.http.wire - http-outgoing-5 << "    </tr>[\n]"
11:45:31.982 [Test worker] DEBUG org.apache.http.wire - http-outgoing-5 << "    </tbody>[\n]"
11:45:31.982 [Test worker] DEBUG org.apache.http.wire - http-outgoing-5 << "</table>[\n]"
11:45:31.982 [Test worker] DEBUG org.apache.http.wire - http-outgoing-5 << "<br>[\n]"
11:45:31.982 [Test worker] DEBUG org.apache.http.wire - http-outgoing-5 << "<button><a href="input" style="text-decoration:none;">Registra un paziente</a></button>[\n]"
11:45:31.982 [Test worker] DEBUG org.apache.http.wire - http-outgoing-5 << "<br>[\n]"
11:45:31.982 [Test worker] DEBUG org.apache.http.wire - http-outgoing-5 << "<br>[\n]"
11:45:31.982 [Test worker] DEBUG org.apache.http.wire - http-outgoing-5 << "[\n]"
11:45:31.982 [Test worker] DEBUG org.apache.http.wire - http-outgoing-5 << "<form action="search" method="post">[\n]"
11:45:31.982 [Test worker] DEBUG org.apache.http.wire - http-outgoing-5 << "    Cognome Paziente: <input type="text" name="lastName"/>[\n]"
11:45:31.982 [Test worker] DEBUG org.apache.http.wire - http-outgoing-5 << "    <input type="submit" value="Cerca"/>[\n]"
11:45:31.982 [Test worker] DEBUG org.apache.http.wire - http-outgoing-5 << "</form>[\n]"
11:45:31.982 [Test worker] DEBUG org.apache.http.wire - http-outgoing-5 << "</body>[\n]"
11:45:31.982 [Test worker] DEBUG org.apache.http.wire - http-outgoing-5 << "</html>[\r][\n]"
11:45:31.982 [Test worker] DEBUG org.apache.http.headers - http-outgoing-5 << HTTP/1.1 200 
11:45:31.982 [Test worker] DEBUG org.apache.http.headers - http-outgoing-5 << Content-Type: text/html;charset=UTF-8
11:45:31.982 [Test worker] DEBUG org.apache.http.headers - http-outgoing-5 << Content-Language: en-US
11:45:31.982 [Test worker] DEBUG org.apache.http.headers - http-outgoing-5 << Transfer-Encoding: chunked
11:45:31.983 [Test worker] DEBUG org.apache.http.headers - http-outgoing-5 << Date: Thu, 21 Jan 2021 10:45:31 GMT
11:45:31.983 [Test worker] DEBUG org.apache.http.headers - http-outgoing-5 << Keep-Alive: timeout=60
11:45:31.983 [Test worker] DEBUG org.apache.http.headers - http-outgoing-5 << Connection: keep-alive
11:45:31.983 [Test worker] DEBUG org.apache.http.impl.execchain.MainClientExec - Connection can be kept alive for 60000 MILLISECONDS
11:45:31.983 [Test worker] DEBUG org.apache.http.wire - http-outgoing-5 << "0[\r][\n]"
11:45:31.983 [Test worker] DEBUG org.apache.http.wire - http-outgoing-5 << "[\r][\n]"
11:45:31.983 [Test worker] DEBUG org.apache.http.impl.conn.PoolingHttpClientConnectionManager - Connection [id: 5][route: {}->http://127.0.0.1:8080] can be kept alive for 60.0 seconds
11:45:31.983 [Test worker] DEBUG org.apache.http.impl.conn.DefaultManagedHttpClientConnection - http-outgoing-5: set socket timeout to 0
11:45:31.983 [Test worker] DEBUG org.apache.http.impl.conn.PoolingHttpClientConnectionManager - Connection released: [id: 5][route: {}->http://127.0.0.1:8080][total available: 1; route allocated: 1 of 6; total allocated: 1 of 20]
11:45:31.983 [Test worker] DEBUG com.gargoylesoftware.htmlunit.WebWindowImpl - setEnclosedPage: HtmlPage(http://127.0.0.1:8080/list)@555792297
11:45:31.983 [Test worker] DEBUG com.gargoylesoftware.htmlunit.WebWindowImpl - destroyChildren
11:45:31.988 [Test worker] DEBUG com.gargoylesoftware.htmlunit.util.EncodingSniffer - Encoding found in HTTP headers: 'UTF-8'.
11:45:31.991 [Test worker] DEBUG net.sourceforge.jwebunit.htmlunit.HtmlUnitTestingEngineImpl - Window "" changed : "no_html" became "MVC Web application
11:45:31.992 [Test worker] DEBUG com.gargoylesoftware.htmlunit.html.DomElement - Firing Event DOMContentLoaded (Current Target: HTMLElement for HtmlHtml[<html>]);
11:45:31.992 [Test worker] DEBUG com.gargoylesoftware.htmlunit.html.DomElement - Firing Event load (Current Target: HTMLElement for HtmlHtml[<html>]);
11:45:31.993 [Test worker] DEBUG com.gargoylesoftware.htmlunit.html.DomElement - Firing Event mousedown (Current Target: HTMLElement for HtmlAnchor[<a href="print?id=4" style="text-align:center;text-decoration:none;">]);
11:45:31.993 [Test worker] DEBUG com.gargoylesoftware.htmlunit.html.DomElement - Firing Event focus (Current Target: HTMLElement for HtmlAnchor[<a href="print?id=4" style="text-align:center;text-decoration:none;">]);
11:45:31.993 [Test worker] DEBUG com.gargoylesoftware.htmlunit.html.DomElement - Firing Event mouseup (Current Target: HTMLElement for HtmlAnchor[<a href="print?id=4" style="text-align:center;text-decoration:none;">]);
11:45:31.993 [Test worker] DEBUG com.gargoylesoftware.htmlunit.html.DomElement - Firing Event click (Current Target: HTMLElement for HtmlAnchor[<a href="print?id=4" style="text-align:center;text-decoration:none;">]);
11:45:31.993 [Test worker] DEBUG com.gargoylesoftware.htmlunit.html.HtmlAnchor - do click action in window '', using href 'print?id=4'
11:45:31.993 [Test worker] DEBUG com.gargoylesoftware.htmlunit.util.EncodingSniffer - Encoding found in HTTP headers: 'UTF-8'.
11:45:31.993 [Test worker] DEBUG com.gargoylesoftware.htmlunit.html.HtmlAnchor - Getting page for http://127.0.0.1:8080/print?id=4, derived from href 'print?id=4', using the originating URL http://127.0.0.1:8080/list
11:45:31.993 [Test worker] DEBUG com.gargoylesoftware.htmlunit.html.DomElement - Firing Event beforeunload (Current Target: HTMLElement for HtmlHtml[<html>]);
11:45:31.993 [Test worker] DEBUG com.gargoylesoftware.htmlunit.WebClient - Load response for GET http://127.0.0.1:8080/print?id=4
11:45:31.994 [Test worker] DEBUG org.apache.http.client.protocol.RequestAddCookies - CookieSpec selected: mine
11:45:31.995 [Test worker] DEBUG org.apache.http.client.protocol.RequestAuthCache - Auth cache not set in the context
11:45:31.995 [Test worker] DEBUG org.apache.http.impl.conn.PoolingHttpClientConnectionManager - Connection request: [route: {}->http://127.0.0.1:8080][total available: 1; route allocated: 1 of 6; total allocated: 1 of 20]
11:45:31.995 [Test worker] DEBUG org.apache.http.impl.conn.PoolingHttpClientConnectionManager - Connection leased: [id: 5][route: {}->http://127.0.0.1:8080][total available: 0; route allocated: 1 of 6; total allocated: 1 of 20]
11:45:31.995 [Test worker] DEBUG org.apache.http.impl.conn.DefaultManagedHttpClientConnection - http-outgoing-5: set socket timeout to 0
11:45:31.995 [Test worker] DEBUG org.apache.http.impl.conn.DefaultManagedHttpClientConnection - http-outgoing-5: set socket timeout to 0
11:45:31.995 [Test worker] DEBUG org.apache.http.impl.execchain.MainClientExec - Executing request GET /print?id=4 HTTP/1.1
11:45:31.995 [Test worker] DEBUG org.apache.http.impl.execchain.MainClientExec - Target auth state: UNCHALLENGED
11:45:31.995 [Test worker] DEBUG org.apache.http.impl.execchain.MainClientExec - Proxy auth state: UNCHALLENGED
11:45:31.995 [Test worker] DEBUG org.apache.http.headers - http-outgoing-5 >> GET /print?id=4 HTTP/1.1
11:45:31.995 [Test worker] DEBUG org.apache.http.headers - http-outgoing-5 >> Host: 127.0.0.1:8080
11:45:31.995 [Test worker] DEBUG org.apache.http.headers - http-outgoing-5 >> User-Agent: Mozilla/5.0 (Windows NT 6.1; rv:38.0) Gecko/20100101 Firefox/38.0
11:45:31.995 [Test worker] DEBUG org.apache.http.headers - http-outgoing-5 >> Accept: text/html,application/xhtml+xml,application/xml;q=0.9,*/*;q=0.8
11:45:31.995 [Test worker] DEBUG org.apache.http.headers - http-outgoing-5 >> Accept-Language: en-US
11:45:31.995 [Test worker] DEBUG org.apache.http.headers - http-outgoing-5 >> Accept-Encoding: gzip, deflate
11:45:31.995 [Test worker] DEBUG org.apache.http.headers - http-outgoing-5 >> Referer: http://127.0.0.1:8080/list
11:45:31.995 [Test worker] DEBUG org.apache.http.headers - http-outgoing-5 >> Connection: Keep-Alive
11:45:31.995 [Test worker] DEBUG org.apache.http.wire - http-outgoing-5 >> "GET /print?id=4 HTTP/1.1[\r][\n]"
11:45:31.995 [Test worker] DEBUG org.apache.http.wire - http-outgoing-5 >> "Host: 127.0.0.1:8080[\r][\n]"
11:45:31.995 [Test worker] DEBUG org.apache.http.wire - http-outgoing-5 >> "User-Agent: Mozilla/5.0 (Windows NT 6.1; rv:38.0) Gecko/20100101 Firefox/38.0[\r][\n]"
11:45:31.995 [Test worker] DEBUG org.apache.http.wire - http-outgoing-5 >> "Accept: text/html,application/xhtml+xml,application/xml;q=0.9,*/*;q=0.8[\r][\n]"
11:45:31.995 [Test worker] DEBUG org.apache.http.wire - http-outgoing-5 >> "Accept-Language: en-US[\r][\n]"
11:45:31.995 [Test worker] DEBUG org.apache.http.wire - http-outgoing-5 >> "Accept-Encoding: gzip, deflate[\r][\n]"
11:45:31.995 [Test worker] DEBUG org.apache.http.wire - http-outgoing-5 >> "Referer: http://127.0.0.1:8080/list[\r][\n]"
11:45:31.995 [Test worker] DEBUG org.apache.http.wire - http-outgoing-5 >> "Connection: Keep-Alive[\r][\n]"
11:45:31.995 [Test worker] DEBUG org.apache.http.wire - http-outgoing-5 >> "[\r][\n]"
11:45:32.002 [Test worker] DEBUG org.apache.http.wire - http-outgoing-5 << "HTTP/1.1 200 [\r][\n]"
11:45:32.002 [Test worker] DEBUG org.apache.http.wire - http-outgoing-5 << "Content-Type: text/html;charset=UTF-8[\r][\n]"
11:45:32.002 [Test worker] DEBUG org.apache.http.wire - http-outgoing-5 << "Content-Language: en-US[\r][\n]"
11:45:32.002 [Test worker] DEBUG org.apache.http.wire - http-outgoing-5 << "Transfer-Encoding: chunked[\r][\n]"
11:45:32.002 [Test worker] DEBUG org.apache.http.wire - http-outgoing-5 << "Date: Thu, 21 Jan 2021 10:45:31 GMT[\r][\n]"
11:45:32.002 [Test worker] DEBUG org.apache.http.wire - http-outgoing-5 << "Keep-Alive: timeout=60[\r][\n]"
11:45:32.002 [Test worker] DEBUG org.apache.http.wire - http-outgoing-5 << "Connection: keep-alive[\r][\n]"
11:45:32.002 [Test worker] DEBUG org.apache.http.wire - http-outgoing-5 << "[\r][\n]"
11:45:32.002 [Test worker] DEBUG org.apache.http.wire - http-outgoing-5 << "267[\r][\n]"
11:45:32.002 [Test worker] DEBUG org.apache.http.wire - http-outgoing-5 << "<!DOCTYPE HTML>[\n]"
11:45:32.002 [Test worker] DEBUG org.apache.http.wire - http-outgoing-5 << "<html>[\n]"
11:45:32.003 [Test worker] DEBUG org.apache.http.wire - http-outgoing-5 << "<head>[\n]"
11:45:32.003 [Test worker] DEBUG org.apache.http.wire - http-outgoing-5 << "    <title>MVC Web application</title>[\n]"
11:45:32.003 [Test worker] DEBUG org.apache.http.wire - http-outgoing-5 << "    <meta http-equiv="Content-Type" content="text/html; charset=UTF-8" />[\n]"
11:45:32.003 [Test worker] DEBUG org.apache.http.wire - http-outgoing-5 << "</head>[\n]"
11:45:32.003 [Test worker] DEBUG org.apache.http.wire - http-outgoing-5 << "[\n]"
11:45:32.003 [Test worker] DEBUG org.apache.http.wire - http-outgoing-5 << "<body>[\n]"
11:45:32.003 [Test worker] DEBUG org.apache.http.wire - http-outgoing-5 << "[\n]"
11:45:32.003 [Test worker] DEBUG org.apache.http.wire - http-outgoing-5 << "<div style="background-color: #FFFCE7">[\n]"
11:45:32.003 [Test worker] DEBUG org.apache.http.wire - http-outgoing-5 << "    <h1>Paziente: Andrea Rossi</h1>[\n]"
11:45:32.003 [Test worker] DEBUG org.apache.http.wire - http-outgoing-5 << "    <h3>Data ricovero: 11/06/1993</h3>[\n]"
11:45:32.003 [Test worker] DEBUG org.apache.http.wire - http-outgoing-5 << "    <h3>Data dimissione: NON PRESENTE</h3>[\n]"
11:45:32.003 [Test worker] DEBUG org.apache.http.wire - http-outgoing-5 << "</div>[\n]"
11:45:32.003 [Test worker] DEBUG org.apache.http.wire - http-outgoing-5 << "[\n]"
11:45:32.003 [Test worker] DEBUG org.apache.http.wire - http-outgoing-5 << "<div style="background-color: #CAEEFE">[\n]"
11:45:32.003 [Test worker] DEBUG org.apache.http.wire - http-outgoing-5 << "    <h3>FARMACI:</h3>[\n]"
11:45:32.003 [Test worker] DEBUG org.apache.http.wire - http-outgoing-5 << "    <h3>NON PRESENTE</h3>[\n]"
11:45:32.003 [Test worker] DEBUG org.apache.http.wire - http-outgoing-5 << "    <i><p></p></i>[\n]"
11:45:32.003 [Test worker] DEBUG org.apache.http.wire - http-outgoing-5 << "</div>[\n]"
11:45:32.003 [Test worker] DEBUG org.apache.http.wire - http-outgoing-5 << "[\n]"
11:45:32.003 [Test worker] DEBUG org.apache.http.wire - http-outgoing-5 << "<div style="background-color: #E1FFD4">[\n]"
11:45:32.003 [Test worker] DEBUG org.apache.http.wire - http-outgoing-5 << "    <h3>PRESCRIZIONE:</h3>[\n]"
11:45:32.003 [Test worker] DEBUG org.apache.http.wire - http-outgoing-5 << "    <h3>NON PRESENTE</h3>[\n]"
11:45:32.003 [Test worker] DEBUG org.apache.http.wire - http-outgoing-5 << "    <i><p></p></i>[\n]"
11:45:32.003 [Test worker] DEBUG org.apache.http.wire - http-outgoing-5 << "</div>[\n]"
11:45:32.003 [Test worker] DEBUG org.apache.http.wire - http-outgoing-5 << "[\n]"
11:45:32.003 [Test worker] DEBUG org.apache.http.wire - http-outgoing-5 << "<a href="list"> Torna alla lista </a>[\n]"
11:45:32.003 [Test worker] DEBUG org.apache.http.wire - http-outgoing-5 << "[\n]"
11:45:32.003 [Test worker] DEBUG org.apache.http.wire - http-outgoing-5 << "</body>[\n]"
11:45:32.003 [Test worker] DEBUG org.apache.http.wire - http-outgoing-5 << "</html>[\r][\n]"
11:45:32.003 [Test worker] DEBUG org.apache.http.headers - http-outgoing-5 << HTTP/1.1 200 
11:45:32.003 [Test worker] DEBUG org.apache.http.headers - http-outgoing-5 << Content-Type: text/html;charset=UTF-8
11:45:32.003 [Test worker] DEBUG org.apache.http.headers - http-outgoing-5 << Content-Language: en-US
11:45:32.003 [Test worker] DEBUG org.apache.http.headers - http-outgoing-5 << Transfer-Encoding: chunked
11:45:32.003 [Test worker] DEBUG org.apache.http.headers - http-outgoing-5 << Date: Thu, 21 Jan 2021 10:45:31 GMT
11:45:32.003 [Test worker] DEBUG org.apache.http.headers - http-outgoing-5 << Keep-Alive: timeout=60
11:45:32.003 [Test worker] DEBUG org.apache.http.headers - http-outgoing-5 << Connection: keep-alive
11:45:32.003 [Test worker] DEBUG org.apache.http.impl.execchain.MainClientExec - Connection can be kept alive for 60000 MILLISECONDS
11:45:32.003 [Test worker] DEBUG org.apache.http.wire - http-outgoing-5 << "0[\r][\n]"
11:45:32.003 [Test worker] DEBUG org.apache.http.wire - http-outgoing-5 << "[\r][\n]"
11:45:32.003 [Test worker] DEBUG org.apache.http.impl.conn.PoolingHttpClientConnectionManager - Connection [id: 5][route: {}->http://127.0.0.1:8080] can be kept alive for 60.0 seconds
11:45:32.003 [Test worker] DEBUG org.apache.http.impl.conn.DefaultManagedHttpClientConnection - http-outgoing-5: set socket timeout to 0
11:45:32.004 [Test worker] DEBUG org.apache.http.impl.conn.PoolingHttpClientConnectionManager - Connection released: [id: 5][route: {}->http://127.0.0.1:8080][total available: 1; route allocated: 1 of 6; total allocated: 1 of 20]
11:45:32.004 [Test worker] DEBUG com.gargoylesoftware.htmlunit.html.DomElement - Firing Event unload (Current Target: HTMLElement for HtmlHtml[<html>]);
11:45:32.004 [Test worker] DEBUG com.gargoylesoftware.htmlunit.WebWindowImpl - setEnclosedPage: HtmlPage(http://127.0.0.1:8080/print?id=4)@1718836873
11:45:32.004 [Test worker] DEBUG com.gargoylesoftware.htmlunit.WebWindowImpl - destroyChildren
11:45:32.009 [Test worker] DEBUG com.gargoylesoftware.htmlunit.util.EncodingSniffer - Encoding found in HTTP headers: 'UTF-8'.
11:45:32.010 [Test worker] DEBUG net.sourceforge.jwebunit.htmlunit.HtmlUnitTestingEngineImpl - Window "" changed : "MVC Web application" became "MVC Web application
11:45:32.010 [Test worker] DEBUG com.gargoylesoftware.htmlunit.html.DomElement - Firing Event DOMContentLoaded (Current Target: HTMLElement for HtmlHtml[<html>]);
11:45:32.010 [Test worker] DEBUG com.gargoylesoftware.htmlunit.html.DomElement - Firing Event load (Current Target: HTMLElement for HtmlHtml[<html>]);
11:45:32.014 [Test worker] DEBUG com.gargoylesoftware.htmlunit.WebClient - Get page for window named '', using WebRequest[<url="http://127.0.0.1:8080/input", GET, EncodingType[name=application/x-www-form-urlencoded], [], {Accept=text/html,application/xhtml+xml,application/xml;q=0.9,*/*;q=0.8, Accept-Encoding=gzip, deflate}, null>]
11:45:32.014 [Test worker] DEBUG com.gargoylesoftware.htmlunit.WebClient - Load response for GET http://127.0.0.1:8080/input
11:45:32.015 [Test worker] DEBUG org.apache.http.client.protocol.RequestAddCookies - CookieSpec selected: mine
11:45:32.015 [Test worker] DEBUG org.apache.http.client.protocol.RequestAuthCache - Auth cache not set in the context
11:45:32.015 [Test worker] DEBUG org.apache.http.impl.conn.PoolingHttpClientConnectionManager - Connection request: [route: {}->http://127.0.0.1:8080][total available: 0; route allocated: 0 of 6; total allocated: 0 of 20]
11:45:32.015 [Test worker] DEBUG org.apache.http.impl.conn.PoolingHttpClientConnectionManager - Connection leased: [id: 6][route: {}->http://127.0.0.1:8080][total available: 0; route allocated: 1 of 6; total allocated: 1 of 20]
11:45:32.015 [Test worker] DEBUG org.apache.http.impl.execchain.MainClientExec - Opening connection {}->http://127.0.0.1:8080
11:45:32.015 [Test worker] DEBUG org.apache.http.impl.conn.DefaultHttpClientConnectionOperator - Connecting to /127.0.0.1:8080
11:45:32.016 [Test worker] DEBUG org.apache.http.impl.conn.DefaultHttpClientConnectionOperator - Connection established 127.0.0.1:53834<->127.0.0.1:8080
11:45:32.016 [Test worker] DEBUG org.apache.http.impl.conn.DefaultManagedHttpClientConnection - http-outgoing-6: set socket timeout to 0
11:45:32.016 [Test worker] DEBUG org.apache.http.impl.execchain.MainClientExec - Executing request GET /input HTTP/1.1
11:45:32.016 [Test worker] DEBUG org.apache.http.impl.execchain.MainClientExec - Target auth state: UNCHALLENGED
11:45:32.016 [Test worker] DEBUG org.apache.http.impl.execchain.MainClientExec - Proxy auth state: UNCHALLENGED
11:45:32.016 [Test worker] DEBUG org.apache.http.headers - http-outgoing-6 >> GET /input HTTP/1.1
11:45:32.016 [Test worker] DEBUG org.apache.http.headers - http-outgoing-6 >> Host: 127.0.0.1:8080
11:45:32.016 [Test worker] DEBUG org.apache.http.headers - http-outgoing-6 >> User-Agent: Mozilla/5.0 (Windows NT 6.1; rv:38.0) Gecko/20100101 Firefox/38.0
11:45:32.016 [Test worker] DEBUG org.apache.http.headers - http-outgoing-6 >> Accept: text/html,application/xhtml+xml,application/xml;q=0.9,*/*;q=0.8
11:45:32.016 [Test worker] DEBUG org.apache.http.headers - http-outgoing-6 >> Accept-Language: en-US
11:45:32.016 [Test worker] DEBUG org.apache.http.headers - http-outgoing-6 >> Accept-Encoding: gzip, deflate
11:45:32.016 [Test worker] DEBUG org.apache.http.headers - http-outgoing-6 >> Connection: Keep-Alive
11:45:32.016 [Test worker] DEBUG org.apache.http.wire - http-outgoing-6 >> "GET /input HTTP/1.1[\r][\n]"
11:45:32.016 [Test worker] DEBUG org.apache.http.wire - http-outgoing-6 >> "Host: 127.0.0.1:8080[\r][\n]"
11:45:32.016 [Test worker] DEBUG org.apache.http.wire - http-outgoing-6 >> "User-Agent: Mozilla/5.0 (Windows NT 6.1; rv:38.0) Gecko/20100101 Firefox/38.0[\r][\n]"
11:45:32.016 [Test worker] DEBUG org.apache.http.wire - http-outgoing-6 >> "Accept: text/html,application/xhtml+xml,application/xml;q=0.9,*/*;q=0.8[\r][\n]"
11:45:32.016 [Test worker] DEBUG org.apache.http.wire - http-outgoing-6 >> "Accept-Language: en-US[\r][\n]"
11:45:32.016 [Test worker] DEBUG org.apache.http.wire - http-outgoing-6 >> "Accept-Encoding: gzip, deflate[\r][\n]"
11:45:32.016 [Test worker] DEBUG org.apache.http.wire - http-outgoing-6 >> "Connection: Keep-Alive[\r][\n]"
11:45:32.016 [Test worker] DEBUG org.apache.http.wire - http-outgoing-6 >> "[\r][\n]"
11:45:32.020 [Test worker] DEBUG org.apache.http.wire - http-outgoing-6 << "HTTP/1.1 200 [\r][\n]"
11:45:32.020 [Test worker] DEBUG org.apache.http.wire - http-outgoing-6 << "Content-Type: text/html;charset=UTF-8[\r][\n]"
11:45:32.020 [Test worker] DEBUG org.apache.http.wire - http-outgoing-6 << "Content-Language: en-US[\r][\n]"
11:45:32.020 [Test worker] DEBUG org.apache.http.wire - http-outgoing-6 << "Transfer-Encoding: chunked[\r][\n]"
11:45:32.020 [Test worker] DEBUG org.apache.http.wire - http-outgoing-6 << "Date: Thu, 21 Jan 2021 10:45:31 GMT[\r][\n]"
11:45:32.020 [Test worker] DEBUG org.apache.http.wire - http-outgoing-6 << "Keep-Alive: timeout=60[\r][\n]"
11:45:32.020 [Test worker] DEBUG org.apache.http.wire - http-outgoing-6 << "Connection: keep-alive[\r][\n]"
11:45:32.020 [Test worker] DEBUG org.apache.http.wire - http-outgoing-6 << "[\r][\n]"
11:45:32.020 [Test worker] DEBUG org.apache.http.wire - http-outgoing-6 << "2f0[\r][\n]"
11:45:32.020 [Test worker] DEBUG org.apache.http.wire - http-outgoing-6 << "<!DOCTYPE HTML>[\n]"
11:45:32.020 [Test worker] DEBUG org.apache.http.wire - http-outgoing-6 << "<html>[\n]"
11:45:32.020 [Test worker] DEBUG org.apache.http.wire - http-outgoing-6 << "<head>[\n]"
11:45:32.020 [Test worker] DEBUG org.apache.http.wire - http-outgoing-6 << "    <title>MVC Web application</title>[\n]"
11:45:32.020 [Test worker] DEBUG org.apache.http.wire - http-outgoing-6 << "    <meta http-equiv="Content-Type" content="text/html; charset=UTF-8" />[\n]"
11:45:32.020 [Test worker] DEBUG org.apache.http.wire - http-outgoing-6 << "</head>[\n]"
11:45:32.020 [Test worker] DEBUG org.apache.http.wire - http-outgoing-6 << "[\n]"
11:45:32.020 [Test worker] DEBUG org.apache.http.wire - http-outgoing-6 << "<body>[\n]"
11:45:32.020 [Test worker] DEBUG org.apache.http.wire - http-outgoing-6 << "<h1>Inserisci un nuovo paziente</h1>[\n]"
11:45:32.020 [Test worker] DEBUG org.apache.http.wire - http-outgoing-6 << "[\n]"
11:45:32.020 [Test worker] DEBUG org.apache.http.wire - http-outgoing-6 << "<form action="create" method="post">[\n]"
11:45:32.020 [Test worker] DEBUG org.apache.http.wire - http-outgoing-6 << "    <table border="1">[\n]"
11:45:32.020 [Test worker] DEBUG org.apache.http.wire - http-outgoing-6 << "        <tr>[\n]"
11:45:32.020 [Test worker] DEBUG org.apache.http.wire - http-outgoing-6 << "            <td>Nome</td>[\n]"
11:45:32.020 [Test worker] DEBUG org.apache.http.wire - http-outgoing-6 << "            <td><input type="text" name="firstName" required></td>[\n]"
11:45:32.020 [Test worker] DEBUG org.apache.http.wire - http-outgoing-6 << "        </tr>[\n]"
11:45:32.020 [Test worker] DEBUG org.apache.http.wire - http-outgoing-6 << "        <tr>[\n]"
11:45:32.020 [Test worker] DEBUG org.apache.http.wire - http-outgoing-6 << "            <td>Cognome</td>[\n]"
11:45:32.020 [Test worker] DEBUG org.apache.http.wire - http-outgoing-6 << "            <td><input type="text" name="lastName" required><br></td>[\n]"
11:45:32.020 [Test worker] DEBUG org.apache.http.wire - http-outgoing-6 << "        </tr>[\n]"
11:45:32.020 [Test worker] DEBUG org.apache.http.wire - http-outgoing-6 << "        <tr>[\n]"
11:45:32.020 [Test worker] DEBUG org.apache.http.wire - http-outgoing-6 << "            <td>Data ricovero</td>[\n]"
11:45:32.020 [Test worker] DEBUG org.apache.http.wire - http-outgoing-6 << "            <td><input type="date" name="admissionDate" required><br></td>[\n]"
11:45:32.020 [Test worker] DEBUG org.apache.http.wire - http-outgoing-6 << "        </tr>[\n]"
11:45:32.020 [Test worker] DEBUG org.apache.http.wire - http-outgoing-6 << "    </table>[\n]"
11:45:32.020 [Test worker] DEBUG org.apache.http.wire - http-outgoing-6 << "[\n]"
11:45:32.020 [Test worker] DEBUG org.apache.http.wire - http-outgoing-6 << "    <input type="submit" />[\n]"
11:45:32.020 [Test worker] DEBUG org.apache.http.wire - http-outgoing-6 << "</form>[\n]"
11:45:32.020 [Test worker] DEBUG org.apache.http.wire - http-outgoing-6 << "[\n]"
11:45:32.020 [Test worker] DEBUG org.apache.http.wire - http-outgoing-6 << "<br>[\n]"
11:45:32.020 [Test worker] DEBUG org.apache.http.wire - http-outgoing-6 << "<a href="list"> Torna alla lista </a>[\n]"
11:45:32.020 [Test worker] DEBUG org.apache.http.wire - http-outgoing-6 << "[\n]"
11:45:32.020 [Test worker] DEBUG org.apache.http.wire - http-outgoing-6 << "</body>[\n]"
11:45:32.020 [Test worker] DEBUG org.apache.http.wire - http-outgoing-6 << "</html>[\n]"
11:45:32.020 [Test worker] DEBUG org.apache.http.wire - http-outgoing-6 << "[\n]"
11:45:32.020 [Test worker] DEBUG org.apache.http.wire - http-outgoing-6 << "[\r][\n]"
11:45:32.020 [Test worker] DEBUG org.apache.http.headers - http-outgoing-6 << HTTP/1.1 200 
11:45:32.021 [Test worker] DEBUG org.apache.http.headers - http-outgoing-6 << Content-Type: text/html;charset=UTF-8
11:45:32.021 [Test worker] DEBUG org.apache.http.headers - http-outgoing-6 << Content-Language: en-US
11:45:32.021 [Test worker] DEBUG org.apache.http.headers - http-outgoing-6 << Transfer-Encoding: chunked
11:45:32.021 [Test worker] DEBUG org.apache.http.headers - http-outgoing-6 << Date: Thu, 21 Jan 2021 10:45:31 GMT
11:45:32.021 [Test worker] DEBUG org.apache.http.headers - http-outgoing-6 << Keep-Alive: timeout=60
11:45:32.021 [Test worker] DEBUG org.apache.http.headers - http-outgoing-6 << Connection: keep-alive
11:45:32.021 [Test worker] DEBUG org.apache.http.impl.execchain.MainClientExec - Connection can be kept alive for 60000 MILLISECONDS
11:45:32.021 [Test worker] DEBUG org.apache.http.wire - http-outgoing-6 << "0[\r][\n]"
11:45:32.021 [Test worker] DEBUG org.apache.http.wire - http-outgoing-6 << "[\r][\n]"
11:45:32.021 [Test worker] DEBUG org.apache.http.impl.conn.PoolingHttpClientConnectionManager - Connection [id: 6][route: {}->http://127.0.0.1:8080] can be kept alive for 60.0 seconds
11:45:32.021 [Test worker] DEBUG org.apache.http.impl.conn.DefaultManagedHttpClientConnection - http-outgoing-6: set socket timeout to 0
11:45:32.021 [Test worker] DEBUG org.apache.http.impl.conn.PoolingHttpClientConnectionManager - Connection released: [id: 6][route: {}->http://127.0.0.1:8080][total available: 1; route allocated: 1 of 6; total allocated: 1 of 20]
11:45:32.021 [Test worker] DEBUG com.gargoylesoftware.htmlunit.WebWindowImpl - setEnclosedPage: HtmlPage(http://127.0.0.1:8080/input)@1159464392
11:45:32.021 [Test worker] DEBUG com.gargoylesoftware.htmlunit.WebWindowImpl - destroyChildren
11:45:32.026 [Test worker] DEBUG com.gargoylesoftware.htmlunit.util.EncodingSniffer - Encoding found in HTTP headers: 'UTF-8'.
11:45:32.027 [Test worker] DEBUG net.sourceforge.jwebunit.htmlunit.HtmlUnitTestingEngineImpl - Window "" changed : "no_html" became "MVC Web application
11:45:32.028 [Test worker] DEBUG com.gargoylesoftware.htmlunit.html.DomElement - Firing Event DOMContentLoaded (Current Target: HTMLElement for HtmlHtml[<html>]);
11:45:32.028 [Test worker] DEBUG com.gargoylesoftware.htmlunit.html.DomElement - Firing Event load (Current Target: HTMLElement for HtmlHtml[<html>]);
11:45:32.028 [Test worker] DEBUG com.gargoylesoftware.htmlunit.html.DomElement - Firing Event change (Current Target: HTMLElement for HtmlTextInput[<input type="text" name="firstName" required="" value="Michele">]);
11:45:32.028 [Test worker] DEBUG com.gargoylesoftware.htmlunit.html.DomElement - Firing Event change (Current Target: HTMLElement for HtmlTextInput[<input type="text" name="lastName" required="" value="Bianchi">]);
11:45:32.028 [Test worker] DEBUG com.gargoylesoftware.htmlunit.html.DomElement - Firing Event change (Current Target: HTMLElement for HtmlDateInput[<input type="date" name="admissionDate" required="" value="1993-06-11">]);
11:45:32.029 [Test worker] DEBUG com.gargoylesoftware.htmlunit.html.DomElement - Firing Event mousedown (Current Target: HTMLElement for HtmlSubmitInput[<input type="submit">]);
11:45:32.029 [Test worker] DEBUG com.gargoylesoftware.htmlunit.html.DomElement - Firing Event focus (Current Target: HTMLElement for HtmlSubmitInput[<input type="submit">]);
11:45:32.029 [Test worker] DEBUG com.gargoylesoftware.htmlunit.html.DomElement - Firing Event mouseup (Current Target: HTMLElement for HtmlSubmitInput[<input type="submit">]);
11:45:32.029 [Test worker] DEBUG com.gargoylesoftware.htmlunit.html.DomElement - Firing Event click (Current Target: HTMLElement for HtmlSubmitInput[<input type="submit">]);
11:45:32.029 [Test worker] DEBUG com.gargoylesoftware.htmlunit.html.DomElement - Firing Event submit (Current Target: HTMLElement for HtmlForm[<form action="create" method="post">]);
11:45:32.029 [Test worker] DEBUG com.gargoylesoftware.htmlunit.util.EncodingSniffer - Encoding found in HTTP headers: 'UTF-8'.
11:45:32.029 [Test worker] DEBUG com.gargoylesoftware.htmlunit.WebClient - Load response for POST http://127.0.0.1:8080/create
11:45:32.030 [Test worker] DEBUG org.apache.http.client.protocol.RequestAddCookies - CookieSpec selected: mine
11:45:32.030 [Test worker] DEBUG org.apache.http.client.protocol.RequestAuthCache - Auth cache not set in the context
11:45:32.031 [Test worker] DEBUG org.apache.http.impl.conn.PoolingHttpClientConnectionManager - Connection request: [route: {}->http://127.0.0.1:8080][total available: 1; route allocated: 1 of 6; total allocated: 1 of 20]
11:45:32.031 [Test worker] DEBUG org.apache.http.impl.conn.PoolingHttpClientConnectionManager - Connection leased: [id: 6][route: {}->http://127.0.0.1:8080][total available: 0; route allocated: 1 of 6; total allocated: 1 of 20]
11:45:32.031 [Test worker] DEBUG org.apache.http.impl.conn.DefaultManagedHttpClientConnection - http-outgoing-6: set socket timeout to 0
11:45:32.031 [Test worker] DEBUG org.apache.http.impl.conn.DefaultManagedHttpClientConnection - http-outgoing-6: set socket timeout to 0
11:45:32.031 [Test worker] DEBUG org.apache.http.impl.execchain.MainClientExec - Executing request POST /create HTTP/1.1
11:45:32.031 [Test worker] DEBUG org.apache.http.impl.execchain.MainClientExec - Target auth state: UNCHALLENGED
11:45:32.031 [Test worker] DEBUG org.apache.http.impl.execchain.MainClientExec - Proxy auth state: UNCHALLENGED
11:45:32.031 [Test worker] DEBUG org.apache.http.headers - http-outgoing-6 >> POST /create HTTP/1.1
11:45:32.031 [Test worker] DEBUG org.apache.http.headers - http-outgoing-6 >> Host: 127.0.0.1:8080
11:45:32.031 [Test worker] DEBUG org.apache.http.headers - http-outgoing-6 >> User-Agent: Mozilla/5.0 (Windows NT 6.1; rv:38.0) Gecko/20100101 Firefox/38.0
11:45:32.031 [Test worker] DEBUG org.apache.http.headers - http-outgoing-6 >> Accept: */*
11:45:32.031 [Test worker] DEBUG org.apache.http.headers - http-outgoing-6 >> Accept-Language: en-US
11:45:32.031 [Test worker] DEBUG org.apache.http.headers - http-outgoing-6 >> Accept-Encoding: gzip, deflate
11:45:32.031 [Test worker] DEBUG org.apache.http.headers - http-outgoing-6 >> Referer: http://127.0.0.1:8080/input
11:45:32.031 [Test worker] DEBUG org.apache.http.headers - http-outgoing-6 >> Connection: Keep-Alive
11:45:32.031 [Test worker] DEBUG org.apache.http.headers - http-outgoing-6 >> Content-Length: 59
11:45:32.031 [Test worker] DEBUG org.apache.http.headers - http-outgoing-6 >> Content-Type: application/x-www-form-urlencoded
11:45:32.031 [Test worker] DEBUG org.apache.http.wire - http-outgoing-6 >> "POST /create HTTP/1.1[\r][\n]"
11:45:32.031 [Test worker] DEBUG org.apache.http.wire - http-outgoing-6 >> "Host: 127.0.0.1:8080[\r][\n]"
11:45:32.031 [Test worker] DEBUG org.apache.http.wire - http-outgoing-6 >> "User-Agent: Mozilla/5.0 (Windows NT 6.1; rv:38.0) Gecko/20100101 Firefox/38.0[\r][\n]"
11:45:32.031 [Test worker] DEBUG org.apache.http.wire - http-outgoing-6 >> "Accept: */*[\r][\n]"
11:45:32.031 [Test worker] DEBUG org.apache.http.wire - http-outgoing-6 >> "Accept-Language: en-US[\r][\n]"
11:45:32.031 [Test worker] DEBUG org.apache.http.wire - http-outgoing-6 >> "Accept-Encoding: gzip, deflate[\r][\n]"
11:45:32.031 [Test worker] DEBUG org.apache.http.wire - http-outgoing-6 >> "Referer: http://127.0.0.1:8080/input[\r][\n]"
11:45:32.031 [Test worker] DEBUG org.apache.http.wire - http-outgoing-6 >> "Connection: Keep-Alive[\r][\n]"
11:45:32.031 [Test worker] DEBUG org.apache.http.wire - http-outgoing-6 >> "Content-Length: 59[\r][\n]"
11:45:32.031 [Test worker] DEBUG org.apache.http.wire - http-outgoing-6 >> "Content-Type: application/x-www-form-urlencoded[\r][\n]"
11:45:32.031 [Test worker] DEBUG org.apache.http.wire - http-outgoing-6 >> "[\r][\n]"
11:45:32.031 [Test worker] DEBUG org.apache.http.wire - http-outgoing-6 >> "firstName=Michele&lastName=Bianchi&admissionDate=1993-06-11"
11:45:32.037 [Test worker] DEBUG org.apache.http.wire - http-outgoing-6 << "HTTP/1.1 302 [\r][\n]"
11:45:32.037 [Test worker] DEBUG org.apache.http.wire - http-outgoing-6 << "Location: http://127.0.0.1:8080/list[\r][\n]"
11:45:32.037 [Test worker] DEBUG org.apache.http.wire - http-outgoing-6 << "Content-Language: en-US[\r][\n]"
11:45:32.037 [Test worker] DEBUG org.apache.http.wire - http-outgoing-6 << "Content-Length: 0[\r][\n]"
11:45:32.037 [Test worker] DEBUG org.apache.http.wire - http-outgoing-6 << "Date: Thu, 21 Jan 2021 10:45:31 GMT[\r][\n]"
11:45:32.037 [Test worker] DEBUG org.apache.http.wire - http-outgoing-6 << "Keep-Alive: timeout=60[\r][\n]"
11:45:32.037 [Test worker] DEBUG org.apache.http.wire - http-outgoing-6 << "Connection: keep-alive[\r][\n]"
11:45:32.037 [Test worker] DEBUG org.apache.http.wire - http-outgoing-6 << "[\r][\n]"
11:45:32.037 [Test worker] DEBUG org.apache.http.headers - http-outgoing-6 << HTTP/1.1 302 
11:45:32.037 [Test worker] DEBUG org.apache.http.headers - http-outgoing-6 << Location: http://127.0.0.1:8080/list
11:45:32.037 [Test worker] DEBUG org.apache.http.headers - http-outgoing-6 << Content-Language: en-US
11:45:32.037 [Test worker] DEBUG org.apache.http.headers - http-outgoing-6 << Content-Length: 0
11:45:32.037 [Test worker] DEBUG org.apache.http.headers - http-outgoing-6 << Date: Thu, 21 Jan 2021 10:45:31 GMT
11:45:32.037 [Test worker] DEBUG org.apache.http.headers - http-outgoing-6 << Keep-Alive: timeout=60
11:45:32.037 [Test worker] DEBUG org.apache.http.headers - http-outgoing-6 << Connection: keep-alive
11:45:32.037 [Test worker] DEBUG org.apache.http.impl.execchain.MainClientExec - Connection can be kept alive for 60000 MILLISECONDS
11:45:32.037 [Test worker] DEBUG org.apache.http.impl.conn.PoolingHttpClientConnectionManager - Connection [id: 6][route: {}->http://127.0.0.1:8080] can be kept alive for 60.0 seconds
11:45:32.037 [Test worker] DEBUG org.apache.http.impl.conn.DefaultManagedHttpClientConnection - http-outgoing-6: set socket timeout to 0
11:45:32.037 [Test worker] DEBUG org.apache.http.impl.conn.PoolingHttpClientConnectionManager - Connection released: [id: 6][route: {}->http://127.0.0.1:8080][total available: 1; route allocated: 1 of 6; total allocated: 1 of 20]
11:45:32.038 [Test worker] DEBUG com.gargoylesoftware.htmlunit.WebClient - Got a redirect status code [302] new location = [http://127.0.0.1:8080/list]
11:45:32.038 [Test worker] DEBUG com.gargoylesoftware.htmlunit.WebClient - Load response for GET http://127.0.0.1:8080/list
11:45:32.038 [Test worker] DEBUG org.apache.http.client.protocol.RequestAddCookies - CookieSpec selected: mine
11:45:32.039 [Test worker] DEBUG org.apache.http.client.protocol.RequestAuthCache - Auth cache not set in the context
11:45:32.039 [Test worker] DEBUG org.apache.http.impl.conn.PoolingHttpClientConnectionManager - Connection request: [route: {}->http://127.0.0.1:8080][total available: 1; route allocated: 1 of 6; total allocated: 1 of 20]
11:45:32.039 [Test worker] DEBUG org.apache.http.impl.conn.PoolingHttpClientConnectionManager - Connection leased: [id: 6][route: {}->http://127.0.0.1:8080][total available: 0; route allocated: 1 of 6; total allocated: 1 of 20]
11:45:32.039 [Test worker] DEBUG org.apache.http.impl.conn.DefaultManagedHttpClientConnection - http-outgoing-6: set socket timeout to 0
11:45:32.039 [Test worker] DEBUG org.apache.http.impl.conn.DefaultManagedHttpClientConnection - http-outgoing-6: set socket timeout to 0
11:45:32.039 [Test worker] DEBUG org.apache.http.impl.execchain.MainClientExec - Executing request GET /list HTTP/1.1
11:45:32.039 [Test worker] DEBUG org.apache.http.impl.execchain.MainClientExec - Target auth state: UNCHALLENGED
11:45:32.039 [Test worker] DEBUG org.apache.http.impl.execchain.MainClientExec - Proxy auth state: UNCHALLENGED
11:45:32.039 [Test worker] DEBUG org.apache.http.headers - http-outgoing-6 >> GET /list HTTP/1.1
11:45:32.039 [Test worker] DEBUG org.apache.http.headers - http-outgoing-6 >> Host: 127.0.0.1:8080
11:45:32.039 [Test worker] DEBUG org.apache.http.headers - http-outgoing-6 >> User-Agent: Mozilla/5.0 (Windows NT 6.1; rv:38.0) Gecko/20100101 Firefox/38.0
11:45:32.039 [Test worker] DEBUG org.apache.http.headers - http-outgoing-6 >> Accept: */*
11:45:32.039 [Test worker] DEBUG org.apache.http.headers - http-outgoing-6 >> Accept-Language: en-US
11:45:32.039 [Test worker] DEBUG org.apache.http.headers - http-outgoing-6 >> Accept-Encoding: gzip, deflate
11:45:32.039 [Test worker] DEBUG org.apache.http.headers - http-outgoing-6 >> Referer: http://127.0.0.1:8080/input
11:45:32.039 [Test worker] DEBUG org.apache.http.headers - http-outgoing-6 >> Connection: Keep-Alive
11:45:32.039 [Test worker] DEBUG org.apache.http.wire - http-outgoing-6 >> "GET /list HTTP/1.1[\r][\n]"
11:45:32.039 [Test worker] DEBUG org.apache.http.wire - http-outgoing-6 >> "Host: 127.0.0.1:8080[\r][\n]"
11:45:32.039 [Test worker] DEBUG org.apache.http.wire - http-outgoing-6 >> "User-Agent: Mozilla/5.0 (Windows NT 6.1; rv:38.0) Gecko/20100101 Firefox/38.0[\r][\n]"
11:45:32.039 [Test worker] DEBUG org.apache.http.wire - http-outgoing-6 >> "Accept: */*[\r][\n]"
11:45:32.039 [Test worker] DEBUG org.apache.http.wire - http-outgoing-6 >> "Accept-Language: en-US[\r][\n]"
11:45:32.039 [Test worker] DEBUG org.apache.http.wire - http-outgoing-6 >> "Accept-Encoding: gzip, deflate[\r][\n]"
11:45:32.039 [Test worker] DEBUG org.apache.http.wire - http-outgoing-6 >> "Referer: http://127.0.0.1:8080/input[\r][\n]"
11:45:32.039 [Test worker] DEBUG org.apache.http.wire - http-outgoing-6 >> "Connection: Keep-Alive[\r][\n]"
11:45:32.039 [Test worker] DEBUG org.apache.http.wire - http-outgoing-6 >> "[\r][\n]"
11:45:32.047 [Test worker] DEBUG org.apache.http.wire - http-outgoing-6 << "HTTP/1.1 200 [\r][\n]"
11:45:32.048 [Test worker] DEBUG org.apache.http.wire - http-outgoing-6 << "Content-Type: text/html;charset=UTF-8[\r][\n]"
11:45:32.048 [Test worker] DEBUG org.apache.http.wire - http-outgoing-6 << "Content-Language: en-US[\r][\n]"
11:45:32.048 [Test worker] DEBUG org.apache.http.wire - http-outgoing-6 << "Transfer-Encoding: chunked[\r][\n]"
11:45:32.048 [Test worker] DEBUG org.apache.http.wire - http-outgoing-6 << "Date: Thu, 21 Jan 2021 10:45:31 GMT[\r][\n]"
11:45:32.048 [Test worker] DEBUG org.apache.http.wire - http-outgoing-6 << "Keep-Alive: timeout=60[\r][\n]"
11:45:32.048 [Test worker] DEBUG org.apache.http.wire - http-outgoing-6 << "Connection: keep-alive[\r][\n]"
11:45:32.048 [Test worker] DEBUG org.apache.http.wire - http-outgoing-6 << "[\r][\n]"
11:45:32.048 [Test worker] DEBUG org.apache.http.wire - http-outgoing-6 << "111c[\r][\n]"
11:45:32.048 [Test worker] DEBUG org.apache.http.wire - http-outgoing-6 << "<!DOCTYPE HTML>[\n]"
11:45:32.048 [Test worker] DEBUG org.apache.http.wire - http-outgoing-6 << "<html>[\n]"
11:45:32.048 [Test worker] DEBUG org.apache.http.wire - http-outgoing-6 << "<head>[\n]"
11:45:32.048 [Test worker] DEBUG org.apache.http.wire - http-outgoing-6 << "    <title>MVC Web application</title>[\n]"
11:45:32.048 [Test worker] DEBUG org.apache.http.wire - http-outgoing-6 << "    <meta http-equiv="Content-Type" content="text/html; charset=UTF-8" />[\n]"
11:45:32.048 [Test worker] DEBUG org.apache.http.wire - http-outgoing-6 << "</head>[\n]"
11:45:32.048 [Test worker] DEBUG org.apache.http.wire - http-outgoing-6 << "[\n]"
11:45:32.048 [Test worker] DEBUG org.apache.http.wire - http-outgoing-6 << "<body>[\n]"
11:45:32.048 [Test worker] DEBUG org.apache.http.wire - http-outgoing-6 << "<h1>Pazienti Ricoverati</h1>[\n]"
11:45:32.048 [Test worker] DEBUG org.apache.http.wire - http-outgoing-6 << "[\n]"
11:45:32.048 [Test worker] DEBUG org.apache.http.wire - http-outgoing-6 << "<table border="1" id="present" name="present">[\n]"
11:45:32.048 [Test worker] DEBUG org.apache.http.wire - http-outgoing-6 << "    <thead>[\n]"
11:45:32.048 [Test worker] DEBUG org.apache.http.wire - http-outgoing-6 << "    <tr>[\n]"
11:45:32.048 [Test worker] DEBUG org.apache.http.wire - http-outgoing-6 << "        <th>Id</th>[\n]"
11:45:32.048 [Test worker] DEBUG org.apache.http.wire - http-outgoing-6 << "        <th>Nome</th>[\n]"
11:45:32.048 [Test worker] DEBUG org.apache.http.wire - http-outgoing-6 << "        <th>Cognome</th>[\n]"
11:45:32.048 [Test worker] DEBUG org.apache.http.wire - http-outgoing-6 << "        <th>Data ricovero</th>[\n]"
11:45:32.048 [Test worker] DEBUG org.apache.http.wire - http-outgoing-6 << "        <th>Data dimissione</th>[\n]"
11:45:32.048 [Test worker] DEBUG org.apache.http.wire - http-outgoing-6 << "        <th>Mostra</th>[\n]"
11:45:32.048 [Test worker] DEBUG org.apache.http.wire - http-outgoing-6 << "        <th>Modifica</th>[\n]"
11:45:32.048 [Test worker] DEBUG org.apache.http.wire - http-outgoing-6 << "        <th>Dimetti</th>[\n]"
11:45:32.048 [Test worker] DEBUG org.apache.http.wire - http-outgoing-6 << "        <th>Cancella</th>[\n]"
11:45:32.048 [Test worker] DEBUG org.apache.http.wire - http-outgoing-6 << "        <th>Stampa</th>[\n]"
11:45:32.048 [Test worker] DEBUG org.apache.http.wire - http-outgoing-6 << "    </tr>[\n]"
11:45:32.048 [Test worker] DEBUG org.apache.http.wire - http-outgoing-6 << "    </thead>[\n]"
11:45:32.048 [Test worker] DEBUG org.apache.http.wire - http-outgoing-6 << "    <tbody>[\n]"
11:45:32.048 [Test worker] DEBUG org.apache.http.wire - http-outgoing-6 << "        <tr>[\n]"
11:45:32.048 [Test worker] DEBUG org.apache.http.wire - http-outgoing-6 << "            <td id="id">4</td>[\n]"
11:45:32.048 [Test worker] DEBUG org.apache.http.wire - http-outgoing-6 << "            <td style="text-align:center;">Andrea</td>[\n]"
11:45:32.048 [Test worker] DEBUG org.apache.http.wire - http-outgoing-6 << "            <td id='lastName' style="text-align:center;">Rossi</td>[\n]"
11:45:32.048 [Test worker] DEBUG org.apache.http.wire - http-outgoing-6 << "            <td style="text-align:center;">11/06/1993</td>[\n]"
11:45:32.048 [Test worker] DEBUG org.apache.http.wire - http-outgoing-6 << "            <td style="text-align:center;"></td>[\n]"
11:45:32.048 [Test worker] DEBUG org.apache.http.wire - http-outgoing-6 << "            <td> <a href="cartella?id=4" style="text-align:center;"> Cartella </a></td>[\n]"
11:45:32.048 [Test worker] DEBUG org.apache.http.wire - http-outgoing-6 << "            <td> <a href="edit?id=4" id="modifica" style="text-align:center;"> Modifica </a></td>[\n]"
11:45:32.048 [Test worker] DEBUG org.apache.http.wire - http-outgoing-6 << "            <td> <a href="dimetti?id=4" style="text-align:center;"> Dimetti </a></td>[\n]"
11:45:32.048 [Test worker] DEBUG org.apache.http.wire - http-outgoing-6 << "            <td> <a href="delete?id=4" id="cancella" style="text-align:center;"> Cancella </a></td>[\n]"
11:45:32.048 [Test worker] DEBUG org.apache.http.wire - http-outgoing-6 << "            <td><button><a href="print?id=4" style="text-align:center;text-decoration:none;"> Stampa scheda </a></button></td>[\n]"
11:45:32.048 [Test worker] DEBUG org.apache.http.wire - http-outgoing-6 << "        </tr>[\n]"
11:45:32.048 [Test worker] DEBUG org.apache.http.wire - http-outgoing-6 << "        <tr>[\n]"
11:45:32.048 [Test worker] DEBUG org.apache.http.wire - http-outgoing-6 << "            <td id="id">5</td>[\n]"
11:45:32.048 [Test worker] DEBUG org.apache.http.wire - http-outgoing-6 << "            <td style="text-align:center;">Michele</td>[\n]"
11:45:32.048 [Test worker] DEBUG org.apache.http.wire - http-outgoing-6 << "            <td id='lastName' style="text-align:center;">Bianchi</td>[\n]"
11:45:32.048 [Test worker] DEBUG org.apache.http.wire - http-outgoing-6 << "            <td style="text-align:center;">11/06/1993</td>[\n]"
11:45:32.048 [Test worker] DEBUG org.apache.http.wire - http-outgoing-6 << "            <td style="text-align:center;"></td>[\n]"
11:45:32.048 [Test worker] DEBUG org.apache.http.wire - http-outgoing-6 << "            <td> <a href="cartella?id=5" style="text-align:center;"> Cartella </a></td>[\n]"
11:45:32.048 [Test worker] DEBUG org.apache.http.wire - http-outgoing-6 << "            <td> <a href="edit?id=5" id="modifica" style="text-align:center;"> Modifica </a></td>[\n]"
11:45:32.048 [Test worker] DEBUG org.apache.http.wire - http-outgoing-6 << "            <td> <a href="dimetti?id=5" style="text-align:center;"> Dimetti </a></td>[\n]"
11:45:32.048 [Test worker] DEBUG org.apache.http.wire - http-outgoing-6 << "            <td> <a href="delete?id=5" id="cancella" style="text-align:center;"> Cancella </a></td>[\n]"
11:45:32.048 [Test worker] DEBUG org.apache.http.wire - http-outgoing-6 << "            <td><button><a href="print?id=5" style="text-align:center;text-decoration:none;"> Stampa scheda </a></button></td>[\n]"
11:45:32.048 [Test worker] DEBUG org.apache.http.wire - http-outgoing-6 << "        </tr>[\n]"
11:45:32.048 [Test worker] DEBUG org.apache.http.wire - http-outgoing-6 << "        <tr>[\n]"
11:45:32.048 [Test worker] DEBUG org.apache.http.wire - http-outgoing-6 << "            <td id="id">6</td>[\n]"
11:45:32.048 [Test worker] DEBUG org.apache.http.wire - http-outgoing-6 << "            <td style="text-align:center;">Michele</td>[\n]"
11:45:32.048 [Test worker] DEBUG org.apache.http.wire - http-outgoing-6 << "            <td id='lastName' style="text-align:center;">Bianchi</td>[\n]"
11:45:32.048 [Test worker] DEBUG org.apache.http.wire - http-outgoing-6 << "            <td style="text-align:center;">11/06/1993</td>[\n]"
11:45:32.048 [Test worker] DEBUG org.apache.http.wire - http-outgoing-6 << "            <td style="text-align:center;"></td>[\n]"
11:45:32.048 [Test worker] DEBUG org.apache.http.wire - http-outgoing-6 << "            <td> <a href="cartella?id=6" style="text-align:center;"> Cartella </a></td>[\n]"
11:45:32.048 [Test worker] DEBUG org.apache.http.wire - http-outgoing-6 << "            <td> <a href="edit?id=6" id="modifica" style="text-align:center;"> Modifica </a></td>[\n]"
11:45:32.048 [Test worker] DEBUG org.apache.http.wire - http-outgoing-6 << "            <td> <a href="dimetti?id=6" style="text-align:center;"> Dimetti </a></td>[\n]"
11:45:32.048 [Test worker] DEBUG org.apache.http.wire - http-outgoing-6 << "            <td> <a href="delete?id=6" id="cancella" style="text-align:center;"> Cancella </a></td>[\n]"
11:45:32.048 [Test worker] DEBUG org.apache.http.wire - http-outgoing-6 << "            <td><button><a href="print?id=6" style="text-align:center;text-decoration:none;"> Stampa scheda </a></button></td>[\n]"
11:45:32.048 [Test worker] DEBUG org.apache.http.wire - http-outgoing-6 << "        </tr>[\n]"
11:45:32.048 [Test worker] DEBUG org.apache.http.wire - http-outgoing-6 << "        </tbody>[\n]"
11:45:32.049 [Test worker] DEBUG org.apache.http.wire - http-outgoing-6 << "</table>[\n]"
11:45:32.049 [Test worker] DEBUG org.apache.http.wire - http-outgoing-6 << "[\n]"
11:45:32.049 [Test worker] DEBUG org.apache.http.wire - http-outgoing-6 << "<h1>Pazienti Dimessi</h1>[\n]"
11:45:32.049 [Test worker] DEBUG org.apache.http.wire - http-outgoing-6 << "<table border="1" id="discharged" name="discharged">[\n]"
11:45:32.049 [Test worker] DEBUG org.apache.http.wire - http-outgoing-6 << "    <thead>[\n]"
11:45:32.049 [Test worker] DEBUG org.apache.http.wire - http-outgoing-6 << "    <tr>[\n]"
11:45:32.049 [Test worker] DEBUG org.apache.http.wire - http-outgoing-6 << "        <th>Id</th>[\n]"
11:45:32.049 [Test worker] DEBUG org.apache.http.wire - http-outgoing-6 << "        <th>Nome</th>[\n]"
11:45:32.049 [Test worker] DEBUG org.apache.http.wire - http-outgoing-6 << "        <th>Cognome</th>[\n]"
11:45:32.049 [Test worker] DEBUG org.apache.http.wire - http-outgoing-6 << "        <th>Data Ricovero</th>[\n]"
11:45:32.049 [Test worker] DEBUG org.apache.http.wire - http-outgoing-6 << "        <th>Data Dimissione</th>[\n]"
11:45:32.049 [Test worker] DEBUG org.apache.http.wire - http-outgoing-6 << "        <th>Cartella</th>[\n]"
11:45:32.049 [Test worker] DEBUG org.apache.http.wire - http-outgoing-6 << "        <th>Modifica</th>[\n]"
11:45:32.049 [Test worker] DEBUG org.apache.http.wire - http-outgoing-6 << "        <th>Cancella</th>[\n]"
11:45:32.049 [Test worker] DEBUG org.apache.http.wire - http-outgoing-6 << "        <th>Stampa</th>[\n]"
11:45:32.049 [Test worker] DEBUG org.apache.http.wire - http-outgoing-6 << "    </tr>[\n]"
11:45:32.049 [Test worker] DEBUG org.apache.http.wire - http-outgoing-6 << "    </thead>[\n]"
11:45:32.049 [Test worker] DEBUG org.apache.http.wire - http-outgoing-6 << "    <tbody>[\n]"
11:45:32.049 [Test worker] DEBUG org.apache.http.wire - http-outgoing-6 << "    <tr>[\n]"
11:45:32.049 [Test worker] DEBUG org.apache.http.wire - http-outgoing-6 << "        <td id="idDischarged">1</td>[\n]"
11:45:32.049 [Test worker] DEBUG org.apache.http.wire - http-outgoing-6 << "        <td style="text-align:center;">Michele</td>[\n]"
11:45:32.049 [Test worker] DEBUG org.apache.http.wire - http-outgoing-6 << "        <td id='lastNameDischarged' style="text-align:center;">Bianchi</td>[\n]"
11:45:32.049 [Test worker] DEBUG org.apache.http.wire - http-outgoing-6 << "        <td style="text-align:center;">11/06/1993</td>[\n]"
11:45:32.049 [Test worker] DEBUG org.apache.http.wire - http-outgoing-6 << "        <td style="text-align:center;">21/01/2021</td>[\n]"
11:45:32.049 [Test worker] DEBUG org.apache.http.wire - http-outgoing-6 << "        <td> <a href="cartella?id=1" style="text-align:center;"> Cartella </a></td>[\n]"
11:45:32.049 [Test worker] DEBUG org.apache.http.wire - http-outgoing-6 << "        <td> <a id="modificaDischarged" style="text-align:center; cursor:not-allowed; pointer-events:none; color:grey;"> Modifica </a></td>[\n]"
11:45:32.049 [Test worker] DEBUG org.apache.http.wire - http-outgoing-6 << "        <td> <a id="cancellaDischarged" style="text-align:center; cursor:not-allowed; pointer-events:none; color:grey;"> Cancella </a></td>[\n]"
11:45:32.049 [Test worker] DEBUG org.apache.http.wire - http-outgoing-6 << "        <td><button><a href="print?id=1" style="text-align:center;text-decoration:none;"> Stampa scheda </a></button></td>[\n]"
11:45:32.049 [Test worker] DEBUG org.apache.http.wire - http-outgoing-6 << "    </tr>[\n]"
11:45:32.049 [Test worker] DEBUG org.apache.http.wire - http-outgoing-6 << "    </tbody>[\n]"
11:45:32.049 [Test worker] DEBUG org.apache.http.wire - http-outgoing-6 << "</table>[\n]"
11:45:32.049 [Test worker] DEBUG org.apache.http.wire - http-outgoing-6 << "<br>[\n]"
11:45:32.049 [Test worker] DEBUG org.apache.http.wire - http-outgoing-6 << "<button><a href="input" style="text-decoration:none;">Registra un paziente</a></button>[\n]"
11:45:32.049 [Test worker] DEBUG org.apache.http.wire - http-outgoing-6 << "<br>[\n]"
11:45:32.049 [Test worker] DEBUG org.apache.http.wire - http-outgoing-6 << "<br>[\n]"
11:45:32.049 [Test worker] DEBUG org.apache.http.wire - http-outgoing-6 << "[\n]"
11:45:32.049 [Test worker] DEBUG org.apache.http.wire - http-outgoing-6 << "<form action="search" method="post">[\n]"
11:45:32.049 [Test worker] DEBUG org.apache.http.wire - http-outgoing-6 << "    Cognome Paziente: <input type="text" name="lastName"/>[\n]"
11:45:32.049 [Test worker] DEBUG org.apache.http.wire - http-outgoing-6 << "    <input type="submit" value="Cerca"/>[\n]"
11:45:32.049 [Test worker] DEBUG org.apache.http.wire - http-outgoing-6 << "</form>[\n]"
11:45:32.049 [Test worker] DEBUG org.apache.http.wire - http-outgoing-6 << "</body>[\n]"
11:45:32.049 [Test worker] DEBUG org.apache.http.wire - http-outgoing-6 << "</html>[\r][\n]"
11:45:32.049 [Test worker] DEBUG org.apache.http.headers - http-outgoing-6 << HTTP/1.1 200 
11:45:32.049 [Test worker] DEBUG org.apache.http.headers - http-outgoing-6 << Content-Type: text/html;charset=UTF-8
11:45:32.049 [Test worker] DEBUG org.apache.http.headers - http-outgoing-6 << Content-Language: en-US
11:45:32.049 [Test worker] DEBUG org.apache.http.headers - http-outgoing-6 << Transfer-Encoding: chunked
11:45:32.049 [Test worker] DEBUG org.apache.http.headers - http-outgoing-6 << Date: Thu, 21 Jan 2021 10:45:31 GMT
11:45:32.049 [Test worker] DEBUG org.apache.http.headers - http-outgoing-6 << Keep-Alive: timeout=60
11:45:32.049 [Test worker] DEBUG org.apache.http.headers - http-outgoing-6 << Connection: keep-alive
11:45:32.050 [Test worker] DEBUG org.apache.http.impl.execchain.MainClientExec - Connection can be kept alive for 60000 MILLISECONDS
11:45:32.050 [Test worker] DEBUG org.apache.http.wire - http-outgoing-6 << "0[\r][\n]"
11:45:32.050 [Test worker] DEBUG org.apache.http.wire - http-outgoing-6 << "[\r][\n]"
11:45:32.050 [Test worker] DEBUG org.apache.http.impl.conn.PoolingHttpClientConnectionManager - Connection [id: 6][route: {}->http://127.0.0.1:8080] can be kept alive for 60.0 seconds
11:45:32.050 [Test worker] DEBUG org.apache.http.impl.conn.DefaultManagedHttpClientConnection - http-outgoing-6: set socket timeout to 0
11:45:32.050 [Test worker] DEBUG org.apache.http.impl.conn.PoolingHttpClientConnectionManager - Connection released: [id: 6][route: {}->http://127.0.0.1:8080][total available: 1; route allocated: 1 of 6; total allocated: 1 of 20]
11:45:32.050 [Test worker] DEBUG com.gargoylesoftware.htmlunit.html.DomElement - Firing Event unload (Current Target: HTMLElement for HtmlHtml[<html>]);
11:45:32.051 [Test worker] DEBUG com.gargoylesoftware.htmlunit.WebWindowImpl - setEnclosedPage: HtmlPage(http://127.0.0.1:8080/list)@932020692
11:45:32.051 [Test worker] DEBUG com.gargoylesoftware.htmlunit.WebWindowImpl - destroyChildren
11:45:32.057 [Test worker] DEBUG com.gargoylesoftware.htmlunit.util.EncodingSniffer - Encoding found in HTTP headers: 'UTF-8'.
11:45:32.061 [Test worker] DEBUG net.sourceforge.jwebunit.htmlunit.HtmlUnitTestingEngineImpl - Window "" changed : "MVC Web application" became "MVC Web application
11:45:32.061 [Test worker] DEBUG com.gargoylesoftware.htmlunit.html.DomElement - Firing Event DOMContentLoaded (Current Target: HTMLElement for HtmlHtml[<html>]);
11:45:32.061 [Test worker] DEBUG com.gargoylesoftware.htmlunit.html.DomElement - Firing Event load (Current Target: HTMLElement for HtmlHtml[<html>]);
11:45:32.062 [Test worker] DEBUG com.gargoylesoftware.htmlunit.WebClient - Get page for window named '', using WebRequest[<url="http://127.0.0.1:8080/list", GET, EncodingType[name=application/x-www-form-urlencoded], [], {Accept=text/html,application/xhtml+xml,application/xml;q=0.9,*/*;q=0.8, Accept-Encoding=gzip, deflate}, null>]
11:45:32.062 [Test worker] DEBUG com.gargoylesoftware.htmlunit.WebClient - Load response for GET http://127.0.0.1:8080/list
11:45:32.063 [Test worker] DEBUG org.apache.http.client.protocol.RequestAddCookies - CookieSpec selected: mine
11:45:32.063 [Test worker] DEBUG org.apache.http.client.protocol.RequestAuthCache - Auth cache not set in the context
11:45:32.063 [Test worker] DEBUG org.apache.http.impl.conn.PoolingHttpClientConnectionManager - Connection request: [route: {}->http://127.0.0.1:8080][total available: 0; route allocated: 0 of 6; total allocated: 0 of 20]
11:45:32.063 [Test worker] DEBUG org.apache.http.impl.conn.PoolingHttpClientConnectionManager - Connection leased: [id: 7][route: {}->http://127.0.0.1:8080][total available: 0; route allocated: 1 of 6; total allocated: 1 of 20]
11:45:32.063 [Test worker] DEBUG org.apache.http.impl.execchain.MainClientExec - Opening connection {}->http://127.0.0.1:8080
11:45:32.064 [Test worker] DEBUG org.apache.http.impl.conn.DefaultHttpClientConnectionOperator - Connecting to /127.0.0.1:8080
11:45:32.064 [Test worker] DEBUG org.apache.http.impl.conn.DefaultHttpClientConnectionOperator - Connection established 127.0.0.1:53835<->127.0.0.1:8080
11:45:32.064 [Test worker] DEBUG org.apache.http.impl.conn.DefaultManagedHttpClientConnection - http-outgoing-7: set socket timeout to 0
11:45:32.064 [Test worker] DEBUG org.apache.http.impl.execchain.MainClientExec - Executing request GET /list HTTP/1.1
11:45:32.064 [Test worker] DEBUG org.apache.http.impl.execchain.MainClientExec - Target auth state: UNCHALLENGED
11:45:32.064 [Test worker] DEBUG org.apache.http.impl.execchain.MainClientExec - Proxy auth state: UNCHALLENGED
11:45:32.064 [Test worker] DEBUG org.apache.http.headers - http-outgoing-7 >> GET /list HTTP/1.1
11:45:32.064 [Test worker] DEBUG org.apache.http.headers - http-outgoing-7 >> Host: 127.0.0.1:8080
11:45:32.064 [Test worker] DEBUG org.apache.http.headers - http-outgoing-7 >> User-Agent: Mozilla/5.0 (Windows NT 6.1; rv:38.0) Gecko/20100101 Firefox/38.0
11:45:32.064 [Test worker] DEBUG org.apache.http.headers - http-outgoing-7 >> Accept: text/html,application/xhtml+xml,application/xml;q=0.9,*/*;q=0.8
11:45:32.064 [Test worker] DEBUG org.apache.http.headers - http-outgoing-7 >> Accept-Language: en-US
11:45:32.064 [Test worker] DEBUG org.apache.http.headers - http-outgoing-7 >> Accept-Encoding: gzip, deflate
11:45:32.064 [Test worker] DEBUG org.apache.http.headers - http-outgoing-7 >> Connection: Keep-Alive
11:45:32.064 [Test worker] DEBUG org.apache.http.wire - http-outgoing-7 >> "GET /list HTTP/1.1[\r][\n]"
11:45:32.064 [Test worker] DEBUG org.apache.http.wire - http-outgoing-7 >> "Host: 127.0.0.1:8080[\r][\n]"
11:45:32.064 [Test worker] DEBUG org.apache.http.wire - http-outgoing-7 >> "User-Agent: Mozilla/5.0 (Windows NT 6.1; rv:38.0) Gecko/20100101 Firefox/38.0[\r][\n]"
11:45:32.064 [Test worker] DEBUG org.apache.http.wire - http-outgoing-7 >> "Accept: text/html,application/xhtml+xml,application/xml;q=0.9,*/*;q=0.8[\r][\n]"
11:45:32.064 [Test worker] DEBUG org.apache.http.wire - http-outgoing-7 >> "Accept-Language: en-US[\r][\n]"
11:45:32.064 [Test worker] DEBUG org.apache.http.wire - http-outgoing-7 >> "Accept-Encoding: gzip, deflate[\r][\n]"
11:45:32.064 [Test worker] DEBUG org.apache.http.wire - http-outgoing-7 >> "Connection: Keep-Alive[\r][\n]"
11:45:32.064 [Test worker] DEBUG org.apache.http.wire - http-outgoing-7 >> "[\r][\n]"
11:45:32.074 [Test worker] DEBUG org.apache.http.wire - http-outgoing-7 << "HTTP/1.1 200 [\r][\n]"
11:45:32.074 [Test worker] DEBUG org.apache.http.wire - http-outgoing-7 << "Content-Type: text/html;charset=UTF-8[\r][\n]"
11:45:32.074 [Test worker] DEBUG org.apache.http.wire - http-outgoing-7 << "Content-Language: en-US[\r][\n]"
11:45:32.074 [Test worker] DEBUG org.apache.http.wire - http-outgoing-7 << "Transfer-Encoding: chunked[\r][\n]"
11:45:32.074 [Test worker] DEBUG org.apache.http.wire - http-outgoing-7 << "Date: Thu, 21 Jan 2021 10:45:31 GMT[\r][\n]"
11:45:32.074 [Test worker] DEBUG org.apache.http.wire - http-outgoing-7 << "Keep-Alive: timeout=60[\r][\n]"
11:45:32.074 [Test worker] DEBUG org.apache.http.wire - http-outgoing-7 << "Connection: keep-alive[\r][\n]"
11:45:32.074 [Test worker] DEBUG org.apache.http.wire - http-outgoing-7 << "[\r][\n]"
11:45:32.074 [Test worker] DEBUG org.apache.http.wire - http-outgoing-7 << "111c[\r][\n]"
11:45:32.074 [Test worker] DEBUG org.apache.http.wire - http-outgoing-7 << "<!DOCTYPE HTML>[\n]"
11:45:32.074 [Test worker] DEBUG org.apache.http.wire - http-outgoing-7 << "<html>[\n]"
11:45:32.074 [Test worker] DEBUG org.apache.http.wire - http-outgoing-7 << "<head>[\n]"
11:45:32.074 [Test worker] DEBUG org.apache.http.wire - http-outgoing-7 << "    <title>MVC Web application</title>[\n]"
11:45:32.074 [Test worker] DEBUG org.apache.http.wire - http-outgoing-7 << "    <meta http-equiv="Content-Type" content="text/html; charset=UTF-8" />[\n]"
11:45:32.074 [Test worker] DEBUG org.apache.http.wire - http-outgoing-7 << "</head>[\n]"
11:45:32.074 [Test worker] DEBUG org.apache.http.wire - http-outgoing-7 << "[\n]"
11:45:32.074 [Test worker] DEBUG org.apache.http.wire - http-outgoing-7 << "<body>[\n]"
11:45:32.074 [Test worker] DEBUG org.apache.http.wire - http-outgoing-7 << "<h1>Pazienti Ricoverati</h1>[\n]"
11:45:32.074 [Test worker] DEBUG org.apache.http.wire - http-outgoing-7 << "[\n]"
11:45:32.074 [Test worker] DEBUG org.apache.http.wire - http-outgoing-7 << "<table border="1" id="present" name="present">[\n]"
11:45:32.074 [Test worker] DEBUG org.apache.http.wire - http-outgoing-7 << "    <thead>[\n]"
11:45:32.074 [Test worker] DEBUG org.apache.http.wire - http-outgoing-7 << "    <tr>[\n]"
11:45:32.074 [Test worker] DEBUG org.apache.http.wire - http-outgoing-7 << "        <th>Id</th>[\n]"
11:45:32.074 [Test worker] DEBUG org.apache.http.wire - http-outgoing-7 << "        <th>Nome</th>[\n]"
11:45:32.074 [Test worker] DEBUG org.apache.http.wire - http-outgoing-7 << "        <th>Cognome</th>[\n]"
11:45:32.074 [Test worker] DEBUG org.apache.http.wire - http-outgoing-7 << "        <th>Data ricovero</th>[\n]"
11:45:32.074 [Test worker] DEBUG org.apache.http.wire - http-outgoing-7 << "        <th>Data dimissione</th>[\n]"
11:45:32.074 [Test worker] DEBUG org.apache.http.wire - http-outgoing-7 << "        <th>Mostra</th>[\n]"
11:45:32.074 [Test worker] DEBUG org.apache.http.wire - http-outgoing-7 << "        <th>Modifica</th>[\n]"
11:45:32.074 [Test worker] DEBUG org.apache.http.wire - http-outgoing-7 << "        <th>Dimetti</th>[\n]"
11:45:32.074 [Test worker] DEBUG org.apache.http.wire - http-outgoing-7 << "        <th>Cancella</th>[\n]"
11:45:32.074 [Test worker] DEBUG org.apache.http.wire - http-outgoing-7 << "        <th>Stampa</th>[\n]"
11:45:32.075 [Test worker] DEBUG org.apache.http.wire - http-outgoing-7 << "    </tr>[\n]"
11:45:32.075 [Test worker] DEBUG org.apache.http.wire - http-outgoing-7 << "    </thead>[\n]"
11:45:32.075 [Test worker] DEBUG org.apache.http.wire - http-outgoing-7 << "    <tbody>[\n]"
11:45:32.075 [Test worker] DEBUG org.apache.http.wire - http-outgoing-7 << "        <tr>[\n]"
11:45:32.075 [Test worker] DEBUG org.apache.http.wire - http-outgoing-7 << "            <td id="id">4</td>[\n]"
11:45:32.075 [Test worker] DEBUG org.apache.http.wire - http-outgoing-7 << "            <td style="text-align:center;">Andrea</td>[\n]"
11:45:32.075 [Test worker] DEBUG org.apache.http.wire - http-outgoing-7 << "            <td id='lastName' style="text-align:center;">Rossi</td>[\n]"
11:45:32.075 [Test worker] DEBUG org.apache.http.wire - http-outgoing-7 << "            <td style="text-align:center;">11/06/1993</td>[\n]"
11:45:32.075 [Test worker] DEBUG org.apache.http.wire - http-outgoing-7 << "            <td style="text-align:center;"></td>[\n]"
11:45:32.075 [Test worker] DEBUG org.apache.http.wire - http-outgoing-7 << "            <td> <a href="cartella?id=4" style="text-align:center;"> Cartella </a></td>[\n]"
11:45:32.075 [Test worker] DEBUG org.apache.http.wire - http-outgoing-7 << "            <td> <a href="edit?id=4" id="modifica" style="text-align:center;"> Modifica </a></td>[\n]"
11:45:32.075 [Test worker] DEBUG org.apache.http.wire - http-outgoing-7 << "            <td> <a href="dimetti?id=4" style="text-align:center;"> Dimetti </a></td>[\n]"
11:45:32.075 [Test worker] DEBUG org.apache.http.wire - http-outgoing-7 << "            <td> <a href="delete?id=4" id="cancella" style="text-align:center;"> Cancella </a></td>[\n]"
11:45:32.075 [Test worker] DEBUG org.apache.http.wire - http-outgoing-7 << "            <td><button><a href="print?id=4" style="text-align:center;text-decoration:none;"> Stampa scheda </a></button></td>[\n]"
11:45:32.075 [Test worker] DEBUG org.apache.http.wire - http-outgoing-7 << "        </tr>[\n]"
11:45:32.075 [Test worker] DEBUG org.apache.http.wire - http-outgoing-7 << "        <tr>[\n]"
11:45:32.075 [Test worker] DEBUG org.apache.http.wire - http-outgoing-7 << "            <td id="id">5</td>[\n]"
11:45:32.075 [Test worker] DEBUG org.apache.http.wire - http-outgoing-7 << "            <td style="text-align:center;">Michele</td>[\n]"
11:45:32.075 [Test worker] DEBUG org.apache.http.wire - http-outgoing-7 << "            <td id='lastName' style="text-align:center;">Bianchi</td>[\n]"
11:45:32.075 [Test worker] DEBUG org.apache.http.wire - http-outgoing-7 << "            <td style="text-align:center;">11/06/1993</td>[\n]"
11:45:32.075 [Test worker] DEBUG org.apache.http.wire - http-outgoing-7 << "            <td style="text-align:center;"></td>[\n]"
11:45:32.075 [Test worker] DEBUG org.apache.http.wire - http-outgoing-7 << "            <td> <a href="cartella?id=5" style="text-align:center;"> Cartella </a></td>[\n]"
11:45:32.075 [Test worker] DEBUG org.apache.http.wire - http-outgoing-7 << "            <td> <a href="edit?id=5" id="modifica" style="text-align:center;"> Modifica </a></td>[\n]"
11:45:32.075 [Test worker] DEBUG org.apache.http.wire - http-outgoing-7 << "            <td> <a href="dimetti?id=5" style="text-align:center;"> Dimetti </a></td>[\n]"
11:45:32.075 [Test worker] DEBUG org.apache.http.wire - http-outgoing-7 << "            <td> <a href="delete?id=5" id="cancella" style="text-align:center;"> Cancella </a></td>[\n]"
11:45:32.075 [Test worker] DEBUG org.apache.http.wire - http-outgoing-7 << "            <td><button><a href="print?id=5" style="text-align:center;text-decoration:none;"> Stampa scheda </a></button></td>[\n]"
11:45:32.075 [Test worker] DEBUG org.apache.http.wire - http-outgoing-7 << "        </tr>[\n]"
11:45:32.075 [Test worker] DEBUG org.apache.http.wire - http-outgoing-7 << "        <tr>[\n]"
11:45:32.075 [Test worker] DEBUG org.apache.http.wire - http-outgoing-7 << "            <td id="id">6</td>[\n]"
11:45:32.075 [Test worker] DEBUG org.apache.http.wire - http-outgoing-7 << "            <td style="text-align:center;">Michele</td>[\n]"
11:45:32.075 [Test worker] DEBUG org.apache.http.wire - http-outgoing-7 << "            <td id='lastName' style="text-align:center;">Bianchi</td>[\n]"
11:45:32.075 [Test worker] DEBUG org.apache.http.wire - http-outgoing-7 << "            <td style="text-align:center;">11/06/1993</td>[\n]"
11:45:32.075 [Test worker] DEBUG org.apache.http.wire - http-outgoing-7 << "            <td style="text-align:center;"></td>[\n]"
11:45:32.075 [Test worker] DEBUG org.apache.http.wire - http-outgoing-7 << "            <td> <a href="cartella?id=6" style="text-align:center;"> Cartella </a></td>[\n]"
11:45:32.075 [Test worker] DEBUG org.apache.http.wire - http-outgoing-7 << "            <td> <a href="edit?id=6" id="modifica" style="text-align:center;"> Modifica </a></td>[\n]"
11:45:32.075 [Test worker] DEBUG org.apache.http.wire - http-outgoing-7 << "            <td> <a href="dimetti?id=6" style="text-align:center;"> Dimetti </a></td>[\n]"
11:45:32.075 [Test worker] DEBUG org.apache.http.wire - http-outgoing-7 << "            <td> <a href="delete?id=6" id="cancella" style="text-align:center;"> Cancella </a></td>[\n]"
11:45:32.076 [Test worker] DEBUG org.apache.http.wire - http-outgoing-7 << "            <td><button><a href="print?id=6" style="text-align:center;text-decoration:none;"> Stampa scheda </a></button></td>[\n]"
11:45:32.076 [Test worker] DEBUG org.apache.http.wire - http-outgoing-7 << "        </tr>[\n]"
11:45:32.076 [Test worker] DEBUG org.apache.http.wire - http-outgoing-7 << "        </tbody>[\n]"
11:45:32.076 [Test worker] DEBUG org.apache.http.wire - http-outgoing-7 << "</table>[\n]"
11:45:32.076 [Test worker] DEBUG org.apache.http.wire - http-outgoing-7 << "[\n]"
11:45:32.076 [Test worker] DEBUG org.apache.http.wire - http-outgoing-7 << "<h1>Pazienti Dimessi</h1>[\n]"
11:45:32.076 [Test worker] DEBUG org.apache.http.wire - http-outgoing-7 << "<table border="1" id="discharged" name="discharged">[\n]"
11:45:32.076 [Test worker] DEBUG org.apache.http.wire - http-outgoing-7 << "    <thead>[\n]"
11:45:32.076 [Test worker] DEBUG org.apache.http.wire - http-outgoing-7 << "    <tr>[\n]"
11:45:32.076 [Test worker] DEBUG org.apache.http.wire - http-outgoing-7 << "        <th>Id</th>[\n]"
11:45:32.076 [Test worker] DEBUG org.apache.http.wire - http-outgoing-7 << "        <th>Nome</th>[\n]"
11:45:32.076 [Test worker] DEBUG org.apache.http.wire - http-outgoing-7 << "        <th>Cognome</th>[\n]"
11:45:32.076 [Test worker] DEBUG org.apache.http.wire - http-outgoing-7 << "        <th>Data Ricovero</th>[\n]"
11:45:32.076 [Test worker] DEBUG org.apache.http.wire - http-outgoing-7 << "        <th>Data Dimissione</th>[\n]"
11:45:32.076 [Test worker] DEBUG org.apache.http.wire - http-outgoing-7 << "        <th>Cartella</th>[\n]"
11:45:32.076 [Test worker] DEBUG org.apache.http.wire - http-outgoing-7 << "        <th>Modifica</th>[\n]"
11:45:32.076 [Test worker] DEBUG org.apache.http.wire - http-outgoing-7 << "        <th>Cancella</th>[\n]"
11:45:32.076 [Test worker] DEBUG org.apache.http.wire - http-outgoing-7 << "        <th>Stampa</th>[\n]"
11:45:32.076 [Test worker] DEBUG org.apache.http.wire - http-outgoing-7 << "    </tr>[\n]"
11:45:32.076 [Test worker] DEBUG org.apache.http.wire - http-outgoing-7 << "    </thead>[\n]"
11:45:32.076 [Test worker] DEBUG org.apache.http.wire - http-outgoing-7 << "    <tbody>[\n]"
11:45:32.076 [Test worker] DEBUG org.apache.http.wire - http-outgoing-7 << "    <tr>[\n]"
11:45:32.076 [Test worker] DEBUG org.apache.http.wire - http-outgoing-7 << "        <td id="idDischarged">1</td>[\n]"
11:45:32.076 [Test worker] DEBUG org.apache.http.wire - http-outgoing-7 << "        <td style="text-align:center;">Michele</td>[\n]"
11:45:32.076 [Test worker] DEBUG org.apache.http.wire - http-outgoing-7 << "        <td id='lastNameDischarged' style="text-align:center;">Bianchi</td>[\n]"
11:45:32.076 [Test worker] DEBUG org.apache.http.wire - http-outgoing-7 << "        <td style="text-align:center;">11/06/1993</td>[\n]"
11:45:32.076 [Test worker] DEBUG org.apache.http.wire - http-outgoing-7 << "        <td style="text-align:center;">21/01/2021</td>[\n]"
11:45:32.076 [Test worker] DEBUG org.apache.http.wire - http-outgoing-7 << "        <td> <a href="cartella?id=1" style="text-align:center;"> Cartella </a></td>[\n]"
11:45:32.076 [Test worker] DEBUG org.apache.http.wire - http-outgoing-7 << "        <td> <a id="modificaDischarged" style="text-align:center; cursor:not-allowed; pointer-events:none; color:grey;"> Modifica </a></td>[\n]"
11:45:32.076 [Test worker] DEBUG org.apache.http.wire - http-outgoing-7 << "        <td> <a id="cancellaDischarged" style="text-align:center; cursor:not-allowed; pointer-events:none; color:grey;"> Cancella </a></td>[\n]"
11:45:32.076 [Test worker] DEBUG org.apache.http.wire - http-outgoing-7 << "        <td><button><a href="print?id=1" style="text-align:center;text-decoration:none;"> Stampa scheda </a></button></td>[\n]"
11:45:32.076 [Test worker] DEBUG org.apache.http.wire - http-outgoing-7 << "    </tr>[\n]"
11:45:32.076 [Test worker] DEBUG org.apache.http.wire - http-outgoing-7 << "    </tbody>[\n]"
11:45:32.076 [Test worker] DEBUG org.apache.http.wire - http-outgoing-7 << "</table>[\n]"
11:45:32.076 [Test worker] DEBUG org.apache.http.wire - http-outgoing-7 << "<br>[\n]"
11:45:32.076 [Test worker] DEBUG org.apache.http.wire - http-outgoing-7 << "<button><a href="input" style="text-decoration:none;">Registra un paziente</a></button>[\n]"
11:45:32.076 [Test worker] DEBUG org.apache.http.wire - http-outgoing-7 << "<br>[\n]"
11:45:32.076 [Test worker] DEBUG org.apache.http.wire - http-outgoing-7 << "<br>[\n]"
11:45:32.076 [Test worker] DEBUG org.apache.http.wire - http-outgoing-7 << "[\n]"
11:45:32.076 [Test worker] DEBUG org.apache.http.wire - http-outgoing-7 << "<form action="search" method="post">[\n]"
11:45:32.076 [Test worker] DEBUG org.apache.http.wire - http-outgoing-7 << "    Cognome Paziente: <input type="text" name="lastName"/>[\n]"
11:45:32.076 [Test worker] DEBUG org.apache.http.wire - http-outgoing-7 << "    <input type="submit" value="Cerca"/>[\n]"
11:45:32.076 [Test worker] DEBUG org.apache.http.wire - http-outgoing-7 << "</form>[\n]"
11:45:32.076 [Test worker] DEBUG org.apache.http.wire - http-outgoing-7 << "</body>[\n]"
11:45:32.076 [Test worker] DEBUG org.apache.http.wire - http-outgoing-7 << "</html>[\r][\n]"
11:45:32.076 [Test worker] DEBUG org.apache.http.headers - http-outgoing-7 << HTTP/1.1 200 
11:45:32.076 [Test worker] DEBUG org.apache.http.headers - http-outgoing-7 << Content-Type: text/html;charset=UTF-8
11:45:32.076 [Test worker] DEBUG org.apache.http.headers - http-outgoing-7 << Content-Language: en-US
11:45:32.076 [Test worker] DEBUG org.apache.http.headers - http-outgoing-7 << Transfer-Encoding: chunked
11:45:32.076 [Test worker] DEBUG org.apache.http.headers - http-outgoing-7 << Date: Thu, 21 Jan 2021 10:45:31 GMT
11:45:32.076 [Test worker] DEBUG org.apache.http.headers - http-outgoing-7 << Keep-Alive: timeout=60
11:45:32.076 [Test worker] DEBUG org.apache.http.headers - http-outgoing-7 << Connection: keep-alive
11:45:32.077 [Test worker] DEBUG org.apache.http.impl.execchain.MainClientExec - Connection can be kept alive for 60000 MILLISECONDS
11:45:32.077 [Test worker] DEBUG org.apache.http.wire - http-outgoing-7 << "0[\r][\n]"
11:45:32.077 [Test worker] DEBUG org.apache.http.wire - http-outgoing-7 << "[\r][\n]"
11:45:32.077 [Test worker] DEBUG org.apache.http.impl.conn.PoolingHttpClientConnectionManager - Connection [id: 7][route: {}->http://127.0.0.1:8080] can be kept alive for 60.0 seconds
11:45:32.077 [Test worker] DEBUG org.apache.http.impl.conn.DefaultManagedHttpClientConnection - http-outgoing-7: set socket timeout to 0
11:45:32.077 [Test worker] DEBUG org.apache.http.impl.conn.PoolingHttpClientConnectionManager - Connection released: [id: 7][route: {}->http://127.0.0.1:8080][total available: 1; route allocated: 1 of 6; total allocated: 1 of 20]
11:45:32.077 [Test worker] DEBUG com.gargoylesoftware.htmlunit.WebWindowImpl - setEnclosedPage: HtmlPage(http://127.0.0.1:8080/list)@381923560
11:45:32.077 [Test worker] DEBUG com.gargoylesoftware.htmlunit.WebWindowImpl - destroyChildren
11:45:32.082 [Test worker] DEBUG com.gargoylesoftware.htmlunit.util.EncodingSniffer - Encoding found in HTTP headers: 'UTF-8'.
11:45:32.086 [Test worker] DEBUG net.sourceforge.jwebunit.htmlunit.HtmlUnitTestingEngineImpl - Window "" changed : "no_html" became "MVC Web application
11:45:32.086 [Test worker] DEBUG com.gargoylesoftware.htmlunit.html.DomElement - Firing Event DOMContentLoaded (Current Target: HTMLElement for HtmlHtml[<html>]);
11:45:32.087 [Test worker] DEBUG com.gargoylesoftware.htmlunit.html.DomElement - Firing Event load (Current Target: HTMLElement for HtmlHtml[<html>]);
11:45:32.094 [Test worker] DEBUG com.gargoylesoftware.htmlunit.html.DomElement - Firing Event mousedown (Current Target: HTMLElement for HtmlAnchor[<a href="input" style="text-decoration:none;">]);
11:45:32.095 [Test worker] DEBUG com.gargoylesoftware.htmlunit.html.DomElement - Firing Event focus (Current Target: HTMLElement for HtmlAnchor[<a href="input" style="text-decoration:none;">]);
11:45:32.095 [Test worker] DEBUG com.gargoylesoftware.htmlunit.html.DomElement - Firing Event mouseup (Current Target: HTMLElement for HtmlAnchor[<a href="input" style="text-decoration:none;">]);
11:45:32.095 [Test worker] DEBUG com.gargoylesoftware.htmlunit.html.DomElement - Firing Event click (Current Target: HTMLElement for HtmlAnchor[<a href="input" style="text-decoration:none;">]);
11:45:32.095 [Test worker] DEBUG com.gargoylesoftware.htmlunit.html.HtmlAnchor - do click action in window '', using href 'input'
11:45:32.095 [Test worker] DEBUG com.gargoylesoftware.htmlunit.util.EncodingSniffer - Encoding found in HTTP headers: 'UTF-8'.
11:45:32.095 [Test worker] DEBUG com.gargoylesoftware.htmlunit.html.HtmlAnchor - Getting page for http://127.0.0.1:8080/input, derived from href 'input', using the originating URL http://127.0.0.1:8080/list
11:45:32.095 [Test worker] DEBUG com.gargoylesoftware.htmlunit.html.DomElement - Firing Event beforeunload (Current Target: HTMLElement for HtmlHtml[<html>]);
11:45:32.095 [Test worker] DEBUG com.gargoylesoftware.htmlunit.WebClient - Load response for GET http://127.0.0.1:8080/input
11:45:32.096 [Test worker] DEBUG org.apache.http.client.protocol.RequestAddCookies - CookieSpec selected: mine
11:45:32.096 [Test worker] DEBUG org.apache.http.client.protocol.RequestAuthCache - Auth cache not set in the context
11:45:32.096 [Test worker] DEBUG org.apache.http.impl.conn.PoolingHttpClientConnectionManager - Connection request: [route: {}->http://127.0.0.1:8080][total available: 1; route allocated: 1 of 6; total allocated: 1 of 20]
11:45:32.096 [Test worker] DEBUG org.apache.http.impl.conn.PoolingHttpClientConnectionManager - Connection leased: [id: 7][route: {}->http://127.0.0.1:8080][total available: 0; route allocated: 1 of 6; total allocated: 1 of 20]
11:45:32.096 [Test worker] DEBUG org.apache.http.impl.conn.DefaultManagedHttpClientConnection - http-outgoing-7: set socket timeout to 0
11:45:32.096 [Test worker] DEBUG org.apache.http.impl.conn.DefaultManagedHttpClientConnection - http-outgoing-7: set socket timeout to 0
11:45:32.097 [Test worker] DEBUG org.apache.http.impl.execchain.MainClientExec - Executing request GET /input HTTP/1.1
11:45:32.097 [Test worker] DEBUG org.apache.http.impl.execchain.MainClientExec - Target auth state: UNCHALLENGED
11:45:32.097 [Test worker] DEBUG org.apache.http.impl.execchain.MainClientExec - Proxy auth state: UNCHALLENGED
11:45:32.097 [Test worker] DEBUG org.apache.http.headers - http-outgoing-7 >> GET /input HTTP/1.1
11:45:32.097 [Test worker] DEBUG org.apache.http.headers - http-outgoing-7 >> Host: 127.0.0.1:8080
11:45:32.097 [Test worker] DEBUG org.apache.http.headers - http-outgoing-7 >> User-Agent: Mozilla/5.0 (Windows NT 6.1; rv:38.0) Gecko/20100101 Firefox/38.0
11:45:32.097 [Test worker] DEBUG org.apache.http.headers - http-outgoing-7 >> Accept: text/html,application/xhtml+xml,application/xml;q=0.9,*/*;q=0.8
11:45:32.097 [Test worker] DEBUG org.apache.http.headers - http-outgoing-7 >> Accept-Language: en-US
11:45:32.097 [Test worker] DEBUG org.apache.http.headers - http-outgoing-7 >> Accept-Encoding: gzip, deflate
11:45:32.097 [Test worker] DEBUG org.apache.http.headers - http-outgoing-7 >> Referer: http://127.0.0.1:8080/list
11:45:32.097 [Test worker] DEBUG org.apache.http.headers - http-outgoing-7 >> Connection: Keep-Alive
11:45:32.097 [Test worker] DEBUG org.apache.http.wire - http-outgoing-7 >> "GET /input HTTP/1.1[\r][\n]"
11:45:32.097 [Test worker] DEBUG org.apache.http.wire - http-outgoing-7 >> "Host: 127.0.0.1:8080[\r][\n]"
11:45:32.097 [Test worker] DEBUG org.apache.http.wire - http-outgoing-7 >> "User-Agent: Mozilla/5.0 (Windows NT 6.1; rv:38.0) Gecko/20100101 Firefox/38.0[\r][\n]"
11:45:32.097 [Test worker] DEBUG org.apache.http.wire - http-outgoing-7 >> "Accept: text/html,application/xhtml+xml,application/xml;q=0.9,*/*;q=0.8[\r][\n]"
11:45:32.097 [Test worker] DEBUG org.apache.http.wire - http-outgoing-7 >> "Accept-Language: en-US[\r][\n]"
11:45:32.097 [Test worker] DEBUG org.apache.http.wire - http-outgoing-7 >> "Accept-Encoding: gzip, deflate[\r][\n]"
11:45:32.097 [Test worker] DEBUG org.apache.http.wire - http-outgoing-7 >> "Referer: http://127.0.0.1:8080/list[\r][\n]"
11:45:32.097 [Test worker] DEBUG org.apache.http.wire - http-outgoing-7 >> "Connection: Keep-Alive[\r][\n]"
11:45:32.097 [Test worker] DEBUG org.apache.http.wire - http-outgoing-7 >> "[\r][\n]"
11:45:32.102 [Test worker] DEBUG org.apache.http.wire - http-outgoing-7 << "HTTP/1.1 200 [\r][\n]"
11:45:32.102 [Test worker] DEBUG org.apache.http.wire - http-outgoing-7 << "Content-Type: text/html;charset=UTF-8[\r][\n]"
11:45:32.102 [Test worker] DEBUG org.apache.http.wire - http-outgoing-7 << "Content-Language: en-US[\r][\n]"
11:45:32.102 [Test worker] DEBUG org.apache.http.wire - http-outgoing-7 << "Transfer-Encoding: chunked[\r][\n]"
11:45:32.102 [Test worker] DEBUG org.apache.http.wire - http-outgoing-7 << "Date: Thu, 21 Jan 2021 10:45:31 GMT[\r][\n]"
11:45:32.102 [Test worker] DEBUG org.apache.http.wire - http-outgoing-7 << "Keep-Alive: timeout=60[\r][\n]"
11:45:32.102 [Test worker] DEBUG org.apache.http.wire - http-outgoing-7 << "Connection: keep-alive[\r][\n]"
11:45:32.102 [Test worker] DEBUG org.apache.http.wire - http-outgoing-7 << "[\r][\n]"
11:45:32.102 [Test worker] DEBUG org.apache.http.wire - http-outgoing-7 << "2f0[\r][\n]"
11:45:32.102 [Test worker] DEBUG org.apache.http.wire - http-outgoing-7 << "<!DOCTYPE HTML>[\n]"
11:45:32.102 [Test worker] DEBUG org.apache.http.wire - http-outgoing-7 << "<html>[\n]"
11:45:32.102 [Test worker] DEBUG org.apache.http.wire - http-outgoing-7 << "<head>[\n]"
11:45:32.102 [Test worker] DEBUG org.apache.http.wire - http-outgoing-7 << "    <title>MVC Web application</title>[\n]"
11:45:32.102 [Test worker] DEBUG org.apache.http.wire - http-outgoing-7 << "    <meta http-equiv="Content-Type" content="text/html; charset=UTF-8" />[\n]"
11:45:32.102 [Test worker] DEBUG org.apache.http.wire - http-outgoing-7 << "</head>[\n]"
11:45:32.102 [Test worker] DEBUG org.apache.http.wire - http-outgoing-7 << "[\n]"
11:45:32.102 [Test worker] DEBUG org.apache.http.wire - http-outgoing-7 << "<body>[\n]"
11:45:32.102 [Test worker] DEBUG org.apache.http.wire - http-outgoing-7 << "<h1>Inserisci un nuovo paziente</h1>[\n]"
11:45:32.102 [Test worker] DEBUG org.apache.http.wire - http-outgoing-7 << "[\n]"
11:45:32.102 [Test worker] DEBUG org.apache.http.wire - http-outgoing-7 << "<form action="create" method="post">[\n]"
11:45:32.102 [Test worker] DEBUG org.apache.http.wire - http-outgoing-7 << "    <table border="1">[\n]"
11:45:32.102 [Test worker] DEBUG org.apache.http.wire - http-outgoing-7 << "        <tr>[\n]"
11:45:32.102 [Test worker] DEBUG org.apache.http.wire - http-outgoing-7 << "            <td>Nome</td>[\n]"
11:45:32.102 [Test worker] DEBUG org.apache.http.wire - http-outgoing-7 << "            <td><input type="text" name="firstName" required></td>[\n]"
11:45:32.102 [Test worker] DEBUG org.apache.http.wire - http-outgoing-7 << "        </tr>[\n]"
11:45:32.102 [Test worker] DEBUG org.apache.http.wire - http-outgoing-7 << "        <tr>[\n]"
11:45:32.103 [Test worker] DEBUG org.apache.http.wire - http-outgoing-7 << "            <td>Cognome</td>[\n]"
11:45:32.103 [Test worker] DEBUG org.apache.http.wire - http-outgoing-7 << "            <td><input type="text" name="lastName" required><br></td>[\n]"
11:45:32.103 [Test worker] DEBUG org.apache.http.wire - http-outgoing-7 << "        </tr>[\n]"
11:45:32.103 [Test worker] DEBUG org.apache.http.wire - http-outgoing-7 << "        <tr>[\n]"
11:45:32.103 [Test worker] DEBUG org.apache.http.wire - http-outgoing-7 << "            <td>Data ricovero</td>[\n]"
11:45:32.103 [Test worker] DEBUG org.apache.http.wire - http-outgoing-7 << "            <td><input type="date" name="admissionDate" required><br></td>[\n]"
11:45:32.103 [Test worker] DEBUG org.apache.http.wire - http-outgoing-7 << "        </tr>[\n]"
11:45:32.103 [Test worker] DEBUG org.apache.http.wire - http-outgoing-7 << "    </table>[\n]"
11:45:32.103 [Test worker] DEBUG org.apache.http.wire - http-outgoing-7 << "[\n]"
11:45:32.103 [Test worker] DEBUG org.apache.http.wire - http-outgoing-7 << "    <input type="submit" />[\n]"
11:45:32.103 [Test worker] DEBUG org.apache.http.wire - http-outgoing-7 << "</form>[\n]"
11:45:32.103 [Test worker] DEBUG org.apache.http.wire - http-outgoing-7 << "[\n]"
11:45:32.103 [Test worker] DEBUG org.apache.http.wire - http-outgoing-7 << "<br>[\n]"
11:45:32.103 [Test worker] DEBUG org.apache.http.wire - http-outgoing-7 << "<a href="list"> Torna alla lista </a>[\n]"
11:45:32.103 [Test worker] DEBUG org.apache.http.wire - http-outgoing-7 << "[\n]"
11:45:32.103 [Test worker] DEBUG org.apache.http.wire - http-outgoing-7 << "</body>[\n]"
11:45:32.103 [Test worker] DEBUG org.apache.http.wire - http-outgoing-7 << "</html>[\n]"
11:45:32.103 [Test worker] DEBUG org.apache.http.wire - http-outgoing-7 << "[\n]"
11:45:32.103 [Test worker] DEBUG org.apache.http.wire - http-outgoing-7 << "[\r][\n]"
11:45:32.103 [Test worker] DEBUG org.apache.http.headers - http-outgoing-7 << HTTP/1.1 200 
11:45:32.103 [Test worker] DEBUG org.apache.http.headers - http-outgoing-7 << Content-Type: text/html;charset=UTF-8
11:45:32.103 [Test worker] DEBUG org.apache.http.headers - http-outgoing-7 << Content-Language: en-US
11:45:32.103 [Test worker] DEBUG org.apache.http.headers - http-outgoing-7 << Transfer-Encoding: chunked
11:45:32.103 [Test worker] DEBUG org.apache.http.headers - http-outgoing-7 << Date: Thu, 21 Jan 2021 10:45:31 GMT
11:45:32.103 [Test worker] DEBUG org.apache.http.headers - http-outgoing-7 << Keep-Alive: timeout=60
11:45:32.103 [Test worker] DEBUG org.apache.http.headers - http-outgoing-7 << Connection: keep-alive
11:45:32.103 [Test worker] DEBUG org.apache.http.impl.execchain.MainClientExec - Connection can be kept alive for 60000 MILLISECONDS
11:45:32.103 [Test worker] DEBUG org.apache.http.wire - http-outgoing-7 << "0[\r][\n]"
11:45:32.103 [Test worker] DEBUG org.apache.http.wire - http-outgoing-7 << "[\r][\n]"
11:45:32.103 [Test worker] DEBUG org.apache.http.impl.conn.PoolingHttpClientConnectionManager - Connection [id: 7][route: {}->http://127.0.0.1:8080] can be kept alive for 60.0 seconds
11:45:32.103 [Test worker] DEBUG org.apache.http.impl.conn.DefaultManagedHttpClientConnection - http-outgoing-7: set socket timeout to 0
11:45:32.103 [Test worker] DEBUG org.apache.http.impl.conn.PoolingHttpClientConnectionManager - Connection released: [id: 7][route: {}->http://127.0.0.1:8080][total available: 1; route allocated: 1 of 6; total allocated: 1 of 20]
11:45:32.104 [Test worker] DEBUG com.gargoylesoftware.htmlunit.html.DomElement - Firing Event unload (Current Target: HTMLElement for HtmlHtml[<html>]);
11:45:32.104 [Test worker] DEBUG com.gargoylesoftware.htmlunit.WebWindowImpl - setEnclosedPage: HtmlPage(http://127.0.0.1:8080/input)@1881240133
11:45:32.104 [Test worker] DEBUG com.gargoylesoftware.htmlunit.WebWindowImpl - destroyChildren
11:45:32.109 [Test worker] DEBUG com.gargoylesoftware.htmlunit.util.EncodingSniffer - Encoding found in HTTP headers: 'UTF-8'.
11:45:32.110 [Test worker] DEBUG net.sourceforge.jwebunit.htmlunit.HtmlUnitTestingEngineImpl - Window "" changed : "MVC Web application" became "MVC Web application
11:45:32.110 [Test worker] DEBUG com.gargoylesoftware.htmlunit.html.DomElement - Firing Event DOMContentLoaded (Current Target: HTMLElement for HtmlHtml[<html>]);
11:45:32.110 [Test worker] DEBUG com.gargoylesoftware.htmlunit.html.DomElement - Firing Event load (Current Target: HTMLElement for HtmlHtml[<html>]);
11:45:32.111 [Test worker] DEBUG com.gargoylesoftware.htmlunit.html.DomElement - Firing Event change (Current Target: HTMLElement for HtmlTextInput[<input type="text" name="firstName" required="" value="Andrea">]);
11:45:32.112 [Test worker] DEBUG com.gargoylesoftware.htmlunit.html.DomElement - Firing Event change (Current Target: HTMLElement for HtmlTextInput[<input type="text" name="lastName" required="" value="Rossi">]);
11:45:32.112 [Test worker] DEBUG com.gargoylesoftware.htmlunit.html.DomElement - Firing Event change (Current Target: HTMLElement for HtmlDateInput[<input type="date" name="admissionDate" required="" value="1993-06-11">]);
11:45:32.112 [Test worker] DEBUG com.gargoylesoftware.htmlunit.html.DomElement - Firing Event mousedown (Current Target: HTMLElement for HtmlSubmitInput[<input type="submit">]);
11:45:32.112 [Test worker] DEBUG com.gargoylesoftware.htmlunit.html.DomElement - Firing Event focus (Current Target: HTMLElement for HtmlSubmitInput[<input type="submit">]);
11:45:32.112 [Test worker] DEBUG com.gargoylesoftware.htmlunit.html.DomElement - Firing Event mouseup (Current Target: HTMLElement for HtmlSubmitInput[<input type="submit">]);
11:45:32.112 [Test worker] DEBUG com.gargoylesoftware.htmlunit.html.DomElement - Firing Event click (Current Target: HTMLElement for HtmlSubmitInput[<input type="submit">]);
11:45:32.112 [Test worker] DEBUG com.gargoylesoftware.htmlunit.html.DomElement - Firing Event submit (Current Target: HTMLElement for HtmlForm[<form action="create" method="post">]);
11:45:32.113 [Test worker] DEBUG com.gargoylesoftware.htmlunit.util.EncodingSniffer - Encoding found in HTTP headers: 'UTF-8'.
11:45:32.113 [Test worker] DEBUG com.gargoylesoftware.htmlunit.WebClient - Load response for POST http://127.0.0.1:8080/create
11:45:32.114 [Test worker] DEBUG org.apache.http.client.protocol.RequestAddCookies - CookieSpec selected: mine
11:45:32.114 [Test worker] DEBUG org.apache.http.client.protocol.RequestAuthCache - Auth cache not set in the context
11:45:32.114 [Test worker] DEBUG org.apache.http.impl.conn.PoolingHttpClientConnectionManager - Connection request: [route: {}->http://127.0.0.1:8080][total available: 1; route allocated: 1 of 6; total allocated: 1 of 20]
11:45:32.114 [Test worker] DEBUG org.apache.http.impl.conn.PoolingHttpClientConnectionManager - Connection leased: [id: 7][route: {}->http://127.0.0.1:8080][total available: 0; route allocated: 1 of 6; total allocated: 1 of 20]
11:45:32.114 [Test worker] DEBUG org.apache.http.impl.conn.DefaultManagedHttpClientConnection - http-outgoing-7: set socket timeout to 0
11:45:32.114 [Test worker] DEBUG org.apache.http.impl.conn.DefaultManagedHttpClientConnection - http-outgoing-7: set socket timeout to 0
11:45:32.114 [Test worker] DEBUG org.apache.http.impl.execchain.MainClientExec - Executing request POST /create HTTP/1.1
11:45:32.114 [Test worker] DEBUG org.apache.http.impl.execchain.MainClientExec - Target auth state: UNCHALLENGED
11:45:32.114 [Test worker] DEBUG org.apache.http.impl.execchain.MainClientExec - Proxy auth state: UNCHALLENGED
11:45:32.114 [Test worker] DEBUG org.apache.http.headers - http-outgoing-7 >> POST /create HTTP/1.1
11:45:32.114 [Test worker] DEBUG org.apache.http.headers - http-outgoing-7 >> Host: 127.0.0.1:8080
11:45:32.114 [Test worker] DEBUG org.apache.http.headers - http-outgoing-7 >> User-Agent: Mozilla/5.0 (Windows NT 6.1; rv:38.0) Gecko/20100101 Firefox/38.0
11:45:32.114 [Test worker] DEBUG org.apache.http.headers - http-outgoing-7 >> Accept: */*
11:45:32.114 [Test worker] DEBUG org.apache.http.headers - http-outgoing-7 >> Accept-Language: en-US
11:45:32.114 [Test worker] DEBUG org.apache.http.headers - http-outgoing-7 >> Accept-Encoding: gzip, deflate
11:45:32.114 [Test worker] DEBUG org.apache.http.headers - http-outgoing-7 >> Referer: http://127.0.0.1:8080/input
11:45:32.114 [Test worker] DEBUG org.apache.http.headers - http-outgoing-7 >> Connection: Keep-Alive
11:45:32.114 [Test worker] DEBUG org.apache.http.headers - http-outgoing-7 >> Content-Length: 56
11:45:32.114 [Test worker] DEBUG org.apache.http.headers - http-outgoing-7 >> Content-Type: application/x-www-form-urlencoded
11:45:32.114 [Test worker] DEBUG org.apache.http.wire - http-outgoing-7 >> "POST /create HTTP/1.1[\r][\n]"
11:45:32.114 [Test worker] DEBUG org.apache.http.wire - http-outgoing-7 >> "Host: 127.0.0.1:8080[\r][\n]"
11:45:32.114 [Test worker] DEBUG org.apache.http.wire - http-outgoing-7 >> "User-Agent: Mozilla/5.0 (Windows NT 6.1; rv:38.0) Gecko/20100101 Firefox/38.0[\r][\n]"
11:45:32.114 [Test worker] DEBUG org.apache.http.wire - http-outgoing-7 >> "Accept: */*[\r][\n]"
11:45:32.114 [Test worker] DEBUG org.apache.http.wire - http-outgoing-7 >> "Accept-Language: en-US[\r][\n]"
11:45:32.114 [Test worker] DEBUG org.apache.http.wire - http-outgoing-7 >> "Accept-Encoding: gzip, deflate[\r][\n]"
11:45:32.114 [Test worker] DEBUG org.apache.http.wire - http-outgoing-7 >> "Referer: http://127.0.0.1:8080/input[\r][\n]"
11:45:32.114 [Test worker] DEBUG org.apache.http.wire - http-outgoing-7 >> "Connection: Keep-Alive[\r][\n]"
11:45:32.114 [Test worker] DEBUG org.apache.http.wire - http-outgoing-7 >> "Content-Length: 56[\r][\n]"
11:45:32.114 [Test worker] DEBUG org.apache.http.wire - http-outgoing-7 >> "Content-Type: application/x-www-form-urlencoded[\r][\n]"
11:45:32.114 [Test worker] DEBUG org.apache.http.wire - http-outgoing-7 >> "[\r][\n]"
11:45:32.114 [Test worker] DEBUG org.apache.http.wire - http-outgoing-7 >> "firstName=Andrea&lastName=Rossi&admissionDate=1993-06-11"
11:45:32.119 [Test worker] DEBUG org.apache.http.wire - http-outgoing-7 << "HTTP/1.1 302 [\r][\n]"
11:45:32.119 [Test worker] DEBUG org.apache.http.wire - http-outgoing-7 << "Location: http://127.0.0.1:8080/list[\r][\n]"
11:45:32.119 [Test worker] DEBUG org.apache.http.wire - http-outgoing-7 << "Content-Language: en-US[\r][\n]"
11:45:32.119 [Test worker] DEBUG org.apache.http.wire - http-outgoing-7 << "Content-Length: 0[\r][\n]"
11:45:32.119 [Test worker] DEBUG org.apache.http.wire - http-outgoing-7 << "Date: Thu, 21 Jan 2021 10:45:31 GMT[\r][\n]"
11:45:32.119 [Test worker] DEBUG org.apache.http.wire - http-outgoing-7 << "Keep-Alive: timeout=60[\r][\n]"
11:45:32.119 [Test worker] DEBUG org.apache.http.wire - http-outgoing-7 << "Connection: keep-alive[\r][\n]"
11:45:32.119 [Test worker] DEBUG org.apache.http.wire - http-outgoing-7 << "[\r][\n]"
11:45:32.119 [Test worker] DEBUG org.apache.http.headers - http-outgoing-7 << HTTP/1.1 302 
11:45:32.119 [Test worker] DEBUG org.apache.http.headers - http-outgoing-7 << Location: http://127.0.0.1:8080/list
11:45:32.119 [Test worker] DEBUG org.apache.http.headers - http-outgoing-7 << Content-Language: en-US
11:45:32.119 [Test worker] DEBUG org.apache.http.headers - http-outgoing-7 << Content-Length: 0
11:45:32.119 [Test worker] DEBUG org.apache.http.headers - http-outgoing-7 << Date: Thu, 21 Jan 2021 10:45:31 GMT
11:45:32.119 [Test worker] DEBUG org.apache.http.headers - http-outgoing-7 << Keep-Alive: timeout=60
11:45:32.119 [Test worker] DEBUG org.apache.http.headers - http-outgoing-7 << Connection: keep-alive
11:45:32.120 [Test worker] DEBUG org.apache.http.impl.execchain.MainClientExec - Connection can be kept alive for 60000 MILLISECONDS
11:45:32.120 [Test worker] DEBUG org.apache.http.impl.conn.PoolingHttpClientConnectionManager - Connection [id: 7][route: {}->http://127.0.0.1:8080] can be kept alive for 60.0 seconds
11:45:32.120 [Test worker] DEBUG org.apache.http.impl.conn.DefaultManagedHttpClientConnection - http-outgoing-7: set socket timeout to 0
11:45:32.120 [Test worker] DEBUG org.apache.http.impl.conn.PoolingHttpClientConnectionManager - Connection released: [id: 7][route: {}->http://127.0.0.1:8080][total available: 1; route allocated: 1 of 6; total allocated: 1 of 20]
11:45:32.120 [Test worker] DEBUG com.gargoylesoftware.htmlunit.WebClient - Got a redirect status code [302] new location = [http://127.0.0.1:8080/list]
11:45:32.120 [Test worker] DEBUG com.gargoylesoftware.htmlunit.WebClient - Load response for GET http://127.0.0.1:8080/list
11:45:32.121 [Test worker] DEBUG org.apache.http.client.protocol.RequestAddCookies - CookieSpec selected: mine
11:45:32.121 [Test worker] DEBUG org.apache.http.client.protocol.RequestAuthCache - Auth cache not set in the context
11:45:32.121 [Test worker] DEBUG org.apache.http.impl.conn.PoolingHttpClientConnectionManager - Connection request: [route: {}->http://127.0.0.1:8080][total available: 1; route allocated: 1 of 6; total allocated: 1 of 20]
11:45:32.121 [Test worker] DEBUG org.apache.http.impl.conn.PoolingHttpClientConnectionManager - Connection leased: [id: 7][route: {}->http://127.0.0.1:8080][total available: 0; route allocated: 1 of 6; total allocated: 1 of 20]
11:45:32.121 [Test worker] DEBUG org.apache.http.impl.conn.DefaultManagedHttpClientConnection - http-outgoing-7: set socket timeout to 0
11:45:32.121 [Test worker] DEBUG org.apache.http.impl.conn.DefaultManagedHttpClientConnection - http-outgoing-7: set socket timeout to 0
11:45:32.121 [Test worker] DEBUG org.apache.http.impl.execchain.MainClientExec - Executing request GET /list HTTP/1.1
11:45:32.121 [Test worker] DEBUG org.apache.http.impl.execchain.MainClientExec - Target auth state: UNCHALLENGED
11:45:32.121 [Test worker] DEBUG org.apache.http.impl.execchain.MainClientExec - Proxy auth state: UNCHALLENGED
11:45:32.121 [Test worker] DEBUG org.apache.http.headers - http-outgoing-7 >> GET /list HTTP/1.1
11:45:32.121 [Test worker] DEBUG org.apache.http.headers - http-outgoing-7 >> Host: 127.0.0.1:8080
11:45:32.121 [Test worker] DEBUG org.apache.http.headers - http-outgoing-7 >> User-Agent: Mozilla/5.0 (Windows NT 6.1; rv:38.0) Gecko/20100101 Firefox/38.0
11:45:32.121 [Test worker] DEBUG org.apache.http.headers - http-outgoing-7 >> Accept: */*
11:45:32.121 [Test worker] DEBUG org.apache.http.headers - http-outgoing-7 >> Accept-Language: en-US
11:45:32.121 [Test worker] DEBUG org.apache.http.headers - http-outgoing-7 >> Accept-Encoding: gzip, deflate
11:45:32.121 [Test worker] DEBUG org.apache.http.headers - http-outgoing-7 >> Referer: http://127.0.0.1:8080/input
11:45:32.121 [Test worker] DEBUG org.apache.http.headers - http-outgoing-7 >> Connection: Keep-Alive
11:45:32.122 [Test worker] DEBUG org.apache.http.wire - http-outgoing-7 >> "GET /list HTTP/1.1[\r][\n]"
11:45:32.122 [Test worker] DEBUG org.apache.http.wire - http-outgoing-7 >> "Host: 127.0.0.1:8080[\r][\n]"
11:45:32.122 [Test worker] DEBUG org.apache.http.wire - http-outgoing-7 >> "User-Agent: Mozilla/5.0 (Windows NT 6.1; rv:38.0) Gecko/20100101 Firefox/38.0[\r][\n]"
11:45:32.122 [Test worker] DEBUG org.apache.http.wire - http-outgoing-7 >> "Accept: */*[\r][\n]"
11:45:32.122 [Test worker] DEBUG org.apache.http.wire - http-outgoing-7 >> "Accept-Language: en-US[\r][\n]"
11:45:32.122 [Test worker] DEBUG org.apache.http.wire - http-outgoing-7 >> "Accept-Encoding: gzip, deflate[\r][\n]"
11:45:32.122 [Test worker] DEBUG org.apache.http.wire - http-outgoing-7 >> "Referer: http://127.0.0.1:8080/input[\r][\n]"
11:45:32.122 [Test worker] DEBUG org.apache.http.wire - http-outgoing-7 >> "Connection: Keep-Alive[\r][\n]"
11:45:32.122 [Test worker] DEBUG org.apache.http.wire - http-outgoing-7 >> "[\r][\n]"
11:45:32.132 [Test worker] DEBUG org.apache.http.wire - http-outgoing-7 << "HTTP/1.1 200 [\r][\n]"
11:45:32.132 [Test worker] DEBUG org.apache.http.wire - http-outgoing-7 << "Content-Type: text/html;charset=UTF-8[\r][\n]"
11:45:32.132 [Test worker] DEBUG org.apache.http.wire - http-outgoing-7 << "Content-Language: en-US[\r][\n]"
11:45:32.132 [Test worker] DEBUG org.apache.http.wire - http-outgoing-7 << "Transfer-Encoding: chunked[\r][\n]"
11:45:32.132 [Test worker] DEBUG org.apache.http.wire - http-outgoing-7 << "Date: Thu, 21 Jan 2021 10:45:31 GMT[\r][\n]"
11:45:32.132 [Test worker] DEBUG org.apache.http.wire - http-outgoing-7 << "Keep-Alive: timeout=60[\r][\n]"
11:45:32.132 [Test worker] DEBUG org.apache.http.wire - http-outgoing-7 << "Connection: keep-alive[\r][\n]"
11:45:32.132 [Test worker] DEBUG org.apache.http.wire - http-outgoing-7 << "[\r][\n]"
11:45:32.132 [Test worker] DEBUG org.apache.http.wire - http-outgoing-7 << "1430[\r][\n]"
11:45:32.132 [Test worker] DEBUG org.apache.http.wire - http-outgoing-7 << "<!DOCTYPE HTML>[\n]"
11:45:32.133 [Test worker] DEBUG org.apache.http.wire - http-outgoing-7 << "<html>[\n]"
11:45:32.133 [Test worker] DEBUG org.apache.http.wire - http-outgoing-7 << "<head>[\n]"
11:45:32.133 [Test worker] DEBUG org.apache.http.wire - http-outgoing-7 << "    <title>MVC Web application</title>[\n]"
11:45:32.133 [Test worker] DEBUG org.apache.http.wire - http-outgoing-7 << "    <meta http-equiv="Content-Type" content="text/html; charset=UTF-8" />[\n]"
11:45:32.133 [Test worker] DEBUG org.apache.http.wire - http-outgoing-7 << "</head>[\n]"
11:45:32.133 [Test worker] DEBUG org.apache.http.wire - http-outgoing-7 << "[\n]"
11:45:32.133 [Test worker] DEBUG org.apache.http.wire - http-outgoing-7 << "<body>[\n]"
11:45:32.133 [Test worker] DEBUG org.apache.http.wire - http-outgoing-7 << "<h1>Pazienti Ricoverati</h1>[\n]"
11:45:32.133 [Test worker] DEBUG org.apache.http.wire - http-outgoing-7 << "[\n]"
11:45:32.133 [Test worker] DEBUG org.apache.http.wire - http-outgoing-7 << "<table border="1" id="present" name="present">[\n]"
11:45:32.133 [Test worker] DEBUG org.apache.http.wire - http-outgoing-7 << "    <thead>[\n]"
11:45:32.133 [Test worker] DEBUG org.apache.http.wire - http-outgoing-7 << "    <tr>[\n]"
11:45:32.133 [Test worker] DEBUG org.apache.http.wire - http-outgoing-7 << "        <th>Id</th>[\n]"
11:45:32.133 [Test worker] DEBUG org.apache.http.wire - http-outgoing-7 << "        <th>Nome</th>[\n]"
11:45:32.133 [Test worker] DEBUG org.apache.http.wire - http-outgoing-7 << "        <th>Cognome</th>[\n]"
11:45:32.133 [Test worker] DEBUG org.apache.http.wire - http-outgoing-7 << "        <th>Data ricovero</th>[\n]"
11:45:32.133 [Test worker] DEBUG org.apache.http.wire - http-outgoing-7 << "        <th>Data dimissione</th>[\n]"
11:45:32.133 [Test worker] DEBUG org.apache.http.wire - http-outgoing-7 << "        <th>Mostra</th>[\n]"
11:45:32.133 [Test worker] DEBUG org.apache.http.wire - http-outgoing-7 << "        <th>Modifica</th>[\n]"
11:45:32.133 [Test worker] DEBUG org.apache.http.wire - http-outgoing-7 << "        <th>Dimetti</th>[\n]"
11:45:32.133 [Test worker] DEBUG org.apache.http.wire - http-outgoing-7 << "        <th>Cancella</th>[\n]"
11:45:32.133 [Test worker] DEBUG org.apache.http.wire - http-outgoing-7 << "        <th>Stampa</th>[\n]"
11:45:32.133 [Test worker] DEBUG org.apache.http.wire - http-outgoing-7 << "    </tr>[\n]"
11:45:32.133 [Test worker] DEBUG org.apache.http.wire - http-outgoing-7 << "    </thead>[\n]"
11:45:32.133 [Test worker] DEBUG org.apache.http.wire - http-outgoing-7 << "    <tbody>[\n]"
11:45:32.133 [Test worker] DEBUG org.apache.http.wire - http-outgoing-7 << "        <tr>[\n]"
11:45:32.133 [Test worker] DEBUG org.apache.http.wire - http-outgoing-7 << "            <td id="id">4</td>[\n]"
11:45:32.133 [Test worker] DEBUG org.apache.http.wire - http-outgoing-7 << "            <td style="text-align:center;">Andrea</td>[\n]"
11:45:32.133 [Test worker] DEBUG org.apache.http.wire - http-outgoing-7 << "            <td id='lastName' style="text-align:center;">Rossi</td>[\n]"
11:45:32.133 [Test worker] DEBUG org.apache.http.wire - http-outgoing-7 << "            <td style="text-align:center;">11/06/1993</td>[\n]"
11:45:32.133 [Test worker] DEBUG org.apache.http.wire - http-outgoing-7 << "            <td style="text-align:center;"></td>[\n]"
11:45:32.133 [Test worker] DEBUG org.apache.http.wire - http-outgoing-7 << "            <td> <a href="cartella?id=4" style="text-align:center;"> Cartella </a></td>[\n]"
11:45:32.133 [Test worker] DEBUG org.apache.http.wire - http-outgoing-7 << "            <td> <a href="edit?id=4" id="modifica" style="text-align:center;"> Modifica </a></td>[\n]"
11:45:32.133 [Test worker] DEBUG org.apache.http.wire - http-outgoing-7 << "            <td> <a href="dimetti?id=4" style="text-align:center;"> Dimetti </a></td>[\n]"
11:45:32.133 [Test worker] DEBUG org.apache.http.wire - http-outgoing-7 << "            <td> <a href="delete?id=4" id="cancella" style="text-align:center;"> Cancella </a></td>[\n]"
11:45:32.133 [Test worker] DEBUG org.apache.http.wire - http-outgoing-7 << "            <td><button><a href="print?id=4" style="text-align:center;text-decoration:none;"> Stampa scheda </a></button></td>[\n]"
11:45:32.133 [Test worker] DEBUG org.apache.http.wire - http-outgoing-7 << "        </tr>[\n]"
11:45:32.133 [Test worker] DEBUG org.apache.http.wire - http-outgoing-7 << "        <tr>[\n]"
11:45:32.133 [Test worker] DEBUG org.apache.http.wire - http-outgoing-7 << "            <td id="id">5</td>[\n]"
11:45:32.133 [Test worker] DEBUG org.apache.http.wire - http-outgoing-7 << "            <td style="text-align:center;">Michele</td>[\n]"
11:45:32.133 [Test worker] DEBUG org.apache.http.wire - http-outgoing-7 << "            <td id='lastName' style="text-align:center;">Bianchi</td>[\n]"
11:45:32.133 [Test worker] DEBUG org.apache.http.wire - http-outgoing-7 << "            <td style="text-align:center;">11/06/1993</td>[\n]"
11:45:32.133 [Test worker] DEBUG org.apache.http.wire - http-outgoing-7 << "            <td style="text-align:center;"></td>[\n]"
11:45:32.133 [Test worker] DEBUG org.apache.http.wire - http-outgoing-7 << "            <td> <a href="cartella?id=5" style="text-align:center;"> Cartella </a></td>[\n]"
11:45:32.133 [Test worker] DEBUG org.apache.http.wire - http-outgoing-7 << "            <td> <a href="edit?id=5" id="modifica" style="text-align:center;"> Modifica </a></td>[\n]"
11:45:32.133 [Test worker] DEBUG org.apache.http.wire - http-outgoing-7 << "            <td> <a href="dimetti?id=5" style="text-align:center;"> Dimetti </a></td>[\n]"
11:45:32.133 [Test worker] DEBUG org.apache.http.wire - http-outgoing-7 << "            <td> <a href="delete?id=5" id="cancella" style="text-align:center;"> Cancella </a></td>[\n]"
11:45:32.133 [Test worker] DEBUG org.apache.http.wire - http-outgoing-7 << "            <td><button><a href="print?id=5" style="text-align:center;text-decoration:none;"> Stampa scheda </a></button></td>[\n]"
11:45:32.133 [Test worker] DEBUG org.apache.http.wire - http-outgoing-7 << "        </tr>[\n]"
11:45:32.133 [Test worker] DEBUG org.apache.http.wire - http-outgoing-7 << "        <tr>[\n]"
11:45:32.133 [Test worker] DEBUG org.apache.http.wire - http-outgoing-7 << "            <td id="id">6</td>[\n]"
11:45:32.133 [Test worker] DEBUG org.apache.http.wire - http-outgoing-7 << "            <td style="text-align:center;">Michele</td>[\n]"
11:45:32.133 [Test worker] DEBUG org.apache.http.wire - http-outgoing-7 << "            <td id='lastName' style="text-align:center;">Bianchi</td>[\n]"
11:45:32.133 [Test worker] DEBUG org.apache.http.wire - http-outgoing-7 << "            <td style="text-align:center;">11/06/1993</td>[\n]"
11:45:32.133 [Test worker] DEBUG org.apache.http.wire - http-outgoing-7 << "            <td style="text-align:center;"></td>[\n]"
11:45:32.133 [Test worker] DEBUG org.apache.http.wire - http-outgoing-7 << "            <td> <a href="cartella?id=6" style="text-align:center;"> Cartella </a></td>[\n]"
11:45:32.133 [Test worker] DEBUG org.apache.http.wire - http-outgoing-7 << "            <td> <a href="edit?id=6" id="modifica" style="text-align:center;"> Modifica </a></td>[\n]"
11:45:32.133 [Test worker] DEBUG org.apache.http.wire - http-outgoing-7 << "            <td> <a href="dimetti?id=6" style="text-align:center;"> Dimetti </a></td>[\n]"
11:45:32.133 [Test worker] DEBUG org.apache.http.wire - http-outgoing-7 << "            <td> <a href="delete?id=6" id="cancella" style="text-align:center;"> Cancella </a></td>[\n]"
11:45:32.133 [Test worker] DEBUG org.apache.http.wire - http-outgoing-7 << "            <td><button><a href="print?id=6" style="text-align:center;text-decoration:none;"> Stampa scheda </a></button></td>[\n]"
11:45:32.133 [Test worker] DEBUG org.apache.http.wire - http-outgoing-7 << "        </tr>[\n]"
11:45:32.133 [Test worker] DEBUG org.apache.http.wire - http-outgoing-7 << "        <tr>[\n]"
11:45:32.133 [Test worker] DEBUG org.apache.http.wire - http-outgoing-7 << "            <td id="id">7</td>[\n]"
11:45:32.133 [Test worker] DEBUG org.apache.http.wire - http-outgoing-7 << "            <td style="text-align:center;">Andrea</td>[\n]"
11:45:32.133 [Test worker] DEBUG org.apache.http.wire - http-outgoing-7 << "            <td id='lastName' style="text-align:center;">Rossi</td>[\n]"
11:45:32.133 [Test worker] DEBUG org.apache.http.wire - http-outgoing-7 << "            <td style="text-align:center;">11/06/1993</td>[\n]"
11:45:32.133 [Test worker] DEBUG org.apache.http.wire - http-outgoing-7 << "            <td style="text-align:center;"></td>[\n]"
11:45:32.133 [Test worker] DEBUG org.apache.http.wire - http-outgoing-7 << "            <td> <a href="cartella?id=7" style="text-align:center;"> Cartella </a></td>[\n]"
11:45:32.133 [Test worker] DEBUG org.apache.http.wire - http-outgoing-7 << "            <td> <a href="edit?id=7" id="modifica" style="text-align:center;"> Modifica </a></td>[\n]"
11:45:32.133 [Test worker] DEBUG org.apache.http.wire - http-outgoing-7 << "            <td> <a href="dimetti?id=7" style="text-align:center;"> Dimetti </a></td>[\n]"
11:45:32.133 [Test worker] DEBUG org.apache.http.wire - http-outgoing-7 << "            <td> <a href="delete?id=7" id="cancella" style="text-align:center;"> Cancella </a></td>[\n]"
11:45:32.133 [Test worker] DEBUG org.apache.http.wire - http-outgoing-7 << "            <td><button><a href="print?id=7" style="text-align:center;text-decoration:none;"> Stampa scheda </a></button></td>[\n]"
11:45:32.134 [Test worker] DEBUG org.apache.http.wire - http-outgoing-7 << "        </tr>[\n]"
11:45:32.134 [Test worker] DEBUG org.apache.http.wire - http-outgoing-7 << "        </tbody>[\n]"
11:45:32.134 [Test worker] DEBUG org.apache.http.wire - http-outgoing-7 << "</table>[\n]"
11:45:32.134 [Test worker] DEBUG org.apache.http.wire - http-outgoing-7 << "[\n]"
11:45:32.134 [Test worker] DEBUG org.apache.http.wire - http-outgoing-7 << "<h1>Pazienti Dimessi</h1>[\n]"
11:45:32.134 [Test worker] DEBUG org.apache.http.wire - http-outgoing-7 << "<table border="1" id="discharged" name="discharged">[\n]"
11:45:32.134 [Test worker] DEBUG org.apache.http.wire - http-outgoing-7 << "    <thead>[\n]"
11:45:32.134 [Test worker] DEBUG org.apache.http.wire - http-outgoing-7 << "    <tr>[\n]"
11:45:32.134 [Test worker] DEBUG org.apache.http.wire - http-outgoing-7 << "        <th>Id</th>[\n]"
11:45:32.134 [Test worker] DEBUG org.apache.http.wire - http-outgoing-7 << "        <th>Nome</th>[\n]"
11:45:32.134 [Test worker] DEBUG org.apache.http.wire - http-outgoing-7 << "        <th>Cognome</th>[\n]"
11:45:32.134 [Test worker] DEBUG org.apache.http.wire - http-outgoing-7 << "        <th>Data Ricovero</th>[\n]"
11:45:32.134 [Test worker] DEBUG org.apache.http.wire - http-outgoing-7 << "        <th>Data Dimissione</th>[\n]"
11:45:32.134 [Test worker] DEBUG org.apache.http.wire - http-outgoing-7 << "        <th>Cartella</th>[\n]"
11:45:32.134 [Test worker] DEBUG org.apache.http.wire - http-outgoing-7 << "        <th>Modifica</th>[\n]"
11:45:32.134 [Test worker] DEBUG org.apache.http.wire - http-outgoing-7 << "        <th>Cancella</th>[\n]"
11:45:32.134 [Test worker] DEBUG org.apache.http.wire - http-outgoing-7 << "        <th>Stampa</th>[\n]"
11:45:32.134 [Test worker] DEBUG org.apache.http.wire - http-outgoing-7 << "    </tr>[\n]"
11:45:32.134 [Test worker] DEBUG org.apache.http.wire - http-outgoing-7 << "    </thead>[\n]"
11:45:32.134 [Test worker] DEBUG org.apache.http.wire - http-outgoing-7 << "    <tbody>[\n]"
11:45:32.134 [Test worker] DEBUG org.apache.http.wire - http-outgoing-7 << "    <tr>[\n]"
11:45:32.134 [Test worker] DEBUG org.apache.http.wire - http-outgoing-7 << "        <td id="idDischarged">1</td>[\n]"
11:45:32.134 [Test worker] DEBUG org.apache.http.wire - http-outgoing-7 << "        <td style="text-align:center;">Michele</td>[\n]"
11:45:32.134 [Test worker] DEBUG org.apache.http.wire - http-outgoing-7 << "        <td id='lastNameDischarged' style="text-align:center;">Bianchi</td>[\n]"
11:45:32.134 [Test worker] DEBUG org.apache.http.wire - http-outgoing-7 << "        <td style="text-align:center;">11/06/1993</td>[\n]"
11:45:32.134 [Test worker] DEBUG org.apache.http.wire - http-outgoing-7 << "        <td style="text-align:center;">21/01/2021</td>[\n]"
11:45:32.134 [Test worker] DEBUG org.apache.http.wire - http-outgoing-7 << "        <td> <a href="cartella?id=1" style="text-align:center;"> Cartella </a></td>[\n]"
11:45:32.134 [Test worker] DEBUG org.apache.http.wire - http-outgoing-7 << "        <td> <a id="modificaDischarged" style="text-align:center; cursor:not-allowed; pointer-events:none; color:grey;"> Modifica </a></td>[\n]"
11:45:32.134 [Test worker] DEBUG org.apache.http.wire - http-outgoing-7 << "        <td> <a id="cancellaDischarged" style="text-align:center; cursor:not-allowed; pointer-events:none; color:grey;"> Cancella </a></td>[\n]"
11:45:32.134 [Test worker] DEBUG org.apache.http.wire - http-outgoing-7 << "        <td><button><a href="print?id=1" style="text-align:center;text-decoration:none;"> Stampa scheda </a></button></td>[\n]"
11:45:32.134 [Test worker] DEBUG org.apache.http.wire - http-outgoing-7 << "    </tr>[\n]"
11:45:32.134 [Test worker] DEBUG org.apache.http.wire - http-outgoing-7 << "    </tbody>[\n]"
11:45:32.134 [Test worker] DEBUG org.apache.http.wire - http-outgoing-7 << "</table>[\n]"
11:45:32.134 [Test worker] DEBUG org.apache.http.wire - http-outgoing-7 << "<br>[\n]"
11:45:32.134 [Test worker] DEBUG org.apache.http.wire - http-outgoing-7 << "<button><a href="input" style="text-decoration:none;">Registra un paziente</a></button>[\n]"
11:45:32.134 [Test worker] DEBUG org.apache.http.wire - http-outgoing-7 << "<br>[\n]"
11:45:32.134 [Test worker] DEBUG org.apache.http.wire - http-outgoing-7 << "<br>[\n]"
11:45:32.134 [Test worker] DEBUG org.apache.http.wire - http-outgoing-7 << "[\n]"
11:45:32.134 [Test worker] DEBUG org.apache.http.wire - http-outgoing-7 << "<form action="search" method="post">[\n]"
11:45:32.134 [Test worker] DEBUG org.apache.http.wire - http-outgoing-7 << "    Cognome Paziente: <input type="text" name="lastName"/>[\n]"
11:45:32.134 [Test worker] DEBUG org.apache.http.wire - http-outgoing-7 << "    <input type="submit" value="Cerca"/>[\n]"
11:45:32.134 [Test worker] DEBUG org.apache.http.wire - http-outgoing-7 << "</form>[\n]"
11:45:32.134 [Test worker] DEBUG org.apache.http.wire - http-outgoing-7 << "</body>[\n]"
11:45:32.134 [Test worker] DEBUG org.apache.http.wire - http-outgoing-7 << "</html>[\r][\n]"
11:45:32.134 [Test worker] DEBUG org.apache.http.headers - http-outgoing-7 << HTTP/1.1 200 
11:45:32.134 [Test worker] DEBUG org.apache.http.headers - http-outgoing-7 << Content-Type: text/html;charset=UTF-8
11:45:32.134 [Test worker] DEBUG org.apache.http.headers - http-outgoing-7 << Content-Language: en-US
11:45:32.134 [Test worker] DEBUG org.apache.http.headers - http-outgoing-7 << Transfer-Encoding: chunked
11:45:32.134 [Test worker] DEBUG org.apache.http.headers - http-outgoing-7 << Date: Thu, 21 Jan 2021 10:45:31 GMT
11:45:32.134 [Test worker] DEBUG org.apache.http.headers - http-outgoing-7 << Keep-Alive: timeout=60
11:45:32.134 [Test worker] DEBUG org.apache.http.headers - http-outgoing-7 << Connection: keep-alive
11:45:32.134 [Test worker] DEBUG org.apache.http.impl.execchain.MainClientExec - Connection can be kept alive for 60000 MILLISECONDS
11:45:32.134 [Test worker] DEBUG org.apache.http.wire - http-outgoing-7 << "0[\r][\n]"
11:45:32.135 [Test worker] DEBUG org.apache.http.wire - http-outgoing-7 << "[\r][\n]"
11:45:32.135 [Test worker] DEBUG org.apache.http.impl.conn.PoolingHttpClientConnectionManager - Connection [id: 7][route: {}->http://127.0.0.1:8080] can be kept alive for 60.0 seconds
11:45:32.135 [Test worker] DEBUG org.apache.http.impl.conn.DefaultManagedHttpClientConnection - http-outgoing-7: set socket timeout to 0
11:45:32.135 [Test worker] DEBUG org.apache.http.impl.conn.PoolingHttpClientConnectionManager - Connection released: [id: 7][route: {}->http://127.0.0.1:8080][total available: 1; route allocated: 1 of 6; total allocated: 1 of 20]
11:45:32.135 [Test worker] DEBUG com.gargoylesoftware.htmlunit.html.DomElement - Firing Event unload (Current Target: HTMLElement for HtmlHtml[<html>]);
11:45:32.135 [Test worker] DEBUG com.gargoylesoftware.htmlunit.WebWindowImpl - setEnclosedPage: HtmlPage(http://127.0.0.1:8080/list)@630526246
11:45:32.135 [Test worker] DEBUG com.gargoylesoftware.htmlunit.WebWindowImpl - destroyChildren
11:45:32.140 [Test worker] DEBUG com.gargoylesoftware.htmlunit.util.EncodingSniffer - Encoding found in HTTP headers: 'UTF-8'.
11:45:32.143 [Test worker] DEBUG net.sourceforge.jwebunit.htmlunit.HtmlUnitTestingEngineImpl - Window "" changed : "MVC Web application" became "MVC Web application
11:45:32.143 [Test worker] DEBUG com.gargoylesoftware.htmlunit.html.DomElement - Firing Event DOMContentLoaded (Current Target: HTMLElement for HtmlHtml[<html>]);
11:45:32.144 [Test worker] DEBUG com.gargoylesoftware.htmlunit.html.DomElement - Firing Event load (Current Target: HTMLElement for HtmlHtml[<html>]);
11:45:32.156 [Test worker] DEBUG com.gargoylesoftware.htmlunit.html.DomElement - Firing Event mousedown (Current Target: HTMLElement for HtmlAnchor[<a href="delete?id=4" id="cancella" style="text-align:center;">]);
11:45:32.156 [Test worker] DEBUG com.gargoylesoftware.htmlunit.html.DomElement - Firing Event focus (Current Target: HTMLElement for HtmlAnchor[<a href="delete?id=4" id="cancella" style="text-align:center;">]);
11:45:32.156 [Test worker] DEBUG com.gargoylesoftware.htmlunit.html.DomElement - Firing Event mouseup (Current Target: HTMLElement for HtmlAnchor[<a href="delete?id=4" id="cancella" style="text-align:center;">]);
11:45:32.156 [Test worker] DEBUG com.gargoylesoftware.htmlunit.html.DomElement - Firing Event click (Current Target: HTMLElement for HtmlAnchor[<a href="delete?id=4" id="cancella" style="text-align:center;">]);
11:45:32.156 [Test worker] DEBUG com.gargoylesoftware.htmlunit.html.HtmlAnchor - do click action in window '', using href 'delete?id=4'
11:45:32.156 [Test worker] DEBUG com.gargoylesoftware.htmlunit.util.EncodingSniffer - Encoding found in HTTP headers: 'UTF-8'.
11:45:32.156 [Test worker] DEBUG com.gargoylesoftware.htmlunit.html.HtmlAnchor - Getting page for http://127.0.0.1:8080/delete?id=4, derived from href 'delete?id=4', using the originating URL http://127.0.0.1:8080/list
11:45:32.156 [Test worker] DEBUG com.gargoylesoftware.htmlunit.html.DomElement - Firing Event beforeunload (Current Target: HTMLElement for HtmlHtml[<html>]);
11:45:32.156 [Test worker] DEBUG com.gargoylesoftware.htmlunit.WebClient - Load response for GET http://127.0.0.1:8080/delete?id=4
11:45:32.157 [Test worker] DEBUG org.apache.http.client.protocol.RequestAddCookies - CookieSpec selected: mine
11:45:32.158 [Test worker] DEBUG org.apache.http.client.protocol.RequestAuthCache - Auth cache not set in the context
11:45:32.158 [Test worker] DEBUG org.apache.http.impl.conn.PoolingHttpClientConnectionManager - Connection request: [route: {}->http://127.0.0.1:8080][total available: 1; route allocated: 1 of 6; total allocated: 1 of 20]
11:45:32.158 [Test worker] DEBUG org.apache.http.impl.conn.PoolingHttpClientConnectionManager - Connection leased: [id: 7][route: {}->http://127.0.0.1:8080][total available: 0; route allocated: 1 of 6; total allocated: 1 of 20]
11:45:32.158 [Test worker] DEBUG org.apache.http.impl.conn.DefaultManagedHttpClientConnection - http-outgoing-7: set socket timeout to 0
11:45:32.158 [Test worker] DEBUG org.apache.http.impl.conn.DefaultManagedHttpClientConnection - http-outgoing-7: set socket timeout to 0
11:45:32.158 [Test worker] DEBUG org.apache.http.impl.execchain.MainClientExec - Executing request GET /delete?id=4 HTTP/1.1
11:45:32.158 [Test worker] DEBUG org.apache.http.impl.execchain.MainClientExec - Target auth state: UNCHALLENGED
11:45:32.158 [Test worker] DEBUG org.apache.http.impl.execchain.MainClientExec - Proxy auth state: UNCHALLENGED
11:45:32.158 [Test worker] DEBUG org.apache.http.headers - http-outgoing-7 >> GET /delete?id=4 HTTP/1.1
11:45:32.158 [Test worker] DEBUG org.apache.http.headers - http-outgoing-7 >> Host: 127.0.0.1:8080
11:45:32.158 [Test worker] DEBUG org.apache.http.headers - http-outgoing-7 >> User-Agent: Mozilla/5.0 (Windows NT 6.1; rv:38.0) Gecko/20100101 Firefox/38.0
11:45:32.158 [Test worker] DEBUG org.apache.http.headers - http-outgoing-7 >> Accept: text/html,application/xhtml+xml,application/xml;q=0.9,*/*;q=0.8
11:45:32.158 [Test worker] DEBUG org.apache.http.headers - http-outgoing-7 >> Accept-Language: en-US
11:45:32.158 [Test worker] DEBUG org.apache.http.headers - http-outgoing-7 >> Accept-Encoding: gzip, deflate
11:45:32.158 [Test worker] DEBUG org.apache.http.headers - http-outgoing-7 >> Referer: http://127.0.0.1:8080/list
11:45:32.158 [Test worker] DEBUG org.apache.http.headers - http-outgoing-7 >> Connection: Keep-Alive
11:45:32.158 [Test worker] DEBUG org.apache.http.wire - http-outgoing-7 >> "GET /delete?id=4 HTTP/1.1[\r][\n]"
11:45:32.158 [Test worker] DEBUG org.apache.http.wire - http-outgoing-7 >> "Host: 127.0.0.1:8080[\r][\n]"
11:45:32.158 [Test worker] DEBUG org.apache.http.wire - http-outgoing-7 >> "User-Agent: Mozilla/5.0 (Windows NT 6.1; rv:38.0) Gecko/20100101 Firefox/38.0[\r][\n]"
11:45:32.158 [Test worker] DEBUG org.apache.http.wire - http-outgoing-7 >> "Accept: text/html,application/xhtml+xml,application/xml;q=0.9,*/*;q=0.8[\r][\n]"
11:45:32.158 [Test worker] DEBUG org.apache.http.wire - http-outgoing-7 >> "Accept-Language: en-US[\r][\n]"
11:45:32.158 [Test worker] DEBUG org.apache.http.wire - http-outgoing-7 >> "Accept-Encoding: gzip, deflate[\r][\n]"
11:45:32.158 [Test worker] DEBUG org.apache.http.wire - http-outgoing-7 >> "Referer: http://127.0.0.1:8080/list[\r][\n]"
11:45:32.158 [Test worker] DEBUG org.apache.http.wire - http-outgoing-7 >> "Connection: Keep-Alive[\r][\n]"
11:45:32.158 [Test worker] DEBUG org.apache.http.wire - http-outgoing-7 >> "[\r][\n]"
11:45:32.163 [Test worker] DEBUG org.apache.http.wire - http-outgoing-7 << "HTTP/1.1 302 [\r][\n]"
11:45:32.163 [Test worker] DEBUG org.apache.http.wire - http-outgoing-7 << "Location: http://127.0.0.1:8080/list[\r][\n]"
11:45:32.163 [Test worker] DEBUG org.apache.http.wire - http-outgoing-7 << "Content-Language: en-US[\r][\n]"
11:45:32.163 [Test worker] DEBUG org.apache.http.wire - http-outgoing-7 << "Content-Length: 0[\r][\n]"
11:45:32.163 [Test worker] DEBUG org.apache.http.wire - http-outgoing-7 << "Date: Thu, 21 Jan 2021 10:45:31 GMT[\r][\n]"
11:45:32.163 [Test worker] DEBUG org.apache.http.wire - http-outgoing-7 << "Keep-Alive: timeout=60[\r][\n]"
11:45:32.163 [Test worker] DEBUG org.apache.http.wire - http-outgoing-7 << "Connection: keep-alive[\r][\n]"
11:45:32.163 [Test worker] DEBUG org.apache.http.wire - http-outgoing-7 << "[\r][\n]"
11:45:32.163 [Test worker] DEBUG org.apache.http.headers - http-outgoing-7 << HTTP/1.1 302 
11:45:32.163 [Test worker] DEBUG org.apache.http.headers - http-outgoing-7 << Location: http://127.0.0.1:8080/list
11:45:32.163 [Test worker] DEBUG org.apache.http.headers - http-outgoing-7 << Content-Language: en-US
11:45:32.163 [Test worker] DEBUG org.apache.http.headers - http-outgoing-7 << Content-Length: 0
11:45:32.163 [Test worker] DEBUG org.apache.http.headers - http-outgoing-7 << Date: Thu, 21 Jan 2021 10:45:31 GMT
11:45:32.163 [Test worker] DEBUG org.apache.http.headers - http-outgoing-7 << Keep-Alive: timeout=60
11:45:32.163 [Test worker] DEBUG org.apache.http.headers - http-outgoing-7 << Connection: keep-alive
11:45:32.164 [Test worker] DEBUG org.apache.http.impl.execchain.MainClientExec - Connection can be kept alive for 60000 MILLISECONDS
11:45:32.164 [Test worker] DEBUG org.apache.http.impl.conn.PoolingHttpClientConnectionManager - Connection [id: 7][route: {}->http://127.0.0.1:8080] can be kept alive for 60.0 seconds
11:45:32.164 [Test worker] DEBUG org.apache.http.impl.conn.DefaultManagedHttpClientConnection - http-outgoing-7: set socket timeout to 0
11:45:32.164 [Test worker] DEBUG org.apache.http.impl.conn.PoolingHttpClientConnectionManager - Connection released: [id: 7][route: {}->http://127.0.0.1:8080][total available: 1; route allocated: 1 of 6; total allocated: 1 of 20]
11:45:32.164 [Test worker] DEBUG com.gargoylesoftware.htmlunit.WebClient - Got a redirect status code [302] new location = [http://127.0.0.1:8080/list]
11:45:32.164 [Test worker] DEBUG com.gargoylesoftware.htmlunit.WebClient - Load response for GET http://127.0.0.1:8080/list
11:45:32.165 [Test worker] DEBUG org.apache.http.client.protocol.RequestAddCookies - CookieSpec selected: mine
11:45:32.165 [Test worker] DEBUG org.apache.http.client.protocol.RequestAuthCache - Auth cache not set in the context
11:45:32.165 [Test worker] DEBUG org.apache.http.impl.conn.PoolingHttpClientConnectionManager - Connection request: [route: {}->http://127.0.0.1:8080][total available: 1; route allocated: 1 of 6; total allocated: 1 of 20]
11:45:32.165 [Test worker] DEBUG org.apache.http.impl.conn.PoolingHttpClientConnectionManager - Connection leased: [id: 7][route: {}->http://127.0.0.1:8080][total available: 0; route allocated: 1 of 6; total allocated: 1 of 20]
11:45:32.165 [Test worker] DEBUG org.apache.http.impl.conn.DefaultManagedHttpClientConnection - http-outgoing-7: set socket timeout to 0
11:45:32.165 [Test worker] DEBUG org.apache.http.impl.conn.DefaultManagedHttpClientConnection - http-outgoing-7: set socket timeout to 0
11:45:32.165 [Test worker] DEBUG org.apache.http.impl.execchain.MainClientExec - Executing request GET /list HTTP/1.1
11:45:32.165 [Test worker] DEBUG org.apache.http.impl.execchain.MainClientExec - Target auth state: UNCHALLENGED
11:45:32.165 [Test worker] DEBUG org.apache.http.impl.execchain.MainClientExec - Proxy auth state: UNCHALLENGED
11:45:32.165 [Test worker] DEBUG org.apache.http.headers - http-outgoing-7 >> GET /list HTTP/1.1
11:45:32.165 [Test worker] DEBUG org.apache.http.headers - http-outgoing-7 >> Host: 127.0.0.1:8080
11:45:32.165 [Test worker] DEBUG org.apache.http.headers - http-outgoing-7 >> User-Agent: Mozilla/5.0 (Windows NT 6.1; rv:38.0) Gecko/20100101 Firefox/38.0
11:45:32.165 [Test worker] DEBUG org.apache.http.headers - http-outgoing-7 >> Accept: text/html,application/xhtml+xml,application/xml;q=0.9,*/*;q=0.8
11:45:32.165 [Test worker] DEBUG org.apache.http.headers - http-outgoing-7 >> Accept-Language: en-US
11:45:32.165 [Test worker] DEBUG org.apache.http.headers - http-outgoing-7 >> Accept-Encoding: gzip, deflate
11:45:32.165 [Test worker] DEBUG org.apache.http.headers - http-outgoing-7 >> Referer: http://127.0.0.1:8080/list
11:45:32.165 [Test worker] DEBUG org.apache.http.headers - http-outgoing-7 >> Connection: Keep-Alive
11:45:32.165 [Test worker] DEBUG org.apache.http.wire - http-outgoing-7 >> "GET /list HTTP/1.1[\r][\n]"
11:45:32.165 [Test worker] DEBUG org.apache.http.wire - http-outgoing-7 >> "Host: 127.0.0.1:8080[\r][\n]"
11:45:32.166 [Test worker] DEBUG org.apache.http.wire - http-outgoing-7 >> "User-Agent: Mozilla/5.0 (Windows NT 6.1; rv:38.0) Gecko/20100101 Firefox/38.0[\r][\n]"
11:45:32.166 [Test worker] DEBUG org.apache.http.wire - http-outgoing-7 >> "Accept: text/html,application/xhtml+xml,application/xml;q=0.9,*/*;q=0.8[\r][\n]"
11:45:32.166 [Test worker] DEBUG org.apache.http.wire - http-outgoing-7 >> "Accept-Language: en-US[\r][\n]"
11:45:32.166 [Test worker] DEBUG org.apache.http.wire - http-outgoing-7 >> "Accept-Encoding: gzip, deflate[\r][\n]"
11:45:32.166 [Test worker] DEBUG org.apache.http.wire - http-outgoing-7 >> "Referer: http://127.0.0.1:8080/list[\r][\n]"
11:45:32.166 [Test worker] DEBUG org.apache.http.wire - http-outgoing-7 >> "Connection: Keep-Alive[\r][\n]"
11:45:32.166 [Test worker] DEBUG org.apache.http.wire - http-outgoing-7 >> "[\r][\n]"
11:45:32.173 [Test worker] DEBUG org.apache.http.wire - http-outgoing-7 << "HTTP/1.1 200 [\r][\n]"
11:45:32.173 [Test worker] DEBUG org.apache.http.wire - http-outgoing-7 << "Content-Type: text/html;charset=UTF-8[\r][\n]"
11:45:32.173 [Test worker] DEBUG org.apache.http.wire - http-outgoing-7 << "Content-Language: en-US[\r][\n]"
11:45:32.173 [Test worker] DEBUG org.apache.http.wire - http-outgoing-7 << "Transfer-Encoding: chunked[\r][\n]"
11:45:32.173 [Test worker] DEBUG org.apache.http.wire - http-outgoing-7 << "Date: Thu, 21 Jan 2021 10:45:31 GMT[\r][\n]"
11:45:32.173 [Test worker] DEBUG org.apache.http.wire - http-outgoing-7 << "Keep-Alive: timeout=60[\r][\n]"
11:45:32.173 [Test worker] DEBUG org.apache.http.wire - http-outgoing-7 << "Connection: keep-alive[\r][\n]"
11:45:32.173 [Test worker] DEBUG org.apache.http.wire - http-outgoing-7 << "[\r][\n]"
11:45:32.173 [Test worker] DEBUG org.apache.http.wire - http-outgoing-7 << "111c[\r][\n]"
11:45:32.173 [Test worker] DEBUG org.apache.http.wire - http-outgoing-7 << "<!DOCTYPE HTML>[\n]"
11:45:32.173 [Test worker] DEBUG org.apache.http.wire - http-outgoing-7 << "<html>[\n]"
11:45:32.173 [Test worker] DEBUG org.apache.http.wire - http-outgoing-7 << "<head>[\n]"
11:45:32.173 [Test worker] DEBUG org.apache.http.wire - http-outgoing-7 << "    <title>MVC Web application</title>[\n]"
11:45:32.173 [Test worker] DEBUG org.apache.http.wire - http-outgoing-7 << "    <meta http-equiv="Content-Type" content="text/html; charset=UTF-8" />[\n]"
11:45:32.173 [Test worker] DEBUG org.apache.http.wire - http-outgoing-7 << "</head>[\n]"
11:45:32.173 [Test worker] DEBUG org.apache.http.wire - http-outgoing-7 << "[\n]"
11:45:32.173 [Test worker] DEBUG org.apache.http.wire - http-outgoing-7 << "<body>[\n]"
11:45:32.173 [Test worker] DEBUG org.apache.http.wire - http-outgoing-7 << "<h1>Pazienti Ricoverati</h1>[\n]"
11:45:32.173 [Test worker] DEBUG org.apache.http.wire - http-outgoing-7 << "[\n]"
11:45:32.173 [Test worker] DEBUG org.apache.http.wire - http-outgoing-7 << "<table border="1" id="present" name="present">[\n]"
11:45:32.173 [Test worker] DEBUG org.apache.http.wire - http-outgoing-7 << "    <thead>[\n]"
11:45:32.173 [Test worker] DEBUG org.apache.http.wire - http-outgoing-7 << "    <tr>[\n]"
11:45:32.173 [Test worker] DEBUG org.apache.http.wire - http-outgoing-7 << "        <th>Id</th>[\n]"
11:45:32.173 [Test worker] DEBUG org.apache.http.wire - http-outgoing-7 << "        <th>Nome</th>[\n]"
11:45:32.173 [Test worker] DEBUG org.apache.http.wire - http-outgoing-7 << "        <th>Cognome</th>[\n]"
11:45:32.173 [Test worker] DEBUG org.apache.http.wire - http-outgoing-7 << "        <th>Data ricovero</th>[\n]"
11:45:32.173 [Test worker] DEBUG org.apache.http.wire - http-outgoing-7 << "        <th>Data dimissione</th>[\n]"
11:45:32.173 [Test worker] DEBUG org.apache.http.wire - http-outgoing-7 << "        <th>Mostra</th>[\n]"
11:45:32.173 [Test worker] DEBUG org.apache.http.wire - http-outgoing-7 << "        <th>Modifica</th>[\n]"
11:45:32.173 [Test worker] DEBUG org.apache.http.wire - http-outgoing-7 << "        <th>Dimetti</th>[\n]"
11:45:32.173 [Test worker] DEBUG org.apache.http.wire - http-outgoing-7 << "        <th>Cancella</th>[\n]"
11:45:32.173 [Test worker] DEBUG org.apache.http.wire - http-outgoing-7 << "        <th>Stampa</th>[\n]"
11:45:32.173 [Test worker] DEBUG org.apache.http.wire - http-outgoing-7 << "    </tr>[\n]"
11:45:32.173 [Test worker] DEBUG org.apache.http.wire - http-outgoing-7 << "    </thead>[\n]"
11:45:32.173 [Test worker] DEBUG org.apache.http.wire - http-outgoing-7 << "    <tbody>[\n]"
11:45:32.173 [Test worker] DEBUG org.apache.http.wire - http-outgoing-7 << "        <tr>[\n]"
11:45:32.173 [Test worker] DEBUG org.apache.http.wire - http-outgoing-7 << "            <td id="id">5</td>[\n]"
11:45:32.173 [Test worker] DEBUG org.apache.http.wire - http-outgoing-7 << "            <td style="text-align:center;">Michele</td>[\n]"
11:45:32.173 [Test worker] DEBUG org.apache.http.wire - http-outgoing-7 << "            <td id='lastName' style="text-align:center;">Bianchi</td>[\n]"
11:45:32.173 [Test worker] DEBUG org.apache.http.wire - http-outgoing-7 << "            <td style="text-align:center;">11/06/1993</td>[\n]"
11:45:32.173 [Test worker] DEBUG org.apache.http.wire - http-outgoing-7 << "            <td style="text-align:center;"></td>[\n]"
11:45:32.173 [Test worker] DEBUG org.apache.http.wire - http-outgoing-7 << "            <td> <a href="cartella?id=5" style="text-align:center;"> Cartella </a></td>[\n]"
11:45:32.173 [Test worker] DEBUG org.apache.http.wire - http-outgoing-7 << "            <td> <a href="edit?id=5" id="modifica" style="text-align:center;"> Modifica </a></td>[\n]"
11:45:32.173 [Test worker] DEBUG org.apache.http.wire - http-outgoing-7 << "            <td> <a href="dimetti?id=5" style="text-align:center;"> Dimetti </a></td>[\n]"
11:45:32.173 [Test worker] DEBUG org.apache.http.wire - http-outgoing-7 << "            <td> <a href="delete?id=5" id="cancella" style="text-align:center;"> Cancella </a></td>[\n]"
11:45:32.173 [Test worker] DEBUG org.apache.http.wire - http-outgoing-7 << "            <td><button><a href="print?id=5" style="text-align:center;text-decoration:none;"> Stampa scheda </a></button></td>[\n]"
11:45:32.173 [Test worker] DEBUG org.apache.http.wire - http-outgoing-7 << "        </tr>[\n]"
11:45:32.173 [Test worker] DEBUG org.apache.http.wire - http-outgoing-7 << "        <tr>[\n]"
11:45:32.173 [Test worker] DEBUG org.apache.http.wire - http-outgoing-7 << "            <td id="id">6</td>[\n]"
11:45:32.173 [Test worker] DEBUG org.apache.http.wire - http-outgoing-7 << "            <td style="text-align:center;">Michele</td>[\n]"
11:45:32.173 [Test worker] DEBUG org.apache.http.wire - http-outgoing-7 << "            <td id='lastName' style="text-align:center;">Bianchi</td>[\n]"
11:45:32.173 [Test worker] DEBUG org.apache.http.wire - http-outgoing-7 << "            <td style="text-align:center;">11/06/1993</td>[\n]"
11:45:32.173 [Test worker] DEBUG org.apache.http.wire - http-outgoing-7 << "            <td style="text-align:center;"></td>[\n]"
11:45:32.173 [Test worker] DEBUG org.apache.http.wire - http-outgoing-7 << "            <td> <a href="cartella?id=6" style="text-align:center;"> Cartella </a></td>[\n]"
11:45:32.173 [Test worker] DEBUG org.apache.http.wire - http-outgoing-7 << "            <td> <a href="edit?id=6" id="modifica" style="text-align:center;"> Modifica </a></td>[\n]"
11:45:32.173 [Test worker] DEBUG org.apache.http.wire - http-outgoing-7 << "            <td> <a href="dimetti?id=6" style="text-align:center;"> Dimetti </a></td>[\n]"
11:45:32.173 [Test worker] DEBUG org.apache.http.wire - http-outgoing-7 << "            <td> <a href="delete?id=6" id="cancella" style="text-align:center;"> Cancella </a></td>[\n]"
11:45:32.173 [Test worker] DEBUG org.apache.http.wire - http-outgoing-7 << "            <td><button><a href="print?id=6" style="text-align:center;text-decoration:none;"> Stampa scheda </a></button></td>[\n]"
11:45:32.173 [Test worker] DEBUG org.apache.http.wire - http-outgoing-7 << "        </tr>[\n]"
11:45:32.173 [Test worker] DEBUG org.apache.http.wire - http-outgoing-7 << "        <tr>[\n]"
11:45:32.173 [Test worker] DEBUG org.apache.http.wire - http-outgoing-7 << "            <td id="id">7</td>[\n]"
11:45:32.174 [Test worker] DEBUG org.apache.http.wire - http-outgoing-7 << "            <td style="text-align:center;">Andrea</td>[\n]"
11:45:32.174 [Test worker] DEBUG org.apache.http.wire - http-outgoing-7 << "            <td id='lastName' style="text-align:center;">Rossi</td>[\n]"
11:45:32.174 [Test worker] DEBUG org.apache.http.wire - http-outgoing-7 << "            <td style="text-align:center;">11/06/1993</td>[\n]"
11:45:32.174 [Test worker] DEBUG org.apache.http.wire - http-outgoing-7 << "            <td style="text-align:center;"></td>[\n]"
11:45:32.174 [Test worker] DEBUG org.apache.http.wire - http-outgoing-7 << "            <td> <a href="cartella?id=7" style="text-align:center;"> Cartella </a></td>[\n]"
11:45:32.174 [Test worker] DEBUG org.apache.http.wire - http-outgoing-7 << "            <td> <a href="edit?id=7" id="modifica" style="text-align:center;"> Modifica </a></td>[\n]"
11:45:32.174 [Test worker] DEBUG org.apache.http.wire - http-outgoing-7 << "            <td> <a href="dimetti?id=7" style="text-align:center;"> Dimetti </a></td>[\n]"
11:45:32.174 [Test worker] DEBUG org.apache.http.wire - http-outgoing-7 << "            <td> <a href="delete?id=7" id="cancella" style="text-align:center;"> Cancella </a></td>[\n]"
11:45:32.174 [Test worker] DEBUG org.apache.http.wire - http-outgoing-7 << "            <td><button><a href="print?id=7" style="text-align:center;text-decoration:none;"> Stampa scheda </a></button></td>[\n]"
11:45:32.174 [Test worker] DEBUG org.apache.http.wire - http-outgoing-7 << "        </tr>[\n]"
11:45:32.174 [Test worker] DEBUG org.apache.http.wire - http-outgoing-7 << "        </tbody>[\n]"
11:45:32.174 [Test worker] DEBUG org.apache.http.wire - http-outgoing-7 << "</table>[\n]"
11:45:32.174 [Test worker] DEBUG org.apache.http.wire - http-outgoing-7 << "[\n]"
11:45:32.174 [Test worker] DEBUG org.apache.http.wire - http-outgoing-7 << "<h1>Pazienti Dimessi</h1>[\n]"
11:45:32.174 [Test worker] DEBUG org.apache.http.wire - http-outgoing-7 << "<table border="1" id="discharged" name="discharged">[\n]"
11:45:32.174 [Test worker] DEBUG org.apache.http.wire - http-outgoing-7 << "    <thead>[\n]"
11:45:32.174 [Test worker] DEBUG org.apache.http.wire - http-outgoing-7 << "    <tr>[\n]"
11:45:32.174 [Test worker] DEBUG org.apache.http.wire - http-outgoing-7 << "        <th>Id</th>[\n]"
11:45:32.174 [Test worker] DEBUG org.apache.http.wire - http-outgoing-7 << "        <th>Nome</th>[\n]"
11:45:32.174 [Test worker] DEBUG org.apache.http.wire - http-outgoing-7 << "        <th>Cognome</th>[\n]"
11:45:32.174 [Test worker] DEBUG org.apache.http.wire - http-outgoing-7 << "        <th>Data Ricovero</th>[\n]"
11:45:32.174 [Test worker] DEBUG org.apache.http.wire - http-outgoing-7 << "        <th>Data Dimissione</th>[\n]"
11:45:32.174 [Test worker] DEBUG org.apache.http.wire - http-outgoing-7 << "        <th>Cartella</th>[\n]"
11:45:32.174 [Test worker] DEBUG org.apache.http.wire - http-outgoing-7 << "        <th>Modifica</th>[\n]"
11:45:32.174 [Test worker] DEBUG org.apache.http.wire - http-outgoing-7 << "        <th>Cancella</th>[\n]"
11:45:32.174 [Test worker] DEBUG org.apache.http.wire - http-outgoing-7 << "        <th>Stampa</th>[\n]"
11:45:32.174 [Test worker] DEBUG org.apache.http.wire - http-outgoing-7 << "    </tr>[\n]"
11:45:32.174 [Test worker] DEBUG org.apache.http.wire - http-outgoing-7 << "    </thead>[\n]"
11:45:32.174 [Test worker] DEBUG org.apache.http.wire - http-outgoing-7 << "    <tbody>[\n]"
11:45:32.174 [Test worker] DEBUG org.apache.http.wire - http-outgoing-7 << "    <tr>[\n]"
11:45:32.174 [Test worker] DEBUG org.apache.http.wire - http-outgoing-7 << "        <td id="idDischarged">1</td>[\n]"
11:45:32.174 [Test worker] DEBUG org.apache.http.wire - http-outgoing-7 << "        <td style="text-align:center;">Michele</td>[\n]"
11:45:32.174 [Test worker] DEBUG org.apache.http.wire - http-outgoing-7 << "        <td id='lastNameDischarged' style="text-align:center;">Bianchi</td>[\n]"
11:45:32.174 [Test worker] DEBUG org.apache.http.wire - http-outgoing-7 << "        <td style="text-align:center;">11/06/1993</td>[\n]"
11:45:32.174 [Test worker] DEBUG org.apache.http.wire - http-outgoing-7 << "        <td style="text-align:center;">21/01/2021</td>[\n]"
11:45:32.174 [Test worker] DEBUG org.apache.http.wire - http-outgoing-7 << "        <td> <a href="cartella?id=1" style="text-align:center;"> Cartella </a></td>[\n]"
11:45:32.174 [Test worker] DEBUG org.apache.http.wire - http-outgoing-7 << "        <td> <a id="modificaDischarged" style="text-align:center; cursor:not-allowed; pointer-events:none; color:grey;"> Modifica </a></td>[\n]"
11:45:32.174 [Test worker] DEBUG org.apache.http.wire - http-outgoing-7 << "        <td> <a id="cancellaDischarged" style="text-align:center; cursor:not-allowed; pointer-events:none; color:grey;"> Cancella </a></td>[\n]"
11:45:32.174 [Test worker] DEBUG org.apache.http.wire - http-outgoing-7 << "        <td><button><a href="print?id=1" style="text-align:center;text-decoration:none;"> Stampa scheda </a></button></td>[\n]"
11:45:32.174 [Test worker] DEBUG org.apache.http.wire - http-outgoing-7 << "    </tr>[\n]"
11:45:32.174 [Test worker] DEBUG org.apache.http.wire - http-outgoing-7 << "    </tbody>[\n]"
11:45:32.174 [Test worker] DEBUG org.apache.http.wire - http-outgoing-7 << "</table>[\n]"
11:45:32.174 [Test worker] DEBUG org.apache.http.wire - http-outgoing-7 << "<br>[\n]"
11:45:32.174 [Test worker] DEBUG org.apache.http.wire - http-outgoing-7 << "<button><a href="input" style="text-decoration:none;">Registra un paziente</a></button>[\n]"
11:45:32.174 [Test worker] DEBUG org.apache.http.wire - http-outgoing-7 << "<br>[\n]"
11:45:32.174 [Test worker] DEBUG org.apache.http.wire - http-outgoing-7 << "<br>[\n]"
11:45:32.174 [Test worker] DEBUG org.apache.http.wire - http-outgoing-7 << "[\n]"
11:45:32.174 [Test worker] DEBUG org.apache.http.wire - http-outgoing-7 << "<form action="search" method="post">[\n]"
11:45:32.174 [Test worker] DEBUG org.apache.http.wire - http-outgoing-7 << "    Cognome Paziente: <input type="text" name="lastName"/>[\n]"
11:45:32.174 [Test worker] DEBUG org.apache.http.wire - http-outgoing-7 << "    <input type="submit" value="Cerca"/>[\n]"
11:45:32.174 [Test worker] DEBUG org.apache.http.wire - http-outgoing-7 << "</form>[\n]"
11:45:32.174 [Test worker] DEBUG org.apache.http.wire - http-outgoing-7 << "</body>[\n]"
11:45:32.174 [Test worker] DEBUG org.apache.http.wire - http-outgoing-7 << "</html>[\r][\n]"
11:45:32.174 [Test worker] DEBUG org.apache.http.headers - http-outgoing-7 << HTTP/1.1 200 
11:45:32.174 [Test worker] DEBUG org.apache.http.headers - http-outgoing-7 << Content-Type: text/html;charset=UTF-8
11:45:32.174 [Test worker] DEBUG org.apache.http.headers - http-outgoing-7 << Content-Language: en-US
11:45:32.174 [Test worker] DEBUG org.apache.http.headers - http-outgoing-7 << Transfer-Encoding: chunked
11:45:32.174 [Test worker] DEBUG org.apache.http.headers - http-outgoing-7 << Date: Thu, 21 Jan 2021 10:45:31 GMT
11:45:32.174 [Test worker] DEBUG org.apache.http.headers - http-outgoing-7 << Keep-Alive: timeout=60
11:45:32.174 [Test worker] DEBUG org.apache.http.headers - http-outgoing-7 << Connection: keep-alive
11:45:32.174 [Test worker] DEBUG org.apache.http.impl.execchain.MainClientExec - Connection can be kept alive for 60000 MILLISECONDS
11:45:32.175 [Test worker] DEBUG org.apache.http.wire - http-outgoing-7 << "0[\r][\n]"
11:45:32.175 [Test worker] DEBUG org.apache.http.wire - http-outgoing-7 << "[\r][\n]"
11:45:32.175 [Test worker] DEBUG org.apache.http.impl.conn.PoolingHttpClientConnectionManager - Connection [id: 7][route: {}->http://127.0.0.1:8080] can be kept alive for 60.0 seconds
11:45:32.175 [Test worker] DEBUG org.apache.http.impl.conn.DefaultManagedHttpClientConnection - http-outgoing-7: set socket timeout to 0
11:45:32.175 [Test worker] DEBUG org.apache.http.impl.conn.PoolingHttpClientConnectionManager - Connection released: [id: 7][route: {}->http://127.0.0.1:8080][total available: 1; route allocated: 1 of 6; total allocated: 1 of 20]
11:45:32.175 [Test worker] DEBUG com.gargoylesoftware.htmlunit.html.DomElement - Firing Event unload (Current Target: HTMLElement for HtmlHtml[<html>]);
11:45:32.175 [Test worker] DEBUG com.gargoylesoftware.htmlunit.WebWindowImpl - setEnclosedPage: HtmlPage(http://127.0.0.1:8080/list)@362447541
11:45:32.175 [Test worker] DEBUG com.gargoylesoftware.htmlunit.WebWindowImpl - destroyChildren
11:45:32.180 [Test worker] DEBUG com.gargoylesoftware.htmlunit.util.EncodingSniffer - Encoding found in HTTP headers: 'UTF-8'.
11:45:32.183 [Test worker] DEBUG net.sourceforge.jwebunit.htmlunit.HtmlUnitTestingEngineImpl - Window "" changed : "MVC Web application" became "MVC Web application
11:45:32.183 [Test worker] DEBUG com.gargoylesoftware.htmlunit.html.DomElement - Firing Event DOMContentLoaded (Current Target: HTMLElement for HtmlHtml[<html>]);
11:45:32.184 [Test worker] DEBUG com.gargoylesoftware.htmlunit.html.DomElement - Firing Event load (Current Target: HTMLElement for HtmlHtml[<html>]);
11:45:32.184 [Test worker] DEBUG com.gargoylesoftware.htmlunit.html.DomElement - Firing Event mousedown (Current Target: HTMLElement for HtmlAnchor[<a href="delete?id=5" id="cancella" style="text-align:center;">]);
11:45:32.184 [Test worker] DEBUG com.gargoylesoftware.htmlunit.html.DomElement - Firing Event focus (Current Target: HTMLElement for HtmlAnchor[<a href="delete?id=5" id="cancella" style="text-align:center;">]);
11:45:32.184 [Test worker] DEBUG com.gargoylesoftware.htmlunit.html.DomElement - Firing Event mouseup (Current Target: HTMLElement for HtmlAnchor[<a href="delete?id=5" id="cancella" style="text-align:center;">]);
11:45:32.184 [Test worker] DEBUG com.gargoylesoftware.htmlunit.html.DomElement - Firing Event click (Current Target: HTMLElement for HtmlAnchor[<a href="delete?id=5" id="cancella" style="text-align:center;">]);
11:45:32.185 [Test worker] DEBUG com.gargoylesoftware.htmlunit.html.HtmlAnchor - do click action in window '', using href 'delete?id=5'
11:45:32.185 [Test worker] DEBUG com.gargoylesoftware.htmlunit.util.EncodingSniffer - Encoding found in HTTP headers: 'UTF-8'.
11:45:32.185 [Test worker] DEBUG com.gargoylesoftware.htmlunit.html.HtmlAnchor - Getting page for http://127.0.0.1:8080/delete?id=5, derived from href 'delete?id=5', using the originating URL http://127.0.0.1:8080/list
11:45:32.185 [Test worker] DEBUG com.gargoylesoftware.htmlunit.html.DomElement - Firing Event beforeunload (Current Target: HTMLElement for HtmlHtml[<html>]);
11:45:32.185 [Test worker] DEBUG com.gargoylesoftware.htmlunit.WebClient - Load response for GET http://127.0.0.1:8080/delete?id=5
11:45:32.186 [Test worker] DEBUG org.apache.http.client.protocol.RequestAddCookies - CookieSpec selected: mine
11:45:32.186 [Test worker] DEBUG org.apache.http.client.protocol.RequestAuthCache - Auth cache not set in the context
11:45:32.186 [Test worker] DEBUG org.apache.http.impl.conn.PoolingHttpClientConnectionManager - Connection request: [route: {}->http://127.0.0.1:8080][total available: 1; route allocated: 1 of 6; total allocated: 1 of 20]
11:45:32.186 [Test worker] DEBUG org.apache.http.impl.conn.PoolingHttpClientConnectionManager - Connection leased: [id: 7][route: {}->http://127.0.0.1:8080][total available: 0; route allocated: 1 of 6; total allocated: 1 of 20]
11:45:32.186 [Test worker] DEBUG org.apache.http.impl.conn.DefaultManagedHttpClientConnection - http-outgoing-7: set socket timeout to 0
11:45:32.186 [Test worker] DEBUG org.apache.http.impl.conn.DefaultManagedHttpClientConnection - http-outgoing-7: set socket timeout to 0
11:45:32.186 [Test worker] DEBUG org.apache.http.impl.execchain.MainClientExec - Executing request GET /delete?id=5 HTTP/1.1
11:45:32.186 [Test worker] DEBUG org.apache.http.impl.execchain.MainClientExec - Target auth state: UNCHALLENGED
11:45:32.186 [Test worker] DEBUG org.apache.http.impl.execchain.MainClientExec - Proxy auth state: UNCHALLENGED
11:45:32.186 [Test worker] DEBUG org.apache.http.headers - http-outgoing-7 >> GET /delete?id=5 HTTP/1.1
11:45:32.186 [Test worker] DEBUG org.apache.http.headers - http-outgoing-7 >> Host: 127.0.0.1:8080
11:45:32.186 [Test worker] DEBUG org.apache.http.headers - http-outgoing-7 >> User-Agent: Mozilla/5.0 (Windows NT 6.1; rv:38.0) Gecko/20100101 Firefox/38.0
11:45:32.186 [Test worker] DEBUG org.apache.http.headers - http-outgoing-7 >> Accept: text/html,application/xhtml+xml,application/xml;q=0.9,*/*;q=0.8
11:45:32.187 [Test worker] DEBUG org.apache.http.headers - http-outgoing-7 >> Accept-Language: en-US
11:45:32.187 [Test worker] DEBUG org.apache.http.headers - http-outgoing-7 >> Accept-Encoding: gzip, deflate
11:45:32.187 [Test worker] DEBUG org.apache.http.headers - http-outgoing-7 >> Referer: http://127.0.0.1:8080/list
11:45:32.187 [Test worker] DEBUG org.apache.http.headers - http-outgoing-7 >> Connection: Keep-Alive
11:45:32.187 [Test worker] DEBUG org.apache.http.wire - http-outgoing-7 >> "GET /delete?id=5 HTTP/1.1[\r][\n]"
11:45:32.187 [Test worker] DEBUG org.apache.http.wire - http-outgoing-7 >> "Host: 127.0.0.1:8080[\r][\n]"
11:45:32.187 [Test worker] DEBUG org.apache.http.wire - http-outgoing-7 >> "User-Agent: Mozilla/5.0 (Windows NT 6.1; rv:38.0) Gecko/20100101 Firefox/38.0[\r][\n]"
11:45:32.187 [Test worker] DEBUG org.apache.http.wire - http-outgoing-7 >> "Accept: text/html,application/xhtml+xml,application/xml;q=0.9,*/*;q=0.8[\r][\n]"
11:45:32.187 [Test worker] DEBUG org.apache.http.wire - http-outgoing-7 >> "Accept-Language: en-US[\r][\n]"
11:45:32.187 [Test worker] DEBUG org.apache.http.wire - http-outgoing-7 >> "Accept-Encoding: gzip, deflate[\r][\n]"
11:45:32.187 [Test worker] DEBUG org.apache.http.wire - http-outgoing-7 >> "Referer: http://127.0.0.1:8080/list[\r][\n]"
11:45:32.187 [Test worker] DEBUG org.apache.http.wire - http-outgoing-7 >> "Connection: Keep-Alive[\r][\n]"
11:45:32.187 [Test worker] DEBUG org.apache.http.wire - http-outgoing-7 >> "[\r][\n]"
11:45:32.194 [Test worker] DEBUG org.apache.http.wire - http-outgoing-7 << "HTTP/1.1 302 [\r][\n]"
11:45:32.194 [Test worker] DEBUG org.apache.http.wire - http-outgoing-7 << "Location: http://127.0.0.1:8080/list[\r][\n]"
11:45:32.194 [Test worker] DEBUG org.apache.http.wire - http-outgoing-7 << "Content-Language: en-US[\r][\n]"
11:45:32.194 [Test worker] DEBUG org.apache.http.wire - http-outgoing-7 << "Content-Length: 0[\r][\n]"
11:45:32.194 [Test worker] DEBUG org.apache.http.wire - http-outgoing-7 << "Date: Thu, 21 Jan 2021 10:45:31 GMT[\r][\n]"
11:45:32.194 [Test worker] DEBUG org.apache.http.wire - http-outgoing-7 << "Keep-Alive: timeout=60[\r][\n]"
11:45:32.194 [Test worker] DEBUG org.apache.http.wire - http-outgoing-7 << "Connection: keep-alive[\r][\n]"
11:45:32.194 [Test worker] DEBUG org.apache.http.wire - http-outgoing-7 << "[\r][\n]"
11:45:32.194 [Test worker] DEBUG org.apache.http.headers - http-outgoing-7 << HTTP/1.1 302 
11:45:32.194 [Test worker] DEBUG org.apache.http.headers - http-outgoing-7 << Location: http://127.0.0.1:8080/list
11:45:32.194 [Test worker] DEBUG org.apache.http.headers - http-outgoing-7 << Content-Language: en-US
11:45:32.194 [Test worker] DEBUG org.apache.http.headers - http-outgoing-7 << Content-Length: 0
11:45:32.194 [Test worker] DEBUG org.apache.http.headers - http-outgoing-7 << Date: Thu, 21 Jan 2021 10:45:31 GMT
11:45:32.194 [Test worker] DEBUG org.apache.http.headers - http-outgoing-7 << Keep-Alive: timeout=60
11:45:32.194 [Test worker] DEBUG org.apache.http.headers - http-outgoing-7 << Connection: keep-alive
11:45:32.194 [Test worker] DEBUG org.apache.http.impl.execchain.MainClientExec - Connection can be kept alive for 60000 MILLISECONDS
11:45:32.194 [Test worker] DEBUG org.apache.http.impl.conn.PoolingHttpClientConnectionManager - Connection [id: 7][route: {}->http://127.0.0.1:8080] can be kept alive for 60.0 seconds
11:45:32.194 [Test worker] DEBUG org.apache.http.impl.conn.DefaultManagedHttpClientConnection - http-outgoing-7: set socket timeout to 0
11:45:32.194 [Test worker] DEBUG org.apache.http.impl.conn.PoolingHttpClientConnectionManager - Connection released: [id: 7][route: {}->http://127.0.0.1:8080][total available: 1; route allocated: 1 of 6; total allocated: 1 of 20]
11:45:32.195 [Test worker] DEBUG com.gargoylesoftware.htmlunit.WebClient - Got a redirect status code [302] new location = [http://127.0.0.1:8080/list]
11:45:32.195 [Test worker] DEBUG com.gargoylesoftware.htmlunit.WebClient - Load response for GET http://127.0.0.1:8080/list
11:45:32.195 [Test worker] DEBUG org.apache.http.client.protocol.RequestAddCookies - CookieSpec selected: mine
11:45:32.195 [Test worker] DEBUG org.apache.http.client.protocol.RequestAuthCache - Auth cache not set in the context
11:45:32.195 [Test worker] DEBUG org.apache.http.impl.conn.PoolingHttpClientConnectionManager - Connection request: [route: {}->http://127.0.0.1:8080][total available: 1; route allocated: 1 of 6; total allocated: 1 of 20]
11:45:32.196 [Test worker] DEBUG org.apache.http.impl.conn.PoolingHttpClientConnectionManager - Connection leased: [id: 7][route: {}->http://127.0.0.1:8080][total available: 0; route allocated: 1 of 6; total allocated: 1 of 20]
11:45:32.196 [Test worker] DEBUG org.apache.http.impl.conn.DefaultManagedHttpClientConnection - http-outgoing-7: set socket timeout to 0
11:45:32.196 [Test worker] DEBUG org.apache.http.impl.conn.DefaultManagedHttpClientConnection - http-outgoing-7: set socket timeout to 0
11:45:32.196 [Test worker] DEBUG org.apache.http.impl.execchain.MainClientExec - Executing request GET /list HTTP/1.1
11:45:32.196 [Test worker] DEBUG org.apache.http.impl.execchain.MainClientExec - Target auth state: UNCHALLENGED
11:45:32.196 [Test worker] DEBUG org.apache.http.impl.execchain.MainClientExec - Proxy auth state: UNCHALLENGED
11:45:32.196 [Test worker] DEBUG org.apache.http.headers - http-outgoing-7 >> GET /list HTTP/1.1
11:45:32.196 [Test worker] DEBUG org.apache.http.headers - http-outgoing-7 >> Host: 127.0.0.1:8080
11:45:32.196 [Test worker] DEBUG org.apache.http.headers - http-outgoing-7 >> User-Agent: Mozilla/5.0 (Windows NT 6.1; rv:38.0) Gecko/20100101 Firefox/38.0
11:45:32.196 [Test worker] DEBUG org.apache.http.headers - http-outgoing-7 >> Accept: text/html,application/xhtml+xml,application/xml;q=0.9,*/*;q=0.8
11:45:32.196 [Test worker] DEBUG org.apache.http.headers - http-outgoing-7 >> Accept-Language: en-US
11:45:32.196 [Test worker] DEBUG org.apache.http.headers - http-outgoing-7 >> Accept-Encoding: gzip, deflate
11:45:32.196 [Test worker] DEBUG org.apache.http.headers - http-outgoing-7 >> Referer: http://127.0.0.1:8080/list
11:45:32.196 [Test worker] DEBUG org.apache.http.headers - http-outgoing-7 >> Connection: Keep-Alive
11:45:32.196 [Test worker] DEBUG org.apache.http.wire - http-outgoing-7 >> "GET /list HTTP/1.1[\r][\n]"
11:45:32.196 [Test worker] DEBUG org.apache.http.wire - http-outgoing-7 >> "Host: 127.0.0.1:8080[\r][\n]"
11:45:32.196 [Test worker] DEBUG org.apache.http.wire - http-outgoing-7 >> "User-Agent: Mozilla/5.0 (Windows NT 6.1; rv:38.0) Gecko/20100101 Firefox/38.0[\r][\n]"
11:45:32.196 [Test worker] DEBUG org.apache.http.wire - http-outgoing-7 >> "Accept: text/html,application/xhtml+xml,application/xml;q=0.9,*/*;q=0.8[\r][\n]"
11:45:32.196 [Test worker] DEBUG org.apache.http.wire - http-outgoing-7 >> "Accept-Language: en-US[\r][\n]"
11:45:32.196 [Test worker] DEBUG org.apache.http.wire - http-outgoing-7 >> "Accept-Encoding: gzip, deflate[\r][\n]"
11:45:32.196 [Test worker] DEBUG org.apache.http.wire - http-outgoing-7 >> "Referer: http://127.0.0.1:8080/list[\r][\n]"
11:45:32.196 [Test worker] DEBUG org.apache.http.wire - http-outgoing-7 >> "Connection: Keep-Alive[\r][\n]"
11:45:32.196 [Test worker] DEBUG org.apache.http.wire - http-outgoing-7 >> "[\r][\n]"
11:45:32.202 [Test worker] DEBUG org.apache.http.wire - http-outgoing-7 << "HTTP/1.1 200 [\r][\n]"
11:45:32.202 [Test worker] DEBUG org.apache.http.wire - http-outgoing-7 << "Content-Type: text/html;charset=UTF-8[\r][\n]"
11:45:32.202 [Test worker] DEBUG org.apache.http.wire - http-outgoing-7 << "Content-Language: en-US[\r][\n]"
11:45:32.202 [Test worker] DEBUG org.apache.http.wire - http-outgoing-7 << "Transfer-Encoding: chunked[\r][\n]"
11:45:32.202 [Test worker] DEBUG org.apache.http.wire - http-outgoing-7 << "Date: Thu, 21 Jan 2021 10:45:31 GMT[\r][\n]"
11:45:32.202 [Test worker] DEBUG org.apache.http.wire - http-outgoing-7 << "Keep-Alive: timeout=60[\r][\n]"
11:45:32.202 [Test worker] DEBUG org.apache.http.wire - http-outgoing-7 << "Connection: keep-alive[\r][\n]"
11:45:32.202 [Test worker] DEBUG org.apache.http.wire - http-outgoing-7 << "[\r][\n]"
11:45:32.202 [Test worker] DEBUG org.apache.http.wire - http-outgoing-7 << "e05[\r][\n]"
11:45:32.202 [Test worker] DEBUG org.apache.http.wire - http-outgoing-7 << "<!DOCTYPE HTML>[\n]"
11:45:32.202 [Test worker] DEBUG org.apache.http.wire - http-outgoing-7 << "<html>[\n]"
11:45:32.202 [Test worker] DEBUG org.apache.http.wire - http-outgoing-7 << "<head>[\n]"
11:45:32.202 [Test worker] DEBUG org.apache.http.wire - http-outgoing-7 << "    <title>MVC Web application</title>[\n]"
11:45:32.202 [Test worker] DEBUG org.apache.http.wire - http-outgoing-7 << "    <meta http-equiv="Content-Type" content="text/html; charset=UTF-8" />[\n]"
11:45:32.202 [Test worker] DEBUG org.apache.http.wire - http-outgoing-7 << "</head>[\n]"
11:45:32.202 [Test worker] DEBUG org.apache.http.wire - http-outgoing-7 << "[\n]"
11:45:32.202 [Test worker] DEBUG org.apache.http.wire - http-outgoing-7 << "<body>[\n]"
11:45:32.202 [Test worker] DEBUG org.apache.http.wire - http-outgoing-7 << "<h1>Pazienti Ricoverati</h1>[\n]"
11:45:32.202 [Test worker] DEBUG org.apache.http.wire - http-outgoing-7 << "[\n]"
11:45:32.202 [Test worker] DEBUG org.apache.http.wire - http-outgoing-7 << "<table border="1" id="present" name="present">[\n]"
11:45:32.202 [Test worker] DEBUG org.apache.http.wire - http-outgoing-7 << "    <thead>[\n]"
11:45:32.202 [Test worker] DEBUG org.apache.http.wire - http-outgoing-7 << "    <tr>[\n]"
11:45:32.202 [Test worker] DEBUG org.apache.http.wire - http-outgoing-7 << "        <th>Id</th>[\n]"
11:45:32.202 [Test worker] DEBUG org.apache.http.wire - http-outgoing-7 << "        <th>Nome</th>[\n]"
11:45:32.202 [Test worker] DEBUG org.apache.http.wire - http-outgoing-7 << "        <th>Cognome</th>[\n]"
11:45:32.202 [Test worker] DEBUG org.apache.http.wire - http-outgoing-7 << "        <th>Data ricovero</th>[\n]"
11:45:32.202 [Test worker] DEBUG org.apache.http.wire - http-outgoing-7 << "        <th>Data dimissione</th>[\n]"
11:45:32.202 [Test worker] DEBUG org.apache.http.wire - http-outgoing-7 << "        <th>Mostra</th>[\n]"
11:45:32.202 [Test worker] DEBUG org.apache.http.wire - http-outgoing-7 << "        <th>Modifica</th>[\n]"
11:45:32.202 [Test worker] DEBUG org.apache.http.wire - http-outgoing-7 << "        <th>Dimetti</th>[\n]"
11:45:32.202 [Test worker] DEBUG org.apache.http.wire - http-outgoing-7 << "        <th>Cancella</th>[\n]"
11:45:32.202 [Test worker] DEBUG org.apache.http.wire - http-outgoing-7 << "        <th>Stampa</th>[\n]"
11:45:32.202 [Test worker] DEBUG org.apache.http.wire - http-outgoing-7 << "    </tr>[\n]"
11:45:32.202 [Test worker] DEBUG org.apache.http.wire - http-outgoing-7 << "    </thead>[\n]"
11:45:32.202 [Test worker] DEBUG org.apache.http.wire - http-outgoing-7 << "    <tbody>[\n]"
11:45:32.202 [Test worker] DEBUG org.apache.http.wire - http-outgoing-7 << "        <tr>[\n]"
11:45:32.202 [Test worker] DEBUG org.apache.http.wire - http-outgoing-7 << "            <td id="id">6</td>[\n]"
11:45:32.203 [Test worker] DEBUG org.apache.http.wire - http-outgoing-7 << "            <td style="text-align:center;">Michele</td>[\n]"
11:45:32.203 [Test worker] DEBUG org.apache.http.wire - http-outgoing-7 << "            <td id='lastName' style="text-align:center;">Bianchi</td>[\n]"
11:45:32.203 [Test worker] DEBUG org.apache.http.wire - http-outgoing-7 << "            <td style="text-align:center;">11/06/1993</td>[\n]"
11:45:32.203 [Test worker] DEBUG org.apache.http.wire - http-outgoing-7 << "            <td style="text-align:center;"></td>[\n]"
11:45:32.203 [Test worker] DEBUG org.apache.http.wire - http-outgoing-7 << "            <td> <a href="cartella?id=6" style="text-align:center;"> Cartella </a></td>[\n]"
11:45:32.203 [Test worker] DEBUG org.apache.http.wire - http-outgoing-7 << "            <td> <a href="edit?id=6" id="modifica" style="text-align:center;"> Modifica </a></td>[\n]"
11:45:32.203 [Test worker] DEBUG org.apache.http.wire - http-outgoing-7 << "            <td> <a href="dimetti?id=6" style="text-align:center;"> Dimetti </a></td>[\n]"
11:45:32.203 [Test worker] DEBUG org.apache.http.wire - http-outgoing-7 << "            <td> <a href="delete?id=6" id="cancella" style="text-align:center;"> Cancella </a></td>[\n]"
11:45:32.203 [Test worker] DEBUG org.apache.http.wire - http-outgoing-7 << "            <td><button><a href="print?id=6" style="text-align:center;text-decoration:none;"> Stampa scheda </a></button></td>[\n]"
11:45:32.203 [Test worker] DEBUG org.apache.http.wire - http-outgoing-7 << "        </tr>[\n]"
11:45:32.203 [Test worker] DEBUG org.apache.http.wire - http-outgoing-7 << "        <tr>[\n]"
11:45:32.203 [Test worker] DEBUG org.apache.http.wire - http-outgoing-7 << "            <td id="id">7</td>[\n]"
11:45:32.203 [Test worker] DEBUG org.apache.http.wire - http-outgoing-7 << "            <td style="text-align:center;">Andrea</td>[\n]"
11:45:32.203 [Test worker] DEBUG org.apache.http.wire - http-outgoing-7 << "            <td id='lastName' style="text-align:center;">Rossi</td>[\n]"
11:45:32.203 [Test worker] DEBUG org.apache.http.wire - http-outgoing-7 << "            <td style="text-align:center;">11/06/1993</td>[\n]"
11:45:32.203 [Test worker] DEBUG org.apache.http.wire - http-outgoing-7 << "            <td style="text-align:center;"></td>[\n]"
11:45:32.203 [Test worker] DEBUG org.apache.http.wire - http-outgoing-7 << "            <td> <a href="cartella?id=7" style="text-align:center;"> Cartella </a></td>[\n]"
11:45:32.203 [Test worker] DEBUG org.apache.http.wire - http-outgoing-7 << "            <td> <a href="edit?id=7" id="modifica" style="text-align:center;"> Modifica </a></td>[\n]"
11:45:32.203 [Test worker] DEBUG org.apache.http.wire - http-outgoing-7 << "            <td> <a href="dimetti?id=7" style="text-align:center;"> Dimetti </a></td>[\n]"
11:45:32.203 [Test worker] DEBUG org.apache.http.wire - http-outgoing-7 << "            <td> <a href="delete?id=7" id="cancella" style="text-align:center;"> Cancella </a></td>[\n]"
11:45:32.203 [Test worker] DEBUG org.apache.http.wire - http-outgoing-7 << "            <td><button><a href="print?id=7" style="text-align:center;text-decoration:none;"> Stampa scheda </a></button></td>[\n]"
11:45:32.203 [Test worker] DEBUG org.apache.http.wire - http-outgoing-7 << "        </tr>[\n]"
11:45:32.203 [Test worker] DEBUG org.apache.http.wire - http-outgoing-7 << "        </tbody>[\n]"
11:45:32.203 [Test worker] DEBUG org.apache.http.wire - http-outgoing-7 << "</table>[\n]"
11:45:32.203 [Test worker] DEBUG org.apache.http.wire - http-outgoing-7 << "[\n]"
11:45:32.203 [Test worker] DEBUG org.apache.http.wire - http-outgoing-7 << "<h1>Pazienti Dimessi</h1>[\n]"
11:45:32.203 [Test worker] DEBUG org.apache.http.wire - http-outgoing-7 << "<table border="1" id="discharged" name="discharged">[\n]"
11:45:32.203 [Test worker] DEBUG org.apache.http.wire - http-outgoing-7 << "    <thead>[\n]"
11:45:32.203 [Test worker] DEBUG org.apache.http.wire - http-outgoing-7 << "    <tr>[\n]"
11:45:32.203 [Test worker] DEBUG org.apache.http.wire - http-outgoing-7 << "        <th>Id</th>[\n]"
11:45:32.203 [Test worker] DEBUG org.apache.http.wire - http-outgoing-7 << "        <th>Nome</th>[\n]"
11:45:32.203 [Test worker] DEBUG org.apache.http.wire - http-outgoing-7 << "        <th>Cognome</th>[\n]"
11:45:32.203 [Test worker] DEBUG org.apache.http.wire - http-outgoing-7 << "        <th>Data Ricovero</th>[\n]"
11:45:32.203 [Test worker] DEBUG org.apache.http.wire - http-outgoing-7 << "        <th>Data Dimissione</th>[\n]"
11:45:32.203 [Test worker] DEBUG org.apache.http.wire - http-outgoing-7 << "        <th>Cartella</th>[\n]"
11:45:32.203 [Test worker] DEBUG org.apache.http.wire - http-outgoing-7 << "        <th>Modifica</th>[\n]"
11:45:32.203 [Test worker] DEBUG org.apache.http.wire - http-outgoing-7 << "        <th>Cancella</th>[\n]"
11:45:32.203 [Test worker] DEBUG org.apache.http.wire - http-outgoing-7 << "        <th>Stampa</th>[\n]"
11:45:32.203 [Test worker] DEBUG org.apache.http.wire - http-outgoing-7 << "    </tr>[\n]"
11:45:32.203 [Test worker] DEBUG org.apache.http.wire - http-outgoing-7 << "    </thead>[\n]"
11:45:32.203 [Test worker] DEBUG org.apache.http.wire - http-outgoing-7 << "    <tbody>[\n]"
11:45:32.203 [Test worker] DEBUG org.apache.http.wire - http-outgoing-7 << "    <tr>[\n]"
11:45:32.203 [Test worker] DEBUG org.apache.http.wire - http-outgoing-7 << "        <td id="idDischarged">1</td>[\n]"
11:45:32.203 [Test worker] DEBUG org.apache.http.wire - http-outgoing-7 << "        <td style="text-align:center;">Michele</td>[\n]"
11:45:32.203 [Test worker] DEBUG org.apache.http.wire - http-outgoing-7 << "        <td id='lastNameDischarged' style="text-align:center;">Bianchi</td>[\n]"
11:45:32.203 [Test worker] DEBUG org.apache.http.wire - http-outgoing-7 << "        <td style="text-align:center;">11/06/1993</td>[\n]"
11:45:32.203 [Test worker] DEBUG org.apache.http.wire - http-outgoing-7 << "        <td style="text-align:center;">21/01/2021</td>[\n]"
11:45:32.203 [Test worker] DEBUG org.apache.http.wire - http-outgoing-7 << "        <td> <a href="cartella?id=1" style="text-align:center;"> Cartella </a></td>[\n]"
11:45:32.203 [Test worker] DEBUG org.apache.http.wire - http-outgoing-7 << "        <td> <a id="modificaDischarged" style="text-align:center; cursor:not-allowed; pointer-events:none; color:grey;"> Modifica </a></td>[\n]"
11:45:32.203 [Test worker] DEBUG org.apache.http.wire - http-outgoing-7 << "        <td> <a id="cancellaDischarged" style="text-align:center; cursor:not-allowed; pointer-events:none; color:grey;"> Cancella </a></td>[\n]"
11:45:32.203 [Test worker] DEBUG org.apache.http.wire - http-outgoing-7 << "        <td><button><a href="print?id=1" style="text-align:center;text-decoration:none;"> Stampa scheda </a></button></td>[\n]"
11:45:32.203 [Test worker] DEBUG org.apache.http.wire - http-outgoing-7 << "    </tr>[\n]"
11:45:32.203 [Test worker] DEBUG org.apache.http.wire - http-outgoing-7 << "    </tbody>[\n]"
11:45:32.203 [Test worker] DEBUG org.apache.http.wire - http-outgoing-7 << "</table>[\n]"
11:45:32.203 [Test worker] DEBUG org.apache.http.wire - http-outgoing-7 << "<br>[\n]"
11:45:32.203 [Test worker] DEBUG org.apache.http.wire - http-outgoing-7 << "<button><a href="input" style="text-decoration:none;">Registra un paziente</a></button>[\n]"
11:45:32.203 [Test worker] DEBUG org.apache.http.wire - http-outgoing-7 << "<br>[\n]"
11:45:32.203 [Test worker] DEBUG org.apache.http.wire - http-outgoing-7 << "<br>[\n]"
11:45:32.203 [Test worker] DEBUG org.apache.http.wire - http-outgoing-7 << "[\n]"
11:45:32.203 [Test worker] DEBUG org.apache.http.wire - http-outgoing-7 << "<form action="search" method="post">[\n]"
11:45:32.203 [Test worker] DEBUG org.apache.http.wire - http-outgoing-7 << "    Cognome Paziente: <input type="text" name="lastName"/>[\n]"
11:45:32.203 [Test worker] DEBUG org.apache.http.wire - http-outgoing-7 << "    <input type="submit" value="Cerca"/>[\n]"
11:45:32.203 [Test worker] DEBUG org.apache.http.wire - http-outgoing-7 << "</form>[\n]"
11:45:32.203 [Test worker] DEBUG org.apache.http.wire - http-outgoing-7 << "</body>[\n]"
11:45:32.203 [Test worker] DEBUG org.apache.http.wire - http-outgoing-7 << "</html>[\r][\n]"
11:45:32.204 [Test worker] DEBUG org.apache.http.headers - http-outgoing-7 << HTTP/1.1 200 
11:45:32.204 [Test worker] DEBUG org.apache.http.headers - http-outgoing-7 << Content-Type: text/html;charset=UTF-8
11:45:32.204 [Test worker] DEBUG org.apache.http.headers - http-outgoing-7 << Content-Language: en-US
11:45:32.204 [Test worker] DEBUG org.apache.http.headers - http-outgoing-7 << Transfer-Encoding: chunked
11:45:32.204 [Test worker] DEBUG org.apache.http.headers - http-outgoing-7 << Date: Thu, 21 Jan 2021 10:45:31 GMT
11:45:32.204 [Test worker] DEBUG org.apache.http.headers - http-outgoing-7 << Keep-Alive: timeout=60
11:45:32.204 [Test worker] DEBUG org.apache.http.headers - http-outgoing-7 << Connection: keep-alive
11:45:32.204 [Test worker] DEBUG org.apache.http.impl.execchain.MainClientExec - Connection can be kept alive for 60000 MILLISECONDS
11:45:32.204 [Test worker] DEBUG org.apache.http.wire - http-outgoing-7 << "0[\r][\n]"
11:45:32.204 [Test worker] DEBUG org.apache.http.wire - http-outgoing-7 << "[\r][\n]"
11:45:32.204 [Test worker] DEBUG org.apache.http.impl.conn.PoolingHttpClientConnectionManager - Connection [id: 7][route: {}->http://127.0.0.1:8080] can be kept alive for 60.0 seconds
11:45:32.204 [Test worker] DEBUG org.apache.http.impl.conn.DefaultManagedHttpClientConnection - http-outgoing-7: set socket timeout to 0
11:45:32.204 [Test worker] DEBUG org.apache.http.impl.conn.PoolingHttpClientConnectionManager - Connection released: [id: 7][route: {}->http://127.0.0.1:8080][total available: 1; route allocated: 1 of 6; total allocated: 1 of 20]
11:45:32.204 [Test worker] DEBUG com.gargoylesoftware.htmlunit.html.DomElement - Firing Event unload (Current Target: HTMLElement for HtmlHtml[<html>]);
11:45:32.204 [Test worker] DEBUG com.gargoylesoftware.htmlunit.WebWindowImpl - setEnclosedPage: HtmlPage(http://127.0.0.1:8080/list)@1230162339
11:45:32.204 [Test worker] DEBUG com.gargoylesoftware.htmlunit.WebWindowImpl - destroyChildren
11:45:32.209 [Test worker] DEBUG com.gargoylesoftware.htmlunit.util.EncodingSniffer - Encoding found in HTTP headers: 'UTF-8'.
11:45:32.211 [Test worker] DEBUG net.sourceforge.jwebunit.htmlunit.HtmlUnitTestingEngineImpl - Window "" changed : "MVC Web application" became "MVC Web application
11:45:32.211 [Test worker] DEBUG com.gargoylesoftware.htmlunit.html.DomElement - Firing Event DOMContentLoaded (Current Target: HTMLElement for HtmlHtml[<html>]);
11:45:32.212 [Test worker] DEBUG com.gargoylesoftware.htmlunit.html.DomElement - Firing Event load (Current Target: HTMLElement for HtmlHtml[<html>]);
11:45:32.212 [Test worker] DEBUG com.gargoylesoftware.htmlunit.html.DomElement - Firing Event mousedown (Current Target: HTMLElement for HtmlAnchor[<a href="delete?id=6" id="cancella" style="text-align:center;">]);
11:45:32.212 [Test worker] DEBUG com.gargoylesoftware.htmlunit.html.DomElement - Firing Event focus (Current Target: HTMLElement for HtmlAnchor[<a href="delete?id=6" id="cancella" style="text-align:center;">]);
11:45:32.212 [Test worker] DEBUG com.gargoylesoftware.htmlunit.html.DomElement - Firing Event mouseup (Current Target: HTMLElement for HtmlAnchor[<a href="delete?id=6" id="cancella" style="text-align:center;">]);
11:45:32.213 [Test worker] DEBUG com.gargoylesoftware.htmlunit.html.DomElement - Firing Event click (Current Target: HTMLElement for HtmlAnchor[<a href="delete?id=6" id="cancella" style="text-align:center;">]);
11:45:32.213 [Test worker] DEBUG com.gargoylesoftware.htmlunit.html.HtmlAnchor - do click action in window '', using href 'delete?id=6'
11:45:32.213 [Test worker] DEBUG com.gargoylesoftware.htmlunit.util.EncodingSniffer - Encoding found in HTTP headers: 'UTF-8'.
11:45:32.213 [Test worker] DEBUG com.gargoylesoftware.htmlunit.html.HtmlAnchor - Getting page for http://127.0.0.1:8080/delete?id=6, derived from href 'delete?id=6', using the originating URL http://127.0.0.1:8080/list
11:45:32.213 [Test worker] DEBUG com.gargoylesoftware.htmlunit.html.DomElement - Firing Event beforeunload (Current Target: HTMLElement for HtmlHtml[<html>]);
11:45:32.213 [Test worker] DEBUG com.gargoylesoftware.htmlunit.WebClient - Load response for GET http://127.0.0.1:8080/delete?id=6
11:45:32.214 [Test worker] DEBUG org.apache.http.client.protocol.RequestAddCookies - CookieSpec selected: mine
11:45:32.214 [Test worker] DEBUG org.apache.http.client.protocol.RequestAuthCache - Auth cache not set in the context
11:45:32.214 [Test worker] DEBUG org.apache.http.impl.conn.PoolingHttpClientConnectionManager - Connection request: [route: {}->http://127.0.0.1:8080][total available: 1; route allocated: 1 of 6; total allocated: 1 of 20]
11:45:32.214 [Test worker] DEBUG org.apache.http.impl.conn.PoolingHttpClientConnectionManager - Connection leased: [id: 7][route: {}->http://127.0.0.1:8080][total available: 0; route allocated: 1 of 6; total allocated: 1 of 20]
11:45:32.214 [Test worker] DEBUG org.apache.http.impl.conn.DefaultManagedHttpClientConnection - http-outgoing-7: set socket timeout to 0
11:45:32.214 [Test worker] DEBUG org.apache.http.impl.conn.DefaultManagedHttpClientConnection - http-outgoing-7: set socket timeout to 0
11:45:32.214 [Test worker] DEBUG org.apache.http.impl.execchain.MainClientExec - Executing request GET /delete?id=6 HTTP/1.1
11:45:32.214 [Test worker] DEBUG org.apache.http.impl.execchain.MainClientExec - Target auth state: UNCHALLENGED
11:45:32.214 [Test worker] DEBUG org.apache.http.impl.execchain.MainClientExec - Proxy auth state: UNCHALLENGED
11:45:32.214 [Test worker] DEBUG org.apache.http.headers - http-outgoing-7 >> GET /delete?id=6 HTTP/1.1
11:45:32.214 [Test worker] DEBUG org.apache.http.headers - http-outgoing-7 >> Host: 127.0.0.1:8080
11:45:32.214 [Test worker] DEBUG org.apache.http.headers - http-outgoing-7 >> User-Agent: Mozilla/5.0 (Windows NT 6.1; rv:38.0) Gecko/20100101 Firefox/38.0
11:45:32.214 [Test worker] DEBUG org.apache.http.headers - http-outgoing-7 >> Accept: text/html,application/xhtml+xml,application/xml;q=0.9,*/*;q=0.8
11:45:32.214 [Test worker] DEBUG org.apache.http.headers - http-outgoing-7 >> Accept-Language: en-US
11:45:32.214 [Test worker] DEBUG org.apache.http.headers - http-outgoing-7 >> Accept-Encoding: gzip, deflate
11:45:32.214 [Test worker] DEBUG org.apache.http.headers - http-outgoing-7 >> Referer: http://127.0.0.1:8080/list
11:45:32.215 [Test worker] DEBUG org.apache.http.headers - http-outgoing-7 >> Connection: Keep-Alive
11:45:32.215 [Test worker] DEBUG org.apache.http.wire - http-outgoing-7 >> "GET /delete?id=6 HTTP/1.1[\r][\n]"
11:45:32.215 [Test worker] DEBUG org.apache.http.wire - http-outgoing-7 >> "Host: 127.0.0.1:8080[\r][\n]"
11:45:32.215 [Test worker] DEBUG org.apache.http.wire - http-outgoing-7 >> "User-Agent: Mozilla/5.0 (Windows NT 6.1; rv:38.0) Gecko/20100101 Firefox/38.0[\r][\n]"
11:45:32.215 [Test worker] DEBUG org.apache.http.wire - http-outgoing-7 >> "Accept: text/html,application/xhtml+xml,application/xml;q=0.9,*/*;q=0.8[\r][\n]"
11:45:32.215 [Test worker] DEBUG org.apache.http.wire - http-outgoing-7 >> "Accept-Language: en-US[\r][\n]"
11:45:32.215 [Test worker] DEBUG org.apache.http.wire - http-outgoing-7 >> "Accept-Encoding: gzip, deflate[\r][\n]"
11:45:32.215 [Test worker] DEBUG org.apache.http.wire - http-outgoing-7 >> "Referer: http://127.0.0.1:8080/list[\r][\n]"
11:45:32.215 [Test worker] DEBUG org.apache.http.wire - http-outgoing-7 >> "Connection: Keep-Alive[\r][\n]"
11:45:32.215 [Test worker] DEBUG org.apache.http.wire - http-outgoing-7 >> "[\r][\n]"
11:45:32.220 [Test worker] DEBUG org.apache.http.wire - http-outgoing-7 << "HTTP/1.1 302 [\r][\n]"
11:45:32.220 [Test worker] DEBUG org.apache.http.wire - http-outgoing-7 << "Location: http://127.0.0.1:8080/list[\r][\n]"
11:45:32.220 [Test worker] DEBUG org.apache.http.wire - http-outgoing-7 << "Content-Language: en-US[\r][\n]"
11:45:32.220 [Test worker] DEBUG org.apache.http.wire - http-outgoing-7 << "Content-Length: 0[\r][\n]"
11:45:32.220 [Test worker] DEBUG org.apache.http.wire - http-outgoing-7 << "Date: Thu, 21 Jan 2021 10:45:31 GMT[\r][\n]"
11:45:32.220 [Test worker] DEBUG org.apache.http.wire - http-outgoing-7 << "Keep-Alive: timeout=60[\r][\n]"
11:45:32.220 [Test worker] DEBUG org.apache.http.wire - http-outgoing-7 << "Connection: keep-alive[\r][\n]"
11:45:32.220 [Test worker] DEBUG org.apache.http.wire - http-outgoing-7 << "[\r][\n]"
11:45:32.220 [Test worker] DEBUG org.apache.http.headers - http-outgoing-7 << HTTP/1.1 302 
11:45:32.220 [Test worker] DEBUG org.apache.http.headers - http-outgoing-7 << Location: http://127.0.0.1:8080/list
11:45:32.220 [Test worker] DEBUG org.apache.http.headers - http-outgoing-7 << Content-Language: en-US
11:45:32.220 [Test worker] DEBUG org.apache.http.headers - http-outgoing-7 << Content-Length: 0
11:45:32.220 [Test worker] DEBUG org.apache.http.headers - http-outgoing-7 << Date: Thu, 21 Jan 2021 10:45:31 GMT
11:45:32.220 [Test worker] DEBUG org.apache.http.headers - http-outgoing-7 << Keep-Alive: timeout=60
11:45:32.220 [Test worker] DEBUG org.apache.http.headers - http-outgoing-7 << Connection: keep-alive
11:45:32.220 [Test worker] DEBUG org.apache.http.impl.execchain.MainClientExec - Connection can be kept alive for 60000 MILLISECONDS
11:45:32.220 [Test worker] DEBUG org.apache.http.impl.conn.PoolingHttpClientConnectionManager - Connection [id: 7][route: {}->http://127.0.0.1:8080] can be kept alive for 60.0 seconds
11:45:32.220 [Test worker] DEBUG org.apache.http.impl.conn.DefaultManagedHttpClientConnection - http-outgoing-7: set socket timeout to 0
11:45:32.220 [Test worker] DEBUG org.apache.http.impl.conn.PoolingHttpClientConnectionManager - Connection released: [id: 7][route: {}->http://127.0.0.1:8080][total available: 1; route allocated: 1 of 6; total allocated: 1 of 20]
11:45:32.221 [Test worker] DEBUG com.gargoylesoftware.htmlunit.WebClient - Got a redirect status code [302] new location = [http://127.0.0.1:8080/list]
11:45:32.221 [Test worker] DEBUG com.gargoylesoftware.htmlunit.WebClient - Load response for GET http://127.0.0.1:8080/list
11:45:32.221 [Test worker] DEBUG org.apache.http.client.protocol.RequestAddCookies - CookieSpec selected: mine
11:45:32.221 [Test worker] DEBUG org.apache.http.client.protocol.RequestAuthCache - Auth cache not set in the context
11:45:32.221 [Test worker] DEBUG org.apache.http.impl.conn.PoolingHttpClientConnectionManager - Connection request: [route: {}->http://127.0.0.1:8080][total available: 1; route allocated: 1 of 6; total allocated: 1 of 20]
11:45:32.222 [Test worker] DEBUG org.apache.http.impl.conn.PoolingHttpClientConnectionManager - Connection leased: [id: 7][route: {}->http://127.0.0.1:8080][total available: 0; route allocated: 1 of 6; total allocated: 1 of 20]
11:45:32.222 [Test worker] DEBUG org.apache.http.impl.conn.DefaultManagedHttpClientConnection - http-outgoing-7: set socket timeout to 0
11:45:32.222 [Test worker] DEBUG org.apache.http.impl.conn.DefaultManagedHttpClientConnection - http-outgoing-7: set socket timeout to 0
11:45:32.222 [Test worker] DEBUG org.apache.http.impl.execchain.MainClientExec - Executing request GET /list HTTP/1.1
11:45:32.222 [Test worker] DEBUG org.apache.http.impl.execchain.MainClientExec - Target auth state: UNCHALLENGED
11:45:32.222 [Test worker] DEBUG org.apache.http.impl.execchain.MainClientExec - Proxy auth state: UNCHALLENGED
11:45:32.222 [Test worker] DEBUG org.apache.http.headers - http-outgoing-7 >> GET /list HTTP/1.1
11:45:32.222 [Test worker] DEBUG org.apache.http.headers - http-outgoing-7 >> Host: 127.0.0.1:8080
11:45:32.222 [Test worker] DEBUG org.apache.http.headers - http-outgoing-7 >> User-Agent: Mozilla/5.0 (Windows NT 6.1; rv:38.0) Gecko/20100101 Firefox/38.0
11:45:32.222 [Test worker] DEBUG org.apache.http.headers - http-outgoing-7 >> Accept: text/html,application/xhtml+xml,application/xml;q=0.9,*/*;q=0.8
11:45:32.222 [Test worker] DEBUG org.apache.http.headers - http-outgoing-7 >> Accept-Language: en-US
11:45:32.222 [Test worker] DEBUG org.apache.http.headers - http-outgoing-7 >> Accept-Encoding: gzip, deflate
11:45:32.222 [Test worker] DEBUG org.apache.http.headers - http-outgoing-7 >> Referer: http://127.0.0.1:8080/list
11:45:32.222 [Test worker] DEBUG org.apache.http.headers - http-outgoing-7 >> Connection: Keep-Alive
11:45:32.222 [Test worker] DEBUG org.apache.http.wire - http-outgoing-7 >> "GET /list HTTP/1.1[\r][\n]"
11:45:32.222 [Test worker] DEBUG org.apache.http.wire - http-outgoing-7 >> "Host: 127.0.0.1:8080[\r][\n]"
11:45:32.222 [Test worker] DEBUG org.apache.http.wire - http-outgoing-7 >> "User-Agent: Mozilla/5.0 (Windows NT 6.1; rv:38.0) Gecko/20100101 Firefox/38.0[\r][\n]"
11:45:32.222 [Test worker] DEBUG org.apache.http.wire - http-outgoing-7 >> "Accept: text/html,application/xhtml+xml,application/xml;q=0.9,*/*;q=0.8[\r][\n]"
11:45:32.222 [Test worker] DEBUG org.apache.http.wire - http-outgoing-7 >> "Accept-Language: en-US[\r][\n]"
11:45:32.222 [Test worker] DEBUG org.apache.http.wire - http-outgoing-7 >> "Accept-Encoding: gzip, deflate[\r][\n]"
11:45:32.222 [Test worker] DEBUG org.apache.http.wire - http-outgoing-7 >> "Referer: http://127.0.0.1:8080/list[\r][\n]"
11:45:32.222 [Test worker] DEBUG org.apache.http.wire - http-outgoing-7 >> "Connection: Keep-Alive[\r][\n]"
11:45:32.222 [Test worker] DEBUG org.apache.http.wire - http-outgoing-7 >> "[\r][\n]"
11:45:32.227 [Test worker] DEBUG org.apache.http.wire - http-outgoing-7 << "HTTP/1.1 200 [\r][\n]"
11:45:32.227 [Test worker] DEBUG org.apache.http.wire - http-outgoing-7 << "Content-Type: text/html;charset=UTF-8[\r][\n]"
11:45:32.227 [Test worker] DEBUG org.apache.http.wire - http-outgoing-7 << "Content-Language: en-US[\r][\n]"
11:45:32.227 [Test worker] DEBUG org.apache.http.wire - http-outgoing-7 << "Transfer-Encoding: chunked[\r][\n]"
11:45:32.227 [Test worker] DEBUG org.apache.http.wire - http-outgoing-7 << "Date: Thu, 21 Jan 2021 10:45:31 GMT[\r][\n]"
11:45:32.227 [Test worker] DEBUG org.apache.http.wire - http-outgoing-7 << "Keep-Alive: timeout=60[\r][\n]"
11:45:32.227 [Test worker] DEBUG org.apache.http.wire - http-outgoing-7 << "Connection: keep-alive[\r][\n]"
11:45:32.227 [Test worker] DEBUG org.apache.http.wire - http-outgoing-7 << "[\r][\n]"
11:45:32.227 [Test worker] DEBUG org.apache.http.wire - http-outgoing-7 << "aee[\r][\n]"
11:45:32.227 [Test worker] DEBUG org.apache.http.wire - http-outgoing-7 << "<!DOCTYPE HTML>[\n]"
11:45:32.227 [Test worker] DEBUG org.apache.http.wire - http-outgoing-7 << "<html>[\n]"
11:45:32.227 [Test worker] DEBUG org.apache.http.wire - http-outgoing-7 << "<head>[\n]"
11:45:32.227 [Test worker] DEBUG org.apache.http.wire - http-outgoing-7 << "    <title>MVC Web application</title>[\n]"
11:45:32.227 [Test worker] DEBUG org.apache.http.wire - http-outgoing-7 << "    <meta http-equiv="Content-Type" content="text/html; charset=UTF-8" />[\n]"
11:45:32.228 [Test worker] DEBUG org.apache.http.wire - http-outgoing-7 << "</head>[\n]"
11:45:32.228 [Test worker] DEBUG org.apache.http.wire - http-outgoing-7 << "[\n]"
11:45:32.228 [Test worker] DEBUG org.apache.http.wire - http-outgoing-7 << "<body>[\n]"
11:45:32.228 [Test worker] DEBUG org.apache.http.wire - http-outgoing-7 << "<h1>Pazienti Ricoverati</h1>[\n]"
11:45:32.228 [Test worker] DEBUG org.apache.http.wire - http-outgoing-7 << "[\n]"
11:45:32.228 [Test worker] DEBUG org.apache.http.wire - http-outgoing-7 << "<table border="1" id="present" name="present">[\n]"
11:45:32.228 [Test worker] DEBUG org.apache.http.wire - http-outgoing-7 << "    <thead>[\n]"
11:45:32.228 [Test worker] DEBUG org.apache.http.wire - http-outgoing-7 << "    <tr>[\n]"
11:45:32.228 [Test worker] DEBUG org.apache.http.wire - http-outgoing-7 << "        <th>Id</th>[\n]"
11:45:32.228 [Test worker] DEBUG org.apache.http.wire - http-outgoing-7 << "        <th>Nome</th>[\n]"
11:45:32.228 [Test worker] DEBUG org.apache.http.wire - http-outgoing-7 << "        <th>Cognome</th>[\n]"
11:45:32.228 [Test worker] DEBUG org.apache.http.wire - http-outgoing-7 << "        <th>Data ricovero</th>[\n]"
11:45:32.228 [Test worker] DEBUG org.apache.http.wire - http-outgoing-7 << "        <th>Data dimissione</th>[\n]"
11:45:32.228 [Test worker] DEBUG org.apache.http.wire - http-outgoing-7 << "        <th>Mostra</th>[\n]"
11:45:32.228 [Test worker] DEBUG org.apache.http.wire - http-outgoing-7 << "        <th>Modifica</th>[\n]"
11:45:32.228 [Test worker] DEBUG org.apache.http.wire - http-outgoing-7 << "        <th>Dimetti</th>[\n]"
11:45:32.228 [Test worker] DEBUG org.apache.http.wire - http-outgoing-7 << "        <th>Cancella</th>[\n]"
11:45:32.228 [Test worker] DEBUG org.apache.http.wire - http-outgoing-7 << "        <th>Stampa</th>[\n]"
11:45:32.228 [Test worker] DEBUG org.apache.http.wire - http-outgoing-7 << "    </tr>[\n]"
11:45:32.228 [Test worker] DEBUG org.apache.http.wire - http-outgoing-7 << "    </thead>[\n]"
11:45:32.228 [Test worker] DEBUG org.apache.http.wire - http-outgoing-7 << "    <tbody>[\n]"
11:45:32.228 [Test worker] DEBUG org.apache.http.wire - http-outgoing-7 << "        <tr>[\n]"
11:45:32.228 [Test worker] DEBUG org.apache.http.wire - http-outgoing-7 << "            <td id="id">7</td>[\n]"
11:45:32.228 [Test worker] DEBUG org.apache.http.wire - http-outgoing-7 << "            <td style="text-align:center;">Andrea</td>[\n]"
11:45:32.228 [Test worker] DEBUG org.apache.http.wire - http-outgoing-7 << "            <td id='lastName' style="text-align:center;">Rossi</td>[\n]"
11:45:32.228 [Test worker] DEBUG org.apache.http.wire - http-outgoing-7 << "            <td style="text-align:center;">11/06/1993</td>[\n]"
11:45:32.228 [Test worker] DEBUG org.apache.http.wire - http-outgoing-7 << "            <td style="text-align:center;"></td>[\n]"
11:45:32.228 [Test worker] DEBUG org.apache.http.wire - http-outgoing-7 << "            <td> <a href="cartella?id=7" style="text-align:center;"> Cartella </a></td>[\n]"
11:45:32.228 [Test worker] DEBUG org.apache.http.wire - http-outgoing-7 << "            <td> <a href="edit?id=7" id="modifica" style="text-align:center;"> Modifica </a></td>[\n]"
11:45:32.228 [Test worker] DEBUG org.apache.http.wire - http-outgoing-7 << "            <td> <a href="dimetti?id=7" style="text-align:center;"> Dimetti </a></td>[\n]"
11:45:32.228 [Test worker] DEBUG org.apache.http.wire - http-outgoing-7 << "            <td> <a href="delete?id=7" id="cancella" style="text-align:center;"> Cancella </a></td>[\n]"
11:45:32.228 [Test worker] DEBUG org.apache.http.wire - http-outgoing-7 << "            <td><button><a href="print?id=7" style="text-align:center;text-decoration:none;"> Stampa scheda </a></button></td>[\n]"
11:45:32.228 [Test worker] DEBUG org.apache.http.wire - http-outgoing-7 << "        </tr>[\n]"
11:45:32.228 [Test worker] DEBUG org.apache.http.wire - http-outgoing-7 << "        </tbody>[\n]"
11:45:32.228 [Test worker] DEBUG org.apache.http.wire - http-outgoing-7 << "</table>[\n]"
11:45:32.228 [Test worker] DEBUG org.apache.http.wire - http-outgoing-7 << "[\n]"
11:45:32.228 [Test worker] DEBUG org.apache.http.wire - http-outgoing-7 << "<h1>Pazienti Dimessi</h1>[\n]"
11:45:32.228 [Test worker] DEBUG org.apache.http.wire - http-outgoing-7 << "<table border="1" id="discharged" name="discharged">[\n]"
11:45:32.228 [Test worker] DEBUG org.apache.http.wire - http-outgoing-7 << "    <thead>[\n]"
11:45:32.228 [Test worker] DEBUG org.apache.http.wire - http-outgoing-7 << "    <tr>[\n]"
11:45:32.228 [Test worker] DEBUG org.apache.http.wire - http-outgoing-7 << "        <th>Id</th>[\n]"
11:45:32.228 [Test worker] DEBUG org.apache.http.wire - http-outgoing-7 << "        <th>Nome</th>[\n]"
11:45:32.228 [Test worker] DEBUG org.apache.http.wire - http-outgoing-7 << "        <th>Cognome</th>[\n]"
11:45:32.228 [Test worker] DEBUG org.apache.http.wire - http-outgoing-7 << "        <th>Data Ricovero</th>[\n]"
11:45:32.228 [Test worker] DEBUG org.apache.http.wire - http-outgoing-7 << "        <th>Data Dimissione</th>[\n]"
11:45:32.228 [Test worker] DEBUG org.apache.http.wire - http-outgoing-7 << "        <th>Cartella</th>[\n]"
11:45:32.228 [Test worker] DEBUG org.apache.http.wire - http-outgoing-7 << "        <th>Modifica</th>[\n]"
11:45:32.228 [Test worker] DEBUG org.apache.http.wire - http-outgoing-7 << "        <th>Cancella</th>[\n]"
11:45:32.228 [Test worker] DEBUG org.apache.http.wire - http-outgoing-7 << "        <th>Stampa</th>[\n]"
11:45:32.228 [Test worker] DEBUG org.apache.http.wire - http-outgoing-7 << "    </tr>[\n]"
11:45:32.228 [Test worker] DEBUG org.apache.http.wire - http-outgoing-7 << "    </thead>[\n]"
11:45:32.228 [Test worker] DEBUG org.apache.http.wire - http-outgoing-7 << "    <tbody>[\n]"
11:45:32.228 [Test worker] DEBUG org.apache.http.wire - http-outgoing-7 << "    <tr>[\n]"
11:45:32.228 [Test worker] DEBUG org.apache.http.wire - http-outgoing-7 << "        <td id="idDischarged">1</td>[\n]"
11:45:32.228 [Test worker] DEBUG org.apache.http.wire - http-outgoing-7 << "        <td style="text-align:center;">Michele</td>[\n]"
11:45:32.228 [Test worker] DEBUG org.apache.http.wire - http-outgoing-7 << "        <td id='lastNameDischarged' style="text-align:center;">Bianchi</td>[\n]"
11:45:32.228 [Test worker] DEBUG org.apache.http.wire - http-outgoing-7 << "        <td style="text-align:center;">11/06/1993</td>[\n]"
11:45:32.228 [Test worker] DEBUG org.apache.http.wire - http-outgoing-7 << "        <td style="text-align:center;">21/01/2021</td>[\n]"
11:45:32.228 [Test worker] DEBUG org.apache.http.wire - http-outgoing-7 << "        <td> <a href="cartella?id=1" style="text-align:center;"> Cartella </a></td>[\n]"
11:45:32.228 [Test worker] DEBUG org.apache.http.wire - http-outgoing-7 << "        <td> <a id="modificaDischarged" style="text-align:center; cursor:not-allowed; pointer-events:none; color:grey;"> Modifica </a></td>[\n]"
11:45:32.228 [Test worker] DEBUG org.apache.http.wire - http-outgoing-7 << "        <td> <a id="cancellaDischarged" style="text-align:center; cursor:not-allowed; pointer-events:none; color:grey;"> Cancella </a></td>[\n]"
11:45:32.228 [Test worker] DEBUG org.apache.http.wire - http-outgoing-7 << "        <td><button><a href="print?id=1" style="text-align:center;text-decoration:none;"> Stampa scheda </a></button></td>[\n]"
11:45:32.228 [Test worker] DEBUG org.apache.http.wire - http-outgoing-7 << "    </tr>[\n]"
11:45:32.228 [Test worker] DEBUG org.apache.http.wire - http-outgoing-7 << "    </tbody>[\n]"
11:45:32.228 [Test worker] DEBUG org.apache.http.wire - http-outgoing-7 << "</table>[\n]"
11:45:32.228 [Test worker] DEBUG org.apache.http.wire - http-outgoing-7 << "<br>[\n]"
11:45:32.228 [Test worker] DEBUG org.apache.http.wire - http-outgoing-7 << "<button><a href="input" style="text-decoration:none;">Registra un paziente</a></button>[\n]"
11:45:32.228 [Test worker] DEBUG org.apache.http.wire - http-outgoing-7 << "<br>[\n]"
11:45:32.228 [Test worker] DEBUG org.apache.http.wire - http-outgoing-7 << "<br>[\n]"
11:45:32.228 [Test worker] DEBUG org.apache.http.wire - http-outgoing-7 << "[\n]"
11:45:32.228 [Test worker] DEBUG org.apache.http.wire - http-outgoing-7 << "<form action="search" method="post">[\n]"
11:45:32.228 [Test worker] DEBUG org.apache.http.wire - http-outgoing-7 << "    Cognome Paziente: <input type="text" name="lastName"/>[\n]"
11:45:32.228 [Test worker] DEBUG org.apache.http.wire - http-outgoing-7 << "    <input type="submit" value="Cerca"/>[\n]"
11:45:32.228 [Test worker] DEBUG org.apache.http.wire - http-outgoing-7 << "</form>[\n]"
11:45:32.228 [Test worker] DEBUG org.apache.http.wire - http-outgoing-7 << "</body>[\n]"
11:45:32.228 [Test worker] DEBUG org.apache.http.wire - http-outgoing-7 << "</html>[\r][\n]"
11:45:32.228 [Test worker] DEBUG org.apache.http.headers - http-outgoing-7 << HTTP/1.1 200 
11:45:32.228 [Test worker] DEBUG org.apache.http.headers - http-outgoing-7 << Content-Type: text/html;charset=UTF-8
11:45:32.228 [Test worker] DEBUG org.apache.http.headers - http-outgoing-7 << Content-Language: en-US
11:45:32.228 [Test worker] DEBUG org.apache.http.headers - http-outgoing-7 << Transfer-Encoding: chunked
11:45:32.229 [Test worker] DEBUG org.apache.http.headers - http-outgoing-7 << Date: Thu, 21 Jan 2021 10:45:31 GMT
11:45:32.229 [Test worker] DEBUG org.apache.http.headers - http-outgoing-7 << Keep-Alive: timeout=60
11:45:32.229 [Test worker] DEBUG org.apache.http.headers - http-outgoing-7 << Connection: keep-alive
11:45:32.229 [Test worker] DEBUG org.apache.http.impl.execchain.MainClientExec - Connection can be kept alive for 60000 MILLISECONDS
11:45:32.229 [Test worker] DEBUG org.apache.http.wire - http-outgoing-7 << "0[\r][\n]"
11:45:32.229 [Test worker] DEBUG org.apache.http.wire - http-outgoing-7 << "[\r][\n]"
11:45:32.229 [Test worker] DEBUG org.apache.http.impl.conn.PoolingHttpClientConnectionManager - Connection [id: 7][route: {}->http://127.0.0.1:8080] can be kept alive for 60.0 seconds
11:45:32.229 [Test worker] DEBUG org.apache.http.impl.conn.DefaultManagedHttpClientConnection - http-outgoing-7: set socket timeout to 0
11:45:32.229 [Test worker] DEBUG org.apache.http.impl.conn.PoolingHttpClientConnectionManager - Connection released: [id: 7][route: {}->http://127.0.0.1:8080][total available: 1; route allocated: 1 of 6; total allocated: 1 of 20]
11:45:32.229 [Test worker] DEBUG com.gargoylesoftware.htmlunit.html.DomElement - Firing Event unload (Current Target: HTMLElement for HtmlHtml[<html>]);
11:45:32.229 [Test worker] DEBUG com.gargoylesoftware.htmlunit.WebWindowImpl - setEnclosedPage: HtmlPage(http://127.0.0.1:8080/list)@1591297878
11:45:32.229 [Test worker] DEBUG com.gargoylesoftware.htmlunit.WebWindowImpl - destroyChildren
11:45:32.236 [Test worker] DEBUG com.gargoylesoftware.htmlunit.util.EncodingSniffer - Encoding found in HTTP headers: 'UTF-8'.
11:45:32.238 [Test worker] DEBUG net.sourceforge.jwebunit.htmlunit.HtmlUnitTestingEngineImpl - Window "" changed : "MVC Web application" became "MVC Web application
11:45:32.238 [Test worker] DEBUG com.gargoylesoftware.htmlunit.html.DomElement - Firing Event DOMContentLoaded (Current Target: HTMLElement for HtmlHtml[<html>]);
11:45:32.238 [Test worker] DEBUG com.gargoylesoftware.htmlunit.html.DomElement - Firing Event load (Current Target: HTMLElement for HtmlHtml[<html>]);
11:45:32.239 [Test worker] DEBUG com.gargoylesoftware.htmlunit.html.DomElement - Firing Event mousedown (Current Target: HTMLElement for HtmlAnchor[<a href="delete?id=7" id="cancella" style="text-align:center;">]);
11:45:32.239 [Test worker] DEBUG com.gargoylesoftware.htmlunit.html.DomElement - Firing Event focus (Current Target: HTMLElement for HtmlAnchor[<a href="delete?id=7" id="cancella" style="text-align:center;">]);
11:45:32.239 [Test worker] DEBUG com.gargoylesoftware.htmlunit.html.DomElement - Firing Event mouseup (Current Target: HTMLElement for HtmlAnchor[<a href="delete?id=7" id="cancella" style="text-align:center;">]);
11:45:32.239 [Test worker] DEBUG com.gargoylesoftware.htmlunit.html.DomElement - Firing Event click (Current Target: HTMLElement for HtmlAnchor[<a href="delete?id=7" id="cancella" style="text-align:center;">]);
11:45:32.239 [Test worker] DEBUG com.gargoylesoftware.htmlunit.html.HtmlAnchor - do click action in window '', using href 'delete?id=7'
11:45:32.239 [Test worker] DEBUG com.gargoylesoftware.htmlunit.util.EncodingSniffer - Encoding found in HTTP headers: 'UTF-8'.
11:45:32.239 [Test worker] DEBUG com.gargoylesoftware.htmlunit.html.HtmlAnchor - Getting page for http://127.0.0.1:8080/delete?id=7, derived from href 'delete?id=7', using the originating URL http://127.0.0.1:8080/list
11:45:32.239 [Test worker] DEBUG com.gargoylesoftware.htmlunit.html.DomElement - Firing Event beforeunload (Current Target: HTMLElement for HtmlHtml[<html>]);
11:45:32.239 [Test worker] DEBUG com.gargoylesoftware.htmlunit.WebClient - Load response for GET http://127.0.0.1:8080/delete?id=7
11:45:32.240 [Test worker] DEBUG org.apache.http.client.protocol.RequestAddCookies - CookieSpec selected: mine
11:45:32.240 [Test worker] DEBUG org.apache.http.client.protocol.RequestAuthCache - Auth cache not set in the context
11:45:32.240 [Test worker] DEBUG org.apache.http.impl.conn.PoolingHttpClientConnectionManager - Connection request: [route: {}->http://127.0.0.1:8080][total available: 1; route allocated: 1 of 6; total allocated: 1 of 20]
11:45:32.240 [Test worker] DEBUG org.apache.http.impl.conn.PoolingHttpClientConnectionManager - Connection leased: [id: 7][route: {}->http://127.0.0.1:8080][total available: 0; route allocated: 1 of 6; total allocated: 1 of 20]
11:45:32.240 [Test worker] DEBUG org.apache.http.impl.conn.DefaultManagedHttpClientConnection - http-outgoing-7: set socket timeout to 0
11:45:32.241 [Test worker] DEBUG org.apache.http.impl.conn.DefaultManagedHttpClientConnection - http-outgoing-7: set socket timeout to 0
11:45:32.241 [Test worker] DEBUG org.apache.http.impl.execchain.MainClientExec - Executing request GET /delete?id=7 HTTP/1.1
11:45:32.241 [Test worker] DEBUG org.apache.http.impl.execchain.MainClientExec - Target auth state: UNCHALLENGED
11:45:32.241 [Test worker] DEBUG org.apache.http.impl.execchain.MainClientExec - Proxy auth state: UNCHALLENGED
11:45:32.241 [Test worker] DEBUG org.apache.http.headers - http-outgoing-7 >> GET /delete?id=7 HTTP/1.1
11:45:32.241 [Test worker] DEBUG org.apache.http.headers - http-outgoing-7 >> Host: 127.0.0.1:8080
11:45:32.241 [Test worker] DEBUG org.apache.http.headers - http-outgoing-7 >> User-Agent: Mozilla/5.0 (Windows NT 6.1; rv:38.0) Gecko/20100101 Firefox/38.0
11:45:32.241 [Test worker] DEBUG org.apache.http.headers - http-outgoing-7 >> Accept: text/html,application/xhtml+xml,application/xml;q=0.9,*/*;q=0.8
11:45:32.241 [Test worker] DEBUG org.apache.http.headers - http-outgoing-7 >> Accept-Language: en-US
11:45:32.241 [Test worker] DEBUG org.apache.http.headers - http-outgoing-7 >> Accept-Encoding: gzip, deflate
11:45:32.241 [Test worker] DEBUG org.apache.http.headers - http-outgoing-7 >> Referer: http://127.0.0.1:8080/list
11:45:32.241 [Test worker] DEBUG org.apache.http.headers - http-outgoing-7 >> Connection: Keep-Alive
11:45:32.241 [Test worker] DEBUG org.apache.http.wire - http-outgoing-7 >> "GET /delete?id=7 HTTP/1.1[\r][\n]"
11:45:32.241 [Test worker] DEBUG org.apache.http.wire - http-outgoing-7 >> "Host: 127.0.0.1:8080[\r][\n]"
11:45:32.241 [Test worker] DEBUG org.apache.http.wire - http-outgoing-7 >> "User-Agent: Mozilla/5.0 (Windows NT 6.1; rv:38.0) Gecko/20100101 Firefox/38.0[\r][\n]"
11:45:32.241 [Test worker] DEBUG org.apache.http.wire - http-outgoing-7 >> "Accept: text/html,application/xhtml+xml,application/xml;q=0.9,*/*;q=0.8[\r][\n]"
11:45:32.241 [Test worker] DEBUG org.apache.http.wire - http-outgoing-7 >> "Accept-Language: en-US[\r][\n]"
11:45:32.241 [Test worker] DEBUG org.apache.http.wire - http-outgoing-7 >> "Accept-Encoding: gzip, deflate[\r][\n]"
11:45:32.241 [Test worker] DEBUG org.apache.http.wire - http-outgoing-7 >> "Referer: http://127.0.0.1:8080/list[\r][\n]"
11:45:32.241 [Test worker] DEBUG org.apache.http.wire - http-outgoing-7 >> "Connection: Keep-Alive[\r][\n]"
11:45:32.241 [Test worker] DEBUG org.apache.http.wire - http-outgoing-7 >> "[\r][\n]"
11:45:32.246 [Test worker] DEBUG org.apache.http.wire - http-outgoing-7 << "HTTP/1.1 302 [\r][\n]"
11:45:32.246 [Test worker] DEBUG org.apache.http.wire - http-outgoing-7 << "Location: http://127.0.0.1:8080/list[\r][\n]"
11:45:32.246 [Test worker] DEBUG org.apache.http.wire - http-outgoing-7 << "Content-Language: en-US[\r][\n]"
11:45:32.246 [Test worker] DEBUG org.apache.http.wire - http-outgoing-7 << "Content-Length: 0[\r][\n]"
11:45:32.246 [Test worker] DEBUG org.apache.http.wire - http-outgoing-7 << "Date: Thu, 21 Jan 2021 10:45:31 GMT[\r][\n]"
11:45:32.246 [Test worker] DEBUG org.apache.http.wire - http-outgoing-7 << "Keep-Alive: timeout=60[\r][\n]"
11:45:32.246 [Test worker] DEBUG org.apache.http.wire - http-outgoing-7 << "Connection: keep-alive[\r][\n]"
11:45:32.246 [Test worker] DEBUG org.apache.http.wire - http-outgoing-7 << "[\r][\n]"
11:45:32.246 [Test worker] DEBUG org.apache.http.headers - http-outgoing-7 << HTTP/1.1 302 
11:45:32.246 [Test worker] DEBUG org.apache.http.headers - http-outgoing-7 << Location: http://127.0.0.1:8080/list
11:45:32.246 [Test worker] DEBUG org.apache.http.headers - http-outgoing-7 << Content-Language: en-US
11:45:32.246 [Test worker] DEBUG org.apache.http.headers - http-outgoing-7 << Content-Length: 0
11:45:32.246 [Test worker] DEBUG org.apache.http.headers - http-outgoing-7 << Date: Thu, 21 Jan 2021 10:45:31 GMT
11:45:32.246 [Test worker] DEBUG org.apache.http.headers - http-outgoing-7 << Keep-Alive: timeout=60
11:45:32.246 [Test worker] DEBUG org.apache.http.headers - http-outgoing-7 << Connection: keep-alive
11:45:32.246 [Test worker] DEBUG org.apache.http.impl.execchain.MainClientExec - Connection can be kept alive for 60000 MILLISECONDS
11:45:32.246 [Test worker] DEBUG org.apache.http.impl.conn.PoolingHttpClientConnectionManager - Connection [id: 7][route: {}->http://127.0.0.1:8080] can be kept alive for 60.0 seconds
11:45:32.246 [Test worker] DEBUG org.apache.http.impl.conn.DefaultManagedHttpClientConnection - http-outgoing-7: set socket timeout to 0
11:45:32.246 [Test worker] DEBUG org.apache.http.impl.conn.PoolingHttpClientConnectionManager - Connection released: [id: 7][route: {}->http://127.0.0.1:8080][total available: 1; route allocated: 1 of 6; total allocated: 1 of 20]
11:45:32.246 [Test worker] DEBUG com.gargoylesoftware.htmlunit.WebClient - Got a redirect status code [302] new location = [http://127.0.0.1:8080/list]
11:45:32.246 [Test worker] DEBUG com.gargoylesoftware.htmlunit.WebClient - Load response for GET http://127.0.0.1:8080/list
11:45:32.247 [Test worker] DEBUG org.apache.http.client.protocol.RequestAddCookies - CookieSpec selected: mine
11:45:32.248 [Test worker] DEBUG org.apache.http.client.protocol.RequestAuthCache - Auth cache not set in the context
11:45:32.248 [Test worker] DEBUG org.apache.http.impl.conn.PoolingHttpClientConnectionManager - Connection request: [route: {}->http://127.0.0.1:8080][total available: 1; route allocated: 1 of 6; total allocated: 1 of 20]
11:45:32.248 [Test worker] DEBUG org.apache.http.impl.conn.PoolingHttpClientConnectionManager - Connection leased: [id: 7][route: {}->http://127.0.0.1:8080][total available: 0; route allocated: 1 of 6; total allocated: 1 of 20]
11:45:32.248 [Test worker] DEBUG org.apache.http.impl.conn.DefaultManagedHttpClientConnection - http-outgoing-7: set socket timeout to 0
11:45:32.248 [Test worker] DEBUG org.apache.http.impl.conn.DefaultManagedHttpClientConnection - http-outgoing-7: set socket timeout to 0
11:45:32.248 [Test worker] DEBUG org.apache.http.impl.execchain.MainClientExec - Executing request GET /list HTTP/1.1
11:45:32.248 [Test worker] DEBUG org.apache.http.impl.execchain.MainClientExec - Target auth state: UNCHALLENGED
11:45:32.248 [Test worker] DEBUG org.apache.http.impl.execchain.MainClientExec - Proxy auth state: UNCHALLENGED
11:45:32.248 [Test worker] DEBUG org.apache.http.headers - http-outgoing-7 >> GET /list HTTP/1.1
11:45:32.248 [Test worker] DEBUG org.apache.http.headers - http-outgoing-7 >> Host: 127.0.0.1:8080
11:45:32.248 [Test worker] DEBUG org.apache.http.headers - http-outgoing-7 >> User-Agent: Mozilla/5.0 (Windows NT 6.1; rv:38.0) Gecko/20100101 Firefox/38.0
11:45:32.248 [Test worker] DEBUG org.apache.http.headers - http-outgoing-7 >> Accept: text/html,application/xhtml+xml,application/xml;q=0.9,*/*;q=0.8
11:45:32.248 [Test worker] DEBUG org.apache.http.headers - http-outgoing-7 >> Accept-Language: en-US
11:45:32.248 [Test worker] DEBUG org.apache.http.headers - http-outgoing-7 >> Accept-Encoding: gzip, deflate
11:45:32.248 [Test worker] DEBUG org.apache.http.headers - http-outgoing-7 >> Referer: http://127.0.0.1:8080/list
11:45:32.248 [Test worker] DEBUG org.apache.http.headers - http-outgoing-7 >> Connection: Keep-Alive
11:45:32.248 [Test worker] DEBUG org.apache.http.wire - http-outgoing-7 >> "GET /list HTTP/1.1[\r][\n]"
11:45:32.248 [Test worker] DEBUG org.apache.http.wire - http-outgoing-7 >> "Host: 127.0.0.1:8080[\r][\n]"
11:45:32.248 [Test worker] DEBUG org.apache.http.wire - http-outgoing-7 >> "User-Agent: Mozilla/5.0 (Windows NT 6.1; rv:38.0) Gecko/20100101 Firefox/38.0[\r][\n]"
11:45:32.248 [Test worker] DEBUG org.apache.http.wire - http-outgoing-7 >> "Accept: text/html,application/xhtml+xml,application/xml;q=0.9,*/*;q=0.8[\r][\n]"
11:45:32.248 [Test worker] DEBUG org.apache.http.wire - http-outgoing-7 >> "Accept-Language: en-US[\r][\n]"
11:45:32.248 [Test worker] DEBUG org.apache.http.wire - http-outgoing-7 >> "Accept-Encoding: gzip, deflate[\r][\n]"
11:45:32.248 [Test worker] DEBUG org.apache.http.wire - http-outgoing-7 >> "Referer: http://127.0.0.1:8080/list[\r][\n]"
11:45:32.248 [Test worker] DEBUG org.apache.http.wire - http-outgoing-7 >> "Connection: Keep-Alive[\r][\n]"
11:45:32.248 [Test worker] DEBUG org.apache.http.wire - http-outgoing-7 >> "[\r][\n]"
11:45:32.253 [Test worker] DEBUG org.apache.http.wire - http-outgoing-7 << "HTTP/1.1 200 [\r][\n]"
11:45:32.253 [Test worker] DEBUG org.apache.http.wire - http-outgoing-7 << "Content-Type: text/html;charset=UTF-8[\r][\n]"
11:45:32.253 [Test worker] DEBUG org.apache.http.wire - http-outgoing-7 << "Content-Language: en-US[\r][\n]"
11:45:32.253 [Test worker] DEBUG org.apache.http.wire - http-outgoing-7 << "Transfer-Encoding: chunked[\r][\n]"
11:45:32.253 [Test worker] DEBUG org.apache.http.wire - http-outgoing-7 << "Date: Thu, 21 Jan 2021 10:45:31 GMT[\r][\n]"
11:45:32.253 [Test worker] DEBUG org.apache.http.wire - http-outgoing-7 << "Keep-Alive: timeout=60[\r][\n]"
11:45:32.253 [Test worker] DEBUG org.apache.http.wire - http-outgoing-7 << "Connection: keep-alive[\r][\n]"
11:45:32.253 [Test worker] DEBUG org.apache.http.wire - http-outgoing-7 << "[\r][\n]"
11:45:32.253 [Test worker] DEBUG org.apache.http.wire - http-outgoing-7 << "7e3[\r][\n]"
11:45:32.253 [Test worker] DEBUG org.apache.http.wire - http-outgoing-7 << "<!DOCTYPE HTML>[\n]"
11:45:32.253 [Test worker] DEBUG org.apache.http.wire - http-outgoing-7 << "<html>[\n]"
11:45:32.253 [Test worker] DEBUG org.apache.http.wire - http-outgoing-7 << "<head>[\n]"
11:45:32.253 [Test worker] DEBUG org.apache.http.wire - http-outgoing-7 << "    <title>MVC Web application</title>[\n]"
11:45:32.253 [Test worker] DEBUG org.apache.http.wire - http-outgoing-7 << "    <meta http-equiv="Content-Type" content="text/html; charset=UTF-8" />[\n]"
11:45:32.253 [Test worker] DEBUG org.apache.http.wire - http-outgoing-7 << "</head>[\n]"
11:45:32.253 [Test worker] DEBUG org.apache.http.wire - http-outgoing-7 << "[\n]"
11:45:32.253 [Test worker] DEBUG org.apache.http.wire - http-outgoing-7 << "<body>[\n]"
11:45:32.253 [Test worker] DEBUG org.apache.http.wire - http-outgoing-7 << "<h1>Pazienti Ricoverati</h1>[\n]"
11:45:32.253 [Test worker] DEBUG org.apache.http.wire - http-outgoing-7 << "[\n]"
11:45:32.253 [Test worker] DEBUG org.apache.http.wire - http-outgoing-7 << "<table border="1" id="present" name="present">[\n]"
11:45:32.253 [Test worker] DEBUG org.apache.http.wire - http-outgoing-7 << "    <thead>[\n]"
11:45:32.253 [Test worker] DEBUG org.apache.http.wire - http-outgoing-7 << "    <tr>[\n]"
11:45:32.253 [Test worker] DEBUG org.apache.http.wire - http-outgoing-7 << "        <th>Id</th>[\n]"
11:45:32.253 [Test worker] DEBUG org.apache.http.wire - http-outgoing-7 << "        <th>Nome</th>[\n]"
11:45:32.253 [Test worker] DEBUG org.apache.http.wire - http-outgoing-7 << "        <th>Cognome</th>[\n]"
11:45:32.253 [Test worker] DEBUG org.apache.http.wire - http-outgoing-7 << "        <th>Data ricovero</th>[\n]"
11:45:32.253 [Test worker] DEBUG org.apache.http.wire - http-outgoing-7 << "        <th>Data dimissione</th>[\n]"
11:45:32.253 [Test worker] DEBUG org.apache.http.wire - http-outgoing-7 << "        <th>Mostra</th>[\n]"
11:45:32.253 [Test worker] DEBUG org.apache.http.wire - http-outgoing-7 << "        <th>Modifica</th>[\n]"
11:45:32.253 [Test worker] DEBUG org.apache.http.wire - http-outgoing-7 << "        <th>Dimetti</th>[\n]"
11:45:32.253 [Test worker] DEBUG org.apache.http.wire - http-outgoing-7 << "        <th>Cancella</th>[\n]"
11:45:32.253 [Test worker] DEBUG org.apache.http.wire - http-outgoing-7 << "        <th>Stampa</th>[\n]"
11:45:32.253 [Test worker] DEBUG org.apache.http.wire - http-outgoing-7 << "    </tr>[\n]"
11:45:32.253 [Test worker] DEBUG org.apache.http.wire - http-outgoing-7 << "    </thead>[\n]"
11:45:32.253 [Test worker] DEBUG org.apache.http.wire - http-outgoing-7 << "    <tbody>[\n]"
11:45:32.253 [Test worker] DEBUG org.apache.http.wire - http-outgoing-7 << "        [\n]"
11:45:32.253 [Test worker] DEBUG org.apache.http.wire - http-outgoing-7 << "        </tbody>[\n]"
11:45:32.253 [Test worker] DEBUG org.apache.http.wire - http-outgoing-7 << "</table>[\n]"
11:45:32.253 [Test worker] DEBUG org.apache.http.wire - http-outgoing-7 << "[\n]"
11:45:32.253 [Test worker] DEBUG org.apache.http.wire - http-outgoing-7 << "<h1>Pazienti Dimessi</h1>[\n]"
11:45:32.254 [Test worker] DEBUG org.apache.http.wire - http-outgoing-7 << "<table border="1" id="discharged" name="discharged">[\n]"
11:45:32.254 [Test worker] DEBUG org.apache.http.wire - http-outgoing-7 << "    <thead>[\n]"
11:45:32.254 [Test worker] DEBUG org.apache.http.wire - http-outgoing-7 << "    <tr>[\n]"
11:45:32.254 [Test worker] DEBUG org.apache.http.wire - http-outgoing-7 << "        <th>Id</th>[\n]"
11:45:32.254 [Test worker] DEBUG org.apache.http.wire - http-outgoing-7 << "        <th>Nome</th>[\n]"
11:45:32.254 [Test worker] DEBUG org.apache.http.wire - http-outgoing-7 << "        <th>Cognome</th>[\n]"
11:45:32.254 [Test worker] DEBUG org.apache.http.wire - http-outgoing-7 << "        <th>Data Ricovero</th>[\n]"
11:45:32.254 [Test worker] DEBUG org.apache.http.wire - http-outgoing-7 << "        <th>Data Dimissione</th>[\n]"
11:45:32.254 [Test worker] DEBUG org.apache.http.wire - http-outgoing-7 << "        <th>Cartella</th>[\n]"
11:45:32.254 [Test worker] DEBUG org.apache.http.wire - http-outgoing-7 << "        <th>Modifica</th>[\n]"
11:45:32.254 [Test worker] DEBUG org.apache.http.wire - http-outgoing-7 << "        <th>Cancella</th>[\n]"
11:45:32.254 [Test worker] DEBUG org.apache.http.wire - http-outgoing-7 << "        <th>Stampa</th>[\n]"
11:45:32.254 [Test worker] DEBUG org.apache.http.wire - http-outgoing-7 << "    </tr>[\n]"
11:45:32.254 [Test worker] DEBUG org.apache.http.wire - http-outgoing-7 << "    </thead>[\n]"
11:45:32.254 [Test worker] DEBUG org.apache.http.wire - http-outgoing-7 << "    <tbody>[\n]"
11:45:32.254 [Test worker] DEBUG org.apache.http.wire - http-outgoing-7 << "    <tr>[\n]"
11:45:32.254 [Test worker] DEBUG org.apache.http.wire - http-outgoing-7 << "        <td id="idDischarged">1</td>[\n]"
11:45:32.254 [Test worker] DEBUG org.apache.http.wire - http-outgoing-7 << "        <td style="text-align:center;">Michele</td>[\n]"
11:45:32.254 [Test worker] DEBUG org.apache.http.wire - http-outgoing-7 << "        <td id='lastNameDischarged' style="text-align:center;">Bianchi</td>[\n]"
11:45:32.254 [Test worker] DEBUG org.apache.http.wire - http-outgoing-7 << "        <td style="text-align:center;">11/06/1993</td>[\n]"
11:45:32.254 [Test worker] DEBUG org.apache.http.wire - http-outgoing-7 << "        <td style="text-align:center;">21/01/2021</td>[\n]"
11:45:32.254 [Test worker] DEBUG org.apache.http.wire - http-outgoing-7 << "        <td> <a href="cartella?id=1" style="text-align:center;"> Cartella </a></td>[\n]"
11:45:32.254 [Test worker] DEBUG org.apache.http.wire - http-outgoing-7 << "        <td> <a id="modificaDischarged" style="text-align:center; cursor:not-allowed; pointer-events:none; color:grey;"> Modifica </a></td>[\n]"
11:45:32.254 [Test worker] DEBUG org.apache.http.wire - http-outgoing-7 << "        <td> <a id="cancellaDischarged" style="text-align:center; cursor:not-allowed; pointer-events:none; color:grey;"> Cancella </a></td>[\n]"
11:45:32.254 [Test worker] DEBUG org.apache.http.wire - http-outgoing-7 << "        <td><button><a href="print?id=1" style="text-align:center;text-decoration:none;"> Stampa scheda </a></button></td>[\n]"
11:45:32.254 [Test worker] DEBUG org.apache.http.wire - http-outgoing-7 << "    </tr>[\n]"
11:45:32.254 [Test worker] DEBUG org.apache.http.wire - http-outgoing-7 << "    </tbody>[\n]"
11:45:32.254 [Test worker] DEBUG org.apache.http.wire - http-outgoing-7 << "</table>[\n]"
11:45:32.254 [Test worker] DEBUG org.apache.http.wire - http-outgoing-7 << "<br>[\n]"
11:45:32.254 [Test worker] DEBUG org.apache.http.wire - http-outgoing-7 << "<button><a href="input" style="text-decoration:none;">Registra un paziente</a></button>[\n]"
11:45:32.254 [Test worker] DEBUG org.apache.http.wire - http-outgoing-7 << "<br>[\n]"
11:45:32.254 [Test worker] DEBUG org.apache.http.wire - http-outgoing-7 << "<br>[\n]"
11:45:32.254 [Test worker] DEBUG org.apache.http.wire - http-outgoing-7 << "[\n]"
11:45:32.254 [Test worker] DEBUG org.apache.http.wire - http-outgoing-7 << "<form action="search" method="post">[\n]"
11:45:32.254 [Test worker] DEBUG org.apache.http.wire - http-outgoing-7 << "    Cognome Paziente: <input type="text" name="lastName"/>[\n]"
11:45:32.254 [Test worker] DEBUG org.apache.http.wire - http-outgoing-7 << "    <input type="submit" value="Cerca"/>[\n]"
11:45:32.254 [Test worker] DEBUG org.apache.http.wire - http-outgoing-7 << "</form>[\n]"
11:45:32.254 [Test worker] DEBUG org.apache.http.wire - http-outgoing-7 << "</body>[\n]"
11:45:32.254 [Test worker] DEBUG org.apache.http.wire - http-outgoing-7 << "</html>[\r][\n]"
11:45:32.254 [Test worker] DEBUG org.apache.http.headers - http-outgoing-7 << HTTP/1.1 200 
11:45:32.254 [Test worker] DEBUG org.apache.http.headers - http-outgoing-7 << Content-Type: text/html;charset=UTF-8
11:45:32.254 [Test worker] DEBUG org.apache.http.headers - http-outgoing-7 << Content-Language: en-US
11:45:32.254 [Test worker] DEBUG org.apache.http.headers - http-outgoing-7 << Transfer-Encoding: chunked
11:45:32.254 [Test worker] DEBUG org.apache.http.headers - http-outgoing-7 << Date: Thu, 21 Jan 2021 10:45:31 GMT
11:45:32.254 [Test worker] DEBUG org.apache.http.headers - http-outgoing-7 << Keep-Alive: timeout=60
11:45:32.254 [Test worker] DEBUG org.apache.http.headers - http-outgoing-7 << Connection: keep-alive
11:45:32.254 [Test worker] DEBUG org.apache.http.impl.execchain.MainClientExec - Connection can be kept alive for 60000 MILLISECONDS
11:45:32.255 [Test worker] DEBUG org.apache.http.wire - http-outgoing-7 << "0[\r][\n]"
11:45:32.255 [Test worker] DEBUG org.apache.http.wire - http-outgoing-7 << "[\r][\n]"
11:45:32.255 [Test worker] DEBUG org.apache.http.impl.conn.PoolingHttpClientConnectionManager - Connection [id: 7][route: {}->http://127.0.0.1:8080] can be kept alive for 60.0 seconds
11:45:32.255 [Test worker] DEBUG org.apache.http.impl.conn.DefaultManagedHttpClientConnection - http-outgoing-7: set socket timeout to 0
11:45:32.255 [Test worker] DEBUG org.apache.http.impl.conn.PoolingHttpClientConnectionManager - Connection released: [id: 7][route: {}->http://127.0.0.1:8080][total available: 1; route allocated: 1 of 6; total allocated: 1 of 20]
11:45:32.255 [Test worker] DEBUG com.gargoylesoftware.htmlunit.html.DomElement - Firing Event unload (Current Target: HTMLElement for HtmlHtml[<html>]);
11:45:32.255 [Test worker] DEBUG com.gargoylesoftware.htmlunit.WebWindowImpl - setEnclosedPage: HtmlPage(http://127.0.0.1:8080/list)@578399595
11:45:32.255 [Test worker] DEBUG com.gargoylesoftware.htmlunit.WebWindowImpl - destroyChildren
11:45:32.260 [Test worker] DEBUG com.gargoylesoftware.htmlunit.util.EncodingSniffer - Encoding found in HTTP headers: 'UTF-8'.
11:45:32.262 [Test worker] DEBUG net.sourceforge.jwebunit.htmlunit.HtmlUnitTestingEngineImpl - Window "" changed : "MVC Web application" became "MVC Web application
11:45:32.262 [Test worker] DEBUG com.gargoylesoftware.htmlunit.html.DomElement - Firing Event DOMContentLoaded (Current Target: HTMLElement for HtmlHtml[<html>]);
11:45:32.262 [Test worker] DEBUG com.gargoylesoftware.htmlunit.html.DomElement - Firing Event load (Current Target: HTMLElement for HtmlHtml[<html>]);
11:45:32.263 [Test worker] DEBUG com.gargoylesoftware.htmlunit.WebClient - Get page for window named '', using WebRequest[<url="http://127.0.0.1:8080/input", GET, EncodingType[name=application/x-www-form-urlencoded], [], {Accept=text/html,application/xhtml+xml,application/xml;q=0.9,*/*;q=0.8, Accept-Encoding=gzip, deflate}, null>]
11:45:32.263 [Test worker] DEBUG com.gargoylesoftware.htmlunit.WebClient - Load response for GET http://127.0.0.1:8080/input
11:45:32.264 [Test worker] DEBUG org.apache.http.client.protocol.RequestAddCookies - CookieSpec selected: mine
11:45:32.264 [Test worker] DEBUG org.apache.http.client.protocol.RequestAuthCache - Auth cache not set in the context
11:45:32.264 [Test worker] DEBUG org.apache.http.impl.conn.PoolingHttpClientConnectionManager - Connection request: [route: {}->http://127.0.0.1:8080][total available: 0; route allocated: 0 of 6; total allocated: 0 of 20]
11:45:32.264 [Test worker] DEBUG org.apache.http.impl.conn.PoolingHttpClientConnectionManager - Connection leased: [id: 8][route: {}->http://127.0.0.1:8080][total available: 0; route allocated: 1 of 6; total allocated: 1 of 20]
11:45:32.264 [Test worker] DEBUG org.apache.http.impl.execchain.MainClientExec - Opening connection {}->http://127.0.0.1:8080
11:45:32.265 [Test worker] DEBUG org.apache.http.impl.conn.DefaultHttpClientConnectionOperator - Connecting to /127.0.0.1:8080
11:45:32.265 [Test worker] DEBUG org.apache.http.impl.conn.DefaultHttpClientConnectionOperator - Connection established 127.0.0.1:53836<->127.0.0.1:8080
11:45:32.265 [Test worker] DEBUG org.apache.http.impl.conn.DefaultManagedHttpClientConnection - http-outgoing-8: set socket timeout to 0
11:45:32.265 [Test worker] DEBUG org.apache.http.impl.execchain.MainClientExec - Executing request GET /input HTTP/1.1
11:45:32.265 [Test worker] DEBUG org.apache.http.impl.execchain.MainClientExec - Target auth state: UNCHALLENGED
11:45:32.265 [Test worker] DEBUG org.apache.http.impl.execchain.MainClientExec - Proxy auth state: UNCHALLENGED
11:45:32.265 [Test worker] DEBUG org.apache.http.headers - http-outgoing-8 >> GET /input HTTP/1.1
11:45:32.265 [Test worker] DEBUG org.apache.http.headers - http-outgoing-8 >> Host: 127.0.0.1:8080
11:45:32.265 [Test worker] DEBUG org.apache.http.headers - http-outgoing-8 >> User-Agent: Mozilla/5.0 (Windows NT 6.1; rv:38.0) Gecko/20100101 Firefox/38.0
11:45:32.265 [Test worker] DEBUG org.apache.http.headers - http-outgoing-8 >> Accept: text/html,application/xhtml+xml,application/xml;q=0.9,*/*;q=0.8
11:45:32.265 [Test worker] DEBUG org.apache.http.headers - http-outgoing-8 >> Accept-Language: en-US
11:45:32.265 [Test worker] DEBUG org.apache.http.headers - http-outgoing-8 >> Accept-Encoding: gzip, deflate
11:45:32.265 [Test worker] DEBUG org.apache.http.headers - http-outgoing-8 >> Connection: Keep-Alive
11:45:32.265 [Test worker] DEBUG org.apache.http.wire - http-outgoing-8 >> "GET /input HTTP/1.1[\r][\n]"
11:45:32.265 [Test worker] DEBUG org.apache.http.wire - http-outgoing-8 >> "Host: 127.0.0.1:8080[\r][\n]"
11:45:32.265 [Test worker] DEBUG org.apache.http.wire - http-outgoing-8 >> "User-Agent: Mozilla/5.0 (Windows NT 6.1; rv:38.0) Gecko/20100101 Firefox/38.0[\r][\n]"
11:45:32.265 [Test worker] DEBUG org.apache.http.wire - http-outgoing-8 >> "Accept: text/html,application/xhtml+xml,application/xml;q=0.9,*/*;q=0.8[\r][\n]"
11:45:32.265 [Test worker] DEBUG org.apache.http.wire - http-outgoing-8 >> "Accept-Language: en-US[\r][\n]"
11:45:32.265 [Test worker] DEBUG org.apache.http.wire - http-outgoing-8 >> "Accept-Encoding: gzip, deflate[\r][\n]"
11:45:32.265 [Test worker] DEBUG org.apache.http.wire - http-outgoing-8 >> "Connection: Keep-Alive[\r][\n]"
11:45:32.265 [Test worker] DEBUG org.apache.http.wire - http-outgoing-8 >> "[\r][\n]"
11:45:32.268 [Test worker] DEBUG org.apache.http.wire - http-outgoing-8 << "HTTP/1.1 200 [\r][\n]"
11:45:32.268 [Test worker] DEBUG org.apache.http.wire - http-outgoing-8 << "Content-Type: text/html;charset=UTF-8[\r][\n]"
11:45:32.268 [Test worker] DEBUG org.apache.http.wire - http-outgoing-8 << "Content-Language: en-US[\r][\n]"
11:45:32.268 [Test worker] DEBUG org.apache.http.wire - http-outgoing-8 << "Transfer-Encoding: chunked[\r][\n]"
11:45:32.268 [Test worker] DEBUG org.apache.http.wire - http-outgoing-8 << "Date: Thu, 21 Jan 2021 10:45:31 GMT[\r][\n]"
11:45:32.268 [Test worker] DEBUG org.apache.http.wire - http-outgoing-8 << "Keep-Alive: timeout=60[\r][\n]"
11:45:32.268 [Test worker] DEBUG org.apache.http.wire - http-outgoing-8 << "Connection: keep-alive[\r][\n]"
11:45:32.268 [Test worker] DEBUG org.apache.http.wire - http-outgoing-8 << "[\r][\n]"
11:45:32.268 [Test worker] DEBUG org.apache.http.wire - http-outgoing-8 << "2f0[\r][\n]"
11:45:32.269 [Test worker] DEBUG org.apache.http.wire - http-outgoing-8 << "<!DOCTYPE HTML>[\n]"
11:45:32.269 [Test worker] DEBUG org.apache.http.wire - http-outgoing-8 << "<html>[\n]"
11:45:32.269 [Test worker] DEBUG org.apache.http.wire - http-outgoing-8 << "<head>[\n]"
11:45:32.269 [Test worker] DEBUG org.apache.http.wire - http-outgoing-8 << "    <title>MVC Web application</title>[\n]"
11:45:32.269 [Test worker] DEBUG org.apache.http.wire - http-outgoing-8 << "    <meta http-equiv="Content-Type" content="text/html; charset=UTF-8" />[\n]"
11:45:32.269 [Test worker] DEBUG org.apache.http.wire - http-outgoing-8 << "</head>[\n]"
11:45:32.269 [Test worker] DEBUG org.apache.http.wire - http-outgoing-8 << "[\n]"
11:45:32.269 [Test worker] DEBUG org.apache.http.wire - http-outgoing-8 << "<body>[\n]"
11:45:32.269 [Test worker] DEBUG org.apache.http.wire - http-outgoing-8 << "<h1>Inserisci un nuovo paziente</h1>[\n]"
11:45:32.269 [Test worker] DEBUG org.apache.http.wire - http-outgoing-8 << "[\n]"
11:45:32.269 [Test worker] DEBUG org.apache.http.wire - http-outgoing-8 << "<form action="create" method="post">[\n]"
11:45:32.269 [Test worker] DEBUG org.apache.http.wire - http-outgoing-8 << "    <table border="1">[\n]"
11:45:32.269 [Test worker] DEBUG org.apache.http.wire - http-outgoing-8 << "        <tr>[\n]"
11:45:32.269 [Test worker] DEBUG org.apache.http.wire - http-outgoing-8 << "            <td>Nome</td>[\n]"
11:45:32.269 [Test worker] DEBUG org.apache.http.wire - http-outgoing-8 << "            <td><input type="text" name="firstName" required></td>[\n]"
11:45:32.269 [Test worker] DEBUG org.apache.http.wire - http-outgoing-8 << "        </tr>[\n]"
11:45:32.269 [Test worker] DEBUG org.apache.http.wire - http-outgoing-8 << "        <tr>[\n]"
11:45:32.269 [Test worker] DEBUG org.apache.http.wire - http-outgoing-8 << "            <td>Cognome</td>[\n]"
11:45:32.269 [Test worker] DEBUG org.apache.http.wire - http-outgoing-8 << "            <td><input type="text" name="lastName" required><br></td>[\n]"
11:45:32.269 [Test worker] DEBUG org.apache.http.wire - http-outgoing-8 << "        </tr>[\n]"
11:45:32.269 [Test worker] DEBUG org.apache.http.wire - http-outgoing-8 << "        <tr>[\n]"
11:45:32.269 [Test worker] DEBUG org.apache.http.wire - http-outgoing-8 << "            <td>Data ricovero</td>[\n]"
11:45:32.269 [Test worker] DEBUG org.apache.http.wire - http-outgoing-8 << "            <td><input type="date" name="admissionDate" required><br></td>[\n]"
11:45:32.269 [Test worker] DEBUG org.apache.http.wire - http-outgoing-8 << "        </tr>[\n]"
11:45:32.269 [Test worker] DEBUG org.apache.http.wire - http-outgoing-8 << "    </table>[\n]"
11:45:32.269 [Test worker] DEBUG org.apache.http.wire - http-outgoing-8 << "[\n]"
11:45:32.269 [Test worker] DEBUG org.apache.http.wire - http-outgoing-8 << "    <input type="submit" />[\n]"
11:45:32.269 [Test worker] DEBUG org.apache.http.wire - http-outgoing-8 << "</form>[\n]"
11:45:32.269 [Test worker] DEBUG org.apache.http.wire - http-outgoing-8 << "[\n]"
11:45:32.269 [Test worker] DEBUG org.apache.http.wire - http-outgoing-8 << "<br>[\n]"
11:45:32.269 [Test worker] DEBUG org.apache.http.wire - http-outgoing-8 << "<a href="list"> Torna alla lista </a>[\n]"
11:45:32.269 [Test worker] DEBUG org.apache.http.wire - http-outgoing-8 << "[\n]"
11:45:32.269 [Test worker] DEBUG org.apache.http.wire - http-outgoing-8 << "</body>[\n]"
11:45:32.269 [Test worker] DEBUG org.apache.http.wire - http-outgoing-8 << "</html>[\n]"
11:45:32.269 [Test worker] DEBUG org.apache.http.wire - http-outgoing-8 << "[\n]"
11:45:32.269 [Test worker] DEBUG org.apache.http.wire - http-outgoing-8 << "[\r][\n]"
11:45:32.269 [Test worker] DEBUG org.apache.http.headers - http-outgoing-8 << HTTP/1.1 200 
11:45:32.269 [Test worker] DEBUG org.apache.http.headers - http-outgoing-8 << Content-Type: text/html;charset=UTF-8
11:45:32.269 [Test worker] DEBUG org.apache.http.headers - http-outgoing-8 << Content-Language: en-US
11:45:32.269 [Test worker] DEBUG org.apache.http.headers - http-outgoing-8 << Transfer-Encoding: chunked
11:45:32.269 [Test worker] DEBUG org.apache.http.headers - http-outgoing-8 << Date: Thu, 21 Jan 2021 10:45:31 GMT
11:45:32.269 [Test worker] DEBUG org.apache.http.headers - http-outgoing-8 << Keep-Alive: timeout=60
11:45:32.269 [Test worker] DEBUG org.apache.http.headers - http-outgoing-8 << Connection: keep-alive
11:45:32.269 [Test worker] DEBUG org.apache.http.impl.execchain.MainClientExec - Connection can be kept alive for 60000 MILLISECONDS
11:45:32.270 [Test worker] DEBUG org.apache.http.wire - http-outgoing-8 << "0[\r][\n]"
11:45:32.270 [Test worker] DEBUG org.apache.http.wire - http-outgoing-8 << "[\r][\n]"
11:45:32.270 [Test worker] DEBUG org.apache.http.impl.conn.PoolingHttpClientConnectionManager - Connection [id: 8][route: {}->http://127.0.0.1:8080] can be kept alive for 60.0 seconds
11:45:32.270 [Test worker] DEBUG org.apache.http.impl.conn.DefaultManagedHttpClientConnection - http-outgoing-8: set socket timeout to 0
11:45:32.270 [Test worker] DEBUG org.apache.http.impl.conn.PoolingHttpClientConnectionManager - Connection released: [id: 8][route: {}->http://127.0.0.1:8080][total available: 1; route allocated: 1 of 6; total allocated: 1 of 20]
11:45:32.270 [Test worker] DEBUG com.gargoylesoftware.htmlunit.WebWindowImpl - setEnclosedPage: HtmlPage(http://127.0.0.1:8080/input)@853354715
11:45:32.270 [Test worker] DEBUG com.gargoylesoftware.htmlunit.WebWindowImpl - destroyChildren
11:45:32.276 [Test worker] DEBUG com.gargoylesoftware.htmlunit.util.EncodingSniffer - Encoding found in HTTP headers: 'UTF-8'.
11:45:32.277 [Test worker] DEBUG net.sourceforge.jwebunit.htmlunit.HtmlUnitTestingEngineImpl - Window "" changed : "no_html" became "MVC Web application
11:45:32.278 [Test worker] DEBUG com.gargoylesoftware.htmlunit.html.DomElement - Firing Event DOMContentLoaded (Current Target: HTMLElement for HtmlHtml[<html>]);
11:45:32.278 [Test worker] DEBUG com.gargoylesoftware.htmlunit.html.DomElement - Firing Event load (Current Target: HTMLElement for HtmlHtml[<html>]);
11:45:32.278 [Test worker] DEBUG com.gargoylesoftware.htmlunit.html.DomElement - Firing Event change (Current Target: HTMLElement for HtmlTextInput[<input type="text" name="firstName" required="" value="Michele">]);
11:45:32.278 [Test worker] DEBUG com.gargoylesoftware.htmlunit.html.DomElement - Firing Event change (Current Target: HTMLElement for HtmlTextInput[<input type="text" name="lastName" required="" value="Bianchi">]);
11:45:32.278 [Test worker] DEBUG com.gargoylesoftware.htmlunit.html.DomElement - Firing Event change (Current Target: HTMLElement for HtmlDateInput[<input type="date" name="admissionDate" required="" value="1993-06-11">]);
11:45:32.279 [Test worker] DEBUG com.gargoylesoftware.htmlunit.html.DomElement - Firing Event mousedown (Current Target: HTMLElement for HtmlSubmitInput[<input type="submit">]);
11:45:32.279 [Test worker] DEBUG com.gargoylesoftware.htmlunit.html.DomElement - Firing Event focus (Current Target: HTMLElement for HtmlSubmitInput[<input type="submit">]);
11:45:32.279 [Test worker] DEBUG com.gargoylesoftware.htmlunit.html.DomElement - Firing Event mouseup (Current Target: HTMLElement for HtmlSubmitInput[<input type="submit">]);
11:45:32.279 [Test worker] DEBUG com.gargoylesoftware.htmlunit.html.DomElement - Firing Event click (Current Target: HTMLElement for HtmlSubmitInput[<input type="submit">]);
11:45:32.279 [Test worker] DEBUG com.gargoylesoftware.htmlunit.html.DomElement - Firing Event submit (Current Target: HTMLElement for HtmlForm[<form action="create" method="post">]);
11:45:32.279 [Test worker] DEBUG com.gargoylesoftware.htmlunit.util.EncodingSniffer - Encoding found in HTTP headers: 'UTF-8'.
11:45:32.279 [Test worker] DEBUG com.gargoylesoftware.htmlunit.WebClient - Load response for POST http://127.0.0.1:8080/create
11:45:32.280 [Test worker] DEBUG org.apache.http.client.protocol.RequestAddCookies - CookieSpec selected: mine
11:45:32.281 [Test worker] DEBUG org.apache.http.client.protocol.RequestAuthCache - Auth cache not set in the context
11:45:32.281 [Test worker] DEBUG org.apache.http.impl.conn.PoolingHttpClientConnectionManager - Connection request: [route: {}->http://127.0.0.1:8080][total available: 1; route allocated: 1 of 6; total allocated: 1 of 20]
11:45:32.281 [Test worker] DEBUG org.apache.http.impl.conn.PoolingHttpClientConnectionManager - Connection leased: [id: 8][route: {}->http://127.0.0.1:8080][total available: 0; route allocated: 1 of 6; total allocated: 1 of 20]
11:45:32.281 [Test worker] DEBUG org.apache.http.impl.conn.DefaultManagedHttpClientConnection - http-outgoing-8: set socket timeout to 0
11:45:32.281 [Test worker] DEBUG org.apache.http.impl.conn.DefaultManagedHttpClientConnection - http-outgoing-8: set socket timeout to 0
11:45:32.281 [Test worker] DEBUG org.apache.http.impl.execchain.MainClientExec - Executing request POST /create HTTP/1.1
11:45:32.281 [Test worker] DEBUG org.apache.http.impl.execchain.MainClientExec - Target auth state: UNCHALLENGED
11:45:32.281 [Test worker] DEBUG org.apache.http.impl.execchain.MainClientExec - Proxy auth state: UNCHALLENGED
11:45:32.281 [Test worker] DEBUG org.apache.http.headers - http-outgoing-8 >> POST /create HTTP/1.1
11:45:32.281 [Test worker] DEBUG org.apache.http.headers - http-outgoing-8 >> Host: 127.0.0.1:8080
11:45:32.281 [Test worker] DEBUG org.apache.http.headers - http-outgoing-8 >> User-Agent: Mozilla/5.0 (Windows NT 6.1; rv:38.0) Gecko/20100101 Firefox/38.0
11:45:32.281 [Test worker] DEBUG org.apache.http.headers - http-outgoing-8 >> Accept: */*
11:45:32.281 [Test worker] DEBUG org.apache.http.headers - http-outgoing-8 >> Accept-Language: en-US
11:45:32.281 [Test worker] DEBUG org.apache.http.headers - http-outgoing-8 >> Accept-Encoding: gzip, deflate
11:45:32.281 [Test worker] DEBUG org.apache.http.headers - http-outgoing-8 >> Referer: http://127.0.0.1:8080/input
11:45:32.281 [Test worker] DEBUG org.apache.http.headers - http-outgoing-8 >> Connection: Keep-Alive
11:45:32.281 [Test worker] DEBUG org.apache.http.headers - http-outgoing-8 >> Content-Length: 59
11:45:32.281 [Test worker] DEBUG org.apache.http.headers - http-outgoing-8 >> Content-Type: application/x-www-form-urlencoded
11:45:32.281 [Test worker] DEBUG org.apache.http.wire - http-outgoing-8 >> "POST /create HTTP/1.1[\r][\n]"
11:45:32.281 [Test worker] DEBUG org.apache.http.wire - http-outgoing-8 >> "Host: 127.0.0.1:8080[\r][\n]"
11:45:32.281 [Test worker] DEBUG org.apache.http.wire - http-outgoing-8 >> "User-Agent: Mozilla/5.0 (Windows NT 6.1; rv:38.0) Gecko/20100101 Firefox/38.0[\r][\n]"
11:45:32.281 [Test worker] DEBUG org.apache.http.wire - http-outgoing-8 >> "Accept: */*[\r][\n]"
11:45:32.281 [Test worker] DEBUG org.apache.http.wire - http-outgoing-8 >> "Accept-Language: en-US[\r][\n]"
11:45:32.281 [Test worker] DEBUG org.apache.http.wire - http-outgoing-8 >> "Accept-Encoding: gzip, deflate[\r][\n]"
11:45:32.281 [Test worker] DEBUG org.apache.http.wire - http-outgoing-8 >> "Referer: http://127.0.0.1:8080/input[\r][\n]"
11:45:32.281 [Test worker] DEBUG org.apache.http.wire - http-outgoing-8 >> "Connection: Keep-Alive[\r][\n]"
11:45:32.281 [Test worker] DEBUG org.apache.http.wire - http-outgoing-8 >> "Content-Length: 59[\r][\n]"
11:45:32.282 [Test worker] DEBUG org.apache.http.wire - http-outgoing-8 >> "Content-Type: application/x-www-form-urlencoded[\r][\n]"
11:45:32.282 [Test worker] DEBUG org.apache.http.wire - http-outgoing-8 >> "[\r][\n]"
11:45:32.282 [Test worker] DEBUG org.apache.http.wire - http-outgoing-8 >> "firstName=Michele&lastName=Bianchi&admissionDate=1993-06-11"
11:45:32.287 [Test worker] DEBUG org.apache.http.wire - http-outgoing-8 << "HTTP/1.1 302 [\r][\n]"
11:45:32.287 [Test worker] DEBUG org.apache.http.wire - http-outgoing-8 << "Location: http://127.0.0.1:8080/list[\r][\n]"
11:45:32.287 [Test worker] DEBUG org.apache.http.wire - http-outgoing-8 << "Content-Language: en-US[\r][\n]"
11:45:32.287 [Test worker] DEBUG org.apache.http.wire - http-outgoing-8 << "Content-Length: 0[\r][\n]"
11:45:32.287 [Test worker] DEBUG org.apache.http.wire - http-outgoing-8 << "Date: Thu, 21 Jan 2021 10:45:31 GMT[\r][\n]"
11:45:32.288 [Test worker] DEBUG org.apache.http.wire - http-outgoing-8 << "Keep-Alive: timeout=60[\r][\n]"
11:45:32.288 [Test worker] DEBUG org.apache.http.wire - http-outgoing-8 << "Connection: keep-alive[\r][\n]"
11:45:32.288 [Test worker] DEBUG org.apache.http.wire - http-outgoing-8 << "[\r][\n]"
11:45:32.288 [Test worker] DEBUG org.apache.http.headers - http-outgoing-8 << HTTP/1.1 302 
11:45:32.288 [Test worker] DEBUG org.apache.http.headers - http-outgoing-8 << Location: http://127.0.0.1:8080/list
11:45:32.288 [Test worker] DEBUG org.apache.http.headers - http-outgoing-8 << Content-Language: en-US
11:45:32.288 [Test worker] DEBUG org.apache.http.headers - http-outgoing-8 << Content-Length: 0
11:45:32.288 [Test worker] DEBUG org.apache.http.headers - http-outgoing-8 << Date: Thu, 21 Jan 2021 10:45:31 GMT
11:45:32.288 [Test worker] DEBUG org.apache.http.headers - http-outgoing-8 << Keep-Alive: timeout=60
11:45:32.288 [Test worker] DEBUG org.apache.http.headers - http-outgoing-8 << Connection: keep-alive
11:45:32.288 [Test worker] DEBUG org.apache.http.impl.execchain.MainClientExec - Connection can be kept alive for 60000 MILLISECONDS
11:45:32.288 [Test worker] DEBUG org.apache.http.impl.conn.PoolingHttpClientConnectionManager - Connection [id: 8][route: {}->http://127.0.0.1:8080] can be kept alive for 60.0 seconds
11:45:32.288 [Test worker] DEBUG org.apache.http.impl.conn.DefaultManagedHttpClientConnection - http-outgoing-8: set socket timeout to 0
11:45:32.288 [Test worker] DEBUG org.apache.http.impl.conn.PoolingHttpClientConnectionManager - Connection released: [id: 8][route: {}->http://127.0.0.1:8080][total available: 1; route allocated: 1 of 6; total allocated: 1 of 20]
11:45:32.288 [Test worker] DEBUG com.gargoylesoftware.htmlunit.WebClient - Got a redirect status code [302] new location = [http://127.0.0.1:8080/list]
11:45:32.288 [Test worker] DEBUG com.gargoylesoftware.htmlunit.WebClient - Load response for GET http://127.0.0.1:8080/list
11:45:32.289 [Test worker] DEBUG org.apache.http.client.protocol.RequestAddCookies - CookieSpec selected: mine
11:45:32.289 [Test worker] DEBUG org.apache.http.client.protocol.RequestAuthCache - Auth cache not set in the context
11:45:32.290 [Test worker] DEBUG org.apache.http.impl.conn.PoolingHttpClientConnectionManager - Connection request: [route: {}->http://127.0.0.1:8080][total available: 1; route allocated: 1 of 6; total allocated: 1 of 20]
11:45:32.290 [Test worker] DEBUG org.apache.http.impl.conn.PoolingHttpClientConnectionManager - Connection leased: [id: 8][route: {}->http://127.0.0.1:8080][total available: 0; route allocated: 1 of 6; total allocated: 1 of 20]
11:45:32.290 [Test worker] DEBUG org.apache.http.impl.conn.DefaultManagedHttpClientConnection - http-outgoing-8: set socket timeout to 0
11:45:32.290 [Test worker] DEBUG org.apache.http.impl.conn.DefaultManagedHttpClientConnection - http-outgoing-8: set socket timeout to 0
11:45:32.290 [Test worker] DEBUG org.apache.http.impl.execchain.MainClientExec - Executing request GET /list HTTP/1.1
11:45:32.290 [Test worker] DEBUG org.apache.http.impl.execchain.MainClientExec - Target auth state: UNCHALLENGED
11:45:32.290 [Test worker] DEBUG org.apache.http.impl.execchain.MainClientExec - Proxy auth state: UNCHALLENGED
11:45:32.290 [Test worker] DEBUG org.apache.http.headers - http-outgoing-8 >> GET /list HTTP/1.1
11:45:32.290 [Test worker] DEBUG org.apache.http.headers - http-outgoing-8 >> Host: 127.0.0.1:8080
11:45:32.290 [Test worker] DEBUG org.apache.http.headers - http-outgoing-8 >> User-Agent: Mozilla/5.0 (Windows NT 6.1; rv:38.0) Gecko/20100101 Firefox/38.0
11:45:32.290 [Test worker] DEBUG org.apache.http.headers - http-outgoing-8 >> Accept: */*
11:45:32.290 [Test worker] DEBUG org.apache.http.headers - http-outgoing-8 >> Accept-Language: en-US
11:45:32.290 [Test worker] DEBUG org.apache.http.headers - http-outgoing-8 >> Accept-Encoding: gzip, deflate
11:45:32.290 [Test worker] DEBUG org.apache.http.headers - http-outgoing-8 >> Referer: http://127.0.0.1:8080/input
11:45:32.290 [Test worker] DEBUG org.apache.http.headers - http-outgoing-8 >> Connection: Keep-Alive
11:45:32.290 [Test worker] DEBUG org.apache.http.wire - http-outgoing-8 >> "GET /list HTTP/1.1[\r][\n]"
11:45:32.290 [Test worker] DEBUG org.apache.http.wire - http-outgoing-8 >> "Host: 127.0.0.1:8080[\r][\n]"
11:45:32.290 [Test worker] DEBUG org.apache.http.wire - http-outgoing-8 >> "User-Agent: Mozilla/5.0 (Windows NT 6.1; rv:38.0) Gecko/20100101 Firefox/38.0[\r][\n]"
11:45:32.290 [Test worker] DEBUG org.apache.http.wire - http-outgoing-8 >> "Accept: */*[\r][\n]"
11:45:32.290 [Test worker] DEBUG org.apache.http.wire - http-outgoing-8 >> "Accept-Language: en-US[\r][\n]"
11:45:32.290 [Test worker] DEBUG org.apache.http.wire - http-outgoing-8 >> "Accept-Encoding: gzip, deflate[\r][\n]"
11:45:32.290 [Test worker] DEBUG org.apache.http.wire - http-outgoing-8 >> "Referer: http://127.0.0.1:8080/input[\r][\n]"
11:45:32.290 [Test worker] DEBUG org.apache.http.wire - http-outgoing-8 >> "Connection: Keep-Alive[\r][\n]"
11:45:32.290 [Test worker] DEBUG org.apache.http.wire - http-outgoing-8 >> "[\r][\n]"
11:45:32.298 [Test worker] DEBUG org.apache.http.wire - http-outgoing-8 << "HTTP/1.1 200 [\r][\n]"
11:45:32.298 [Test worker] DEBUG org.apache.http.wire - http-outgoing-8 << "Content-Type: text/html;charset=UTF-8[\r][\n]"
11:45:32.298 [Test worker] DEBUG org.apache.http.wire - http-outgoing-8 << "Content-Language: en-US[\r][\n]"
11:45:32.298 [Test worker] DEBUG org.apache.http.wire - http-outgoing-8 << "Transfer-Encoding: chunked[\r][\n]"
11:45:32.298 [Test worker] DEBUG org.apache.http.wire - http-outgoing-8 << "Date: Thu, 21 Jan 2021 10:45:31 GMT[\r][\n]"
11:45:32.298 [Test worker] DEBUG org.apache.http.wire - http-outgoing-8 << "Keep-Alive: timeout=60[\r][\n]"
11:45:32.298 [Test worker] DEBUG org.apache.http.wire - http-outgoing-8 << "Connection: keep-alive[\r][\n]"
11:45:32.298 [Test worker] DEBUG org.apache.http.wire - http-outgoing-8 << "[\r][\n]"
11:45:32.298 [Test worker] DEBUG org.apache.http.wire - http-outgoing-8 << "af1[\r][\n]"
11:45:32.298 [Test worker] DEBUG org.apache.http.wire - http-outgoing-8 << "<!DOCTYPE HTML>[\n]"
11:45:32.298 [Test worker] DEBUG org.apache.http.wire - http-outgoing-8 << "<html>[\n]"
11:45:32.298 [Test worker] DEBUG org.apache.http.wire - http-outgoing-8 << "<head>[\n]"
11:45:32.298 [Test worker] DEBUG org.apache.http.wire - http-outgoing-8 << "    <title>MVC Web application</title>[\n]"
11:45:32.298 [Test worker] DEBUG org.apache.http.wire - http-outgoing-8 << "    <meta http-equiv="Content-Type" content="text/html; charset=UTF-8" />[\n]"
11:45:32.298 [Test worker] DEBUG org.apache.http.wire - http-outgoing-8 << "</head>[\n]"
11:45:32.298 [Test worker] DEBUG org.apache.http.wire - http-outgoing-8 << "[\n]"
11:45:32.298 [Test worker] DEBUG org.apache.http.wire - http-outgoing-8 << "<body>[\n]"
11:45:32.298 [Test worker] DEBUG org.apache.http.wire - http-outgoing-8 << "<h1>Pazienti Ricoverati</h1>[\n]"
11:45:32.298 [Test worker] DEBUG org.apache.http.wire - http-outgoing-8 << "[\n]"
11:45:32.298 [Test worker] DEBUG org.apache.http.wire - http-outgoing-8 << "<table border="1" id="present" name="present">[\n]"
11:45:32.298 [Test worker] DEBUG org.apache.http.wire - http-outgoing-8 << "    <thead>[\n]"
11:45:32.298 [Test worker] DEBUG org.apache.http.wire - http-outgoing-8 << "    <tr>[\n]"
11:45:32.298 [Test worker] DEBUG org.apache.http.wire - http-outgoing-8 << "        <th>Id</th>[\n]"
11:45:32.298 [Test worker] DEBUG org.apache.http.wire - http-outgoing-8 << "        <th>Nome</th>[\n]"
11:45:32.298 [Test worker] DEBUG org.apache.http.wire - http-outgoing-8 << "        <th>Cognome</th>[\n]"
11:45:32.298 [Test worker] DEBUG org.apache.http.wire - http-outgoing-8 << "        <th>Data ricovero</th>[\n]"
11:45:32.298 [Test worker] DEBUG org.apache.http.wire - http-outgoing-8 << "        <th>Data dimissione</th>[\n]"
11:45:32.298 [Test worker] DEBUG org.apache.http.wire - http-outgoing-8 << "        <th>Mostra</th>[\n]"
11:45:32.298 [Test worker] DEBUG org.apache.http.wire - http-outgoing-8 << "        <th>Modifica</th>[\n]"
11:45:32.298 [Test worker] DEBUG org.apache.http.wire - http-outgoing-8 << "        <th>Dimetti</th>[\n]"
11:45:32.298 [Test worker] DEBUG org.apache.http.wire - http-outgoing-8 << "        <th>Cancella</th>[\n]"
11:45:32.298 [Test worker] DEBUG org.apache.http.wire - http-outgoing-8 << "        <th>Stampa</th>[\n]"
11:45:32.298 [Test worker] DEBUG org.apache.http.wire - http-outgoing-8 << "    </tr>[\n]"
11:45:32.298 [Test worker] DEBUG org.apache.http.wire - http-outgoing-8 << "    </thead>[\n]"
11:45:32.298 [Test worker] DEBUG org.apache.http.wire - http-outgoing-8 << "    <tbody>[\n]"
11:45:32.299 [Test worker] DEBUG org.apache.http.wire - http-outgoing-8 << "        <tr>[\n]"
11:45:32.299 [Test worker] DEBUG org.apache.http.wire - http-outgoing-8 << "            <td id="id">8</td>[\n]"
11:45:32.299 [Test worker] DEBUG org.apache.http.wire - http-outgoing-8 << "            <td style="text-align:center;">Michele</td>[\n]"
11:45:32.299 [Test worker] DEBUG org.apache.http.wire - http-outgoing-8 << "            <td id='lastName' style="text-align:center;">Bianchi</td>[\n]"
11:45:32.299 [Test worker] DEBUG org.apache.http.wire - http-outgoing-8 << "            <td style="text-align:center;">11/06/1993</td>[\n]"
11:45:32.299 [Test worker] DEBUG org.apache.http.wire - http-outgoing-8 << "            <td style="text-align:center;"></td>[\n]"
11:45:32.299 [Test worker] DEBUG org.apache.http.wire - http-outgoing-8 << "            <td> <a href="cartella?id=8" style="text-align:center;"> Cartella </a></td>[\n]"
11:45:32.299 [Test worker] DEBUG org.apache.http.wire - http-outgoing-8 << "            <td> <a href="edit?id=8" id="modifica" style="text-align:center;"> Modifica </a></td>[\n]"
11:45:32.299 [Test worker] DEBUG org.apache.http.wire - http-outgoing-8 << "            <td> <a href="dimetti?id=8" style="text-align:center;"> Dimetti </a></td>[\n]"
11:45:32.299 [Test worker] DEBUG org.apache.http.wire - http-outgoing-8 << "            <td> <a href="delete?id=8" id="cancella" style="text-align:center;"> Cancella </a></td>[\n]"
11:45:32.299 [Test worker] DEBUG org.apache.http.wire - http-outgoing-8 << "            <td><button><a href="print?id=8" style="text-align:center;text-decoration:none;"> Stampa scheda </a></button></td>[\n]"
11:45:32.299 [Test worker] DEBUG org.apache.http.wire - http-outgoing-8 << "        </tr>[\n]"
11:45:32.299 [Test worker] DEBUG org.apache.http.wire - http-outgoing-8 << "        </tbody>[\n]"
11:45:32.299 [Test worker] DEBUG org.apache.http.wire - http-outgoing-8 << "</table>[\n]"
11:45:32.299 [Test worker] DEBUG org.apache.http.wire - http-outgoing-8 << "[\n]"
11:45:32.299 [Test worker] DEBUG org.apache.http.wire - http-outgoing-8 << "<h1>Pazienti Dimessi</h1>[\n]"
11:45:32.299 [Test worker] DEBUG org.apache.http.wire - http-outgoing-8 << "<table border="1" id="discharged" name="discharged">[\n]"
11:45:32.299 [Test worker] DEBUG org.apache.http.wire - http-outgoing-8 << "    <thead>[\n]"
11:45:32.299 [Test worker] DEBUG org.apache.http.wire - http-outgoing-8 << "    <tr>[\n]"
11:45:32.299 [Test worker] DEBUG org.apache.http.wire - http-outgoing-8 << "        <th>Id</th>[\n]"
11:45:32.299 [Test worker] DEBUG org.apache.http.wire - http-outgoing-8 << "        <th>Nome</th>[\n]"
11:45:32.299 [Test worker] DEBUG org.apache.http.wire - http-outgoing-8 << "        <th>Cognome</th>[\n]"
11:45:32.299 [Test worker] DEBUG org.apache.http.wire - http-outgoing-8 << "        <th>Data Ricovero</th>[\n]"
11:45:32.299 [Test worker] DEBUG org.apache.http.wire - http-outgoing-8 << "        <th>Data Dimissione</th>[\n]"
11:45:32.299 [Test worker] DEBUG org.apache.http.wire - http-outgoing-8 << "        <th>Cartella</th>[\n]"
11:45:32.299 [Test worker] DEBUG org.apache.http.wire - http-outgoing-8 << "        <th>Modifica</th>[\n]"
11:45:32.299 [Test worker] DEBUG org.apache.http.wire - http-outgoing-8 << "        <th>Cancella</th>[\n]"
11:45:32.299 [Test worker] DEBUG org.apache.http.wire - http-outgoing-8 << "        <th>Stampa</th>[\n]"
11:45:32.299 [Test worker] DEBUG org.apache.http.wire - http-outgoing-8 << "    </tr>[\n]"
11:45:32.299 [Test worker] DEBUG org.apache.http.wire - http-outgoing-8 << "    </thead>[\n]"
11:45:32.299 [Test worker] DEBUG org.apache.http.wire - http-outgoing-8 << "    <tbody>[\n]"
11:45:32.299 [Test worker] DEBUG org.apache.http.wire - http-outgoing-8 << "    <tr>[\n]"
11:45:32.299 [Test worker] DEBUG org.apache.http.wire - http-outgoing-8 << "        <td id="idDischarged">1</td>[\n]"
11:45:32.299 [Test worker] DEBUG org.apache.http.wire - http-outgoing-8 << "        <td style="text-align:center;">Michele</td>[\n]"
11:45:32.299 [Test worker] DEBUG org.apache.http.wire - http-outgoing-8 << "        <td id='lastNameDischarged' style="text-align:center;">Bianchi</td>[\n]"
11:45:32.299 [Test worker] DEBUG org.apache.http.wire - http-outgoing-8 << "        <td style="text-align:center;">11/06/1993</td>[\n]"
11:45:32.299 [Test worker] DEBUG org.apache.http.wire - http-outgoing-8 << "        <td style="text-align:center;">21/01/2021</td>[\n]"
11:45:32.299 [Test worker] DEBUG org.apache.http.wire - http-outgoing-8 << "        <td> <a href="cartella?id=1" style="text-align:center;"> Cartella </a></td>[\n]"
11:45:32.299 [Test worker] DEBUG org.apache.http.wire - http-outgoing-8 << "        <td> <a id="modificaDischarged" style="text-align:center; cursor:not-allowed; pointer-events:none; color:grey;"> Modifica </a></td>[\n]"
11:45:32.299 [Test worker] DEBUG org.apache.http.wire - http-outgoing-8 << "        <td> <a id="cancellaDischarged" style="text-align:center; cursor:not-allowed; pointer-events:none; color:grey;"> Cancella </a></td>[\n]"
11:45:32.299 [Test worker] DEBUG org.apache.http.wire - http-outgoing-8 << "        <td><button><a href="print?id=1" style="text-align:center;text-decoration:none;"> Stampa scheda </a></button></td>[\n]"
11:45:32.300 [Test worker] DEBUG org.apache.http.wire - http-outgoing-8 << "    </tr>[\n]"
11:45:32.300 [Test worker] DEBUG org.apache.http.wire - http-outgoing-8 << "    </tbody>[\n]"
11:45:32.300 [Test worker] DEBUG org.apache.http.wire - http-outgoing-8 << "</table>[\n]"
11:45:32.300 [Test worker] DEBUG org.apache.http.wire - http-outgoing-8 << "<br>[\n]"
11:45:32.300 [Test worker] DEBUG org.apache.http.wire - http-outgoing-8 << "<button><a href="input" style="text-decoration:none;">Registra un paziente</a></button>[\n]"
11:45:32.300 [Test worker] DEBUG org.apache.http.wire - http-outgoing-8 << "<br>[\n]"
11:45:32.300 [Test worker] DEBUG org.apache.http.wire - http-outgoing-8 << "<br>[\n]"
11:45:32.300 [Test worker] DEBUG org.apache.http.wire - http-outgoing-8 << "[\n]"
11:45:32.300 [Test worker] DEBUG org.apache.http.wire - http-outgoing-8 << "<form action="search" method="post">[\n]"
11:45:32.300 [Test worker] DEBUG org.apache.http.wire - http-outgoing-8 << "    Cognome Paziente: <input type="text" name="lastName"/>[\n]"
11:45:32.300 [Test worker] DEBUG org.apache.http.wire - http-outgoing-8 << "    <input type="submit" value="Cerca"/>[\n]"
11:45:32.300 [Test worker] DEBUG org.apache.http.wire - http-outgoing-8 << "</form>[\n]"
11:45:32.300 [Test worker] DEBUG org.apache.http.wire - http-outgoing-8 << "</body>[\n]"
11:45:32.300 [Test worker] DEBUG org.apache.http.wire - http-outgoing-8 << "</html>[\r][\n]"
11:45:32.300 [Test worker] DEBUG org.apache.http.headers - http-outgoing-8 << HTTP/1.1 200 
11:45:32.300 [Test worker] DEBUG org.apache.http.headers - http-outgoing-8 << Content-Type: text/html;charset=UTF-8
11:45:32.300 [Test worker] DEBUG org.apache.http.headers - http-outgoing-8 << Content-Language: en-US
11:45:32.300 [Test worker] DEBUG org.apache.http.headers - http-outgoing-8 << Transfer-Encoding: chunked
11:45:32.300 [Test worker] DEBUG org.apache.http.headers - http-outgoing-8 << Date: Thu, 21 Jan 2021 10:45:31 GMT
11:45:32.300 [Test worker] DEBUG org.apache.http.headers - http-outgoing-8 << Keep-Alive: timeout=60
11:45:32.300 [Test worker] DEBUG org.apache.http.headers - http-outgoing-8 << Connection: keep-alive
11:45:32.300 [Test worker] DEBUG org.apache.http.impl.execchain.MainClientExec - Connection can be kept alive for 60000 MILLISECONDS
11:45:32.300 [Test worker] DEBUG org.apache.http.wire - http-outgoing-8 << "0[\r][\n]"
11:45:32.300 [Test worker] DEBUG org.apache.http.wire - http-outgoing-8 << "[\r][\n]"
11:45:32.300 [Test worker] DEBUG org.apache.http.impl.conn.PoolingHttpClientConnectionManager - Connection [id: 8][route: {}->http://127.0.0.1:8080] can be kept alive for 60.0 seconds
11:45:32.301 [Test worker] DEBUG org.apache.http.impl.conn.DefaultManagedHttpClientConnection - http-outgoing-8: set socket timeout to 0
11:45:32.301 [Test worker] DEBUG org.apache.http.impl.conn.PoolingHttpClientConnectionManager - Connection released: [id: 8][route: {}->http://127.0.0.1:8080][total available: 1; route allocated: 1 of 6; total allocated: 1 of 20]
11:45:32.301 [Test worker] DEBUG com.gargoylesoftware.htmlunit.html.DomElement - Firing Event unload (Current Target: HTMLElement for HtmlHtml[<html>]);
11:45:32.301 [Test worker] DEBUG com.gargoylesoftware.htmlunit.WebWindowImpl - setEnclosedPage: HtmlPage(http://127.0.0.1:8080/list)@701338696
11:45:32.301 [Test worker] DEBUG com.gargoylesoftware.htmlunit.WebWindowImpl - destroyChildren
11:45:32.306 [Test worker] DEBUG com.gargoylesoftware.htmlunit.util.EncodingSniffer - Encoding found in HTTP headers: 'UTF-8'.
11:45:32.309 [Test worker] DEBUG net.sourceforge.jwebunit.htmlunit.HtmlUnitTestingEngineImpl - Window "" changed : "MVC Web application" became "MVC Web application
11:45:32.309 [Test worker] DEBUG com.gargoylesoftware.htmlunit.html.DomElement - Firing Event DOMContentLoaded (Current Target: HTMLElement for HtmlHtml[<html>]);
11:45:32.309 [Test worker] DEBUG com.gargoylesoftware.htmlunit.html.DomElement - Firing Event load (Current Target: HTMLElement for HtmlHtml[<html>]);
11:45:32.310 [Test worker] DEBUG com.gargoylesoftware.htmlunit.WebClient - Get page for window named '', using WebRequest[<url="http://127.0.0.1:8080/list", GET, EncodingType[name=application/x-www-form-urlencoded], [], {Accept=text/html,application/xhtml+xml,application/xml;q=0.9,*/*;q=0.8, Accept-Encoding=gzip, deflate}, null>]
11:45:32.310 [Test worker] DEBUG com.gargoylesoftware.htmlunit.WebClient - Load response for GET http://127.0.0.1:8080/list
11:45:32.311 [Test worker] DEBUG org.apache.http.client.protocol.RequestAddCookies - CookieSpec selected: mine
11:45:32.311 [Test worker] DEBUG org.apache.http.client.protocol.RequestAuthCache - Auth cache not set in the context
11:45:32.311 [Test worker] DEBUG org.apache.http.impl.conn.PoolingHttpClientConnectionManager - Connection request: [route: {}->http://127.0.0.1:8080][total available: 0; route allocated: 0 of 6; total allocated: 0 of 20]
11:45:32.312 [Test worker] DEBUG org.apache.http.impl.conn.PoolingHttpClientConnectionManager - Connection leased: [id: 9][route: {}->http://127.0.0.1:8080][total available: 0; route allocated: 1 of 6; total allocated: 1 of 20]
11:45:32.312 [Test worker] DEBUG org.apache.http.impl.execchain.MainClientExec - Opening connection {}->http://127.0.0.1:8080
11:45:32.312 [Test worker] DEBUG org.apache.http.impl.conn.DefaultHttpClientConnectionOperator - Connecting to /127.0.0.1:8080
11:45:32.312 [Test worker] DEBUG org.apache.http.impl.conn.DefaultHttpClientConnectionOperator - Connection established 127.0.0.1:53838<->127.0.0.1:8080
11:45:32.312 [Test worker] DEBUG org.apache.http.impl.conn.DefaultManagedHttpClientConnection - http-outgoing-9: set socket timeout to 0
11:45:32.312 [Test worker] DEBUG org.apache.http.impl.execchain.MainClientExec - Executing request GET /list HTTP/1.1
11:45:32.312 [Test worker] DEBUG org.apache.http.impl.execchain.MainClientExec - Target auth state: UNCHALLENGED
11:45:32.312 [Test worker] DEBUG org.apache.http.impl.execchain.MainClientExec - Proxy auth state: UNCHALLENGED
11:45:32.312 [Test worker] DEBUG org.apache.http.headers - http-outgoing-9 >> GET /list HTTP/1.1
11:45:32.312 [Test worker] DEBUG org.apache.http.headers - http-outgoing-9 >> Host: 127.0.0.1:8080
11:45:32.312 [Test worker] DEBUG org.apache.http.headers - http-outgoing-9 >> User-Agent: Mozilla/5.0 (Windows NT 6.1; rv:38.0) Gecko/20100101 Firefox/38.0
11:45:32.312 [Test worker] DEBUG org.apache.http.headers - http-outgoing-9 >> Accept: text/html,application/xhtml+xml,application/xml;q=0.9,*/*;q=0.8
11:45:32.312 [Test worker] DEBUG org.apache.http.headers - http-outgoing-9 >> Accept-Language: en-US
11:45:32.312 [Test worker] DEBUG org.apache.http.headers - http-outgoing-9 >> Accept-Encoding: gzip, deflate
11:45:32.312 [Test worker] DEBUG org.apache.http.headers - http-outgoing-9 >> Connection: Keep-Alive
11:45:32.313 [Test worker] DEBUG org.apache.http.wire - http-outgoing-9 >> "GET /list HTTP/1.1[\r][\n]"
11:45:32.313 [Test worker] DEBUG org.apache.http.wire - http-outgoing-9 >> "Host: 127.0.0.1:8080[\r][\n]"
11:45:32.313 [Test worker] DEBUG org.apache.http.wire - http-outgoing-9 >> "User-Agent: Mozilla/5.0 (Windows NT 6.1; rv:38.0) Gecko/20100101 Firefox/38.0[\r][\n]"
11:45:32.313 [Test worker] DEBUG org.apache.http.wire - http-outgoing-9 >> "Accept: text/html,application/xhtml+xml,application/xml;q=0.9,*/*;q=0.8[\r][\n]"
11:45:32.313 [Test worker] DEBUG org.apache.http.wire - http-outgoing-9 >> "Accept-Language: en-US[\r][\n]"
11:45:32.313 [Test worker] DEBUG org.apache.http.wire - http-outgoing-9 >> "Accept-Encoding: gzip, deflate[\r][\n]"
11:45:32.313 [Test worker] DEBUG org.apache.http.wire - http-outgoing-9 >> "Connection: Keep-Alive[\r][\n]"
11:45:32.313 [Test worker] DEBUG org.apache.http.wire - http-outgoing-9 >> "[\r][\n]"
11:45:32.319 [Test worker] DEBUG org.apache.http.wire - http-outgoing-9 << "HTTP/1.1 200 [\r][\n]"
11:45:32.319 [Test worker] DEBUG org.apache.http.wire - http-outgoing-9 << "Content-Type: text/html;charset=UTF-8[\r][\n]"
11:45:32.319 [Test worker] DEBUG org.apache.http.wire - http-outgoing-9 << "Content-Language: en-US[\r][\n]"
11:45:32.319 [Test worker] DEBUG org.apache.http.wire - http-outgoing-9 << "Transfer-Encoding: chunked[\r][\n]"
11:45:32.320 [Test worker] DEBUG org.apache.http.wire - http-outgoing-9 << "Date: Thu, 21 Jan 2021 10:45:31 GMT[\r][\n]"
11:45:32.320 [Test worker] DEBUG org.apache.http.wire - http-outgoing-9 << "Keep-Alive: timeout=60[\r][\n]"
11:45:32.320 [Test worker] DEBUG org.apache.http.wire - http-outgoing-9 << "Connection: keep-alive[\r][\n]"
11:45:32.320 [Test worker] DEBUG org.apache.http.wire - http-outgoing-9 << "[\r][\n]"
11:45:32.320 [Test worker] DEBUG org.apache.http.wire - http-outgoing-9 << "af1[\r][\n]"
11:45:32.320 [Test worker] DEBUG org.apache.http.wire - http-outgoing-9 << "<!DOCTYPE HTML>[\n]"
11:45:32.320 [Test worker] DEBUG org.apache.http.wire - http-outgoing-9 << "<html>[\n]"
11:45:32.320 [Test worker] DEBUG org.apache.http.wire - http-outgoing-9 << "<head>[\n]"
11:45:32.320 [Test worker] DEBUG org.apache.http.wire - http-outgoing-9 << "    <title>MVC Web application</title>[\n]"
11:45:32.320 [Test worker] DEBUG org.apache.http.wire - http-outgoing-9 << "    <meta http-equiv="Content-Type" content="text/html; charset=UTF-8" />[\n]"
11:45:32.320 [Test worker] DEBUG org.apache.http.wire - http-outgoing-9 << "</head>[\n]"
11:45:32.320 [Test worker] DEBUG org.apache.http.wire - http-outgoing-9 << "[\n]"
11:45:32.320 [Test worker] DEBUG org.apache.http.wire - http-outgoing-9 << "<body>[\n]"
11:45:32.320 [Test worker] DEBUG org.apache.http.wire - http-outgoing-9 << "<h1>Pazienti Ricoverati</h1>[\n]"
11:45:32.320 [Test worker] DEBUG org.apache.http.wire - http-outgoing-9 << "[\n]"
11:45:32.320 [Test worker] DEBUG org.apache.http.wire - http-outgoing-9 << "<table border="1" id="present" name="present">[\n]"
11:45:32.320 [Test worker] DEBUG org.apache.http.wire - http-outgoing-9 << "    <thead>[\n]"
11:45:32.320 [Test worker] DEBUG org.apache.http.wire - http-outgoing-9 << "    <tr>[\n]"
11:45:32.320 [Test worker] DEBUG org.apache.http.wire - http-outgoing-9 << "        <th>Id</th>[\n]"
11:45:32.320 [Test worker] DEBUG org.apache.http.wire - http-outgoing-9 << "        <th>Nome</th>[\n]"
11:45:32.320 [Test worker] DEBUG org.apache.http.wire - http-outgoing-9 << "        <th>Cognome</th>[\n]"
11:45:32.320 [Test worker] DEBUG org.apache.http.wire - http-outgoing-9 << "        <th>Data ricovero</th>[\n]"
11:45:32.320 [Test worker] DEBUG org.apache.http.wire - http-outgoing-9 << "        <th>Data dimissione</th>[\n]"
11:45:32.320 [Test worker] DEBUG org.apache.http.wire - http-outgoing-9 << "        <th>Mostra</th>[\n]"
11:45:32.320 [Test worker] DEBUG org.apache.http.wire - http-outgoing-9 << "        <th>Modifica</th>[\n]"
11:45:32.320 [Test worker] DEBUG org.apache.http.wire - http-outgoing-9 << "        <th>Dimetti</th>[\n]"
11:45:32.320 [Test worker] DEBUG org.apache.http.wire - http-outgoing-9 << "        <th>Cancella</th>[\n]"
11:45:32.320 [Test worker] DEBUG org.apache.http.wire - http-outgoing-9 << "        <th>Stampa</th>[\n]"
11:45:32.320 [Test worker] DEBUG org.apache.http.wire - http-outgoing-9 << "    </tr>[\n]"
11:45:32.320 [Test worker] DEBUG org.apache.http.wire - http-outgoing-9 << "    </thead>[\n]"
11:45:32.320 [Test worker] DEBUG org.apache.http.wire - http-outgoing-9 << "    <tbody>[\n]"
11:45:32.320 [Test worker] DEBUG org.apache.http.wire - http-outgoing-9 << "        <tr>[\n]"
11:45:32.320 [Test worker] DEBUG org.apache.http.wire - http-outgoing-9 << "            <td id="id">8</td>[\n]"
11:45:32.320 [Test worker] DEBUG org.apache.http.wire - http-outgoing-9 << "            <td style="text-align:center;">Michele</td>[\n]"
11:45:32.320 [Test worker] DEBUG org.apache.http.wire - http-outgoing-9 << "            <td id='lastName' style="text-align:center;">Bianchi</td>[\n]"
11:45:32.320 [Test worker] DEBUG org.apache.http.wire - http-outgoing-9 << "            <td style="text-align:center;">11/06/1993</td>[\n]"
11:45:32.320 [Test worker] DEBUG org.apache.http.wire - http-outgoing-9 << "            <td style="text-align:center;"></td>[\n]"
11:45:32.320 [Test worker] DEBUG org.apache.http.wire - http-outgoing-9 << "            <td> <a href="cartella?id=8" style="text-align:center;"> Cartella </a></td>[\n]"
11:45:32.320 [Test worker] DEBUG org.apache.http.wire - http-outgoing-9 << "            <td> <a href="edit?id=8" id="modifica" style="text-align:center;"> Modifica </a></td>[\n]"
11:45:32.320 [Test worker] DEBUG org.apache.http.wire - http-outgoing-9 << "            <td> <a href="dimetti?id=8" style="text-align:center;"> Dimetti </a></td>[\n]"
11:45:32.320 [Test worker] DEBUG org.apache.http.wire - http-outgoing-9 << "            <td> <a href="delete?id=8" id="cancella" style="text-align:center;"> Cancella </a></td>[\n]"
11:45:32.320 [Test worker] DEBUG org.apache.http.wire - http-outgoing-9 << "            <td><button><a href="print?id=8" style="text-align:center;text-decoration:none;"> Stampa scheda </a></button></td>[\n]"
11:45:32.320 [Test worker] DEBUG org.apache.http.wire - http-outgoing-9 << "        </tr>[\n]"
11:45:32.320 [Test worker] DEBUG org.apache.http.wire - http-outgoing-9 << "        </tbody>[\n]"
11:45:32.320 [Test worker] DEBUG org.apache.http.wire - http-outgoing-9 << "</table>[\n]"
11:45:32.320 [Test worker] DEBUG org.apache.http.wire - http-outgoing-9 << "[\n]"
11:45:32.320 [Test worker] DEBUG org.apache.http.wire - http-outgoing-9 << "<h1>Pazienti Dimessi</h1>[\n]"
11:45:32.320 [Test worker] DEBUG org.apache.http.wire - http-outgoing-9 << "<table border="1" id="discharged" name="discharged">[\n]"
11:45:32.321 [Test worker] DEBUG org.apache.http.wire - http-outgoing-9 << "    <thead>[\n]"
11:45:32.321 [Test worker] DEBUG org.apache.http.wire - http-outgoing-9 << "    <tr>[\n]"
11:45:32.321 [Test worker] DEBUG org.apache.http.wire - http-outgoing-9 << "        <th>Id</th>[\n]"
11:45:32.321 [Test worker] DEBUG org.apache.http.wire - http-outgoing-9 << "        <th>Nome</th>[\n]"
11:45:32.321 [Test worker] DEBUG org.apache.http.wire - http-outgoing-9 << "        <th>Cognome</th>[\n]"
11:45:32.321 [Test worker] DEBUG org.apache.http.wire - http-outgoing-9 << "        <th>Data Ricovero</th>[\n]"
11:45:32.321 [Test worker] DEBUG org.apache.http.wire - http-outgoing-9 << "        <th>Data Dimissione</th>[\n]"
11:45:32.321 [Test worker] DEBUG org.apache.http.wire - http-outgoing-9 << "        <th>Cartella</th>[\n]"
11:45:32.321 [Test worker] DEBUG org.apache.http.wire - http-outgoing-9 << "        <th>Modifica</th>[\n]"
11:45:32.321 [Test worker] DEBUG org.apache.http.wire - http-outgoing-9 << "        <th>Cancella</th>[\n]"
11:45:32.321 [Test worker] DEBUG org.apache.http.wire - http-outgoing-9 << "        <th>Stampa</th>[\n]"
11:45:32.321 [Test worker] DEBUG org.apache.http.wire - http-outgoing-9 << "    </tr>[\n]"
11:45:32.321 [Test worker] DEBUG org.apache.http.wire - http-outgoing-9 << "    </thead>[\n]"
11:45:32.321 [Test worker] DEBUG org.apache.http.wire - http-outgoing-9 << "    <tbody>[\n]"
11:45:32.321 [Test worker] DEBUG org.apache.http.wire - http-outgoing-9 << "    <tr>[\n]"
11:45:32.321 [Test worker] DEBUG org.apache.http.wire - http-outgoing-9 << "        <td id="idDischarged">1</td>[\n]"
11:45:32.321 [Test worker] DEBUG org.apache.http.wire - http-outgoing-9 << "        <td style="text-align:center;">Michele</td>[\n]"
11:45:32.321 [Test worker] DEBUG org.apache.http.wire - http-outgoing-9 << "        <td id='lastNameDischarged' style="text-align:center;">Bianchi</td>[\n]"
11:45:32.321 [Test worker] DEBUG org.apache.http.wire - http-outgoing-9 << "        <td style="text-align:center;">11/06/1993</td>[\n]"
11:45:32.321 [Test worker] DEBUG org.apache.http.wire - http-outgoing-9 << "        <td style="text-align:center;">21/01/2021</td>[\n]"
11:45:32.321 [Test worker] DEBUG org.apache.http.wire - http-outgoing-9 << "        <td> <a href="cartella?id=1" style="text-align:center;"> Cartella </a></td>[\n]"
11:45:32.321 [Test worker] DEBUG org.apache.http.wire - http-outgoing-9 << "        <td> <a id="modificaDischarged" style="text-align:center; cursor:not-allowed; pointer-events:none; color:grey;"> Modifica </a></td>[\n]"
11:45:32.321 [Test worker] DEBUG org.apache.http.wire - http-outgoing-9 << "        <td> <a id="cancellaDischarged" style="text-align:center; cursor:not-allowed; pointer-events:none; color:grey;"> Cancella </a></td>[\n]"
11:45:32.321 [Test worker] DEBUG org.apache.http.wire - http-outgoing-9 << "        <td><button><a href="print?id=1" style="text-align:center;text-decoration:none;"> Stampa scheda </a></button></td>[\n]"
11:45:32.321 [Test worker] DEBUG org.apache.http.wire - http-outgoing-9 << "    </tr>[\n]"
11:45:32.321 [Test worker] DEBUG org.apache.http.wire - http-outgoing-9 << "    </tbody>[\n]"
11:45:32.321 [Test worker] DEBUG org.apache.http.wire - http-outgoing-9 << "</table>[\n]"
11:45:32.321 [Test worker] DEBUG org.apache.http.wire - http-outgoing-9 << "<br>[\n]"
11:45:32.321 [Test worker] DEBUG org.apache.http.wire - http-outgoing-9 << "<button><a href="input" style="text-decoration:none;">Registra un paziente</a></button>[\n]"
11:45:32.321 [Test worker] DEBUG org.apache.http.wire - http-outgoing-9 << "<br>[\n]"
11:45:32.321 [Test worker] DEBUG org.apache.http.wire - http-outgoing-9 << "<br>[\n]"
11:45:32.321 [Test worker] DEBUG org.apache.http.wire - http-outgoing-9 << "[\n]"
11:45:32.321 [Test worker] DEBUG org.apache.http.wire - http-outgoing-9 << "<form action="search" method="post">[\n]"
11:45:32.322 [Test worker] DEBUG org.apache.http.wire - http-outgoing-9 << "    Cognome Paziente: <input type="text" name="lastName"/>[\n]"
11:45:32.322 [Test worker] DEBUG org.apache.http.wire - http-outgoing-9 << "    <input type="submit" value="Cerca"/>[\n]"
11:45:32.322 [Test worker] DEBUG org.apache.http.wire - http-outgoing-9 << "</form>[\n]"
11:45:32.322 [Test worker] DEBUG org.apache.http.wire - http-outgoing-9 << "</body>[\n]"
11:45:32.322 [Test worker] DEBUG org.apache.http.wire - http-outgoing-9 << "</html>[\r][\n]"
11:45:32.322 [Test worker] DEBUG org.apache.http.headers - http-outgoing-9 << HTTP/1.1 200 
11:45:32.322 [Test worker] DEBUG org.apache.http.headers - http-outgoing-9 << Content-Type: text/html;charset=UTF-8
11:45:32.322 [Test worker] DEBUG org.apache.http.headers - http-outgoing-9 << Content-Language: en-US
11:45:32.322 [Test worker] DEBUG org.apache.http.headers - http-outgoing-9 << Transfer-Encoding: chunked
11:45:32.322 [Test worker] DEBUG org.apache.http.headers - http-outgoing-9 << Date: Thu, 21 Jan 2021 10:45:31 GMT
11:45:32.322 [Test worker] DEBUG org.apache.http.headers - http-outgoing-9 << Keep-Alive: timeout=60
11:45:32.322 [Test worker] DEBUG org.apache.http.headers - http-outgoing-9 << Connection: keep-alive
11:45:32.322 [Test worker] DEBUG org.apache.http.impl.execchain.MainClientExec - Connection can be kept alive for 60000 MILLISECONDS
11:45:32.322 [Test worker] DEBUG org.apache.http.wire - http-outgoing-9 << "0[\r][\n]"
11:45:32.322 [Test worker] DEBUG org.apache.http.wire - http-outgoing-9 << "[\r][\n]"
11:45:32.322 [Test worker] DEBUG org.apache.http.impl.conn.PoolingHttpClientConnectionManager - Connection [id: 9][route: {}->http://127.0.0.1:8080] can be kept alive for 60.0 seconds
11:45:32.322 [Test worker] DEBUG org.apache.http.impl.conn.DefaultManagedHttpClientConnection - http-outgoing-9: set socket timeout to 0
11:45:32.322 [Test worker] DEBUG org.apache.http.impl.conn.PoolingHttpClientConnectionManager - Connection released: [id: 9][route: {}->http://127.0.0.1:8080][total available: 1; route allocated: 1 of 6; total allocated: 1 of 20]
11:45:32.322 [Test worker] DEBUG com.gargoylesoftware.htmlunit.WebWindowImpl - setEnclosedPage: HtmlPage(http://127.0.0.1:8080/list)@1066162657
11:45:32.322 [Test worker] DEBUG com.gargoylesoftware.htmlunit.WebWindowImpl - destroyChildren
11:45:32.329 [Test worker] DEBUG com.gargoylesoftware.htmlunit.util.EncodingSniffer - Encoding found in HTTP headers: 'UTF-8'.
11:45:32.331 [Test worker] DEBUG net.sourceforge.jwebunit.htmlunit.HtmlUnitTestingEngineImpl - Window "" changed : "no_html" became "MVC Web application
11:45:32.332 [Test worker] DEBUG com.gargoylesoftware.htmlunit.html.DomElement - Firing Event DOMContentLoaded (Current Target: HTMLElement for HtmlHtml[<html>]);
11:45:32.332 [Test worker] DEBUG com.gargoylesoftware.htmlunit.html.DomElement - Firing Event load (Current Target: HTMLElement for HtmlHtml[<html>]);
11:45:32.333 [Test worker] DEBUG com.gargoylesoftware.htmlunit.html.DomElement - Firing Event mousedown (Current Target: HTMLElement for HtmlAnchor[<a href="edit?id=8" id="modifica" style="text-align:center;">]);
11:45:32.333 [Test worker] DEBUG com.gargoylesoftware.htmlunit.html.DomElement - Firing Event focus (Current Target: HTMLElement for HtmlAnchor[<a href="edit?id=8" id="modifica" style="text-align:center;">]);
11:45:32.333 [Test worker] DEBUG com.gargoylesoftware.htmlunit.html.DomElement - Firing Event mouseup (Current Target: HTMLElement for HtmlAnchor[<a href="edit?id=8" id="modifica" style="text-align:center;">]);
11:45:32.333 [Test worker] DEBUG com.gargoylesoftware.htmlunit.html.DomElement - Firing Event click (Current Target: HTMLElement for HtmlAnchor[<a href="edit?id=8" id="modifica" style="text-align:center;">]);
11:45:32.334 [Test worker] DEBUG com.gargoylesoftware.htmlunit.html.HtmlAnchor - do click action in window '', using href 'edit?id=8'
11:45:32.334 [Test worker] DEBUG com.gargoylesoftware.htmlunit.util.EncodingSniffer - Encoding found in HTTP headers: 'UTF-8'.
11:45:32.334 [Test worker] DEBUG com.gargoylesoftware.htmlunit.html.HtmlAnchor - Getting page for http://127.0.0.1:8080/edit?id=8, derived from href 'edit?id=8', using the originating URL http://127.0.0.1:8080/list
11:45:32.334 [Test worker] DEBUG com.gargoylesoftware.htmlunit.html.DomElement - Firing Event beforeunload (Current Target: HTMLElement for HtmlHtml[<html>]);
11:45:32.334 [Test worker] DEBUG com.gargoylesoftware.htmlunit.WebClient - Load response for GET http://127.0.0.1:8080/edit?id=8
11:45:32.335 [Test worker] DEBUG org.apache.http.client.protocol.RequestAddCookies - CookieSpec selected: mine
11:45:32.335 [Test worker] DEBUG org.apache.http.client.protocol.RequestAuthCache - Auth cache not set in the context
11:45:32.335 [Test worker] DEBUG org.apache.http.impl.conn.PoolingHttpClientConnectionManager - Connection request: [route: {}->http://127.0.0.1:8080][total available: 1; route allocated: 1 of 6; total allocated: 1 of 20]
11:45:32.335 [Test worker] DEBUG org.apache.http.impl.conn.PoolingHttpClientConnectionManager - Connection leased: [id: 9][route: {}->http://127.0.0.1:8080][total available: 0; route allocated: 1 of 6; total allocated: 1 of 20]
11:45:32.335 [Test worker] DEBUG org.apache.http.impl.conn.DefaultManagedHttpClientConnection - http-outgoing-9: set socket timeout to 0
11:45:32.335 [Test worker] DEBUG org.apache.http.impl.conn.DefaultManagedHttpClientConnection - http-outgoing-9: set socket timeout to 0
11:45:32.335 [Test worker] DEBUG org.apache.http.impl.execchain.MainClientExec - Executing request GET /edit?id=8 HTTP/1.1
11:45:32.335 [Test worker] DEBUG org.apache.http.impl.execchain.MainClientExec - Target auth state: UNCHALLENGED
11:45:32.336 [Test worker] DEBUG org.apache.http.impl.execchain.MainClientExec - Proxy auth state: UNCHALLENGED
11:45:32.336 [Test worker] DEBUG org.apache.http.headers - http-outgoing-9 >> GET /edit?id=8 HTTP/1.1
11:45:32.336 [Test worker] DEBUG org.apache.http.headers - http-outgoing-9 >> Host: 127.0.0.1:8080
11:45:32.336 [Test worker] DEBUG org.apache.http.headers - http-outgoing-9 >> User-Agent: Mozilla/5.0 (Windows NT 6.1; rv:38.0) Gecko/20100101 Firefox/38.0
11:45:32.336 [Test worker] DEBUG org.apache.http.headers - http-outgoing-9 >> Accept: text/html,application/xhtml+xml,application/xml;q=0.9,*/*;q=0.8
11:45:32.336 [Test worker] DEBUG org.apache.http.headers - http-outgoing-9 >> Accept-Language: en-US
11:45:32.336 [Test worker] DEBUG org.apache.http.headers - http-outgoing-9 >> Accept-Encoding: gzip, deflate
11:45:32.336 [Test worker] DEBUG org.apache.http.headers - http-outgoing-9 >> Referer: http://127.0.0.1:8080/list
11:45:32.336 [Test worker] DEBUG org.apache.http.headers - http-outgoing-9 >> Connection: Keep-Alive
11:45:32.336 [Test worker] DEBUG org.apache.http.wire - http-outgoing-9 >> "GET /edit?id=8 HTTP/1.1[\r][\n]"
11:45:32.336 [Test worker] DEBUG org.apache.http.wire - http-outgoing-9 >> "Host: 127.0.0.1:8080[\r][\n]"
11:45:32.336 [Test worker] DEBUG org.apache.http.wire - http-outgoing-9 >> "User-Agent: Mozilla/5.0 (Windows NT 6.1; rv:38.0) Gecko/20100101 Firefox/38.0[\r][\n]"
11:45:32.336 [Test worker] DEBUG org.apache.http.wire - http-outgoing-9 >> "Accept: text/html,application/xhtml+xml,application/xml;q=0.9,*/*;q=0.8[\r][\n]"
11:45:32.336 [Test worker] DEBUG org.apache.http.wire - http-outgoing-9 >> "Accept-Language: en-US[\r][\n]"
11:45:32.336 [Test worker] DEBUG org.apache.http.wire - http-outgoing-9 >> "Accept-Encoding: gzip, deflate[\r][\n]"
11:45:32.336 [Test worker] DEBUG org.apache.http.wire - http-outgoing-9 >> "Referer: http://127.0.0.1:8080/list[\r][\n]"
11:45:32.336 [Test worker] DEBUG org.apache.http.wire - http-outgoing-9 >> "Connection: Keep-Alive[\r][\n]"
11:45:32.336 [Test worker] DEBUG org.apache.http.wire - http-outgoing-9 >> "[\r][\n]"
11:45:32.342 [Test worker] DEBUG org.apache.http.wire - http-outgoing-9 << "HTTP/1.1 200 [\r][\n]"
11:45:32.342 [Test worker] DEBUG org.apache.http.wire - http-outgoing-9 << "Content-Type: text/html;charset=UTF-8[\r][\n]"
11:45:32.342 [Test worker] DEBUG org.apache.http.wire - http-outgoing-9 << "Content-Language: en-US[\r][\n]"
11:45:32.342 [Test worker] DEBUG org.apache.http.wire - http-outgoing-9 << "Transfer-Encoding: chunked[\r][\n]"
11:45:32.342 [Test worker] DEBUG org.apache.http.wire - http-outgoing-9 << "Date: Thu, 21 Jan 2021 10:45:31 GMT[\r][\n]"
11:45:32.342 [Test worker] DEBUG org.apache.http.wire - http-outgoing-9 << "Keep-Alive: timeout=60[\r][\n]"
11:45:32.342 [Test worker] DEBUG org.apache.http.wire - http-outgoing-9 << "Connection: keep-alive[\r][\n]"
11:45:32.342 [Test worker] DEBUG org.apache.http.wire - http-outgoing-9 << "[\r][\n]"
11:45:32.342 [Test worker] DEBUG org.apache.http.wire - http-outgoing-9 << "4f7[\r][\n]"
11:45:32.342 [Test worker] DEBUG org.apache.http.wire - http-outgoing-9 << "<!DOCTYPE HTML>[\n]"
11:45:32.342 [Test worker] DEBUG org.apache.http.wire - http-outgoing-9 << "<html>[\n]"
11:45:32.342 [Test worker] DEBUG org.apache.http.wire - http-outgoing-9 << "<head>[\n]"
11:45:32.342 [Test worker] DEBUG org.apache.http.wire - http-outgoing-9 << "    <title>MVC Web application</title>[\n]"
11:45:32.343 [Test worker] DEBUG org.apache.http.wire - http-outgoing-9 << "    <meta http-equiv="Content-Type" content="text/html; charset=UTF-8" />[\n]"
11:45:32.343 [Test worker] DEBUG org.apache.http.wire - http-outgoing-9 << "</head>[\n]"
11:45:32.343 [Test worker] DEBUG org.apache.http.wire - http-outgoing-9 << "[\n]"
11:45:32.343 [Test worker] DEBUG org.apache.http.wire - http-outgoing-9 << "<body>[\n]"
11:45:32.343 [Test worker] DEBUG org.apache.http.wire - http-outgoing-9 << "<h1>Modifica Cartella Clinica</h1>[\n]"
11:45:32.343 [Test worker] DEBUG org.apache.http.wire - http-outgoing-9 << "[\n]"
11:45:32.343 [Test worker] DEBUG org.apache.http.wire - http-outgoing-9 << "<form action="update" method="post">[\n]"
11:45:32.343 [Test worker] DEBUG org.apache.http.wire - http-outgoing-9 << "    <input hidden value="8" name="id" id="id"/>[\n]"
11:45:32.343 [Test worker] DEBUG org.apache.http.wire - http-outgoing-9 << "    <table>[\n]"
11:45:32.343 [Test worker] DEBUG org.apache.http.wire - http-outgoing-9 << "        <tr>[\n]"
11:45:32.343 [Test worker] DEBUG org.apache.http.wire - http-outgoing-9 << "            <td>Nome</td>[\n]"
11:45:32.343 [Test worker] DEBUG org.apache.http.wire - http-outgoing-9 << "            <td><input type="text" name="firstName" value="Michele" required/></td>[\n]"
11:45:32.343 [Test worker] DEBUG org.apache.http.wire - http-outgoing-9 << "        </tr>[\n]"
11:45:32.343 [Test worker] DEBUG org.apache.http.wire - http-outgoing-9 << "        <tr>[\n]"
11:45:32.343 [Test worker] DEBUG org.apache.http.wire - http-outgoing-9 << "            <td>Cognome</td>[\n]"
11:45:32.343 [Test worker] DEBUG org.apache.http.wire - http-outgoing-9 << "            <td><input type="text" name="lastName" value="Bianchi" required/></td>[\n]"
11:45:32.343 [Test worker] DEBUG org.apache.http.wire - http-outgoing-9 << "        </tr>[\n]"
11:45:32.343 [Test worker] DEBUG org.apache.http.wire - http-outgoing-9 << "        <tr>[\n]"
11:45:32.343 [Test worker] DEBUG org.apache.http.wire - http-outgoing-9 << "            <td>Data ricorvero</td>[\n]"
11:45:32.343 [Test worker] DEBUG org.apache.http.wire - http-outgoing-9 << "            <td><input type="date" name="admissionDate" value="1993-06-11" style="text-align:center;" required/></td>[\n]"
11:45:32.343 [Test worker] DEBUG org.apache.http.wire - http-outgoing-9 << "        </tr>[\n]"
11:45:32.343 [Test worker] DEBUG org.apache.http.wire - http-outgoing-9 << "        <tr>[\n]"
11:45:32.343 [Test worker] DEBUG org.apache.http.wire - http-outgoing-9 << "            <td>Data dimissione</td>[\n]"
11:45:32.343 [Test worker] DEBUG org.apache.http.wire - http-outgoing-9 << "            <td><input type="date" name="dischargeDate" value="" style="text-align:center; "/></td>[\n]"
11:45:32.343 [Test worker] DEBUG org.apache.http.wire - http-outgoing-9 << "        </tr>[\n]"
11:45:32.343 [Test worker] DEBUG org.apache.http.wire - http-outgoing-9 << "        <tr>[\n]"
11:45:32.343 [Test worker] DEBUG org.apache.http.wire - http-outgoing-9 << "            <td>Faramaci</td>[\n]"
11:45:32.343 [Test worker] DEBUG org.apache.http.wire - http-outgoing-9 << "            <td><input type="text" name="drugs" value=""/></td>[\n]"
11:45:32.343 [Test worker] DEBUG org.apache.http.wire - http-outgoing-9 << "        </tr>[\n]"
11:45:32.343 [Test worker] DEBUG org.apache.http.wire - http-outgoing-9 << "        <tr>[\n]"
11:45:32.343 [Test worker] DEBUG org.apache.http.wire - http-outgoing-9 << "            <td>Prescrizione</td>[\n]"
11:45:32.343 [Test worker] DEBUG org.apache.http.wire - http-outgoing-9 << "            <td><input type="text" name="prescription" value=""/></td>[\n]"
11:45:32.343 [Test worker] DEBUG org.apache.http.wire - http-outgoing-9 << "        </tr>[\n]"
11:45:32.343 [Test worker] DEBUG org.apache.http.wire - http-outgoing-9 << "[\n]"
11:45:32.343 [Test worker] DEBUG org.apache.http.wire - http-outgoing-9 << "    </table>[\n]"
11:45:32.343 [Test worker] DEBUG org.apache.http.wire - http-outgoing-9 << "    <input type="submit" />[\n]"
11:45:32.343 [Test worker] DEBUG org.apache.http.wire - http-outgoing-9 << "</form>[\n]"
11:45:32.343 [Test worker] DEBUG org.apache.http.wire - http-outgoing-9 << "[\n]"
11:45:32.343 [Test worker] DEBUG org.apache.http.wire - http-outgoing-9 << "<a href="list"> Torna alla lista </a>[\n]"
11:45:32.343 [Test worker] DEBUG org.apache.http.wire - http-outgoing-9 << "[\n]"
11:45:32.343 [Test worker] DEBUG org.apache.http.wire - http-outgoing-9 << "</body>[\n]"
11:45:32.343 [Test worker] DEBUG org.apache.http.wire - http-outgoing-9 << "</html>[\r][\n]"
11:45:32.344 [Test worker] DEBUG org.apache.http.headers - http-outgoing-9 << HTTP/1.1 200 
11:45:32.344 [Test worker] DEBUG org.apache.http.headers - http-outgoing-9 << Content-Type: text/html;charset=UTF-8
11:45:32.344 [Test worker] DEBUG org.apache.http.headers - http-outgoing-9 << Content-Language: en-US
11:45:32.344 [Test worker] DEBUG org.apache.http.headers - http-outgoing-9 << Transfer-Encoding: chunked
11:45:32.344 [Test worker] DEBUG org.apache.http.headers - http-outgoing-9 << Date: Thu, 21 Jan 2021 10:45:31 GMT
11:45:32.344 [Test worker] DEBUG org.apache.http.headers - http-outgoing-9 << Keep-Alive: timeout=60
11:45:32.344 [Test worker] DEBUG org.apache.http.headers - http-outgoing-9 << Connection: keep-alive
11:45:32.344 [Test worker] DEBUG org.apache.http.impl.execchain.MainClientExec - Connection can be kept alive for 60000 MILLISECONDS
11:45:32.344 [Test worker] DEBUG org.apache.http.wire - http-outgoing-9 << "0[\r][\n]"
11:45:32.344 [Test worker] DEBUG org.apache.http.wire - http-outgoing-9 << "[\r][\n]"
11:45:32.344 [Test worker] DEBUG org.apache.http.impl.conn.PoolingHttpClientConnectionManager - Connection [id: 9][route: {}->http://127.0.0.1:8080] can be kept alive for 60.0 seconds
11:45:32.344 [Test worker] DEBUG org.apache.http.impl.conn.DefaultManagedHttpClientConnection - http-outgoing-9: set socket timeout to 0
11:45:32.344 [Test worker] DEBUG org.apache.http.impl.conn.PoolingHttpClientConnectionManager - Connection released: [id: 9][route: {}->http://127.0.0.1:8080][total available: 1; route allocated: 1 of 6; total allocated: 1 of 20]
11:45:32.344 [Test worker] DEBUG com.gargoylesoftware.htmlunit.html.DomElement - Firing Event unload (Current Target: HTMLElement for HtmlHtml[<html>]);
11:45:32.344 [Test worker] DEBUG com.gargoylesoftware.htmlunit.WebWindowImpl - setEnclosedPage: HtmlPage(http://127.0.0.1:8080/edit?id=8)@614566815
11:45:32.344 [Test worker] DEBUG com.gargoylesoftware.htmlunit.WebWindowImpl - destroyChildren
11:45:32.350 [Test worker] DEBUG com.gargoylesoftware.htmlunit.util.EncodingSniffer - Encoding found in HTTP headers: 'UTF-8'.
11:45:32.352 [Test worker] DEBUG net.sourceforge.jwebunit.htmlunit.HtmlUnitTestingEngineImpl - Window "" changed : "MVC Web application" became "MVC Web application
11:45:32.352 [Test worker] DEBUG com.gargoylesoftware.htmlunit.html.DomElement - Firing Event DOMContentLoaded (Current Target: HTMLElement for HtmlHtml[<html>]);
11:45:32.352 [Test worker] DEBUG com.gargoylesoftware.htmlunit.html.DomElement - Firing Event load (Current Target: HTMLElement for HtmlHtml[<html>]);
11:45:32.352 [Test worker] DEBUG com.gargoylesoftware.htmlunit.html.DomElement - Firing Event change (Current Target: HTMLElement for HtmlTextInput[<input type="text" name="drugs" value="Finasteride">]);
11:45:32.353 [Test worker] DEBUG com.gargoylesoftware.htmlunit.html.DomElement - Firing Event change (Current Target: HTMLElement for HtmlTextInput[<input type="text" name="prescription" value="2 volte al giorno">]);
11:45:32.353 [Test worker] DEBUG com.gargoylesoftware.htmlunit.html.DomElement - Firing Event mousedown (Current Target: HTMLElement for HtmlSubmitInput[<input type="submit">]);
11:45:32.353 [Test worker] DEBUG com.gargoylesoftware.htmlunit.html.DomElement - Firing Event focus (Current Target: HTMLElement for HtmlSubmitInput[<input type="submit">]);
11:45:32.353 [Test worker] DEBUG com.gargoylesoftware.htmlunit.html.DomElement - Firing Event mouseup (Current Target: HTMLElement for HtmlSubmitInput[<input type="submit">]);
11:45:32.353 [Test worker] DEBUG com.gargoylesoftware.htmlunit.html.DomElement - Firing Event click (Current Target: HTMLElement for HtmlSubmitInput[<input type="submit">]);
11:45:32.353 [Test worker] DEBUG com.gargoylesoftware.htmlunit.html.DomElement - Firing Event submit (Current Target: HTMLElement for HtmlForm[<form action="update" method="post">]);
11:45:32.353 [Test worker] DEBUG com.gargoylesoftware.htmlunit.util.EncodingSniffer - Encoding found in HTTP headers: 'UTF-8'.
11:45:32.353 [Test worker] DEBUG com.gargoylesoftware.htmlunit.WebClient - Load response for POST http://127.0.0.1:8080/update
11:45:32.354 [Test worker] DEBUG org.apache.http.client.protocol.RequestAddCookies - CookieSpec selected: mine
11:45:32.355 [Test worker] DEBUG org.apache.http.client.protocol.RequestAuthCache - Auth cache not set in the context
11:45:32.355 [Test worker] DEBUG org.apache.http.impl.conn.PoolingHttpClientConnectionManager - Connection request: [route: {}->http://127.0.0.1:8080][total available: 1; route allocated: 1 of 6; total allocated: 1 of 20]
11:45:32.355 [Test worker] DEBUG org.apache.http.impl.conn.PoolingHttpClientConnectionManager - Connection leased: [id: 9][route: {}->http://127.0.0.1:8080][total available: 0; route allocated: 1 of 6; total allocated: 1 of 20]
11:45:32.355 [Test worker] DEBUG org.apache.http.impl.conn.DefaultManagedHttpClientConnection - http-outgoing-9: set socket timeout to 0
11:45:32.355 [Test worker] DEBUG org.apache.http.impl.conn.DefaultManagedHttpClientConnection - http-outgoing-9: set socket timeout to 0
11:45:32.355 [Test worker] DEBUG org.apache.http.impl.execchain.MainClientExec - Executing request POST /update HTTP/1.1
11:45:32.355 [Test worker] DEBUG org.apache.http.impl.execchain.MainClientExec - Target auth state: UNCHALLENGED
11:45:32.355 [Test worker] DEBUG org.apache.http.impl.execchain.MainClientExec - Proxy auth state: UNCHALLENGED
11:45:32.355 [Test worker] DEBUG org.apache.http.headers - http-outgoing-9 >> POST /update HTTP/1.1
11:45:32.355 [Test worker] DEBUG org.apache.http.headers - http-outgoing-9 >> Host: 127.0.0.1:8080
11:45:32.355 [Test worker] DEBUG org.apache.http.headers - http-outgoing-9 >> User-Agent: Mozilla/5.0 (Windows NT 6.1; rv:38.0) Gecko/20100101 Firefox/38.0
11:45:32.355 [Test worker] DEBUG org.apache.http.headers - http-outgoing-9 >> Accept: */*
11:45:32.355 [Test worker] DEBUG org.apache.http.headers - http-outgoing-9 >> Accept-Language: en-US
11:45:32.355 [Test worker] DEBUG org.apache.http.headers - http-outgoing-9 >> Accept-Encoding: gzip, deflate
11:45:32.355 [Test worker] DEBUG org.apache.http.headers - http-outgoing-9 >> Referer: http://127.0.0.1:8080/edit?id=8
11:45:32.355 [Test worker] DEBUG org.apache.http.headers - http-outgoing-9 >> Connection: Keep-Alive
11:45:32.355 [Test worker] DEBUG org.apache.http.headers - http-outgoing-9 >> Content-Length: 128
11:45:32.355 [Test worker] DEBUG org.apache.http.headers - http-outgoing-9 >> Content-Type: application/x-www-form-urlencoded
11:45:32.355 [Test worker] DEBUG org.apache.http.wire - http-outgoing-9 >> "POST /update HTTP/1.1[\r][\n]"
11:45:32.355 [Test worker] DEBUG org.apache.http.wire - http-outgoing-9 >> "Host: 127.0.0.1:8080[\r][\n]"
11:45:32.355 [Test worker] DEBUG org.apache.http.wire - http-outgoing-9 >> "User-Agent: Mozilla/5.0 (Windows NT 6.1; rv:38.0) Gecko/20100101 Firefox/38.0[\r][\n]"
11:45:32.355 [Test worker] DEBUG org.apache.http.wire - http-outgoing-9 >> "Accept: */*[\r][\n]"
11:45:32.355 [Test worker] DEBUG org.apache.http.wire - http-outgoing-9 >> "Accept-Language: en-US[\r][\n]"
11:45:32.355 [Test worker] DEBUG org.apache.http.wire - http-outgoing-9 >> "Accept-Encoding: gzip, deflate[\r][\n]"
11:45:32.355 [Test worker] DEBUG org.apache.http.wire - http-outgoing-9 >> "Referer: http://127.0.0.1:8080/edit?id=8[\r][\n]"
11:45:32.355 [Test worker] DEBUG org.apache.http.wire - http-outgoing-9 >> "Connection: Keep-Alive[\r][\n]"
11:45:32.355 [Test worker] DEBUG org.apache.http.wire - http-outgoing-9 >> "Content-Length: 128[\r][\n]"
11:45:32.355 [Test worker] DEBUG org.apache.http.wire - http-outgoing-9 >> "Content-Type: application/x-www-form-urlencoded[\r][\n]"
11:45:32.355 [Test worker] DEBUG org.apache.http.wire - http-outgoing-9 >> "[\r][\n]"
11:45:32.355 [Test worker] DEBUG org.apache.http.wire - http-outgoing-9 >> "id=8&firstName=Michele&lastName=Bianchi&admissionDate=1993-06-11&dischargeDate=&drugs=Finasteride&prescription=2+volte+al+giorno"
11:45:32.362 [Test worker] DEBUG org.apache.http.wire - http-outgoing-9 << "HTTP/1.1 302 [\r][\n]"
11:45:32.362 [Test worker] DEBUG org.apache.http.wire - http-outgoing-9 << "Location: http://127.0.0.1:8080/list[\r][\n]"
11:45:32.362 [Test worker] DEBUG org.apache.http.wire - http-outgoing-9 << "Content-Language: en-US[\r][\n]"
11:45:32.362 [Test worker] DEBUG org.apache.http.wire - http-outgoing-9 << "Content-Length: 0[\r][\n]"
11:45:32.362 [Test worker] DEBUG org.apache.http.wire - http-outgoing-9 << "Date: Thu, 21 Jan 2021 10:45:31 GMT[\r][\n]"
11:45:32.362 [Test worker] DEBUG org.apache.http.wire - http-outgoing-9 << "Keep-Alive: timeout=60[\r][\n]"
11:45:32.362 [Test worker] DEBUG org.apache.http.wire - http-outgoing-9 << "Connection: keep-alive[\r][\n]"
11:45:32.362 [Test worker] DEBUG org.apache.http.wire - http-outgoing-9 << "[\r][\n]"
11:45:32.362 [Test worker] DEBUG org.apache.http.headers - http-outgoing-9 << HTTP/1.1 302 
11:45:32.362 [Test worker] DEBUG org.apache.http.headers - http-outgoing-9 << Location: http://127.0.0.1:8080/list
11:45:32.362 [Test worker] DEBUG org.apache.http.headers - http-outgoing-9 << Content-Language: en-US
11:45:32.362 [Test worker] DEBUG org.apache.http.headers - http-outgoing-9 << Content-Length: 0
11:45:32.362 [Test worker] DEBUG org.apache.http.headers - http-outgoing-9 << Date: Thu, 21 Jan 2021 10:45:31 GMT
11:45:32.362 [Test worker] DEBUG org.apache.http.headers - http-outgoing-9 << Keep-Alive: timeout=60
11:45:32.362 [Test worker] DEBUG org.apache.http.headers - http-outgoing-9 << Connection: keep-alive
11:45:32.362 [Test worker] DEBUG org.apache.http.impl.execchain.MainClientExec - Connection can be kept alive for 60000 MILLISECONDS
11:45:32.362 [Test worker] DEBUG org.apache.http.impl.conn.PoolingHttpClientConnectionManager - Connection [id: 9][route: {}->http://127.0.0.1:8080] can be kept alive for 60.0 seconds
11:45:32.363 [Test worker] DEBUG org.apache.http.impl.conn.DefaultManagedHttpClientConnection - http-outgoing-9: set socket timeout to 0
11:45:32.363 [Test worker] DEBUG org.apache.http.impl.conn.PoolingHttpClientConnectionManager - Connection released: [id: 9][route: {}->http://127.0.0.1:8080][total available: 1; route allocated: 1 of 6; total allocated: 1 of 20]
11:45:32.363 [Test worker] DEBUG com.gargoylesoftware.htmlunit.WebClient - Got a redirect status code [302] new location = [http://127.0.0.1:8080/list]
11:45:32.363 [Test worker] DEBUG com.gargoylesoftware.htmlunit.WebClient - Load response for GET http://127.0.0.1:8080/list
11:45:32.364 [Test worker] DEBUG org.apache.http.client.protocol.RequestAddCookies - CookieSpec selected: mine
11:45:32.364 [Test worker] DEBUG org.apache.http.client.protocol.RequestAuthCache - Auth cache not set in the context
11:45:32.364 [Test worker] DEBUG org.apache.http.impl.conn.PoolingHttpClientConnectionManager - Connection request: [route: {}->http://127.0.0.1:8080][total available: 1; route allocated: 1 of 6; total allocated: 1 of 20]
11:45:32.364 [Test worker] DEBUG org.apache.http.impl.conn.PoolingHttpClientConnectionManager - Connection leased: [id: 9][route: {}->http://127.0.0.1:8080][total available: 0; route allocated: 1 of 6; total allocated: 1 of 20]
11:45:32.364 [Test worker] DEBUG org.apache.http.impl.conn.DefaultManagedHttpClientConnection - http-outgoing-9: set socket timeout to 0
11:45:32.364 [Test worker] DEBUG org.apache.http.impl.conn.DefaultManagedHttpClientConnection - http-outgoing-9: set socket timeout to 0
11:45:32.364 [Test worker] DEBUG org.apache.http.impl.execchain.MainClientExec - Executing request GET /list HTTP/1.1
11:45:32.364 [Test worker] DEBUG org.apache.http.impl.execchain.MainClientExec - Target auth state: UNCHALLENGED
11:45:32.364 [Test worker] DEBUG org.apache.http.impl.execchain.MainClientExec - Proxy auth state: UNCHALLENGED
11:45:32.364 [Test worker] DEBUG org.apache.http.headers - http-outgoing-9 >> GET /list HTTP/1.1
11:45:32.364 [Test worker] DEBUG org.apache.http.headers - http-outgoing-9 >> Host: 127.0.0.1:8080
11:45:32.364 [Test worker] DEBUG org.apache.http.headers - http-outgoing-9 >> User-Agent: Mozilla/5.0 (Windows NT 6.1; rv:38.0) Gecko/20100101 Firefox/38.0
11:45:32.364 [Test worker] DEBUG org.apache.http.headers - http-outgoing-9 >> Accept: */*
11:45:32.364 [Test worker] DEBUG org.apache.http.headers - http-outgoing-9 >> Accept-Language: en-US
11:45:32.364 [Test worker] DEBUG org.apache.http.headers - http-outgoing-9 >> Accept-Encoding: gzip, deflate
11:45:32.364 [Test worker] DEBUG org.apache.http.headers - http-outgoing-9 >> Referer: http://127.0.0.1:8080/edit?id=8
11:45:32.364 [Test worker] DEBUG org.apache.http.headers - http-outgoing-9 >> Connection: Keep-Alive
11:45:32.364 [Test worker] DEBUG org.apache.http.wire - http-outgoing-9 >> "GET /list HTTP/1.1[\r][\n]"
11:45:32.364 [Test worker] DEBUG org.apache.http.wire - http-outgoing-9 >> "Host: 127.0.0.1:8080[\r][\n]"
11:45:32.364 [Test worker] DEBUG org.apache.http.wire - http-outgoing-9 >> "User-Agent: Mozilla/5.0 (Windows NT 6.1; rv:38.0) Gecko/20100101 Firefox/38.0[\r][\n]"
11:45:32.364 [Test worker] DEBUG org.apache.http.wire - http-outgoing-9 >> "Accept: */*[\r][\n]"
11:45:32.364 [Test worker] DEBUG org.apache.http.wire - http-outgoing-9 >> "Accept-Language: en-US[\r][\n]"
11:45:32.364 [Test worker] DEBUG org.apache.http.wire - http-outgoing-9 >> "Accept-Encoding: gzip, deflate[\r][\n]"
11:45:32.364 [Test worker] DEBUG org.apache.http.wire - http-outgoing-9 >> "Referer: http://127.0.0.1:8080/edit?id=8[\r][\n]"
11:45:32.364 [Test worker] DEBUG org.apache.http.wire - http-outgoing-9 >> "Connection: Keep-Alive[\r][\n]"
11:45:32.364 [Test worker] DEBUG org.apache.http.wire - http-outgoing-9 >> "[\r][\n]"
11:45:32.369 [Test worker] DEBUG org.apache.http.wire - http-outgoing-9 << "HTTP/1.1 200 [\r][\n]"
11:45:32.369 [Test worker] DEBUG org.apache.http.wire - http-outgoing-9 << "Content-Type: text/html;charset=UTF-8[\r][\n]"
11:45:32.369 [Test worker] DEBUG org.apache.http.wire - http-outgoing-9 << "Content-Language: en-US[\r][\n]"
11:45:32.369 [Test worker] DEBUG org.apache.http.wire - http-outgoing-9 << "Transfer-Encoding: chunked[\r][\n]"
11:45:32.369 [Test worker] DEBUG org.apache.http.wire - http-outgoing-9 << "Date: Thu, 21 Jan 2021 10:45:31 GMT[\r][\n]"
11:45:32.369 [Test worker] DEBUG org.apache.http.wire - http-outgoing-9 << "Keep-Alive: timeout=60[\r][\n]"
11:45:32.369 [Test worker] DEBUG org.apache.http.wire - http-outgoing-9 << "Connection: keep-alive[\r][\n]"
11:45:32.369 [Test worker] DEBUG org.apache.http.wire - http-outgoing-9 << "[\r][\n]"
11:45:32.369 [Test worker] DEBUG org.apache.http.wire - http-outgoing-9 << "af1[\r][\n]"
11:45:32.369 [Test worker] DEBUG org.apache.http.wire - http-outgoing-9 << "<!DOCTYPE HTML>[\n]"
11:45:32.369 [Test worker] DEBUG org.apache.http.wire - http-outgoing-9 << "<html>[\n]"
11:45:32.369 [Test worker] DEBUG org.apache.http.wire - http-outgoing-9 << "<head>[\n]"
11:45:32.369 [Test worker] DEBUG org.apache.http.wire - http-outgoing-9 << "    <title>MVC Web application</title>[\n]"
11:45:32.369 [Test worker] DEBUG org.apache.http.wire - http-outgoing-9 << "    <meta http-equiv="Content-Type" content="text/html; charset=UTF-8" />[\n]"
11:45:32.369 [Test worker] DEBUG org.apache.http.wire - http-outgoing-9 << "</head>[\n]"
11:45:32.369 [Test worker] DEBUG org.apache.http.wire - http-outgoing-9 << "[\n]"
11:45:32.369 [Test worker] DEBUG org.apache.http.wire - http-outgoing-9 << "<body>[\n]"
11:45:32.369 [Test worker] DEBUG org.apache.http.wire - http-outgoing-9 << "<h1>Pazienti Ricoverati</h1>[\n]"
11:45:32.369 [Test worker] DEBUG org.apache.http.wire - http-outgoing-9 << "[\n]"
11:45:32.369 [Test worker] DEBUG org.apache.http.wire - http-outgoing-9 << "<table border="1" id="present" name="present">[\n]"
11:45:32.369 [Test worker] DEBUG org.apache.http.wire - http-outgoing-9 << "    <thead>[\n]"
11:45:32.369 [Test worker] DEBUG org.apache.http.wire - http-outgoing-9 << "    <tr>[\n]"
11:45:32.369 [Test worker] DEBUG org.apache.http.wire - http-outgoing-9 << "        <th>Id</th>[\n]"
11:45:32.369 [Test worker] DEBUG org.apache.http.wire - http-outgoing-9 << "        <th>Nome</th>[\n]"
11:45:32.369 [Test worker] DEBUG org.apache.http.wire - http-outgoing-9 << "        <th>Cognome</th>[\n]"
11:45:32.369 [Test worker] DEBUG org.apache.http.wire - http-outgoing-9 << "        <th>Data ricovero</th>[\n]"
11:45:32.369 [Test worker] DEBUG org.apache.http.wire - http-outgoing-9 << "        <th>Data dimissione</th>[\n]"
11:45:32.369 [Test worker] DEBUG org.apache.http.wire - http-outgoing-9 << "        <th>Mostra</th>[\n]"
11:45:32.369 [Test worker] DEBUG org.apache.http.wire - http-outgoing-9 << "        <th>Modifica</th>[\n]"
11:45:32.369 [Test worker] DEBUG org.apache.http.wire - http-outgoing-9 << "        <th>Dimetti</th>[\n]"
11:45:32.369 [Test worker] DEBUG org.apache.http.wire - http-outgoing-9 << "        <th>Cancella</th>[\n]"
11:45:32.369 [Test worker] DEBUG org.apache.http.wire - http-outgoing-9 << "        <th>Stampa</th>[\n]"
11:45:32.369 [Test worker] DEBUG org.apache.http.wire - http-outgoing-9 << "    </tr>[\n]"
11:45:32.370 [Test worker] DEBUG org.apache.http.wire - http-outgoing-9 << "    </thead>[\n]"
11:45:32.370 [Test worker] DEBUG org.apache.http.wire - http-outgoing-9 << "    <tbody>[\n]"
11:45:32.370 [Test worker] DEBUG org.apache.http.wire - http-outgoing-9 << "        <tr>[\n]"
11:45:32.370 [Test worker] DEBUG org.apache.http.wire - http-outgoing-9 << "            <td id="id">8</td>[\n]"
11:45:32.370 [Test worker] DEBUG org.apache.http.wire - http-outgoing-9 << "            <td style="text-align:center;">Michele</td>[\n]"
11:45:32.370 [Test worker] DEBUG org.apache.http.wire - http-outgoing-9 << "            <td id='lastName' style="text-align:center;">Bianchi</td>[\n]"
11:45:32.370 [Test worker] DEBUG org.apache.http.wire - http-outgoing-9 << "            <td style="text-align:center;">11/06/1993</td>[\n]"
11:45:32.370 [Test worker] DEBUG org.apache.http.wire - http-outgoing-9 << "            <td style="text-align:center;"></td>[\n]"
11:45:32.370 [Test worker] DEBUG org.apache.http.wire - http-outgoing-9 << "            <td> <a href="cartella?id=8" style="text-align:center;"> Cartella </a></td>[\n]"
11:45:32.370 [Test worker] DEBUG org.apache.http.wire - http-outgoing-9 << "            <td> <a href="edit?id=8" id="modifica" style="text-align:center;"> Modifica </a></td>[\n]"
11:45:32.370 [Test worker] DEBUG org.apache.http.wire - http-outgoing-9 << "            <td> <a href="dimetti?id=8" style="text-align:center;"> Dimetti </a></td>[\n]"
11:45:32.370 [Test worker] DEBUG org.apache.http.wire - http-outgoing-9 << "            <td> <a href="delete?id=8" id="cancella" style="text-align:center;"> Cancella </a></td>[\n]"
11:45:32.370 [Test worker] DEBUG org.apache.http.wire - http-outgoing-9 << "            <td><button><a href="print?id=8" style="text-align:center;text-decoration:none;"> Stampa scheda </a></button></td>[\n]"
11:45:32.370 [Test worker] DEBUG org.apache.http.wire - http-outgoing-9 << "        </tr>[\n]"
11:45:32.370 [Test worker] DEBUG org.apache.http.wire - http-outgoing-9 << "        </tbody>[\n]"
11:45:32.370 [Test worker] DEBUG org.apache.http.wire - http-outgoing-9 << "</table>[\n]"
11:45:32.370 [Test worker] DEBUG org.apache.http.wire - http-outgoing-9 << "[\n]"
11:45:32.370 [Test worker] DEBUG org.apache.http.wire - http-outgoing-9 << "<h1>Pazienti Dimessi</h1>[\n]"
11:45:32.370 [Test worker] DEBUG org.apache.http.wire - http-outgoing-9 << "<table border="1" id="discharged" name="discharged">[\n]"
11:45:32.370 [Test worker] DEBUG org.apache.http.wire - http-outgoing-9 << "    <thead>[\n]"
11:45:32.370 [Test worker] DEBUG org.apache.http.wire - http-outgoing-9 << "    <tr>[\n]"
11:45:32.370 [Test worker] DEBUG org.apache.http.wire - http-outgoing-9 << "        <th>Id</th>[\n]"
11:45:32.370 [Test worker] DEBUG org.apache.http.wire - http-outgoing-9 << "        <th>Nome</th>[\n]"
11:45:32.370 [Test worker] DEBUG org.apache.http.wire - http-outgoing-9 << "        <th>Cognome</th>[\n]"
11:45:32.370 [Test worker] DEBUG org.apache.http.wire - http-outgoing-9 << "        <th>Data Ricovero</th>[\n]"
11:45:32.370 [Test worker] DEBUG org.apache.http.wire - http-outgoing-9 << "        <th>Data Dimissione</th>[\n]"
11:45:32.370 [Test worker] DEBUG org.apache.http.wire - http-outgoing-9 << "        <th>Cartella</th>[\n]"
11:45:32.370 [Test worker] DEBUG org.apache.http.wire - http-outgoing-9 << "        <th>Modifica</th>[\n]"
11:45:32.370 [Test worker] DEBUG org.apache.http.wire - http-outgoing-9 << "        <th>Cancella</th>[\n]"
11:45:32.370 [Test worker] DEBUG org.apache.http.wire - http-outgoing-9 << "        <th>Stampa</th>[\n]"
11:45:32.370 [Test worker] DEBUG org.apache.http.wire - http-outgoing-9 << "    </tr>[\n]"
11:45:32.370 [Test worker] DEBUG org.apache.http.wire - http-outgoing-9 << "    </thead>[\n]"
11:45:32.370 [Test worker] DEBUG org.apache.http.wire - http-outgoing-9 << "    <tbody>[\n]"
11:45:32.370 [Test worker] DEBUG org.apache.http.wire - http-outgoing-9 << "    <tr>[\n]"
11:45:32.370 [Test worker] DEBUG org.apache.http.wire - http-outgoing-9 << "        <td id="idDischarged">1</td>[\n]"
11:45:32.370 [Test worker] DEBUG org.apache.http.wire - http-outgoing-9 << "        <td style="text-align:center;">Michele</td>[\n]"
11:45:32.370 [Test worker] DEBUG org.apache.http.wire - http-outgoing-9 << "        <td id='lastNameDischarged' style="text-align:center;">Bianchi</td>[\n]"
11:45:32.370 [Test worker] DEBUG org.apache.http.wire - http-outgoing-9 << "        <td style="text-align:center;">11/06/1993</td>[\n]"
11:45:32.370 [Test worker] DEBUG org.apache.http.wire - http-outgoing-9 << "        <td style="text-align:center;">21/01/2021</td>[\n]"
11:45:32.370 [Test worker] DEBUG org.apache.http.wire - http-outgoing-9 << "        <td> <a href="cartella?id=1" style="text-align:center;"> Cartella </a></td>[\n]"
11:45:32.370 [Test worker] DEBUG org.apache.http.wire - http-outgoing-9 << "        <td> <a id="modificaDischarged" style="text-align:center; cursor:not-allowed; pointer-events:none; color:grey;"> Modifica </a></td>[\n]"
11:45:32.370 [Test worker] DEBUG org.apache.http.wire - http-outgoing-9 << "        <td> <a id="cancellaDischarged" style="text-align:center; cursor:not-allowed; pointer-events:none; color:grey;"> Cancella </a></td>[\n]"
11:45:32.370 [Test worker] DEBUG org.apache.http.wire - http-outgoing-9 << "        <td><button><a href="print?id=1" style="text-align:center;text-decoration:none;"> Stampa scheda </a></button></td>[\n]"
11:45:32.370 [Test worker] DEBUG org.apache.http.wire - http-outgoing-9 << "    </tr>[\n]"
11:45:32.370 [Test worker] DEBUG org.apache.http.wire - http-outgoing-9 << "    </tbody>[\n]"
11:45:32.370 [Test worker] DEBUG org.apache.http.wire - http-outgoing-9 << "</table>[\n]"
11:45:32.370 [Test worker] DEBUG org.apache.http.wire - http-outgoing-9 << "<br>[\n]"
11:45:32.370 [Test worker] DEBUG org.apache.http.wire - http-outgoing-9 << "<button><a href="input" style="text-decoration:none;">Registra un paziente</a></button>[\n]"
11:45:32.370 [Test worker] DEBUG org.apache.http.wire - http-outgoing-9 << "<br>[\n]"
11:45:32.370 [Test worker] DEBUG org.apache.http.wire - http-outgoing-9 << "<br>[\n]"
11:45:32.370 [Test worker] DEBUG org.apache.http.wire - http-outgoing-9 << "[\n]"
11:45:32.370 [Test worker] DEBUG org.apache.http.wire - http-outgoing-9 << "<form action="search" method="post">[\n]"
11:45:32.370 [Test worker] DEBUG org.apache.http.wire - http-outgoing-9 << "    Cognome Paziente: <input type="text" name="lastName"/>[\n]"
11:45:32.370 [Test worker] DEBUG org.apache.http.wire - http-outgoing-9 << "    <input type="submit" value="Cerca"/>[\n]"
11:45:32.370 [Test worker] DEBUG org.apache.http.wire - http-outgoing-9 << "</form>[\n]"
11:45:32.370 [Test worker] DEBUG org.apache.http.wire - http-outgoing-9 << "</body>[\n]"
11:45:32.370 [Test worker] DEBUG org.apache.http.wire - http-outgoing-9 << "</html>[\r][\n]"
11:45:32.370 [Test worker] DEBUG org.apache.http.headers - http-outgoing-9 << HTTP/1.1 200 
11:45:32.371 [Test worker] DEBUG org.apache.http.headers - http-outgoing-9 << Content-Type: text/html;charset=UTF-8
11:45:32.371 [Test worker] DEBUG org.apache.http.headers - http-outgoing-9 << Content-Language: en-US
11:45:32.371 [Test worker] DEBUG org.apache.http.headers - http-outgoing-9 << Transfer-Encoding: chunked
11:45:32.371 [Test worker] DEBUG org.apache.http.headers - http-outgoing-9 << Date: Thu, 21 Jan 2021 10:45:31 GMT
11:45:32.371 [Test worker] DEBUG org.apache.http.headers - http-outgoing-9 << Keep-Alive: timeout=60
11:45:32.371 [Test worker] DEBUG org.apache.http.headers - http-outgoing-9 << Connection: keep-alive
11:45:32.371 [Test worker] DEBUG org.apache.http.impl.execchain.MainClientExec - Connection can be kept alive for 60000 MILLISECONDS
11:45:32.371 [Test worker] DEBUG org.apache.http.wire - http-outgoing-9 << "0[\r][\n]"
11:45:32.371 [Test worker] DEBUG org.apache.http.wire - http-outgoing-9 << "[\r][\n]"
11:45:32.371 [Test worker] DEBUG org.apache.http.impl.conn.PoolingHttpClientConnectionManager - Connection [id: 9][route: {}->http://127.0.0.1:8080] can be kept alive for 60.0 seconds
11:45:32.371 [Test worker] DEBUG org.apache.http.impl.conn.DefaultManagedHttpClientConnection - http-outgoing-9: set socket timeout to 0
11:45:32.371 [Test worker] DEBUG org.apache.http.impl.conn.PoolingHttpClientConnectionManager - Connection released: [id: 9][route: {}->http://127.0.0.1:8080][total available: 1; route allocated: 1 of 6; total allocated: 1 of 20]
11:45:32.371 [Test worker] DEBUG com.gargoylesoftware.htmlunit.html.DomElement - Firing Event unload (Current Target: HTMLElement for HtmlHtml[<html>]);
11:45:32.371 [Test worker] DEBUG com.gargoylesoftware.htmlunit.WebWindowImpl - setEnclosedPage: HtmlPage(http://127.0.0.1:8080/list)@387360028
11:45:32.371 [Test worker] DEBUG com.gargoylesoftware.htmlunit.WebWindowImpl - destroyChildren
11:45:32.377 [Test worker] DEBUG com.gargoylesoftware.htmlunit.util.EncodingSniffer - Encoding found in HTTP headers: 'UTF-8'.
11:45:32.379 [Test worker] DEBUG net.sourceforge.jwebunit.htmlunit.HtmlUnitTestingEngineImpl - Window "" changed : "MVC Web application" became "MVC Web application
11:45:32.379 [Test worker] DEBUG com.gargoylesoftware.htmlunit.html.DomElement - Firing Event DOMContentLoaded (Current Target: HTMLElement for HtmlHtml[<html>]);
11:45:32.379 [Test worker] DEBUG com.gargoylesoftware.htmlunit.html.DomElement - Firing Event load (Current Target: HTMLElement for HtmlHtml[<html>]);
11:45:32.379 [Test worker] DEBUG com.gargoylesoftware.htmlunit.html.DomElement - Firing Event mousedown (Current Target: HTMLElement for HtmlAnchor[<a href="cartella?id=8" style="text-align:center;">]);
11:45:32.379 [Test worker] DEBUG com.gargoylesoftware.htmlunit.html.DomElement - Firing Event focus (Current Target: HTMLElement for HtmlAnchor[<a href="cartella?id=8" style="text-align:center;">]);
11:45:32.379 [Test worker] DEBUG com.gargoylesoftware.htmlunit.html.DomElement - Firing Event mouseup (Current Target: HTMLElement for HtmlAnchor[<a href="cartella?id=8" style="text-align:center;">]);
11:45:32.379 [Test worker] DEBUG com.gargoylesoftware.htmlunit.html.DomElement - Firing Event click (Current Target: HTMLElement for HtmlAnchor[<a href="cartella?id=8" style="text-align:center;">]);
11:45:32.380 [Test worker] DEBUG com.gargoylesoftware.htmlunit.html.HtmlAnchor - do click action in window '', using href 'cartella?id=8'
11:45:32.380 [Test worker] DEBUG com.gargoylesoftware.htmlunit.util.EncodingSniffer - Encoding found in HTTP headers: 'UTF-8'.
11:45:32.380 [Test worker] DEBUG com.gargoylesoftware.htmlunit.html.HtmlAnchor - Getting page for http://127.0.0.1:8080/cartella?id=8, derived from href 'cartella?id=8', using the originating URL http://127.0.0.1:8080/list
11:45:32.380 [Test worker] DEBUG com.gargoylesoftware.htmlunit.html.DomElement - Firing Event beforeunload (Current Target: HTMLElement for HtmlHtml[<html>]);
11:45:32.380 [Test worker] DEBUG com.gargoylesoftware.htmlunit.WebClient - Load response for GET http://127.0.0.1:8080/cartella?id=8
11:45:32.381 [Test worker] DEBUG org.apache.http.client.protocol.RequestAddCookies - CookieSpec selected: mine
11:45:32.381 [Test worker] DEBUG org.apache.http.client.protocol.RequestAuthCache - Auth cache not set in the context
11:45:32.381 [Test worker] DEBUG org.apache.http.impl.conn.PoolingHttpClientConnectionManager - Connection request: [route: {}->http://127.0.0.1:8080][total available: 1; route allocated: 1 of 6; total allocated: 1 of 20]
11:45:32.381 [Test worker] DEBUG org.apache.http.impl.conn.PoolingHttpClientConnectionManager - Connection leased: [id: 9][route: {}->http://127.0.0.1:8080][total available: 0; route allocated: 1 of 6; total allocated: 1 of 20]
11:45:32.381 [Test worker] DEBUG org.apache.http.impl.conn.DefaultManagedHttpClientConnection - http-outgoing-9: set socket timeout to 0
11:45:32.381 [Test worker] DEBUG org.apache.http.impl.conn.DefaultManagedHttpClientConnection - http-outgoing-9: set socket timeout to 0
11:45:32.381 [Test worker] DEBUG org.apache.http.impl.execchain.MainClientExec - Executing request GET /cartella?id=8 HTTP/1.1
11:45:32.381 [Test worker] DEBUG org.apache.http.impl.execchain.MainClientExec - Target auth state: UNCHALLENGED
11:45:32.381 [Test worker] DEBUG org.apache.http.impl.execchain.MainClientExec - Proxy auth state: UNCHALLENGED
11:45:32.381 [Test worker] DEBUG org.apache.http.headers - http-outgoing-9 >> GET /cartella?id=8 HTTP/1.1
11:45:32.381 [Test worker] DEBUG org.apache.http.headers - http-outgoing-9 >> Host: 127.0.0.1:8080
11:45:32.381 [Test worker] DEBUG org.apache.http.headers - http-outgoing-9 >> User-Agent: Mozilla/5.0 (Windows NT 6.1; rv:38.0) Gecko/20100101 Firefox/38.0
11:45:32.381 [Test worker] DEBUG org.apache.http.headers - http-outgoing-9 >> Accept: text/html,application/xhtml+xml,application/xml;q=0.9,*/*;q=0.8
11:45:32.381 [Test worker] DEBUG org.apache.http.headers - http-outgoing-9 >> Accept-Language: en-US
11:45:32.381 [Test worker] DEBUG org.apache.http.headers - http-outgoing-9 >> Accept-Encoding: gzip, deflate
11:45:32.381 [Test worker] DEBUG org.apache.http.headers - http-outgoing-9 >> Referer: http://127.0.0.1:8080/list
11:45:32.381 [Test worker] DEBUG org.apache.http.headers - http-outgoing-9 >> Connection: Keep-Alive
11:45:32.381 [Test worker] DEBUG org.apache.http.wire - http-outgoing-9 >> "GET /cartella?id=8 HTTP/1.1[\r][\n]"
11:45:32.381 [Test worker] DEBUG org.apache.http.wire - http-outgoing-9 >> "Host: 127.0.0.1:8080[\r][\n]"
11:45:32.381 [Test worker] DEBUG org.apache.http.wire - http-outgoing-9 >> "User-Agent: Mozilla/5.0 (Windows NT 6.1; rv:38.0) Gecko/20100101 Firefox/38.0[\r][\n]"
11:45:32.381 [Test worker] DEBUG org.apache.http.wire - http-outgoing-9 >> "Accept: text/html,application/xhtml+xml,application/xml;q=0.9,*/*;q=0.8[\r][\n]"
11:45:32.381 [Test worker] DEBUG org.apache.http.wire - http-outgoing-9 >> "Accept-Language: en-US[\r][\n]"
11:45:32.381 [Test worker] DEBUG org.apache.http.wire - http-outgoing-9 >> "Accept-Encoding: gzip, deflate[\r][\n]"
11:45:32.381 [Test worker] DEBUG org.apache.http.wire - http-outgoing-9 >> "Referer: http://127.0.0.1:8080/list[\r][\n]"
11:45:32.381 [Test worker] DEBUG org.apache.http.wire - http-outgoing-9 >> "Connection: Keep-Alive[\r][\n]"
11:45:32.381 [Test worker] DEBUG org.apache.http.wire - http-outgoing-9 >> "[\r][\n]"
11:45:32.386 [Test worker] DEBUG org.apache.http.wire - http-outgoing-9 << "HTTP/1.1 200 [\r][\n]"
11:45:32.386 [Test worker] DEBUG org.apache.http.wire - http-outgoing-9 << "Content-Type: text/html;charset=UTF-8[\r][\n]"
11:45:32.386 [Test worker] DEBUG org.apache.http.wire - http-outgoing-9 << "Content-Language: en-US[\r][\n]"
11:45:32.386 [Test worker] DEBUG org.apache.http.wire - http-outgoing-9 << "Transfer-Encoding: chunked[\r][\n]"
11:45:32.386 [Test worker] DEBUG org.apache.http.wire - http-outgoing-9 << "Date: Thu, 21 Jan 2021 10:45:31 GMT[\r][\n]"
11:45:32.386 [Test worker] DEBUG org.apache.http.wire - http-outgoing-9 << "Keep-Alive: timeout=60[\r][\n]"
11:45:32.386 [Test worker] DEBUG org.apache.http.wire - http-outgoing-9 << "Connection: keep-alive[\r][\n]"
11:45:32.386 [Test worker] DEBUG org.apache.http.wire - http-outgoing-9 << "[\r][\n]"
11:45:32.386 [Test worker] DEBUG org.apache.http.wire - http-outgoing-9 << "337[\r][\n]"
11:45:32.386 [Test worker] DEBUG org.apache.http.wire - http-outgoing-9 << "<!DOCTYPE HTML>[\n]"
11:45:32.386 [Test worker] DEBUG org.apache.http.wire - http-outgoing-9 << "<html>[\n]"
11:45:32.386 [Test worker] DEBUG org.apache.http.wire - http-outgoing-9 << "<head>[\n]"
11:45:32.386 [Test worker] DEBUG org.apache.http.wire - http-outgoing-9 << "    <title>MVC Web application</title>[\n]"
11:45:32.386 [Test worker] DEBUG org.apache.http.wire - http-outgoing-9 << "    <meta http-equiv="Content-Type" content="text/html; charset=UTF-8" />[\n]"
11:45:32.386 [Test worker] DEBUG org.apache.http.wire - http-outgoing-9 << "</head>[\n]"
11:45:32.386 [Test worker] DEBUG org.apache.http.wire - http-outgoing-9 << "[\n]"
11:45:32.386 [Test worker] DEBUG org.apache.http.wire - http-outgoing-9 << "<body>[\n]"
11:45:32.386 [Test worker] DEBUG org.apache.http.wire - http-outgoing-9 << "<h1>Cartella Clinica Paziente:</h1>[\n]"
11:45:32.386 [Test worker] DEBUG org.apache.http.wire - http-outgoing-9 << "<input hidden value="8" name="id" id="id"/>[\n]"
11:45:32.386 [Test worker] DEBUG org.apache.http.wire - http-outgoing-9 << "<table border="1">[\n]"
11:45:32.386 [Test worker] DEBUG org.apache.http.wire - http-outgoing-9 << "    <tr>[\n]"
11:45:32.386 [Test worker] DEBUG org.apache.http.wire - http-outgoing-9 << "        <th>Nome</th>[\n]"
11:45:32.386 [Test worker] DEBUG org.apache.http.wire - http-outgoing-9 << "        <th>Cognome</th>[\n]"
11:45:32.386 [Test worker] DEBUG org.apache.http.wire - http-outgoing-9 << "        <th>Data Ricovero</th>[\n]"
11:45:32.386 [Test worker] DEBUG org.apache.http.wire - http-outgoing-9 << "        <th>Data Dmissione</th>[\n]"
11:45:32.386 [Test worker] DEBUG org.apache.http.wire - http-outgoing-9 << "        <th>Farmaci</th>[\n]"
11:45:32.386 [Test worker] DEBUG org.apache.http.wire - http-outgoing-9 << "        <th>Prescrizione</th>[\n]"
11:45:32.387 [Test worker] DEBUG org.apache.http.wire - http-outgoing-9 << "    </tr>[\n]"
11:45:32.387 [Test worker] DEBUG org.apache.http.wire - http-outgoing-9 << "    <tr>[\n]"
11:45:32.387 [Test worker] DEBUG org.apache.http.wire - http-outgoing-9 << "        <td >Michele</td>[\n]"
11:45:32.387 [Test worker] DEBUG org.apache.http.wire - http-outgoing-9 << "        <td >Bianchi</td>[\n]"
11:45:32.387 [Test worker] DEBUG org.apache.http.wire - http-outgoing-9 << "        <td style="text-align:center;">11/06/1993</td>[\n]"
11:45:32.387 [Test worker] DEBUG org.apache.http.wire - http-outgoing-9 << "        <td style="text-align:center;"></td>[\n]"
11:45:32.387 [Test worker] DEBUG org.apache.http.wire - http-outgoing-9 << "        <td >Finasteride</td>[\n]"
11:45:32.387 [Test worker] DEBUG org.apache.http.wire - http-outgoing-9 << "        <td >2 volte al giorno</td>[\n]"
11:45:32.387 [Test worker] DEBUG org.apache.http.wire - http-outgoing-9 << "    </tr>[\n]"
11:45:32.387 [Test worker] DEBUG org.apache.http.wire - http-outgoing-9 << "</table>[\n]"
11:45:32.387 [Test worker] DEBUG org.apache.http.wire - http-outgoing-9 << "[\n]"
11:45:32.387 [Test worker] DEBUG org.apache.http.wire - http-outgoing-9 << "<a href="edit?id=8"> Modifica </a><br>[\n]"
11:45:32.387 [Test worker] DEBUG org.apache.http.wire - http-outgoing-9 << "<a href="delete?id=8"> Cancella </a><br>[\n]"
11:45:32.387 [Test worker] DEBUG org.apache.http.wire - http-outgoing-9 << "<a href="list"> Torna alla lista </a>[\n]"
11:45:32.387 [Test worker] DEBUG org.apache.http.wire - http-outgoing-9 << "[\n]"
11:45:32.387 [Test worker] DEBUG org.apache.http.wire - http-outgoing-9 << "</body>[\n]"
11:45:32.387 [Test worker] DEBUG org.apache.http.wire - http-outgoing-9 << "</html>[\r][\n]"
11:45:32.387 [Test worker] DEBUG org.apache.http.wire - http-outgoing-9 << "0[\r][\n]"
11:45:32.387 [Test worker] DEBUG org.apache.http.wire - http-outgoing-9 << "[\r][\n]"
11:45:32.387 [Test worker] DEBUG org.apache.http.headers - http-outgoing-9 << HTTP/1.1 200 
11:45:32.387 [Test worker] DEBUG org.apache.http.headers - http-outgoing-9 << Content-Type: text/html;charset=UTF-8
11:45:32.387 [Test worker] DEBUG org.apache.http.headers - http-outgoing-9 << Content-Language: en-US
11:45:32.387 [Test worker] DEBUG org.apache.http.headers - http-outgoing-9 << Transfer-Encoding: chunked
11:45:32.387 [Test worker] DEBUG org.apache.http.headers - http-outgoing-9 << Date: Thu, 21 Jan 2021 10:45:31 GMT
11:45:32.387 [Test worker] DEBUG org.apache.http.headers - http-outgoing-9 << Keep-Alive: timeout=60
11:45:32.387 [Test worker] DEBUG org.apache.http.headers - http-outgoing-9 << Connection: keep-alive
11:45:32.387 [Test worker] DEBUG org.apache.http.impl.execchain.MainClientExec - Connection can be kept alive for 60000 MILLISECONDS
11:45:32.387 [Test worker] DEBUG org.apache.http.impl.conn.PoolingHttpClientConnectionManager - Connection [id: 9][route: {}->http://127.0.0.1:8080] can be kept alive for 60.0 seconds
11:45:32.387 [Test worker] DEBUG org.apache.http.impl.conn.DefaultManagedHttpClientConnection - http-outgoing-9: set socket timeout to 0
11:45:32.387 [Test worker] DEBUG org.apache.http.impl.conn.PoolingHttpClientConnectionManager - Connection released: [id: 9][route: {}->http://127.0.0.1:8080][total available: 1; route allocated: 1 of 6; total allocated: 1 of 20]
11:45:32.387 [Test worker] DEBUG com.gargoylesoftware.htmlunit.html.DomElement - Firing Event unload (Current Target: HTMLElement for HtmlHtml[<html>]);
11:45:32.388 [Test worker] DEBUG com.gargoylesoftware.htmlunit.WebWindowImpl - setEnclosedPage: HtmlPage(http://127.0.0.1:8080/cartella?id=8)@1935022839
11:45:32.388 [Test worker] DEBUG com.gargoylesoftware.htmlunit.WebWindowImpl - destroyChildren
11:45:32.392 [Test worker] DEBUG com.gargoylesoftware.htmlunit.util.EncodingSniffer - Encoding found in HTTP headers: 'UTF-8'.
11:45:32.393 [Test worker] DEBUG net.sourceforge.jwebunit.htmlunit.HtmlUnitTestingEngineImpl - Window "" changed : "MVC Web application" became "MVC Web application
11:45:32.393 [Test worker] DEBUG com.gargoylesoftware.htmlunit.html.DomElement - Firing Event DOMContentLoaded (Current Target: HTMLElement for HtmlHtml[<html>]);
11:45:32.393 [Test worker] DEBUG com.gargoylesoftware.htmlunit.html.DomElement - Firing Event load (Current Target: HTMLElement for HtmlHtml[<html>]);
11:45:32.394 [Test worker] DEBUG com.gargoylesoftware.htmlunit.html.DomElement - Firing Event mousedown (Current Target: HTMLElement for HtmlAnchor[<a href="list">]);
11:45:32.394 [Test worker] DEBUG com.gargoylesoftware.htmlunit.html.DomElement - Firing Event focus (Current Target: HTMLElement for HtmlAnchor[<a href="list">]);
11:45:32.394 [Test worker] DEBUG com.gargoylesoftware.htmlunit.html.DomElement - Firing Event mouseup (Current Target: HTMLElement for HtmlAnchor[<a href="list">]);
11:45:32.394 [Test worker] DEBUG com.gargoylesoftware.htmlunit.html.DomElement - Firing Event click (Current Target: HTMLElement for HtmlAnchor[<a href="list">]);
11:45:32.394 [Test worker] DEBUG com.gargoylesoftware.htmlunit.html.HtmlAnchor - do click action in window '', using href 'list'
11:45:32.395 [Test worker] DEBUG com.gargoylesoftware.htmlunit.util.EncodingSniffer - Encoding found in HTTP headers: 'UTF-8'.
11:45:32.395 [Test worker] DEBUG com.gargoylesoftware.htmlunit.html.HtmlAnchor - Getting page for http://127.0.0.1:8080/list, derived from href 'list', using the originating URL http://127.0.0.1:8080/cartella?id=8
11:45:32.395 [Test worker] DEBUG com.gargoylesoftware.htmlunit.html.DomElement - Firing Event beforeunload (Current Target: HTMLElement for HtmlHtml[<html>]);
11:45:32.395 [Test worker] DEBUG com.gargoylesoftware.htmlunit.WebClient - Load response for GET http://127.0.0.1:8080/list
11:45:32.395 [Test worker] DEBUG org.apache.http.client.protocol.RequestAddCookies - CookieSpec selected: mine
11:45:32.395 [Test worker] DEBUG org.apache.http.client.protocol.RequestAuthCache - Auth cache not set in the context
11:45:32.396 [Test worker] DEBUG org.apache.http.impl.conn.PoolingHttpClientConnectionManager - Connection request: [route: {}->http://127.0.0.1:8080][total available: 1; route allocated: 1 of 6; total allocated: 1 of 20]
11:45:32.396 [Test worker] DEBUG org.apache.http.impl.conn.PoolingHttpClientConnectionManager - Connection leased: [id: 9][route: {}->http://127.0.0.1:8080][total available: 0; route allocated: 1 of 6; total allocated: 1 of 20]
11:45:32.396 [Test worker] DEBUG org.apache.http.impl.conn.DefaultManagedHttpClientConnection - http-outgoing-9: set socket timeout to 0
11:45:32.396 [Test worker] DEBUG org.apache.http.impl.conn.DefaultManagedHttpClientConnection - http-outgoing-9: set socket timeout to 0
11:45:32.396 [Test worker] DEBUG org.apache.http.impl.execchain.MainClientExec - Executing request GET /list HTTP/1.1
11:45:32.396 [Test worker] DEBUG org.apache.http.impl.execchain.MainClientExec - Target auth state: UNCHALLENGED
11:45:32.396 [Test worker] DEBUG org.apache.http.impl.execchain.MainClientExec - Proxy auth state: UNCHALLENGED
11:45:32.396 [Test worker] DEBUG org.apache.http.headers - http-outgoing-9 >> GET /list HTTP/1.1
11:45:32.396 [Test worker] DEBUG org.apache.http.headers - http-outgoing-9 >> Host: 127.0.0.1:8080
11:45:32.396 [Test worker] DEBUG org.apache.http.headers - http-outgoing-9 >> User-Agent: Mozilla/5.0 (Windows NT 6.1; rv:38.0) Gecko/20100101 Firefox/38.0
11:45:32.396 [Test worker] DEBUG org.apache.http.headers - http-outgoing-9 >> Accept: text/html,application/xhtml+xml,application/xml;q=0.9,*/*;q=0.8
11:45:32.396 [Test worker] DEBUG org.apache.http.headers - http-outgoing-9 >> Accept-Language: en-US
11:45:32.396 [Test worker] DEBUG org.apache.http.headers - http-outgoing-9 >> Accept-Encoding: gzip, deflate
11:45:32.396 [Test worker] DEBUG org.apache.http.headers - http-outgoing-9 >> Referer: http://127.0.0.1:8080/cartella?id=8
11:45:32.396 [Test worker] DEBUG org.apache.http.headers - http-outgoing-9 >> Connection: Keep-Alive
11:45:32.396 [Test worker] DEBUG org.apache.http.wire - http-outgoing-9 >> "GET /list HTTP/1.1[\r][\n]"
11:45:32.396 [Test worker] DEBUG org.apache.http.wire - http-outgoing-9 >> "Host: 127.0.0.1:8080[\r][\n]"
11:45:32.396 [Test worker] DEBUG org.apache.http.wire - http-outgoing-9 >> "User-Agent: Mozilla/5.0 (Windows NT 6.1; rv:38.0) Gecko/20100101 Firefox/38.0[\r][\n]"
11:45:32.396 [Test worker] DEBUG org.apache.http.wire - http-outgoing-9 >> "Accept: text/html,application/xhtml+xml,application/xml;q=0.9,*/*;q=0.8[\r][\n]"
11:45:32.396 [Test worker] DEBUG org.apache.http.wire - http-outgoing-9 >> "Accept-Language: en-US[\r][\n]"
11:45:32.396 [Test worker] DEBUG org.apache.http.wire - http-outgoing-9 >> "Accept-Encoding: gzip, deflate[\r][\n]"
11:45:32.396 [Test worker] DEBUG org.apache.http.wire - http-outgoing-9 >> "Referer: http://127.0.0.1:8080/cartella?id=8[\r][\n]"
11:45:32.396 [Test worker] DEBUG org.apache.http.wire - http-outgoing-9 >> "Connection: Keep-Alive[\r][\n]"
11:45:32.396 [Test worker] DEBUG org.apache.http.wire - http-outgoing-9 >> "[\r][\n]"
11:45:32.401 [Test worker] DEBUG org.apache.http.wire - http-outgoing-9 << "HTTP/1.1 200 [\r][\n]"
11:45:32.401 [Test worker] DEBUG org.apache.http.wire - http-outgoing-9 << "Content-Type: text/html;charset=UTF-8[\r][\n]"
11:45:32.401 [Test worker] DEBUG org.apache.http.wire - http-outgoing-9 << "Content-Language: en-US[\r][\n]"
11:45:32.401 [Test worker] DEBUG org.apache.http.wire - http-outgoing-9 << "Transfer-Encoding: chunked[\r][\n]"
11:45:32.401 [Test worker] DEBUG org.apache.http.wire - http-outgoing-9 << "Date: Thu, 21 Jan 2021 10:45:31 GMT[\r][\n]"
11:45:32.401 [Test worker] DEBUG org.apache.http.wire - http-outgoing-9 << "Keep-Alive: timeout=60[\r][\n]"
11:45:32.401 [Test worker] DEBUG org.apache.http.wire - http-outgoing-9 << "Connection: keep-alive[\r][\n]"
11:45:32.401 [Test worker] DEBUG org.apache.http.wire - http-outgoing-9 << "[\r][\n]"
11:45:32.401 [Test worker] DEBUG org.apache.http.wire - http-outgoing-9 << "af1[\r][\n]"
11:45:32.401 [Test worker] DEBUG org.apache.http.wire - http-outgoing-9 << "<!DOCTYPE HTML>[\n]"
11:45:32.401 [Test worker] DEBUG org.apache.http.wire - http-outgoing-9 << "<html>[\n]"
11:45:32.401 [Test worker] DEBUG org.apache.http.wire - http-outgoing-9 << "<head>[\n]"
11:45:32.401 [Test worker] DEBUG org.apache.http.wire - http-outgoing-9 << "    <title>MVC Web application</title>[\n]"
11:45:32.401 [Test worker] DEBUG org.apache.http.wire - http-outgoing-9 << "    <meta http-equiv="Content-Type" content="text/html; charset=UTF-8" />[\n]"
11:45:32.401 [Test worker] DEBUG org.apache.http.wire - http-outgoing-9 << "</head>[\n]"
11:45:32.401 [Test worker] DEBUG org.apache.http.wire - http-outgoing-9 << "[\n]"
11:45:32.401 [Test worker] DEBUG org.apache.http.wire - http-outgoing-9 << "<body>[\n]"
11:45:32.401 [Test worker] DEBUG org.apache.http.wire - http-outgoing-9 << "<h1>Pazienti Ricoverati</h1>[\n]"
11:45:32.401 [Test worker] DEBUG org.apache.http.wire - http-outgoing-9 << "[\n]"
11:45:32.401 [Test worker] DEBUG org.apache.http.wire - http-outgoing-9 << "<table border="1" id="present" name="present">[\n]"
11:45:32.401 [Test worker] DEBUG org.apache.http.wire - http-outgoing-9 << "    <thead>[\n]"
11:45:32.401 [Test worker] DEBUG org.apache.http.wire - http-outgoing-9 << "    <tr>[\n]"
11:45:32.401 [Test worker] DEBUG org.apache.http.wire - http-outgoing-9 << "        <th>Id</th>[\n]"
11:45:32.401 [Test worker] DEBUG org.apache.http.wire - http-outgoing-9 << "        <th>Nome</th>[\n]"
11:45:32.401 [Test worker] DEBUG org.apache.http.wire - http-outgoing-9 << "        <th>Cognome</th>[\n]"
11:45:32.401 [Test worker] DEBUG org.apache.http.wire - http-outgoing-9 << "        <th>Data ricovero</th>[\n]"
11:45:32.401 [Test worker] DEBUG org.apache.http.wire - http-outgoing-9 << "        <th>Data dimissione</th>[\n]"
11:45:32.401 [Test worker] DEBUG org.apache.http.wire - http-outgoing-9 << "        <th>Mostra</th>[\n]"
11:45:32.401 [Test worker] DEBUG org.apache.http.wire - http-outgoing-9 << "        <th>Modifica</th>[\n]"
11:45:32.401 [Test worker] DEBUG org.apache.http.wire - http-outgoing-9 << "        <th>Dimetti</th>[\n]"
11:45:32.401 [Test worker] DEBUG org.apache.http.wire - http-outgoing-9 << "        <th>Cancella</th>[\n]"
11:45:32.401 [Test worker] DEBUG org.apache.http.wire - http-outgoing-9 << "        <th>Stampa</th>[\n]"
11:45:32.401 [Test worker] DEBUG org.apache.http.wire - http-outgoing-9 << "    </tr>[\n]"
11:45:32.401 [Test worker] DEBUG org.apache.http.wire - http-outgoing-9 << "    </thead>[\n]"
11:45:32.401 [Test worker] DEBUG org.apache.http.wire - http-outgoing-9 << "    <tbody>[\n]"
11:45:32.401 [Test worker] DEBUG org.apache.http.wire - http-outgoing-9 << "        <tr>[\n]"
11:45:32.401 [Test worker] DEBUG org.apache.http.wire - http-outgoing-9 << "            <td id="id">8</td>[\n]"
11:45:32.401 [Test worker] DEBUG org.apache.http.wire - http-outgoing-9 << "            <td style="text-align:center;">Michele</td>[\n]"
11:45:32.401 [Test worker] DEBUG org.apache.http.wire - http-outgoing-9 << "            <td id='lastName' style="text-align:center;">Bianchi</td>[\n]"
11:45:32.401 [Test worker] DEBUG org.apache.http.wire - http-outgoing-9 << "            <td style="text-align:center;">11/06/1993</td>[\n]"
11:45:32.401 [Test worker] DEBUG org.apache.http.wire - http-outgoing-9 << "            <td style="text-align:center;"></td>[\n]"
11:45:32.401 [Test worker] DEBUG org.apache.http.wire - http-outgoing-9 << "            <td> <a href="cartella?id=8" style="text-align:center;"> Cartella </a></td>[\n]"
11:45:32.401 [Test worker] DEBUG org.apache.http.wire - http-outgoing-9 << "            <td> <a href="edit?id=8" id="modifica" style="text-align:center;"> Modifica </a></td>[\n]"
11:45:32.401 [Test worker] DEBUG org.apache.http.wire - http-outgoing-9 << "            <td> <a href="dimetti?id=8" style="text-align:center;"> Dimetti </a></td>[\n]"
11:45:32.401 [Test worker] DEBUG org.apache.http.wire - http-outgoing-9 << "            <td> <a href="delete?id=8" id="cancella" style="text-align:center;"> Cancella </a></td>[\n]"
11:45:32.401 [Test worker] DEBUG org.apache.http.wire - http-outgoing-9 << "            <td><button><a href="print?id=8" style="text-align:center;text-decoration:none;"> Stampa scheda </a></button></td>[\n]"
11:45:32.401 [Test worker] DEBUG org.apache.http.wire - http-outgoing-9 << "        </tr>[\n]"
11:45:32.401 [Test worker] DEBUG org.apache.http.wire - http-outgoing-9 << "        </tbody>[\n]"
11:45:32.401 [Test worker] DEBUG org.apache.http.wire - http-outgoing-9 << "</table>[\n]"
11:45:32.401 [Test worker] DEBUG org.apache.http.wire - http-outgoing-9 << "[\n]"
11:45:32.401 [Test worker] DEBUG org.apache.http.wire - http-outgoing-9 << "<h1>Pazienti Dimessi</h1>[\n]"
11:45:32.402 [Test worker] DEBUG org.apache.http.wire - http-outgoing-9 << "<table border="1" id="discharged" name="discharged">[\n]"
11:45:32.402 [Test worker] DEBUG org.apache.http.wire - http-outgoing-9 << "    <thead>[\n]"
11:45:32.402 [Test worker] DEBUG org.apache.http.wire - http-outgoing-9 << "    <tr>[\n]"
11:45:32.402 [Test worker] DEBUG org.apache.http.wire - http-outgoing-9 << "        <th>Id</th>[\n]"
11:45:32.402 [Test worker] DEBUG org.apache.http.wire - http-outgoing-9 << "        <th>Nome</th>[\n]"
11:45:32.402 [Test worker] DEBUG org.apache.http.wire - http-outgoing-9 << "        <th>Cognome</th>[\n]"
11:45:32.402 [Test worker] DEBUG org.apache.http.wire - http-outgoing-9 << "        <th>Data Ricovero</th>[\n]"
11:45:32.402 [Test worker] DEBUG org.apache.http.wire - http-outgoing-9 << "        <th>Data Dimissione</th>[\n]"
11:45:32.402 [Test worker] DEBUG org.apache.http.wire - http-outgoing-9 << "        <th>Cartella</th>[\n]"
11:45:32.402 [Test worker] DEBUG org.apache.http.wire - http-outgoing-9 << "        <th>Modifica</th>[\n]"
11:45:32.402 [Test worker] DEBUG org.apache.http.wire - http-outgoing-9 << "        <th>Cancella</th>[\n]"
11:45:32.402 [Test worker] DEBUG org.apache.http.wire - http-outgoing-9 << "        <th>Stampa</th>[\n]"
11:45:32.402 [Test worker] DEBUG org.apache.http.wire - http-outgoing-9 << "    </tr>[\n]"
11:45:32.402 [Test worker] DEBUG org.apache.http.wire - http-outgoing-9 << "    </thead>[\n]"
11:45:32.402 [Test worker] DEBUG org.apache.http.wire - http-outgoing-9 << "    <tbody>[\n]"
11:45:32.402 [Test worker] DEBUG org.apache.http.wire - http-outgoing-9 << "    <tr>[\n]"
11:45:32.402 [Test worker] DEBUG org.apache.http.wire - http-outgoing-9 << "        <td id="idDischarged">1</td>[\n]"
11:45:32.402 [Test worker] DEBUG org.apache.http.wire - http-outgoing-9 << "        <td style="text-align:center;">Michele</td>[\n]"
11:45:32.402 [Test worker] DEBUG org.apache.http.wire - http-outgoing-9 << "        <td id='lastNameDischarged' style="text-align:center;">Bianchi</td>[\n]"
11:45:32.402 [Test worker] DEBUG org.apache.http.wire - http-outgoing-9 << "        <td style="text-align:center;">11/06/1993</td>[\n]"
11:45:32.402 [Test worker] DEBUG org.apache.http.wire - http-outgoing-9 << "        <td style="text-align:center;">21/01/2021</td>[\n]"
11:45:32.402 [Test worker] DEBUG org.apache.http.wire - http-outgoing-9 << "        <td> <a href="cartella?id=1" style="text-align:center;"> Cartella </a></td>[\n]"
11:45:32.402 [Test worker] DEBUG org.apache.http.wire - http-outgoing-9 << "        <td> <a id="modificaDischarged" style="text-align:center; cursor:not-allowed; pointer-events:none; color:grey;"> Modifica </a></td>[\n]"
11:45:32.402 [Test worker] DEBUG org.apache.http.wire - http-outgoing-9 << "        <td> <a id="cancellaDischarged" style="text-align:center; cursor:not-allowed; pointer-events:none; color:grey;"> Cancella </a></td>[\n]"
11:45:32.402 [Test worker] DEBUG org.apache.http.wire - http-outgoing-9 << "        <td><button><a href="print?id=1" style="text-align:center;text-decoration:none;"> Stampa scheda </a></button></td>[\n]"
11:45:32.402 [Test worker] DEBUG org.apache.http.wire - http-outgoing-9 << "    </tr>[\n]"
11:45:32.402 [Test worker] DEBUG org.apache.http.wire - http-outgoing-9 << "    </tbody>[\n]"
11:45:32.402 [Test worker] DEBUG org.apache.http.wire - http-outgoing-9 << "</table>[\n]"
11:45:32.402 [Test worker] DEBUG org.apache.http.wire - http-outgoing-9 << "<br>[\n]"
11:45:32.402 [Test worker] DEBUG org.apache.http.wire - http-outgoing-9 << "<button><a href="input" style="text-decoration:none;">Registra un paziente</a></button>[\n]"
11:45:32.402 [Test worker] DEBUG org.apache.http.wire - http-outgoing-9 << "<br>[\n]"
11:45:32.402 [Test worker] DEBUG org.apache.http.wire - http-outgoing-9 << "<br>[\n]"
11:45:32.402 [Test worker] DEBUG org.apache.http.wire - http-outgoing-9 << "[\n]"
11:45:32.402 [Test worker] DEBUG org.apache.http.wire - http-outgoing-9 << "<form action="search" method="post">[\n]"
11:45:32.402 [Test worker] DEBUG org.apache.http.wire - http-outgoing-9 << "    Cognome Paziente: <input type="text" name="lastName"/>[\n]"
11:45:32.402 [Test worker] DEBUG org.apache.http.wire - http-outgoing-9 << "    <input type="submit" value="Cerca"/>[\n]"
11:45:32.402 [Test worker] DEBUG org.apache.http.wire - http-outgoing-9 << "</form>[\n]"
11:45:32.402 [Test worker] DEBUG org.apache.http.wire - http-outgoing-9 << "</body>[\n]"
11:45:32.402 [Test worker] DEBUG org.apache.http.wire - http-outgoing-9 << "</html>[\r][\n]"
11:45:32.402 [Test worker] DEBUG org.apache.http.headers - http-outgoing-9 << HTTP/1.1 200 
11:45:32.402 [Test worker] DEBUG org.apache.http.headers - http-outgoing-9 << Content-Type: text/html;charset=UTF-8
11:45:32.402 [Test worker] DEBUG org.apache.http.headers - http-outgoing-9 << Content-Language: en-US
11:45:32.402 [Test worker] DEBUG org.apache.http.headers - http-outgoing-9 << Transfer-Encoding: chunked
11:45:32.402 [Test worker] DEBUG org.apache.http.headers - http-outgoing-9 << Date: Thu, 21 Jan 2021 10:45:31 GMT
11:45:32.402 [Test worker] DEBUG org.apache.http.headers - http-outgoing-9 << Keep-Alive: timeout=60
11:45:32.402 [Test worker] DEBUG org.apache.http.headers - http-outgoing-9 << Connection: keep-alive
11:45:32.402 [Test worker] DEBUG org.apache.http.impl.execchain.MainClientExec - Connection can be kept alive for 60000 MILLISECONDS
11:45:32.402 [Test worker] DEBUG org.apache.http.wire - http-outgoing-9 << "0[\r][\n]"
11:45:32.402 [Test worker] DEBUG org.apache.http.wire - http-outgoing-9 << "[\r][\n]"
11:45:32.402 [Test worker] DEBUG org.apache.http.impl.conn.PoolingHttpClientConnectionManager - Connection [id: 9][route: {}->http://127.0.0.1:8080] can be kept alive for 60.0 seconds
11:45:32.402 [Test worker] DEBUG org.apache.http.impl.conn.DefaultManagedHttpClientConnection - http-outgoing-9: set socket timeout to 0
11:45:32.403 [Test worker] DEBUG org.apache.http.impl.conn.PoolingHttpClientConnectionManager - Connection released: [id: 9][route: {}->http://127.0.0.1:8080][total available: 1; route allocated: 1 of 6; total allocated: 1 of 20]
11:45:32.403 [Test worker] DEBUG com.gargoylesoftware.htmlunit.html.DomElement - Firing Event unload (Current Target: HTMLElement for HtmlHtml[<html>]);
11:45:32.403 [Test worker] DEBUG com.gargoylesoftware.htmlunit.WebWindowImpl - setEnclosedPage: HtmlPage(http://127.0.0.1:8080/list)@1739518730
11:45:32.403 [Test worker] DEBUG com.gargoylesoftware.htmlunit.WebWindowImpl - destroyChildren
11:45:32.407 [Test worker] DEBUG com.gargoylesoftware.htmlunit.util.EncodingSniffer - Encoding found in HTTP headers: 'UTF-8'.
11:45:32.409 [Test worker] DEBUG net.sourceforge.jwebunit.htmlunit.HtmlUnitTestingEngineImpl - Window "" changed : "MVC Web application" became "MVC Web application
11:45:32.410 [Test worker] DEBUG com.gargoylesoftware.htmlunit.html.DomElement - Firing Event DOMContentLoaded (Current Target: HTMLElement for HtmlHtml[<html>]);
11:45:32.410 [Test worker] DEBUG com.gargoylesoftware.htmlunit.html.DomElement - Firing Event load (Current Target: HTMLElement for HtmlHtml[<html>]);
11:45:32.411 [Test worker] DEBUG com.gargoylesoftware.htmlunit.html.DomElement - Firing Event mousedown (Current Target: HTMLElement for HtmlAnchor[<a href="delete?id=8" id="cancella" style="text-align:center;">]);
11:45:32.412 [Test worker] DEBUG com.gargoylesoftware.htmlunit.html.DomElement - Firing Event focus (Current Target: HTMLElement for HtmlAnchor[<a href="delete?id=8" id="cancella" style="text-align:center;">]);
11:45:32.412 [Test worker] DEBUG com.gargoylesoftware.htmlunit.html.DomElement - Firing Event mouseup (Current Target: HTMLElement for HtmlAnchor[<a href="delete?id=8" id="cancella" style="text-align:center;">]);
11:45:32.412 [Test worker] DEBUG com.gargoylesoftware.htmlunit.html.DomElement - Firing Event click (Current Target: HTMLElement for HtmlAnchor[<a href="delete?id=8" id="cancella" style="text-align:center;">]);
11:45:32.412 [Test worker] DEBUG com.gargoylesoftware.htmlunit.html.HtmlAnchor - do click action in window '', using href 'delete?id=8'
11:45:32.412 [Test worker] DEBUG com.gargoylesoftware.htmlunit.util.EncodingSniffer - Encoding found in HTTP headers: 'UTF-8'.
11:45:32.412 [Test worker] DEBUG com.gargoylesoftware.htmlunit.html.HtmlAnchor - Getting page for http://127.0.0.1:8080/delete?id=8, derived from href 'delete?id=8', using the originating URL http://127.0.0.1:8080/list
11:45:32.412 [Test worker] DEBUG com.gargoylesoftware.htmlunit.html.DomElement - Firing Event beforeunload (Current Target: HTMLElement for HtmlHtml[<html>]);
11:45:32.412 [Test worker] DEBUG com.gargoylesoftware.htmlunit.WebClient - Load response for GET http://127.0.0.1:8080/delete?id=8
11:45:32.413 [Test worker] DEBUG org.apache.http.client.protocol.RequestAddCookies - CookieSpec selected: mine
11:45:32.413 [Test worker] DEBUG org.apache.http.client.protocol.RequestAuthCache - Auth cache not set in the context
11:45:32.413 [Test worker] DEBUG org.apache.http.impl.conn.PoolingHttpClientConnectionManager - Connection request: [route: {}->http://127.0.0.1:8080][total available: 1; route allocated: 1 of 6; total allocated: 1 of 20]
11:45:32.413 [Test worker] DEBUG org.apache.http.impl.conn.PoolingHttpClientConnectionManager - Connection leased: [id: 9][route: {}->http://127.0.0.1:8080][total available: 0; route allocated: 1 of 6; total allocated: 1 of 20]
11:45:32.413 [Test worker] DEBUG org.apache.http.impl.conn.DefaultManagedHttpClientConnection - http-outgoing-9: set socket timeout to 0
11:45:32.413 [Test worker] DEBUG org.apache.http.impl.conn.DefaultManagedHttpClientConnection - http-outgoing-9: set socket timeout to 0
11:45:32.413 [Test worker] DEBUG org.apache.http.impl.execchain.MainClientExec - Executing request GET /delete?id=8 HTTP/1.1
11:45:32.413 [Test worker] DEBUG org.apache.http.impl.execchain.MainClientExec - Target auth state: UNCHALLENGED
11:45:32.413 [Test worker] DEBUG org.apache.http.impl.execchain.MainClientExec - Proxy auth state: UNCHALLENGED
11:45:32.413 [Test worker] DEBUG org.apache.http.headers - http-outgoing-9 >> GET /delete?id=8 HTTP/1.1
11:45:32.413 [Test worker] DEBUG org.apache.http.headers - http-outgoing-9 >> Host: 127.0.0.1:8080
11:45:32.413 [Test worker] DEBUG org.apache.http.headers - http-outgoing-9 >> User-Agent: Mozilla/5.0 (Windows NT 6.1; rv:38.0) Gecko/20100101 Firefox/38.0
11:45:32.413 [Test worker] DEBUG org.apache.http.headers - http-outgoing-9 >> Accept: text/html,application/xhtml+xml,application/xml;q=0.9,*/*;q=0.8
11:45:32.413 [Test worker] DEBUG org.apache.http.headers - http-outgoing-9 >> Accept-Language: en-US
11:45:32.413 [Test worker] DEBUG org.apache.http.headers - http-outgoing-9 >> Accept-Encoding: gzip, deflate
11:45:32.413 [Test worker] DEBUG org.apache.http.headers - http-outgoing-9 >> Referer: http://127.0.0.1:8080/list
11:45:32.413 [Test worker] DEBUG org.apache.http.headers - http-outgoing-9 >> Connection: Keep-Alive
11:45:32.413 [Test worker] DEBUG org.apache.http.wire - http-outgoing-9 >> "GET /delete?id=8 HTTP/1.1[\r][\n]"
11:45:32.414 [Test worker] DEBUG org.apache.http.wire - http-outgoing-9 >> "Host: 127.0.0.1:8080[\r][\n]"
11:45:32.414 [Test worker] DEBUG org.apache.http.wire - http-outgoing-9 >> "User-Agent: Mozilla/5.0 (Windows NT 6.1; rv:38.0) Gecko/20100101 Firefox/38.0[\r][\n]"
11:45:32.414 [Test worker] DEBUG org.apache.http.wire - http-outgoing-9 >> "Accept: text/html,application/xhtml+xml,application/xml;q=0.9,*/*;q=0.8[\r][\n]"
11:45:32.414 [Test worker] DEBUG org.apache.http.wire - http-outgoing-9 >> "Accept-Language: en-US[\r][\n]"
11:45:32.414 [Test worker] DEBUG org.apache.http.wire - http-outgoing-9 >> "Accept-Encoding: gzip, deflate[\r][\n]"
11:45:32.414 [Test worker] DEBUG org.apache.http.wire - http-outgoing-9 >> "Referer: http://127.0.0.1:8080/list[\r][\n]"
11:45:32.414 [Test worker] DEBUG org.apache.http.wire - http-outgoing-9 >> "Connection: Keep-Alive[\r][\n]"
11:45:32.414 [Test worker] DEBUG org.apache.http.wire - http-outgoing-9 >> "[\r][\n]"
11:45:32.419 [Test worker] DEBUG org.apache.http.wire - http-outgoing-9 << "HTTP/1.1 302 [\r][\n]"
11:45:32.419 [Test worker] DEBUG org.apache.http.wire - http-outgoing-9 << "Location: http://127.0.0.1:8080/list[\r][\n]"
11:45:32.419 [Test worker] DEBUG org.apache.http.wire - http-outgoing-9 << "Content-Language: en-US[\r][\n]"
11:45:32.419 [Test worker] DEBUG org.apache.http.wire - http-outgoing-9 << "Content-Length: 0[\r][\n]"
11:45:32.419 [Test worker] DEBUG org.apache.http.wire - http-outgoing-9 << "Date: Thu, 21 Jan 2021 10:45:31 GMT[\r][\n]"
11:45:32.419 [Test worker] DEBUG org.apache.http.wire - http-outgoing-9 << "Keep-Alive: timeout=60[\r][\n]"
11:45:32.419 [Test worker] DEBUG org.apache.http.wire - http-outgoing-9 << "Connection: keep-alive[\r][\n]"
11:45:32.419 [Test worker] DEBUG org.apache.http.wire - http-outgoing-9 << "[\r][\n]"
11:45:32.419 [Test worker] DEBUG org.apache.http.headers - http-outgoing-9 << HTTP/1.1 302 
11:45:32.419 [Test worker] DEBUG org.apache.http.headers - http-outgoing-9 << Location: http://127.0.0.1:8080/list
11:45:32.419 [Test worker] DEBUG org.apache.http.headers - http-outgoing-9 << Content-Language: en-US
11:45:32.419 [Test worker] DEBUG org.apache.http.headers - http-outgoing-9 << Content-Length: 0
11:45:32.419 [Test worker] DEBUG org.apache.http.headers - http-outgoing-9 << Date: Thu, 21 Jan 2021 10:45:31 GMT
11:45:32.419 [Test worker] DEBUG org.apache.http.headers - http-outgoing-9 << Keep-Alive: timeout=60
11:45:32.419 [Test worker] DEBUG org.apache.http.headers - http-outgoing-9 << Connection: keep-alive
11:45:32.419 [Test worker] DEBUG org.apache.http.impl.execchain.MainClientExec - Connection can be kept alive for 60000 MILLISECONDS
11:45:32.419 [Test worker] DEBUG org.apache.http.impl.conn.PoolingHttpClientConnectionManager - Connection [id: 9][route: {}->http://127.0.0.1:8080] can be kept alive for 60.0 seconds
11:45:32.419 [Test worker] DEBUG org.apache.http.impl.conn.DefaultManagedHttpClientConnection - http-outgoing-9: set socket timeout to 0
11:45:32.419 [Test worker] DEBUG org.apache.http.impl.conn.PoolingHttpClientConnectionManager - Connection released: [id: 9][route: {}->http://127.0.0.1:8080][total available: 1; route allocated: 1 of 6; total allocated: 1 of 20]
11:45:32.419 [Test worker] DEBUG com.gargoylesoftware.htmlunit.WebClient - Got a redirect status code [302] new location = [http://127.0.0.1:8080/list]
11:45:32.420 [Test worker] DEBUG com.gargoylesoftware.htmlunit.WebClient - Load response for GET http://127.0.0.1:8080/list
11:45:32.420 [Test worker] DEBUG org.apache.http.client.protocol.RequestAddCookies - CookieSpec selected: mine
11:45:32.420 [Test worker] DEBUG org.apache.http.client.protocol.RequestAuthCache - Auth cache not set in the context
11:45:32.420 [Test worker] DEBUG org.apache.http.impl.conn.PoolingHttpClientConnectionManager - Connection request: [route: {}->http://127.0.0.1:8080][total available: 1; route allocated: 1 of 6; total allocated: 1 of 20]
11:45:32.420 [Test worker] DEBUG org.apache.http.impl.conn.PoolingHttpClientConnectionManager - Connection leased: [id: 9][route: {}->http://127.0.0.1:8080][total available: 0; route allocated: 1 of 6; total allocated: 1 of 20]
11:45:32.420 [Test worker] DEBUG org.apache.http.impl.conn.DefaultManagedHttpClientConnection - http-outgoing-9: set socket timeout to 0
11:45:32.421 [Test worker] DEBUG org.apache.http.impl.conn.DefaultManagedHttpClientConnection - http-outgoing-9: set socket timeout to 0
11:45:32.421 [Test worker] DEBUG org.apache.http.impl.execchain.MainClientExec - Executing request GET /list HTTP/1.1
11:45:32.421 [Test worker] DEBUG org.apache.http.impl.execchain.MainClientExec - Target auth state: UNCHALLENGED
11:45:32.421 [Test worker] DEBUG org.apache.http.impl.execchain.MainClientExec - Proxy auth state: UNCHALLENGED
11:45:32.421 [Test worker] DEBUG org.apache.http.headers - http-outgoing-9 >> GET /list HTTP/1.1
11:45:32.421 [Test worker] DEBUG org.apache.http.headers - http-outgoing-9 >> Host: 127.0.0.1:8080
11:45:32.421 [Test worker] DEBUG org.apache.http.headers - http-outgoing-9 >> User-Agent: Mozilla/5.0 (Windows NT 6.1; rv:38.0) Gecko/20100101 Firefox/38.0
11:45:32.421 [Test worker] DEBUG org.apache.http.headers - http-outgoing-9 >> Accept: text/html,application/xhtml+xml,application/xml;q=0.9,*/*;q=0.8
11:45:32.421 [Test worker] DEBUG org.apache.http.headers - http-outgoing-9 >> Accept-Language: en-US
11:45:32.421 [Test worker] DEBUG org.apache.http.headers - http-outgoing-9 >> Accept-Encoding: gzip, deflate
11:45:32.421 [Test worker] DEBUG org.apache.http.headers - http-outgoing-9 >> Referer: http://127.0.0.1:8080/list
11:45:32.421 [Test worker] DEBUG org.apache.http.headers - http-outgoing-9 >> Connection: Keep-Alive
11:45:32.421 [Test worker] DEBUG org.apache.http.wire - http-outgoing-9 >> "GET /list HTTP/1.1[\r][\n]"
11:45:32.421 [Test worker] DEBUG org.apache.http.wire - http-outgoing-9 >> "Host: 127.0.0.1:8080[\r][\n]"
11:45:32.421 [Test worker] DEBUG org.apache.http.wire - http-outgoing-9 >> "User-Agent: Mozilla/5.0 (Windows NT 6.1; rv:38.0) Gecko/20100101 Firefox/38.0[\r][\n]"
11:45:32.421 [Test worker] DEBUG org.apache.http.wire - http-outgoing-9 >> "Accept: text/html,application/xhtml+xml,application/xml;q=0.9,*/*;q=0.8[\r][\n]"
11:45:32.421 [Test worker] DEBUG org.apache.http.wire - http-outgoing-9 >> "Accept-Language: en-US[\r][\n]"
11:45:32.421 [Test worker] DEBUG org.apache.http.wire - http-outgoing-9 >> "Accept-Encoding: gzip, deflate[\r][\n]"
11:45:32.421 [Test worker] DEBUG org.apache.http.wire - http-outgoing-9 >> "Referer: http://127.0.0.1:8080/list[\r][\n]"
11:45:32.421 [Test worker] DEBUG org.apache.http.wire - http-outgoing-9 >> "Connection: Keep-Alive[\r][\n]"
11:45:32.421 [Test worker] DEBUG org.apache.http.wire - http-outgoing-9 >> "[\r][\n]"
11:45:32.425 [Test worker] DEBUG org.apache.http.wire - http-outgoing-9 << "HTTP/1.1 200 [\r][\n]"
11:45:32.425 [Test worker] DEBUG org.apache.http.wire - http-outgoing-9 << "Content-Type: text/html;charset=UTF-8[\r][\n]"
11:45:32.425 [Test worker] DEBUG org.apache.http.wire - http-outgoing-9 << "Content-Language: en-US[\r][\n]"
11:45:32.425 [Test worker] DEBUG org.apache.http.wire - http-outgoing-9 << "Transfer-Encoding: chunked[\r][\n]"
11:45:32.425 [Test worker] DEBUG org.apache.http.wire - http-outgoing-9 << "Date: Thu, 21 Jan 2021 10:45:31 GMT[\r][\n]"
11:45:32.425 [Test worker] DEBUG org.apache.http.wire - http-outgoing-9 << "Keep-Alive: timeout=60[\r][\n]"
11:45:32.425 [Test worker] DEBUG org.apache.http.wire - http-outgoing-9 << "Connection: keep-alive[\r][\n]"
11:45:32.425 [Test worker] DEBUG org.apache.http.wire - http-outgoing-9 << "[\r][\n]"
11:45:32.425 [Test worker] DEBUG org.apache.http.wire - http-outgoing-9 << "7e3[\r][\n]"
11:45:32.425 [Test worker] DEBUG org.apache.http.wire - http-outgoing-9 << "<!DOCTYPE HTML>[\n]"
11:45:32.425 [Test worker] DEBUG org.apache.http.wire - http-outgoing-9 << "<html>[\n]"
11:45:32.425 [Test worker] DEBUG org.apache.http.wire - http-outgoing-9 << "<head>[\n]"
11:45:32.425 [Test worker] DEBUG org.apache.http.wire - http-outgoing-9 << "    <title>MVC Web application</title>[\n]"
11:45:32.425 [Test worker] DEBUG org.apache.http.wire - http-outgoing-9 << "    <meta http-equiv="Content-Type" content="text/html; charset=UTF-8" />[\n]"
11:45:32.425 [Test worker] DEBUG org.apache.http.wire - http-outgoing-9 << "</head>[\n]"
11:45:32.425 [Test worker] DEBUG org.apache.http.wire - http-outgoing-9 << "[\n]"
11:45:32.425 [Test worker] DEBUG org.apache.http.wire - http-outgoing-9 << "<body>[\n]"
11:45:32.425 [Test worker] DEBUG org.apache.http.wire - http-outgoing-9 << "<h1>Pazienti Ricoverati</h1>[\n]"
11:45:32.425 [Test worker] DEBUG org.apache.http.wire - http-outgoing-9 << "[\n]"
11:45:32.425 [Test worker] DEBUG org.apache.http.wire - http-outgoing-9 << "<table border="1" id="present" name="present">[\n]"
11:45:32.425 [Test worker] DEBUG org.apache.http.wire - http-outgoing-9 << "    <thead>[\n]"
11:45:32.425 [Test worker] DEBUG org.apache.http.wire - http-outgoing-9 << "    <tr>[\n]"
11:45:32.425 [Test worker] DEBUG org.apache.http.wire - http-outgoing-9 << "        <th>Id</th>[\n]"
11:45:32.425 [Test worker] DEBUG org.apache.http.wire - http-outgoing-9 << "        <th>Nome</th>[\n]"
11:45:32.425 [Test worker] DEBUG org.apache.http.wire - http-outgoing-9 << "        <th>Cognome</th>[\n]"
11:45:32.425 [Test worker] DEBUG org.apache.http.wire - http-outgoing-9 << "        <th>Data ricovero</th>[\n]"
11:45:32.425 [Test worker] DEBUG org.apache.http.wire - http-outgoing-9 << "        <th>Data dimissione</th>[\n]"
11:45:32.425 [Test worker] DEBUG org.apache.http.wire - http-outgoing-9 << "        <th>Mostra</th>[\n]"
11:45:32.425 [Test worker] DEBUG org.apache.http.wire - http-outgoing-9 << "        <th>Modifica</th>[\n]"
11:45:32.425 [Test worker] DEBUG org.apache.http.wire - http-outgoing-9 << "        <th>Dimetti</th>[\n]"
11:45:32.425 [Test worker] DEBUG org.apache.http.wire - http-outgoing-9 << "        <th>Cancella</th>[\n]"
11:45:32.425 [Test worker] DEBUG org.apache.http.wire - http-outgoing-9 << "        <th>Stampa</th>[\n]"
11:45:32.425 [Test worker] DEBUG org.apache.http.wire - http-outgoing-9 << "    </tr>[\n]"
11:45:32.425 [Test worker] DEBUG org.apache.http.wire - http-outgoing-9 << "    </thead>[\n]"
11:45:32.425 [Test worker] DEBUG org.apache.http.wire - http-outgoing-9 << "    <tbody>[\n]"
11:45:32.425 [Test worker] DEBUG org.apache.http.wire - http-outgoing-9 << "        [\n]"
11:45:32.425 [Test worker] DEBUG org.apache.http.wire - http-outgoing-9 << "        </tbody>[\n]"
11:45:32.425 [Test worker] DEBUG org.apache.http.wire - http-outgoing-9 << "</table>[\n]"
11:45:32.425 [Test worker] DEBUG org.apache.http.wire - http-outgoing-9 << "[\n]"
11:45:32.425 [Test worker] DEBUG org.apache.http.wire - http-outgoing-9 << "<h1>Pazienti Dimessi</h1>[\n]"
11:45:32.425 [Test worker] DEBUG org.apache.http.wire - http-outgoing-9 << "<table border="1" id="discharged" name="discharged">[\n]"
11:45:32.425 [Test worker] DEBUG org.apache.http.wire - http-outgoing-9 << "    <thead>[\n]"
11:45:32.425 [Test worker] DEBUG org.apache.http.wire - http-outgoing-9 << "    <tr>[\n]"
11:45:32.425 [Test worker] DEBUG org.apache.http.wire - http-outgoing-9 << "        <th>Id</th>[\n]"
11:45:32.426 [Test worker] DEBUG org.apache.http.wire - http-outgoing-9 << "        <th>Nome</th>[\n]"
11:45:32.426 [Test worker] DEBUG org.apache.http.wire - http-outgoing-9 << "        <th>Cognome</th>[\n]"
11:45:32.426 [Test worker] DEBUG org.apache.http.wire - http-outgoing-9 << "        <th>Data Ricovero</th>[\n]"
11:45:32.426 [Test worker] DEBUG org.apache.http.wire - http-outgoing-9 << "        <th>Data Dimissione</th>[\n]"
11:45:32.426 [Test worker] DEBUG org.apache.http.wire - http-outgoing-9 << "        <th>Cartella</th>[\n]"
11:45:32.426 [Test worker] DEBUG org.apache.http.wire - http-outgoing-9 << "        <th>Modifica</th>[\n]"
11:45:32.426 [Test worker] DEBUG org.apache.http.wire - http-outgoing-9 << "        <th>Cancella</th>[\n]"
11:45:32.426 [Test worker] DEBUG org.apache.http.wire - http-outgoing-9 << "        <th>Stampa</th>[\n]"
11:45:32.426 [Test worker] DEBUG org.apache.http.wire - http-outgoing-9 << "    </tr>[\n]"
11:45:32.426 [Test worker] DEBUG org.apache.http.wire - http-outgoing-9 << "    </thead>[\n]"
11:45:32.426 [Test worker] DEBUG org.apache.http.wire - http-outgoing-9 << "    <tbody>[\n]"
11:45:32.426 [Test worker] DEBUG org.apache.http.wire - http-outgoing-9 << "    <tr>[\n]"
11:45:32.426 [Test worker] DEBUG org.apache.http.wire - http-outgoing-9 << "        <td id="idDischarged">1</td>[\n]"
11:45:32.426 [Test worker] DEBUG org.apache.http.wire - http-outgoing-9 << "        <td style="text-align:center;">Michele</td>[\n]"
11:45:32.426 [Test worker] DEBUG org.apache.http.wire - http-outgoing-9 << "        <td id='lastNameDischarged' style="text-align:center;">Bianchi</td>[\n]"
11:45:32.426 [Test worker] DEBUG org.apache.http.wire - http-outgoing-9 << "        <td style="text-align:center;">11/06/1993</td>[\n]"
11:45:32.426 [Test worker] DEBUG org.apache.http.wire - http-outgoing-9 << "        <td style="text-align:center;">21/01/2021</td>[\n]"
11:45:32.426 [Test worker] DEBUG org.apache.http.wire - http-outgoing-9 << "        <td> <a href="cartella?id=1" style="text-align:center;"> Cartella </a></td>[\n]"
11:45:32.426 [Test worker] DEBUG org.apache.http.wire - http-outgoing-9 << "        <td> <a id="modificaDischarged" style="text-align:center; cursor:not-allowed; pointer-events:none; color:grey;"> Modifica </a></td>[\n]"
11:45:32.426 [Test worker] DEBUG org.apache.http.wire - http-outgoing-9 << "        <td> <a id="cancellaDischarged" style="text-align:center; cursor:not-allowed; pointer-events:none; color:grey;"> Cancella </a></td>[\n]"
11:45:32.426 [Test worker] DEBUG org.apache.http.wire - http-outgoing-9 << "        <td><button><a href="print?id=1" style="text-align:center;text-decoration:none;"> Stampa scheda </a></button></td>[\n]"
11:45:32.426 [Test worker] DEBUG org.apache.http.wire - http-outgoing-9 << "    </tr>[\n]"
11:45:32.426 [Test worker] DEBUG org.apache.http.wire - http-outgoing-9 << "    </tbody>[\n]"
11:45:32.426 [Test worker] DEBUG org.apache.http.wire - http-outgoing-9 << "</table>[\n]"
11:45:32.426 [Test worker] DEBUG org.apache.http.wire - http-outgoing-9 << "<br>[\n]"
11:45:32.426 [Test worker] DEBUG org.apache.http.wire - http-outgoing-9 << "<button><a href="input" style="text-decoration:none;">Registra un paziente</a></button>[\n]"
11:45:32.426 [Test worker] DEBUG org.apache.http.wire - http-outgoing-9 << "<br>[\n]"
11:45:32.426 [Test worker] DEBUG org.apache.http.wire - http-outgoing-9 << "<br>[\n]"
11:45:32.426 [Test worker] DEBUG org.apache.http.wire - http-outgoing-9 << "[\n]"
11:45:32.426 [Test worker] DEBUG org.apache.http.wire - http-outgoing-9 << "<form action="search" method="post">[\n]"
11:45:32.426 [Test worker] DEBUG org.apache.http.wire - http-outgoing-9 << "    Cognome Paziente: <input type="text" name="lastName"/>[\n]"
11:45:32.426 [Test worker] DEBUG org.apache.http.wire - http-outgoing-9 << "    <input type="submit" value="Cerca"/>[\n]"
11:45:32.426 [Test worker] DEBUG org.apache.http.wire - http-outgoing-9 << "</form>[\n]"
11:45:32.426 [Test worker] DEBUG org.apache.http.wire - http-outgoing-9 << "</body>[\n]"
11:45:32.426 [Test worker] DEBUG org.apache.http.wire - http-outgoing-9 << "</html>[\r][\n]"
11:45:32.426 [Test worker] DEBUG org.apache.http.headers - http-outgoing-9 << HTTP/1.1 200 
11:45:32.426 [Test worker] DEBUG org.apache.http.headers - http-outgoing-9 << Content-Type: text/html;charset=UTF-8
11:45:32.426 [Test worker] DEBUG org.apache.http.headers - http-outgoing-9 << Content-Language: en-US
11:45:32.426 [Test worker] DEBUG org.apache.http.headers - http-outgoing-9 << Transfer-Encoding: chunked
11:45:32.426 [Test worker] DEBUG org.apache.http.headers - http-outgoing-9 << Date: Thu, 21 Jan 2021 10:45:31 GMT
11:45:32.426 [Test worker] DEBUG org.apache.http.headers - http-outgoing-9 << Keep-Alive: timeout=60
11:45:32.426 [Test worker] DEBUG org.apache.http.headers - http-outgoing-9 << Connection: keep-alive
11:45:32.427 [Test worker] DEBUG org.apache.http.impl.execchain.MainClientExec - Connection can be kept alive for 60000 MILLISECONDS
11:45:32.427 [Test worker] DEBUG org.apache.http.wire - http-outgoing-9 << "0[\r][\n]"
11:45:32.427 [Test worker] DEBUG org.apache.http.wire - http-outgoing-9 << "[\r][\n]"
11:45:32.427 [Test worker] DEBUG org.apache.http.impl.conn.PoolingHttpClientConnectionManager - Connection [id: 9][route: {}->http://127.0.0.1:8080] can be kept alive for 60.0 seconds
11:45:32.427 [Test worker] DEBUG org.apache.http.impl.conn.DefaultManagedHttpClientConnection - http-outgoing-9: set socket timeout to 0
11:45:32.427 [Test worker] DEBUG org.apache.http.impl.conn.PoolingHttpClientConnectionManager - Connection released: [id: 9][route: {}->http://127.0.0.1:8080][total available: 1; route allocated: 1 of 6; total allocated: 1 of 20]
11:45:32.427 [Test worker] DEBUG com.gargoylesoftware.htmlunit.html.DomElement - Firing Event unload (Current Target: HTMLElement for HtmlHtml[<html>]);
11:45:32.427 [Test worker] DEBUG com.gargoylesoftware.htmlunit.WebWindowImpl - setEnclosedPage: HtmlPage(http://127.0.0.1:8080/list)@24865459
11:45:32.427 [Test worker] DEBUG com.gargoylesoftware.htmlunit.WebWindowImpl - destroyChildren
11:45:32.433 [Test worker] DEBUG com.gargoylesoftware.htmlunit.util.EncodingSniffer - Encoding found in HTTP headers: 'UTF-8'.
11:45:32.435 [Test worker] DEBUG net.sourceforge.jwebunit.htmlunit.HtmlUnitTestingEngineImpl - Window "" changed : "MVC Web application" became "MVC Web application
11:45:32.435 [Test worker] DEBUG com.gargoylesoftware.htmlunit.html.DomElement - Firing Event DOMContentLoaded (Current Target: HTMLElement for HtmlHtml[<html>]);
11:45:32.435 [Test worker] DEBUG com.gargoylesoftware.htmlunit.html.DomElement - Firing Event load (Current Target: HTMLElement for HtmlHtml[<html>]);
11:45:32.436 [Test worker] DEBUG com.gargoylesoftware.htmlunit.WebClient - Get page for window named '', using WebRequest[<url="http://127.0.0.1:8080/input", GET, EncodingType[name=application/x-www-form-urlencoded], [], {Accept=text/html,application/xhtml+xml,application/xml;q=0.9,*/*;q=0.8, Accept-Encoding=gzip, deflate}, null>]
11:45:32.436 [Test worker] DEBUG com.gargoylesoftware.htmlunit.WebClient - Load response for GET http://127.0.0.1:8080/input
11:45:32.438 [Test worker] DEBUG org.apache.http.client.protocol.RequestAddCookies - CookieSpec selected: mine
11:45:32.438 [Test worker] DEBUG org.apache.http.client.protocol.RequestAuthCache - Auth cache not set in the context
11:45:32.438 [Test worker] DEBUG org.apache.http.impl.conn.PoolingHttpClientConnectionManager - Connection request: [route: {}->http://127.0.0.1:8080][total available: 0; route allocated: 0 of 6; total allocated: 0 of 20]
11:45:32.438 [Test worker] DEBUG org.apache.http.impl.conn.PoolingHttpClientConnectionManager - Connection leased: [id: 10][route: {}->http://127.0.0.1:8080][total available: 0; route allocated: 1 of 6; total allocated: 1 of 20]
11:45:32.438 [Test worker] DEBUG org.apache.http.impl.execchain.MainClientExec - Opening connection {}->http://127.0.0.1:8080
11:45:32.438 [Test worker] DEBUG org.apache.http.impl.conn.DefaultHttpClientConnectionOperator - Connecting to /127.0.0.1:8080
11:45:32.438 [Test worker] DEBUG org.apache.http.impl.conn.DefaultHttpClientConnectionOperator - Connection established 127.0.0.1:53839<->127.0.0.1:8080
11:45:32.439 [Test worker] DEBUG org.apache.http.impl.conn.DefaultManagedHttpClientConnection - http-outgoing-10: set socket timeout to 0
11:45:32.439 [Test worker] DEBUG org.apache.http.impl.execchain.MainClientExec - Executing request GET /input HTTP/1.1
11:45:32.439 [Test worker] DEBUG org.apache.http.impl.execchain.MainClientExec - Target auth state: UNCHALLENGED
11:45:32.439 [Test worker] DEBUG org.apache.http.impl.execchain.MainClientExec - Proxy auth state: UNCHALLENGED
11:45:32.439 [Test worker] DEBUG org.apache.http.headers - http-outgoing-10 >> GET /input HTTP/1.1
11:45:32.439 [Test worker] DEBUG org.apache.http.headers - http-outgoing-10 >> Host: 127.0.0.1:8080
11:45:32.439 [Test worker] DEBUG org.apache.http.headers - http-outgoing-10 >> User-Agent: Mozilla/5.0 (Windows NT 6.1; rv:38.0) Gecko/20100101 Firefox/38.0
11:45:32.439 [Test worker] DEBUG org.apache.http.headers - http-outgoing-10 >> Accept: text/html,application/xhtml+xml,application/xml;q=0.9,*/*;q=0.8
11:45:32.439 [Test worker] DEBUG org.apache.http.headers - http-outgoing-10 >> Accept-Language: en-US
11:45:32.439 [Test worker] DEBUG org.apache.http.headers - http-outgoing-10 >> Accept-Encoding: gzip, deflate
11:45:32.439 [Test worker] DEBUG org.apache.http.headers - http-outgoing-10 >> Connection: Keep-Alive
11:45:32.439 [Test worker] DEBUG org.apache.http.wire - http-outgoing-10 >> "GET /input HTTP/1.1[\r][\n]"
11:45:32.439 [Test worker] DEBUG org.apache.http.wire - http-outgoing-10 >> "Host: 127.0.0.1:8080[\r][\n]"
11:45:32.439 [Test worker] DEBUG org.apache.http.wire - http-outgoing-10 >> "User-Agent: Mozilla/5.0 (Windows NT 6.1; rv:38.0) Gecko/20100101 Firefox/38.0[\r][\n]"
11:45:32.439 [Test worker] DEBUG org.apache.http.wire - http-outgoing-10 >> "Accept: text/html,application/xhtml+xml,application/xml;q=0.9,*/*;q=0.8[\r][\n]"
11:45:32.439 [Test worker] DEBUG org.apache.http.wire - http-outgoing-10 >> "Accept-Language: en-US[\r][\n]"
11:45:32.439 [Test worker] DEBUG org.apache.http.wire - http-outgoing-10 >> "Accept-Encoding: gzip, deflate[\r][\n]"
11:45:32.439 [Test worker] DEBUG org.apache.http.wire - http-outgoing-10 >> "Connection: Keep-Alive[\r][\n]"
11:45:32.439 [Test worker] DEBUG org.apache.http.wire - http-outgoing-10 >> "[\r][\n]"
11:45:32.441 [Test worker] DEBUG org.apache.http.wire - http-outgoing-10 << "HTTP/1.1 200 [\r][\n]"
11:45:32.442 [Test worker] DEBUG org.apache.http.wire - http-outgoing-10 << "Content-Type: text/html;charset=UTF-8[\r][\n]"
11:45:32.442 [Test worker] DEBUG org.apache.http.wire - http-outgoing-10 << "Content-Language: en-US[\r][\n]"
11:45:32.442 [Test worker] DEBUG org.apache.http.wire - http-outgoing-10 << "Transfer-Encoding: chunked[\r][\n]"
11:45:32.442 [Test worker] DEBUG org.apache.http.wire - http-outgoing-10 << "Date: Thu, 21 Jan 2021 10:45:31 GMT[\r][\n]"
11:45:32.442 [Test worker] DEBUG org.apache.http.wire - http-outgoing-10 << "Keep-Alive: timeout=60[\r][\n]"
11:45:32.442 [Test worker] DEBUG org.apache.http.wire - http-outgoing-10 << "Connection: keep-alive[\r][\n]"
11:45:32.442 [Test worker] DEBUG org.apache.http.wire - http-outgoing-10 << "[\r][\n]"
11:45:32.442 [Test worker] DEBUG org.apache.http.wire - http-outgoing-10 << "2f0[\r][\n]"
11:45:32.442 [Test worker] DEBUG org.apache.http.wire - http-outgoing-10 << "<!DOCTYPE HTML>[\n]"
11:45:32.442 [Test worker] DEBUG org.apache.http.wire - http-outgoing-10 << "<html>[\n]"
11:45:32.442 [Test worker] DEBUG org.apache.http.wire - http-outgoing-10 << "<head>[\n]"
11:45:32.442 [Test worker] DEBUG org.apache.http.wire - http-outgoing-10 << "    <title>MVC Web application</title>[\n]"
11:45:32.442 [Test worker] DEBUG org.apache.http.wire - http-outgoing-10 << "    <meta http-equiv="Content-Type" content="text/html; charset=UTF-8" />[\n]"
11:45:32.442 [Test worker] DEBUG org.apache.http.wire - http-outgoing-10 << "</head>[\n]"
11:45:32.442 [Test worker] DEBUG org.apache.http.wire - http-outgoing-10 << "[\n]"
11:45:32.442 [Test worker] DEBUG org.apache.http.wire - http-outgoing-10 << "<body>[\n]"
11:45:32.442 [Test worker] DEBUG org.apache.http.wire - http-outgoing-10 << "<h1>Inserisci un nuovo paziente</h1>[\n]"
11:45:32.442 [Test worker] DEBUG org.apache.http.wire - http-outgoing-10 << "[\n]"
11:45:32.442 [Test worker] DEBUG org.apache.http.wire - http-outgoing-10 << "<form action="create" method="post">[\n]"
11:45:32.442 [Test worker] DEBUG org.apache.http.wire - http-outgoing-10 << "    <table border="1">[\n]"
11:45:32.442 [Test worker] DEBUG org.apache.http.wire - http-outgoing-10 << "        <tr>[\n]"
11:45:32.442 [Test worker] DEBUG org.apache.http.wire - http-outgoing-10 << "            <td>Nome</td>[\n]"
11:45:32.442 [Test worker] DEBUG org.apache.http.wire - http-outgoing-10 << "            <td><input type="text" name="firstName" required></td>[\n]"
11:45:32.442 [Test worker] DEBUG org.apache.http.wire - http-outgoing-10 << "        </tr>[\n]"
11:45:32.442 [Test worker] DEBUG org.apache.http.wire - http-outgoing-10 << "        <tr>[\n]"
11:45:32.442 [Test worker] DEBUG org.apache.http.wire - http-outgoing-10 << "            <td>Cognome</td>[\n]"
11:45:32.442 [Test worker] DEBUG org.apache.http.wire - http-outgoing-10 << "            <td><input type="text" name="lastName" required><br></td>[\n]"
11:45:32.442 [Test worker] DEBUG org.apache.http.wire - http-outgoing-10 << "        </tr>[\n]"
11:45:32.442 [Test worker] DEBUG org.apache.http.wire - http-outgoing-10 << "        <tr>[\n]"
11:45:32.442 [Test worker] DEBUG org.apache.http.wire - http-outgoing-10 << "            <td>Data ricovero</td>[\n]"
11:45:32.442 [Test worker] DEBUG org.apache.http.wire - http-outgoing-10 << "            <td><input type="date" name="admissionDate" required><br></td>[\n]"
11:45:32.442 [Test worker] DEBUG org.apache.http.wire - http-outgoing-10 << "        </tr>[\n]"
11:45:32.442 [Test worker] DEBUG org.apache.http.wire - http-outgoing-10 << "    </table>[\n]"
11:45:32.442 [Test worker] DEBUG org.apache.http.wire - http-outgoing-10 << "[\n]"
11:45:32.442 [Test worker] DEBUG org.apache.http.wire - http-outgoing-10 << "    <input type="submit" />[\n]"
11:45:32.442 [Test worker] DEBUG org.apache.http.wire - http-outgoing-10 << "</form>[\n]"
11:45:32.442 [Test worker] DEBUG org.apache.http.wire - http-outgoing-10 << "[\n]"
11:45:32.442 [Test worker] DEBUG org.apache.http.wire - http-outgoing-10 << "<br>[\n]"
11:45:32.442 [Test worker] DEBUG org.apache.http.wire - http-outgoing-10 << "<a href="list"> Torna alla lista </a>[\n]"
11:45:32.442 [Test worker] DEBUG org.apache.http.wire - http-outgoing-10 << "[\n]"
11:45:32.442 [Test worker] DEBUG org.apache.http.wire - http-outgoing-10 << "</body>[\n]"
11:45:32.442 [Test worker] DEBUG org.apache.http.wire - http-outgoing-10 << "</html>[\n]"
11:45:32.442 [Test worker] DEBUG org.apache.http.wire - http-outgoing-10 << "[\n]"
11:45:32.442 [Test worker] DEBUG org.apache.http.wire - http-outgoing-10 << "[\r][\n]"
11:45:32.443 [Test worker] DEBUG org.apache.http.headers - http-outgoing-10 << HTTP/1.1 200 
11:45:32.443 [Test worker] DEBUG org.apache.http.headers - http-outgoing-10 << Content-Type: text/html;charset=UTF-8
11:45:32.443 [Test worker] DEBUG org.apache.http.headers - http-outgoing-10 << Content-Language: en-US
11:45:32.443 [Test worker] DEBUG org.apache.http.headers - http-outgoing-10 << Transfer-Encoding: chunked
11:45:32.443 [Test worker] DEBUG org.apache.http.headers - http-outgoing-10 << Date: Thu, 21 Jan 2021 10:45:31 GMT
11:45:32.443 [Test worker] DEBUG org.apache.http.headers - http-outgoing-10 << Keep-Alive: timeout=60
11:45:32.443 [Test worker] DEBUG org.apache.http.headers - http-outgoing-10 << Connection: keep-alive
11:45:32.443 [Test worker] DEBUG org.apache.http.impl.execchain.MainClientExec - Connection can be kept alive for 60000 MILLISECONDS
11:45:32.443 [Test worker] DEBUG org.apache.http.wire - http-outgoing-10 << "0[\r][\n]"
11:45:32.443 [Test worker] DEBUG org.apache.http.wire - http-outgoing-10 << "[\r][\n]"
11:45:32.443 [Test worker] DEBUG org.apache.http.impl.conn.PoolingHttpClientConnectionManager - Connection [id: 10][route: {}->http://127.0.0.1:8080] can be kept alive for 60.0 seconds
11:45:32.443 [Test worker] DEBUG org.apache.http.impl.conn.DefaultManagedHttpClientConnection - http-outgoing-10: set socket timeout to 0
11:45:32.443 [Test worker] DEBUG org.apache.http.impl.conn.PoolingHttpClientConnectionManager - Connection released: [id: 10][route: {}->http://127.0.0.1:8080][total available: 1; route allocated: 1 of 6; total allocated: 1 of 20]
11:45:32.443 [Test worker] DEBUG com.gargoylesoftware.htmlunit.WebWindowImpl - setEnclosedPage: HtmlPage(http://127.0.0.1:8080/input)@1122323123
11:45:32.443 [Test worker] DEBUG com.gargoylesoftware.htmlunit.WebWindowImpl - destroyChildren
11:45:32.447 [Test worker] DEBUG com.gargoylesoftware.htmlunit.util.EncodingSniffer - Encoding found in HTTP headers: 'UTF-8'.
11:45:32.448 [Test worker] DEBUG net.sourceforge.jwebunit.htmlunit.HtmlUnitTestingEngineImpl - Window "" changed : "no_html" became "MVC Web application
11:45:32.448 [Test worker] DEBUG com.gargoylesoftware.htmlunit.html.DomElement - Firing Event DOMContentLoaded (Current Target: HTMLElement for HtmlHtml[<html>]);
11:45:32.448 [Test worker] DEBUG com.gargoylesoftware.htmlunit.html.DomElement - Firing Event load (Current Target: HTMLElement for HtmlHtml[<html>]);
11:45:32.449 [Test worker] DEBUG com.gargoylesoftware.htmlunit.html.DomElement - Firing Event change (Current Target: HTMLElement for HtmlTextInput[<input type="text" name="firstName" required="" value="Michele">]);
11:45:32.449 [Test worker] DEBUG com.gargoylesoftware.htmlunit.html.DomElement - Firing Event change (Current Target: HTMLElement for HtmlTextInput[<input type="text" name="lastName" required="" value="Bianchi">]);
11:45:32.449 [Test worker] DEBUG com.gargoylesoftware.htmlunit.html.DomElement - Firing Event change (Current Target: HTMLElement for HtmlDateInput[<input type="date" name="admissionDate" required="" value="1993-06-11">]);
11:45:32.449 [Test worker] DEBUG com.gargoylesoftware.htmlunit.html.DomElement - Firing Event mousedown (Current Target: HTMLElement for HtmlSubmitInput[<input type="submit">]);
11:45:32.450 [Test worker] DEBUG com.gargoylesoftware.htmlunit.html.DomElement - Firing Event focus (Current Target: HTMLElement for HtmlSubmitInput[<input type="submit">]);
11:45:32.450 [Test worker] DEBUG com.gargoylesoftware.htmlunit.html.DomElement - Firing Event mouseup (Current Target: HTMLElement for HtmlSubmitInput[<input type="submit">]);
11:45:32.450 [Test worker] DEBUG com.gargoylesoftware.htmlunit.html.DomElement - Firing Event click (Current Target: HTMLElement for HtmlSubmitInput[<input type="submit">]);
11:45:32.450 [Test worker] DEBUG com.gargoylesoftware.htmlunit.html.DomElement - Firing Event submit (Current Target: HTMLElement for HtmlForm[<form action="create" method="post">]);
11:45:32.450 [Test worker] DEBUG com.gargoylesoftware.htmlunit.util.EncodingSniffer - Encoding found in HTTP headers: 'UTF-8'.
11:45:32.450 [Test worker] DEBUG com.gargoylesoftware.htmlunit.WebClient - Load response for POST http://127.0.0.1:8080/create
11:45:32.451 [Test worker] DEBUG org.apache.http.client.protocol.RequestAddCookies - CookieSpec selected: mine
11:45:32.451 [Test worker] DEBUG org.apache.http.client.protocol.RequestAuthCache - Auth cache not set in the context
11:45:32.451 [Test worker] DEBUG org.apache.http.impl.conn.PoolingHttpClientConnectionManager - Connection request: [route: {}->http://127.0.0.1:8080][total available: 1; route allocated: 1 of 6; total allocated: 1 of 20]
11:45:32.451 [Test worker] DEBUG org.apache.http.impl.conn.PoolingHttpClientConnectionManager - Connection leased: [id: 10][route: {}->http://127.0.0.1:8080][total available: 0; route allocated: 1 of 6; total allocated: 1 of 20]
11:45:32.451 [Test worker] DEBUG org.apache.http.impl.conn.DefaultManagedHttpClientConnection - http-outgoing-10: set socket timeout to 0
11:45:32.451 [Test worker] DEBUG org.apache.http.impl.conn.DefaultManagedHttpClientConnection - http-outgoing-10: set socket timeout to 0
11:45:32.451 [Test worker] DEBUG org.apache.http.impl.execchain.MainClientExec - Executing request POST /create HTTP/1.1
11:45:32.451 [Test worker] DEBUG org.apache.http.impl.execchain.MainClientExec - Target auth state: UNCHALLENGED
11:45:32.451 [Test worker] DEBUG org.apache.http.impl.execchain.MainClientExec - Proxy auth state: UNCHALLENGED
11:45:32.451 [Test worker] DEBUG org.apache.http.headers - http-outgoing-10 >> POST /create HTTP/1.1
11:45:32.451 [Test worker] DEBUG org.apache.http.headers - http-outgoing-10 >> Host: 127.0.0.1:8080
11:45:32.451 [Test worker] DEBUG org.apache.http.headers - http-outgoing-10 >> User-Agent: Mozilla/5.0 (Windows NT 6.1; rv:38.0) Gecko/20100101 Firefox/38.0
11:45:32.451 [Test worker] DEBUG org.apache.http.headers - http-outgoing-10 >> Accept: */*
11:45:32.451 [Test worker] DEBUG org.apache.http.headers - http-outgoing-10 >> Accept-Language: en-US
11:45:32.451 [Test worker] DEBUG org.apache.http.headers - http-outgoing-10 >> Accept-Encoding: gzip, deflate
11:45:32.451 [Test worker] DEBUG org.apache.http.headers - http-outgoing-10 >> Referer: http://127.0.0.1:8080/input
11:45:32.451 [Test worker] DEBUG org.apache.http.headers - http-outgoing-10 >> Connection: Keep-Alive
11:45:32.451 [Test worker] DEBUG org.apache.http.headers - http-outgoing-10 >> Content-Length: 59
11:45:32.451 [Test worker] DEBUG org.apache.http.headers - http-outgoing-10 >> Content-Type: application/x-www-form-urlencoded
11:45:32.451 [Test worker] DEBUG org.apache.http.wire - http-outgoing-10 >> "POST /create HTTP/1.1[\r][\n]"
11:45:32.451 [Test worker] DEBUG org.apache.http.wire - http-outgoing-10 >> "Host: 127.0.0.1:8080[\r][\n]"
11:45:32.451 [Test worker] DEBUG org.apache.http.wire - http-outgoing-10 >> "User-Agent: Mozilla/5.0 (Windows NT 6.1; rv:38.0) Gecko/20100101 Firefox/38.0[\r][\n]"
11:45:32.451 [Test worker] DEBUG org.apache.http.wire - http-outgoing-10 >> "Accept: */*[\r][\n]"
11:45:32.451 [Test worker] DEBUG org.apache.http.wire - http-outgoing-10 >> "Accept-Language: en-US[\r][\n]"
11:45:32.451 [Test worker] DEBUG org.apache.http.wire - http-outgoing-10 >> "Accept-Encoding: gzip, deflate[\r][\n]"
11:45:32.451 [Test worker] DEBUG org.apache.http.wire - http-outgoing-10 >> "Referer: http://127.0.0.1:8080/input[\r][\n]"
11:45:32.451 [Test worker] DEBUG org.apache.http.wire - http-outgoing-10 >> "Connection: Keep-Alive[\r][\n]"
11:45:32.451 [Test worker] DEBUG org.apache.http.wire - http-outgoing-10 >> "Content-Length: 59[\r][\n]"
11:45:32.451 [Test worker] DEBUG org.apache.http.wire - http-outgoing-10 >> "Content-Type: application/x-www-form-urlencoded[\r][\n]"
11:45:32.451 [Test worker] DEBUG org.apache.http.wire - http-outgoing-10 >> "[\r][\n]"
11:45:32.451 [Test worker] DEBUG org.apache.http.wire - http-outgoing-10 >> "firstName=Michele&lastName=Bianchi&admissionDate=1993-06-11"
11:45:32.456 [Test worker] DEBUG org.apache.http.wire - http-outgoing-10 << "HTTP/1.1 302 [\r][\n]"
11:45:32.457 [Test worker] DEBUG org.apache.http.wire - http-outgoing-10 << "Location: http://127.0.0.1:8080/list[\r][\n]"
11:45:32.457 [Test worker] DEBUG org.apache.http.wire - http-outgoing-10 << "Content-Language: en-US[\r][\n]"
11:45:32.457 [Test worker] DEBUG org.apache.http.wire - http-outgoing-10 << "Content-Length: 0[\r][\n]"
11:45:32.457 [Test worker] DEBUG org.apache.http.wire - http-outgoing-10 << "Date: Thu, 21 Jan 2021 10:45:31 GMT[\r][\n]"
11:45:32.457 [Test worker] DEBUG org.apache.http.wire - http-outgoing-10 << "Keep-Alive: timeout=60[\r][\n]"
11:45:32.457 [Test worker] DEBUG org.apache.http.wire - http-outgoing-10 << "Connection: keep-alive[\r][\n]"
11:45:32.457 [Test worker] DEBUG org.apache.http.wire - http-outgoing-10 << "[\r][\n]"
11:45:32.460 [Test worker] DEBUG org.apache.http.headers - http-outgoing-10 << HTTP/1.1 302 
11:45:32.460 [Test worker] DEBUG org.apache.http.headers - http-outgoing-10 << Location: http://127.0.0.1:8080/list
11:45:32.460 [Test worker] DEBUG org.apache.http.headers - http-outgoing-10 << Content-Language: en-US
11:45:32.460 [Test worker] DEBUG org.apache.http.headers - http-outgoing-10 << Content-Length: 0
11:45:32.460 [Test worker] DEBUG org.apache.http.headers - http-outgoing-10 << Date: Thu, 21 Jan 2021 10:45:31 GMT
11:45:32.460 [Test worker] DEBUG org.apache.http.headers - http-outgoing-10 << Keep-Alive: timeout=60
11:45:32.460 [Test worker] DEBUG org.apache.http.headers - http-outgoing-10 << Connection: keep-alive
11:45:32.460 [Test worker] DEBUG org.apache.http.impl.execchain.MainClientExec - Connection can be kept alive for 60000 MILLISECONDS
11:45:32.460 [Test worker] DEBUG org.apache.http.impl.conn.PoolingHttpClientConnectionManager - Connection [id: 10][route: {}->http://127.0.0.1:8080] can be kept alive for 60.0 seconds
11:45:32.460 [Test worker] DEBUG org.apache.http.impl.conn.DefaultManagedHttpClientConnection - http-outgoing-10: set socket timeout to 0
11:45:32.460 [Test worker] DEBUG org.apache.http.impl.conn.PoolingHttpClientConnectionManager - Connection released: [id: 10][route: {}->http://127.0.0.1:8080][total available: 1; route allocated: 1 of 6; total allocated: 1 of 20]
11:45:32.460 [Test worker] DEBUG com.gargoylesoftware.htmlunit.WebClient - Got a redirect status code [302] new location = [http://127.0.0.1:8080/list]
11:45:32.460 [Test worker] DEBUG com.gargoylesoftware.htmlunit.WebClient - Load response for GET http://127.0.0.1:8080/list
11:45:32.461 [Test worker] DEBUG org.apache.http.client.protocol.RequestAddCookies - CookieSpec selected: mine
11:45:32.461 [Test worker] DEBUG org.apache.http.client.protocol.RequestAuthCache - Auth cache not set in the context
11:45:32.462 [Test worker] DEBUG org.apache.http.impl.conn.PoolingHttpClientConnectionManager - Connection request: [route: {}->http://127.0.0.1:8080][total available: 1; route allocated: 1 of 6; total allocated: 1 of 20]
11:45:32.462 [Test worker] DEBUG org.apache.http.impl.conn.PoolingHttpClientConnectionManager - Connection leased: [id: 10][route: {}->http://127.0.0.1:8080][total available: 0; route allocated: 1 of 6; total allocated: 1 of 20]
11:45:32.462 [Test worker] DEBUG org.apache.http.impl.conn.DefaultManagedHttpClientConnection - http-outgoing-10: set socket timeout to 0
11:45:32.462 [Test worker] DEBUG org.apache.http.impl.conn.DefaultManagedHttpClientConnection - http-outgoing-10: set socket timeout to 0
11:45:32.462 [Test worker] DEBUG org.apache.http.impl.execchain.MainClientExec - Executing request GET /list HTTP/1.1
11:45:32.462 [Test worker] DEBUG org.apache.http.impl.execchain.MainClientExec - Target auth state: UNCHALLENGED
11:45:32.462 [Test worker] DEBUG org.apache.http.impl.execchain.MainClientExec - Proxy auth state: UNCHALLENGED
11:45:32.462 [Test worker] DEBUG org.apache.http.headers - http-outgoing-10 >> GET /list HTTP/1.1
11:45:32.462 [Test worker] DEBUG org.apache.http.headers - http-outgoing-10 >> Host: 127.0.0.1:8080
11:45:32.462 [Test worker] DEBUG org.apache.http.headers - http-outgoing-10 >> User-Agent: Mozilla/5.0 (Windows NT 6.1; rv:38.0) Gecko/20100101 Firefox/38.0
11:45:32.462 [Test worker] DEBUG org.apache.http.headers - http-outgoing-10 >> Accept: */*
11:45:32.462 [Test worker] DEBUG org.apache.http.headers - http-outgoing-10 >> Accept-Language: en-US
11:45:32.462 [Test worker] DEBUG org.apache.http.headers - http-outgoing-10 >> Accept-Encoding: gzip, deflate
11:45:32.462 [Test worker] DEBUG org.apache.http.headers - http-outgoing-10 >> Referer: http://127.0.0.1:8080/input
11:45:32.462 [Test worker] DEBUG org.apache.http.headers - http-outgoing-10 >> Connection: Keep-Alive
11:45:32.462 [Test worker] DEBUG org.apache.http.wire - http-outgoing-10 >> "GET /list HTTP/1.1[\r][\n]"
11:45:32.462 [Test worker] DEBUG org.apache.http.wire - http-outgoing-10 >> "Host: 127.0.0.1:8080[\r][\n]"
11:45:32.462 [Test worker] DEBUG org.apache.http.wire - http-outgoing-10 >> "User-Agent: Mozilla/5.0 (Windows NT 6.1; rv:38.0) Gecko/20100101 Firefox/38.0[\r][\n]"
11:45:32.462 [Test worker] DEBUG org.apache.http.wire - http-outgoing-10 >> "Accept: */*[\r][\n]"
11:45:32.462 [Test worker] DEBUG org.apache.http.wire - http-outgoing-10 >> "Accept-Language: en-US[\r][\n]"
11:45:32.462 [Test worker] DEBUG org.apache.http.wire - http-outgoing-10 >> "Accept-Encoding: gzip, deflate[\r][\n]"
11:45:32.462 [Test worker] DEBUG org.apache.http.wire - http-outgoing-10 >> "Referer: http://127.0.0.1:8080/input[\r][\n]"
11:45:32.462 [Test worker] DEBUG org.apache.http.wire - http-outgoing-10 >> "Connection: Keep-Alive[\r][\n]"
11:45:32.462 [Test worker] DEBUG org.apache.http.wire - http-outgoing-10 >> "[\r][\n]"
11:45:32.469 [Test worker] DEBUG org.apache.http.wire - http-outgoing-10 << "HTTP/1.1 200 [\r][\n]"
11:45:32.469 [Test worker] DEBUG org.apache.http.wire - http-outgoing-10 << "Content-Type: text/html;charset=UTF-8[\r][\n]"
11:45:32.469 [Test worker] DEBUG org.apache.http.wire - http-outgoing-10 << "Content-Language: en-US[\r][\n]"
11:45:32.469 [Test worker] DEBUG org.apache.http.wire - http-outgoing-10 << "Transfer-Encoding: chunked[\r][\n]"
11:45:32.469 [Test worker] DEBUG org.apache.http.wire - http-outgoing-10 << "Date: Thu, 21 Jan 2021 10:45:31 GMT[\r][\n]"
11:45:32.469 [Test worker] DEBUG org.apache.http.wire - http-outgoing-10 << "Keep-Alive: timeout=60[\r][\n]"
11:45:32.469 [Test worker] DEBUG org.apache.http.wire - http-outgoing-10 << "Connection: keep-alive[\r][\n]"
11:45:32.469 [Test worker] DEBUG org.apache.http.wire - http-outgoing-10 << "[\r][\n]"
11:45:32.469 [Test worker] DEBUG org.apache.http.wire - http-outgoing-10 << "af1[\r][\n]"
11:45:32.469 [Test worker] DEBUG org.apache.http.wire - http-outgoing-10 << "<!DOCTYPE HTML>[\n]"
11:45:32.469 [Test worker] DEBUG org.apache.http.wire - http-outgoing-10 << "<html>[\n]"
11:45:32.469 [Test worker] DEBUG org.apache.http.wire - http-outgoing-10 << "<head>[\n]"
11:45:32.469 [Test worker] DEBUG org.apache.http.wire - http-outgoing-10 << "    <title>MVC Web application</title>[\n]"
11:45:32.469 [Test worker] DEBUG org.apache.http.wire - http-outgoing-10 << "    <meta http-equiv="Content-Type" content="text/html; charset=UTF-8" />[\n]"
11:45:32.469 [Test worker] DEBUG org.apache.http.wire - http-outgoing-10 << "</head>[\n]"
11:45:32.469 [Test worker] DEBUG org.apache.http.wire - http-outgoing-10 << "[\n]"
11:45:32.469 [Test worker] DEBUG org.apache.http.wire - http-outgoing-10 << "<body>[\n]"
11:45:32.469 [Test worker] DEBUG org.apache.http.wire - http-outgoing-10 << "<h1>Pazienti Ricoverati</h1>[\n]"
11:45:32.469 [Test worker] DEBUG org.apache.http.wire - http-outgoing-10 << "[\n]"
11:45:32.469 [Test worker] DEBUG org.apache.http.wire - http-outgoing-10 << "<table border="1" id="present" name="present">[\n]"
11:45:32.469 [Test worker] DEBUG org.apache.http.wire - http-outgoing-10 << "    <thead>[\n]"
11:45:32.469 [Test worker] DEBUG org.apache.http.wire - http-outgoing-10 << "    <tr>[\n]"
11:45:32.469 [Test worker] DEBUG org.apache.http.wire - http-outgoing-10 << "        <th>Id</th>[\n]"
11:45:32.469 [Test worker] DEBUG org.apache.http.wire - http-outgoing-10 << "        <th>Nome</th>[\n]"
11:45:32.469 [Test worker] DEBUG org.apache.http.wire - http-outgoing-10 << "        <th>Cognome</th>[\n]"
11:45:32.469 [Test worker] DEBUG org.apache.http.wire - http-outgoing-10 << "        <th>Data ricovero</th>[\n]"
11:45:32.469 [Test worker] DEBUG org.apache.http.wire - http-outgoing-10 << "        <th>Data dimissione</th>[\n]"
11:45:32.469 [Test worker] DEBUG org.apache.http.wire - http-outgoing-10 << "        <th>Mostra</th>[\n]"
11:45:32.469 [Test worker] DEBUG org.apache.http.wire - http-outgoing-10 << "        <th>Modifica</th>[\n]"
11:45:32.469 [Test worker] DEBUG org.apache.http.wire - http-outgoing-10 << "        <th>Dimetti</th>[\n]"
11:45:32.469 [Test worker] DEBUG org.apache.http.wire - http-outgoing-10 << "        <th>Cancella</th>[\n]"
11:45:32.469 [Test worker] DEBUG org.apache.http.wire - http-outgoing-10 << "        <th>Stampa</th>[\n]"
11:45:32.469 [Test worker] DEBUG org.apache.http.wire - http-outgoing-10 << "    </tr>[\n]"
11:45:32.469 [Test worker] DEBUG org.apache.http.wire - http-outgoing-10 << "    </thead>[\n]"
11:45:32.469 [Test worker] DEBUG org.apache.http.wire - http-outgoing-10 << "    <tbody>[\n]"
11:45:32.469 [Test worker] DEBUG org.apache.http.wire - http-outgoing-10 << "        <tr>[\n]"
11:45:32.469 [Test worker] DEBUG org.apache.http.wire - http-outgoing-10 << "            <td id="id">9</td>[\n]"
11:45:32.469 [Test worker] DEBUG org.apache.http.wire - http-outgoing-10 << "            <td style="text-align:center;">Michele</td>[\n]"
11:45:32.469 [Test worker] DEBUG org.apache.http.wire - http-outgoing-10 << "            <td id='lastName' style="text-align:center;">Bianchi</td>[\n]"
11:45:32.469 [Test worker] DEBUG org.apache.http.wire - http-outgoing-10 << "            <td style="text-align:center;">11/06/1993</td>[\n]"
11:45:32.469 [Test worker] DEBUG org.apache.http.wire - http-outgoing-10 << "            <td style="text-align:center;"></td>[\n]"
11:45:32.469 [Test worker] DEBUG org.apache.http.wire - http-outgoing-10 << "            <td> <a href="cartella?id=9" style="text-align:center;"> Cartella </a></td>[\n]"
11:45:32.469 [Test worker] DEBUG org.apache.http.wire - http-outgoing-10 << "            <td> <a href="edit?id=9" id="modifica" style="text-align:center;"> Modifica </a></td>[\n]"
11:45:32.469 [Test worker] DEBUG org.apache.http.wire - http-outgoing-10 << "            <td> <a href="dimetti?id=9" style="text-align:center;"> Dimetti </a></td>[\n]"
11:45:32.469 [Test worker] DEBUG org.apache.http.wire - http-outgoing-10 << "            <td> <a href="delete?id=9" id="cancella" style="text-align:center;"> Cancella </a></td>[\n]"
11:45:32.469 [Test worker] DEBUG org.apache.http.wire - http-outgoing-10 << "            <td><button><a href="print?id=9" style="text-align:center;text-decoration:none;"> Stampa scheda </a></button></td>[\n]"
11:45:32.469 [Test worker] DEBUG org.apache.http.wire - http-outgoing-10 << "        </tr>[\n]"
11:45:32.469 [Test worker] DEBUG org.apache.http.wire - http-outgoing-10 << "        </tbody>[\n]"
11:45:32.469 [Test worker] DEBUG org.apache.http.wire - http-outgoing-10 << "</table>[\n]"
11:45:32.469 [Test worker] DEBUG org.apache.http.wire - http-outgoing-10 << "[\n]"
11:45:32.469 [Test worker] DEBUG org.apache.http.wire - http-outgoing-10 << "<h1>Pazienti Dimessi</h1>[\n]"
11:45:32.469 [Test worker] DEBUG org.apache.http.wire - http-outgoing-10 << "<table border="1" id="discharged" name="discharged">[\n]"
11:45:32.469 [Test worker] DEBUG org.apache.http.wire - http-outgoing-10 << "    <thead>[\n]"
11:45:32.469 [Test worker] DEBUG org.apache.http.wire - http-outgoing-10 << "    <tr>[\n]"
11:45:32.469 [Test worker] DEBUG org.apache.http.wire - http-outgoing-10 << "        <th>Id</th>[\n]"
11:45:32.469 [Test worker] DEBUG org.apache.http.wire - http-outgoing-10 << "        <th>Nome</th>[\n]"
11:45:32.469 [Test worker] DEBUG org.apache.http.wire - http-outgoing-10 << "        <th>Cognome</th>[\n]"
11:45:32.469 [Test worker] DEBUG org.apache.http.wire - http-outgoing-10 << "        <th>Data Ricovero</th>[\n]"
11:45:32.469 [Test worker] DEBUG org.apache.http.wire - http-outgoing-10 << "        <th>Data Dimissione</th>[\n]"
11:45:32.469 [Test worker] DEBUG org.apache.http.wire - http-outgoing-10 << "        <th>Cartella</th>[\n]"
11:45:32.469 [Test worker] DEBUG org.apache.http.wire - http-outgoing-10 << "        <th>Modifica</th>[\n]"
11:45:32.469 [Test worker] DEBUG org.apache.http.wire - http-outgoing-10 << "        <th>Cancella</th>[\n]"
11:45:32.469 [Test worker] DEBUG org.apache.http.wire - http-outgoing-10 << "        <th>Stampa</th>[\n]"
11:45:32.469 [Test worker] DEBUG org.apache.http.wire - http-outgoing-10 << "    </tr>[\n]"
11:45:32.469 [Test worker] DEBUG org.apache.http.wire - http-outgoing-10 << "    </thead>[\n]"
11:45:32.469 [Test worker] DEBUG org.apache.http.wire - http-outgoing-10 << "    <tbody>[\n]"
11:45:32.469 [Test worker] DEBUG org.apache.http.wire - http-outgoing-10 << "    <tr>[\n]"
11:45:32.469 [Test worker] DEBUG org.apache.http.wire - http-outgoing-10 << "        <td id="idDischarged">1</td>[\n]"
11:45:32.469 [Test worker] DEBUG org.apache.http.wire - http-outgoing-10 << "        <td style="text-align:center;">Michele</td>[\n]"
11:45:32.469 [Test worker] DEBUG org.apache.http.wire - http-outgoing-10 << "        <td id='lastNameDischarged' style="text-align:center;">Bianchi</td>[\n]"
11:45:32.469 [Test worker] DEBUG org.apache.http.wire - http-outgoing-10 << "        <td style="text-align:center;">11/06/1993</td>[\n]"
11:45:32.469 [Test worker] DEBUG org.apache.http.wire - http-outgoing-10 << "        <td style="text-align:center;">21/01/2021</td>[\n]"
11:45:32.469 [Test worker] DEBUG org.apache.http.wire - http-outgoing-10 << "        <td> <a href="cartella?id=1" style="text-align:center;"> Cartella </a></td>[\n]"
11:45:32.469 [Test worker] DEBUG org.apache.http.wire - http-outgoing-10 << "        <td> <a id="modificaDischarged" style="text-align:center; cursor:not-allowed; pointer-events:none; color:grey;"> Modifica </a></td>[\n]"
11:45:32.469 [Test worker] DEBUG org.apache.http.wire - http-outgoing-10 << "        <td> <a id="cancellaDischarged" style="text-align:center; cursor:not-allowed; pointer-events:none; color:grey;"> Cancella </a></td>[\n]"
11:45:32.469 [Test worker] DEBUG org.apache.http.wire - http-outgoing-10 << "        <td><button><a href="print?id=1" style="text-align:center;text-decoration:none;"> Stampa scheda </a></button></td>[\n]"
11:45:32.469 [Test worker] DEBUG org.apache.http.wire - http-outgoing-10 << "    </tr>[\n]"
11:45:32.469 [Test worker] DEBUG org.apache.http.wire - http-outgoing-10 << "    </tbody>[\n]"
11:45:32.469 [Test worker] DEBUG org.apache.http.wire - http-outgoing-10 << "</table>[\n]"
11:45:32.469 [Test worker] DEBUG org.apache.http.wire - http-outgoing-10 << "<br>[\n]"
11:45:32.469 [Test worker] DEBUG org.apache.http.wire - http-outgoing-10 << "<button><a href="input" style="text-decoration:none;">Registra un paziente</a></button>[\n]"
11:45:32.469 [Test worker] DEBUG org.apache.http.wire - http-outgoing-10 << "<br>[\n]"
11:45:32.469 [Test worker] DEBUG org.apache.http.wire - http-outgoing-10 << "<br>[\n]"
11:45:32.469 [Test worker] DEBUG org.apache.http.wire - http-outgoing-10 << "[\n]"
11:45:32.469 [Test worker] DEBUG org.apache.http.wire - http-outgoing-10 << "<form action="search" method="post">[\n]"
11:45:32.469 [Test worker] DEBUG org.apache.http.wire - http-outgoing-10 << "    Cognome Paziente: <input type="text" name="lastName"/>[\n]"
11:45:32.469 [Test worker] DEBUG org.apache.http.wire - http-outgoing-10 << "    <input type="submit" value="Cerca"/>[\n]"
11:45:32.469 [Test worker] DEBUG org.apache.http.wire - http-outgoing-10 << "</form>[\n]"
11:45:32.469 [Test worker] DEBUG org.apache.http.wire - http-outgoing-10 << "</body>[\n]"
11:45:32.470 [Test worker] DEBUG org.apache.http.wire - http-outgoing-10 << "</html>[\r][\n]"
11:45:32.470 [Test worker] DEBUG org.apache.http.wire - http-outgoing-10 << "0[\r][\n]"
11:45:32.470 [Test worker] DEBUG org.apache.http.wire - http-outgoing-10 << "[\r][\n]"
11:45:32.470 [Test worker] DEBUG org.apache.http.headers - http-outgoing-10 << HTTP/1.1 200 
11:45:32.470 [Test worker] DEBUG org.apache.http.headers - http-outgoing-10 << Content-Type: text/html;charset=UTF-8
11:45:32.470 [Test worker] DEBUG org.apache.http.headers - http-outgoing-10 << Content-Language: en-US
11:45:32.470 [Test worker] DEBUG org.apache.http.headers - http-outgoing-10 << Transfer-Encoding: chunked
11:45:32.470 [Test worker] DEBUG org.apache.http.headers - http-outgoing-10 << Date: Thu, 21 Jan 2021 10:45:31 GMT
11:45:32.470 [Test worker] DEBUG org.apache.http.headers - http-outgoing-10 << Keep-Alive: timeout=60
11:45:32.470 [Test worker] DEBUG org.apache.http.headers - http-outgoing-10 << Connection: keep-alive
11:45:32.470 [Test worker] DEBUG org.apache.http.impl.execchain.MainClientExec - Connection can be kept alive for 60000 MILLISECONDS
11:45:32.470 [Test worker] DEBUG org.apache.http.impl.conn.PoolingHttpClientConnectionManager - Connection [id: 10][route: {}->http://127.0.0.1:8080] can be kept alive for 60.0 seconds
11:45:32.470 [Test worker] DEBUG org.apache.http.impl.conn.DefaultManagedHttpClientConnection - http-outgoing-10: set socket timeout to 0
11:45:32.471 [Test worker] DEBUG org.apache.http.impl.conn.PoolingHttpClientConnectionManager - Connection released: [id: 10][route: {}->http://127.0.0.1:8080][total available: 1; route allocated: 1 of 6; total allocated: 1 of 20]
11:45:32.471 [Test worker] DEBUG com.gargoylesoftware.htmlunit.html.DomElement - Firing Event unload (Current Target: HTMLElement for HtmlHtml[<html>]);
11:45:32.471 [Test worker] DEBUG com.gargoylesoftware.htmlunit.WebWindowImpl - setEnclosedPage: HtmlPage(http://127.0.0.1:8080/list)@1284851730
11:45:32.471 [Test worker] DEBUG com.gargoylesoftware.htmlunit.WebWindowImpl - destroyChildren
11:45:32.477 [Test worker] DEBUG com.gargoylesoftware.htmlunit.util.EncodingSniffer - Encoding found in HTTP headers: 'UTF-8'.
11:45:32.480 [Test worker] DEBUG net.sourceforge.jwebunit.htmlunit.HtmlUnitTestingEngineImpl - Window "" changed : "MVC Web application" became "MVC Web application
11:45:32.480 [Test worker] DEBUG com.gargoylesoftware.htmlunit.html.DomElement - Firing Event DOMContentLoaded (Current Target: HTMLElement for HtmlHtml[<html>]);
11:45:32.480 [Test worker] DEBUG com.gargoylesoftware.htmlunit.html.DomElement - Firing Event load (Current Target: HTMLElement for HtmlHtml[<html>]);
11:45:32.480 [Test worker] DEBUG com.gargoylesoftware.htmlunit.WebClient - Get page for window named '', using WebRequest[<url="http://127.0.0.1:8080/list", GET, EncodingType[name=application/x-www-form-urlencoded], [], {Accept=text/html,application/xhtml+xml,application/xml;q=0.9,*/*;q=0.8, Accept-Encoding=gzip, deflate}, null>]
11:45:32.481 [Test worker] DEBUG com.gargoylesoftware.htmlunit.WebClient - Load response for GET http://127.0.0.1:8080/list
11:45:32.482 [Test worker] DEBUG org.apache.http.client.protocol.RequestAddCookies - CookieSpec selected: mine
11:45:32.482 [Test worker] DEBUG org.apache.http.client.protocol.RequestAuthCache - Auth cache not set in the context
11:45:32.482 [Test worker] DEBUG org.apache.http.impl.conn.PoolingHttpClientConnectionManager - Connection request: [route: {}->http://127.0.0.1:8080][total available: 0; route allocated: 0 of 6; total allocated: 0 of 20]
11:45:32.482 [Test worker] DEBUG org.apache.http.impl.conn.PoolingHttpClientConnectionManager - Connection leased: [id: 11][route: {}->http://127.0.0.1:8080][total available: 0; route allocated: 1 of 6; total allocated: 1 of 20]
11:45:32.482 [Test worker] DEBUG org.apache.http.impl.execchain.MainClientExec - Opening connection {}->http://127.0.0.1:8080
11:45:32.482 [Test worker] DEBUG org.apache.http.impl.conn.DefaultHttpClientConnectionOperator - Connecting to /127.0.0.1:8080
11:45:32.482 [Test worker] DEBUG org.apache.http.impl.conn.DefaultHttpClientConnectionOperator - Connection established 127.0.0.1:53840<->127.0.0.1:8080
11:45:32.482 [Test worker] DEBUG org.apache.http.impl.conn.DefaultManagedHttpClientConnection - http-outgoing-11: set socket timeout to 0
11:45:32.482 [Test worker] DEBUG org.apache.http.impl.execchain.MainClientExec - Executing request GET /list HTTP/1.1
11:45:32.482 [Test worker] DEBUG org.apache.http.impl.execchain.MainClientExec - Target auth state: UNCHALLENGED
11:45:32.482 [Test worker] DEBUG org.apache.http.impl.execchain.MainClientExec - Proxy auth state: UNCHALLENGED
11:45:32.483 [Test worker] DEBUG org.apache.http.headers - http-outgoing-11 >> GET /list HTTP/1.1
11:45:32.483 [Test worker] DEBUG org.apache.http.headers - http-outgoing-11 >> Host: 127.0.0.1:8080
11:45:32.483 [Test worker] DEBUG org.apache.http.headers - http-outgoing-11 >> User-Agent: Mozilla/5.0 (Windows NT 6.1; rv:38.0) Gecko/20100101 Firefox/38.0
11:45:32.483 [Test worker] DEBUG org.apache.http.headers - http-outgoing-11 >> Accept: text/html,application/xhtml+xml,application/xml;q=0.9,*/*;q=0.8
11:45:32.483 [Test worker] DEBUG org.apache.http.headers - http-outgoing-11 >> Accept-Language: en-US
11:45:32.483 [Test worker] DEBUG org.apache.http.headers - http-outgoing-11 >> Accept-Encoding: gzip, deflate
11:45:32.483 [Test worker] DEBUG org.apache.http.headers - http-outgoing-11 >> Connection: Keep-Alive
11:45:32.483 [Test worker] DEBUG org.apache.http.wire - http-outgoing-11 >> "GET /list HTTP/1.1[\r][\n]"
11:45:32.483 [Test worker] DEBUG org.apache.http.wire - http-outgoing-11 >> "Host: 127.0.0.1:8080[\r][\n]"
11:45:32.483 [Test worker] DEBUG org.apache.http.wire - http-outgoing-11 >> "User-Agent: Mozilla/5.0 (Windows NT 6.1; rv:38.0) Gecko/20100101 Firefox/38.0[\r][\n]"
11:45:32.483 [Test worker] DEBUG org.apache.http.wire - http-outgoing-11 >> "Accept: text/html,application/xhtml+xml,application/xml;q=0.9,*/*;q=0.8[\r][\n]"
11:45:32.483 [Test worker] DEBUG org.apache.http.wire - http-outgoing-11 >> "Accept-Language: en-US[\r][\n]"
11:45:32.483 [Test worker] DEBUG org.apache.http.wire - http-outgoing-11 >> "Accept-Encoding: gzip, deflate[\r][\n]"
11:45:32.483 [Test worker] DEBUG org.apache.http.wire - http-outgoing-11 >> "Connection: Keep-Alive[\r][\n]"
11:45:32.483 [Test worker] DEBUG org.apache.http.wire - http-outgoing-11 >> "[\r][\n]"
11:45:32.491 [Test worker] DEBUG org.apache.http.wire - http-outgoing-11 << "HTTP/1.1 200 [\r][\n]"
11:45:32.491 [Test worker] DEBUG org.apache.http.wire - http-outgoing-11 << "Content-Type: text/html;charset=UTF-8[\r][\n]"
11:45:32.491 [Test worker] DEBUG org.apache.http.wire - http-outgoing-11 << "Content-Language: en-US[\r][\n]"
11:45:32.491 [Test worker] DEBUG org.apache.http.wire - http-outgoing-11 << "Transfer-Encoding: chunked[\r][\n]"
11:45:32.491 [Test worker] DEBUG org.apache.http.wire - http-outgoing-11 << "Date: Thu, 21 Jan 2021 10:45:31 GMT[\r][\n]"
11:45:32.491 [Test worker] DEBUG org.apache.http.wire - http-outgoing-11 << "Keep-Alive: timeout=60[\r][\n]"
11:45:32.491 [Test worker] DEBUG org.apache.http.wire - http-outgoing-11 << "Connection: keep-alive[\r][\n]"
11:45:32.491 [Test worker] DEBUG org.apache.http.wire - http-outgoing-11 << "[\r][\n]"
11:45:32.491 [Test worker] DEBUG org.apache.http.wire - http-outgoing-11 << "af1[\r][\n]"
11:45:32.491 [Test worker] DEBUG org.apache.http.wire - http-outgoing-11 << "<!DOCTYPE HTML>[\n]"
11:45:32.491 [Test worker] DEBUG org.apache.http.wire - http-outgoing-11 << "<html>[\n]"
11:45:32.491 [Test worker] DEBUG org.apache.http.wire - http-outgoing-11 << "<head>[\n]"
11:45:32.491 [Test worker] DEBUG org.apache.http.wire - http-outgoing-11 << "    <title>MVC Web application</title>[\n]"
11:45:32.491 [Test worker] DEBUG org.apache.http.wire - http-outgoing-11 << "    <meta http-equiv="Content-Type" content="text/html; charset=UTF-8" />[\n]"
11:45:32.491 [Test worker] DEBUG org.apache.http.wire - http-outgoing-11 << "</head>[\n]"
11:45:32.491 [Test worker] DEBUG org.apache.http.wire - http-outgoing-11 << "[\n]"
11:45:32.491 [Test worker] DEBUG org.apache.http.wire - http-outgoing-11 << "<body>[\n]"
11:45:32.491 [Test worker] DEBUG org.apache.http.wire - http-outgoing-11 << "<h1>Pazienti Ricoverati</h1>[\n]"
11:45:32.491 [Test worker] DEBUG org.apache.http.wire - http-outgoing-11 << "[\n]"
11:45:32.491 [Test worker] DEBUG org.apache.http.wire - http-outgoing-11 << "<table border="1" id="present" name="present">[\n]"
11:45:32.491 [Test worker] DEBUG org.apache.http.wire - http-outgoing-11 << "    <thead>[\n]"
11:45:32.491 [Test worker] DEBUG org.apache.http.wire - http-outgoing-11 << "    <tr>[\n]"
11:45:32.491 [Test worker] DEBUG org.apache.http.wire - http-outgoing-11 << "        <th>Id</th>[\n]"
11:45:32.491 [Test worker] DEBUG org.apache.http.wire - http-outgoing-11 << "        <th>Nome</th>[\n]"
11:45:32.491 [Test worker] DEBUG org.apache.http.wire - http-outgoing-11 << "        <th>Cognome</th>[\n]"
11:45:32.491 [Test worker] DEBUG org.apache.http.wire - http-outgoing-11 << "        <th>Data ricovero</th>[\n]"
11:45:32.491 [Test worker] DEBUG org.apache.http.wire - http-outgoing-11 << "        <th>Data dimissione</th>[\n]"
11:45:32.491 [Test worker] DEBUG org.apache.http.wire - http-outgoing-11 << "        <th>Mostra</th>[\n]"
11:45:32.491 [Test worker] DEBUG org.apache.http.wire - http-outgoing-11 << "        <th>Modifica</th>[\n]"
11:45:32.491 [Test worker] DEBUG org.apache.http.wire - http-outgoing-11 << "        <th>Dimetti</th>[\n]"
11:45:32.491 [Test worker] DEBUG org.apache.http.wire - http-outgoing-11 << "        <th>Cancella</th>[\n]"
11:45:32.491 [Test worker] DEBUG org.apache.http.wire - http-outgoing-11 << "        <th>Stampa</th>[\n]"
11:45:32.491 [Test worker] DEBUG org.apache.http.wire - http-outgoing-11 << "    </tr>[\n]"
11:45:32.491 [Test worker] DEBUG org.apache.http.wire - http-outgoing-11 << "    </thead>[\n]"
11:45:32.491 [Test worker] DEBUG org.apache.http.wire - http-outgoing-11 << "    <tbody>[\n]"
11:45:32.491 [Test worker] DEBUG org.apache.http.wire - http-outgoing-11 << "        <tr>[\n]"
11:45:32.491 [Test worker] DEBUG org.apache.http.wire - http-outgoing-11 << "            <td id="id">9</td>[\n]"
11:45:32.491 [Test worker] DEBUG org.apache.http.wire - http-outgoing-11 << "            <td style="text-align:center;">Michele</td>[\n]"
11:45:32.491 [Test worker] DEBUG org.apache.http.wire - http-outgoing-11 << "            <td id='lastName' style="text-align:center;">Bianchi</td>[\n]"
11:45:32.491 [Test worker] DEBUG org.apache.http.wire - http-outgoing-11 << "            <td style="text-align:center;">11/06/1993</td>[\n]"
11:45:32.491 [Test worker] DEBUG org.apache.http.wire - http-outgoing-11 << "            <td style="text-align:center;"></td>[\n]"
11:45:32.491 [Test worker] DEBUG org.apache.http.wire - http-outgoing-11 << "            <td> <a href="cartella?id=9" style="text-align:center;"> Cartella </a></td>[\n]"
11:45:32.491 [Test worker] DEBUG org.apache.http.wire - http-outgoing-11 << "            <td> <a href="edit?id=9" id="modifica" style="text-align:center;"> Modifica </a></td>[\n]"
11:45:32.491 [Test worker] DEBUG org.apache.http.wire - http-outgoing-11 << "            <td> <a href="dimetti?id=9" style="text-align:center;"> Dimetti </a></td>[\n]"
11:45:32.491 [Test worker] DEBUG org.apache.http.wire - http-outgoing-11 << "            <td> <a href="delete?id=9" id="cancella" style="text-align:center;"> Cancella </a></td>[\n]"
11:45:32.491 [Test worker] DEBUG org.apache.http.wire - http-outgoing-11 << "            <td><button><a href="print?id=9" style="text-align:center;text-decoration:none;"> Stampa scheda </a></button></td>[\n]"
11:45:32.491 [Test worker] DEBUG org.apache.http.wire - http-outgoing-11 << "        </tr>[\n]"
11:45:32.491 [Test worker] DEBUG org.apache.http.wire - http-outgoing-11 << "        </tbody>[\n]"
11:45:32.491 [Test worker] DEBUG org.apache.http.wire - http-outgoing-11 << "</table>[\n]"
11:45:32.491 [Test worker] DEBUG org.apache.http.wire - http-outgoing-11 << "[\n]"
11:45:32.491 [Test worker] DEBUG org.apache.http.wire - http-outgoing-11 << "<h1>Pazienti Dimessi</h1>[\n]"
11:45:32.491 [Test worker] DEBUG org.apache.http.wire - http-outgoing-11 << "<table border="1" id="discharged" name="discharged">[\n]"
11:45:32.491 [Test worker] DEBUG org.apache.http.wire - http-outgoing-11 << "    <thead>[\n]"
11:45:32.491 [Test worker] DEBUG org.apache.http.wire - http-outgoing-11 << "    <tr>[\n]"
11:45:32.491 [Test worker] DEBUG org.apache.http.wire - http-outgoing-11 << "        <th>Id</th>[\n]"
11:45:32.492 [Test worker] DEBUG org.apache.http.wire - http-outgoing-11 << "        <th>Nome</th>[\n]"
11:45:32.492 [Test worker] DEBUG org.apache.http.wire - http-outgoing-11 << "        <th>Cognome</th>[\n]"
11:45:32.492 [Test worker] DEBUG org.apache.http.wire - http-outgoing-11 << "        <th>Data Ricovero</th>[\n]"
11:45:32.492 [Test worker] DEBUG org.apache.http.wire - http-outgoing-11 << "        <th>Data Dimissione</th>[\n]"
11:45:32.492 [Test worker] DEBUG org.apache.http.wire - http-outgoing-11 << "        <th>Cartella</th>[\n]"
11:45:32.492 [Test worker] DEBUG org.apache.http.wire - http-outgoing-11 << "        <th>Modifica</th>[\n]"
11:45:32.492 [Test worker] DEBUG org.apache.http.wire - http-outgoing-11 << "        <th>Cancella</th>[\n]"
11:45:32.492 [Test worker] DEBUG org.apache.http.wire - http-outgoing-11 << "        <th>Stampa</th>[\n]"
11:45:32.492 [Test worker] DEBUG org.apache.http.wire - http-outgoing-11 << "    </tr>[\n]"
11:45:32.492 [Test worker] DEBUG org.apache.http.wire - http-outgoing-11 << "    </thead>[\n]"
11:45:32.492 [Test worker] DEBUG org.apache.http.wire - http-outgoing-11 << "    <tbody>[\n]"
11:45:32.492 [Test worker] DEBUG org.apache.http.wire - http-outgoing-11 << "    <tr>[\n]"
11:45:32.492 [Test worker] DEBUG org.apache.http.wire - http-outgoing-11 << "        <td id="idDischarged">1</td>[\n]"
11:45:32.492 [Test worker] DEBUG org.apache.http.wire - http-outgoing-11 << "        <td style="text-align:center;">Michele</td>[\n]"
11:45:32.492 [Test worker] DEBUG org.apache.http.wire - http-outgoing-11 << "        <td id='lastNameDischarged' style="text-align:center;">Bianchi</td>[\n]"
11:45:32.492 [Test worker] DEBUG org.apache.http.wire - http-outgoing-11 << "        <td style="text-align:center;">11/06/1993</td>[\n]"
11:45:32.492 [Test worker] DEBUG org.apache.http.wire - http-outgoing-11 << "        <td style="text-align:center;">21/01/2021</td>[\n]"
11:45:32.492 [Test worker] DEBUG org.apache.http.wire - http-outgoing-11 << "        <td> <a href="cartella?id=1" style="text-align:center;"> Cartella </a></td>[\n]"
11:45:32.492 [Test worker] DEBUG org.apache.http.wire - http-outgoing-11 << "        <td> <a id="modificaDischarged" style="text-align:center; cursor:not-allowed; pointer-events:none; color:grey;"> Modifica </a></td>[\n]"
11:45:32.492 [Test worker] DEBUG org.apache.http.wire - http-outgoing-11 << "        <td> <a id="cancellaDischarged" style="text-align:center; cursor:not-allowed; pointer-events:none; color:grey;"> Cancella </a></td>[\n]"
11:45:32.492 [Test worker] DEBUG org.apache.http.wire - http-outgoing-11 << "        <td><button><a href="print?id=1" style="text-align:center;text-decoration:none;"> Stampa scheda </a></button></td>[\n]"
11:45:32.492 [Test worker] DEBUG org.apache.http.wire - http-outgoing-11 << "    </tr>[\n]"
11:45:32.492 [Test worker] DEBUG org.apache.http.wire - http-outgoing-11 << "    </tbody>[\n]"
11:45:32.492 [Test worker] DEBUG org.apache.http.wire - http-outgoing-11 << "</table>[\n]"
11:45:32.492 [Test worker] DEBUG org.apache.http.wire - http-outgoing-11 << "<br>[\n]"
11:45:32.492 [Test worker] DEBUG org.apache.http.wire - http-outgoing-11 << "<button><a href="input" style="text-decoration:none;">Registra un paziente</a></button>[\n]"
11:45:32.492 [Test worker] DEBUG org.apache.http.wire - http-outgoing-11 << "<br>[\n]"
11:45:32.492 [Test worker] DEBUG org.apache.http.wire - http-outgoing-11 << "<br>[\n]"
11:45:32.492 [Test worker] DEBUG org.apache.http.wire - http-outgoing-11 << "[\n]"
11:45:32.492 [Test worker] DEBUG org.apache.http.wire - http-outgoing-11 << "<form action="search" method="post">[\n]"
11:45:32.492 [Test worker] DEBUG org.apache.http.wire - http-outgoing-11 << "    Cognome Paziente: <input type="text" name="lastName"/>[\n]"
11:45:32.492 [Test worker] DEBUG org.apache.http.wire - http-outgoing-11 << "    <input type="submit" value="Cerca"/>[\n]"
11:45:32.492 [Test worker] DEBUG org.apache.http.wire - http-outgoing-11 << "</form>[\n]"
11:45:32.492 [Test worker] DEBUG org.apache.http.wire - http-outgoing-11 << "</body>[\n]"
11:45:32.492 [Test worker] DEBUG org.apache.http.wire - http-outgoing-11 << "</html>[\r][\n]"
11:45:32.492 [Test worker] DEBUG org.apache.http.headers - http-outgoing-11 << HTTP/1.1 200 
11:45:32.492 [Test worker] DEBUG org.apache.http.headers - http-outgoing-11 << Content-Type: text/html;charset=UTF-8
11:45:32.492 [Test worker] DEBUG org.apache.http.headers - http-outgoing-11 << Content-Language: en-US
11:45:32.492 [Test worker] DEBUG org.apache.http.headers - http-outgoing-11 << Transfer-Encoding: chunked
11:45:32.492 [Test worker] DEBUG org.apache.http.headers - http-outgoing-11 << Date: Thu, 21 Jan 2021 10:45:31 GMT
11:45:32.492 [Test worker] DEBUG org.apache.http.headers - http-outgoing-11 << Keep-Alive: timeout=60
11:45:32.492 [Test worker] DEBUG org.apache.http.headers - http-outgoing-11 << Connection: keep-alive
11:45:32.492 [Test worker] DEBUG org.apache.http.impl.execchain.MainClientExec - Connection can be kept alive for 60000 MILLISECONDS
11:45:32.492 [Test worker] DEBUG org.apache.http.wire - http-outgoing-11 << "0[\r][\n]"
11:45:32.492 [Test worker] DEBUG org.apache.http.wire - http-outgoing-11 << "[\r][\n]"
11:45:32.493 [Test worker] DEBUG org.apache.http.impl.conn.PoolingHttpClientConnectionManager - Connection [id: 11][route: {}->http://127.0.0.1:8080] can be kept alive for 60.0 seconds
11:45:32.493 [Test worker] DEBUG org.apache.http.impl.conn.DefaultManagedHttpClientConnection - http-outgoing-11: set socket timeout to 0
11:45:32.493 [Test worker] DEBUG org.apache.http.impl.conn.PoolingHttpClientConnectionManager - Connection released: [id: 11][route: {}->http://127.0.0.1:8080][total available: 1; route allocated: 1 of 6; total allocated: 1 of 20]
11:45:32.493 [Test worker] DEBUG com.gargoylesoftware.htmlunit.WebWindowImpl - setEnclosedPage: HtmlPage(http://127.0.0.1:8080/list)@749251387
11:45:32.493 [Test worker] DEBUG com.gargoylesoftware.htmlunit.WebWindowImpl - destroyChildren
11:45:32.497 [Test worker] DEBUG com.gargoylesoftware.htmlunit.util.EncodingSniffer - Encoding found in HTTP headers: 'UTF-8'.
11:45:32.500 [Test worker] DEBUG net.sourceforge.jwebunit.htmlunit.HtmlUnitTestingEngineImpl - Window "" changed : "no_html" became "MVC Web application
11:45:32.500 [Test worker] DEBUG com.gargoylesoftware.htmlunit.html.DomElement - Firing Event DOMContentLoaded (Current Target: HTMLElement for HtmlHtml[<html>]);
11:45:32.500 [Test worker] DEBUG com.gargoylesoftware.htmlunit.html.DomElement - Firing Event load (Current Target: HTMLElement for HtmlHtml[<html>]);
11:45:32.503 [Test worker] DEBUG com.gargoylesoftware.htmlunit.html.DomElement - Firing Event mousedown (Current Target: HTMLElement for HtmlAnchor[<a href="dimetti?id=9" style="text-align:center;">]);
11:45:32.503 [Test worker] DEBUG com.gargoylesoftware.htmlunit.html.DomElement - Firing Event focus (Current Target: HTMLElement for HtmlAnchor[<a href="dimetti?id=9" style="text-align:center;">]);
11:45:32.503 [Test worker] DEBUG com.gargoylesoftware.htmlunit.html.DomElement - Firing Event mouseup (Current Target: HTMLElement for HtmlAnchor[<a href="dimetti?id=9" style="text-align:center;">]);
11:45:32.503 [Test worker] DEBUG com.gargoylesoftware.htmlunit.html.DomElement - Firing Event click (Current Target: HTMLElement for HtmlAnchor[<a href="dimetti?id=9" style="text-align:center;">]);
11:45:32.504 [Test worker] DEBUG com.gargoylesoftware.htmlunit.html.HtmlAnchor - do click action in window '', using href 'dimetti?id=9'
11:45:32.504 [Test worker] DEBUG com.gargoylesoftware.htmlunit.util.EncodingSniffer - Encoding found in HTTP headers: 'UTF-8'.
11:45:32.504 [Test worker] DEBUG com.gargoylesoftware.htmlunit.html.HtmlAnchor - Getting page for http://127.0.0.1:8080/dimetti?id=9, derived from href 'dimetti?id=9', using the originating URL http://127.0.0.1:8080/list
11:45:32.504 [Test worker] DEBUG com.gargoylesoftware.htmlunit.html.DomElement - Firing Event beforeunload (Current Target: HTMLElement for HtmlHtml[<html>]);
11:45:32.504 [Test worker] DEBUG com.gargoylesoftware.htmlunit.WebClient - Load response for GET http://127.0.0.1:8080/dimetti?id=9
11:45:32.505 [Test worker] DEBUG org.apache.http.client.protocol.RequestAddCookies - CookieSpec selected: mine
11:45:32.505 [Test worker] DEBUG org.apache.http.client.protocol.RequestAuthCache - Auth cache not set in the context
11:45:32.505 [Test worker] DEBUG org.apache.http.impl.conn.PoolingHttpClientConnectionManager - Connection request: [route: {}->http://127.0.0.1:8080][total available: 1; route allocated: 1 of 6; total allocated: 1 of 20]
11:45:32.505 [Test worker] DEBUG org.apache.http.impl.conn.PoolingHttpClientConnectionManager - Connection leased: [id: 11][route: {}->http://127.0.0.1:8080][total available: 0; route allocated: 1 of 6; total allocated: 1 of 20]
11:45:32.505 [Test worker] DEBUG org.apache.http.impl.conn.DefaultManagedHttpClientConnection - http-outgoing-11: set socket timeout to 0
11:45:32.505 [Test worker] DEBUG org.apache.http.impl.conn.DefaultManagedHttpClientConnection - http-outgoing-11: set socket timeout to 0
11:45:32.505 [Test worker] DEBUG org.apache.http.impl.execchain.MainClientExec - Executing request GET /dimetti?id=9 HTTP/1.1
11:45:32.505 [Test worker] DEBUG org.apache.http.impl.execchain.MainClientExec - Target auth state: UNCHALLENGED
11:45:32.505 [Test worker] DEBUG org.apache.http.impl.execchain.MainClientExec - Proxy auth state: UNCHALLENGED
11:45:32.505 [Test worker] DEBUG org.apache.http.headers - http-outgoing-11 >> GET /dimetti?id=9 HTTP/1.1
11:45:32.505 [Test worker] DEBUG org.apache.http.headers - http-outgoing-11 >> Host: 127.0.0.1:8080
11:45:32.505 [Test worker] DEBUG org.apache.http.headers - http-outgoing-11 >> User-Agent: Mozilla/5.0 (Windows NT 6.1; rv:38.0) Gecko/20100101 Firefox/38.0
11:45:32.505 [Test worker] DEBUG org.apache.http.headers - http-outgoing-11 >> Accept: text/html,application/xhtml+xml,application/xml;q=0.9,*/*;q=0.8
11:45:32.505 [Test worker] DEBUG org.apache.http.headers - http-outgoing-11 >> Accept-Language: en-US
11:45:32.505 [Test worker] DEBUG org.apache.http.headers - http-outgoing-11 >> Accept-Encoding: gzip, deflate
11:45:32.505 [Test worker] DEBUG org.apache.http.headers - http-outgoing-11 >> Referer: http://127.0.0.1:8080/list
11:45:32.505 [Test worker] DEBUG org.apache.http.headers - http-outgoing-11 >> Connection: Keep-Alive
11:45:32.505 [Test worker] DEBUG org.apache.http.wire - http-outgoing-11 >> "GET /dimetti?id=9 HTTP/1.1[\r][\n]"
11:45:32.505 [Test worker] DEBUG org.apache.http.wire - http-outgoing-11 >> "Host: 127.0.0.1:8080[\r][\n]"
11:45:32.505 [Test worker] DEBUG org.apache.http.wire - http-outgoing-11 >> "User-Agent: Mozilla/5.0 (Windows NT 6.1; rv:38.0) Gecko/20100101 Firefox/38.0[\r][\n]"
11:45:32.505 [Test worker] DEBUG org.apache.http.wire - http-outgoing-11 >> "Accept: text/html,application/xhtml+xml,application/xml;q=0.9,*/*;q=0.8[\r][\n]"
11:45:32.505 [Test worker] DEBUG org.apache.http.wire - http-outgoing-11 >> "Accept-Language: en-US[\r][\n]"
11:45:32.505 [Test worker] DEBUG org.apache.http.wire - http-outgoing-11 >> "Accept-Encoding: gzip, deflate[\r][\n]"
11:45:32.505 [Test worker] DEBUG org.apache.http.wire - http-outgoing-11 >> "Referer: http://127.0.0.1:8080/list[\r][\n]"
11:45:32.505 [Test worker] DEBUG org.apache.http.wire - http-outgoing-11 >> "Connection: Keep-Alive[\r][\n]"
11:45:32.505 [Test worker] DEBUG org.apache.http.wire - http-outgoing-11 >> "[\r][\n]"
11:45:32.509 [Test worker] DEBUG org.apache.http.wire - http-outgoing-11 << "HTTP/1.1 302 [\r][\n]"
11:45:32.509 [Test worker] DEBUG org.apache.http.wire - http-outgoing-11 << "Location: http://127.0.0.1:8080/list[\r][\n]"
11:45:32.509 [Test worker] DEBUG org.apache.http.wire - http-outgoing-11 << "Content-Language: en-US[\r][\n]"
11:45:32.509 [Test worker] DEBUG org.apache.http.wire - http-outgoing-11 << "Content-Length: 0[\r][\n]"
11:45:32.509 [Test worker] DEBUG org.apache.http.wire - http-outgoing-11 << "Date: Thu, 21 Jan 2021 10:45:31 GMT[\r][\n]"
11:45:32.509 [Test worker] DEBUG org.apache.http.wire - http-outgoing-11 << "Keep-Alive: timeout=60[\r][\n]"
11:45:32.509 [Test worker] DEBUG org.apache.http.wire - http-outgoing-11 << "Connection: keep-alive[\r][\n]"
11:45:32.509 [Test worker] DEBUG org.apache.http.wire - http-outgoing-11 << "[\r][\n]"
11:45:32.510 [Test worker] DEBUG org.apache.http.headers - http-outgoing-11 << HTTP/1.1 302 
11:45:32.510 [Test worker] DEBUG org.apache.http.headers - http-outgoing-11 << Location: http://127.0.0.1:8080/list
11:45:32.510 [Test worker] DEBUG org.apache.http.headers - http-outgoing-11 << Content-Language: en-US
11:45:32.510 [Test worker] DEBUG org.apache.http.headers - http-outgoing-11 << Content-Length: 0
11:45:32.510 [Test worker] DEBUG org.apache.http.headers - http-outgoing-11 << Date: Thu, 21 Jan 2021 10:45:31 GMT
11:45:32.510 [Test worker] DEBUG org.apache.http.headers - http-outgoing-11 << Keep-Alive: timeout=60
11:45:32.510 [Test worker] DEBUG org.apache.http.headers - http-outgoing-11 << Connection: keep-alive
11:45:32.510 [Test worker] DEBUG org.apache.http.impl.execchain.MainClientExec - Connection can be kept alive for 60000 MILLISECONDS
11:45:32.510 [Test worker] DEBUG org.apache.http.impl.conn.PoolingHttpClientConnectionManager - Connection [id: 11][route: {}->http://127.0.0.1:8080] can be kept alive for 60.0 seconds
11:45:32.510 [Test worker] DEBUG org.apache.http.impl.conn.DefaultManagedHttpClientConnection - http-outgoing-11: set socket timeout to 0
11:45:32.510 [Test worker] DEBUG org.apache.http.impl.conn.PoolingHttpClientConnectionManager - Connection released: [id: 11][route: {}->http://127.0.0.1:8080][total available: 1; route allocated: 1 of 6; total allocated: 1 of 20]
11:45:32.510 [Test worker] DEBUG com.gargoylesoftware.htmlunit.WebClient - Got a redirect status code [302] new location = [http://127.0.0.1:8080/list]
11:45:32.510 [Test worker] DEBUG com.gargoylesoftware.htmlunit.WebClient - Load response for GET http://127.0.0.1:8080/list
11:45:32.511 [Test worker] DEBUG org.apache.http.client.protocol.RequestAddCookies - CookieSpec selected: mine
11:45:32.511 [Test worker] DEBUG org.apache.http.client.protocol.RequestAuthCache - Auth cache not set in the context
11:45:32.511 [Test worker] DEBUG org.apache.http.impl.conn.PoolingHttpClientConnectionManager - Connection request: [route: {}->http://127.0.0.1:8080][total available: 1; route allocated: 1 of 6; total allocated: 1 of 20]
11:45:32.511 [Test worker] DEBUG org.apache.http.impl.conn.PoolingHttpClientConnectionManager - Connection leased: [id: 11][route: {}->http://127.0.0.1:8080][total available: 0; route allocated: 1 of 6; total allocated: 1 of 20]
11:45:32.511 [Test worker] DEBUG org.apache.http.impl.conn.DefaultManagedHttpClientConnection - http-outgoing-11: set socket timeout to 0
11:45:32.511 [Test worker] DEBUG org.apache.http.impl.conn.DefaultManagedHttpClientConnection - http-outgoing-11: set socket timeout to 0
11:45:32.511 [Test worker] DEBUG org.apache.http.impl.execchain.MainClientExec - Executing request GET /list HTTP/1.1
11:45:32.511 [Test worker] DEBUG org.apache.http.impl.execchain.MainClientExec - Target auth state: UNCHALLENGED
11:45:32.511 [Test worker] DEBUG org.apache.http.impl.execchain.MainClientExec - Proxy auth state: UNCHALLENGED
11:45:32.511 [Test worker] DEBUG org.apache.http.headers - http-outgoing-11 >> GET /list HTTP/1.1
11:45:32.511 [Test worker] DEBUG org.apache.http.headers - http-outgoing-11 >> Host: 127.0.0.1:8080
11:45:32.511 [Test worker] DEBUG org.apache.http.headers - http-outgoing-11 >> User-Agent: Mozilla/5.0 (Windows NT 6.1; rv:38.0) Gecko/20100101 Firefox/38.0
11:45:32.511 [Test worker] DEBUG org.apache.http.headers - http-outgoing-11 >> Accept: text/html,application/xhtml+xml,application/xml;q=0.9,*/*;q=0.8
11:45:32.511 [Test worker] DEBUG org.apache.http.headers - http-outgoing-11 >> Accept-Language: en-US
11:45:32.511 [Test worker] DEBUG org.apache.http.headers - http-outgoing-11 >> Accept-Encoding: gzip, deflate
11:45:32.511 [Test worker] DEBUG org.apache.http.headers - http-outgoing-11 >> Referer: http://127.0.0.1:8080/list
11:45:32.511 [Test worker] DEBUG org.apache.http.headers - http-outgoing-11 >> Connection: Keep-Alive
11:45:32.511 [Test worker] DEBUG org.apache.http.wire - http-outgoing-11 >> "GET /list HTTP/1.1[\r][\n]"
11:45:32.511 [Test worker] DEBUG org.apache.http.wire - http-outgoing-11 >> "Host: 127.0.0.1:8080[\r][\n]"
11:45:32.511 [Test worker] DEBUG org.apache.http.wire - http-outgoing-11 >> "User-Agent: Mozilla/5.0 (Windows NT 6.1; rv:38.0) Gecko/20100101 Firefox/38.0[\r][\n]"
11:45:32.511 [Test worker] DEBUG org.apache.http.wire - http-outgoing-11 >> "Accept: text/html,application/xhtml+xml,application/xml;q=0.9,*/*;q=0.8[\r][\n]"
11:45:32.511 [Test worker] DEBUG org.apache.http.wire - http-outgoing-11 >> "Accept-Language: en-US[\r][\n]"
11:45:32.511 [Test worker] DEBUG org.apache.http.wire - http-outgoing-11 >> "Accept-Encoding: gzip, deflate[\r][\n]"
11:45:32.511 [Test worker] DEBUG org.apache.http.wire - http-outgoing-11 >> "Referer: http://127.0.0.1:8080/list[\r][\n]"
11:45:32.511 [Test worker] DEBUG org.apache.http.wire - http-outgoing-11 >> "Connection: Keep-Alive[\r][\n]"
11:45:32.511 [Test worker] DEBUG org.apache.http.wire - http-outgoing-11 >> "[\r][\n]"
11:45:32.516 [Test worker] DEBUG org.apache.http.wire - http-outgoing-11 << "HTTP/1.1 200 [\r][\n]"
11:45:32.517 [Test worker] DEBUG org.apache.http.wire - http-outgoing-11 << "Content-Type: text/html;charset=UTF-8[\r][\n]"
11:45:32.517 [Test worker] DEBUG org.apache.http.wire - http-outgoing-11 << "Content-Language: en-US[\r][\n]"
11:45:32.517 [Test worker] DEBUG org.apache.http.wire - http-outgoing-11 << "Transfer-Encoding: chunked[\r][\n]"
11:45:32.517 [Test worker] DEBUG org.apache.http.wire - http-outgoing-11 << "Date: Thu, 21 Jan 2021 10:45:31 GMT[\r][\n]"
11:45:32.517 [Test worker] DEBUG org.apache.http.wire - http-outgoing-11 << "Keep-Alive: timeout=60[\r][\n]"
11:45:32.517 [Test worker] DEBUG org.apache.http.wire - http-outgoing-11 << "Connection: keep-alive[\r][\n]"
11:45:32.517 [Test worker] DEBUG org.apache.http.wire - http-outgoing-11 << "[\r][\n]"
11:45:32.517 [Test worker] DEBUG org.apache.http.wire - http-outgoing-11 << "af0[\r][\n]"
11:45:32.517 [Test worker] DEBUG org.apache.http.wire - http-outgoing-11 << "<!DOCTYPE HTML>[\n]"
11:45:32.517 [Test worker] DEBUG org.apache.http.wire - http-outgoing-11 << "<html>[\n]"
11:45:32.517 [Test worker] DEBUG org.apache.http.wire - http-outgoing-11 << "<head>[\n]"
11:45:32.517 [Test worker] DEBUG org.apache.http.wire - http-outgoing-11 << "    <title>MVC Web application</title>[\n]"
11:45:32.517 [Test worker] DEBUG org.apache.http.wire - http-outgoing-11 << "    <meta http-equiv="Content-Type" content="text/html; charset=UTF-8" />[\n]"
11:45:32.517 [Test worker] DEBUG org.apache.http.wire - http-outgoing-11 << "</head>[\n]"
11:45:32.517 [Test worker] DEBUG org.apache.http.wire - http-outgoing-11 << "[\n]"
11:45:32.517 [Test worker] DEBUG org.apache.http.wire - http-outgoing-11 << "<body>[\n]"
11:45:32.517 [Test worker] DEBUG org.apache.http.wire - http-outgoing-11 << "<h1>Pazienti Ricoverati</h1>[\n]"
11:45:32.517 [Test worker] DEBUG org.apache.http.wire - http-outgoing-11 << "[\n]"
11:45:32.517 [Test worker] DEBUG org.apache.http.wire - http-outgoing-11 << "<table border="1" id="present" name="present">[\n]"
11:45:32.517 [Test worker] DEBUG org.apache.http.wire - http-outgoing-11 << "    <thead>[\n]"
11:45:32.517 [Test worker] DEBUG org.apache.http.wire - http-outgoing-11 << "    <tr>[\n]"
11:45:32.517 [Test worker] DEBUG org.apache.http.wire - http-outgoing-11 << "        <th>Id</th>[\n]"
11:45:32.517 [Test worker] DEBUG org.apache.http.wire - http-outgoing-11 << "        <th>Nome</th>[\n]"
11:45:32.517 [Test worker] DEBUG org.apache.http.wire - http-outgoing-11 << "        <th>Cognome</th>[\n]"
11:45:32.517 [Test worker] DEBUG org.apache.http.wire - http-outgoing-11 << "        <th>Data ricovero</th>[\n]"
11:45:32.517 [Test worker] DEBUG org.apache.http.wire - http-outgoing-11 << "        <th>Data dimissione</th>[\n]"
11:45:32.517 [Test worker] DEBUG org.apache.http.wire - http-outgoing-11 << "        <th>Mostra</th>[\n]"
11:45:32.517 [Test worker] DEBUG org.apache.http.wire - http-outgoing-11 << "        <th>Modifica</th>[\n]"
11:45:32.517 [Test worker] DEBUG org.apache.http.wire - http-outgoing-11 << "        <th>Dimetti</th>[\n]"
11:45:32.517 [Test worker] DEBUG org.apache.http.wire - http-outgoing-11 << "        <th>Cancella</th>[\n]"
11:45:32.517 [Test worker] DEBUG org.apache.http.wire - http-outgoing-11 << "        <th>Stampa</th>[\n]"
11:45:32.517 [Test worker] DEBUG org.apache.http.wire - http-outgoing-11 << "    </tr>[\n]"
11:45:32.517 [Test worker] DEBUG org.apache.http.wire - http-outgoing-11 << "    </thead>[\n]"
11:45:32.517 [Test worker] DEBUG org.apache.http.wire - http-outgoing-11 << "    <tbody>[\n]"
11:45:32.517 [Test worker] DEBUG org.apache.http.wire - http-outgoing-11 << "        [\n]"
11:45:32.517 [Test worker] DEBUG org.apache.http.wire - http-outgoing-11 << "        </tbody>[\n]"
11:45:32.517 [Test worker] DEBUG org.apache.http.wire - http-outgoing-11 << "</table>[\n]"
11:45:32.517 [Test worker] DEBUG org.apache.http.wire - http-outgoing-11 << "[\n]"
11:45:32.517 [Test worker] DEBUG org.apache.http.wire - http-outgoing-11 << "<h1>Pazienti Dimessi</h1>[\n]"
11:45:32.517 [Test worker] DEBUG org.apache.http.wire - http-outgoing-11 << "<table border="1" id="discharged" name="discharged">[\n]"
11:45:32.517 [Test worker] DEBUG org.apache.http.wire - http-outgoing-11 << "    <thead>[\n]"
11:45:32.517 [Test worker] DEBUG org.apache.http.wire - http-outgoing-11 << "    <tr>[\n]"
11:45:32.517 [Test worker] DEBUG org.apache.http.wire - http-outgoing-11 << "        <th>Id</th>[\n]"
11:45:32.517 [Test worker] DEBUG org.apache.http.wire - http-outgoing-11 << "        <th>Nome</th>[\n]"
11:45:32.517 [Test worker] DEBUG org.apache.http.wire - http-outgoing-11 << "        <th>Cognome</th>[\n]"
11:45:32.517 [Test worker] DEBUG org.apache.http.wire - http-outgoing-11 << "        <th>Data Ricovero</th>[\n]"
11:45:32.517 [Test worker] DEBUG org.apache.http.wire - http-outgoing-11 << "        <th>Data Dimissione</th>[\n]"
11:45:32.517 [Test worker] DEBUG org.apache.http.wire - http-outgoing-11 << "        <th>Cartella</th>[\n]"
11:45:32.517 [Test worker] DEBUG org.apache.http.wire - http-outgoing-11 << "        <th>Modifica</th>[\n]"
11:45:32.517 [Test worker] DEBUG org.apache.http.wire - http-outgoing-11 << "        <th>Cancella</th>[\n]"
11:45:32.517 [Test worker] DEBUG org.apache.http.wire - http-outgoing-11 << "        <th>Stampa</th>[\n]"
11:45:32.517 [Test worker] DEBUG org.apache.http.wire - http-outgoing-11 << "    </tr>[\n]"
11:45:32.517 [Test worker] DEBUG org.apache.http.wire - http-outgoing-11 << "    </thead>[\n]"
11:45:32.517 [Test worker] DEBUG org.apache.http.wire - http-outgoing-11 << "    <tbody>[\n]"
11:45:32.517 [Test worker] DEBUG org.apache.http.wire - http-outgoing-11 << "    <tr>[\n]"
11:45:32.517 [Test worker] DEBUG org.apache.http.wire - http-outgoing-11 << "        <td id="idDischarged">1</td>[\n]"
11:45:32.517 [Test worker] DEBUG org.apache.http.wire - http-outgoing-11 << "        <td style="text-align:center;">Michele</td>[\n]"
11:45:32.517 [Test worker] DEBUG org.apache.http.wire - http-outgoing-11 << "        <td id='lastNameDischarged' style="text-align:center;">Bianchi</td>[\n]"
11:45:32.517 [Test worker] DEBUG org.apache.http.wire - http-outgoing-11 << "        <td style="text-align:center;">11/06/1993</td>[\n]"
11:45:32.517 [Test worker] DEBUG org.apache.http.wire - http-outgoing-11 << "        <td style="text-align:center;">21/01/2021</td>[\n]"
11:45:32.517 [Test worker] DEBUG org.apache.http.wire - http-outgoing-11 << "        <td> <a href="cartella?id=1" style="text-align:center;"> Cartella </a></td>[\n]"
11:45:32.517 [Test worker] DEBUG org.apache.http.wire - http-outgoing-11 << "        <td> <a id="modificaDischarged" style="text-align:center; cursor:not-allowed; pointer-events:none; color:grey;"> Modifica </a></td>[\n]"
11:45:32.517 [Test worker] DEBUG org.apache.http.wire - http-outgoing-11 << "        <td> <a id="cancellaDischarged" style="text-align:center; cursor:not-allowed; pointer-events:none; color:grey;"> Cancella </a></td>[\n]"
11:45:32.517 [Test worker] DEBUG org.apache.http.wire - http-outgoing-11 << "        <td><button><a href="print?id=1" style="text-align:center;text-decoration:none;"> Stampa scheda </a></button></td>[\n]"
11:45:32.517 [Test worker] DEBUG org.apache.http.wire - http-outgoing-11 << "    </tr>[\n]"
11:45:32.517 [Test worker] DEBUG org.apache.http.wire - http-outgoing-11 << "    <tr>[\n]"
11:45:32.517 [Test worker] DEBUG org.apache.http.wire - http-outgoing-11 << "        <td id="idDischarged">9</td>[\n]"
11:45:32.517 [Test worker] DEBUG org.apache.http.wire - http-outgoing-11 << "        <td style="text-align:center;">Michele</td>[\n]"
11:45:32.517 [Test worker] DEBUG org.apache.http.wire - http-outgoing-11 << "        <td id='lastNameDischarged' style="text-align:center;">Bianchi</td>[\n]"
11:45:32.517 [Test worker] DEBUG org.apache.http.wire - http-outgoing-11 << "        <td style="text-align:center;">11/06/1993</td>[\n]"
11:45:32.517 [Test worker] DEBUG org.apache.http.wire - http-outgoing-11 << "        <td style="text-align:center;">21/01/2021</td>[\n]"
11:45:32.517 [Test worker] DEBUG org.apache.http.wire - http-outgoing-11 << "        <td> <a href="cartella?id=9" style="text-align:center;"> Cartella </a></td>[\n]"
11:45:32.517 [Test worker] DEBUG org.apache.http.wire - http-outgoing-11 << "        <td> <a id="modificaDischarged" style="text-align:center; cursor:not-allowed; pointer-events:none; color:grey;"> Modifica </a></td>[\n]"
11:45:32.517 [Test worker] DEBUG org.apache.http.wire - http-outgoing-11 << "        <td> <a id="cancellaDischarged" style="text-align:center; cursor:not-allowed; pointer-events:none; color:grey;"> Cancella </a></td>[\n]"
11:45:32.517 [Test worker] DEBUG org.apache.http.wire - http-outgoing-11 << "        <td><button><a href="print?id=9" style="text-align:center;text-decoration:none;"> Stampa scheda </a></button></td>[\n]"
11:45:32.517 [Test worker] DEBUG org.apache.http.wire - http-outgoing-11 << "    </tr>[\n]"
11:45:32.517 [Test worker] DEBUG org.apache.http.wire - http-outgoing-11 << "    </tbody>[\n]"
11:45:32.517 [Test worker] DEBUG org.apache.http.wire - http-outgoing-11 << "</table>[\n]"
11:45:32.517 [Test worker] DEBUG org.apache.http.wire - http-outgoing-11 << "<br>[\n]"
11:45:32.517 [Test worker] DEBUG org.apache.http.wire - http-outgoing-11 << "<button><a href="input" style="text-decoration:none;">Registra un paziente</a></button>[\n]"
11:45:32.517 [Test worker] DEBUG org.apache.http.wire - http-outgoing-11 << "<br>[\n]"
11:45:32.517 [Test worker] DEBUG org.apache.http.wire - http-outgoing-11 << "<br>[\n]"
11:45:32.517 [Test worker] DEBUG org.apache.http.wire - http-outgoing-11 << "[\n]"
11:45:32.517 [Test worker] DEBUG org.apache.http.wire - http-outgoing-11 << "<form action="search" method="post">[\n]"
11:45:32.517 [Test worker] DEBUG org.apache.http.wire - http-outgoing-11 << "    Cognome Paziente: <input type="text" name="lastName"/>[\n]"
11:45:32.517 [Test worker] DEBUG org.apache.http.wire - http-outgoing-11 << "    <input type="submit" value="Cerca"/>[\n]"
11:45:32.517 [Test worker] DEBUG org.apache.http.wire - http-outgoing-11 << "</form>[\n]"
11:45:32.517 [Test worker] DEBUG org.apache.http.wire - http-outgoing-11 << "</body>[\n]"
11:45:32.517 [Test worker] DEBUG org.apache.http.wire - http-outgoing-11 << "</html>[\r][\n]"
11:45:32.517 [Test worker] DEBUG org.apache.http.headers - http-outgoing-11 << HTTP/1.1 200 
11:45:32.517 [Test worker] DEBUG org.apache.http.headers - http-outgoing-11 << Content-Type: text/html;charset=UTF-8
11:45:32.517 [Test worker] DEBUG org.apache.http.headers - http-outgoing-11 << Content-Language: en-US
11:45:32.517 [Test worker] DEBUG org.apache.http.headers - http-outgoing-11 << Transfer-Encoding: chunked
11:45:32.517 [Test worker] DEBUG org.apache.http.headers - http-outgoing-11 << Date: Thu, 21 Jan 2021 10:45:31 GMT
11:45:32.517 [Test worker] DEBUG org.apache.http.headers - http-outgoing-11 << Keep-Alive: timeout=60
11:45:32.517 [Test worker] DEBUG org.apache.http.headers - http-outgoing-11 << Connection: keep-alive
11:45:32.518 [Test worker] DEBUG org.apache.http.impl.execchain.MainClientExec - Connection can be kept alive for 60000 MILLISECONDS
11:45:32.518 [Test worker] DEBUG org.apache.http.wire - http-outgoing-11 << "0[\r][\n]"
11:45:32.518 [Test worker] DEBUG org.apache.http.wire - http-outgoing-11 << "[\r][\n]"
11:45:32.518 [Test worker] DEBUG org.apache.http.impl.conn.PoolingHttpClientConnectionManager - Connection [id: 11][route: {}->http://127.0.0.1:8080] can be kept alive for 60.0 seconds
11:45:32.518 [Test worker] DEBUG org.apache.http.impl.conn.DefaultManagedHttpClientConnection - http-outgoing-11: set socket timeout to 0
11:45:32.518 [Test worker] DEBUG org.apache.http.impl.conn.PoolingHttpClientConnectionManager - Connection released: [id: 11][route: {}->http://127.0.0.1:8080][total available: 1; route allocated: 1 of 6; total allocated: 1 of 20]
11:45:32.518 [Test worker] DEBUG com.gargoylesoftware.htmlunit.html.DomElement - Firing Event unload (Current Target: HTMLElement for HtmlHtml[<html>]);
11:45:32.518 [Test worker] DEBUG com.gargoylesoftware.htmlunit.WebWindowImpl - setEnclosedPage: HtmlPage(http://127.0.0.1:8080/list)@118303448
11:45:32.518 [Test worker] DEBUG com.gargoylesoftware.htmlunit.WebWindowImpl - destroyChildren
11:45:32.522 [Test worker] DEBUG com.gargoylesoftware.htmlunit.util.EncodingSniffer - Encoding found in HTTP headers: 'UTF-8'.
11:45:32.524 [Test worker] DEBUG net.sourceforge.jwebunit.htmlunit.HtmlUnitTestingEngineImpl - Window "" changed : "MVC Web application" became "MVC Web application
11:45:32.524 [Test worker] DEBUG com.gargoylesoftware.htmlunit.html.DomElement - Firing Event DOMContentLoaded (Current Target: HTMLElement for HtmlHtml[<html>]);
11:45:32.524 [Test worker] DEBUG com.gargoylesoftware.htmlunit.html.DomElement - Firing Event load (Current Target: HTMLElement for HtmlHtml[<html>]);
11:45:32.528 [Test worker] DEBUG com.gargoylesoftware.htmlunit.WebClient - Get page for window named '', using WebRequest[<url="http://127.0.0.1:8080/input", GET, EncodingType[name=application/x-www-form-urlencoded], [], {Accept=text/html,application/xhtml+xml,application/xml;q=0.9,*/*;q=0.8, Accept-Encoding=gzip, deflate}, null>]
11:45:32.528 [Test worker] DEBUG com.gargoylesoftware.htmlunit.WebClient - Load response for GET http://127.0.0.1:8080/input
11:45:32.529 [Test worker] DEBUG org.apache.http.client.protocol.RequestAddCookies - CookieSpec selected: mine
11:45:32.529 [Test worker] DEBUG org.apache.http.client.protocol.RequestAuthCache - Auth cache not set in the context
11:45:32.530 [Test worker] DEBUG org.apache.http.impl.conn.PoolingHttpClientConnectionManager - Connection request: [route: {}->http://127.0.0.1:8080][total available: 0; route allocated: 0 of 6; total allocated: 0 of 20]
11:45:32.530 [Test worker] DEBUG org.apache.http.impl.conn.PoolingHttpClientConnectionManager - Connection leased: [id: 12][route: {}->http://127.0.0.1:8080][total available: 0; route allocated: 1 of 6; total allocated: 1 of 20]
11:45:32.530 [Test worker] DEBUG org.apache.http.impl.execchain.MainClientExec - Opening connection {}->http://127.0.0.1:8080
11:45:32.530 [Test worker] DEBUG org.apache.http.impl.conn.DefaultHttpClientConnectionOperator - Connecting to /127.0.0.1:8080
11:45:32.530 [Test worker] DEBUG org.apache.http.impl.conn.DefaultHttpClientConnectionOperator - Connection established 127.0.0.1:53841<->127.0.0.1:8080
11:45:32.530 [Test worker] DEBUG org.apache.http.impl.conn.DefaultManagedHttpClientConnection - http-outgoing-12: set socket timeout to 0
11:45:32.530 [Test worker] DEBUG org.apache.http.impl.execchain.MainClientExec - Executing request GET /input HTTP/1.1
11:45:32.530 [Test worker] DEBUG org.apache.http.impl.execchain.MainClientExec - Target auth state: UNCHALLENGED
11:45:32.530 [Test worker] DEBUG org.apache.http.impl.execchain.MainClientExec - Proxy auth state: UNCHALLENGED
11:45:32.530 [Test worker] DEBUG org.apache.http.headers - http-outgoing-12 >> GET /input HTTP/1.1
11:45:32.530 [Test worker] DEBUG org.apache.http.headers - http-outgoing-12 >> Host: 127.0.0.1:8080
11:45:32.530 [Test worker] DEBUG org.apache.http.headers - http-outgoing-12 >> User-Agent: Mozilla/5.0 (Windows NT 6.1; rv:38.0) Gecko/20100101 Firefox/38.0
11:45:32.530 [Test worker] DEBUG org.apache.http.headers - http-outgoing-12 >> Accept: text/html,application/xhtml+xml,application/xml;q=0.9,*/*;q=0.8
11:45:32.530 [Test worker] DEBUG org.apache.http.headers - http-outgoing-12 >> Accept-Language: en-US
11:45:32.530 [Test worker] DEBUG org.apache.http.headers - http-outgoing-12 >> Accept-Encoding: gzip, deflate
11:45:32.530 [Test worker] DEBUG org.apache.http.headers - http-outgoing-12 >> Connection: Keep-Alive
11:45:32.530 [Test worker] DEBUG org.apache.http.wire - http-outgoing-12 >> "GET /input HTTP/1.1[\r][\n]"
11:45:32.530 [Test worker] DEBUG org.apache.http.wire - http-outgoing-12 >> "Host: 127.0.0.1:8080[\r][\n]"
11:45:32.530 [Test worker] DEBUG org.apache.http.wire - http-outgoing-12 >> "User-Agent: Mozilla/5.0 (Windows NT 6.1; rv:38.0) Gecko/20100101 Firefox/38.0[\r][\n]"
11:45:32.530 [Test worker] DEBUG org.apache.http.wire - http-outgoing-12 >> "Accept: text/html,application/xhtml+xml,application/xml;q=0.9,*/*;q=0.8[\r][\n]"
11:45:32.530 [Test worker] DEBUG org.apache.http.wire - http-outgoing-12 >> "Accept-Language: en-US[\r][\n]"
11:45:32.530 [Test worker] DEBUG org.apache.http.wire - http-outgoing-12 >> "Accept-Encoding: gzip, deflate[\r][\n]"
11:45:32.530 [Test worker] DEBUG org.apache.http.wire - http-outgoing-12 >> "Connection: Keep-Alive[\r][\n]"
11:45:32.530 [Test worker] DEBUG org.apache.http.wire - http-outgoing-12 >> "[\r][\n]"
11:45:32.533 [Test worker] DEBUG org.apache.http.wire - http-outgoing-12 << "HTTP/1.1 200 [\r][\n]"
11:45:32.533 [Test worker] DEBUG org.apache.http.wire - http-outgoing-12 << "Content-Type: text/html;charset=UTF-8[\r][\n]"
11:45:32.533 [Test worker] DEBUG org.apache.http.wire - http-outgoing-12 << "Content-Language: en-US[\r][\n]"
11:45:32.533 [Test worker] DEBUG org.apache.http.wire - http-outgoing-12 << "Transfer-Encoding: chunked[\r][\n]"
11:45:32.533 [Test worker] DEBUG org.apache.http.wire - http-outgoing-12 << "Date: Thu, 21 Jan 2021 10:45:31 GMT[\r][\n]"
11:45:32.533 [Test worker] DEBUG org.apache.http.wire - http-outgoing-12 << "Keep-Alive: timeout=60[\r][\n]"
11:45:32.533 [Test worker] DEBUG org.apache.http.wire - http-outgoing-12 << "Connection: keep-alive[\r][\n]"
11:45:32.533 [Test worker] DEBUG org.apache.http.wire - http-outgoing-12 << "[\r][\n]"
11:45:32.533 [Test worker] DEBUG org.apache.http.wire - http-outgoing-12 << "2f0[\r][\n]"
11:45:32.533 [Test worker] DEBUG org.apache.http.wire - http-outgoing-12 << "<!DOCTYPE HTML>[\n]"
11:45:32.533 [Test worker] DEBUG org.apache.http.wire - http-outgoing-12 << "<html>[\n]"
11:45:32.533 [Test worker] DEBUG org.apache.http.wire - http-outgoing-12 << "<head>[\n]"
11:45:32.533 [Test worker] DEBUG org.apache.http.wire - http-outgoing-12 << "    <title>MVC Web application</title>[\n]"
11:45:32.533 [Test worker] DEBUG org.apache.http.wire - http-outgoing-12 << "    <meta http-equiv="Content-Type" content="text/html; charset=UTF-8" />[\n]"
11:45:32.533 [Test worker] DEBUG org.apache.http.wire - http-outgoing-12 << "</head>[\n]"
11:45:32.533 [Test worker] DEBUG org.apache.http.wire - http-outgoing-12 << "[\n]"
11:45:32.533 [Test worker] DEBUG org.apache.http.wire - http-outgoing-12 << "<body>[\n]"
11:45:32.533 [Test worker] DEBUG org.apache.http.wire - http-outgoing-12 << "<h1>Inserisci un nuovo paziente</h1>[\n]"
11:45:32.533 [Test worker] DEBUG org.apache.http.wire - http-outgoing-12 << "[\n]"
11:45:32.533 [Test worker] DEBUG org.apache.http.wire - http-outgoing-12 << "<form action="create" method="post">[\n]"
11:45:32.533 [Test worker] DEBUG org.apache.http.wire - http-outgoing-12 << "    <table border="1">[\n]"
11:45:32.533 [Test worker] DEBUG org.apache.http.wire - http-outgoing-12 << "        <tr>[\n]"
11:45:32.533 [Test worker] DEBUG org.apache.http.wire - http-outgoing-12 << "            <td>Nome</td>[\n]"
11:45:32.533 [Test worker] DEBUG org.apache.http.wire - http-outgoing-12 << "            <td><input type="text" name="firstName" required></td>[\n]"
11:45:32.533 [Test worker] DEBUG org.apache.http.wire - http-outgoing-12 << "        </tr>[\n]"
11:45:32.533 [Test worker] DEBUG org.apache.http.wire - http-outgoing-12 << "        <tr>[\n]"
11:45:32.533 [Test worker] DEBUG org.apache.http.wire - http-outgoing-12 << "            <td>Cognome</td>[\n]"
11:45:32.533 [Test worker] DEBUG org.apache.http.wire - http-outgoing-12 << "            <td><input type="text" name="lastName" required><br></td>[\n]"
11:45:32.533 [Test worker] DEBUG org.apache.http.wire - http-outgoing-12 << "        </tr>[\n]"
11:45:32.533 [Test worker] DEBUG org.apache.http.wire - http-outgoing-12 << "        <tr>[\n]"
11:45:32.533 [Test worker] DEBUG org.apache.http.wire - http-outgoing-12 << "            <td>Data ricovero</td>[\n]"
11:45:32.533 [Test worker] DEBUG org.apache.http.wire - http-outgoing-12 << "            <td><input type="date" name="admissionDate" required><br></td>[\n]"
11:45:32.533 [Test worker] DEBUG org.apache.http.wire - http-outgoing-12 << "        </tr>[\n]"
11:45:32.533 [Test worker] DEBUG org.apache.http.wire - http-outgoing-12 << "    </table>[\n]"
11:45:32.533 [Test worker] DEBUG org.apache.http.wire - http-outgoing-12 << "[\n]"
11:45:32.533 [Test worker] DEBUG org.apache.http.wire - http-outgoing-12 << "    <input type="submit" />[\n]"
11:45:32.533 [Test worker] DEBUG org.apache.http.wire - http-outgoing-12 << "</form>[\n]"
11:45:32.533 [Test worker] DEBUG org.apache.http.wire - http-outgoing-12 << "[\n]"
11:45:32.533 [Test worker] DEBUG org.apache.http.wire - http-outgoing-12 << "<br>[\n]"
11:45:32.533 [Test worker] DEBUG org.apache.http.wire - http-outgoing-12 << "<a href="list"> Torna alla lista </a>[\n]"
11:45:32.533 [Test worker] DEBUG org.apache.http.wire - http-outgoing-12 << "[\n]"
11:45:32.533 [Test worker] DEBUG org.apache.http.wire - http-outgoing-12 << "</body>[\n]"
11:45:32.533 [Test worker] DEBUG org.apache.http.wire - http-outgoing-12 << "</html>[\n]"
11:45:32.533 [Test worker] DEBUG org.apache.http.wire - http-outgoing-12 << "[\n]"
11:45:32.533 [Test worker] DEBUG org.apache.http.wire - http-outgoing-12 << "[\r][\n]"
11:45:32.534 [Test worker] DEBUG org.apache.http.headers - http-outgoing-12 << HTTP/1.1 200 
11:45:32.534 [Test worker] DEBUG org.apache.http.headers - http-outgoing-12 << Content-Type: text/html;charset=UTF-8
11:45:32.534 [Test worker] DEBUG org.apache.http.headers - http-outgoing-12 << Content-Language: en-US
11:45:32.534 [Test worker] DEBUG org.apache.http.headers - http-outgoing-12 << Transfer-Encoding: chunked
11:45:32.534 [Test worker] DEBUG org.apache.http.headers - http-outgoing-12 << Date: Thu, 21 Jan 2021 10:45:31 GMT
11:45:32.534 [Test worker] DEBUG org.apache.http.headers - http-outgoing-12 << Keep-Alive: timeout=60
11:45:32.534 [Test worker] DEBUG org.apache.http.headers - http-outgoing-12 << Connection: keep-alive
11:45:32.534 [Test worker] DEBUG org.apache.http.impl.execchain.MainClientExec - Connection can be kept alive for 60000 MILLISECONDS
11:45:32.534 [Test worker] DEBUG org.apache.http.wire - http-outgoing-12 << "0[\r][\n]"
11:45:32.534 [Test worker] DEBUG org.apache.http.wire - http-outgoing-12 << "[\r][\n]"
11:45:32.534 [Test worker] DEBUG org.apache.http.impl.conn.PoolingHttpClientConnectionManager - Connection [id: 12][route: {}->http://127.0.0.1:8080] can be kept alive for 60.0 seconds
11:45:32.534 [Test worker] DEBUG org.apache.http.impl.conn.DefaultManagedHttpClientConnection - http-outgoing-12: set socket timeout to 0
11:45:32.534 [Test worker] DEBUG org.apache.http.impl.conn.PoolingHttpClientConnectionManager - Connection released: [id: 12][route: {}->http://127.0.0.1:8080][total available: 1; route allocated: 1 of 6; total allocated: 1 of 20]
11:45:32.534 [Test worker] DEBUG com.gargoylesoftware.htmlunit.WebWindowImpl - setEnclosedPage: HtmlPage(http://127.0.0.1:8080/input)@337411927
11:45:32.534 [Test worker] DEBUG com.gargoylesoftware.htmlunit.WebWindowImpl - destroyChildren
11:45:32.540 [Test worker] DEBUG com.gargoylesoftware.htmlunit.util.EncodingSniffer - Encoding found in HTTP headers: 'UTF-8'.
11:45:32.541 [Test worker] DEBUG net.sourceforge.jwebunit.htmlunit.HtmlUnitTestingEngineImpl - Window "" changed : "no_html" became "MVC Web application
11:45:32.541 [Test worker] DEBUG com.gargoylesoftware.htmlunit.html.DomElement - Firing Event DOMContentLoaded (Current Target: HTMLElement for HtmlHtml[<html>]);
11:45:32.541 [Test worker] DEBUG com.gargoylesoftware.htmlunit.html.DomElement - Firing Event load (Current Target: HTMLElement for HtmlHtml[<html>]);
11:45:32.542 [Test worker] DEBUG com.gargoylesoftware.htmlunit.html.DomElement - Firing Event change (Current Target: HTMLElement for HtmlTextInput[<input type="text" name="firstName" required="" value="Michele">]);
11:45:32.542 [Test worker] DEBUG com.gargoylesoftware.htmlunit.html.DomElement - Firing Event change (Current Target: HTMLElement for HtmlTextInput[<input type="text" name="lastName" required="" value="Bianchi">]);
11:45:32.542 [Test worker] DEBUG com.gargoylesoftware.htmlunit.html.DomElement - Firing Event change (Current Target: HTMLElement for HtmlDateInput[<input type="date" name="admissionDate" required="" value="1993-06-11">]);
11:45:32.542 [Test worker] DEBUG com.gargoylesoftware.htmlunit.html.DomElement - Firing Event mousedown (Current Target: HTMLElement for HtmlSubmitInput[<input type="submit">]);
11:45:32.542 [Test worker] DEBUG com.gargoylesoftware.htmlunit.html.DomElement - Firing Event focus (Current Target: HTMLElement for HtmlSubmitInput[<input type="submit">]);
11:45:32.542 [Test worker] DEBUG com.gargoylesoftware.htmlunit.html.DomElement - Firing Event mouseup (Current Target: HTMLElement for HtmlSubmitInput[<input type="submit">]);
11:45:32.542 [Test worker] DEBUG com.gargoylesoftware.htmlunit.html.DomElement - Firing Event click (Current Target: HTMLElement for HtmlSubmitInput[<input type="submit">]);
11:45:32.542 [Test worker] DEBUG com.gargoylesoftware.htmlunit.html.DomElement - Firing Event submit (Current Target: HTMLElement for HtmlForm[<form action="create" method="post">]);
11:45:32.542 [Test worker] DEBUG com.gargoylesoftware.htmlunit.util.EncodingSniffer - Encoding found in HTTP headers: 'UTF-8'.
11:45:32.542 [Test worker] DEBUG com.gargoylesoftware.htmlunit.WebClient - Load response for POST http://127.0.0.1:8080/create
11:45:32.543 [Test worker] DEBUG org.apache.http.client.protocol.RequestAddCookies - CookieSpec selected: mine
11:45:32.543 [Test worker] DEBUG org.apache.http.client.protocol.RequestAuthCache - Auth cache not set in the context
11:45:32.543 [Test worker] DEBUG org.apache.http.impl.conn.PoolingHttpClientConnectionManager - Connection request: [route: {}->http://127.0.0.1:8080][total available: 1; route allocated: 1 of 6; total allocated: 1 of 20]
11:45:32.543 [Test worker] DEBUG org.apache.http.impl.conn.PoolingHttpClientConnectionManager - Connection leased: [id: 12][route: {}->http://127.0.0.1:8080][total available: 0; route allocated: 1 of 6; total allocated: 1 of 20]
11:45:32.543 [Test worker] DEBUG org.apache.http.impl.conn.DefaultManagedHttpClientConnection - http-outgoing-12: set socket timeout to 0
11:45:32.543 [Test worker] DEBUG org.apache.http.impl.conn.DefaultManagedHttpClientConnection - http-outgoing-12: set socket timeout to 0
11:45:32.543 [Test worker] DEBUG org.apache.http.impl.execchain.MainClientExec - Executing request POST /create HTTP/1.1
11:45:32.543 [Test worker] DEBUG org.apache.http.impl.execchain.MainClientExec - Target auth state: UNCHALLENGED
11:45:32.543 [Test worker] DEBUG org.apache.http.impl.execchain.MainClientExec - Proxy auth state: UNCHALLENGED
11:45:32.543 [Test worker] DEBUG org.apache.http.headers - http-outgoing-12 >> POST /create HTTP/1.1
11:45:32.543 [Test worker] DEBUG org.apache.http.headers - http-outgoing-12 >> Host: 127.0.0.1:8080
11:45:32.543 [Test worker] DEBUG org.apache.http.headers - http-outgoing-12 >> User-Agent: Mozilla/5.0 (Windows NT 6.1; rv:38.0) Gecko/20100101 Firefox/38.0
11:45:32.543 [Test worker] DEBUG org.apache.http.headers - http-outgoing-12 >> Accept: */*
11:45:32.543 [Test worker] DEBUG org.apache.http.headers - http-outgoing-12 >> Accept-Language: en-US
11:45:32.543 [Test worker] DEBUG org.apache.http.headers - http-outgoing-12 >> Accept-Encoding: gzip, deflate
11:45:32.543 [Test worker] DEBUG org.apache.http.headers - http-outgoing-12 >> Referer: http://127.0.0.1:8080/input
11:45:32.543 [Test worker] DEBUG org.apache.http.headers - http-outgoing-12 >> Connection: Keep-Alive
11:45:32.543 [Test worker] DEBUG org.apache.http.headers - http-outgoing-12 >> Content-Length: 59
11:45:32.543 [Test worker] DEBUG org.apache.http.headers - http-outgoing-12 >> Content-Type: application/x-www-form-urlencoded
11:45:32.543 [Test worker] DEBUG org.apache.http.wire - http-outgoing-12 >> "POST /create HTTP/1.1[\r][\n]"
11:45:32.543 [Test worker] DEBUG org.apache.http.wire - http-outgoing-12 >> "Host: 127.0.0.1:8080[\r][\n]"
11:45:32.543 [Test worker] DEBUG org.apache.http.wire - http-outgoing-12 >> "User-Agent: Mozilla/5.0 (Windows NT 6.1; rv:38.0) Gecko/20100101 Firefox/38.0[\r][\n]"
11:45:32.543 [Test worker] DEBUG org.apache.http.wire - http-outgoing-12 >> "Accept: */*[\r][\n]"
11:45:32.543 [Test worker] DEBUG org.apache.http.wire - http-outgoing-12 >> "Accept-Language: en-US[\r][\n]"
11:45:32.543 [Test worker] DEBUG org.apache.http.wire - http-outgoing-12 >> "Accept-Encoding: gzip, deflate[\r][\n]"
11:45:32.543 [Test worker] DEBUG org.apache.http.wire - http-outgoing-12 >> "Referer: http://127.0.0.1:8080/input[\r][\n]"
11:45:32.543 [Test worker] DEBUG org.apache.http.wire - http-outgoing-12 >> "Connection: Keep-Alive[\r][\n]"
11:45:32.543 [Test worker] DEBUG org.apache.http.wire - http-outgoing-12 >> "Content-Length: 59[\r][\n]"
11:45:32.543 [Test worker] DEBUG org.apache.http.wire - http-outgoing-12 >> "Content-Type: application/x-www-form-urlencoded[\r][\n]"
11:45:32.543 [Test worker] DEBUG org.apache.http.wire - http-outgoing-12 >> "[\r][\n]"
11:45:32.544 [Test worker] DEBUG org.apache.http.wire - http-outgoing-12 >> "firstName=Michele&lastName=Bianchi&admissionDate=1993-06-11"
11:45:32.548 [Test worker] DEBUG org.apache.http.wire - http-outgoing-12 << "HTTP/1.1 302 [\r][\n]"
11:45:32.548 [Test worker] DEBUG org.apache.http.wire - http-outgoing-12 << "Location: http://127.0.0.1:8080/list[\r][\n]"
11:45:32.549 [Test worker] DEBUG org.apache.http.wire - http-outgoing-12 << "Content-Language: en-US[\r][\n]"
11:45:32.549 [Test worker] DEBUG org.apache.http.wire - http-outgoing-12 << "Content-Length: 0[\r][\n]"
11:45:32.549 [Test worker] DEBUG org.apache.http.wire - http-outgoing-12 << "Date: Thu, 21 Jan 2021 10:45:31 GMT[\r][\n]"
11:45:32.549 [Test worker] DEBUG org.apache.http.wire - http-outgoing-12 << "Keep-Alive: timeout=60[\r][\n]"
11:45:32.549 [Test worker] DEBUG org.apache.http.wire - http-outgoing-12 << "Connection: keep-alive[\r][\n]"
11:45:32.549 [Test worker] DEBUG org.apache.http.wire - http-outgoing-12 << "[\r][\n]"
11:45:32.549 [Test worker] DEBUG org.apache.http.headers - http-outgoing-12 << HTTP/1.1 302 
11:45:32.549 [Test worker] DEBUG org.apache.http.headers - http-outgoing-12 << Location: http://127.0.0.1:8080/list
11:45:32.549 [Test worker] DEBUG org.apache.http.headers - http-outgoing-12 << Content-Language: en-US
11:45:32.549 [Test worker] DEBUG org.apache.http.headers - http-outgoing-12 << Content-Length: 0
11:45:32.549 [Test worker] DEBUG org.apache.http.headers - http-outgoing-12 << Date: Thu, 21 Jan 2021 10:45:31 GMT
11:45:32.549 [Test worker] DEBUG org.apache.http.headers - http-outgoing-12 << Keep-Alive: timeout=60
11:45:32.549 [Test worker] DEBUG org.apache.http.headers - http-outgoing-12 << Connection: keep-alive
11:45:32.549 [Test worker] DEBUG org.apache.http.impl.execchain.MainClientExec - Connection can be kept alive for 60000 MILLISECONDS
11:45:32.549 [Test worker] DEBUG org.apache.http.impl.conn.PoolingHttpClientConnectionManager - Connection [id: 12][route: {}->http://127.0.0.1:8080] can be kept alive for 60.0 seconds
11:45:32.549 [Test worker] DEBUG org.apache.http.impl.conn.DefaultManagedHttpClientConnection - http-outgoing-12: set socket timeout to 0
11:45:32.549 [Test worker] DEBUG org.apache.http.impl.conn.PoolingHttpClientConnectionManager - Connection released: [id: 12][route: {}->http://127.0.0.1:8080][total available: 1; route allocated: 1 of 6; total allocated: 1 of 20]
11:45:32.549 [Test worker] DEBUG com.gargoylesoftware.htmlunit.WebClient - Got a redirect status code [302] new location = [http://127.0.0.1:8080/list]
11:45:32.549 [Test worker] DEBUG com.gargoylesoftware.htmlunit.WebClient - Load response for GET http://127.0.0.1:8080/list
11:45:32.550 [Test worker] DEBUG org.apache.http.client.protocol.RequestAddCookies - CookieSpec selected: mine
11:45:32.550 [Test worker] DEBUG org.apache.http.client.protocol.RequestAuthCache - Auth cache not set in the context
11:45:32.550 [Test worker] DEBUG org.apache.http.impl.conn.PoolingHttpClientConnectionManager - Connection request: [route: {}->http://127.0.0.1:8080][total available: 1; route allocated: 1 of 6; total allocated: 1 of 20]
11:45:32.550 [Test worker] DEBUG org.apache.http.impl.conn.PoolingHttpClientConnectionManager - Connection leased: [id: 12][route: {}->http://127.0.0.1:8080][total available: 0; route allocated: 1 of 6; total allocated: 1 of 20]
11:45:32.550 [Test worker] DEBUG org.apache.http.impl.conn.DefaultManagedHttpClientConnection - http-outgoing-12: set socket timeout to 0
11:45:32.550 [Test worker] DEBUG org.apache.http.impl.conn.DefaultManagedHttpClientConnection - http-outgoing-12: set socket timeout to 0
11:45:32.551 [Test worker] DEBUG org.apache.http.impl.execchain.MainClientExec - Executing request GET /list HTTP/1.1
11:45:32.551 [Test worker] DEBUG org.apache.http.impl.execchain.MainClientExec - Target auth state: UNCHALLENGED
11:45:32.551 [Test worker] DEBUG org.apache.http.impl.execchain.MainClientExec - Proxy auth state: UNCHALLENGED
11:45:32.551 [Test worker] DEBUG org.apache.http.headers - http-outgoing-12 >> GET /list HTTP/1.1
11:45:32.551 [Test worker] DEBUG org.apache.http.headers - http-outgoing-12 >> Host: 127.0.0.1:8080
11:45:32.551 [Test worker] DEBUG org.apache.http.headers - http-outgoing-12 >> User-Agent: Mozilla/5.0 (Windows NT 6.1; rv:38.0) Gecko/20100101 Firefox/38.0
11:45:32.551 [Test worker] DEBUG org.apache.http.headers - http-outgoing-12 >> Accept: */*
11:45:32.551 [Test worker] DEBUG org.apache.http.headers - http-outgoing-12 >> Accept-Language: en-US
11:45:32.551 [Test worker] DEBUG org.apache.http.headers - http-outgoing-12 >> Accept-Encoding: gzip, deflate
11:45:32.551 [Test worker] DEBUG org.apache.http.headers - http-outgoing-12 >> Referer: http://127.0.0.1:8080/input
11:45:32.551 [Test worker] DEBUG org.apache.http.headers - http-outgoing-12 >> Connection: Keep-Alive
11:45:32.551 [Test worker] DEBUG org.apache.http.wire - http-outgoing-12 >> "GET /list HTTP/1.1[\r][\n]"
11:45:32.551 [Test worker] DEBUG org.apache.http.wire - http-outgoing-12 >> "Host: 127.0.0.1:8080[\r][\n]"
11:45:32.551 [Test worker] DEBUG org.apache.http.wire - http-outgoing-12 >> "User-Agent: Mozilla/5.0 (Windows NT 6.1; rv:38.0) Gecko/20100101 Firefox/38.0[\r][\n]"
11:45:32.551 [Test worker] DEBUG org.apache.http.wire - http-outgoing-12 >> "Accept: */*[\r][\n]"
11:45:32.551 [Test worker] DEBUG org.apache.http.wire - http-outgoing-12 >> "Accept-Language: en-US[\r][\n]"
11:45:32.551 [Test worker] DEBUG org.apache.http.wire - http-outgoing-12 >> "Accept-Encoding: gzip, deflate[\r][\n]"
11:45:32.551 [Test worker] DEBUG org.apache.http.wire - http-outgoing-12 >> "Referer: http://127.0.0.1:8080/input[\r][\n]"
11:45:32.551 [Test worker] DEBUG org.apache.http.wire - http-outgoing-12 >> "Connection: Keep-Alive[\r][\n]"
11:45:32.551 [Test worker] DEBUG org.apache.http.wire - http-outgoing-12 >> "[\r][\n]"
11:45:32.556 [Test worker] DEBUG org.apache.http.wire - http-outgoing-12 << "HTTP/1.1 200 [\r][\n]"
11:45:32.556 [Test worker] DEBUG org.apache.http.wire - http-outgoing-12 << "Content-Type: text/html;charset=UTF-8[\r][\n]"
11:45:32.556 [Test worker] DEBUG org.apache.http.wire - http-outgoing-12 << "Content-Language: en-US[\r][\n]"
11:45:32.556 [Test worker] DEBUG org.apache.http.wire - http-outgoing-12 << "Transfer-Encoding: chunked[\r][\n]"
11:45:32.556 [Test worker] DEBUG org.apache.http.wire - http-outgoing-12 << "Date: Thu, 21 Jan 2021 10:45:31 GMT[\r][\n]"
11:45:32.556 [Test worker] DEBUG org.apache.http.wire - http-outgoing-12 << "Keep-Alive: timeout=60[\r][\n]"
11:45:32.556 [Test worker] DEBUG org.apache.http.wire - http-outgoing-12 << "Connection: keep-alive[\r][\n]"
11:45:32.556 [Test worker] DEBUG org.apache.http.wire - http-outgoing-12 << "[\r][\n]"
11:45:32.556 [Test worker] DEBUG org.apache.http.wire - http-outgoing-12 << "e04[\r][\n]"
11:45:32.556 [Test worker] DEBUG org.apache.http.wire - http-outgoing-12 << "<!DOCTYPE HTML>[\n]"
11:45:32.556 [Test worker] DEBUG org.apache.http.wire - http-outgoing-12 << "<html>[\n]"
11:45:32.556 [Test worker] DEBUG org.apache.http.wire - http-outgoing-12 << "<head>[\n]"
11:45:32.556 [Test worker] DEBUG org.apache.http.wire - http-outgoing-12 << "    <title>MVC Web application</title>[\n]"
11:45:32.556 [Test worker] DEBUG org.apache.http.wire - http-outgoing-12 << "    <meta http-equiv="Content-Type" content="text/html; charset=UTF-8" />[\n]"
11:45:32.556 [Test worker] DEBUG org.apache.http.wire - http-outgoing-12 << "</head>[\n]"
11:45:32.556 [Test worker] DEBUG org.apache.http.wire - http-outgoing-12 << "[\n]"
11:45:32.556 [Test worker] DEBUG org.apache.http.wire - http-outgoing-12 << "<body>[\n]"
11:45:32.556 [Test worker] DEBUG org.apache.http.wire - http-outgoing-12 << "<h1>Pazienti Ricoverati</h1>[\n]"
11:45:32.556 [Test worker] DEBUG org.apache.http.wire - http-outgoing-12 << "[\n]"
11:45:32.556 [Test worker] DEBUG org.apache.http.wire - http-outgoing-12 << "<table border="1" id="present" name="present">[\n]"
11:45:32.556 [Test worker] DEBUG org.apache.http.wire - http-outgoing-12 << "    <thead>[\n]"
11:45:32.556 [Test worker] DEBUG org.apache.http.wire - http-outgoing-12 << "    <tr>[\n]"
11:45:32.556 [Test worker] DEBUG org.apache.http.wire - http-outgoing-12 << "        <th>Id</th>[\n]"
11:45:32.556 [Test worker] DEBUG org.apache.http.wire - http-outgoing-12 << "        <th>Nome</th>[\n]"
11:45:32.556 [Test worker] DEBUG org.apache.http.wire - http-outgoing-12 << "        <th>Cognome</th>[\n]"
11:45:32.556 [Test worker] DEBUG org.apache.http.wire - http-outgoing-12 << "        <th>Data ricovero</th>[\n]"
11:45:32.556 [Test worker] DEBUG org.apache.http.wire - http-outgoing-12 << "        <th>Data dimissione</th>[\n]"
11:45:32.556 [Test worker] DEBUG org.apache.http.wire - http-outgoing-12 << "        <th>Mostra</th>[\n]"
11:45:32.556 [Test worker] DEBUG org.apache.http.wire - http-outgoing-12 << "        <th>Modifica</th>[\n]"
11:45:32.556 [Test worker] DEBUG org.apache.http.wire - http-outgoing-12 << "        <th>Dimetti</th>[\n]"
11:45:32.556 [Test worker] DEBUG org.apache.http.wire - http-outgoing-12 << "        <th>Cancella</th>[\n]"
11:45:32.556 [Test worker] DEBUG org.apache.http.wire - http-outgoing-12 << "        <th>Stampa</th>[\n]"
11:45:32.556 [Test worker] DEBUG org.apache.http.wire - http-outgoing-12 << "    </tr>[\n]"
11:45:32.556 [Test worker] DEBUG org.apache.http.wire - http-outgoing-12 << "    </thead>[\n]"
11:45:32.556 [Test worker] DEBUG org.apache.http.wire - http-outgoing-12 << "    <tbody>[\n]"
11:45:32.556 [Test worker] DEBUG org.apache.http.wire - http-outgoing-12 << "        <tr>[\n]"
11:45:32.556 [Test worker] DEBUG org.apache.http.wire - http-outgoing-12 << "            <td id="id">10</td>[\n]"
11:45:32.556 [Test worker] DEBUG org.apache.http.wire - http-outgoing-12 << "            <td style="text-align:center;">Michele</td>[\n]"
11:45:32.556 [Test worker] DEBUG org.apache.http.wire - http-outgoing-12 << "            <td id='lastName' style="text-align:center;">Bianchi</td>[\n]"
11:45:32.556 [Test worker] DEBUG org.apache.http.wire - http-outgoing-12 << "            <td style="text-align:center;">11/06/1993</td>[\n]"
11:45:32.556 [Test worker] DEBUG org.apache.http.wire - http-outgoing-12 << "            <td style="text-align:center;"></td>[\n]"
11:45:32.556 [Test worker] DEBUG org.apache.http.wire - http-outgoing-12 << "            <td> <a href="cartella?id=10" style="text-align:center;"> Cartella </a></td>[\n]"
11:45:32.556 [Test worker] DEBUG org.apache.http.wire - http-outgoing-12 << "            <td> <a href="edit?id=10" id="modifica" style="text-align:center;"> Modifica </a></td>[\n]"
11:45:32.556 [Test worker] DEBUG org.apache.http.wire - http-outgoing-12 << "            <td> <a href="dimetti?id=10" style="text-align:center;"> Dimetti </a></td>[\n]"
11:45:32.556 [Test worker] DEBUG org.apache.http.wire - http-outgoing-12 << "            <td> <a href="delete?id=10" id="cancella" style="text-align:center;"> Cancella </a></td>[\n]"
11:45:32.556 [Test worker] DEBUG org.apache.http.wire - http-outgoing-12 << "            <td><button><a href="print?id=10" style="text-align:center;text-decoration:none;"> Stampa scheda </a></button></td>[\n]"
11:45:32.556 [Test worker] DEBUG org.apache.http.wire - http-outgoing-12 << "        </tr>[\n]"
11:45:32.556 [Test worker] DEBUG org.apache.http.wire - http-outgoing-12 << "        </tbody>[\n]"
11:45:32.556 [Test worker] DEBUG org.apache.http.wire - http-outgoing-12 << "</table>[\n]"
11:45:32.556 [Test worker] DEBUG org.apache.http.wire - http-outgoing-12 << "[\n]"
11:45:32.556 [Test worker] DEBUG org.apache.http.wire - http-outgoing-12 << "<h1>Pazienti Dimessi</h1>[\n]"
11:45:32.556 [Test worker] DEBUG org.apache.http.wire - http-outgoing-12 << "<table border="1" id="discharged" name="discharged">[\n]"
11:45:32.556 [Test worker] DEBUG org.apache.http.wire - http-outgoing-12 << "    <thead>[\n]"
11:45:32.556 [Test worker] DEBUG org.apache.http.wire - http-outgoing-12 << "    <tr>[\n]"
11:45:32.556 [Test worker] DEBUG org.apache.http.wire - http-outgoing-12 << "        <th>Id</th>[\n]"
11:45:32.556 [Test worker] DEBUG org.apache.http.wire - http-outgoing-12 << "        <th>Nome</th>[\n]"
11:45:32.556 [Test worker] DEBUG org.apache.http.wire - http-outgoing-12 << "        <th>Cognome</th>[\n]"
11:45:32.556 [Test worker] DEBUG org.apache.http.wire - http-outgoing-12 << "        <th>Data Ricovero</th>[\n]"
11:45:32.556 [Test worker] DEBUG org.apache.http.wire - http-outgoing-12 << "        <th>Data Dimissione</th>[\n]"
11:45:32.556 [Test worker] DEBUG org.apache.http.wire - http-outgoing-12 << "        <th>Cartella</th>[\n]"
11:45:32.556 [Test worker] DEBUG org.apache.http.wire - http-outgoing-12 << "        <th>Modifica</th>[\n]"
11:45:32.556 [Test worker] DEBUG org.apache.http.wire - http-outgoing-12 << "        <th>Cancella</th>[\n]"
11:45:32.556 [Test worker] DEBUG org.apache.http.wire - http-outgoing-12 << "        <th>Stampa</th>[\n]"
11:45:32.556 [Test worker] DEBUG org.apache.http.wire - http-outgoing-12 << "    </tr>[\n]"
11:45:32.556 [Test worker] DEBUG org.apache.http.wire - http-outgoing-12 << "    </thead>[\n]"
11:45:32.556 [Test worker] DEBUG org.apache.http.wire - http-outgoing-12 << "    <tbody>[\n]"
11:45:32.556 [Test worker] DEBUG org.apache.http.wire - http-outgoing-12 << "    <tr>[\n]"
11:45:32.556 [Test worker] DEBUG org.apache.http.wire - http-outgoing-12 << "        <td id="idDischarged">1</td>[\n]"
11:45:32.556 [Test worker] DEBUG org.apache.http.wire - http-outgoing-12 << "        <td style="text-align:center;">Michele</td>[\n]"
11:45:32.556 [Test worker] DEBUG org.apache.http.wire - http-outgoing-12 << "        <td id='lastNameDischarged' style="text-align:center;">Bianchi</td>[\n]"
11:45:32.556 [Test worker] DEBUG org.apache.http.wire - http-outgoing-12 << "        <td style="text-align:center;">11/06/1993</td>[\n]"
11:45:32.556 [Test worker] DEBUG org.apache.http.wire - http-outgoing-12 << "        <td style="text-align:center;">21/01/2021</td>[\n]"
11:45:32.556 [Test worker] DEBUG org.apache.http.wire - http-outgoing-12 << "        <td> <a href="cartella?id=1" style="text-align:center;"> Cartella </a></td>[\n]"
11:45:32.556 [Test worker] DEBUG org.apache.http.wire - http-outgoing-12 << "        <td> <a id="modificaDischarged" style="text-align:center; cursor:not-allowed; pointer-events:none; color:grey;"> Modifica </a></td>[\n]"
11:45:32.556 [Test worker] DEBUG org.apache.http.wire - http-outgoing-12 << "        <td> <a id="cancellaDischarged" style="text-align:center; cursor:not-allowed; pointer-events:none; color:grey;"> Cancella </a></td>[\n]"
11:45:32.556 [Test worker] DEBUG org.apache.http.wire - http-outgoing-12 << "        <td><button><a href="print?id=1" style="text-align:center;text-decoration:none;"> Stampa scheda </a></button></td>[\n]"
11:45:32.556 [Test worker] DEBUG org.apache.http.wire - http-outgoing-12 << "    </tr>[\n]"
11:45:32.556 [Test worker] DEBUG org.apache.http.wire - http-outgoing-12 << "    <tr>[\n]"
11:45:32.556 [Test worker] DEBUG org.apache.http.wire - http-outgoing-12 << "        <td id="idDischarged">9</td>[\n]"
11:45:32.556 [Test worker] DEBUG org.apache.http.wire - http-outgoing-12 << "        <td style="text-align:center;">Michele</td>[\n]"
11:45:32.556 [Test worker] DEBUG org.apache.http.wire - http-outgoing-12 << "        <td id='lastNameDischarged' style="text-align:center;">Bianchi</td>[\n]"
11:45:32.556 [Test worker] DEBUG org.apache.http.wire - http-outgoing-12 << "        <td style="text-align:center;">11/06/1993</td>[\n]"
11:45:32.556 [Test worker] DEBUG org.apache.http.wire - http-outgoing-12 << "        <td style="text-align:center;">21/01/2021</td>[\n]"
11:45:32.556 [Test worker] DEBUG org.apache.http.wire - http-outgoing-12 << "        <td> <a href="cartella?id=9" style="text-align:center;"> Cartella </a></td>[\n]"
11:45:32.556 [Test worker] DEBUG org.apache.http.wire - http-outgoing-12 << "        <td> <a id="modificaDischarged" style="text-align:center; cursor:not-allowed; pointer-events:none; color:grey;"> Modifica </a></td>[\n]"
11:45:32.556 [Test worker] DEBUG org.apache.http.wire - http-outgoing-12 << "        <td> <a id="cancellaDischarged" style="text-align:center; cursor:not-allowed; pointer-events:none; color:grey;"> Cancella </a></td>[\n]"
11:45:32.557 [Test worker] DEBUG org.apache.http.wire - http-outgoing-12 << "        <td><button><a href="print?id=9" style="text-align:center;text-decoration:none;"> Stampa scheda </a></button></td>[\n]"
11:45:32.557 [Test worker] DEBUG org.apache.http.wire - http-outgoing-12 << "    </tr>[\n]"
11:45:32.557 [Test worker] DEBUG org.apache.http.wire - http-outgoing-12 << "    </tbody>[\n]"
11:45:32.557 [Test worker] DEBUG org.apache.http.wire - http-outgoing-12 << "</table>[\n]"
11:45:32.557 [Test worker] DEBUG org.apache.http.wire - http-outgoing-12 << "<br>[\n]"
11:45:32.557 [Test worker] DEBUG org.apache.http.wire - http-outgoing-12 << "<button><a href="input" style="text-decoration:none;">Registra un paziente</a></button>[\n]"
11:45:32.557 [Test worker] DEBUG org.apache.http.wire - http-outgoing-12 << "<br>[\n]"
11:45:32.557 [Test worker] DEBUG org.apache.http.wire - http-outgoing-12 << "<br>[\n]"
11:45:32.557 [Test worker] DEBUG org.apache.http.wire - http-outgoing-12 << "[\n]"
11:45:32.557 [Test worker] DEBUG org.apache.http.wire - http-outgoing-12 << "<form action="search" method="post">[\n]"
11:45:32.557 [Test worker] DEBUG org.apache.http.wire - http-outgoing-12 << "    Cognome Paziente: <input type="text" name="lastName"/>[\n]"
11:45:32.557 [Test worker] DEBUG org.apache.http.wire - http-outgoing-12 << "    <input type="submit" value="Cerca"/>[\n]"
11:45:32.557 [Test worker] DEBUG org.apache.http.wire - http-outgoing-12 << "</form>[\n]"
11:45:32.557 [Test worker] DEBUG org.apache.http.wire - http-outgoing-12 << "</body>[\n]"
11:45:32.557 [Test worker] DEBUG org.apache.http.wire - http-outgoing-12 << "</html>[\r][\n]"
11:45:32.557 [Test worker] DEBUG org.apache.http.headers - http-outgoing-12 << HTTP/1.1 200 
11:45:32.557 [Test worker] DEBUG org.apache.http.headers - http-outgoing-12 << Content-Type: text/html;charset=UTF-8
11:45:32.557 [Test worker] DEBUG org.apache.http.headers - http-outgoing-12 << Content-Language: en-US
11:45:32.557 [Test worker] DEBUG org.apache.http.headers - http-outgoing-12 << Transfer-Encoding: chunked
11:45:32.557 [Test worker] DEBUG org.apache.http.headers - http-outgoing-12 << Date: Thu, 21 Jan 2021 10:45:31 GMT
11:45:32.557 [Test worker] DEBUG org.apache.http.headers - http-outgoing-12 << Keep-Alive: timeout=60
11:45:32.557 [Test worker] DEBUG org.apache.http.headers - http-outgoing-12 << Connection: keep-alive
11:45:32.557 [Test worker] DEBUG org.apache.http.impl.execchain.MainClientExec - Connection can be kept alive for 60000 MILLISECONDS
11:45:32.557 [Test worker] DEBUG org.apache.http.wire - http-outgoing-12 << "0[\r][\n]"
11:45:32.557 [Test worker] DEBUG org.apache.http.wire - http-outgoing-12 << "[\r][\n]"
11:45:32.557 [Test worker] DEBUG org.apache.http.impl.conn.PoolingHttpClientConnectionManager - Connection [id: 12][route: {}->http://127.0.0.1:8080] can be kept alive for 60.0 seconds
11:45:32.557 [Test worker] DEBUG org.apache.http.impl.conn.DefaultManagedHttpClientConnection - http-outgoing-12: set socket timeout to 0
11:45:32.557 [Test worker] DEBUG org.apache.http.impl.conn.PoolingHttpClientConnectionManager - Connection released: [id: 12][route: {}->http://127.0.0.1:8080][total available: 1; route allocated: 1 of 6; total allocated: 1 of 20]
11:45:32.557 [Test worker] DEBUG com.gargoylesoftware.htmlunit.html.DomElement - Firing Event unload (Current Target: HTMLElement for HtmlHtml[<html>]);
11:45:32.558 [Test worker] DEBUG com.gargoylesoftware.htmlunit.WebWindowImpl - setEnclosedPage: HtmlPage(http://127.0.0.1:8080/list)@2082904370
11:45:32.558 [Test worker] DEBUG com.gargoylesoftware.htmlunit.WebWindowImpl - destroyChildren
11:45:32.563 [Test worker] DEBUG com.gargoylesoftware.htmlunit.util.EncodingSniffer - Encoding found in HTTP headers: 'UTF-8'.
11:45:32.565 [Test worker] DEBUG net.sourceforge.jwebunit.htmlunit.HtmlUnitTestingEngineImpl - Window "" changed : "MVC Web application" became "MVC Web application
11:45:32.565 [Test worker] DEBUG com.gargoylesoftware.htmlunit.html.DomElement - Firing Event DOMContentLoaded (Current Target: HTMLElement for HtmlHtml[<html>]);
11:45:32.565 [Test worker] DEBUG com.gargoylesoftware.htmlunit.html.DomElement - Firing Event load (Current Target: HTMLElement for HtmlHtml[<html>]);
11:45:32.566 [Test worker] DEBUG com.gargoylesoftware.htmlunit.WebClient - Get page for window named '', using WebRequest[<url="http://127.0.0.1:8080/", GET, EncodingType[name=application/x-www-form-urlencoded], [], {Accept=text/html,application/xhtml+xml,application/xml;q=0.9,*/*;q=0.8, Accept-Encoding=gzip, deflate}, null>]
11:45:32.566 [Test worker] DEBUG com.gargoylesoftware.htmlunit.WebClient - Load response for GET http://127.0.0.1:8080/
11:45:32.567 [Test worker] DEBUG org.apache.http.client.protocol.RequestAddCookies - CookieSpec selected: mine
11:45:32.567 [Test worker] DEBUG org.apache.http.client.protocol.RequestAuthCache - Auth cache not set in the context
11:45:32.567 [Test worker] DEBUG org.apache.http.impl.conn.PoolingHttpClientConnectionManager - Connection request: [route: {}->http://127.0.0.1:8080][total available: 0; route allocated: 0 of 6; total allocated: 0 of 20]
11:45:32.567 [Test worker] DEBUG org.apache.http.impl.conn.PoolingHttpClientConnectionManager - Connection leased: [id: 13][route: {}->http://127.0.0.1:8080][total available: 0; route allocated: 1 of 6; total allocated: 1 of 20]
11:45:32.567 [Test worker] DEBUG org.apache.http.impl.execchain.MainClientExec - Opening connection {}->http://127.0.0.1:8080
11:45:32.567 [Test worker] DEBUG org.apache.http.impl.conn.DefaultHttpClientConnectionOperator - Connecting to /127.0.0.1:8080
11:45:32.568 [Test worker] DEBUG org.apache.http.impl.conn.DefaultHttpClientConnectionOperator - Connection established 127.0.0.1:53842<->127.0.0.1:8080
11:45:32.568 [Test worker] DEBUG org.apache.http.impl.conn.DefaultManagedHttpClientConnection - http-outgoing-13: set socket timeout to 0
11:45:32.568 [Test worker] DEBUG org.apache.http.impl.execchain.MainClientExec - Executing request GET / HTTP/1.1
11:45:32.568 [Test worker] DEBUG org.apache.http.impl.execchain.MainClientExec - Target auth state: UNCHALLENGED
11:45:32.568 [Test worker] DEBUG org.apache.http.impl.execchain.MainClientExec - Proxy auth state: UNCHALLENGED
11:45:32.568 [Test worker] DEBUG org.apache.http.headers - http-outgoing-13 >> GET / HTTP/1.1
11:45:32.568 [Test worker] DEBUG org.apache.http.headers - http-outgoing-13 >> Host: 127.0.0.1:8080
11:45:32.568 [Test worker] DEBUG org.apache.http.headers - http-outgoing-13 >> User-Agent: Mozilla/5.0 (Windows NT 6.1; rv:38.0) Gecko/20100101 Firefox/38.0
11:45:32.568 [Test worker] DEBUG org.apache.http.headers - http-outgoing-13 >> Accept: text/html,application/xhtml+xml,application/xml;q=0.9,*/*;q=0.8
11:45:32.568 [Test worker] DEBUG org.apache.http.headers - http-outgoing-13 >> Accept-Language: en-US
11:45:32.568 [Test worker] DEBUG org.apache.http.headers - http-outgoing-13 >> Accept-Encoding: gzip, deflate
11:45:32.568 [Test worker] DEBUG org.apache.http.headers - http-outgoing-13 >> Connection: Keep-Alive
11:45:32.568 [Test worker] DEBUG org.apache.http.wire - http-outgoing-13 >> "GET / HTTP/1.1[\r][\n]"
11:45:32.568 [Test worker] DEBUG org.apache.http.wire - http-outgoing-13 >> "Host: 127.0.0.1:8080[\r][\n]"
11:45:32.568 [Test worker] DEBUG org.apache.http.wire - http-outgoing-13 >> "User-Agent: Mozilla/5.0 (Windows NT 6.1; rv:38.0) Gecko/20100101 Firefox/38.0[\r][\n]"
11:45:32.568 [Test worker] DEBUG org.apache.http.wire - http-outgoing-13 >> "Accept: text/html,application/xhtml+xml,application/xml;q=0.9,*/*;q=0.8[\r][\n]"
11:45:32.568 [Test worker] DEBUG org.apache.http.wire - http-outgoing-13 >> "Accept-Language: en-US[\r][\n]"
11:45:32.568 [Test worker] DEBUG org.apache.http.wire - http-outgoing-13 >> "Accept-Encoding: gzip, deflate[\r][\n]"
11:45:32.568 [Test worker] DEBUG org.apache.http.wire - http-outgoing-13 >> "Connection: Keep-Alive[\r][\n]"
11:45:32.568 [Test worker] DEBUG org.apache.http.wire - http-outgoing-13 >> "[\r][\n]"
11:45:32.570 [Test worker] DEBUG org.apache.http.wire - http-outgoing-13 << "HTTP/1.1 302 [\r][\n]"
11:45:32.570 [Test worker] DEBUG org.apache.http.wire - http-outgoing-13 << "Location: http://127.0.0.1:8080/list[\r][\n]"
11:45:32.570 [Test worker] DEBUG org.apache.http.wire - http-outgoing-13 << "Content-Language: en-US[\r][\n]"
11:45:32.570 [Test worker] DEBUG org.apache.http.wire - http-outgoing-13 << "Content-Length: 0[\r][\n]"
11:45:32.570 [Test worker] DEBUG org.apache.http.wire - http-outgoing-13 << "Date: Thu, 21 Jan 2021 10:45:31 GMT[\r][\n]"
11:45:32.570 [Test worker] DEBUG org.apache.http.wire - http-outgoing-13 << "Keep-Alive: timeout=60[\r][\n]"
11:45:32.570 [Test worker] DEBUG org.apache.http.wire - http-outgoing-13 << "Connection: keep-alive[\r][\n]"
11:45:32.570 [Test worker] DEBUG org.apache.http.wire - http-outgoing-13 << "[\r][\n]"
11:45:32.570 [Test worker] DEBUG org.apache.http.headers - http-outgoing-13 << HTTP/1.1 302 
11:45:32.570 [Test worker] DEBUG org.apache.http.headers - http-outgoing-13 << Location: http://127.0.0.1:8080/list
11:45:32.570 [Test worker] DEBUG org.apache.http.headers - http-outgoing-13 << Content-Language: en-US
11:45:32.570 [Test worker] DEBUG org.apache.http.headers - http-outgoing-13 << Content-Length: 0
11:45:32.570 [Test worker] DEBUG org.apache.http.headers - http-outgoing-13 << Date: Thu, 21 Jan 2021 10:45:31 GMT
11:45:32.570 [Test worker] DEBUG org.apache.http.headers - http-outgoing-13 << Keep-Alive: timeout=60
11:45:32.570 [Test worker] DEBUG org.apache.http.headers - http-outgoing-13 << Connection: keep-alive
11:45:32.570 [Test worker] DEBUG org.apache.http.impl.execchain.MainClientExec - Connection can be kept alive for 60000 MILLISECONDS
11:45:32.570 [Test worker] DEBUG org.apache.http.impl.conn.PoolingHttpClientConnectionManager - Connection [id: 13][route: {}->http://127.0.0.1:8080] can be kept alive for 60.0 seconds
11:45:32.570 [Test worker] DEBUG org.apache.http.impl.conn.DefaultManagedHttpClientConnection - http-outgoing-13: set socket timeout to 0
11:45:32.570 [Test worker] DEBUG org.apache.http.impl.conn.PoolingHttpClientConnectionManager - Connection released: [id: 13][route: {}->http://127.0.0.1:8080][total available: 1; route allocated: 1 of 6; total allocated: 1 of 20]
11:45:32.570 [Test worker] DEBUG com.gargoylesoftware.htmlunit.WebClient - Got a redirect status code [302] new location = [http://127.0.0.1:8080/list]
11:45:32.571 [Test worker] DEBUG com.gargoylesoftware.htmlunit.WebClient - Load response for GET http://127.0.0.1:8080/list
11:45:32.571 [Test worker] DEBUG org.apache.http.client.protocol.RequestAddCookies - CookieSpec selected: mine
11:45:32.571 [Test worker] DEBUG org.apache.http.client.protocol.RequestAuthCache - Auth cache not set in the context
11:45:32.572 [Test worker] DEBUG org.apache.http.impl.conn.PoolingHttpClientConnectionManager - Connection request: [route: {}->http://127.0.0.1:8080][total available: 1; route allocated: 1 of 6; total allocated: 1 of 20]
11:45:32.572 [Test worker] DEBUG org.apache.http.impl.conn.PoolingHttpClientConnectionManager - Connection leased: [id: 13][route: {}->http://127.0.0.1:8080][total available: 0; route allocated: 1 of 6; total allocated: 1 of 20]
11:45:32.572 [Test worker] DEBUG org.apache.http.impl.conn.DefaultManagedHttpClientConnection - http-outgoing-13: set socket timeout to 0
11:45:32.572 [Test worker] DEBUG org.apache.http.impl.conn.DefaultManagedHttpClientConnection - http-outgoing-13: set socket timeout to 0
11:45:32.572 [Test worker] DEBUG org.apache.http.impl.execchain.MainClientExec - Executing request GET /list HTTP/1.1
11:45:32.572 [Test worker] DEBUG org.apache.http.impl.execchain.MainClientExec - Target auth state: UNCHALLENGED
11:45:32.572 [Test worker] DEBUG org.apache.http.impl.execchain.MainClientExec - Proxy auth state: UNCHALLENGED
11:45:32.572 [Test worker] DEBUG org.apache.http.headers - http-outgoing-13 >> GET /list HTTP/1.1
11:45:32.572 [Test worker] DEBUG org.apache.http.headers - http-outgoing-13 >> Host: 127.0.0.1:8080
11:45:32.572 [Test worker] DEBUG org.apache.http.headers - http-outgoing-13 >> User-Agent: Mozilla/5.0 (Windows NT 6.1; rv:38.0) Gecko/20100101 Firefox/38.0
11:45:32.572 [Test worker] DEBUG org.apache.http.headers - http-outgoing-13 >> Accept: text/html,application/xhtml+xml,application/xml;q=0.9,*/*;q=0.8
11:45:32.572 [Test worker] DEBUG org.apache.http.headers - http-outgoing-13 >> Accept-Language: en-US
11:45:32.572 [Test worker] DEBUG org.apache.http.headers - http-outgoing-13 >> Accept-Encoding: gzip, deflate
11:45:32.572 [Test worker] DEBUG org.apache.http.headers - http-outgoing-13 >> Connection: Keep-Alive
11:45:32.572 [Test worker] DEBUG org.apache.http.wire - http-outgoing-13 >> "GET /list HTTP/1.1[\r][\n]"
11:45:32.572 [Test worker] DEBUG org.apache.http.wire - http-outgoing-13 >> "Host: 127.0.0.1:8080[\r][\n]"
11:45:32.572 [Test worker] DEBUG org.apache.http.wire - http-outgoing-13 >> "User-Agent: Mozilla/5.0 (Windows NT 6.1; rv:38.0) Gecko/20100101 Firefox/38.0[\r][\n]"
11:45:32.572 [Test worker] DEBUG org.apache.http.wire - http-outgoing-13 >> "Accept: text/html,application/xhtml+xml,application/xml;q=0.9,*/*;q=0.8[\r][\n]"
11:45:32.572 [Test worker] DEBUG org.apache.http.wire - http-outgoing-13 >> "Accept-Language: en-US[\r][\n]"
11:45:32.572 [Test worker] DEBUG org.apache.http.wire - http-outgoing-13 >> "Accept-Encoding: gzip, deflate[\r][\n]"
11:45:32.572 [Test worker] DEBUG org.apache.http.wire - http-outgoing-13 >> "Connection: Keep-Alive[\r][\n]"
11:45:32.572 [Test worker] DEBUG org.apache.http.wire - http-outgoing-13 >> "[\r][\n]"
11:45:32.578 [Test worker] DEBUG org.apache.http.wire - http-outgoing-13 << "HTTP/1.1 200 [\r][\n]"
11:45:32.578 [Test worker] DEBUG org.apache.http.wire - http-outgoing-13 << "Content-Type: text/html;charset=UTF-8[\r][\n]"
11:45:32.578 [Test worker] DEBUG org.apache.http.wire - http-outgoing-13 << "Content-Language: en-US[\r][\n]"
11:45:32.578 [Test worker] DEBUG org.apache.http.wire - http-outgoing-13 << "Transfer-Encoding: chunked[\r][\n]"
11:45:32.578 [Test worker] DEBUG org.apache.http.wire - http-outgoing-13 << "Date: Thu, 21 Jan 2021 10:45:31 GMT[\r][\n]"
11:45:32.578 [Test worker] DEBUG org.apache.http.wire - http-outgoing-13 << "Keep-Alive: timeout=60[\r][\n]"
11:45:32.578 [Test worker] DEBUG org.apache.http.wire - http-outgoing-13 << "Connection: keep-alive[\r][\n]"
11:45:32.578 [Test worker] DEBUG org.apache.http.wire - http-outgoing-13 << "[\r][\n]"
11:45:32.578 [Test worker] DEBUG org.apache.http.wire - http-outgoing-13 << "e04[\r][\n]"
11:45:32.578 [Test worker] DEBUG org.apache.http.wire - http-outgoing-13 << "<!DOCTYPE HTML>[\n]"
11:45:32.578 [Test worker] DEBUG org.apache.http.wire - http-outgoing-13 << "<html>[\n]"
11:45:32.578 [Test worker] DEBUG org.apache.http.wire - http-outgoing-13 << "<head>[\n]"
11:45:32.578 [Test worker] DEBUG org.apache.http.wire - http-outgoing-13 << "    <title>MVC Web application</title>[\n]"
11:45:32.578 [Test worker] DEBUG org.apache.http.wire - http-outgoing-13 << "    <meta http-equiv="Content-Type" content="text/html; charset=UTF-8" />[\n]"
11:45:32.578 [Test worker] DEBUG org.apache.http.wire - http-outgoing-13 << "</head>[\n]"
11:45:32.578 [Test worker] DEBUG org.apache.http.wire - http-outgoing-13 << "[\n]"
11:45:32.578 [Test worker] DEBUG org.apache.http.wire - http-outgoing-13 << "<body>[\n]"
11:45:32.578 [Test worker] DEBUG org.apache.http.wire - http-outgoing-13 << "<h1>Pazienti Ricoverati</h1>[\n]"
11:45:32.578 [Test worker] DEBUG org.apache.http.wire - http-outgoing-13 << "[\n]"
11:45:32.578 [Test worker] DEBUG org.apache.http.wire - http-outgoing-13 << "<table border="1" id="present" name="present">[\n]"
11:45:32.578 [Test worker] DEBUG org.apache.http.wire - http-outgoing-13 << "    <thead>[\n]"
11:45:32.579 [Test worker] DEBUG org.apache.http.wire - http-outgoing-13 << "    <tr>[\n]"
11:45:32.579 [Test worker] DEBUG org.apache.http.wire - http-outgoing-13 << "        <th>Id</th>[\n]"
11:45:32.579 [Test worker] DEBUG org.apache.http.wire - http-outgoing-13 << "        <th>Nome</th>[\n]"
11:45:32.579 [Test worker] DEBUG org.apache.http.wire - http-outgoing-13 << "        <th>Cognome</th>[\n]"
11:45:32.579 [Test worker] DEBUG org.apache.http.wire - http-outgoing-13 << "        <th>Data ricovero</th>[\n]"
11:45:32.579 [Test worker] DEBUG org.apache.http.wire - http-outgoing-13 << "        <th>Data dimissione</th>[\n]"
11:45:32.579 [Test worker] DEBUG org.apache.http.wire - http-outgoing-13 << "        <th>Mostra</th>[\n]"
11:45:32.579 [Test worker] DEBUG org.apache.http.wire - http-outgoing-13 << "        <th>Modifica</th>[\n]"
11:45:32.579 [Test worker] DEBUG org.apache.http.wire - http-outgoing-13 << "        <th>Dimetti</th>[\n]"
11:45:32.579 [Test worker] DEBUG org.apache.http.wire - http-outgoing-13 << "        <th>Cancella</th>[\n]"
11:45:32.579 [Test worker] DEBUG org.apache.http.wire - http-outgoing-13 << "        <th>Stampa</th>[\n]"
11:45:32.579 [Test worker] DEBUG org.apache.http.wire - http-outgoing-13 << "    </tr>[\n]"
11:45:32.579 [Test worker] DEBUG org.apache.http.wire - http-outgoing-13 << "    </thead>[\n]"
11:45:32.579 [Test worker] DEBUG org.apache.http.wire - http-outgoing-13 << "    <tbody>[\n]"
11:45:32.579 [Test worker] DEBUG org.apache.http.wire - http-outgoing-13 << "        <tr>[\n]"
11:45:32.579 [Test worker] DEBUG org.apache.http.wire - http-outgoing-13 << "            <td id="id">10</td>[\n]"
11:45:32.579 [Test worker] DEBUG org.apache.http.wire - http-outgoing-13 << "            <td style="text-align:center;">Michele</td>[\n]"
11:45:32.579 [Test worker] DEBUG org.apache.http.wire - http-outgoing-13 << "            <td id='lastName' style="text-align:center;">Bianchi</td>[\n]"
11:45:32.579 [Test worker] DEBUG org.apache.http.wire - http-outgoing-13 << "            <td style="text-align:center;">11/06/1993</td>[\n]"
11:45:32.579 [Test worker] DEBUG org.apache.http.wire - http-outgoing-13 << "            <td style="text-align:center;"></td>[\n]"
11:45:32.579 [Test worker] DEBUG org.apache.http.wire - http-outgoing-13 << "            <td> <a href="cartella?id=10" style="text-align:center;"> Cartella </a></td>[\n]"
11:45:32.579 [Test worker] DEBUG org.apache.http.wire - http-outgoing-13 << "            <td> <a href="edit?id=10" id="modifica" style="text-align:center;"> Modifica </a></td>[\n]"
11:45:32.579 [Test worker] DEBUG org.apache.http.wire - http-outgoing-13 << "            <td> <a href="dimetti?id=10" style="text-align:center;"> Dimetti </a></td>[\n]"
11:45:32.579 [Test worker] DEBUG org.apache.http.wire - http-outgoing-13 << "            <td> <a href="delete?id=10" id="cancella" style="text-align:center;"> Cancella </a></td>[\n]"
11:45:32.579 [Test worker] DEBUG org.apache.http.wire - http-outgoing-13 << "            <td><button><a href="print?id=10" style="text-align:center;text-decoration:none;"> Stampa scheda </a></button></td>[\n]"
11:45:32.579 [Test worker] DEBUG org.apache.http.wire - http-outgoing-13 << "        </tr>[\n]"
11:45:32.579 [Test worker] DEBUG org.apache.http.wire - http-outgoing-13 << "        </tbody>[\n]"
11:45:32.579 [Test worker] DEBUG org.apache.http.wire - http-outgoing-13 << "</table>[\n]"
11:45:32.579 [Test worker] DEBUG org.apache.http.wire - http-outgoing-13 << "[\n]"
11:45:32.579 [Test worker] DEBUG org.apache.http.wire - http-outgoing-13 << "<h1>Pazienti Dimessi</h1>[\n]"
11:45:32.579 [Test worker] DEBUG org.apache.http.wire - http-outgoing-13 << "<table border="1" id="discharged" name="discharged">[\n]"
11:45:32.579 [Test worker] DEBUG org.apache.http.wire - http-outgoing-13 << "    <thead>[\n]"
11:45:32.579 [Test worker] DEBUG org.apache.http.wire - http-outgoing-13 << "    <tr>[\n]"
11:45:32.579 [Test worker] DEBUG org.apache.http.wire - http-outgoing-13 << "        <th>Id</th>[\n]"
11:45:32.579 [Test worker] DEBUG org.apache.http.wire - http-outgoing-13 << "        <th>Nome</th>[\n]"
11:45:32.579 [Test worker] DEBUG org.apache.http.wire - http-outgoing-13 << "        <th>Cognome</th>[\n]"
11:45:32.579 [Test worker] DEBUG org.apache.http.wire - http-outgoing-13 << "        <th>Data Ricovero</th>[\n]"
11:45:32.579 [Test worker] DEBUG org.apache.http.wire - http-outgoing-13 << "        <th>Data Dimissione</th>[\n]"
11:45:32.579 [Test worker] DEBUG org.apache.http.wire - http-outgoing-13 << "        <th>Cartella</th>[\n]"
11:45:32.579 [Test worker] DEBUG org.apache.http.wire - http-outgoing-13 << "        <th>Modifica</th>[\n]"
11:45:32.579 [Test worker] DEBUG org.apache.http.wire - http-outgoing-13 << "        <th>Cancella</th>[\n]"
11:45:32.579 [Test worker] DEBUG org.apache.http.wire - http-outgoing-13 << "        <th>Stampa</th>[\n]"
11:45:32.579 [Test worker] DEBUG org.apache.http.wire - http-outgoing-13 << "    </tr>[\n]"
11:45:32.579 [Test worker] DEBUG org.apache.http.wire - http-outgoing-13 << "    </thead>[\n]"
11:45:32.579 [Test worker] DEBUG org.apache.http.wire - http-outgoing-13 << "    <tbody>[\n]"
11:45:32.579 [Test worker] DEBUG org.apache.http.wire - http-outgoing-13 << "    <tr>[\n]"
11:45:32.579 [Test worker] DEBUG org.apache.http.wire - http-outgoing-13 << "        <td id="idDischarged">1</td>[\n]"
11:45:32.579 [Test worker] DEBUG org.apache.http.wire - http-outgoing-13 << "        <td style="text-align:center;">Michele</td>[\n]"
11:45:32.579 [Test worker] DEBUG org.apache.http.wire - http-outgoing-13 << "        <td id='lastNameDischarged' style="text-align:center;">Bianchi</td>[\n]"
11:45:32.579 [Test worker] DEBUG org.apache.http.wire - http-outgoing-13 << "        <td style="text-align:center;">11/06/1993</td>[\n]"
11:45:32.579 [Test worker] DEBUG org.apache.http.wire - http-outgoing-13 << "        <td style="text-align:center;">21/01/2021</td>[\n]"
11:45:32.579 [Test worker] DEBUG org.apache.http.wire - http-outgoing-13 << "        <td> <a href="cartella?id=1" style="text-align:center;"> Cartella </a></td>[\n]"
11:45:32.579 [Test worker] DEBUG org.apache.http.wire - http-outgoing-13 << "        <td> <a id="modificaDischarged" style="text-align:center; cursor:not-allowed; pointer-events:none; color:grey;"> Modifica </a></td>[\n]"
11:45:32.579 [Test worker] DEBUG org.apache.http.wire - http-outgoing-13 << "        <td> <a id="cancellaDischarged" style="text-align:center; cursor:not-allowed; pointer-events:none; color:grey;"> Cancella </a></td>[\n]"
11:45:32.579 [Test worker] DEBUG org.apache.http.wire - http-outgoing-13 << "        <td><button><a href="print?id=1" style="text-align:center;text-decoration:none;"> Stampa scheda </a></button></td>[\n]"
11:45:32.579 [Test worker] DEBUG org.apache.http.wire - http-outgoing-13 << "    </tr>[\n]"
11:45:32.579 [Test worker] DEBUG org.apache.http.wire - http-outgoing-13 << "    <tr>[\n]"
11:45:32.579 [Test worker] DEBUG org.apache.http.wire - http-outgoing-13 << "        <td id="idDischarged">9</td>[\n]"
11:45:32.579 [Test worker] DEBUG org.apache.http.wire - http-outgoing-13 << "        <td style="text-align:center;">Michele</td>[\n]"
11:45:32.579 [Test worker] DEBUG org.apache.http.wire - http-outgoing-13 << "        <td id='lastNameDischarged' style="text-align:center;">Bianchi</td>[\n]"
11:45:32.579 [Test worker] DEBUG org.apache.http.wire - http-outgoing-13 << "        <td style="text-align:center;">11/06/1993</td>[\n]"
11:45:32.579 [Test worker] DEBUG org.apache.http.wire - http-outgoing-13 << "        <td style="text-align:center;">21/01/2021</td>[\n]"
11:45:32.579 [Test worker] DEBUG org.apache.http.wire - http-outgoing-13 << "        <td> <a href="cartella?id=9" style="text-align:center;"> Cartella </a></td>[\n]"
11:45:32.579 [Test worker] DEBUG org.apache.http.wire - http-outgoing-13 << "        <td> <a id="modificaDischarged" style="text-align:center; cursor:not-allowed; pointer-events:none; color:grey;"> Modifica </a></td>[\n]"
11:45:32.579 [Test worker] DEBUG org.apache.http.wire - http-outgoing-13 << "        <td> <a id="cancellaDischarged" style="text-align:center; cursor:not-allowed; pointer-events:none; color:grey;"> Cancella </a></td>[\n]"
11:45:32.579 [Test worker] DEBUG org.apache.http.wire - http-outgoing-13 << "        <td><button><a href="print?id=9" style="text-align:center;text-decoration:none;"> Stampa scheda </a></button></td>[\n]"
11:45:32.579 [Test worker] DEBUG org.apache.http.wire - http-outgoing-13 << "    </tr>[\n]"
11:45:32.579 [Test worker] DEBUG org.apache.http.wire - http-outgoing-13 << "    </tbody>[\n]"
11:45:32.579 [Test worker] DEBUG org.apache.http.wire - http-outgoing-13 << "</table>[\n]"
11:45:32.579 [Test worker] DEBUG org.apache.http.wire - http-outgoing-13 << "<br>[\n]"
11:45:32.579 [Test worker] DEBUG org.apache.http.wire - http-outgoing-13 << "<button><a href="input" style="text-decoration:none;">Registra un paziente</a></button>[\n]"
11:45:32.579 [Test worker] DEBUG org.apache.http.wire - http-outgoing-13 << "<br>[\n]"
11:45:32.580 [Test worker] DEBUG org.apache.http.wire - http-outgoing-13 << "<br>[\n]"
11:45:32.580 [Test worker] DEBUG org.apache.http.wire - http-outgoing-13 << "[\n]"
11:45:32.580 [Test worker] DEBUG org.apache.http.wire - http-outgoing-13 << "<form action="search" method="post">[\n]"
11:45:32.580 [Test worker] DEBUG org.apache.http.wire - http-outgoing-13 << "    Cognome Paziente: <input type="text" name="lastName"/>[\n]"
11:45:32.580 [Test worker] DEBUG org.apache.http.wire - http-outgoing-13 << "    <input type="submit" value="Cerca"/>[\n]"
11:45:32.580 [Test worker] DEBUG org.apache.http.wire - http-outgoing-13 << "</form>[\n]"
11:45:32.580 [Test worker] DEBUG org.apache.http.wire - http-outgoing-13 << "</body>[\n]"
11:45:32.580 [Test worker] DEBUG org.apache.http.wire - http-outgoing-13 << "</html>[\r][\n]"
11:45:32.580 [Test worker] DEBUG org.apache.http.headers - http-outgoing-13 << HTTP/1.1 200 
11:45:32.580 [Test worker] DEBUG org.apache.http.headers - http-outgoing-13 << Content-Type: text/html;charset=UTF-8
11:45:32.580 [Test worker] DEBUG org.apache.http.headers - http-outgoing-13 << Content-Language: en-US
11:45:32.580 [Test worker] DEBUG org.apache.http.headers - http-outgoing-13 << Transfer-Encoding: chunked
11:45:32.580 [Test worker] DEBUG org.apache.http.headers - http-outgoing-13 << Date: Thu, 21 Jan 2021 10:45:31 GMT
11:45:32.580 [Test worker] DEBUG org.apache.http.headers - http-outgoing-13 << Keep-Alive: timeout=60
11:45:32.580 [Test worker] DEBUG org.apache.http.headers - http-outgoing-13 << Connection: keep-alive
11:45:32.580 [Test worker] DEBUG org.apache.http.impl.execchain.MainClientExec - Connection can be kept alive for 60000 MILLISECONDS
11:45:32.580 [Test worker] DEBUG org.apache.http.wire - http-outgoing-13 << "0[\r][\n]"
11:45:32.580 [Test worker] DEBUG org.apache.http.wire - http-outgoing-13 << "[\r][\n]"
11:45:32.580 [Test worker] DEBUG org.apache.http.impl.conn.PoolingHttpClientConnectionManager - Connection [id: 13][route: {}->http://127.0.0.1:8080] can be kept alive for 60.0 seconds
11:45:32.580 [Test worker] DEBUG org.apache.http.impl.conn.DefaultManagedHttpClientConnection - http-outgoing-13: set socket timeout to 0
11:45:32.580 [Test worker] DEBUG org.apache.http.impl.conn.PoolingHttpClientConnectionManager - Connection released: [id: 13][route: {}->http://127.0.0.1:8080][total available: 1; route allocated: 1 of 6; total allocated: 1 of 20]
11:45:32.580 [Test worker] DEBUG com.gargoylesoftware.htmlunit.WebWindowImpl - setEnclosedPage: HtmlPage(http://127.0.0.1:8080/list)@427607024
11:45:32.580 [Test worker] DEBUG com.gargoylesoftware.htmlunit.WebWindowImpl - destroyChildren
11:45:32.586 [Test worker] DEBUG com.gargoylesoftware.htmlunit.util.EncodingSniffer - Encoding found in HTTP headers: 'UTF-8'.
11:45:32.588 [Test worker] DEBUG net.sourceforge.jwebunit.htmlunit.HtmlUnitTestingEngineImpl - Window "" changed : "no_html" became "MVC Web application
11:45:32.588 [Test worker] DEBUG com.gargoylesoftware.htmlunit.html.DomElement - Firing Event DOMContentLoaded (Current Target: HTMLElement for HtmlHtml[<html>]);
11:45:32.589 [Test worker] DEBUG com.gargoylesoftware.htmlunit.html.DomElement - Firing Event load (Current Target: HTMLElement for HtmlHtml[<html>]);
11:45:32.590 [Test worker] DEBUG com.gargoylesoftware.htmlunit.html.DomElement - Firing Event mousedown (Current Target: HTMLElement for HtmlAnchor[<a href="input" style="text-decoration:none;">]);
11:45:32.590 [Test worker] DEBUG com.gargoylesoftware.htmlunit.html.DomElement - Firing Event focus (Current Target: HTMLElement for HtmlAnchor[<a href="input" style="text-decoration:none;">]);
11:45:32.590 [Test worker] DEBUG com.gargoylesoftware.htmlunit.html.DomElement - Firing Event mouseup (Current Target: HTMLElement for HtmlAnchor[<a href="input" style="text-decoration:none;">]);
11:45:32.590 [Test worker] DEBUG com.gargoylesoftware.htmlunit.html.DomElement - Firing Event click (Current Target: HTMLElement for HtmlAnchor[<a href="input" style="text-decoration:none;">]);
11:45:32.590 [Test worker] DEBUG com.gargoylesoftware.htmlunit.html.HtmlAnchor - do click action in window '', using href 'input'
11:45:32.590 [Test worker] DEBUG com.gargoylesoftware.htmlunit.util.EncodingSniffer - Encoding found in HTTP headers: 'UTF-8'.
11:45:32.590 [Test worker] DEBUG com.gargoylesoftware.htmlunit.html.HtmlAnchor - Getting page for http://127.0.0.1:8080/input, derived from href 'input', using the originating URL http://127.0.0.1:8080/list
11:45:32.590 [Test worker] DEBUG com.gargoylesoftware.htmlunit.html.DomElement - Firing Event beforeunload (Current Target: HTMLElement for HtmlHtml[<html>]);
11:45:32.590 [Test worker] DEBUG com.gargoylesoftware.htmlunit.WebClient - Load response for GET http://127.0.0.1:8080/input
11:45:32.591 [Test worker] DEBUG org.apache.http.client.protocol.RequestAddCookies - CookieSpec selected: mine
11:45:32.591 [Test worker] DEBUG org.apache.http.client.protocol.RequestAuthCache - Auth cache not set in the context
11:45:32.591 [Test worker] DEBUG org.apache.http.impl.conn.PoolingHttpClientConnectionManager - Connection request: [route: {}->http://127.0.0.1:8080][total available: 1; route allocated: 1 of 6; total allocated: 1 of 20]
11:45:32.591 [Test worker] DEBUG org.apache.http.impl.conn.PoolingHttpClientConnectionManager - Connection leased: [id: 13][route: {}->http://127.0.0.1:8080][total available: 0; route allocated: 1 of 6; total allocated: 1 of 20]
11:45:32.591 [Test worker] DEBUG org.apache.http.impl.conn.DefaultManagedHttpClientConnection - http-outgoing-13: set socket timeout to 0
11:45:32.591 [Test worker] DEBUG org.apache.http.impl.conn.DefaultManagedHttpClientConnection - http-outgoing-13: set socket timeout to 0
11:45:32.591 [Test worker] DEBUG org.apache.http.impl.execchain.MainClientExec - Executing request GET /input HTTP/1.1
11:45:32.591 [Test worker] DEBUG org.apache.http.impl.execchain.MainClientExec - Target auth state: UNCHALLENGED
11:45:32.591 [Test worker] DEBUG org.apache.http.impl.execchain.MainClientExec - Proxy auth state: UNCHALLENGED
11:45:32.591 [Test worker] DEBUG org.apache.http.headers - http-outgoing-13 >> GET /input HTTP/1.1
11:45:32.591 [Test worker] DEBUG org.apache.http.headers - http-outgoing-13 >> Host: 127.0.0.1:8080
11:45:32.591 [Test worker] DEBUG org.apache.http.headers - http-outgoing-13 >> User-Agent: Mozilla/5.0 (Windows NT 6.1; rv:38.0) Gecko/20100101 Firefox/38.0
11:45:32.591 [Test worker] DEBUG org.apache.http.headers - http-outgoing-13 >> Accept: text/html,application/xhtml+xml,application/xml;q=0.9,*/*;q=0.8
11:45:32.591 [Test worker] DEBUG org.apache.http.headers - http-outgoing-13 >> Accept-Language: en-US
11:45:32.591 [Test worker] DEBUG org.apache.http.headers - http-outgoing-13 >> Accept-Encoding: gzip, deflate
11:45:32.591 [Test worker] DEBUG org.apache.http.headers - http-outgoing-13 >> Referer: http://127.0.0.1:8080/list
11:45:32.591 [Test worker] DEBUG org.apache.http.headers - http-outgoing-13 >> Connection: Keep-Alive
11:45:32.591 [Test worker] DEBUG org.apache.http.wire - http-outgoing-13 >> "GET /input HTTP/1.1[\r][\n]"
11:45:32.591 [Test worker] DEBUG org.apache.http.wire - http-outgoing-13 >> "Host: 127.0.0.1:8080[\r][\n]"
11:45:32.591 [Test worker] DEBUG org.apache.http.wire - http-outgoing-13 >> "User-Agent: Mozilla/5.0 (Windows NT 6.1; rv:38.0) Gecko/20100101 Firefox/38.0[\r][\n]"
11:45:32.591 [Test worker] DEBUG org.apache.http.wire - http-outgoing-13 >> "Accept: text/html,application/xhtml+xml,application/xml;q=0.9,*/*;q=0.8[\r][\n]"
11:45:32.591 [Test worker] DEBUG org.apache.http.wire - http-outgoing-13 >> "Accept-Language: en-US[\r][\n]"
11:45:32.591 [Test worker] DEBUG org.apache.http.wire - http-outgoing-13 >> "Accept-Encoding: gzip, deflate[\r][\n]"
11:45:32.592 [Test worker] DEBUG org.apache.http.wire - http-outgoing-13 >> "Referer: http://127.0.0.1:8080/list[\r][\n]"
11:45:32.592 [Test worker] DEBUG org.apache.http.wire - http-outgoing-13 >> "Connection: Keep-Alive[\r][\n]"
11:45:32.592 [Test worker] DEBUG org.apache.http.wire - http-outgoing-13 >> "[\r][\n]"
11:45:32.594 [Test worker] DEBUG org.apache.http.wire - http-outgoing-13 << "HTTP/1.1 200 [\r][\n]"
11:45:32.594 [Test worker] DEBUG org.apache.http.wire - http-outgoing-13 << "Content-Type: text/html;charset=UTF-8[\r][\n]"
11:45:32.594 [Test worker] DEBUG org.apache.http.wire - http-outgoing-13 << "Content-Language: en-US[\r][\n]"
11:45:32.594 [Test worker] DEBUG org.apache.http.wire - http-outgoing-13 << "Transfer-Encoding: chunked[\r][\n]"
11:45:32.594 [Test worker] DEBUG org.apache.http.wire - http-outgoing-13 << "Date: Thu, 21 Jan 2021 10:45:31 GMT[\r][\n]"
11:45:32.594 [Test worker] DEBUG org.apache.http.wire - http-outgoing-13 << "Keep-Alive: timeout=60[\r][\n]"
11:45:32.594 [Test worker] DEBUG org.apache.http.wire - http-outgoing-13 << "Connection: keep-alive[\r][\n]"
11:45:32.594 [Test worker] DEBUG org.apache.http.wire - http-outgoing-13 << "[\r][\n]"
11:45:32.594 [Test worker] DEBUG org.apache.http.wire - http-outgoing-13 << "2f0[\r][\n]"
11:45:32.594 [Test worker] DEBUG org.apache.http.wire - http-outgoing-13 << "<!DOCTYPE HTML>[\n]"
11:45:32.595 [Test worker] DEBUG org.apache.http.wire - http-outgoing-13 << "<html>[\n]"
11:45:32.595 [Test worker] DEBUG org.apache.http.wire - http-outgoing-13 << "<head>[\n]"
11:45:32.595 [Test worker] DEBUG org.apache.http.wire - http-outgoing-13 << "    <title>MVC Web application</title>[\n]"
11:45:32.595 [Test worker] DEBUG org.apache.http.wire - http-outgoing-13 << "    <meta http-equiv="Content-Type" content="text/html; charset=UTF-8" />[\n]"
11:45:32.595 [Test worker] DEBUG org.apache.http.wire - http-outgoing-13 << "</head>[\n]"
11:45:32.595 [Test worker] DEBUG org.apache.http.wire - http-outgoing-13 << "[\n]"
11:45:32.595 [Test worker] DEBUG org.apache.http.wire - http-outgoing-13 << "<body>[\n]"
11:45:32.595 [Test worker] DEBUG org.apache.http.wire - http-outgoing-13 << "<h1>Inserisci un nuovo paziente</h1>[\n]"
11:45:32.595 [Test worker] DEBUG org.apache.http.wire - http-outgoing-13 << "[\n]"
11:45:32.595 [Test worker] DEBUG org.apache.http.wire - http-outgoing-13 << "<form action="create" method="post">[\n]"
11:45:32.595 [Test worker] DEBUG org.apache.http.wire - http-outgoing-13 << "    <table border="1">[\n]"
11:45:32.595 [Test worker] DEBUG org.apache.http.wire - http-outgoing-13 << "        <tr>[\n]"
11:45:32.595 [Test worker] DEBUG org.apache.http.wire - http-outgoing-13 << "            <td>Nome</td>[\n]"
11:45:32.595 [Test worker] DEBUG org.apache.http.wire - http-outgoing-13 << "            <td><input type="text" name="firstName" required></td>[\n]"
11:45:32.595 [Test worker] DEBUG org.apache.http.wire - http-outgoing-13 << "        </tr>[\n]"
11:45:32.595 [Test worker] DEBUG org.apache.http.wire - http-outgoing-13 << "        <tr>[\n]"
11:45:32.595 [Test worker] DEBUG org.apache.http.wire - http-outgoing-13 << "            <td>Cognome</td>[\n]"
11:45:32.595 [Test worker] DEBUG org.apache.http.wire - http-outgoing-13 << "            <td><input type="text" name="lastName" required><br></td>[\n]"
11:45:32.595 [Test worker] DEBUG org.apache.http.wire - http-outgoing-13 << "        </tr>[\n]"
11:45:32.595 [Test worker] DEBUG org.apache.http.wire - http-outgoing-13 << "        <tr>[\n]"
11:45:32.595 [Test worker] DEBUG org.apache.http.wire - http-outgoing-13 << "            <td>Data ricovero</td>[\n]"
11:45:32.595 [Test worker] DEBUG org.apache.http.wire - http-outgoing-13 << "            <td><input type="date" name="admissionDate" required><br></td>[\n]"
11:45:32.595 [Test worker] DEBUG org.apache.http.wire - http-outgoing-13 << "        </tr>[\n]"
11:45:32.595 [Test worker] DEBUG org.apache.http.wire - http-outgoing-13 << "    </table>[\n]"
11:45:32.595 [Test worker] DEBUG org.apache.http.wire - http-outgoing-13 << "[\n]"
11:45:32.595 [Test worker] DEBUG org.apache.http.wire - http-outgoing-13 << "    <input type="submit" />[\n]"
11:45:32.595 [Test worker] DEBUG org.apache.http.wire - http-outgoing-13 << "</form>[\n]"
11:45:32.596 [Test worker] DEBUG org.apache.http.wire - http-outgoing-13 << "[\n]"
11:45:32.596 [Test worker] DEBUG org.apache.http.wire - http-outgoing-13 << "<br>[\n]"
11:45:32.596 [Test worker] DEBUG org.apache.http.wire - http-outgoing-13 << "<a href="list"> Torna alla lista </a>[\n]"
11:45:32.596 [Test worker] DEBUG org.apache.http.wire - http-outgoing-13 << "[\n]"
11:45:32.596 [Test worker] DEBUG org.apache.http.wire - http-outgoing-13 << "</body>[\n]"
11:45:32.596 [Test worker] DEBUG org.apache.http.wire - http-outgoing-13 << "</html>[\n]"
11:45:32.596 [Test worker] DEBUG org.apache.http.wire - http-outgoing-13 << "[\n]"
11:45:32.596 [Test worker] DEBUG org.apache.http.wire - http-outgoing-13 << "[\r][\n]"
11:45:32.596 [Test worker] DEBUG org.apache.http.headers - http-outgoing-13 << HTTP/1.1 200 
11:45:32.596 [Test worker] DEBUG org.apache.http.headers - http-outgoing-13 << Content-Type: text/html;charset=UTF-8
11:45:32.596 [Test worker] DEBUG org.apache.http.headers - http-outgoing-13 << Content-Language: en-US
11:45:32.596 [Test worker] DEBUG org.apache.http.headers - http-outgoing-13 << Transfer-Encoding: chunked
11:45:32.596 [Test worker] DEBUG org.apache.http.headers - http-outgoing-13 << Date: Thu, 21 Jan 2021 10:45:31 GMT
11:45:32.596 [Test worker] DEBUG org.apache.http.headers - http-outgoing-13 << Keep-Alive: timeout=60
11:45:32.596 [Test worker] DEBUG org.apache.http.headers - http-outgoing-13 << Connection: keep-alive
11:45:32.596 [Test worker] DEBUG org.apache.http.impl.execchain.MainClientExec - Connection can be kept alive for 60000 MILLISECONDS
11:45:32.596 [Test worker] DEBUG org.apache.http.wire - http-outgoing-13 << "0[\r][\n]"
11:45:32.596 [Test worker] DEBUG org.apache.http.wire - http-outgoing-13 << "[\r][\n]"
11:45:32.596 [Test worker] DEBUG org.apache.http.impl.conn.PoolingHttpClientConnectionManager - Connection [id: 13][route: {}->http://127.0.0.1:8080] can be kept alive for 60.0 seconds
11:45:32.596 [Test worker] DEBUG org.apache.http.impl.conn.DefaultManagedHttpClientConnection - http-outgoing-13: set socket timeout to 0
11:45:32.597 [Test worker] DEBUG org.apache.http.impl.conn.PoolingHttpClientConnectionManager - Connection released: [id: 13][route: {}->http://127.0.0.1:8080][total available: 1; route allocated: 1 of 6; total allocated: 1 of 20]
11:45:32.597 [Test worker] DEBUG com.gargoylesoftware.htmlunit.html.DomElement - Firing Event unload (Current Target: HTMLElement for HtmlHtml[<html>]);
11:45:32.597 [Test worker] DEBUG com.gargoylesoftware.htmlunit.WebWindowImpl - setEnclosedPage: HtmlPage(http://127.0.0.1:8080/input)@907178155
11:45:32.597 [Test worker] DEBUG com.gargoylesoftware.htmlunit.WebWindowImpl - destroyChildren
11:45:32.603 [Test worker] DEBUG com.gargoylesoftware.htmlunit.util.EncodingSniffer - Encoding found in HTTP headers: 'UTF-8'.
11:45:32.605 [Test worker] DEBUG net.sourceforge.jwebunit.htmlunit.HtmlUnitTestingEngineImpl - Window "" changed : "MVC Web application" became "MVC Web application
11:45:32.605 [Test worker] DEBUG com.gargoylesoftware.htmlunit.html.DomElement - Firing Event DOMContentLoaded (Current Target: HTMLElement for HtmlHtml[<html>]);
11:45:32.605 [Test worker] DEBUG com.gargoylesoftware.htmlunit.html.DomElement - Firing Event load (Current Target: HTMLElement for HtmlHtml[<html>]);
11:45:32.607 [Test worker] DEBUG com.gargoylesoftware.htmlunit.WebClient - Get page for window named '', using WebRequest[<url="http://127.0.0.1:8080/input", GET, EncodingType[name=application/x-www-form-urlencoded], [], {Accept=text/html,application/xhtml+xml,application/xml;q=0.9,*/*;q=0.8, Accept-Encoding=gzip, deflate}, null>]
11:45:32.608 [Test worker] DEBUG com.gargoylesoftware.htmlunit.WebClient - Load response for GET http://127.0.0.1:8080/input
11:45:32.609 [Test worker] DEBUG org.apache.http.client.protocol.RequestAddCookies - CookieSpec selected: mine
11:45:32.610 [Test worker] DEBUG org.apache.http.client.protocol.RequestAuthCache - Auth cache not set in the context
11:45:32.610 [Test worker] DEBUG org.apache.http.impl.conn.PoolingHttpClientConnectionManager - Connection request: [route: {}->http://127.0.0.1:8080][total available: 0; route allocated: 0 of 6; total allocated: 0 of 20]
11:45:32.610 [Test worker] DEBUG org.apache.http.impl.conn.PoolingHttpClientConnectionManager - Connection leased: [id: 14][route: {}->http://127.0.0.1:8080][total available: 0; route allocated: 1 of 6; total allocated: 1 of 20]
11:45:32.610 [Test worker] DEBUG org.apache.http.impl.execchain.MainClientExec - Opening connection {}->http://127.0.0.1:8080
11:45:32.610 [Test worker] DEBUG org.apache.http.impl.conn.DefaultHttpClientConnectionOperator - Connecting to /127.0.0.1:8080
11:45:32.610 [Test worker] DEBUG org.apache.http.impl.conn.DefaultHttpClientConnectionOperator - Connection established 127.0.0.1:53843<->127.0.0.1:8080
11:45:32.611 [Test worker] DEBUG org.apache.http.impl.conn.DefaultManagedHttpClientConnection - http-outgoing-14: set socket timeout to 0
11:45:32.611 [Test worker] DEBUG org.apache.http.impl.execchain.MainClientExec - Executing request GET /input HTTP/1.1
11:45:32.611 [Test worker] DEBUG org.apache.http.impl.execchain.MainClientExec - Target auth state: UNCHALLENGED
11:45:32.611 [Test worker] DEBUG org.apache.http.impl.execchain.MainClientExec - Proxy auth state: UNCHALLENGED
11:45:32.611 [Test worker] DEBUG org.apache.http.headers - http-outgoing-14 >> GET /input HTTP/1.1
11:45:32.611 [Test worker] DEBUG org.apache.http.headers - http-outgoing-14 >> Host: 127.0.0.1:8080
11:45:32.611 [Test worker] DEBUG org.apache.http.headers - http-outgoing-14 >> User-Agent: Mozilla/5.0 (Windows NT 6.1; rv:38.0) Gecko/20100101 Firefox/38.0
11:45:32.611 [Test worker] DEBUG org.apache.http.headers - http-outgoing-14 >> Accept: text/html,application/xhtml+xml,application/xml;q=0.9,*/*;q=0.8
11:45:32.611 [Test worker] DEBUG org.apache.http.headers - http-outgoing-14 >> Accept-Language: en-US
11:45:32.611 [Test worker] DEBUG org.apache.http.headers - http-outgoing-14 >> Accept-Encoding: gzip, deflate
11:45:32.611 [Test worker] DEBUG org.apache.http.headers - http-outgoing-14 >> Connection: Keep-Alive
11:45:32.611 [Test worker] DEBUG org.apache.http.wire - http-outgoing-14 >> "GET /input HTTP/1.1[\r][\n]"
11:45:32.611 [Test worker] DEBUG org.apache.http.wire - http-outgoing-14 >> "Host: 127.0.0.1:8080[\r][\n]"
11:45:32.611 [Test worker] DEBUG org.apache.http.wire - http-outgoing-14 >> "User-Agent: Mozilla/5.0 (Windows NT 6.1; rv:38.0) Gecko/20100101 Firefox/38.0[\r][\n]"
11:45:32.611 [Test worker] DEBUG org.apache.http.wire - http-outgoing-14 >> "Accept: text/html,application/xhtml+xml,application/xml;q=0.9,*/*;q=0.8[\r][\n]"
11:45:32.611 [Test worker] DEBUG org.apache.http.wire - http-outgoing-14 >> "Accept-Language: en-US[\r][\n]"
11:45:32.611 [Test worker] DEBUG org.apache.http.wire - http-outgoing-14 >> "Accept-Encoding: gzip, deflate[\r][\n]"
11:45:32.611 [Test worker] DEBUG org.apache.http.wire - http-outgoing-14 >> "Connection: Keep-Alive[\r][\n]"
11:45:32.611 [Test worker] DEBUG org.apache.http.wire - http-outgoing-14 >> "[\r][\n]"
11:45:32.614 [Test worker] DEBUG org.apache.http.wire - http-outgoing-14 << "HTTP/1.1 200 [\r][\n]"
11:45:32.614 [Test worker] DEBUG org.apache.http.wire - http-outgoing-14 << "Content-Type: text/html;charset=UTF-8[\r][\n]"
11:45:32.614 [Test worker] DEBUG org.apache.http.wire - http-outgoing-14 << "Content-Language: en-US[\r][\n]"
11:45:32.614 [Test worker] DEBUG org.apache.http.wire - http-outgoing-14 << "Transfer-Encoding: chunked[\r][\n]"
11:45:32.614 [Test worker] DEBUG org.apache.http.wire - http-outgoing-14 << "Date: Thu, 21 Jan 2021 10:45:31 GMT[\r][\n]"
11:45:32.614 [Test worker] DEBUG org.apache.http.wire - http-outgoing-14 << "Keep-Alive: timeout=60[\r][\n]"
11:45:32.614 [Test worker] DEBUG org.apache.http.wire - http-outgoing-14 << "Connection: keep-alive[\r][\n]"
11:45:32.614 [Test worker] DEBUG org.apache.http.wire - http-outgoing-14 << "[\r][\n]"
11:45:32.614 [Test worker] DEBUG org.apache.http.wire - http-outgoing-14 << "2f0[\r][\n]"
11:45:32.614 [Test worker] DEBUG org.apache.http.wire - http-outgoing-14 << "<!DOCTYPE HTML>[\n]"
11:45:32.614 [Test worker] DEBUG org.apache.http.wire - http-outgoing-14 << "<html>[\n]"
11:45:32.614 [Test worker] DEBUG org.apache.http.wire - http-outgoing-14 << "<head>[\n]"
11:45:32.614 [Test worker] DEBUG org.apache.http.wire - http-outgoing-14 << "    <title>MVC Web application</title>[\n]"
11:45:32.614 [Test worker] DEBUG org.apache.http.wire - http-outgoing-14 << "    <meta http-equiv="Content-Type" content="text/html; charset=UTF-8" />[\n]"
11:45:32.614 [Test worker] DEBUG org.apache.http.wire - http-outgoing-14 << "</head>[\n]"
11:45:32.614 [Test worker] DEBUG org.apache.http.wire - http-outgoing-14 << "[\n]"
11:45:32.614 [Test worker] DEBUG org.apache.http.wire - http-outgoing-14 << "<body>[\n]"
11:45:32.614 [Test worker] DEBUG org.apache.http.wire - http-outgoing-14 << "<h1>Inserisci un nuovo paziente</h1>[\n]"
11:45:32.614 [Test worker] DEBUG org.apache.http.wire - http-outgoing-14 << "[\n]"
11:45:32.614 [Test worker] DEBUG org.apache.http.wire - http-outgoing-14 << "<form action="create" method="post">[\n]"
11:45:32.614 [Test worker] DEBUG org.apache.http.wire - http-outgoing-14 << "    <table border="1">[\n]"
11:45:32.614 [Test worker] DEBUG org.apache.http.wire - http-outgoing-14 << "        <tr>[\n]"
11:45:32.614 [Test worker] DEBUG org.apache.http.wire - http-outgoing-14 << "            <td>Nome</td>[\n]"
11:45:32.614 [Test worker] DEBUG org.apache.http.wire - http-outgoing-14 << "            <td><input type="text" name="firstName" required></td>[\n]"
11:45:32.614 [Test worker] DEBUG org.apache.http.wire - http-outgoing-14 << "        </tr>[\n]"
11:45:32.614 [Test worker] DEBUG org.apache.http.wire - http-outgoing-14 << "        <tr>[\n]"
11:45:32.614 [Test worker] DEBUG org.apache.http.wire - http-outgoing-14 << "            <td>Cognome</td>[\n]"
11:45:32.614 [Test worker] DEBUG org.apache.http.wire - http-outgoing-14 << "            <td><input type="text" name="lastName" required><br></td>[\n]"
11:45:32.614 [Test worker] DEBUG org.apache.http.wire - http-outgoing-14 << "        </tr>[\n]"
11:45:32.614 [Test worker] DEBUG org.apache.http.wire - http-outgoing-14 << "        <tr>[\n]"
11:45:32.614 [Test worker] DEBUG org.apache.http.wire - http-outgoing-14 << "            <td>Data ricovero</td>[\n]"
11:45:32.614 [Test worker] DEBUG org.apache.http.wire - http-outgoing-14 << "            <td><input type="date" name="admissionDate" required><br></td>[\n]"
11:45:32.614 [Test worker] DEBUG org.apache.http.wire - http-outgoing-14 << "        </tr>[\n]"
11:45:32.614 [Test worker] DEBUG org.apache.http.wire - http-outgoing-14 << "    </table>[\n]"
11:45:32.614 [Test worker] DEBUG org.apache.http.wire - http-outgoing-14 << "[\n]"
11:45:32.614 [Test worker] DEBUG org.apache.http.wire - http-outgoing-14 << "    <input type="submit" />[\n]"
11:45:32.614 [Test worker] DEBUG org.apache.http.wire - http-outgoing-14 << "</form>[\n]"
11:45:32.614 [Test worker] DEBUG org.apache.http.wire - http-outgoing-14 << "[\n]"
11:45:32.614 [Test worker] DEBUG org.apache.http.wire - http-outgoing-14 << "<br>[\n]"
11:45:32.614 [Test worker] DEBUG org.apache.http.wire - http-outgoing-14 << "<a href="list"> Torna alla lista </a>[\n]"
11:45:32.614 [Test worker] DEBUG org.apache.http.wire - http-outgoing-14 << "[\n]"
11:45:32.614 [Test worker] DEBUG org.apache.http.wire - http-outgoing-14 << "</body>[\n]"
11:45:32.614 [Test worker] DEBUG org.apache.http.wire - http-outgoing-14 << "</html>[\n]"
11:45:32.614 [Test worker] DEBUG org.apache.http.wire - http-outgoing-14 << "[\n]"
11:45:32.614 [Test worker] DEBUG org.apache.http.wire - http-outgoing-14 << "[\r][\n]"
11:45:32.614 [Test worker] DEBUG org.apache.http.headers - http-outgoing-14 << HTTP/1.1 200 
11:45:32.614 [Test worker] DEBUG org.apache.http.headers - http-outgoing-14 << Content-Type: text/html;charset=UTF-8
11:45:32.614 [Test worker] DEBUG org.apache.http.headers - http-outgoing-14 << Content-Language: en-US
11:45:32.614 [Test worker] DEBUG org.apache.http.headers - http-outgoing-14 << Transfer-Encoding: chunked
11:45:32.614 [Test worker] DEBUG org.apache.http.headers - http-outgoing-14 << Date: Thu, 21 Jan 2021 10:45:31 GMT
11:45:32.614 [Test worker] DEBUG org.apache.http.headers - http-outgoing-14 << Keep-Alive: timeout=60
11:45:32.614 [Test worker] DEBUG org.apache.http.headers - http-outgoing-14 << Connection: keep-alive
11:45:32.614 [Test worker] DEBUG org.apache.http.impl.execchain.MainClientExec - Connection can be kept alive for 60000 MILLISECONDS
11:45:32.614 [Test worker] DEBUG org.apache.http.wire - http-outgoing-14 << "0[\r][\n]"
11:45:32.614 [Test worker] DEBUG org.apache.http.wire - http-outgoing-14 << "[\r][\n]"
11:45:32.615 [Test worker] DEBUG org.apache.http.impl.conn.PoolingHttpClientConnectionManager - Connection [id: 14][route: {}->http://127.0.0.1:8080] can be kept alive for 60.0 seconds
11:45:32.615 [Test worker] DEBUG org.apache.http.impl.conn.DefaultManagedHttpClientConnection - http-outgoing-14: set socket timeout to 0
11:45:32.615 [Test worker] DEBUG org.apache.http.impl.conn.PoolingHttpClientConnectionManager - Connection released: [id: 14][route: {}->http://127.0.0.1:8080][total available: 1; route allocated: 1 of 6; total allocated: 1 of 20]
11:45:32.615 [Test worker] DEBUG com.gargoylesoftware.htmlunit.WebWindowImpl - setEnclosedPage: HtmlPage(http://127.0.0.1:8080/input)@517447481
11:45:32.615 [Test worker] DEBUG com.gargoylesoftware.htmlunit.WebWindowImpl - destroyChildren
11:45:32.620 [Test worker] DEBUG com.gargoylesoftware.htmlunit.util.EncodingSniffer - Encoding found in HTTP headers: 'UTF-8'.
11:45:32.621 [Test worker] DEBUG net.sourceforge.jwebunit.htmlunit.HtmlUnitTestingEngineImpl - Window "" changed : "no_html" became "MVC Web application
11:45:32.621 [Test worker] DEBUG com.gargoylesoftware.htmlunit.html.DomElement - Firing Event DOMContentLoaded (Current Target: HTMLElement for HtmlHtml[<html>]);
11:45:32.621 [Test worker] DEBUG com.gargoylesoftware.htmlunit.html.DomElement - Firing Event load (Current Target: HTMLElement for HtmlHtml[<html>]);
11:45:32.622 [Test worker] DEBUG com.gargoylesoftware.htmlunit.html.DomElement - Firing Event change (Current Target: HTMLElement for HtmlTextInput[<input type="text" name="firstName" required="" value="Michele">]);
11:45:32.622 [Test worker] DEBUG com.gargoylesoftware.htmlunit.html.DomElement - Firing Event change (Current Target: HTMLElement for HtmlTextInput[<input type="text" name="lastName" required="" value="Bianchi">]);
11:45:32.622 [Test worker] DEBUG com.gargoylesoftware.htmlunit.html.DomElement - Firing Event change (Current Target: HTMLElement for HtmlDateInput[<input type="date" name="admissionDate" required="" value="1993-06-11">]);
11:45:32.622 [Test worker] DEBUG com.gargoylesoftware.htmlunit.html.DomElement - Firing Event mousedown (Current Target: HTMLElement for HtmlSubmitInput[<input type="submit">]);
11:45:32.622 [Test worker] DEBUG com.gargoylesoftware.htmlunit.html.DomElement - Firing Event focus (Current Target: HTMLElement for HtmlSubmitInput[<input type="submit">]);
11:45:32.622 [Test worker] DEBUG com.gargoylesoftware.htmlunit.html.DomElement - Firing Event mouseup (Current Target: HTMLElement for HtmlSubmitInput[<input type="submit">]);
11:45:32.622 [Test worker] DEBUG com.gargoylesoftware.htmlunit.html.DomElement - Firing Event click (Current Target: HTMLElement for HtmlSubmitInput[<input type="submit">]);
11:45:32.622 [Test worker] DEBUG com.gargoylesoftware.htmlunit.html.DomElement - Firing Event submit (Current Target: HTMLElement for HtmlForm[<form action="create" method="post">]);
11:45:32.622 [Test worker] DEBUG com.gargoylesoftware.htmlunit.util.EncodingSniffer - Encoding found in HTTP headers: 'UTF-8'.
11:45:32.623 [Test worker] DEBUG com.gargoylesoftware.htmlunit.WebClient - Load response for POST http://127.0.0.1:8080/create
11:45:32.624 [Test worker] DEBUG org.apache.http.client.protocol.RequestAddCookies - CookieSpec selected: mine
11:45:32.624 [Test worker] DEBUG org.apache.http.client.protocol.RequestAuthCache - Auth cache not set in the context
11:45:32.624 [Test worker] DEBUG org.apache.http.impl.conn.PoolingHttpClientConnectionManager - Connection request: [route: {}->http://127.0.0.1:8080][total available: 1; route allocated: 1 of 6; total allocated: 1 of 20]
11:45:32.624 [Test worker] DEBUG org.apache.http.impl.conn.PoolingHttpClientConnectionManager - Connection leased: [id: 14][route: {}->http://127.0.0.1:8080][total available: 0; route allocated: 1 of 6; total allocated: 1 of 20]
11:45:32.624 [Test worker] DEBUG org.apache.http.impl.conn.DefaultManagedHttpClientConnection - http-outgoing-14: set socket timeout to 0
11:45:32.624 [Test worker] DEBUG org.apache.http.impl.conn.DefaultManagedHttpClientConnection - http-outgoing-14: set socket timeout to 0
11:45:32.624 [Test worker] DEBUG org.apache.http.impl.execchain.MainClientExec - Executing request POST /create HTTP/1.1
11:45:32.624 [Test worker] DEBUG org.apache.http.impl.execchain.MainClientExec - Target auth state: UNCHALLENGED
11:45:32.624 [Test worker] DEBUG org.apache.http.impl.execchain.MainClientExec - Proxy auth state: UNCHALLENGED
11:45:32.624 [Test worker] DEBUG org.apache.http.headers - http-outgoing-14 >> POST /create HTTP/1.1
11:45:32.624 [Test worker] DEBUG org.apache.http.headers - http-outgoing-14 >> Host: 127.0.0.1:8080
11:45:32.624 [Test worker] DEBUG org.apache.http.headers - http-outgoing-14 >> User-Agent: Mozilla/5.0 (Windows NT 6.1; rv:38.0) Gecko/20100101 Firefox/38.0
11:45:32.624 [Test worker] DEBUG org.apache.http.headers - http-outgoing-14 >> Accept: */*
11:45:32.624 [Test worker] DEBUG org.apache.http.headers - http-outgoing-14 >> Accept-Language: en-US
11:45:32.624 [Test worker] DEBUG org.apache.http.headers - http-outgoing-14 >> Accept-Encoding: gzip, deflate
11:45:32.624 [Test worker] DEBUG org.apache.http.headers - http-outgoing-14 >> Referer: http://127.0.0.1:8080/input
11:45:32.624 [Test worker] DEBUG org.apache.http.headers - http-outgoing-14 >> Connection: Keep-Alive
11:45:32.624 [Test worker] DEBUG org.apache.http.headers - http-outgoing-14 >> Content-Length: 59
11:45:32.624 [Test worker] DEBUG org.apache.http.headers - http-outgoing-14 >> Content-Type: application/x-www-form-urlencoded
11:45:32.624 [Test worker] DEBUG org.apache.http.wire - http-outgoing-14 >> "POST /create HTTP/1.1[\r][\n]"
11:45:32.624 [Test worker] DEBUG org.apache.http.wire - http-outgoing-14 >> "Host: 127.0.0.1:8080[\r][\n]"
11:45:32.624 [Test worker] DEBUG org.apache.http.wire - http-outgoing-14 >> "User-Agent: Mozilla/5.0 (Windows NT 6.1; rv:38.0) Gecko/20100101 Firefox/38.0[\r][\n]"
11:45:32.624 [Test worker] DEBUG org.apache.http.wire - http-outgoing-14 >> "Accept: */*[\r][\n]"
11:45:32.624 [Test worker] DEBUG org.apache.http.wire - http-outgoing-14 >> "Accept-Language: en-US[\r][\n]"
11:45:32.624 [Test worker] DEBUG org.apache.http.wire - http-outgoing-14 >> "Accept-Encoding: gzip, deflate[\r][\n]"
11:45:32.624 [Test worker] DEBUG org.apache.http.wire - http-outgoing-14 >> "Referer: http://127.0.0.1:8080/input[\r][\n]"
11:45:32.624 [Test worker] DEBUG org.apache.http.wire - http-outgoing-14 >> "Connection: Keep-Alive[\r][\n]"
11:45:32.624 [Test worker] DEBUG org.apache.http.wire - http-outgoing-14 >> "Content-Length: 59[\r][\n]"
11:45:32.624 [Test worker] DEBUG org.apache.http.wire - http-outgoing-14 >> "Content-Type: application/x-www-form-urlencoded[\r][\n]"
11:45:32.624 [Test worker] DEBUG org.apache.http.wire - http-outgoing-14 >> "[\r][\n]"
11:45:32.624 [Test worker] DEBUG org.apache.http.wire - http-outgoing-14 >> "firstName=Michele&lastName=Bianchi&admissionDate=1993-06-11"
11:45:32.628 [Test worker] DEBUG org.apache.http.wire - http-outgoing-14 << "HTTP/1.1 302 [\r][\n]"
11:45:32.629 [Test worker] DEBUG org.apache.http.wire - http-outgoing-14 << "Location: http://127.0.0.1:8080/list[\r][\n]"
11:45:32.629 [Test worker] DEBUG org.apache.http.wire - http-outgoing-14 << "Content-Language: en-US[\r][\n]"
11:45:32.629 [Test worker] DEBUG org.apache.http.wire - http-outgoing-14 << "Content-Length: 0[\r][\n]"
11:45:32.629 [Test worker] DEBUG org.apache.http.wire - http-outgoing-14 << "Date: Thu, 21 Jan 2021 10:45:31 GMT[\r][\n]"
11:45:32.629 [Test worker] DEBUG org.apache.http.wire - http-outgoing-14 << "Keep-Alive: timeout=60[\r][\n]"
11:45:32.629 [Test worker] DEBUG org.apache.http.wire - http-outgoing-14 << "Connection: keep-alive[\r][\n]"
11:45:32.629 [Test worker] DEBUG org.apache.http.wire - http-outgoing-14 << "[\r][\n]"
11:45:32.629 [Test worker] DEBUG org.apache.http.headers - http-outgoing-14 << HTTP/1.1 302 
11:45:32.629 [Test worker] DEBUG org.apache.http.headers - http-outgoing-14 << Location: http://127.0.0.1:8080/list
11:45:32.629 [Test worker] DEBUG org.apache.http.headers - http-outgoing-14 << Content-Language: en-US
11:45:32.629 [Test worker] DEBUG org.apache.http.headers - http-outgoing-14 << Content-Length: 0
11:45:32.629 [Test worker] DEBUG org.apache.http.headers - http-outgoing-14 << Date: Thu, 21 Jan 2021 10:45:31 GMT
11:45:32.629 [Test worker] DEBUG org.apache.http.headers - http-outgoing-14 << Keep-Alive: timeout=60
11:45:32.629 [Test worker] DEBUG org.apache.http.headers - http-outgoing-14 << Connection: keep-alive
11:45:32.629 [Test worker] DEBUG org.apache.http.impl.execchain.MainClientExec - Connection can be kept alive for 60000 MILLISECONDS
11:45:32.629 [Test worker] DEBUG org.apache.http.impl.conn.PoolingHttpClientConnectionManager - Connection [id: 14][route: {}->http://127.0.0.1:8080] can be kept alive for 60.0 seconds
11:45:32.629 [Test worker] DEBUG org.apache.http.impl.conn.DefaultManagedHttpClientConnection - http-outgoing-14: set socket timeout to 0
11:45:32.629 [Test worker] DEBUG org.apache.http.impl.conn.PoolingHttpClientConnectionManager - Connection released: [id: 14][route: {}->http://127.0.0.1:8080][total available: 1; route allocated: 1 of 6; total allocated: 1 of 20]
11:45:32.629 [Test worker] DEBUG com.gargoylesoftware.htmlunit.WebClient - Got a redirect status code [302] new location = [http://127.0.0.1:8080/list]
11:45:32.629 [Test worker] DEBUG com.gargoylesoftware.htmlunit.WebClient - Load response for GET http://127.0.0.1:8080/list
11:45:32.630 [Test worker] DEBUG org.apache.http.client.protocol.RequestAddCookies - CookieSpec selected: mine
11:45:32.630 [Test worker] DEBUG org.apache.http.client.protocol.RequestAuthCache - Auth cache not set in the context
11:45:32.630 [Test worker] DEBUG org.apache.http.impl.conn.PoolingHttpClientConnectionManager - Connection request: [route: {}->http://127.0.0.1:8080][total available: 1; route allocated: 1 of 6; total allocated: 1 of 20]
11:45:32.630 [Test worker] DEBUG org.apache.http.impl.conn.PoolingHttpClientConnectionManager - Connection leased: [id: 14][route: {}->http://127.0.0.1:8080][total available: 0; route allocated: 1 of 6; total allocated: 1 of 20]
11:45:32.630 [Test worker] DEBUG org.apache.http.impl.conn.DefaultManagedHttpClientConnection - http-outgoing-14: set socket timeout to 0
11:45:32.630 [Test worker] DEBUG org.apache.http.impl.conn.DefaultManagedHttpClientConnection - http-outgoing-14: set socket timeout to 0
11:45:32.630 [Test worker] DEBUG org.apache.http.impl.execchain.MainClientExec - Executing request GET /list HTTP/1.1
11:45:32.630 [Test worker] DEBUG org.apache.http.impl.execchain.MainClientExec - Target auth state: UNCHALLENGED
11:45:32.630 [Test worker] DEBUG org.apache.http.impl.execchain.MainClientExec - Proxy auth state: UNCHALLENGED
11:45:32.630 [Test worker] DEBUG org.apache.http.headers - http-outgoing-14 >> GET /list HTTP/1.1
11:45:32.630 [Test worker] DEBUG org.apache.http.headers - http-outgoing-14 >> Host: 127.0.0.1:8080
11:45:32.630 [Test worker] DEBUG org.apache.http.headers - http-outgoing-14 >> User-Agent: Mozilla/5.0 (Windows NT 6.1; rv:38.0) Gecko/20100101 Firefox/38.0
11:45:32.630 [Test worker] DEBUG org.apache.http.headers - http-outgoing-14 >> Accept: */*
11:45:32.630 [Test worker] DEBUG org.apache.http.headers - http-outgoing-14 >> Accept-Language: en-US
11:45:32.630 [Test worker] DEBUG org.apache.http.headers - http-outgoing-14 >> Accept-Encoding: gzip, deflate
11:45:32.630 [Test worker] DEBUG org.apache.http.headers - http-outgoing-14 >> Referer: http://127.0.0.1:8080/input
11:45:32.630 [Test worker] DEBUG org.apache.http.headers - http-outgoing-14 >> Connection: Keep-Alive
11:45:32.630 [Test worker] DEBUG org.apache.http.wire - http-outgoing-14 >> "GET /list HTTP/1.1[\r][\n]"
11:45:32.630 [Test worker] DEBUG org.apache.http.wire - http-outgoing-14 >> "Host: 127.0.0.1:8080[\r][\n]"
11:45:32.630 [Test worker] DEBUG org.apache.http.wire - http-outgoing-14 >> "User-Agent: Mozilla/5.0 (Windows NT 6.1; rv:38.0) Gecko/20100101 Firefox/38.0[\r][\n]"
11:45:32.630 [Test worker] DEBUG org.apache.http.wire - http-outgoing-14 >> "Accept: */*[\r][\n]"
11:45:32.630 [Test worker] DEBUG org.apache.http.wire - http-outgoing-14 >> "Accept-Language: en-US[\r][\n]"
11:45:32.630 [Test worker] DEBUG org.apache.http.wire - http-outgoing-14 >> "Accept-Encoding: gzip, deflate[\r][\n]"
11:45:32.630 [Test worker] DEBUG org.apache.http.wire - http-outgoing-14 >> "Referer: http://127.0.0.1:8080/input[\r][\n]"
11:45:32.630 [Test worker] DEBUG org.apache.http.wire - http-outgoing-14 >> "Connection: Keep-Alive[\r][\n]"
11:45:32.630 [Test worker] DEBUG org.apache.http.wire - http-outgoing-14 >> "[\r][\n]"
11:45:32.636 [Test worker] DEBUG org.apache.http.wire - http-outgoing-14 << "HTTP/1.1 200 [\r][\n]"
11:45:32.636 [Test worker] DEBUG org.apache.http.wire - http-outgoing-14 << "Content-Type: text/html;charset=UTF-8[\r][\n]"
11:45:32.636 [Test worker] DEBUG org.apache.http.wire - http-outgoing-14 << "Content-Language: en-US[\r][\n]"
11:45:32.636 [Test worker] DEBUG org.apache.http.wire - http-outgoing-14 << "Transfer-Encoding: chunked[\r][\n]"
11:45:32.636 [Test worker] DEBUG org.apache.http.wire - http-outgoing-14 << "Date: Thu, 21 Jan 2021 10:45:32 GMT[\r][\n]"
11:45:32.636 [Test worker] DEBUG org.apache.http.wire - http-outgoing-14 << "Keep-Alive: timeout=60[\r][\n]"
11:45:32.636 [Test worker] DEBUG org.apache.http.wire - http-outgoing-14 << "Connection: keep-alive[\r][\n]"
11:45:32.636 [Test worker] DEBUG org.apache.http.wire - http-outgoing-14 << "[\r][\n]"
11:45:32.636 [Test worker] DEBUG org.apache.http.wire - http-outgoing-14 << "1121[\r][\n]"
11:45:32.636 [Test worker] DEBUG org.apache.http.wire - http-outgoing-14 << "<!DOCTYPE HTML>[\n]"
11:45:32.636 [Test worker] DEBUG org.apache.http.wire - http-outgoing-14 << "<html>[\n]"
11:45:32.636 [Test worker] DEBUG org.apache.http.wire - http-outgoing-14 << "<head>[\n]"
11:45:32.636 [Test worker] DEBUG org.apache.http.wire - http-outgoing-14 << "    <title>MVC Web application</title>[\n]"
11:45:32.636 [Test worker] DEBUG org.apache.http.wire - http-outgoing-14 << "    <meta http-equiv="Content-Type" content="text/html; charset=UTF-8" />[\n]"
11:45:32.636 [Test worker] DEBUG org.apache.http.wire - http-outgoing-14 << "</head>[\n]"
11:45:32.636 [Test worker] DEBUG org.apache.http.wire - http-outgoing-14 << "[\n]"
11:45:32.636 [Test worker] DEBUG org.apache.http.wire - http-outgoing-14 << "<body>[\n]"
11:45:32.636 [Test worker] DEBUG org.apache.http.wire - http-outgoing-14 << "<h1>Pazienti Ricoverati</h1>[\n]"
11:45:32.636 [Test worker] DEBUG org.apache.http.wire - http-outgoing-14 << "[\n]"
11:45:32.636 [Test worker] DEBUG org.apache.http.wire - http-outgoing-14 << "<table border="1" id="present" name="present">[\n]"
11:45:32.636 [Test worker] DEBUG org.apache.http.wire - http-outgoing-14 << "    <thead>[\n]"
11:45:32.636 [Test worker] DEBUG org.apache.http.wire - http-outgoing-14 << "    <tr>[\n]"
11:45:32.636 [Test worker] DEBUG org.apache.http.wire - http-outgoing-14 << "        <th>Id</th>[\n]"
11:45:32.636 [Test worker] DEBUG org.apache.http.wire - http-outgoing-14 << "        <th>Nome</th>[\n]"
11:45:32.636 [Test worker] DEBUG org.apache.http.wire - http-outgoing-14 << "        <th>Cognome</th>[\n]"
11:45:32.636 [Test worker] DEBUG org.apache.http.wire - http-outgoing-14 << "        <th>Data ricovero</th>[\n]"
11:45:32.636 [Test worker] DEBUG org.apache.http.wire - http-outgoing-14 << "        <th>Data dimissione</th>[\n]"
11:45:32.636 [Test worker] DEBUG org.apache.http.wire - http-outgoing-14 << "        <th>Mostra</th>[\n]"
11:45:32.636 [Test worker] DEBUG org.apache.http.wire - http-outgoing-14 << "        <th>Modifica</th>[\n]"
11:45:32.636 [Test worker] DEBUG org.apache.http.wire - http-outgoing-14 << "        <th>Dimetti</th>[\n]"
11:45:32.636 [Test worker] DEBUG org.apache.http.wire - http-outgoing-14 << "        <th>Cancella</th>[\n]"
11:45:32.636 [Test worker] DEBUG org.apache.http.wire - http-outgoing-14 << "        <th>Stampa</th>[\n]"
11:45:32.636 [Test worker] DEBUG org.apache.http.wire - http-outgoing-14 << "    </tr>[\n]"
11:45:32.636 [Test worker] DEBUG org.apache.http.wire - http-outgoing-14 << "    </thead>[\n]"
11:45:32.636 [Test worker] DEBUG org.apache.http.wire - http-outgoing-14 << "    <tbody>[\n]"
11:45:32.636 [Test worker] DEBUG org.apache.http.wire - http-outgoing-14 << "        <tr>[\n]"
11:45:32.636 [Test worker] DEBUG org.apache.http.wire - http-outgoing-14 << "            <td id="id">10</td>[\n]"
11:45:32.636 [Test worker] DEBUG org.apache.http.wire - http-outgoing-14 << "            <td style="text-align:center;">Michele</td>[\n]"
11:45:32.636 [Test worker] DEBUG org.apache.http.wire - http-outgoing-14 << "            <td id='lastName' style="text-align:center;">Bianchi</td>[\n]"
11:45:32.636 [Test worker] DEBUG org.apache.http.wire - http-outgoing-14 << "            <td style="text-align:center;">11/06/1993</td>[\n]"
11:45:32.636 [Test worker] DEBUG org.apache.http.wire - http-outgoing-14 << "            <td style="text-align:center;"></td>[\n]"
11:45:32.636 [Test worker] DEBUG org.apache.http.wire - http-outgoing-14 << "            <td> <a href="cartella?id=10" style="text-align:center;"> Cartella </a></td>[\n]"
11:45:32.636 [Test worker] DEBUG org.apache.http.wire - http-outgoing-14 << "            <td> <a href="edit?id=10" id="modifica" style="text-align:center;"> Modifica </a></td>[\n]"
11:45:32.636 [Test worker] DEBUG org.apache.http.wire - http-outgoing-14 << "            <td> <a href="dimetti?id=10" style="text-align:center;"> Dimetti </a></td>[\n]"
11:45:32.636 [Test worker] DEBUG org.apache.http.wire - http-outgoing-14 << "            <td> <a href="delete?id=10" id="cancella" style="text-align:center;"> Cancella </a></td>[\n]"
11:45:32.636 [Test worker] DEBUG org.apache.http.wire - http-outgoing-14 << "            <td><button><a href="print?id=10" style="text-align:center;text-decoration:none;"> Stampa scheda </a></button></td>[\n]"
11:45:32.636 [Test worker] DEBUG org.apache.http.wire - http-outgoing-14 << "        </tr>[\n]"
11:45:32.636 [Test worker] DEBUG org.apache.http.wire - http-outgoing-14 << "        <tr>[\n]"
11:45:32.636 [Test worker] DEBUG org.apache.http.wire - http-outgoing-14 << "            <td id="id">11</td>[\n]"
11:45:32.636 [Test worker] DEBUG org.apache.http.wire - http-outgoing-14 << "            <td style="text-align:center;">Michele</td>[\n]"
11:45:32.636 [Test worker] DEBUG org.apache.http.wire - http-outgoing-14 << "            <td id='lastName' style="text-align:center;">Bianchi</td>[\n]"
11:45:32.636 [Test worker] DEBUG org.apache.http.wire - http-outgoing-14 << "            <td style="text-align:center;">11/06/1993</td>[\n]"
11:45:32.636 [Test worker] DEBUG org.apache.http.wire - http-outgoing-14 << "            <td style="text-align:center;"></td>[\n]"
11:45:32.636 [Test worker] DEBUG org.apache.http.wire - http-outgoing-14 << "            <td> <a href="cartella?id=11" style="text-align:center;"> Cartella </a></td>[\n]"
11:45:32.636 [Test worker] DEBUG org.apache.http.wire - http-outgoing-14 << "            <td> <a href="edit?id=11" id="modifica" style="text-align:center;"> Modifica </a></td>[\n]"
11:45:32.636 [Test worker] DEBUG org.apache.http.wire - http-outgoing-14 << "            <td> <a href="dimetti?id=11" style="text-align:center;"> Dimetti </a></td>[\n]"
11:45:32.636 [Test worker] DEBUG org.apache.http.wire - http-outgoing-14 << "            <td> <a href="delete?id=11" id="cancella" style="text-align:center;"> Cancella </a></td>[\n]"
11:45:32.636 [Test worker] DEBUG org.apache.http.wire - http-outgoing-14 << "            <td><button><a href="print?id=11" style="text-align:center;text-decoration:none;"> Stampa scheda </a></button></td>[\n]"
11:45:32.636 [Test worker] DEBUG org.apache.http.wire - http-outgoing-14 << "        </tr>[\n]"
11:45:32.636 [Test worker] DEBUG org.apache.http.wire - http-outgoing-14 << "        </tbody>[\n]"
11:45:32.636 [Test worker] DEBUG org.apache.http.wire - http-outgoing-14 << "</table>[\n]"
11:45:32.636 [Test worker] DEBUG org.apache.http.wire - http-outgoing-14 << "[\n]"
11:45:32.636 [Test worker] DEBUG org.apache.http.wire - http-outgoing-14 << "<h1>Pazienti Dimessi</h1>[\n]"
11:45:32.636 [Test worker] DEBUG org.apache.http.wire - http-outgoing-14 << "<table border="1" id="discharged" name="discharged">[\n]"
11:45:32.636 [Test worker] DEBUG org.apache.http.wire - http-outgoing-14 << "    <thead>[\n]"
11:45:32.636 [Test worker] DEBUG org.apache.http.wire - http-outgoing-14 << "    <tr>[\n]"
11:45:32.636 [Test worker] DEBUG org.apache.http.wire - http-outgoing-14 << "        <th>Id</th>[\n]"
11:45:32.636 [Test worker] DEBUG org.apache.http.wire - http-outgoing-14 << "        <th>Nome</th>[\n]"
11:45:32.636 [Test worker] DEBUG org.apache.http.wire - http-outgoing-14 << "        <th>Cognome</th>[\n]"
11:45:32.636 [Test worker] DEBUG org.apache.http.wire - http-outgoing-14 << "        <th>Data Ricovero</th>[\n]"
11:45:32.636 [Test worker] DEBUG org.apache.http.wire - http-outgoing-14 << "        <th>Data Dimissione</th>[\n]"
11:45:32.636 [Test worker] DEBUG org.apache.http.wire - http-outgoing-14 << "        <th>Cartella</th>[\n]"
11:45:32.636 [Test worker] DEBUG org.apache.http.wire - http-outgoing-14 << "        <th>Modifica</th>[\n]"
11:45:32.636 [Test worker] DEBUG org.apache.http.wire - http-outgoing-14 << "        <th>Cancella</th>[\n]"
11:45:32.636 [Test worker] DEBUG org.apache.http.wire - http-outgoing-14 << "        <th>Stampa</th>[\n]"
11:45:32.636 [Test worker] DEBUG org.apache.http.wire - http-outgoing-14 << "    </tr>[\n]"
11:45:32.636 [Test worker] DEBUG org.apache.http.wire - http-outgoing-14 << "    </thead>[\n]"
11:45:32.636 [Test worker] DEBUG org.apache.http.wire - http-outgoing-14 << "    <tbody>[\n]"
11:45:32.636 [Test worker] DEBUG org.apache.http.wire - http-outgoing-14 << "    <tr>[\n]"
11:45:32.636 [Test worker] DEBUG org.apache.http.wire - http-outgoing-14 << "        <td id="idDischarged">1</td>[\n]"
11:45:32.636 [Test worker] DEBUG org.apache.http.wire - http-outgoing-14 << "        <td style="text-align:center;">Michele</td>[\n]"
11:45:32.636 [Test worker] DEBUG org.apache.http.wire - http-outgoing-14 << "        <td id='lastNameDischarged' style="text-align:center;">Bianchi</td>[\n]"
11:45:32.636 [Test worker] DEBUG org.apache.http.wire - http-outgoing-14 << "        <td style="text-align:center;">11/06/1993</td>[\n]"
11:45:32.636 [Test worker] DEBUG org.apache.http.wire - http-outgoing-14 << "        <td style="text-align:center;">21/01/2021</td>[\n]"
11:45:32.636 [Test worker] DEBUG org.apache.http.wire - http-outgoing-14 << "        <td> <a href="cartella?id=1" style="text-align:center;"> Cartella </a></td>[\n]"
11:45:32.636 [Test worker] DEBUG org.apache.http.wire - http-outgoing-14 << "        <td> <a id="modificaDischarged" style="text-align:center; cursor:not-allowed; pointer-events:none; color:grey;"> Modifica </a></td>[\n]"
11:45:32.636 [Test worker] DEBUG org.apache.http.wire - http-outgoing-14 << "        <td> <a id="cancellaDischarged" style="text-align:center; cursor:not-allowed; pointer-events:none; color:grey;"> Cancella </a></td>[\n]"
11:45:32.636 [Test worker] DEBUG org.apache.http.wire - http-outgoing-14 << "        <td><button><a href="print?id=1" style="text-align:center;text-decoration:none;"> Stampa scheda </a></button></td>[\n]"
11:45:32.636 [Test worker] DEBUG org.apache.http.wire - http-outgoing-14 << "    </tr>[\n]"
11:45:32.636 [Test worker] DEBUG org.apache.http.wire - http-outgoing-14 << "    <tr>[\n]"
11:45:32.636 [Test worker] DEBUG org.apache.http.wire - http-outgoing-14 << "        <td id="idDischarged">9</td>[\n]"
11:45:32.636 [Test worker] DEBUG org.apache.http.wire - http-outgoing-14 << "        <td style="text-align:center;">Michele</td>[\n]"
11:45:32.636 [Test worker] DEBUG org.apache.http.wire - http-outgoing-14 << "        <td id='lastNameDischarged' style="text-align:center;">Bianchi</td>[\n]"
11:45:32.636 [Test worker] DEBUG org.apache.http.wire - http-outgoing-14 << "        <td style="text-align:center;">11/06/1993</td>[\n]"
11:45:32.637 [Test worker] DEBUG org.apache.http.wire - http-outgoing-14 << "        <td style="text-align:center;">21/01/2021</td>[\n]"
11:45:32.637 [Test worker] DEBUG org.apache.http.wire - http-outgoing-14 << "        <td> <a href="cartella?id=9" style="text-align:center;"> Cartella </a></td>[\n]"
11:45:32.637 [Test worker] DEBUG org.apache.http.wire - http-outgoing-14 << "        <td> <a id="modificaDischarged" style="text-align:center; cursor:not-allowed; pointer-events:none; color:grey;"> Modifica </a></td>[\n]"
11:45:32.637 [Test worker] DEBUG org.apache.http.wire - http-outgoing-14 << "        <td> <a id="cancellaDischarged" style="text-align:center; cursor:not-allowed; pointer-events:none; color:grey;"> Cancella </a></td>[\n]"
11:45:32.637 [Test worker] DEBUG org.apache.http.wire - http-outgoing-14 << "        <td><button><a href="print?id=9" style="text-align:center;text-decoration:none;"> Stampa scheda </a></button></td>[\n]"
11:45:32.637 [Test worker] DEBUG org.apache.http.wire - http-outgoing-14 << "    </tr>[\n]"
11:45:32.637 [Test worker] DEBUG org.apache.http.wire - http-outgoing-14 << "    </tbody>[\n]"
11:45:32.637 [Test worker] DEBUG org.apache.http.wire - http-outgoing-14 << "</table>[\n]"
11:45:32.637 [Test worker] DEBUG org.apache.http.wire - http-outgoing-14 << "<br>[\n]"
11:45:32.637 [Test worker] DEBUG org.apache.http.wire - http-outgoing-14 << "<button><a href="input" style="text-decoration:none;">Registra un paziente</a></button>[\n]"
11:45:32.637 [Test worker] DEBUG org.apache.http.wire - http-outgoing-14 << "<br>[\n]"
11:45:32.637 [Test worker] DEBUG org.apache.http.wire - http-outgoing-14 << "<br>[\n]"
11:45:32.637 [Test worker] DEBUG org.apache.http.wire - http-outgoing-14 << "[\n]"
11:45:32.637 [Test worker] DEBUG org.apache.http.wire - http-outgoing-14 << "<form action="search" method="post">[\n]"
11:45:32.637 [Test worker] DEBUG org.apache.http.wire - http-outgoing-14 << "    Cognome Paziente: <input type="text" name="lastName"/>[\n]"
11:45:32.637 [Test worker] DEBUG org.apache.http.wire - http-outgoing-14 << "    <input type="submit" value="Cerca"/>[\n]"
11:45:32.637 [Test worker] DEBUG org.apache.http.wire - http-outgoing-14 << "</form>[\n]"
11:45:32.637 [Test worker] DEBUG org.apache.http.wire - http-outgoing-14 << "</body>[\n]"
11:45:32.637 [Test worker] DEBUG org.apache.http.wire - http-outgoing-14 << "</html>[\r][\n]"
11:45:32.637 [Test worker] DEBUG org.apache.http.headers - http-outgoing-14 << HTTP/1.1 200 
11:45:32.637 [Test worker] DEBUG org.apache.http.headers - http-outgoing-14 << Content-Type: text/html;charset=UTF-8
11:45:32.637 [Test worker] DEBUG org.apache.http.headers - http-outgoing-14 << Content-Language: en-US
11:45:32.637 [Test worker] DEBUG org.apache.http.headers - http-outgoing-14 << Transfer-Encoding: chunked
11:45:32.637 [Test worker] DEBUG org.apache.http.headers - http-outgoing-14 << Date: Thu, 21 Jan 2021 10:45:32 GMT
11:45:32.637 [Test worker] DEBUG org.apache.http.headers - http-outgoing-14 << Keep-Alive: timeout=60
11:45:32.637 [Test worker] DEBUG org.apache.http.headers - http-outgoing-14 << Connection: keep-alive
11:45:32.637 [Test worker] DEBUG org.apache.http.impl.execchain.MainClientExec - Connection can be kept alive for 60000 MILLISECONDS
11:45:32.637 [Test worker] DEBUG org.apache.http.wire - http-outgoing-14 << "0[\r][\n]"
11:45:32.637 [Test worker] DEBUG org.apache.http.wire - http-outgoing-14 << "[\r][\n]"
11:45:32.637 [Test worker] DEBUG org.apache.http.impl.conn.PoolingHttpClientConnectionManager - Connection [id: 14][route: {}->http://127.0.0.1:8080] can be kept alive for 60.0 seconds
11:45:32.637 [Test worker] DEBUG org.apache.http.impl.conn.DefaultManagedHttpClientConnection - http-outgoing-14: set socket timeout to 0
11:45:32.637 [Test worker] DEBUG org.apache.http.impl.conn.PoolingHttpClientConnectionManager - Connection released: [id: 14][route: {}->http://127.0.0.1:8080][total available: 1; route allocated: 1 of 6; total allocated: 1 of 20]
11:45:32.637 [Test worker] DEBUG com.gargoylesoftware.htmlunit.html.DomElement - Firing Event unload (Current Target: HTMLElement for HtmlHtml[<html>]);
11:45:32.637 [Test worker] DEBUG com.gargoylesoftware.htmlunit.WebWindowImpl - setEnclosedPage: HtmlPage(http://127.0.0.1:8080/list)@1434427078
11:45:32.637 [Test worker] DEBUG com.gargoylesoftware.htmlunit.WebWindowImpl - destroyChildren
11:45:32.641 [Test worker] DEBUG com.gargoylesoftware.htmlunit.util.EncodingSniffer - Encoding found in HTTP headers: 'UTF-8'.
11:45:32.644 [Test worker] DEBUG net.sourceforge.jwebunit.htmlunit.HtmlUnitTestingEngineImpl - Window "" changed : "MVC Web application" became "MVC Web application
11:45:32.644 [Test worker] DEBUG com.gargoylesoftware.htmlunit.html.DomElement - Firing Event DOMContentLoaded (Current Target: HTMLElement for HtmlHtml[<html>]);
11:45:32.644 [Test worker] DEBUG com.gargoylesoftware.htmlunit.html.DomElement - Firing Event load (Current Target: HTMLElement for HtmlHtml[<html>]);
11:45:32.645 [Test worker] DEBUG com.gargoylesoftware.htmlunit.WebClient - Get page for window named '', using WebRequest[<url="http://127.0.0.1:8080/", GET, EncodingType[name=application/x-www-form-urlencoded], [], {Accept=text/html,application/xhtml+xml,application/xml;q=0.9,*/*;q=0.8, Accept-Encoding=gzip, deflate}, null>]
11:45:32.645 [Test worker] DEBUG com.gargoylesoftware.htmlunit.WebClient - Load response for GET http://127.0.0.1:8080/
11:45:32.646 [Test worker] DEBUG org.apache.http.client.protocol.RequestAddCookies - CookieSpec selected: mine
11:45:32.646 [Test worker] DEBUG org.apache.http.client.protocol.RequestAuthCache - Auth cache not set in the context
11:45:32.646 [Test worker] DEBUG org.apache.http.impl.conn.PoolingHttpClientConnectionManager - Connection request: [route: {}->http://127.0.0.1:8080][total available: 0; route allocated: 0 of 6; total allocated: 0 of 20]
11:45:32.646 [Test worker] DEBUG org.apache.http.impl.conn.PoolingHttpClientConnectionManager - Connection leased: [id: 15][route: {}->http://127.0.0.1:8080][total available: 0; route allocated: 1 of 6; total allocated: 1 of 20]
11:45:32.646 [Test worker] DEBUG org.apache.http.impl.execchain.MainClientExec - Opening connection {}->http://127.0.0.1:8080
11:45:32.646 [Test worker] DEBUG org.apache.http.impl.conn.DefaultHttpClientConnectionOperator - Connecting to /127.0.0.1:8080
11:45:32.647 [Test worker] DEBUG org.apache.http.impl.conn.DefaultHttpClientConnectionOperator - Connection established 127.0.0.1:53844<->127.0.0.1:8080
11:45:32.647 [Test worker] DEBUG org.apache.http.impl.conn.DefaultManagedHttpClientConnection - http-outgoing-15: set socket timeout to 0
11:45:32.647 [Test worker] DEBUG org.apache.http.impl.execchain.MainClientExec - Executing request GET / HTTP/1.1
11:45:32.647 [Test worker] DEBUG org.apache.http.impl.execchain.MainClientExec - Target auth state: UNCHALLENGED
11:45:32.647 [Test worker] DEBUG org.apache.http.impl.execchain.MainClientExec - Proxy auth state: UNCHALLENGED
11:45:32.647 [Test worker] DEBUG org.apache.http.headers - http-outgoing-15 >> GET / HTTP/1.1
11:45:32.647 [Test worker] DEBUG org.apache.http.headers - http-outgoing-15 >> Host: 127.0.0.1:8080
11:45:32.647 [Test worker] DEBUG org.apache.http.headers - http-outgoing-15 >> User-Agent: Mozilla/5.0 (Windows NT 6.1; rv:38.0) Gecko/20100101 Firefox/38.0
11:45:32.647 [Test worker] DEBUG org.apache.http.headers - http-outgoing-15 >> Accept: text/html,application/xhtml+xml,application/xml;q=0.9,*/*;q=0.8
11:45:32.647 [Test worker] DEBUG org.apache.http.headers - http-outgoing-15 >> Accept-Language: en-US
11:45:32.647 [Test worker] DEBUG org.apache.http.headers - http-outgoing-15 >> Accept-Encoding: gzip, deflate
11:45:32.647 [Test worker] DEBUG org.apache.http.headers - http-outgoing-15 >> Connection: Keep-Alive
11:45:32.647 [Test worker] DEBUG org.apache.http.wire - http-outgoing-15 >> "GET / HTTP/1.1[\r][\n]"
11:45:32.647 [Test worker] DEBUG org.apache.http.wire - http-outgoing-15 >> "Host: 127.0.0.1:8080[\r][\n]"
11:45:32.647 [Test worker] DEBUG org.apache.http.wire - http-outgoing-15 >> "User-Agent: Mozilla/5.0 (Windows NT 6.1; rv:38.0) Gecko/20100101 Firefox/38.0[\r][\n]"
11:45:32.647 [Test worker] DEBUG org.apache.http.wire - http-outgoing-15 >> "Accept: text/html,application/xhtml+xml,application/xml;q=0.9,*/*;q=0.8[\r][\n]"
11:45:32.647 [Test worker] DEBUG org.apache.http.wire - http-outgoing-15 >> "Accept-Language: en-US[\r][\n]"
11:45:32.647 [Test worker] DEBUG org.apache.http.wire - http-outgoing-15 >> "Accept-Encoding: gzip, deflate[\r][\n]"
11:45:32.647 [Test worker] DEBUG org.apache.http.wire - http-outgoing-15 >> "Connection: Keep-Alive[\r][\n]"
11:45:32.647 [Test worker] DEBUG org.apache.http.wire - http-outgoing-15 >> "[\r][\n]"
11:45:32.649 [Test worker] DEBUG org.apache.http.wire - http-outgoing-15 << "HTTP/1.1 302 [\r][\n]"
11:45:32.649 [Test worker] DEBUG org.apache.http.wire - http-outgoing-15 << "Location: http://127.0.0.1:8080/list[\r][\n]"
11:45:32.649 [Test worker] DEBUG org.apache.http.wire - http-outgoing-15 << "Content-Language: en-US[\r][\n]"
11:45:32.649 [Test worker] DEBUG org.apache.http.wire - http-outgoing-15 << "Content-Length: 0[\r][\n]"
11:45:32.649 [Test worker] DEBUG org.apache.http.wire - http-outgoing-15 << "Date: Thu, 21 Jan 2021 10:45:32 GMT[\r][\n]"
11:45:32.649 [Test worker] DEBUG org.apache.http.wire - http-outgoing-15 << "Keep-Alive: timeout=60[\r][\n]"
11:45:32.649 [Test worker] DEBUG org.apache.http.wire - http-outgoing-15 << "Connection: keep-alive[\r][\n]"
11:45:32.649 [Test worker] DEBUG org.apache.http.wire - http-outgoing-15 << "[\r][\n]"
11:45:32.649 [Test worker] DEBUG org.apache.http.headers - http-outgoing-15 << HTTP/1.1 302 
11:45:32.649 [Test worker] DEBUG org.apache.http.headers - http-outgoing-15 << Location: http://127.0.0.1:8080/list
11:45:32.649 [Test worker] DEBUG org.apache.http.headers - http-outgoing-15 << Content-Language: en-US
11:45:32.649 [Test worker] DEBUG org.apache.http.headers - http-outgoing-15 << Content-Length: 0
11:45:32.649 [Test worker] DEBUG org.apache.http.headers - http-outgoing-15 << Date: Thu, 21 Jan 2021 10:45:32 GMT
11:45:32.649 [Test worker] DEBUG org.apache.http.headers - http-outgoing-15 << Keep-Alive: timeout=60
11:45:32.649 [Test worker] DEBUG org.apache.http.headers - http-outgoing-15 << Connection: keep-alive
11:45:32.649 [Test worker] DEBUG org.apache.http.impl.execchain.MainClientExec - Connection can be kept alive for 60000 MILLISECONDS
11:45:32.649 [Test worker] DEBUG org.apache.http.impl.conn.PoolingHttpClientConnectionManager - Connection [id: 15][route: {}->http://127.0.0.1:8080] can be kept alive for 60.0 seconds
11:45:32.649 [Test worker] DEBUG org.apache.http.impl.conn.DefaultManagedHttpClientConnection - http-outgoing-15: set socket timeout to 0
11:45:32.649 [Test worker] DEBUG org.apache.http.impl.conn.PoolingHttpClientConnectionManager - Connection released: [id: 15][route: {}->http://127.0.0.1:8080][total available: 1; route allocated: 1 of 6; total allocated: 1 of 20]
11:45:32.650 [Test worker] DEBUG com.gargoylesoftware.htmlunit.WebClient - Got a redirect status code [302] new location = [http://127.0.0.1:8080/list]
11:45:32.650 [Test worker] DEBUG com.gargoylesoftware.htmlunit.WebClient - Load response for GET http://127.0.0.1:8080/list
11:45:32.650 [Test worker] DEBUG org.apache.http.client.protocol.RequestAddCookies - CookieSpec selected: mine
11:45:32.650 [Test worker] DEBUG org.apache.http.client.protocol.RequestAuthCache - Auth cache not set in the context
11:45:32.650 [Test worker] DEBUG org.apache.http.impl.conn.PoolingHttpClientConnectionManager - Connection request: [route: {}->http://127.0.0.1:8080][total available: 1; route allocated: 1 of 6; total allocated: 1 of 20]
11:45:32.650 [Test worker] DEBUG org.apache.http.impl.conn.PoolingHttpClientConnectionManager - Connection leased: [id: 15][route: {}->http://127.0.0.1:8080][total available: 0; route allocated: 1 of 6; total allocated: 1 of 20]
11:45:32.650 [Test worker] DEBUG org.apache.http.impl.conn.DefaultManagedHttpClientConnection - http-outgoing-15: set socket timeout to 0
11:45:32.650 [Test worker] DEBUG org.apache.http.impl.conn.DefaultManagedHttpClientConnection - http-outgoing-15: set socket timeout to 0
11:45:32.651 [Test worker] DEBUG org.apache.http.impl.execchain.MainClientExec - Executing request GET /list HTTP/1.1
11:45:32.651 [Test worker] DEBUG org.apache.http.impl.execchain.MainClientExec - Target auth state: UNCHALLENGED
11:45:32.651 [Test worker] DEBUG org.apache.http.impl.execchain.MainClientExec - Proxy auth state: UNCHALLENGED
11:45:32.651 [Test worker] DEBUG org.apache.http.headers - http-outgoing-15 >> GET /list HTTP/1.1
11:45:32.651 [Test worker] DEBUG org.apache.http.headers - http-outgoing-15 >> Host: 127.0.0.1:8080
11:45:32.651 [Test worker] DEBUG org.apache.http.headers - http-outgoing-15 >> User-Agent: Mozilla/5.0 (Windows NT 6.1; rv:38.0) Gecko/20100101 Firefox/38.0
11:45:32.651 [Test worker] DEBUG org.apache.http.headers - http-outgoing-15 >> Accept: text/html,application/xhtml+xml,application/xml;q=0.9,*/*;q=0.8
11:45:32.651 [Test worker] DEBUG org.apache.http.headers - http-outgoing-15 >> Accept-Language: en-US
11:45:32.651 [Test worker] DEBUG org.apache.http.headers - http-outgoing-15 >> Accept-Encoding: gzip, deflate
11:45:32.651 [Test worker] DEBUG org.apache.http.headers - http-outgoing-15 >> Connection: Keep-Alive
11:45:32.651 [Test worker] DEBUG org.apache.http.wire - http-outgoing-15 >> "GET /list HTTP/1.1[\r][\n]"
11:45:32.651 [Test worker] DEBUG org.apache.http.wire - http-outgoing-15 >> "Host: 127.0.0.1:8080[\r][\n]"
11:45:32.651 [Test worker] DEBUG org.apache.http.wire - http-outgoing-15 >> "User-Agent: Mozilla/5.0 (Windows NT 6.1; rv:38.0) Gecko/20100101 Firefox/38.0[\r][\n]"
11:45:32.651 [Test worker] DEBUG org.apache.http.wire - http-outgoing-15 >> "Accept: text/html,application/xhtml+xml,application/xml;q=0.9,*/*;q=0.8[\r][\n]"
11:45:32.651 [Test worker] DEBUG org.apache.http.wire - http-outgoing-15 >> "Accept-Language: en-US[\r][\n]"
11:45:32.651 [Test worker] DEBUG org.apache.http.wire - http-outgoing-15 >> "Accept-Encoding: gzip, deflate[\r][\n]"
11:45:32.651 [Test worker] DEBUG org.apache.http.wire - http-outgoing-15 >> "Connection: Keep-Alive[\r][\n]"
11:45:32.651 [Test worker] DEBUG org.apache.http.wire - http-outgoing-15 >> "[\r][\n]"
11:45:32.656 [Test worker] DEBUG org.apache.http.wire - http-outgoing-15 << "HTTP/1.1 200 [\r][\n]"
11:45:32.656 [Test worker] DEBUG org.apache.http.wire - http-outgoing-15 << "Content-Type: text/html;charset=UTF-8[\r][\n]"
11:45:32.656 [Test worker] DEBUG org.apache.http.wire - http-outgoing-15 << "Content-Language: en-US[\r][\n]"
11:45:32.656 [Test worker] DEBUG org.apache.http.wire - http-outgoing-15 << "Transfer-Encoding: chunked[\r][\n]"
11:45:32.656 [Test worker] DEBUG org.apache.http.wire - http-outgoing-15 << "Date: Thu, 21 Jan 2021 10:45:32 GMT[\r][\n]"
11:45:32.656 [Test worker] DEBUG org.apache.http.wire - http-outgoing-15 << "Keep-Alive: timeout=60[\r][\n]"
11:45:32.656 [Test worker] DEBUG org.apache.http.wire - http-outgoing-15 << "Connection: keep-alive[\r][\n]"
11:45:32.656 [Test worker] DEBUG org.apache.http.wire - http-outgoing-15 << "[\r][\n]"
11:45:32.656 [Test worker] DEBUG org.apache.http.wire - http-outgoing-15 << "1121[\r][\n]"
11:45:32.656 [Test worker] DEBUG org.apache.http.wire - http-outgoing-15 << "<!DOCTYPE HTML>[\n]"
11:45:32.656 [Test worker] DEBUG org.apache.http.wire - http-outgoing-15 << "<html>[\n]"
11:45:32.656 [Test worker] DEBUG org.apache.http.wire - http-outgoing-15 << "<head>[\n]"
11:45:32.656 [Test worker] DEBUG org.apache.http.wire - http-outgoing-15 << "    <title>MVC Web application</title>[\n]"
11:45:32.656 [Test worker] DEBUG org.apache.http.wire - http-outgoing-15 << "    <meta http-equiv="Content-Type" content="text/html; charset=UTF-8" />[\n]"
11:45:32.656 [Test worker] DEBUG org.apache.http.wire - http-outgoing-15 << "</head>[\n]"
11:45:32.656 [Test worker] DEBUG org.apache.http.wire - http-outgoing-15 << "[\n]"
11:45:32.656 [Test worker] DEBUG org.apache.http.wire - http-outgoing-15 << "<body>[\n]"
11:45:32.656 [Test worker] DEBUG org.apache.http.wire - http-outgoing-15 << "<h1>Pazienti Ricoverati</h1>[\n]"
11:45:32.656 [Test worker] DEBUG org.apache.http.wire - http-outgoing-15 << "[\n]"
11:45:32.656 [Test worker] DEBUG org.apache.http.wire - http-outgoing-15 << "<table border="1" id="present" name="present">[\n]"
11:45:32.656 [Test worker] DEBUG org.apache.http.wire - http-outgoing-15 << "    <thead>[\n]"
11:45:32.656 [Test worker] DEBUG org.apache.http.wire - http-outgoing-15 << "    <tr>[\n]"
11:45:32.656 [Test worker] DEBUG org.apache.http.wire - http-outgoing-15 << "        <th>Id</th>[\n]"
11:45:32.656 [Test worker] DEBUG org.apache.http.wire - http-outgoing-15 << "        <th>Nome</th>[\n]"
11:45:32.656 [Test worker] DEBUG org.apache.http.wire - http-outgoing-15 << "        <th>Cognome</th>[\n]"
11:45:32.656 [Test worker] DEBUG org.apache.http.wire - http-outgoing-15 << "        <th>Data ricovero</th>[\n]"
11:45:32.656 [Test worker] DEBUG org.apache.http.wire - http-outgoing-15 << "        <th>Data dimissione</th>[\n]"
11:45:32.656 [Test worker] DEBUG org.apache.http.wire - http-outgoing-15 << "        <th>Mostra</th>[\n]"
11:45:32.656 [Test worker] DEBUG org.apache.http.wire - http-outgoing-15 << "        <th>Modifica</th>[\n]"
11:45:32.656 [Test worker] DEBUG org.apache.http.wire - http-outgoing-15 << "        <th>Dimetti</th>[\n]"
11:45:32.656 [Test worker] DEBUG org.apache.http.wire - http-outgoing-15 << "        <th>Cancella</th>[\n]"
11:45:32.656 [Test worker] DEBUG org.apache.http.wire - http-outgoing-15 << "        <th>Stampa</th>[\n]"
11:45:32.656 [Test worker] DEBUG org.apache.http.wire - http-outgoing-15 << "    </tr>[\n]"
11:45:32.656 [Test worker] DEBUG org.apache.http.wire - http-outgoing-15 << "    </thead>[\n]"
11:45:32.656 [Test worker] DEBUG org.apache.http.wire - http-outgoing-15 << "    <tbody>[\n]"
11:45:32.656 [Test worker] DEBUG org.apache.http.wire - http-outgoing-15 << "        <tr>[\n]"
11:45:32.657 [Test worker] DEBUG org.apache.http.wire - http-outgoing-15 << "            <td id="id">10</td>[\n]"
11:45:32.657 [Test worker] DEBUG org.apache.http.wire - http-outgoing-15 << "            <td style="text-align:center;">Michele</td>[\n]"
11:45:32.657 [Test worker] DEBUG org.apache.http.wire - http-outgoing-15 << "            <td id='lastName' style="text-align:center;">Bianchi</td>[\n]"
11:45:32.657 [Test worker] DEBUG org.apache.http.wire - http-outgoing-15 << "            <td style="text-align:center;">11/06/1993</td>[\n]"
11:45:32.657 [Test worker] DEBUG org.apache.http.wire - http-outgoing-15 << "            <td style="text-align:center;"></td>[\n]"
11:45:32.657 [Test worker] DEBUG org.apache.http.wire - http-outgoing-15 << "            <td> <a href="cartella?id=10" style="text-align:center;"> Cartella </a></td>[\n]"
11:45:32.657 [Test worker] DEBUG org.apache.http.wire - http-outgoing-15 << "            <td> <a href="edit?id=10" id="modifica" style="text-align:center;"> Modifica </a></td>[\n]"
11:45:32.657 [Test worker] DEBUG org.apache.http.wire - http-outgoing-15 << "            <td> <a href="dimetti?id=10" style="text-align:center;"> Dimetti </a></td>[\n]"
11:45:32.657 [Test worker] DEBUG org.apache.http.wire - http-outgoing-15 << "            <td> <a href="delete?id=10" id="cancella" style="text-align:center;"> Cancella </a></td>[\n]"
11:45:32.657 [Test worker] DEBUG org.apache.http.wire - http-outgoing-15 << "            <td><button><a href="print?id=10" style="text-align:center;text-decoration:none;"> Stampa scheda </a></button></td>[\n]"
11:45:32.657 [Test worker] DEBUG org.apache.http.wire - http-outgoing-15 << "        </tr>[\n]"
11:45:32.657 [Test worker] DEBUG org.apache.http.wire - http-outgoing-15 << "        <tr>[\n]"
11:45:32.657 [Test worker] DEBUG org.apache.http.wire - http-outgoing-15 << "            <td id="id">11</td>[\n]"
11:45:32.657 [Test worker] DEBUG org.apache.http.wire - http-outgoing-15 << "            <td style="text-align:center;">Michele</td>[\n]"
11:45:32.657 [Test worker] DEBUG org.apache.http.wire - http-outgoing-15 << "            <td id='lastName' style="text-align:center;">Bianchi</td>[\n]"
11:45:32.657 [Test worker] DEBUG org.apache.http.wire - http-outgoing-15 << "            <td style="text-align:center;">11/06/1993</td>[\n]"
11:45:32.657 [Test worker] DEBUG org.apache.http.wire - http-outgoing-15 << "            <td style="text-align:center;"></td>[\n]"
11:45:32.657 [Test worker] DEBUG org.apache.http.wire - http-outgoing-15 << "            <td> <a href="cartella?id=11" style="text-align:center;"> Cartella </a></td>[\n]"
11:45:32.657 [Test worker] DEBUG org.apache.http.wire - http-outgoing-15 << "            <td> <a href="edit?id=11" id="modifica" style="text-align:center;"> Modifica </a></td>[\n]"
11:45:32.657 [Test worker] DEBUG org.apache.http.wire - http-outgoing-15 << "            <td> <a href="dimetti?id=11" style="text-align:center;"> Dimetti </a></td>[\n]"
11:45:32.657 [Test worker] DEBUG org.apache.http.wire - http-outgoing-15 << "            <td> <a href="delete?id=11" id="cancella" style="text-align:center;"> Cancella </a></td>[\n]"
11:45:32.657 [Test worker] DEBUG org.apache.http.wire - http-outgoing-15 << "            <td><button><a href="print?id=11" style="text-align:center;text-decoration:none;"> Stampa scheda </a></button></td>[\n]"
11:45:32.657 [Test worker] DEBUG org.apache.http.wire - http-outgoing-15 << "        </tr>[\n]"
11:45:32.657 [Test worker] DEBUG org.apache.http.wire - http-outgoing-15 << "        </tbody>[\n]"
11:45:32.657 [Test worker] DEBUG org.apache.http.wire - http-outgoing-15 << "</table>[\n]"
11:45:32.657 [Test worker] DEBUG org.apache.http.wire - http-outgoing-15 << "[\n]"
11:45:32.657 [Test worker] DEBUG org.apache.http.wire - http-outgoing-15 << "<h1>Pazienti Dimessi</h1>[\n]"
11:45:32.657 [Test worker] DEBUG org.apache.http.wire - http-outgoing-15 << "<table border="1" id="discharged" name="discharged">[\n]"
11:45:32.657 [Test worker] DEBUG org.apache.http.wire - http-outgoing-15 << "    <thead>[\n]"
11:45:32.657 [Test worker] DEBUG org.apache.http.wire - http-outgoing-15 << "    <tr>[\n]"
11:45:32.657 [Test worker] DEBUG org.apache.http.wire - http-outgoing-15 << "        <th>Id</th>[\n]"
11:45:32.657 [Test worker] DEBUG org.apache.http.wire - http-outgoing-15 << "        <th>Nome</th>[\n]"
11:45:32.657 [Test worker] DEBUG org.apache.http.wire - http-outgoing-15 << "        <th>Cognome</th>[\n]"
11:45:32.657 [Test worker] DEBUG org.apache.http.wire - http-outgoing-15 << "        <th>Data Ricovero</th>[\n]"
11:45:32.657 [Test worker] DEBUG org.apache.http.wire - http-outgoing-15 << "        <th>Data Dimissione</th>[\n]"
11:45:32.657 [Test worker] DEBUG org.apache.http.wire - http-outgoing-15 << "        <th>Cartella</th>[\n]"
11:45:32.657 [Test worker] DEBUG org.apache.http.wire - http-outgoing-15 << "        <th>Modifica</th>[\n]"
11:45:32.657 [Test worker] DEBUG org.apache.http.wire - http-outgoing-15 << "        <th>Cancella</th>[\n]"
11:45:32.657 [Test worker] DEBUG org.apache.http.wire - http-outgoing-15 << "        <th>Stampa</th>[\n]"
11:45:32.657 [Test worker] DEBUG org.apache.http.wire - http-outgoing-15 << "    </tr>[\n]"
11:45:32.657 [Test worker] DEBUG org.apache.http.wire - http-outgoing-15 << "    </thead>[\n]"
11:45:32.657 [Test worker] DEBUG org.apache.http.wire - http-outgoing-15 << "    <tbody>[\n]"
11:45:32.657 [Test worker] DEBUG org.apache.http.wire - http-outgoing-15 << "    <tr>[\n]"
11:45:32.657 [Test worker] DEBUG org.apache.http.wire - http-outgoing-15 << "        <td id="idDischarged">1</td>[\n]"
11:45:32.657 [Test worker] DEBUG org.apache.http.wire - http-outgoing-15 << "        <td style="text-align:center;">Michele</td>[\n]"
11:45:32.657 [Test worker] DEBUG org.apache.http.wire - http-outgoing-15 << "        <td id='lastNameDischarged' style="text-align:center;">Bianchi</td>[\n]"
11:45:32.657 [Test worker] DEBUG org.apache.http.wire - http-outgoing-15 << "        <td style="text-align:center;">11/06/1993</td>[\n]"
11:45:32.657 [Test worker] DEBUG org.apache.http.wire - http-outgoing-15 << "        <td style="text-align:center;">21/01/2021</td>[\n]"
11:45:32.657 [Test worker] DEBUG org.apache.http.wire - http-outgoing-15 << "        <td> <a href="cartella?id=1" style="text-align:center;"> Cartella </a></td>[\n]"
11:45:32.657 [Test worker] DEBUG org.apache.http.wire - http-outgoing-15 << "        <td> <a id="modificaDischarged" style="text-align:center; cursor:not-allowed; pointer-events:none; color:grey;"> Modifica </a></td>[\n]"
11:45:32.657 [Test worker] DEBUG org.apache.http.wire - http-outgoing-15 << "        <td> <a id="cancellaDischarged" style="text-align:center; cursor:not-allowed; pointer-events:none; color:grey;"> Cancella </a></td>[\n]"
11:45:32.657 [Test worker] DEBUG org.apache.http.wire - http-outgoing-15 << "        <td><button><a href="print?id=1" style="text-align:center;text-decoration:none;"> Stampa scheda </a></button></td>[\n]"
11:45:32.657 [Test worker] DEBUG org.apache.http.wire - http-outgoing-15 << "    </tr>[\n]"
11:45:32.657 [Test worker] DEBUG org.apache.http.wire - http-outgoing-15 << "    <tr>[\n]"
11:45:32.657 [Test worker] DEBUG org.apache.http.wire - http-outgoing-15 << "        <td id="idDischarged">9</td>[\n]"
11:45:32.657 [Test worker] DEBUG org.apache.http.wire - http-outgoing-15 << "        <td style="text-align:center;">Michele</td>[\n]"
11:45:32.657 [Test worker] DEBUG org.apache.http.wire - http-outgoing-15 << "        <td id='lastNameDischarged' style="text-align:center;">Bianchi</td>[\n]"
11:45:32.657 [Test worker] DEBUG org.apache.http.wire - http-outgoing-15 << "        <td style="text-align:center;">11/06/1993</td>[\n]"
11:45:32.657 [Test worker] DEBUG org.apache.http.wire - http-outgoing-15 << "        <td style="text-align:center;">21/01/2021</td>[\n]"
11:45:32.657 [Test worker] DEBUG org.apache.http.wire - http-outgoing-15 << "        <td> <a href="cartella?id=9" style="text-align:center;"> Cartella </a></td>[\n]"
11:45:32.657 [Test worker] DEBUG org.apache.http.wire - http-outgoing-15 << "        <td> <a id="modificaDischarged" style="text-align:center; cursor:not-allowed; pointer-events:none; color:grey;"> Modifica </a></td>[\n]"
11:45:32.657 [Test worker] DEBUG org.apache.http.wire - http-outgoing-15 << "        <td> <a id="cancellaDischarged" style="text-align:center; cursor:not-allowed; pointer-events:none; color:grey;"> Cancella </a></td>[\n]"
11:45:32.657 [Test worker] DEBUG org.apache.http.wire - http-outgoing-15 << "        <td><button><a href="print?id=9" style="text-align:center;text-decoration:none;"> Stampa scheda </a></button></td>[\n]"
11:45:32.657 [Test worker] DEBUG org.apache.http.wire - http-outgoing-15 << "    </tr>[\n]"
11:45:32.657 [Test worker] DEBUG org.apache.http.wire - http-outgoing-15 << "    </tbody>[\n]"
11:45:32.657 [Test worker] DEBUG org.apache.http.wire - http-outgoing-15 << "</table>[\n]"
11:45:32.657 [Test worker] DEBUG org.apache.http.wire - http-outgoing-15 << "<br>[\n]"
11:45:32.657 [Test worker] DEBUG org.apache.http.wire - http-outgoing-15 << "<button><a href="input" style="text-decoration:none;">Registra un paziente</a></button>[\n]"
11:45:32.657 [Test worker] DEBUG org.apache.http.wire - http-outgoing-15 << "<br>[\n]"
11:45:32.657 [Test worker] DEBUG org.apache.http.wire - http-outgoing-15 << "<br>[\n]"
11:45:32.657 [Test worker] DEBUG org.apache.http.wire - http-outgoing-15 << "[\n]"
11:45:32.657 [Test worker] DEBUG org.apache.http.wire - http-outgoing-15 << "<form action="search" method="post">[\n]"
11:45:32.657 [Test worker] DEBUG org.apache.http.wire - http-outgoing-15 << "    Cognome Paziente: <input type="text" name="lastName"/>[\n]"
11:45:32.657 [Test worker] DEBUG org.apache.http.wire - http-outgoing-15 << "    <input type="submit" value="Cerca"/>[\n]"
11:45:32.657 [Test worker] DEBUG org.apache.http.wire - http-outgoing-15 << "</form>[\n]"
11:45:32.657 [Test worker] DEBUG org.apache.http.wire - http-outgoing-15 << "</body>[\n]"
11:45:32.657 [Test worker] DEBUG org.apache.http.wire - http-outgoing-15 << "</html>[\r][\n]"
11:45:32.658 [Test worker] DEBUG org.apache.http.headers - http-outgoing-15 << HTTP/1.1 200 
11:45:32.658 [Test worker] DEBUG org.apache.http.headers - http-outgoing-15 << Content-Type: text/html;charset=UTF-8
11:45:32.658 [Test worker] DEBUG org.apache.http.headers - http-outgoing-15 << Content-Language: en-US
11:45:32.658 [Test worker] DEBUG org.apache.http.headers - http-outgoing-15 << Transfer-Encoding: chunked
11:45:32.658 [Test worker] DEBUG org.apache.http.headers - http-outgoing-15 << Date: Thu, 21 Jan 2021 10:45:32 GMT
11:45:32.658 [Test worker] DEBUG org.apache.http.headers - http-outgoing-15 << Keep-Alive: timeout=60
11:45:32.658 [Test worker] DEBUG org.apache.http.headers - http-outgoing-15 << Connection: keep-alive
11:45:32.658 [Test worker] DEBUG org.apache.http.impl.execchain.MainClientExec - Connection can be kept alive for 60000 MILLISECONDS
11:45:32.658 [Test worker] DEBUG org.apache.http.wire - http-outgoing-15 << "0[\r][\n]"
11:45:32.658 [Test worker] DEBUG org.apache.http.wire - http-outgoing-15 << "[\r][\n]"
11:45:32.658 [Test worker] DEBUG org.apache.http.impl.conn.PoolingHttpClientConnectionManager - Connection [id: 15][route: {}->http://127.0.0.1:8080] can be kept alive for 60.0 seconds
11:45:32.658 [Test worker] DEBUG org.apache.http.impl.conn.DefaultManagedHttpClientConnection - http-outgoing-15: set socket timeout to 0
11:45:32.658 [Test worker] DEBUG org.apache.http.impl.conn.PoolingHttpClientConnectionManager - Connection released: [id: 15][route: {}->http://127.0.0.1:8080][total available: 1; route allocated: 1 of 6; total allocated: 1 of 20]
11:45:32.658 [Test worker] DEBUG com.gargoylesoftware.htmlunit.WebWindowImpl - setEnclosedPage: HtmlPage(http://127.0.0.1:8080/list)@1249194228
11:45:32.658 [Test worker] DEBUG com.gargoylesoftware.htmlunit.WebWindowImpl - destroyChildren
11:45:32.662 [Test worker] DEBUG com.gargoylesoftware.htmlunit.util.EncodingSniffer - Encoding found in HTTP headers: 'UTF-8'.
11:45:32.665 [Test worker] DEBUG net.sourceforge.jwebunit.htmlunit.HtmlUnitTestingEngineImpl - Window "" changed : "no_html" became "MVC Web application
11:45:32.665 [Test worker] DEBUG com.gargoylesoftware.htmlunit.html.DomElement - Firing Event DOMContentLoaded (Current Target: HTMLElement for HtmlHtml[<html>]);
11:45:32.665 [Test worker] DEBUG com.gargoylesoftware.htmlunit.html.DomElement - Firing Event load (Current Target: HTMLElement for HtmlHtml[<html>]);
11:45:32.667 [Test worker] DEBUG com.gargoylesoftware.htmlunit.html.DomElement - Firing Event mousedown (Current Target: HTMLElement for HtmlAnchor[<a href="delete?id=10" id="cancella" style="text-align:center;">]);
11:45:32.667 [Test worker] DEBUG com.gargoylesoftware.htmlunit.html.DomElement - Firing Event focus (Current Target: HTMLElement for HtmlAnchor[<a href="delete?id=10" id="cancella" style="text-align:center;">]);
11:45:32.667 [Test worker] DEBUG com.gargoylesoftware.htmlunit.html.DomElement - Firing Event mouseup (Current Target: HTMLElement for HtmlAnchor[<a href="delete?id=10" id="cancella" style="text-align:center;">]);
11:45:32.667 [Test worker] DEBUG com.gargoylesoftware.htmlunit.html.DomElement - Firing Event click (Current Target: HTMLElement for HtmlAnchor[<a href="delete?id=10" id="cancella" style="text-align:center;">]);
11:45:32.667 [Test worker] DEBUG com.gargoylesoftware.htmlunit.html.HtmlAnchor - do click action in window '', using href 'delete?id=10'
11:45:32.667 [Test worker] DEBUG com.gargoylesoftware.htmlunit.util.EncodingSniffer - Encoding found in HTTP headers: 'UTF-8'.
11:45:32.667 [Test worker] DEBUG com.gargoylesoftware.htmlunit.html.HtmlAnchor - Getting page for http://127.0.0.1:8080/delete?id=10, derived from href 'delete?id=10', using the originating URL http://127.0.0.1:8080/list
11:45:32.667 [Test worker] DEBUG com.gargoylesoftware.htmlunit.html.DomElement - Firing Event beforeunload (Current Target: HTMLElement for HtmlHtml[<html>]);
11:45:32.667 [Test worker] DEBUG com.gargoylesoftware.htmlunit.WebClient - Load response for GET http://127.0.0.1:8080/delete?id=10
11:45:32.668 [Test worker] DEBUG org.apache.http.client.protocol.RequestAddCookies - CookieSpec selected: mine
11:45:32.668 [Test worker] DEBUG org.apache.http.client.protocol.RequestAuthCache - Auth cache not set in the context
11:45:32.668 [Test worker] DEBUG org.apache.http.impl.conn.PoolingHttpClientConnectionManager - Connection request: [route: {}->http://127.0.0.1:8080][total available: 1; route allocated: 1 of 6; total allocated: 1 of 20]
11:45:32.668 [Test worker] DEBUG org.apache.http.impl.conn.PoolingHttpClientConnectionManager - Connection leased: [id: 15][route: {}->http://127.0.0.1:8080][total available: 0; route allocated: 1 of 6; total allocated: 1 of 20]
11:45:32.668 [Test worker] DEBUG org.apache.http.impl.conn.DefaultManagedHttpClientConnection - http-outgoing-15: set socket timeout to 0
11:45:32.668 [Test worker] DEBUG org.apache.http.impl.conn.DefaultManagedHttpClientConnection - http-outgoing-15: set socket timeout to 0
11:45:32.668 [Test worker] DEBUG org.apache.http.impl.execchain.MainClientExec - Executing request GET /delete?id=10 HTTP/1.1
11:45:32.668 [Test worker] DEBUG org.apache.http.impl.execchain.MainClientExec - Target auth state: UNCHALLENGED
11:45:32.668 [Test worker] DEBUG org.apache.http.impl.execchain.MainClientExec - Proxy auth state: UNCHALLENGED
11:45:32.668 [Test worker] DEBUG org.apache.http.headers - http-outgoing-15 >> GET /delete?id=10 HTTP/1.1
11:45:32.668 [Test worker] DEBUG org.apache.http.headers - http-outgoing-15 >> Host: 127.0.0.1:8080
11:45:32.668 [Test worker] DEBUG org.apache.http.headers - http-outgoing-15 >> User-Agent: Mozilla/5.0 (Windows NT 6.1; rv:38.0) Gecko/20100101 Firefox/38.0
11:45:32.668 [Test worker] DEBUG org.apache.http.headers - http-outgoing-15 >> Accept: text/html,application/xhtml+xml,application/xml;q=0.9,*/*;q=0.8
11:45:32.668 [Test worker] DEBUG org.apache.http.headers - http-outgoing-15 >> Accept-Language: en-US
11:45:32.668 [Test worker] DEBUG org.apache.http.headers - http-outgoing-15 >> Accept-Encoding: gzip, deflate
11:45:32.668 [Test worker] DEBUG org.apache.http.headers - http-outgoing-15 >> Referer: http://127.0.0.1:8080/list
11:45:32.668 [Test worker] DEBUG org.apache.http.headers - http-outgoing-15 >> Connection: Keep-Alive
11:45:32.668 [Test worker] DEBUG org.apache.http.wire - http-outgoing-15 >> "GET /delete?id=10 HTTP/1.1[\r][\n]"
11:45:32.668 [Test worker] DEBUG org.apache.http.wire - http-outgoing-15 >> "Host: 127.0.0.1:8080[\r][\n]"
11:45:32.668 [Test worker] DEBUG org.apache.http.wire - http-outgoing-15 >> "User-Agent: Mozilla/5.0 (Windows NT 6.1; rv:38.0) Gecko/20100101 Firefox/38.0[\r][\n]"
11:45:32.668 [Test worker] DEBUG org.apache.http.wire - http-outgoing-15 >> "Accept: text/html,application/xhtml+xml,application/xml;q=0.9,*/*;q=0.8[\r][\n]"
11:45:32.668 [Test worker] DEBUG org.apache.http.wire - http-outgoing-15 >> "Accept-Language: en-US[\r][\n]"
11:45:32.668 [Test worker] DEBUG org.apache.http.wire - http-outgoing-15 >> "Accept-Encoding: gzip, deflate[\r][\n]"
11:45:32.668 [Test worker] DEBUG org.apache.http.wire - http-outgoing-15 >> "Referer: http://127.0.0.1:8080/list[\r][\n]"
11:45:32.668 [Test worker] DEBUG org.apache.http.wire - http-outgoing-15 >> "Connection: Keep-Alive[\r][\n]"
11:45:32.668 [Test worker] DEBUG org.apache.http.wire - http-outgoing-15 >> "[\r][\n]"
11:45:32.675 [Test worker] DEBUG org.apache.http.wire - http-outgoing-15 << "HTTP/1.1 302 [\r][\n]"
11:45:32.675 [Test worker] DEBUG org.apache.http.wire - http-outgoing-15 << "Location: http://127.0.0.1:8080/list[\r][\n]"
11:45:32.675 [Test worker] DEBUG org.apache.http.wire - http-outgoing-15 << "Content-Language: en-US[\r][\n]"
11:45:32.675 [Test worker] DEBUG org.apache.http.wire - http-outgoing-15 << "Content-Length: 0[\r][\n]"
11:45:32.675 [Test worker] DEBUG org.apache.http.wire - http-outgoing-15 << "Date: Thu, 21 Jan 2021 10:45:32 GMT[\r][\n]"
11:45:32.675 [Test worker] DEBUG org.apache.http.wire - http-outgoing-15 << "Keep-Alive: timeout=60[\r][\n]"
11:45:32.675 [Test worker] DEBUG org.apache.http.wire - http-outgoing-15 << "Connection: keep-alive[\r][\n]"
11:45:32.675 [Test worker] DEBUG org.apache.http.wire - http-outgoing-15 << "[\r][\n]"
11:45:32.675 [Test worker] DEBUG org.apache.http.headers - http-outgoing-15 << HTTP/1.1 302 
11:45:32.675 [Test worker] DEBUG org.apache.http.headers - http-outgoing-15 << Location: http://127.0.0.1:8080/list
11:45:32.675 [Test worker] DEBUG org.apache.http.headers - http-outgoing-15 << Content-Language: en-US
11:45:32.675 [Test worker] DEBUG org.apache.http.headers - http-outgoing-15 << Content-Length: 0
11:45:32.675 [Test worker] DEBUG org.apache.http.headers - http-outgoing-15 << Date: Thu, 21 Jan 2021 10:45:32 GMT
11:45:32.675 [Test worker] DEBUG org.apache.http.headers - http-outgoing-15 << Keep-Alive: timeout=60
11:45:32.675 [Test worker] DEBUG org.apache.http.headers - http-outgoing-15 << Connection: keep-alive
11:45:32.676 [Test worker] DEBUG org.apache.http.impl.execchain.MainClientExec - Connection can be kept alive for 60000 MILLISECONDS
11:45:32.676 [Test worker] DEBUG org.apache.http.impl.conn.PoolingHttpClientConnectionManager - Connection [id: 15][route: {}->http://127.0.0.1:8080] can be kept alive for 60.0 seconds
11:45:32.676 [Test worker] DEBUG org.apache.http.impl.conn.DefaultManagedHttpClientConnection - http-outgoing-15: set socket timeout to 0
11:45:32.676 [Test worker] DEBUG org.apache.http.impl.conn.PoolingHttpClientConnectionManager - Connection released: [id: 15][route: {}->http://127.0.0.1:8080][total available: 1; route allocated: 1 of 6; total allocated: 1 of 20]
11:45:32.676 [Test worker] DEBUG com.gargoylesoftware.htmlunit.WebClient - Got a redirect status code [302] new location = [http://127.0.0.1:8080/list]
11:45:32.676 [Test worker] DEBUG com.gargoylesoftware.htmlunit.WebClient - Load response for GET http://127.0.0.1:8080/list
11:45:32.677 [Test worker] DEBUG org.apache.http.client.protocol.RequestAddCookies - CookieSpec selected: mine
11:45:32.677 [Test worker] DEBUG org.apache.http.client.protocol.RequestAuthCache - Auth cache not set in the context
11:45:32.677 [Test worker] DEBUG org.apache.http.impl.conn.PoolingHttpClientConnectionManager - Connection request: [route: {}->http://127.0.0.1:8080][total available: 1; route allocated: 1 of 6; total allocated: 1 of 20]
11:45:32.677 [Test worker] DEBUG org.apache.http.impl.conn.PoolingHttpClientConnectionManager - Connection leased: [id: 15][route: {}->http://127.0.0.1:8080][total available: 0; route allocated: 1 of 6; total allocated: 1 of 20]
11:45:32.677 [Test worker] DEBUG org.apache.http.impl.conn.DefaultManagedHttpClientConnection - http-outgoing-15: set socket timeout to 0
11:45:32.677 [Test worker] DEBUG org.apache.http.impl.conn.DefaultManagedHttpClientConnection - http-outgoing-15: set socket timeout to 0
11:45:32.677 [Test worker] DEBUG org.apache.http.impl.execchain.MainClientExec - Executing request GET /list HTTP/1.1
11:45:32.677 [Test worker] DEBUG org.apache.http.impl.execchain.MainClientExec - Target auth state: UNCHALLENGED
11:45:32.677 [Test worker] DEBUG org.apache.http.impl.execchain.MainClientExec - Proxy auth state: UNCHALLENGED
11:45:32.677 [Test worker] DEBUG org.apache.http.headers - http-outgoing-15 >> GET /list HTTP/1.1
11:45:32.677 [Test worker] DEBUG org.apache.http.headers - http-outgoing-15 >> Host: 127.0.0.1:8080
11:45:32.677 [Test worker] DEBUG org.apache.http.headers - http-outgoing-15 >> User-Agent: Mozilla/5.0 (Windows NT 6.1; rv:38.0) Gecko/20100101 Firefox/38.0
11:45:32.677 [Test worker] DEBUG org.apache.http.headers - http-outgoing-15 >> Accept: text/html,application/xhtml+xml,application/xml;q=0.9,*/*;q=0.8
11:45:32.677 [Test worker] DEBUG org.apache.http.headers - http-outgoing-15 >> Accept-Language: en-US
11:45:32.677 [Test worker] DEBUG org.apache.http.headers - http-outgoing-15 >> Accept-Encoding: gzip, deflate
11:45:32.677 [Test worker] DEBUG org.apache.http.headers - http-outgoing-15 >> Referer: http://127.0.0.1:8080/list
11:45:32.677 [Test worker] DEBUG org.apache.http.headers - http-outgoing-15 >> Connection: Keep-Alive
11:45:32.677 [Test worker] DEBUG org.apache.http.wire - http-outgoing-15 >> "GET /list HTTP/1.1[\r][\n]"
11:45:32.677 [Test worker] DEBUG org.apache.http.wire - http-outgoing-15 >> "Host: 127.0.0.1:8080[\r][\n]"
11:45:32.677 [Test worker] DEBUG org.apache.http.wire - http-outgoing-15 >> "User-Agent: Mozilla/5.0 (Windows NT 6.1; rv:38.0) Gecko/20100101 Firefox/38.0[\r][\n]"
11:45:32.677 [Test worker] DEBUG org.apache.http.wire - http-outgoing-15 >> "Accept: text/html,application/xhtml+xml,application/xml;q=0.9,*/*;q=0.8[\r][\n]"
11:45:32.677 [Test worker] DEBUG org.apache.http.wire - http-outgoing-15 >> "Accept-Language: en-US[\r][\n]"
11:45:32.677 [Test worker] DEBUG org.apache.http.wire - http-outgoing-15 >> "Accept-Encoding: gzip, deflate[\r][\n]"
11:45:32.677 [Test worker] DEBUG org.apache.http.wire - http-outgoing-15 >> "Referer: http://127.0.0.1:8080/list[\r][\n]"
11:45:32.677 [Test worker] DEBUG org.apache.http.wire - http-outgoing-15 >> "Connection: Keep-Alive[\r][\n]"
11:45:32.677 [Test worker] DEBUG org.apache.http.wire - http-outgoing-15 >> "[\r][\n]"
11:45:32.682 [Test worker] DEBUG org.apache.http.wire - http-outgoing-15 << "HTTP/1.1 200 [\r][\n]"
11:45:32.682 [Test worker] DEBUG org.apache.http.wire - http-outgoing-15 << "Content-Type: text/html;charset=UTF-8[\r][\n]"
11:45:32.682 [Test worker] DEBUG org.apache.http.wire - http-outgoing-15 << "Content-Language: en-US[\r][\n]"
11:45:32.682 [Test worker] DEBUG org.apache.http.wire - http-outgoing-15 << "Transfer-Encoding: chunked[\r][\n]"
11:45:32.682 [Test worker] DEBUG org.apache.http.wire - http-outgoing-15 << "Date: Thu, 21 Jan 2021 10:45:32 GMT[\r][\n]"
11:45:32.682 [Test worker] DEBUG org.apache.http.wire - http-outgoing-15 << "Keep-Alive: timeout=60[\r][\n]"
11:45:32.682 [Test worker] DEBUG org.apache.http.wire - http-outgoing-15 << "Connection: keep-alive[\r][\n]"
11:45:32.682 [Test worker] DEBUG org.apache.http.wire - http-outgoing-15 << "[\r][\n]"
11:45:32.682 [Test worker] DEBUG org.apache.http.wire - http-outgoing-15 << "e04[\r][\n]"
11:45:32.682 [Test worker] DEBUG org.apache.http.wire - http-outgoing-15 << "<!DOCTYPE HTML>[\n]"
11:45:32.682 [Test worker] DEBUG org.apache.http.wire - http-outgoing-15 << "<html>[\n]"
11:45:32.682 [Test worker] DEBUG org.apache.http.wire - http-outgoing-15 << "<head>[\n]"
11:45:32.682 [Test worker] DEBUG org.apache.http.wire - http-outgoing-15 << "    <title>MVC Web application</title>[\n]"
11:45:32.682 [Test worker] DEBUG org.apache.http.wire - http-outgoing-15 << "    <meta http-equiv="Content-Type" content="text/html; charset=UTF-8" />[\n]"
11:45:32.682 [Test worker] DEBUG org.apache.http.wire - http-outgoing-15 << "</head>[\n]"
11:45:32.682 [Test worker] DEBUG org.apache.http.wire - http-outgoing-15 << "[\n]"
11:45:32.682 [Test worker] DEBUG org.apache.http.wire - http-outgoing-15 << "<body>[\n]"
11:45:32.683 [Test worker] DEBUG org.apache.http.wire - http-outgoing-15 << "<h1>Pazienti Ricoverati</h1>[\n]"
11:45:32.683 [Test worker] DEBUG org.apache.http.wire - http-outgoing-15 << "[\n]"
11:45:32.683 [Test worker] DEBUG org.apache.http.wire - http-outgoing-15 << "<table border="1" id="present" name="present">[\n]"
11:45:32.683 [Test worker] DEBUG org.apache.http.wire - http-outgoing-15 << "    <thead>[\n]"
11:45:32.683 [Test worker] DEBUG org.apache.http.wire - http-outgoing-15 << "    <tr>[\n]"
11:45:32.683 [Test worker] DEBUG org.apache.http.wire - http-outgoing-15 << "        <th>Id</th>[\n]"
11:45:32.683 [Test worker] DEBUG org.apache.http.wire - http-outgoing-15 << "        <th>Nome</th>[\n]"
11:45:32.683 [Test worker] DEBUG org.apache.http.wire - http-outgoing-15 << "        <th>Cognome</th>[\n]"
11:45:32.683 [Test worker] DEBUG org.apache.http.wire - http-outgoing-15 << "        <th>Data ricovero</th>[\n]"
11:45:32.683 [Test worker] DEBUG org.apache.http.wire - http-outgoing-15 << "        <th>Data dimissione</th>[\n]"
11:45:32.683 [Test worker] DEBUG org.apache.http.wire - http-outgoing-15 << "        <th>Mostra</th>[\n]"
11:45:32.683 [Test worker] DEBUG org.apache.http.wire - http-outgoing-15 << "        <th>Modifica</th>[\n]"
11:45:32.683 [Test worker] DEBUG org.apache.http.wire - http-outgoing-15 << "        <th>Dimetti</th>[\n]"
11:45:32.683 [Test worker] DEBUG org.apache.http.wire - http-outgoing-15 << "        <th>Cancella</th>[\n]"
11:45:32.683 [Test worker] DEBUG org.apache.http.wire - http-outgoing-15 << "        <th>Stampa</th>[\n]"
11:45:32.683 [Test worker] DEBUG org.apache.http.wire - http-outgoing-15 << "    </tr>[\n]"
11:45:32.683 [Test worker] DEBUG org.apache.http.wire - http-outgoing-15 << "    </thead>[\n]"
11:45:32.683 [Test worker] DEBUG org.apache.http.wire - http-outgoing-15 << "    <tbody>[\n]"
11:45:32.683 [Test worker] DEBUG org.apache.http.wire - http-outgoing-15 << "        <tr>[\n]"
11:45:32.683 [Test worker] DEBUG org.apache.http.wire - http-outgoing-15 << "            <td id="id">11</td>[\n]"
11:45:32.683 [Test worker] DEBUG org.apache.http.wire - http-outgoing-15 << "            <td style="text-align:center;">Michele</td>[\n]"
11:45:32.683 [Test worker] DEBUG org.apache.http.wire - http-outgoing-15 << "            <td id='lastName' style="text-align:center;">Bianchi</td>[\n]"
11:45:32.683 [Test worker] DEBUG org.apache.http.wire - http-outgoing-15 << "            <td style="text-align:center;">11/06/1993</td>[\n]"
11:45:32.683 [Test worker] DEBUG org.apache.http.wire - http-outgoing-15 << "            <td style="text-align:center;"></td>[\n]"
11:45:32.683 [Test worker] DEBUG org.apache.http.wire - http-outgoing-15 << "            <td> <a href="cartella?id=11" style="text-align:center;"> Cartella </a></td>[\n]"
11:45:32.683 [Test worker] DEBUG org.apache.http.wire - http-outgoing-15 << "            <td> <a href="edit?id=11" id="modifica" style="text-align:center;"> Modifica </a></td>[\n]"
11:45:32.683 [Test worker] DEBUG org.apache.http.wire - http-outgoing-15 << "            <td> <a href="dimetti?id=11" style="text-align:center;"> Dimetti </a></td>[\n]"
11:45:32.683 [Test worker] DEBUG org.apache.http.wire - http-outgoing-15 << "            <td> <a href="delete?id=11" id="cancella" style="text-align:center;"> Cancella </a></td>[\n]"
11:45:32.683 [Test worker] DEBUG org.apache.http.wire - http-outgoing-15 << "            <td><button><a href="print?id=11" style="text-align:center;text-decoration:none;"> Stampa scheda </a></button></td>[\n]"
11:45:32.683 [Test worker] DEBUG org.apache.http.wire - http-outgoing-15 << "        </tr>[\n]"
11:45:32.683 [Test worker] DEBUG org.apache.http.wire - http-outgoing-15 << "        </tbody>[\n]"
11:45:32.683 [Test worker] DEBUG org.apache.http.wire - http-outgoing-15 << "</table>[\n]"
11:45:32.683 [Test worker] DEBUG org.apache.http.wire - http-outgoing-15 << "[\n]"
11:45:32.683 [Test worker] DEBUG org.apache.http.wire - http-outgoing-15 << "<h1>Pazienti Dimessi</h1>[\n]"
11:45:32.683 [Test worker] DEBUG org.apache.http.wire - http-outgoing-15 << "<table border="1" id="discharged" name="discharged">[\n]"
11:45:32.683 [Test worker] DEBUG org.apache.http.wire - http-outgoing-15 << "    <thead>[\n]"
11:45:32.683 [Test worker] DEBUG org.apache.http.wire - http-outgoing-15 << "    <tr>[\n]"
11:45:32.683 [Test worker] DEBUG org.apache.http.wire - http-outgoing-15 << "        <th>Id</th>[\n]"
11:45:32.683 [Test worker] DEBUG org.apache.http.wire - http-outgoing-15 << "        <th>Nome</th>[\n]"
11:45:32.683 [Test worker] DEBUG org.apache.http.wire - http-outgoing-15 << "        <th>Cognome</th>[\n]"
11:45:32.683 [Test worker] DEBUG org.apache.http.wire - http-outgoing-15 << "        <th>Data Ricovero</th>[\n]"
11:45:32.683 [Test worker] DEBUG org.apache.http.wire - http-outgoing-15 << "        <th>Data Dimissione</th>[\n]"
11:45:32.683 [Test worker] DEBUG org.apache.http.wire - http-outgoing-15 << "        <th>Cartella</th>[\n]"
11:45:32.683 [Test worker] DEBUG org.apache.http.wire - http-outgoing-15 << "        <th>Modifica</th>[\n]"
11:45:32.683 [Test worker] DEBUG org.apache.http.wire - http-outgoing-15 << "        <th>Cancella</th>[\n]"
11:45:32.683 [Test worker] DEBUG org.apache.http.wire - http-outgoing-15 << "        <th>Stampa</th>[\n]"
11:45:32.683 [Test worker] DEBUG org.apache.http.wire - http-outgoing-15 << "    </tr>[\n]"
11:45:32.683 [Test worker] DEBUG org.apache.http.wire - http-outgoing-15 << "    </thead>[\n]"
11:45:32.683 [Test worker] DEBUG org.apache.http.wire - http-outgoing-15 << "    <tbody>[\n]"
11:45:32.683 [Test worker] DEBUG org.apache.http.wire - http-outgoing-15 << "    <tr>[\n]"
11:45:32.683 [Test worker] DEBUG org.apache.http.wire - http-outgoing-15 << "        <td id="idDischarged">1</td>[\n]"
11:45:32.683 [Test worker] DEBUG org.apache.http.wire - http-outgoing-15 << "        <td style="text-align:center;">Michele</td>[\n]"
11:45:32.683 [Test worker] DEBUG org.apache.http.wire - http-outgoing-15 << "        <td id='lastNameDischarged' style="text-align:center;">Bianchi</td>[\n]"
11:45:32.683 [Test worker] DEBUG org.apache.http.wire - http-outgoing-15 << "        <td style="text-align:center;">11/06/1993</td>[\n]"
11:45:32.683 [Test worker] DEBUG org.apache.http.wire - http-outgoing-15 << "        <td style="text-align:center;">21/01/2021</td>[\n]"
11:45:32.683 [Test worker] DEBUG org.apache.http.wire - http-outgoing-15 << "        <td> <a href="cartella?id=1" style="text-align:center;"> Cartella </a></td>[\n]"
11:45:32.683 [Test worker] DEBUG org.apache.http.wire - http-outgoing-15 << "        <td> <a id="modificaDischarged" style="text-align:center; cursor:not-allowed; pointer-events:none; color:grey;"> Modifica </a></td>[\n]"
11:45:32.683 [Test worker] DEBUG org.apache.http.wire - http-outgoing-15 << "        <td> <a id="cancellaDischarged" style="text-align:center; cursor:not-allowed; pointer-events:none; color:grey;"> Cancella </a></td>[\n]"
11:45:32.683 [Test worker] DEBUG org.apache.http.wire - http-outgoing-15 << "        <td><button><a href="print?id=1" style="text-align:center;text-decoration:none;"> Stampa scheda </a></button></td>[\n]"
11:45:32.683 [Test worker] DEBUG org.apache.http.wire - http-outgoing-15 << "    </tr>[\n]"
11:45:32.683 [Test worker] DEBUG org.apache.http.wire - http-outgoing-15 << "    <tr>[\n]"
11:45:32.683 [Test worker] DEBUG org.apache.http.wire - http-outgoing-15 << "        <td id="idDischarged">9</td>[\n]"
11:45:32.683 [Test worker] DEBUG org.apache.http.wire - http-outgoing-15 << "        <td style="text-align:center;">Michele</td>[\n]"
11:45:32.683 [Test worker] DEBUG org.apache.http.wire - http-outgoing-15 << "        <td id='lastNameDischarged' style="text-align:center;">Bianchi</td>[\n]"
11:45:32.683 [Test worker] DEBUG org.apache.http.wire - http-outgoing-15 << "        <td style="text-align:center;">11/06/1993</td>[\n]"
11:45:32.683 [Test worker] DEBUG org.apache.http.wire - http-outgoing-15 << "        <td style="text-align:center;">21/01/2021</td>[\n]"
11:45:32.683 [Test worker] DEBUG org.apache.http.wire - http-outgoing-15 << "        <td> <a href="cartella?id=9" style="text-align:center;"> Cartella </a></td>[\n]"
11:45:32.683 [Test worker] DEBUG org.apache.http.wire - http-outgoing-15 << "        <td> <a id="modificaDischarged" style="text-align:center; cursor:not-allowed; pointer-events:none; color:grey;"> Modifica </a></td>[\n]"
11:45:32.683 [Test worker] DEBUG org.apache.http.wire - http-outgoing-15 << "        <td> <a id="cancellaDischarged" style="text-align:center; cursor:not-allowed; pointer-events:none; color:grey;"> Cancella </a></td>[\n]"
11:45:32.683 [Test worker] DEBUG org.apache.http.wire - http-outgoing-15 << "        <td><button><a href="print?id=9" style="text-align:center;text-decoration:none;"> Stampa scheda </a></button></td>[\n]"
11:45:32.683 [Test worker] DEBUG org.apache.http.wire - http-outgoing-15 << "    </tr>[\n]"
11:45:32.683 [Test worker] DEBUG org.apache.http.wire - http-outgoing-15 << "    </tbody>[\n]"
11:45:32.683 [Test worker] DEBUG org.apache.http.wire - http-outgoing-15 << "</table>[\n]"
11:45:32.683 [Test worker] DEBUG org.apache.http.wire - http-outgoing-15 << "<br>[\n]"
11:45:32.683 [Test worker] DEBUG org.apache.http.wire - http-outgoing-15 << "<button><a href="input" style="text-decoration:none;">Registra un paziente</a></button>[\n]"
11:45:32.683 [Test worker] DEBUG org.apache.http.wire - http-outgoing-15 << "<br>[\n]"
11:45:32.683 [Test worker] DEBUG org.apache.http.wire - http-outgoing-15 << "<br>[\n]"
11:45:32.683 [Test worker] DEBUG org.apache.http.wire - http-outgoing-15 << "[\n]"
11:45:32.683 [Test worker] DEBUG org.apache.http.wire - http-outgoing-15 << "<form action="search" method="post">[\n]"
11:45:32.683 [Test worker] DEBUG org.apache.http.wire - http-outgoing-15 << "    Cognome Paziente: <input type="text" name="lastName"/>[\n]"
11:45:32.683 [Test worker] DEBUG org.apache.http.wire - http-outgoing-15 << "    <input type="submit" value="Cerca"/>[\n]"
11:45:32.683 [Test worker] DEBUG org.apache.http.wire - http-outgoing-15 << "</form>[\n]"
11:45:32.683 [Test worker] DEBUG org.apache.http.wire - http-outgoing-15 << "</body>[\n]"
11:45:32.683 [Test worker] DEBUG org.apache.http.wire - http-outgoing-15 << "</html>[\r][\n]"
11:45:32.683 [Test worker] DEBUG org.apache.http.headers - http-outgoing-15 << HTTP/1.1 200 
11:45:32.683 [Test worker] DEBUG org.apache.http.headers - http-outgoing-15 << Content-Type: text/html;charset=UTF-8
11:45:32.683 [Test worker] DEBUG org.apache.http.headers - http-outgoing-15 << Content-Language: en-US
11:45:32.683 [Test worker] DEBUG org.apache.http.headers - http-outgoing-15 << Transfer-Encoding: chunked
11:45:32.683 [Test worker] DEBUG org.apache.http.headers - http-outgoing-15 << Date: Thu, 21 Jan 2021 10:45:32 GMT
11:45:32.683 [Test worker] DEBUG org.apache.http.headers - http-outgoing-15 << Keep-Alive: timeout=60
11:45:32.683 [Test worker] DEBUG org.apache.http.headers - http-outgoing-15 << Connection: keep-alive
11:45:32.684 [Test worker] DEBUG org.apache.http.impl.execchain.MainClientExec - Connection can be kept alive for 60000 MILLISECONDS
11:45:32.684 [Test worker] DEBUG org.apache.http.wire - http-outgoing-15 << "0[\r][\n]"
11:45:32.684 [Test worker] DEBUG org.apache.http.wire - http-outgoing-15 << "[\r][\n]"
11:45:32.684 [Test worker] DEBUG org.apache.http.impl.conn.PoolingHttpClientConnectionManager - Connection [id: 15][route: {}->http://127.0.0.1:8080] can be kept alive for 60.0 seconds
11:45:32.684 [Test worker] DEBUG org.apache.http.impl.conn.DefaultManagedHttpClientConnection - http-outgoing-15: set socket timeout to 0
11:45:32.684 [Test worker] DEBUG org.apache.http.impl.conn.PoolingHttpClientConnectionManager - Connection released: [id: 15][route: {}->http://127.0.0.1:8080][total available: 1; route allocated: 1 of 6; total allocated: 1 of 20]
11:45:32.684 [Test worker] DEBUG com.gargoylesoftware.htmlunit.html.DomElement - Firing Event unload (Current Target: HTMLElement for HtmlHtml[<html>]);
11:45:32.684 [Test worker] DEBUG com.gargoylesoftware.htmlunit.WebWindowImpl - setEnclosedPage: HtmlPage(http://127.0.0.1:8080/list)@994229344
11:45:32.684 [Test worker] DEBUG com.gargoylesoftware.htmlunit.WebWindowImpl - destroyChildren
11:45:32.688 [Test worker] DEBUG com.gargoylesoftware.htmlunit.util.EncodingSniffer - Encoding found in HTTP headers: 'UTF-8'.
11:45:32.690 [Test worker] DEBUG net.sourceforge.jwebunit.htmlunit.HtmlUnitTestingEngineImpl - Window "" changed : "MVC Web application" became "MVC Web application
11:45:32.690 [Test worker] DEBUG com.gargoylesoftware.htmlunit.html.DomElement - Firing Event DOMContentLoaded (Current Target: HTMLElement for HtmlHtml[<html>]);
11:45:32.690 [Test worker] DEBUG com.gargoylesoftware.htmlunit.html.DomElement - Firing Event load (Current Target: HTMLElement for HtmlHtml[<html>]);
11:45:32.694 [Test worker] DEBUG com.gargoylesoftware.htmlunit.html.DomElement - Firing Event mousedown (Current Target: HTMLElement for HtmlAnchor[<a href="delete?id=11" id="cancella" style="text-align:center;">]);
11:45:32.694 [Test worker] DEBUG com.gargoylesoftware.htmlunit.html.DomElement - Firing Event focus (Current Target: HTMLElement for HtmlAnchor[<a href="delete?id=11" id="cancella" style="text-align:center;">]);
11:45:32.694 [Test worker] DEBUG com.gargoylesoftware.htmlunit.html.DomElement - Firing Event mouseup (Current Target: HTMLElement for HtmlAnchor[<a href="delete?id=11" id="cancella" style="text-align:center;">]);
11:45:32.694 [Test worker] DEBUG com.gargoylesoftware.htmlunit.html.DomElement - Firing Event click (Current Target: HTMLElement for HtmlAnchor[<a href="delete?id=11" id="cancella" style="text-align:center;">]);
11:45:32.694 [Test worker] DEBUG com.gargoylesoftware.htmlunit.html.HtmlAnchor - do click action in window '', using href 'delete?id=11'
11:45:32.694 [Test worker] DEBUG com.gargoylesoftware.htmlunit.util.EncodingSniffer - Encoding found in HTTP headers: 'UTF-8'.
11:45:32.694 [Test worker] DEBUG com.gargoylesoftware.htmlunit.html.HtmlAnchor - Getting page for http://127.0.0.1:8080/delete?id=11, derived from href 'delete?id=11', using the originating URL http://127.0.0.1:8080/list
11:45:32.694 [Test worker] DEBUG com.gargoylesoftware.htmlunit.html.DomElement - Firing Event beforeunload (Current Target: HTMLElement for HtmlHtml[<html>]);
11:45:32.694 [Test worker] DEBUG com.gargoylesoftware.htmlunit.WebClient - Load response for GET http://127.0.0.1:8080/delete?id=11
11:45:32.695 [Test worker] DEBUG org.apache.http.client.protocol.RequestAddCookies - CookieSpec selected: mine
11:45:32.695 [Test worker] DEBUG org.apache.http.client.protocol.RequestAuthCache - Auth cache not set in the context
11:45:32.695 [Test worker] DEBUG org.apache.http.impl.conn.PoolingHttpClientConnectionManager - Connection request: [route: {}->http://127.0.0.1:8080][total available: 1; route allocated: 1 of 6; total allocated: 1 of 20]
11:45:32.696 [Test worker] DEBUG org.apache.http.impl.conn.PoolingHttpClientConnectionManager - Connection leased: [id: 15][route: {}->http://127.0.0.1:8080][total available: 0; route allocated: 1 of 6; total allocated: 1 of 20]
11:45:32.696 [Test worker] DEBUG org.apache.http.impl.conn.DefaultManagedHttpClientConnection - http-outgoing-15: set socket timeout to 0
11:45:32.696 [Test worker] DEBUG org.apache.http.impl.conn.DefaultManagedHttpClientConnection - http-outgoing-15: set socket timeout to 0
11:45:32.696 [Test worker] DEBUG org.apache.http.impl.execchain.MainClientExec - Executing request GET /delete?id=11 HTTP/1.1
11:45:32.696 [Test worker] DEBUG org.apache.http.impl.execchain.MainClientExec - Target auth state: UNCHALLENGED
11:45:32.696 [Test worker] DEBUG org.apache.http.impl.execchain.MainClientExec - Proxy auth state: UNCHALLENGED
11:45:32.696 [Test worker] DEBUG org.apache.http.headers - http-outgoing-15 >> GET /delete?id=11 HTTP/1.1
11:45:32.696 [Test worker] DEBUG org.apache.http.headers - http-outgoing-15 >> Host: 127.0.0.1:8080
11:45:32.696 [Test worker] DEBUG org.apache.http.headers - http-outgoing-15 >> User-Agent: Mozilla/5.0 (Windows NT 6.1; rv:38.0) Gecko/20100101 Firefox/38.0
11:45:32.696 [Test worker] DEBUG org.apache.http.headers - http-outgoing-15 >> Accept: text/html,application/xhtml+xml,application/xml;q=0.9,*/*;q=0.8
11:45:32.696 [Test worker] DEBUG org.apache.http.headers - http-outgoing-15 >> Accept-Language: en-US
11:45:32.696 [Test worker] DEBUG org.apache.http.headers - http-outgoing-15 >> Accept-Encoding: gzip, deflate
11:45:32.696 [Test worker] DEBUG org.apache.http.headers - http-outgoing-15 >> Referer: http://127.0.0.1:8080/list
11:45:32.696 [Test worker] DEBUG org.apache.http.headers - http-outgoing-15 >> Connection: Keep-Alive
11:45:32.696 [Test worker] DEBUG org.apache.http.wire - http-outgoing-15 >> "GET /delete?id=11 HTTP/1.1[\r][\n]"
11:45:32.696 [Test worker] DEBUG org.apache.http.wire - http-outgoing-15 >> "Host: 127.0.0.1:8080[\r][\n]"
11:45:32.696 [Test worker] DEBUG org.apache.http.wire - http-outgoing-15 >> "User-Agent: Mozilla/5.0 (Windows NT 6.1; rv:38.0) Gecko/20100101 Firefox/38.0[\r][\n]"
11:45:32.696 [Test worker] DEBUG org.apache.http.wire - http-outgoing-15 >> "Accept: text/html,application/xhtml+xml,application/xml;q=0.9,*/*;q=0.8[\r][\n]"
11:45:32.696 [Test worker] DEBUG org.apache.http.wire - http-outgoing-15 >> "Accept-Language: en-US[\r][\n]"
11:45:32.696 [Test worker] DEBUG org.apache.http.wire - http-outgoing-15 >> "Accept-Encoding: gzip, deflate[\r][\n]"
11:45:32.696 [Test worker] DEBUG org.apache.http.wire - http-outgoing-15 >> "Referer: http://127.0.0.1:8080/list[\r][\n]"
11:45:32.696 [Test worker] DEBUG org.apache.http.wire - http-outgoing-15 >> "Connection: Keep-Alive[\r][\n]"
11:45:32.696 [Test worker] DEBUG org.apache.http.wire - http-outgoing-15 >> "[\r][\n]"
11:45:32.701 [Test worker] DEBUG org.apache.http.wire - http-outgoing-15 << "HTTP/1.1 302 [\r][\n]"
11:45:32.701 [Test worker] DEBUG org.apache.http.wire - http-outgoing-15 << "Location: http://127.0.0.1:8080/list[\r][\n]"
11:45:32.701 [Test worker] DEBUG org.apache.http.wire - http-outgoing-15 << "Content-Language: en-US[\r][\n]"
11:45:32.701 [Test worker] DEBUG org.apache.http.wire - http-outgoing-15 << "Content-Length: 0[\r][\n]"
11:45:32.701 [Test worker] DEBUG org.apache.http.wire - http-outgoing-15 << "Date: Thu, 21 Jan 2021 10:45:32 GMT[\r][\n]"
11:45:32.701 [Test worker] DEBUG org.apache.http.wire - http-outgoing-15 << "Keep-Alive: timeout=60[\r][\n]"
11:45:32.701 [Test worker] DEBUG org.apache.http.wire - http-outgoing-15 << "Connection: keep-alive[\r][\n]"
11:45:32.701 [Test worker] DEBUG org.apache.http.wire - http-outgoing-15 << "[\r][\n]"
11:45:32.701 [Test worker] DEBUG org.apache.http.headers - http-outgoing-15 << HTTP/1.1 302 
11:45:32.701 [Test worker] DEBUG org.apache.http.headers - http-outgoing-15 << Location: http://127.0.0.1:8080/list
11:45:32.701 [Test worker] DEBUG org.apache.http.headers - http-outgoing-15 << Content-Language: en-US
11:45:32.701 [Test worker] DEBUG org.apache.http.headers - http-outgoing-15 << Content-Length: 0
11:45:32.701 [Test worker] DEBUG org.apache.http.headers - http-outgoing-15 << Date: Thu, 21 Jan 2021 10:45:32 GMT
11:45:32.701 [Test worker] DEBUG org.apache.http.headers - http-outgoing-15 << Keep-Alive: timeout=60
11:45:32.701 [Test worker] DEBUG org.apache.http.headers - http-outgoing-15 << Connection: keep-alive
11:45:32.701 [Test worker] DEBUG org.apache.http.impl.execchain.MainClientExec - Connection can be kept alive for 60000 MILLISECONDS
11:45:32.701 [Test worker] DEBUG org.apache.http.impl.conn.PoolingHttpClientConnectionManager - Connection [id: 15][route: {}->http://127.0.0.1:8080] can be kept alive for 60.0 seconds
11:45:32.701 [Test worker] DEBUG org.apache.http.impl.conn.DefaultManagedHttpClientConnection - http-outgoing-15: set socket timeout to 0
11:45:32.701 [Test worker] DEBUG org.apache.http.impl.conn.PoolingHttpClientConnectionManager - Connection released: [id: 15][route: {}->http://127.0.0.1:8080][total available: 1; route allocated: 1 of 6; total allocated: 1 of 20]
11:45:32.701 [Test worker] DEBUG com.gargoylesoftware.htmlunit.WebClient - Got a redirect status code [302] new location = [http://127.0.0.1:8080/list]
11:45:32.701 [Test worker] DEBUG com.gargoylesoftware.htmlunit.WebClient - Load response for GET http://127.0.0.1:8080/list
11:45:32.702 [Test worker] DEBUG org.apache.http.client.protocol.RequestAddCookies - CookieSpec selected: mine
11:45:32.703 [Test worker] DEBUG org.apache.http.client.protocol.RequestAuthCache - Auth cache not set in the context
11:45:32.703 [Test worker] DEBUG org.apache.http.impl.conn.PoolingHttpClientConnectionManager - Connection request: [route: {}->http://127.0.0.1:8080][total available: 1; route allocated: 1 of 6; total allocated: 1 of 20]
11:45:32.703 [Test worker] DEBUG org.apache.http.impl.conn.PoolingHttpClientConnectionManager - Connection leased: [id: 15][route: {}->http://127.0.0.1:8080][total available: 0; route allocated: 1 of 6; total allocated: 1 of 20]
11:45:32.703 [Test worker] DEBUG org.apache.http.impl.conn.DefaultManagedHttpClientConnection - http-outgoing-15: set socket timeout to 0
11:45:32.703 [Test worker] DEBUG org.apache.http.impl.conn.DefaultManagedHttpClientConnection - http-outgoing-15: set socket timeout to 0
11:45:32.703 [Test worker] DEBUG org.apache.http.impl.execchain.MainClientExec - Executing request GET /list HTTP/1.1
11:45:32.703 [Test worker] DEBUG org.apache.http.impl.execchain.MainClientExec - Target auth state: UNCHALLENGED
11:45:32.703 [Test worker] DEBUG org.apache.http.impl.execchain.MainClientExec - Proxy auth state: UNCHALLENGED
11:45:32.703 [Test worker] DEBUG org.apache.http.headers - http-outgoing-15 >> GET /list HTTP/1.1
11:45:32.703 [Test worker] DEBUG org.apache.http.headers - http-outgoing-15 >> Host: 127.0.0.1:8080
11:45:32.703 [Test worker] DEBUG org.apache.http.headers - http-outgoing-15 >> User-Agent: Mozilla/5.0 (Windows NT 6.1; rv:38.0) Gecko/20100101 Firefox/38.0
11:45:32.703 [Test worker] DEBUG org.apache.http.headers - http-outgoing-15 >> Accept: text/html,application/xhtml+xml,application/xml;q=0.9,*/*;q=0.8
11:45:32.703 [Test worker] DEBUG org.apache.http.headers - http-outgoing-15 >> Accept-Language: en-US
11:45:32.703 [Test worker] DEBUG org.apache.http.headers - http-outgoing-15 >> Accept-Encoding: gzip, deflate
11:45:32.703 [Test worker] DEBUG org.apache.http.headers - http-outgoing-15 >> Referer: http://127.0.0.1:8080/list
11:45:32.703 [Test worker] DEBUG org.apache.http.headers - http-outgoing-15 >> Connection: Keep-Alive
11:45:32.703 [Test worker] DEBUG org.apache.http.wire - http-outgoing-15 >> "GET /list HTTP/1.1[\r][\n]"
11:45:32.703 [Test worker] DEBUG org.apache.http.wire - http-outgoing-15 >> "Host: 127.0.0.1:8080[\r][\n]"
11:45:32.703 [Test worker] DEBUG org.apache.http.wire - http-outgoing-15 >> "User-Agent: Mozilla/5.0 (Windows NT 6.1; rv:38.0) Gecko/20100101 Firefox/38.0[\r][\n]"
11:45:32.703 [Test worker] DEBUG org.apache.http.wire - http-outgoing-15 >> "Accept: text/html,application/xhtml+xml,application/xml;q=0.9,*/*;q=0.8[\r][\n]"
11:45:32.703 [Test worker] DEBUG org.apache.http.wire - http-outgoing-15 >> "Accept-Language: en-US[\r][\n]"
11:45:32.703 [Test worker] DEBUG org.apache.http.wire - http-outgoing-15 >> "Accept-Encoding: gzip, deflate[\r][\n]"
11:45:32.703 [Test worker] DEBUG org.apache.http.wire - http-outgoing-15 >> "Referer: http://127.0.0.1:8080/list[\r][\n]"
11:45:32.703 [Test worker] DEBUG org.apache.http.wire - http-outgoing-15 >> "Connection: Keep-Alive[\r][\n]"
11:45:32.703 [Test worker] DEBUG org.apache.http.wire - http-outgoing-15 >> "[\r][\n]"
11:45:32.708 [Test worker] DEBUG org.apache.http.wire - http-outgoing-15 << "HTTP/1.1 200 [\r][\n]"
11:45:32.708 [Test worker] DEBUG org.apache.http.wire - http-outgoing-15 << "Content-Type: text/html;charset=UTF-8[\r][\n]"
11:45:32.708 [Test worker] DEBUG org.apache.http.wire - http-outgoing-15 << "Content-Language: en-US[\r][\n]"
11:45:32.708 [Test worker] DEBUG org.apache.http.wire - http-outgoing-15 << "Transfer-Encoding: chunked[\r][\n]"
11:45:32.708 [Test worker] DEBUG org.apache.http.wire - http-outgoing-15 << "Date: Thu, 21 Jan 2021 10:45:32 GMT[\r][\n]"
11:45:32.708 [Test worker] DEBUG org.apache.http.wire - http-outgoing-15 << "Keep-Alive: timeout=60[\r][\n]"
11:45:32.708 [Test worker] DEBUG org.apache.http.wire - http-outgoing-15 << "Connection: keep-alive[\r][\n]"
11:45:32.708 [Test worker] DEBUG org.apache.http.wire - http-outgoing-15 << "[\r][\n]"
11:45:32.708 [Test worker] DEBUG org.apache.http.wire - http-outgoing-15 << "af0[\r][\n]"
11:45:32.708 [Test worker] DEBUG org.apache.http.wire - http-outgoing-15 << "<!DOCTYPE HTML>[\n]"
11:45:32.708 [Test worker] DEBUG org.apache.http.wire - http-outgoing-15 << "<html>[\n]"
11:45:32.708 [Test worker] DEBUG org.apache.http.wire - http-outgoing-15 << "<head>[\n]"
11:45:32.708 [Test worker] DEBUG org.apache.http.wire - http-outgoing-15 << "    <title>MVC Web application</title>[\n]"
11:45:32.708 [Test worker] DEBUG org.apache.http.wire - http-outgoing-15 << "    <meta http-equiv="Content-Type" content="text/html; charset=UTF-8" />[\n]"
11:45:32.708 [Test worker] DEBUG org.apache.http.wire - http-outgoing-15 << "</head>[\n]"
11:45:32.708 [Test worker] DEBUG org.apache.http.wire - http-outgoing-15 << "[\n]"
11:45:32.708 [Test worker] DEBUG org.apache.http.wire - http-outgoing-15 << "<body>[\n]"
11:45:32.708 [Test worker] DEBUG org.apache.http.wire - http-outgoing-15 << "<h1>Pazienti Ricoverati</h1>[\n]"
11:45:32.708 [Test worker] DEBUG org.apache.http.wire - http-outgoing-15 << "[\n]"
11:45:32.708 [Test worker] DEBUG org.apache.http.wire - http-outgoing-15 << "<table border="1" id="present" name="present">[\n]"
11:45:32.708 [Test worker] DEBUG org.apache.http.wire - http-outgoing-15 << "    <thead>[\n]"
11:45:32.708 [Test worker] DEBUG org.apache.http.wire - http-outgoing-15 << "    <tr>[\n]"
11:45:32.708 [Test worker] DEBUG org.apache.http.wire - http-outgoing-15 << "        <th>Id</th>[\n]"
11:45:32.708 [Test worker] DEBUG org.apache.http.wire - http-outgoing-15 << "        <th>Nome</th>[\n]"
11:45:32.708 [Test worker] DEBUG org.apache.http.wire - http-outgoing-15 << "        <th>Cognome</th>[\n]"
11:45:32.708 [Test worker] DEBUG org.apache.http.wire - http-outgoing-15 << "        <th>Data ricovero</th>[\n]"
11:45:32.708 [Test worker] DEBUG org.apache.http.wire - http-outgoing-15 << "        <th>Data dimissione</th>[\n]"
11:45:32.708 [Test worker] DEBUG org.apache.http.wire - http-outgoing-15 << "        <th>Mostra</th>[\n]"
11:45:32.708 [Test worker] DEBUG org.apache.http.wire - http-outgoing-15 << "        <th>Modifica</th>[\n]"
11:45:32.708 [Test worker] DEBUG org.apache.http.wire - http-outgoing-15 << "        <th>Dimetti</th>[\n]"
11:45:32.708 [Test worker] DEBUG org.apache.http.wire - http-outgoing-15 << "        <th>Cancella</th>[\n]"
11:45:32.708 [Test worker] DEBUG org.apache.http.wire - http-outgoing-15 << "        <th>Stampa</th>[\n]"
11:45:32.708 [Test worker] DEBUG org.apache.http.wire - http-outgoing-15 << "    </tr>[\n]"
11:45:32.708 [Test worker] DEBUG org.apache.http.wire - http-outgoing-15 << "    </thead>[\n]"
11:45:32.708 [Test worker] DEBUG org.apache.http.wire - http-outgoing-15 << "    <tbody>[\n]"
11:45:32.708 [Test worker] DEBUG org.apache.http.wire - http-outgoing-15 << "        [\n]"
11:45:32.708 [Test worker] DEBUG org.apache.http.wire - http-outgoing-15 << "        </tbody>[\n]"
11:45:32.708 [Test worker] DEBUG org.apache.http.wire - http-outgoing-15 << "</table>[\n]"
11:45:32.708 [Test worker] DEBUG org.apache.http.wire - http-outgoing-15 << "[\n]"
11:45:32.708 [Test worker] DEBUG org.apache.http.wire - http-outgoing-15 << "<h1>Pazienti Dimessi</h1>[\n]"
11:45:32.708 [Test worker] DEBUG org.apache.http.wire - http-outgoing-15 << "<table border="1" id="discharged" name="discharged">[\n]"
11:45:32.708 [Test worker] DEBUG org.apache.http.wire - http-outgoing-15 << "    <thead>[\n]"
11:45:32.708 [Test worker] DEBUG org.apache.http.wire - http-outgoing-15 << "    <tr>[\n]"
11:45:32.708 [Test worker] DEBUG org.apache.http.wire - http-outgoing-15 << "        <th>Id</th>[\n]"
11:45:32.708 [Test worker] DEBUG org.apache.http.wire - http-outgoing-15 << "        <th>Nome</th>[\n]"
11:45:32.708 [Test worker] DEBUG org.apache.http.wire - http-outgoing-15 << "        <th>Cognome</th>[\n]"
11:45:32.708 [Test worker] DEBUG org.apache.http.wire - http-outgoing-15 << "        <th>Data Ricovero</th>[\n]"
11:45:32.708 [Test worker] DEBUG org.apache.http.wire - http-outgoing-15 << "        <th>Data Dimissione</th>[\n]"
11:45:32.709 [Test worker] DEBUG org.apache.http.wire - http-outgoing-15 << "        <th>Cartella</th>[\n]"
11:45:32.709 [Test worker] DEBUG org.apache.http.wire - http-outgoing-15 << "        <th>Modifica</th>[\n]"
11:45:32.709 [Test worker] DEBUG org.apache.http.wire - http-outgoing-15 << "        <th>Cancella</th>[\n]"
11:45:32.709 [Test worker] DEBUG org.apache.http.wire - http-outgoing-15 << "        <th>Stampa</th>[\n]"
11:45:32.709 [Test worker] DEBUG org.apache.http.wire - http-outgoing-15 << "    </tr>[\n]"
11:45:32.709 [Test worker] DEBUG org.apache.http.wire - http-outgoing-15 << "    </thead>[\n]"
11:45:32.709 [Test worker] DEBUG org.apache.http.wire - http-outgoing-15 << "    <tbody>[\n]"
11:45:32.709 [Test worker] DEBUG org.apache.http.wire - http-outgoing-15 << "    <tr>[\n]"
11:45:32.709 [Test worker] DEBUG org.apache.http.wire - http-outgoing-15 << "        <td id="idDischarged">1</td>[\n]"
11:45:32.709 [Test worker] DEBUG org.apache.http.wire - http-outgoing-15 << "        <td style="text-align:center;">Michele</td>[\n]"
11:45:32.709 [Test worker] DEBUG org.apache.http.wire - http-outgoing-15 << "        <td id='lastNameDischarged' style="text-align:center;">Bianchi</td>[\n]"
11:45:32.709 [Test worker] DEBUG org.apache.http.wire - http-outgoing-15 << "        <td style="text-align:center;">11/06/1993</td>[\n]"
11:45:32.709 [Test worker] DEBUG org.apache.http.wire - http-outgoing-15 << "        <td style="text-align:center;">21/01/2021</td>[\n]"
11:45:32.709 [Test worker] DEBUG org.apache.http.wire - http-outgoing-15 << "        <td> <a href="cartella?id=1" style="text-align:center;"> Cartella </a></td>[\n]"
11:45:32.709 [Test worker] DEBUG org.apache.http.wire - http-outgoing-15 << "        <td> <a id="modificaDischarged" style="text-align:center; cursor:not-allowed; pointer-events:none; color:grey;"> Modifica </a></td>[\n]"
11:45:32.709 [Test worker] DEBUG org.apache.http.wire - http-outgoing-15 << "        <td> <a id="cancellaDischarged" style="text-align:center; cursor:not-allowed; pointer-events:none; color:grey;"> Cancella </a></td>[\n]"
11:45:32.709 [Test worker] DEBUG org.apache.http.wire - http-outgoing-15 << "        <td><button><a href="print?id=1" style="text-align:center;text-decoration:none;"> Stampa scheda </a></button></td>[\n]"
11:45:32.709 [Test worker] DEBUG org.apache.http.wire - http-outgoing-15 << "    </tr>[\n]"
11:45:32.709 [Test worker] DEBUG org.apache.http.wire - http-outgoing-15 << "    <tr>[\n]"
11:45:32.709 [Test worker] DEBUG org.apache.http.wire - http-outgoing-15 << "        <td id="idDischarged">9</td>[\n]"
11:45:32.709 [Test worker] DEBUG org.apache.http.wire - http-outgoing-15 << "        <td style="text-align:center;">Michele</td>[\n]"
11:45:32.709 [Test worker] DEBUG org.apache.http.wire - http-outgoing-15 << "        <td id='lastNameDischarged' style="text-align:center;">Bianchi</td>[\n]"
11:45:32.709 [Test worker] DEBUG org.apache.http.wire - http-outgoing-15 << "        <td style="text-align:center;">11/06/1993</td>[\n]"
11:45:32.709 [Test worker] DEBUG org.apache.http.wire - http-outgoing-15 << "        <td style="text-align:center;">21/01/2021</td>[\n]"
11:45:32.709 [Test worker] DEBUG org.apache.http.wire - http-outgoing-15 << "        <td> <a href="cartella?id=9" style="text-align:center;"> Cartella </a></td>[\n]"
11:45:32.709 [Test worker] DEBUG org.apache.http.wire - http-outgoing-15 << "        <td> <a id="modificaDischarged" style="text-align:center; cursor:not-allowed; pointer-events:none; color:grey;"> Modifica </a></td>[\n]"
11:45:32.709 [Test worker] DEBUG org.apache.http.wire - http-outgoing-15 << "        <td> <a id="cancellaDischarged" style="text-align:center; cursor:not-allowed; pointer-events:none; color:grey;"> Cancella </a></td>[\n]"
11:45:32.709 [Test worker] DEBUG org.apache.http.wire - http-outgoing-15 << "        <td><button><a href="print?id=9" style="text-align:center;text-decoration:none;"> Stampa scheda </a></button></td>[\n]"
11:45:32.709 [Test worker] DEBUG org.apache.http.wire - http-outgoing-15 << "    </tr>[\n]"
11:45:32.709 [Test worker] DEBUG org.apache.http.wire - http-outgoing-15 << "    </tbody>[\n]"
11:45:32.709 [Test worker] DEBUG org.apache.http.wire - http-outgoing-15 << "</table>[\n]"
11:45:32.709 [Test worker] DEBUG org.apache.http.wire - http-outgoing-15 << "<br>[\n]"
11:45:32.709 [Test worker] DEBUG org.apache.http.wire - http-outgoing-15 << "<button><a href="input" style="text-decoration:none;">Registra un paziente</a></button>[\n]"
11:45:32.709 [Test worker] DEBUG org.apache.http.wire - http-outgoing-15 << "<br>[\n]"
11:45:32.709 [Test worker] DEBUG org.apache.http.wire - http-outgoing-15 << "<br>[\n]"
11:45:32.709 [Test worker] DEBUG org.apache.http.wire - http-outgoing-15 << "[\n]"
11:45:32.709 [Test worker] DEBUG org.apache.http.wire - http-outgoing-15 << "<form action="search" method="post">[\n]"
11:45:32.709 [Test worker] DEBUG org.apache.http.wire - http-outgoing-15 << "    Cognome Paziente: <input type="text" name="lastName"/>[\n]"
11:45:32.709 [Test worker] DEBUG org.apache.http.wire - http-outgoing-15 << "    <input type="submit" value="Cerca"/>[\n]"
11:45:32.709 [Test worker] DEBUG org.apache.http.wire - http-outgoing-15 << "</form>[\n]"
11:45:32.709 [Test worker] DEBUG org.apache.http.wire - http-outgoing-15 << "</body>[\n]"
11:45:32.709 [Test worker] DEBUG org.apache.http.wire - http-outgoing-15 << "</html>[\r][\n]"
11:45:32.709 [Test worker] DEBUG org.apache.http.headers - http-outgoing-15 << HTTP/1.1 200 
11:45:32.709 [Test worker] DEBUG org.apache.http.headers - http-outgoing-15 << Content-Type: text/html;charset=UTF-8
11:45:32.709 [Test worker] DEBUG org.apache.http.headers - http-outgoing-15 << Content-Language: en-US
11:45:32.709 [Test worker] DEBUG org.apache.http.headers - http-outgoing-15 << Transfer-Encoding: chunked
11:45:32.709 [Test worker] DEBUG org.apache.http.headers - http-outgoing-15 << Date: Thu, 21 Jan 2021 10:45:32 GMT
11:45:32.709 [Test worker] DEBUG org.apache.http.headers - http-outgoing-15 << Keep-Alive: timeout=60
11:45:32.709 [Test worker] DEBUG org.apache.http.headers - http-outgoing-15 << Connection: keep-alive
11:45:32.709 [Test worker] DEBUG org.apache.http.impl.execchain.MainClientExec - Connection can be kept alive for 60000 MILLISECONDS
11:45:32.709 [Test worker] DEBUG org.apache.http.wire - http-outgoing-15 << "0[\r][\n]"
11:45:32.709 [Test worker] DEBUG org.apache.http.wire - http-outgoing-15 << "[\r][\n]"
11:45:32.709 [Test worker] DEBUG org.apache.http.impl.conn.PoolingHttpClientConnectionManager - Connection [id: 15][route: {}->http://127.0.0.1:8080] can be kept alive for 60.0 seconds
11:45:32.709 [Test worker] DEBUG org.apache.http.impl.conn.DefaultManagedHttpClientConnection - http-outgoing-15: set socket timeout to 0
11:45:32.709 [Test worker] DEBUG org.apache.http.impl.conn.PoolingHttpClientConnectionManager - Connection released: [id: 15][route: {}->http://127.0.0.1:8080][total available: 1; route allocated: 1 of 6; total allocated: 1 of 20]
11:45:32.709 [Test worker] DEBUG com.gargoylesoftware.htmlunit.html.DomElement - Firing Event unload (Current Target: HTMLElement for HtmlHtml[<html>]);
11:45:32.710 [Test worker] DEBUG com.gargoylesoftware.htmlunit.WebWindowImpl - setEnclosedPage: HtmlPage(http://127.0.0.1:8080/list)@1057844503
11:45:32.710 [Test worker] DEBUG com.gargoylesoftware.htmlunit.WebWindowImpl - destroyChildren
11:45:32.714 [Test worker] DEBUG com.gargoylesoftware.htmlunit.util.EncodingSniffer - Encoding found in HTTP headers: 'UTF-8'.
11:45:32.716 [Test worker] DEBUG net.sourceforge.jwebunit.htmlunit.HtmlUnitTestingEngineImpl - Window "" changed : "MVC Web application" became "MVC Web application
11:45:32.716 [Test worker] DEBUG com.gargoylesoftware.htmlunit.html.DomElement - Firing Event DOMContentLoaded (Current Target: HTMLElement for HtmlHtml[<html>]);
11:45:32.716 [Test worker] DEBUG com.gargoylesoftware.htmlunit.html.DomElement - Firing Event load (Current Target: HTMLElement for HtmlHtml[<html>]);
11:45:32.717 [Test worker] DEBUG com.gargoylesoftware.htmlunit.WebClient - Get page for window named '', using WebRequest[<url="http://127.0.0.1:8080/input", GET, EncodingType[name=application/x-www-form-urlencoded], [], {Accept=text/html,application/xhtml+xml,application/xml;q=0.9,*/*;q=0.8, Accept-Encoding=gzip, deflate}, null>]
11:45:32.717 [Test worker] DEBUG com.gargoylesoftware.htmlunit.WebClient - Load response for GET http://127.0.0.1:8080/input
11:45:32.718 [Test worker] DEBUG org.apache.http.client.protocol.RequestAddCookies - CookieSpec selected: mine
11:45:32.718 [Test worker] DEBUG org.apache.http.client.protocol.RequestAuthCache - Auth cache not set in the context
11:45:32.718 [Test worker] DEBUG org.apache.http.impl.conn.PoolingHttpClientConnectionManager - Connection request: [route: {}->http://127.0.0.1:8080][total available: 0; route allocated: 0 of 6; total allocated: 0 of 20]
11:45:32.718 [Test worker] DEBUG org.apache.http.impl.conn.PoolingHttpClientConnectionManager - Connection leased: [id: 16][route: {}->http://127.0.0.1:8080][total available: 0; route allocated: 1 of 6; total allocated: 1 of 20]
11:45:32.718 [Test worker] DEBUG org.apache.http.impl.execchain.MainClientExec - Opening connection {}->http://127.0.0.1:8080
11:45:32.719 [Test worker] DEBUG org.apache.http.impl.conn.DefaultHttpClientConnectionOperator - Connecting to /127.0.0.1:8080
11:45:32.719 [Test worker] DEBUG org.apache.http.impl.conn.DefaultHttpClientConnectionOperator - Connection established 127.0.0.1:53845<->127.0.0.1:8080
11:45:32.719 [Test worker] DEBUG org.apache.http.impl.conn.DefaultManagedHttpClientConnection - http-outgoing-16: set socket timeout to 0
11:45:32.719 [Test worker] DEBUG org.apache.http.impl.execchain.MainClientExec - Executing request GET /input HTTP/1.1
11:45:32.719 [Test worker] DEBUG org.apache.http.impl.execchain.MainClientExec - Target auth state: UNCHALLENGED
11:45:32.719 [Test worker] DEBUG org.apache.http.impl.execchain.MainClientExec - Proxy auth state: UNCHALLENGED
11:45:32.719 [Test worker] DEBUG org.apache.http.headers - http-outgoing-16 >> GET /input HTTP/1.1
11:45:32.719 [Test worker] DEBUG org.apache.http.headers - http-outgoing-16 >> Host: 127.0.0.1:8080
11:45:32.719 [Test worker] DEBUG org.apache.http.headers - http-outgoing-16 >> User-Agent: Mozilla/5.0 (Windows NT 6.1; rv:38.0) Gecko/20100101 Firefox/38.0
11:45:32.719 [Test worker] DEBUG org.apache.http.headers - http-outgoing-16 >> Accept: text/html,application/xhtml+xml,application/xml;q=0.9,*/*;q=0.8
11:45:32.719 [Test worker] DEBUG org.apache.http.headers - http-outgoing-16 >> Accept-Language: en-US
11:45:32.719 [Test worker] DEBUG org.apache.http.headers - http-outgoing-16 >> Accept-Encoding: gzip, deflate
11:45:32.719 [Test worker] DEBUG org.apache.http.headers - http-outgoing-16 >> Connection: Keep-Alive
11:45:32.719 [Test worker] DEBUG org.apache.http.wire - http-outgoing-16 >> "GET /input HTTP/1.1[\r][\n]"
11:45:32.719 [Test worker] DEBUG org.apache.http.wire - http-outgoing-16 >> "Host: 127.0.0.1:8080[\r][\n]"
11:45:32.719 [Test worker] DEBUG org.apache.http.wire - http-outgoing-16 >> "User-Agent: Mozilla/5.0 (Windows NT 6.1; rv:38.0) Gecko/20100101 Firefox/38.0[\r][\n]"
11:45:32.719 [Test worker] DEBUG org.apache.http.wire - http-outgoing-16 >> "Accept: text/html,application/xhtml+xml,application/xml;q=0.9,*/*;q=0.8[\r][\n]"
11:45:32.719 [Test worker] DEBUG org.apache.http.wire - http-outgoing-16 >> "Accept-Language: en-US[\r][\n]"
11:45:32.719 [Test worker] DEBUG org.apache.http.wire - http-outgoing-16 >> "Accept-Encoding: gzip, deflate[\r][\n]"
11:45:32.719 [Test worker] DEBUG org.apache.http.wire - http-outgoing-16 >> "Connection: Keep-Alive[\r][\n]"
11:45:32.719 [Test worker] DEBUG org.apache.http.wire - http-outgoing-16 >> "[\r][\n]"
11:45:32.722 [Test worker] DEBUG org.apache.http.wire - http-outgoing-16 << "HTTP/1.1 200 [\r][\n]"
11:45:32.722 [Test worker] DEBUG org.apache.http.wire - http-outgoing-16 << "Content-Type: text/html;charset=UTF-8[\r][\n]"
11:45:32.722 [Test worker] DEBUG org.apache.http.wire - http-outgoing-16 << "Content-Language: en-US[\r][\n]"
11:45:32.722 [Test worker] DEBUG org.apache.http.wire - http-outgoing-16 << "Transfer-Encoding: chunked[\r][\n]"
11:45:32.722 [Test worker] DEBUG org.apache.http.wire - http-outgoing-16 << "Date: Thu, 21 Jan 2021 10:45:32 GMT[\r][\n]"
11:45:32.722 [Test worker] DEBUG org.apache.http.wire - http-outgoing-16 << "Keep-Alive: timeout=60[\r][\n]"
11:45:32.722 [Test worker] DEBUG org.apache.http.wire - http-outgoing-16 << "Connection: keep-alive[\r][\n]"
11:45:32.722 [Test worker] DEBUG org.apache.http.wire - http-outgoing-16 << "[\r][\n]"
11:45:32.722 [Test worker] DEBUG org.apache.http.wire - http-outgoing-16 << "2f0[\r][\n]"
11:45:32.722 [Test worker] DEBUG org.apache.http.wire - http-outgoing-16 << "<!DOCTYPE HTML>[\n]"
11:45:32.722 [Test worker] DEBUG org.apache.http.wire - http-outgoing-16 << "<html>[\n]"
11:45:32.722 [Test worker] DEBUG org.apache.http.wire - http-outgoing-16 << "<head>[\n]"
11:45:32.722 [Test worker] DEBUG org.apache.http.wire - http-outgoing-16 << "    <title>MVC Web application</title>[\n]"
11:45:32.722 [Test worker] DEBUG org.apache.http.wire - http-outgoing-16 << "    <meta http-equiv="Content-Type" content="text/html; charset=UTF-8" />[\n]"
11:45:32.722 [Test worker] DEBUG org.apache.http.wire - http-outgoing-16 << "</head>[\n]"
11:45:32.722 [Test worker] DEBUG org.apache.http.wire - http-outgoing-16 << "[\n]"
11:45:32.722 [Test worker] DEBUG org.apache.http.wire - http-outgoing-16 << "<body>[\n]"
11:45:32.722 [Test worker] DEBUG org.apache.http.wire - http-outgoing-16 << "<h1>Inserisci un nuovo paziente</h1>[\n]"
11:45:32.722 [Test worker] DEBUG org.apache.http.wire - http-outgoing-16 << "[\n]"
11:45:32.722 [Test worker] DEBUG org.apache.http.wire - http-outgoing-16 << "<form action="create" method="post">[\n]"
11:45:32.722 [Test worker] DEBUG org.apache.http.wire - http-outgoing-16 << "    <table border="1">[\n]"
11:45:32.722 [Test worker] DEBUG org.apache.http.wire - http-outgoing-16 << "        <tr>[\n]"
11:45:32.722 [Test worker] DEBUG org.apache.http.wire - http-outgoing-16 << "            <td>Nome</td>[\n]"
11:45:32.722 [Test worker] DEBUG org.apache.http.wire - http-outgoing-16 << "            <td><input type="text" name="firstName" required></td>[\n]"
11:45:32.722 [Test worker] DEBUG org.apache.http.wire - http-outgoing-16 << "        </tr>[\n]"
11:45:32.722 [Test worker] DEBUG org.apache.http.wire - http-outgoing-16 << "        <tr>[\n]"
11:45:32.722 [Test worker] DEBUG org.apache.http.wire - http-outgoing-16 << "            <td>Cognome</td>[\n]"
11:45:32.722 [Test worker] DEBUG org.apache.http.wire - http-outgoing-16 << "            <td><input type="text" name="lastName" required><br></td>[\n]"
11:45:32.722 [Test worker] DEBUG org.apache.http.wire - http-outgoing-16 << "        </tr>[\n]"
11:45:32.722 [Test worker] DEBUG org.apache.http.wire - http-outgoing-16 << "        <tr>[\n]"
11:45:32.722 [Test worker] DEBUG org.apache.http.wire - http-outgoing-16 << "            <td>Data ricovero</td>[\n]"
11:45:32.722 [Test worker] DEBUG org.apache.http.wire - http-outgoing-16 << "            <td><input type="date" name="admissionDate" required><br></td>[\n]"
11:45:32.722 [Test worker] DEBUG org.apache.http.wire - http-outgoing-16 << "        </tr>[\n]"
11:45:32.722 [Test worker] DEBUG org.apache.http.wire - http-outgoing-16 << "    </table>[\n]"
11:45:32.722 [Test worker] DEBUG org.apache.http.wire - http-outgoing-16 << "[\n]"
11:45:32.722 [Test worker] DEBUG org.apache.http.wire - http-outgoing-16 << "    <input type="submit" />[\n]"
11:45:32.722 [Test worker] DEBUG org.apache.http.wire - http-outgoing-16 << "</form>[\n]"
11:45:32.722 [Test worker] DEBUG org.apache.http.wire - http-outgoing-16 << "[\n]"
11:45:32.722 [Test worker] DEBUG org.apache.http.wire - http-outgoing-16 << "<br>[\n]"
11:45:32.722 [Test worker] DEBUG org.apache.http.wire - http-outgoing-16 << "<a href="list"> Torna alla lista </a>[\n]"
11:45:32.722 [Test worker] DEBUG org.apache.http.wire - http-outgoing-16 << "[\n]"
11:45:32.722 [Test worker] DEBUG org.apache.http.wire - http-outgoing-16 << "</body>[\n]"
11:45:32.722 [Test worker] DEBUG org.apache.http.wire - http-outgoing-16 << "</html>[\n]"
11:45:32.722 [Test worker] DEBUG org.apache.http.wire - http-outgoing-16 << "[\n]"
11:45:32.723 [Test worker] DEBUG org.apache.http.wire - http-outgoing-16 << "[\r][\n]"
11:45:32.723 [Test worker] DEBUG org.apache.http.headers - http-outgoing-16 << HTTP/1.1 200 
11:45:32.723 [Test worker] DEBUG org.apache.http.headers - http-outgoing-16 << Content-Type: text/html;charset=UTF-8
11:45:32.723 [Test worker] DEBUG org.apache.http.headers - http-outgoing-16 << Content-Language: en-US
11:45:32.723 [Test worker] DEBUG org.apache.http.headers - http-outgoing-16 << Transfer-Encoding: chunked
11:45:32.723 [Test worker] DEBUG org.apache.http.headers - http-outgoing-16 << Date: Thu, 21 Jan 2021 10:45:32 GMT
11:45:32.723 [Test worker] DEBUG org.apache.http.headers - http-outgoing-16 << Keep-Alive: timeout=60
11:45:32.723 [Test worker] DEBUG org.apache.http.headers - http-outgoing-16 << Connection: keep-alive
11:45:32.723 [Test worker] DEBUG org.apache.http.impl.execchain.MainClientExec - Connection can be kept alive for 60000 MILLISECONDS
11:45:32.723 [Test worker] DEBUG org.apache.http.wire - http-outgoing-16 << "0[\r][\n]"
11:45:32.723 [Test worker] DEBUG org.apache.http.wire - http-outgoing-16 << "[\r][\n]"
11:45:32.723 [Test worker] DEBUG org.apache.http.impl.conn.PoolingHttpClientConnectionManager - Connection [id: 16][route: {}->http://127.0.0.1:8080] can be kept alive for 60.0 seconds
11:45:32.723 [Test worker] DEBUG org.apache.http.impl.conn.DefaultManagedHttpClientConnection - http-outgoing-16: set socket timeout to 0
11:45:32.723 [Test worker] DEBUG org.apache.http.impl.conn.PoolingHttpClientConnectionManager - Connection released: [id: 16][route: {}->http://127.0.0.1:8080][total available: 1; route allocated: 1 of 6; total allocated: 1 of 20]
11:45:32.723 [Test worker] DEBUG com.gargoylesoftware.htmlunit.WebWindowImpl - setEnclosedPage: HtmlPage(http://127.0.0.1:8080/input)@1508065181
11:45:32.723 [Test worker] DEBUG com.gargoylesoftware.htmlunit.WebWindowImpl - destroyChildren
11:45:32.728 [Test worker] DEBUG com.gargoylesoftware.htmlunit.util.EncodingSniffer - Encoding found in HTTP headers: 'UTF-8'.
11:45:32.729 [Test worker] DEBUG net.sourceforge.jwebunit.htmlunit.HtmlUnitTestingEngineImpl - Window "" changed : "no_html" became "MVC Web application
11:45:32.729 [Test worker] DEBUG com.gargoylesoftware.htmlunit.html.DomElement - Firing Event DOMContentLoaded (Current Target: HTMLElement for HtmlHtml[<html>]);
11:45:32.729 [Test worker] DEBUG com.gargoylesoftware.htmlunit.html.DomElement - Firing Event load (Current Target: HTMLElement for HtmlHtml[<html>]);
11:45:32.729 [Test worker] DEBUG com.gargoylesoftware.htmlunit.html.DomElement - Firing Event change (Current Target: HTMLElement for HtmlTextInput[<input type="text" name="firstName" required="" value="Michele">]);
11:45:32.730 [Test worker] DEBUG com.gargoylesoftware.htmlunit.html.DomElement - Firing Event change (Current Target: HTMLElement for HtmlTextInput[<input type="text" name="lastName" required="" value="Bianchi">]);
11:45:32.730 [Test worker] DEBUG com.gargoylesoftware.htmlunit.html.DomElement - Firing Event change (Current Target: HTMLElement for HtmlDateInput[<input type="date" name="admissionDate" required="" value="1993-06-11">]);
11:45:32.730 [Test worker] DEBUG com.gargoylesoftware.htmlunit.html.DomElement - Firing Event mousedown (Current Target: HTMLElement for HtmlSubmitInput[<input type="submit">]);
11:45:32.730 [Test worker] DEBUG com.gargoylesoftware.htmlunit.html.DomElement - Firing Event focus (Current Target: HTMLElement for HtmlSubmitInput[<input type="submit">]);
11:45:32.730 [Test worker] DEBUG com.gargoylesoftware.htmlunit.html.DomElement - Firing Event mouseup (Current Target: HTMLElement for HtmlSubmitInput[<input type="submit">]);
11:45:32.730 [Test worker] DEBUG com.gargoylesoftware.htmlunit.html.DomElement - Firing Event click (Current Target: HTMLElement for HtmlSubmitInput[<input type="submit">]);
11:45:32.730 [Test worker] DEBUG com.gargoylesoftware.htmlunit.html.DomElement - Firing Event submit (Current Target: HTMLElement for HtmlForm[<form action="create" method="post">]);
11:45:32.730 [Test worker] DEBUG com.gargoylesoftware.htmlunit.util.EncodingSniffer - Encoding found in HTTP headers: 'UTF-8'.
11:45:32.730 [Test worker] DEBUG com.gargoylesoftware.htmlunit.WebClient - Load response for POST http://127.0.0.1:8080/create
11:45:32.731 [Test worker] DEBUG org.apache.http.client.protocol.RequestAddCookies - CookieSpec selected: mine
11:45:32.731 [Test worker] DEBUG org.apache.http.client.protocol.RequestAuthCache - Auth cache not set in the context
11:45:32.731 [Test worker] DEBUG org.apache.http.impl.conn.PoolingHttpClientConnectionManager - Connection request: [route: {}->http://127.0.0.1:8080][total available: 1; route allocated: 1 of 6; total allocated: 1 of 20]
11:45:32.731 [Test worker] DEBUG org.apache.http.impl.conn.PoolingHttpClientConnectionManager - Connection leased: [id: 16][route: {}->http://127.0.0.1:8080][total available: 0; route allocated: 1 of 6; total allocated: 1 of 20]
11:45:32.731 [Test worker] DEBUG org.apache.http.impl.conn.DefaultManagedHttpClientConnection - http-outgoing-16: set socket timeout to 0
11:45:32.731 [Test worker] DEBUG org.apache.http.impl.conn.DefaultManagedHttpClientConnection - http-outgoing-16: set socket timeout to 0
11:45:32.731 [Test worker] DEBUG org.apache.http.impl.execchain.MainClientExec - Executing request POST /create HTTP/1.1
11:45:32.731 [Test worker] DEBUG org.apache.http.impl.execchain.MainClientExec - Target auth state: UNCHALLENGED
11:45:32.731 [Test worker] DEBUG org.apache.http.impl.execchain.MainClientExec - Proxy auth state: UNCHALLENGED
11:45:32.731 [Test worker] DEBUG org.apache.http.headers - http-outgoing-16 >> POST /create HTTP/1.1
11:45:32.731 [Test worker] DEBUG org.apache.http.headers - http-outgoing-16 >> Host: 127.0.0.1:8080
11:45:32.731 [Test worker] DEBUG org.apache.http.headers - http-outgoing-16 >> User-Agent: Mozilla/5.0 (Windows NT 6.1; rv:38.0) Gecko/20100101 Firefox/38.0
11:45:32.731 [Test worker] DEBUG org.apache.http.headers - http-outgoing-16 >> Accept: */*
11:45:32.731 [Test worker] DEBUG org.apache.http.headers - http-outgoing-16 >> Accept-Language: en-US
11:45:32.731 [Test worker] DEBUG org.apache.http.headers - http-outgoing-16 >> Accept-Encoding: gzip, deflate
11:45:32.731 [Test worker] DEBUG org.apache.http.headers - http-outgoing-16 >> Referer: http://127.0.0.1:8080/input
11:45:32.731 [Test worker] DEBUG org.apache.http.headers - http-outgoing-16 >> Connection: Keep-Alive
11:45:32.731 [Test worker] DEBUG org.apache.http.headers - http-outgoing-16 >> Content-Length: 59
11:45:32.731 [Test worker] DEBUG org.apache.http.headers - http-outgoing-16 >> Content-Type: application/x-www-form-urlencoded
11:45:32.732 [Test worker] DEBUG org.apache.http.wire - http-outgoing-16 >> "POST /create HTTP/1.1[\r][\n]"
11:45:32.732 [Test worker] DEBUG org.apache.http.wire - http-outgoing-16 >> "Host: 127.0.0.1:8080[\r][\n]"
11:45:32.732 [Test worker] DEBUG org.apache.http.wire - http-outgoing-16 >> "User-Agent: Mozilla/5.0 (Windows NT 6.1; rv:38.0) Gecko/20100101 Firefox/38.0[\r][\n]"
11:45:32.732 [Test worker] DEBUG org.apache.http.wire - http-outgoing-16 >> "Accept: */*[\r][\n]"
11:45:32.732 [Test worker] DEBUG org.apache.http.wire - http-outgoing-16 >> "Accept-Language: en-US[\r][\n]"
11:45:32.732 [Test worker] DEBUG org.apache.http.wire - http-outgoing-16 >> "Accept-Encoding: gzip, deflate[\r][\n]"
11:45:32.732 [Test worker] DEBUG org.apache.http.wire - http-outgoing-16 >> "Referer: http://127.0.0.1:8080/input[\r][\n]"
11:45:32.732 [Test worker] DEBUG org.apache.http.wire - http-outgoing-16 >> "Connection: Keep-Alive[\r][\n]"
11:45:32.732 [Test worker] DEBUG org.apache.http.wire - http-outgoing-16 >> "Content-Length: 59[\r][\n]"
11:45:32.732 [Test worker] DEBUG org.apache.http.wire - http-outgoing-16 >> "Content-Type: application/x-www-form-urlencoded[\r][\n]"
11:45:32.732 [Test worker] DEBUG org.apache.http.wire - http-outgoing-16 >> "[\r][\n]"
11:45:32.732 [Test worker] DEBUG org.apache.http.wire - http-outgoing-16 >> "firstName=Michele&lastName=Bianchi&admissionDate=1993-06-11"
11:45:32.736 [Test worker] DEBUG org.apache.http.wire - http-outgoing-16 << "HTTP/1.1 302 [\r][\n]"
11:45:32.737 [Test worker] DEBUG org.apache.http.wire - http-outgoing-16 << "Location: http://127.0.0.1:8080/list[\r][\n]"
11:45:32.737 [Test worker] DEBUG org.apache.http.wire - http-outgoing-16 << "Content-Language: en-US[\r][\n]"
11:45:32.737 [Test worker] DEBUG org.apache.http.wire - http-outgoing-16 << "Content-Length: 0[\r][\n]"
11:45:32.737 [Test worker] DEBUG org.apache.http.wire - http-outgoing-16 << "Date: Thu, 21 Jan 2021 10:45:32 GMT[\r][\n]"
11:45:32.737 [Test worker] DEBUG org.apache.http.wire - http-outgoing-16 << "Keep-Alive: timeout=60[\r][\n]"
11:45:32.737 [Test worker] DEBUG org.apache.http.wire - http-outgoing-16 << "Connection: keep-alive[\r][\n]"
11:45:32.737 [Test worker] DEBUG org.apache.http.wire - http-outgoing-16 << "[\r][\n]"
11:45:32.737 [Test worker] DEBUG org.apache.http.headers - http-outgoing-16 << HTTP/1.1 302 
11:45:32.737 [Test worker] DEBUG org.apache.http.headers - http-outgoing-16 << Location: http://127.0.0.1:8080/list
11:45:32.737 [Test worker] DEBUG org.apache.http.headers - http-outgoing-16 << Content-Language: en-US
11:45:32.737 [Test worker] DEBUG org.apache.http.headers - http-outgoing-16 << Content-Length: 0
11:45:32.737 [Test worker] DEBUG org.apache.http.headers - http-outgoing-16 << Date: Thu, 21 Jan 2021 10:45:32 GMT
11:45:32.737 [Test worker] DEBUG org.apache.http.headers - http-outgoing-16 << Keep-Alive: timeout=60
11:45:32.737 [Test worker] DEBUG org.apache.http.headers - http-outgoing-16 << Connection: keep-alive
11:45:32.737 [Test worker] DEBUG org.apache.http.impl.execchain.MainClientExec - Connection can be kept alive for 60000 MILLISECONDS
11:45:32.737 [Test worker] DEBUG org.apache.http.impl.conn.PoolingHttpClientConnectionManager - Connection [id: 16][route: {}->http://127.0.0.1:8080] can be kept alive for 60.0 seconds
11:45:32.737 [Test worker] DEBUG org.apache.http.impl.conn.DefaultManagedHttpClientConnection - http-outgoing-16: set socket timeout to 0
11:45:32.737 [Test worker] DEBUG org.apache.http.impl.conn.PoolingHttpClientConnectionManager - Connection released: [id: 16][route: {}->http://127.0.0.1:8080][total available: 1; route allocated: 1 of 6; total allocated: 1 of 20]
11:45:32.737 [Test worker] DEBUG com.gargoylesoftware.htmlunit.WebClient - Got a redirect status code [302] new location = [http://127.0.0.1:8080/list]
11:45:32.737 [Test worker] DEBUG com.gargoylesoftware.htmlunit.WebClient - Load response for GET http://127.0.0.1:8080/list
11:45:32.738 [Test worker] DEBUG org.apache.http.client.protocol.RequestAddCookies - CookieSpec selected: mine
11:45:32.738 [Test worker] DEBUG org.apache.http.client.protocol.RequestAuthCache - Auth cache not set in the context
11:45:32.738 [Test worker] DEBUG org.apache.http.impl.conn.PoolingHttpClientConnectionManager - Connection request: [route: {}->http://127.0.0.1:8080][total available: 1; route allocated: 1 of 6; total allocated: 1 of 20]
11:45:32.738 [Test worker] DEBUG org.apache.http.impl.conn.PoolingHttpClientConnectionManager - Connection leased: [id: 16][route: {}->http://127.0.0.1:8080][total available: 0; route allocated: 1 of 6; total allocated: 1 of 20]
11:45:32.738 [Test worker] DEBUG org.apache.http.impl.conn.DefaultManagedHttpClientConnection - http-outgoing-16: set socket timeout to 0
11:45:32.738 [Test worker] DEBUG org.apache.http.impl.conn.DefaultManagedHttpClientConnection - http-outgoing-16: set socket timeout to 0
11:45:32.738 [Test worker] DEBUG org.apache.http.impl.execchain.MainClientExec - Executing request GET /list HTTP/1.1
11:45:32.738 [Test worker] DEBUG org.apache.http.impl.execchain.MainClientExec - Target auth state: UNCHALLENGED
11:45:32.738 [Test worker] DEBUG org.apache.http.impl.execchain.MainClientExec - Proxy auth state: UNCHALLENGED
11:45:32.738 [Test worker] DEBUG org.apache.http.headers - http-outgoing-16 >> GET /list HTTP/1.1
11:45:32.738 [Test worker] DEBUG org.apache.http.headers - http-outgoing-16 >> Host: 127.0.0.1:8080
11:45:32.738 [Test worker] DEBUG org.apache.http.headers - http-outgoing-16 >> User-Agent: Mozilla/5.0 (Windows NT 6.1; rv:38.0) Gecko/20100101 Firefox/38.0
11:45:32.738 [Test worker] DEBUG org.apache.http.headers - http-outgoing-16 >> Accept: */*
11:45:32.738 [Test worker] DEBUG org.apache.http.headers - http-outgoing-16 >> Accept-Language: en-US
11:45:32.738 [Test worker] DEBUG org.apache.http.headers - http-outgoing-16 >> Accept-Encoding: gzip, deflate
11:45:32.738 [Test worker] DEBUG org.apache.http.headers - http-outgoing-16 >> Referer: http://127.0.0.1:8080/input
11:45:32.738 [Test worker] DEBUG org.apache.http.headers - http-outgoing-16 >> Connection: Keep-Alive
11:45:32.739 [Test worker] DEBUG org.apache.http.wire - http-outgoing-16 >> "GET /list HTTP/1.1[\r][\n]"
11:45:32.739 [Test worker] DEBUG org.apache.http.wire - http-outgoing-16 >> "Host: 127.0.0.1:8080[\r][\n]"
11:45:32.739 [Test worker] DEBUG org.apache.http.wire - http-outgoing-16 >> "User-Agent: Mozilla/5.0 (Windows NT 6.1; rv:38.0) Gecko/20100101 Firefox/38.0[\r][\n]"
11:45:32.739 [Test worker] DEBUG org.apache.http.wire - http-outgoing-16 >> "Accept: */*[\r][\n]"
11:45:32.739 [Test worker] DEBUG org.apache.http.wire - http-outgoing-16 >> "Accept-Language: en-US[\r][\n]"
11:45:32.739 [Test worker] DEBUG org.apache.http.wire - http-outgoing-16 >> "Accept-Encoding: gzip, deflate[\r][\n]"
11:45:32.739 [Test worker] DEBUG org.apache.http.wire - http-outgoing-16 >> "Referer: http://127.0.0.1:8080/input[\r][\n]"
11:45:32.739 [Test worker] DEBUG org.apache.http.wire - http-outgoing-16 >> "Connection: Keep-Alive[\r][\n]"
11:45:32.739 [Test worker] DEBUG org.apache.http.wire - http-outgoing-16 >> "[\r][\n]"
11:45:32.744 [Test worker] DEBUG org.apache.http.wire - http-outgoing-16 << "HTTP/1.1 200 [\r][\n]"
11:45:32.744 [Test worker] DEBUG org.apache.http.wire - http-outgoing-16 << "Content-Type: text/html;charset=UTF-8[\r][\n]"
11:45:32.744 [Test worker] DEBUG org.apache.http.wire - http-outgoing-16 << "Content-Language: en-US[\r][\n]"
11:45:32.744 [Test worker] DEBUG org.apache.http.wire - http-outgoing-16 << "Transfer-Encoding: chunked[\r][\n]"
11:45:32.744 [Test worker] DEBUG org.apache.http.wire - http-outgoing-16 << "Date: Thu, 21 Jan 2021 10:45:32 GMT[\r][\n]"
11:45:32.744 [Test worker] DEBUG org.apache.http.wire - http-outgoing-16 << "Keep-Alive: timeout=60[\r][\n]"
11:45:32.744 [Test worker] DEBUG org.apache.http.wire - http-outgoing-16 << "Connection: keep-alive[\r][\n]"
11:45:32.744 [Test worker] DEBUG org.apache.http.wire - http-outgoing-16 << "[\r][\n]"
11:45:32.744 [Test worker] DEBUG org.apache.http.wire - http-outgoing-16 << "e04[\r][\n]"
11:45:32.744 [Test worker] DEBUG org.apache.http.wire - http-outgoing-16 << "<!DOCTYPE HTML>[\n]"
11:45:32.744 [Test worker] DEBUG org.apache.http.wire - http-outgoing-16 << "<html>[\n]"
11:45:32.744 [Test worker] DEBUG org.apache.http.wire - http-outgoing-16 << "<head>[\n]"
11:45:32.744 [Test worker] DEBUG org.apache.http.wire - http-outgoing-16 << "    <title>MVC Web application</title>[\n]"
11:45:32.744 [Test worker] DEBUG org.apache.http.wire - http-outgoing-16 << "    <meta http-equiv="Content-Type" content="text/html; charset=UTF-8" />[\n]"
11:45:32.744 [Test worker] DEBUG org.apache.http.wire - http-outgoing-16 << "</head>[\n]"
11:45:32.744 [Test worker] DEBUG org.apache.http.wire - http-outgoing-16 << "[\n]"
11:45:32.744 [Test worker] DEBUG org.apache.http.wire - http-outgoing-16 << "<body>[\n]"
11:45:32.744 [Test worker] DEBUG org.apache.http.wire - http-outgoing-16 << "<h1>Pazienti Ricoverati</h1>[\n]"
11:45:32.744 [Test worker] DEBUG org.apache.http.wire - http-outgoing-16 << "[\n]"
11:45:32.744 [Test worker] DEBUG org.apache.http.wire - http-outgoing-16 << "<table border="1" id="present" name="present">[\n]"
11:45:32.744 [Test worker] DEBUG org.apache.http.wire - http-outgoing-16 << "    <thead>[\n]"
11:45:32.744 [Test worker] DEBUG org.apache.http.wire - http-outgoing-16 << "    <tr>[\n]"
11:45:32.744 [Test worker] DEBUG org.apache.http.wire - http-outgoing-16 << "        <th>Id</th>[\n]"
11:45:32.744 [Test worker] DEBUG org.apache.http.wire - http-outgoing-16 << "        <th>Nome</th>[\n]"
11:45:32.744 [Test worker] DEBUG org.apache.http.wire - http-outgoing-16 << "        <th>Cognome</th>[\n]"
11:45:32.744 [Test worker] DEBUG org.apache.http.wire - http-outgoing-16 << "        <th>Data ricovero</th>[\n]"
11:45:32.744 [Test worker] DEBUG org.apache.http.wire - http-outgoing-16 << "        <th>Data dimissione</th>[\n]"
11:45:32.744 [Test worker] DEBUG org.apache.http.wire - http-outgoing-16 << "        <th>Mostra</th>[\n]"
11:45:32.744 [Test worker] DEBUG org.apache.http.wire - http-outgoing-16 << "        <th>Modifica</th>[\n]"
11:45:32.744 [Test worker] DEBUG org.apache.http.wire - http-outgoing-16 << "        <th>Dimetti</th>[\n]"
11:45:32.744 [Test worker] DEBUG org.apache.http.wire - http-outgoing-16 << "        <th>Cancella</th>[\n]"
11:45:32.744 [Test worker] DEBUG org.apache.http.wire - http-outgoing-16 << "        <th>Stampa</th>[\n]"
11:45:32.744 [Test worker] DEBUG org.apache.http.wire - http-outgoing-16 << "    </tr>[\n]"
11:45:32.744 [Test worker] DEBUG org.apache.http.wire - http-outgoing-16 << "    </thead>[\n]"
11:45:32.744 [Test worker] DEBUG org.apache.http.wire - http-outgoing-16 << "    <tbody>[\n]"
11:45:32.744 [Test worker] DEBUG org.apache.http.wire - http-outgoing-16 << "        <tr>[\n]"
11:45:32.744 [Test worker] DEBUG org.apache.http.wire - http-outgoing-16 << "            <td id="id">12</td>[\n]"
11:45:32.744 [Test worker] DEBUG org.apache.http.wire - http-outgoing-16 << "            <td style="text-align:center;">Michele</td>[\n]"
11:45:32.744 [Test worker] DEBUG org.apache.http.wire - http-outgoing-16 << "            <td id='lastName' style="text-align:center;">Bianchi</td>[\n]"
11:45:32.744 [Test worker] DEBUG org.apache.http.wire - http-outgoing-16 << "            <td style="text-align:center;">11/06/1993</td>[\n]"
11:45:32.744 [Test worker] DEBUG org.apache.http.wire - http-outgoing-16 << "            <td style="text-align:center;"></td>[\n]"
11:45:32.744 [Test worker] DEBUG org.apache.http.wire - http-outgoing-16 << "            <td> <a href="cartella?id=12" style="text-align:center;"> Cartella </a></td>[\n]"
11:45:32.744 [Test worker] DEBUG org.apache.http.wire - http-outgoing-16 << "            <td> <a href="edit?id=12" id="modifica" style="text-align:center;"> Modifica </a></td>[\n]"
11:45:32.744 [Test worker] DEBUG org.apache.http.wire - http-outgoing-16 << "            <td> <a href="dimetti?id=12" style="text-align:center;"> Dimetti </a></td>[\n]"
11:45:32.744 [Test worker] DEBUG org.apache.http.wire - http-outgoing-16 << "            <td> <a href="delete?id=12" id="cancella" style="text-align:center;"> Cancella </a></td>[\n]"
11:45:32.744 [Test worker] DEBUG org.apache.http.wire - http-outgoing-16 << "            <td><button><a href="print?id=12" style="text-align:center;text-decoration:none;"> Stampa scheda </a></button></td>[\n]"
11:45:32.744 [Test worker] DEBUG org.apache.http.wire - http-outgoing-16 << "        </tr>[\n]"
11:45:32.744 [Test worker] DEBUG org.apache.http.wire - http-outgoing-16 << "        </tbody>[\n]"
11:45:32.744 [Test worker] DEBUG org.apache.http.wire - http-outgoing-16 << "</table>[\n]"
11:45:32.744 [Test worker] DEBUG org.apache.http.wire - http-outgoing-16 << "[\n]"
11:45:32.744 [Test worker] DEBUG org.apache.http.wire - http-outgoing-16 << "<h1>Pazienti Dimessi</h1>[\n]"
11:45:32.744 [Test worker] DEBUG org.apache.http.wire - http-outgoing-16 << "<table border="1" id="discharged" name="discharged">[\n]"
11:45:32.744 [Test worker] DEBUG org.apache.http.wire - http-outgoing-16 << "    <thead>[\n]"
11:45:32.744 [Test worker] DEBUG org.apache.http.wire - http-outgoing-16 << "    <tr>[\n]"
11:45:32.744 [Test worker] DEBUG org.apache.http.wire - http-outgoing-16 << "        <th>Id</th>[\n]"
11:45:32.744 [Test worker] DEBUG org.apache.http.wire - http-outgoing-16 << "        <th>Nome</th>[\n]"
11:45:32.744 [Test worker] DEBUG org.apache.http.wire - http-outgoing-16 << "        <th>Cognome</th>[\n]"
11:45:32.744 [Test worker] DEBUG org.apache.http.wire - http-outgoing-16 << "        <th>Data Ricovero</th>[\n]"
11:45:32.744 [Test worker] DEBUG org.apache.http.wire - http-outgoing-16 << "        <th>Data Dimissione</th>[\n]"
11:45:32.744 [Test worker] DEBUG org.apache.http.wire - http-outgoing-16 << "        <th>Cartella</th>[\n]"
11:45:32.744 [Test worker] DEBUG org.apache.http.wire - http-outgoing-16 << "        <th>Modifica</th>[\n]"
11:45:32.744 [Test worker] DEBUG org.apache.http.wire - http-outgoing-16 << "        <th>Cancella</th>[\n]"
11:45:32.744 [Test worker] DEBUG org.apache.http.wire - http-outgoing-16 << "        <th>Stampa</th>[\n]"
11:45:32.744 [Test worker] DEBUG org.apache.http.wire - http-outgoing-16 << "    </tr>[\n]"
11:45:32.744 [Test worker] DEBUG org.apache.http.wire - http-outgoing-16 << "    </thead>[\n]"
11:45:32.744 [Test worker] DEBUG org.apache.http.wire - http-outgoing-16 << "    <tbody>[\n]"
11:45:32.744 [Test worker] DEBUG org.apache.http.wire - http-outgoing-16 << "    <tr>[\n]"
11:45:32.744 [Test worker] DEBUG org.apache.http.wire - http-outgoing-16 << "        <td id="idDischarged">1</td>[\n]"
11:45:32.744 [Test worker] DEBUG org.apache.http.wire - http-outgoing-16 << "        <td style="text-align:center;">Michele</td>[\n]"
11:45:32.744 [Test worker] DEBUG org.apache.http.wire - http-outgoing-16 << "        <td id='lastNameDischarged' style="text-align:center;">Bianchi</td>[\n]"
11:45:32.744 [Test worker] DEBUG org.apache.http.wire - http-outgoing-16 << "        <td style="text-align:center;">11/06/1993</td>[\n]"
11:45:32.744 [Test worker] DEBUG org.apache.http.wire - http-outgoing-16 << "        <td style="text-align:center;">21/01/2021</td>[\n]"
11:45:32.744 [Test worker] DEBUG org.apache.http.wire - http-outgoing-16 << "        <td> <a href="cartella?id=1" style="text-align:center;"> Cartella </a></td>[\n]"
11:45:32.744 [Test worker] DEBUG org.apache.http.wire - http-outgoing-16 << "        <td> <a id="modificaDischarged" style="text-align:center; cursor:not-allowed; pointer-events:none; color:grey;"> Modifica </a></td>[\n]"
11:45:32.744 [Test worker] DEBUG org.apache.http.wire - http-outgoing-16 << "        <td> <a id="cancellaDischarged" style="text-align:center; cursor:not-allowed; pointer-events:none; color:grey;"> Cancella </a></td>[\n]"
11:45:32.744 [Test worker] DEBUG org.apache.http.wire - http-outgoing-16 << "        <td><button><a href="print?id=1" style="text-align:center;text-decoration:none;"> Stampa scheda </a></button></td>[\n]"
11:45:32.745 [Test worker] DEBUG org.apache.http.wire - http-outgoing-16 << "    </tr>[\n]"
11:45:32.745 [Test worker] DEBUG org.apache.http.wire - http-outgoing-16 << "    <tr>[\n]"
11:45:32.745 [Test worker] DEBUG org.apache.http.wire - http-outgoing-16 << "        <td id="idDischarged">9</td>[\n]"
11:45:32.745 [Test worker] DEBUG org.apache.http.wire - http-outgoing-16 << "        <td style="text-align:center;">Michele</td>[\n]"
11:45:32.745 [Test worker] DEBUG org.apache.http.wire - http-outgoing-16 << "        <td id='lastNameDischarged' style="text-align:center;">Bianchi</td>[\n]"
11:45:32.745 [Test worker] DEBUG org.apache.http.wire - http-outgoing-16 << "        <td style="text-align:center;">11/06/1993</td>[\n]"
11:45:32.745 [Test worker] DEBUG org.apache.http.wire - http-outgoing-16 << "        <td style="text-align:center;">21/01/2021</td>[\n]"
11:45:32.745 [Test worker] DEBUG org.apache.http.wire - http-outgoing-16 << "        <td> <a href="cartella?id=9" style="text-align:center;"> Cartella </a></td>[\n]"
11:45:32.745 [Test worker] DEBUG org.apache.http.wire - http-outgoing-16 << "        <td> <a id="modificaDischarged" style="text-align:center; cursor:not-allowed; pointer-events:none; color:grey;"> Modifica </a></td>[\n]"
11:45:32.745 [Test worker] DEBUG org.apache.http.wire - http-outgoing-16 << "        <td> <a id="cancellaDischarged" style="text-align:center; cursor:not-allowed; pointer-events:none; color:grey;"> Cancella </a></td>[\n]"
11:45:32.745 [Test worker] DEBUG org.apache.http.wire - http-outgoing-16 << "        <td><button><a href="print?id=9" style="text-align:center;text-decoration:none;"> Stampa scheda </a></button></td>[\n]"
11:45:32.745 [Test worker] DEBUG org.apache.http.wire - http-outgoing-16 << "    </tr>[\n]"
11:45:32.745 [Test worker] DEBUG org.apache.http.wire - http-outgoing-16 << "    </tbody>[\n]"
11:45:32.745 [Test worker] DEBUG org.apache.http.wire - http-outgoing-16 << "</table>[\n]"
11:45:32.745 [Test worker] DEBUG org.apache.http.wire - http-outgoing-16 << "<br>[\n]"
11:45:32.745 [Test worker] DEBUG org.apache.http.wire - http-outgoing-16 << "<button><a href="input" style="text-decoration:none;">Registra un paziente</a></button>[\n]"
11:45:32.745 [Test worker] DEBUG org.apache.http.wire - http-outgoing-16 << "<br>[\n]"
11:45:32.745 [Test worker] DEBUG org.apache.http.wire - http-outgoing-16 << "<br>[\n]"
11:45:32.745 [Test worker] DEBUG org.apache.http.wire - http-outgoing-16 << "[\n]"
11:45:32.745 [Test worker] DEBUG org.apache.http.wire - http-outgoing-16 << "<form action="search" method="post">[\n]"
11:45:32.745 [Test worker] DEBUG org.apache.http.wire - http-outgoing-16 << "    Cognome Paziente: <input type="text" name="lastName"/>[\n]"
11:45:32.745 [Test worker] DEBUG org.apache.http.wire - http-outgoing-16 << "    <input type="submit" value="Cerca"/>[\n]"
11:45:32.745 [Test worker] DEBUG org.apache.http.wire - http-outgoing-16 << "</form>[\n]"
11:45:32.745 [Test worker] DEBUG org.apache.http.wire - http-outgoing-16 << "</body>[\n]"
11:45:32.745 [Test worker] DEBUG org.apache.http.wire - http-outgoing-16 << "</html>[\r][\n]"
11:45:32.745 [Test worker] DEBUG org.apache.http.headers - http-outgoing-16 << HTTP/1.1 200 
11:45:32.745 [Test worker] DEBUG org.apache.http.headers - http-outgoing-16 << Content-Type: text/html;charset=UTF-8
11:45:32.745 [Test worker] DEBUG org.apache.http.headers - http-outgoing-16 << Content-Language: en-US
11:45:32.745 [Test worker] DEBUG org.apache.http.headers - http-outgoing-16 << Transfer-Encoding: chunked
11:45:32.745 [Test worker] DEBUG org.apache.http.headers - http-outgoing-16 << Date: Thu, 21 Jan 2021 10:45:32 GMT
11:45:32.745 [Test worker] DEBUG org.apache.http.headers - http-outgoing-16 << Keep-Alive: timeout=60
11:45:32.745 [Test worker] DEBUG org.apache.http.headers - http-outgoing-16 << Connection: keep-alive
11:45:32.745 [Test worker] DEBUG org.apache.http.impl.execchain.MainClientExec - Connection can be kept alive for 60000 MILLISECONDS
11:45:32.745 [Test worker] DEBUG org.apache.http.wire - http-outgoing-16 << "0[\r][\n]"
11:45:32.745 [Test worker] DEBUG org.apache.http.wire - http-outgoing-16 << "[\r][\n]"
11:45:32.745 [Test worker] DEBUG org.apache.http.impl.conn.PoolingHttpClientConnectionManager - Connection [id: 16][route: {}->http://127.0.0.1:8080] can be kept alive for 60.0 seconds
11:45:32.745 [Test worker] DEBUG org.apache.http.impl.conn.DefaultManagedHttpClientConnection - http-outgoing-16: set socket timeout to 0
11:45:32.745 [Test worker] DEBUG org.apache.http.impl.conn.PoolingHttpClientConnectionManager - Connection released: [id: 16][route: {}->http://127.0.0.1:8080][total available: 1; route allocated: 1 of 6; total allocated: 1 of 20]
11:45:32.746 [Test worker] DEBUG com.gargoylesoftware.htmlunit.html.DomElement - Firing Event unload (Current Target: HTMLElement for HtmlHtml[<html>]);
11:45:32.746 [Test worker] DEBUG com.gargoylesoftware.htmlunit.WebWindowImpl - setEnclosedPage: HtmlPage(http://127.0.0.1:8080/list)@110472964
11:45:32.746 [Test worker] DEBUG com.gargoylesoftware.htmlunit.WebWindowImpl - destroyChildren
11:45:32.749 [Test worker] DEBUG com.gargoylesoftware.htmlunit.util.EncodingSniffer - Encoding found in HTTP headers: 'UTF-8'.
11:45:32.751 [Test worker] DEBUG net.sourceforge.jwebunit.htmlunit.HtmlUnitTestingEngineImpl - Window "" changed : "MVC Web application" became "MVC Web application
11:45:32.751 [Test worker] DEBUG com.gargoylesoftware.htmlunit.html.DomElement - Firing Event DOMContentLoaded (Current Target: HTMLElement for HtmlHtml[<html>]);
11:45:32.752 [Test worker] DEBUG com.gargoylesoftware.htmlunit.html.DomElement - Firing Event load (Current Target: HTMLElement for HtmlHtml[<html>]);
11:45:32.752 [Test worker] DEBUG com.gargoylesoftware.htmlunit.html.DomElement - Firing Event mousedown (Current Target: HTMLElement for HtmlAnchor[<a href="dimetti?id=12" style="text-align:center;">]);
11:45:32.752 [Test worker] DEBUG com.gargoylesoftware.htmlunit.html.DomElement - Firing Event focus (Current Target: HTMLElement for HtmlAnchor[<a href="dimetti?id=12" style="text-align:center;">]);
11:45:32.752 [Test worker] DEBUG com.gargoylesoftware.htmlunit.html.DomElement - Firing Event mouseup (Current Target: HTMLElement for HtmlAnchor[<a href="dimetti?id=12" style="text-align:center;">]);
11:45:32.752 [Test worker] DEBUG com.gargoylesoftware.htmlunit.html.DomElement - Firing Event click (Current Target: HTMLElement for HtmlAnchor[<a href="dimetti?id=12" style="text-align:center;">]);
11:45:32.753 [Test worker] DEBUG com.gargoylesoftware.htmlunit.html.HtmlAnchor - do click action in window '', using href 'dimetti?id=12'
11:45:32.753 [Test worker] DEBUG com.gargoylesoftware.htmlunit.util.EncodingSniffer - Encoding found in HTTP headers: 'UTF-8'.
11:45:32.753 [Test worker] DEBUG com.gargoylesoftware.htmlunit.html.HtmlAnchor - Getting page for http://127.0.0.1:8080/dimetti?id=12, derived from href 'dimetti?id=12', using the originating URL http://127.0.0.1:8080/list
11:45:32.753 [Test worker] DEBUG com.gargoylesoftware.htmlunit.html.DomElement - Firing Event beforeunload (Current Target: HTMLElement for HtmlHtml[<html>]);
11:45:32.753 [Test worker] DEBUG com.gargoylesoftware.htmlunit.WebClient - Load response for GET http://127.0.0.1:8080/dimetti?id=12
11:45:32.754 [Test worker] DEBUG org.apache.http.client.protocol.RequestAddCookies - CookieSpec selected: mine
11:45:32.754 [Test worker] DEBUG org.apache.http.client.protocol.RequestAuthCache - Auth cache not set in the context
11:45:32.754 [Test worker] DEBUG org.apache.http.impl.conn.PoolingHttpClientConnectionManager - Connection request: [route: {}->http://127.0.0.1:8080][total available: 1; route allocated: 1 of 6; total allocated: 1 of 20]
11:45:32.754 [Test worker] DEBUG org.apache.http.impl.conn.PoolingHttpClientConnectionManager - Connection leased: [id: 16][route: {}->http://127.0.0.1:8080][total available: 0; route allocated: 1 of 6; total allocated: 1 of 20]
11:45:32.754 [Test worker] DEBUG org.apache.http.impl.conn.DefaultManagedHttpClientConnection - http-outgoing-16: set socket timeout to 0
11:45:32.754 [Test worker] DEBUG org.apache.http.impl.conn.DefaultManagedHttpClientConnection - http-outgoing-16: set socket timeout to 0
11:45:32.754 [Test worker] DEBUG org.apache.http.impl.execchain.MainClientExec - Executing request GET /dimetti?id=12 HTTP/1.1
11:45:32.754 [Test worker] DEBUG org.apache.http.impl.execchain.MainClientExec - Target auth state: UNCHALLENGED
11:45:32.754 [Test worker] DEBUG org.apache.http.impl.execchain.MainClientExec - Proxy auth state: UNCHALLENGED
11:45:32.754 [Test worker] DEBUG org.apache.http.headers - http-outgoing-16 >> GET /dimetti?id=12 HTTP/1.1
11:45:32.754 [Test worker] DEBUG org.apache.http.headers - http-outgoing-16 >> Host: 127.0.0.1:8080
11:45:32.754 [Test worker] DEBUG org.apache.http.headers - http-outgoing-16 >> User-Agent: Mozilla/5.0 (Windows NT 6.1; rv:38.0) Gecko/20100101 Firefox/38.0
11:45:32.754 [Test worker] DEBUG org.apache.http.headers - http-outgoing-16 >> Accept: text/html,application/xhtml+xml,application/xml;q=0.9,*/*;q=0.8
11:45:32.754 [Test worker] DEBUG org.apache.http.headers - http-outgoing-16 >> Accept-Language: en-US
11:45:32.754 [Test worker] DEBUG org.apache.http.headers - http-outgoing-16 >> Accept-Encoding: gzip, deflate
11:45:32.754 [Test worker] DEBUG org.apache.http.headers - http-outgoing-16 >> Referer: http://127.0.0.1:8080/list
11:45:32.754 [Test worker] DEBUG org.apache.http.headers - http-outgoing-16 >> Connection: Keep-Alive
11:45:32.754 [Test worker] DEBUG org.apache.http.wire - http-outgoing-16 >> "GET /dimetti?id=12 HTTP/1.1[\r][\n]"
11:45:32.754 [Test worker] DEBUG org.apache.http.wire - http-outgoing-16 >> "Host: 127.0.0.1:8080[\r][\n]"
11:45:32.754 [Test worker] DEBUG org.apache.http.wire - http-outgoing-16 >> "User-Agent: Mozilla/5.0 (Windows NT 6.1; rv:38.0) Gecko/20100101 Firefox/38.0[\r][\n]"
11:45:32.754 [Test worker] DEBUG org.apache.http.wire - http-outgoing-16 >> "Accept: text/html,application/xhtml+xml,application/xml;q=0.9,*/*;q=0.8[\r][\n]"
11:45:32.754 [Test worker] DEBUG org.apache.http.wire - http-outgoing-16 >> "Accept-Language: en-US[\r][\n]"
11:45:32.754 [Test worker] DEBUG org.apache.http.wire - http-outgoing-16 >> "Accept-Encoding: gzip, deflate[\r][\n]"
11:45:32.754 [Test worker] DEBUG org.apache.http.wire - http-outgoing-16 >> "Referer: http://127.0.0.1:8080/list[\r][\n]"
11:45:32.754 [Test worker] DEBUG org.apache.http.wire - http-outgoing-16 >> "Connection: Keep-Alive[\r][\n]"
11:45:32.754 [Test worker] DEBUG org.apache.http.wire - http-outgoing-16 >> "[\r][\n]"
11:45:32.757 [Test worker] DEBUG org.apache.http.wire - http-outgoing-16 << "HTTP/1.1 302 [\r][\n]"
11:45:32.758 [Test worker] DEBUG org.apache.http.wire - http-outgoing-16 << "Location: http://127.0.0.1:8080/list[\r][\n]"
11:45:32.758 [Test worker] DEBUG org.apache.http.wire - http-outgoing-16 << "Content-Language: en-US[\r][\n]"
11:45:32.758 [Test worker] DEBUG org.apache.http.wire - http-outgoing-16 << "Content-Length: 0[\r][\n]"
11:45:32.758 [Test worker] DEBUG org.apache.http.wire - http-outgoing-16 << "Date: Thu, 21 Jan 2021 10:45:32 GMT[\r][\n]"
11:45:32.758 [Test worker] DEBUG org.apache.http.wire - http-outgoing-16 << "Keep-Alive: timeout=60[\r][\n]"
11:45:32.758 [Test worker] DEBUG org.apache.http.wire - http-outgoing-16 << "Connection: keep-alive[\r][\n]"
11:45:32.758 [Test worker] DEBUG org.apache.http.wire - http-outgoing-16 << "[\r][\n]"
11:45:32.758 [Test worker] DEBUG org.apache.http.headers - http-outgoing-16 << HTTP/1.1 302 
11:45:32.758 [Test worker] DEBUG org.apache.http.headers - http-outgoing-16 << Location: http://127.0.0.1:8080/list
11:45:32.758 [Test worker] DEBUG org.apache.http.headers - http-outgoing-16 << Content-Language: en-US
11:45:32.758 [Test worker] DEBUG org.apache.http.headers - http-outgoing-16 << Content-Length: 0
11:45:32.758 [Test worker] DEBUG org.apache.http.headers - http-outgoing-16 << Date: Thu, 21 Jan 2021 10:45:32 GMT
11:45:32.758 [Test worker] DEBUG org.apache.http.headers - http-outgoing-16 << Keep-Alive: timeout=60
11:45:32.758 [Test worker] DEBUG org.apache.http.headers - http-outgoing-16 << Connection: keep-alive
11:45:32.758 [Test worker] DEBUG org.apache.http.impl.execchain.MainClientExec - Connection can be kept alive for 60000 MILLISECONDS
11:45:32.758 [Test worker] DEBUG org.apache.http.impl.conn.PoolingHttpClientConnectionManager - Connection [id: 16][route: {}->http://127.0.0.1:8080] can be kept alive for 60.0 seconds
11:45:32.758 [Test worker] DEBUG org.apache.http.impl.conn.DefaultManagedHttpClientConnection - http-outgoing-16: set socket timeout to 0
11:45:32.758 [Test worker] DEBUG org.apache.http.impl.conn.PoolingHttpClientConnectionManager - Connection released: [id: 16][route: {}->http://127.0.0.1:8080][total available: 1; route allocated: 1 of 6; total allocated: 1 of 20]
11:45:32.758 [Test worker] DEBUG com.gargoylesoftware.htmlunit.WebClient - Got a redirect status code [302] new location = [http://127.0.0.1:8080/list]
11:45:32.758 [Test worker] DEBUG com.gargoylesoftware.htmlunit.WebClient - Load response for GET http://127.0.0.1:8080/list
11:45:32.759 [Test worker] DEBUG org.apache.http.client.protocol.RequestAddCookies - CookieSpec selected: mine
11:45:32.759 [Test worker] DEBUG org.apache.http.client.protocol.RequestAuthCache - Auth cache not set in the context
11:45:32.759 [Test worker] DEBUG org.apache.http.impl.conn.PoolingHttpClientConnectionManager - Connection request: [route: {}->http://127.0.0.1:8080][total available: 1; route allocated: 1 of 6; total allocated: 1 of 20]
11:45:32.759 [Test worker] DEBUG org.apache.http.impl.conn.PoolingHttpClientConnectionManager - Connection leased: [id: 16][route: {}->http://127.0.0.1:8080][total available: 0; route allocated: 1 of 6; total allocated: 1 of 20]
11:45:32.759 [Test worker] DEBUG org.apache.http.impl.conn.DefaultManagedHttpClientConnection - http-outgoing-16: set socket timeout to 0
11:45:32.759 [Test worker] DEBUG org.apache.http.impl.conn.DefaultManagedHttpClientConnection - http-outgoing-16: set socket timeout to 0
11:45:32.759 [Test worker] DEBUG org.apache.http.impl.execchain.MainClientExec - Executing request GET /list HTTP/1.1
11:45:32.759 [Test worker] DEBUG org.apache.http.impl.execchain.MainClientExec - Target auth state: UNCHALLENGED
11:45:32.759 [Test worker] DEBUG org.apache.http.impl.execchain.MainClientExec - Proxy auth state: UNCHALLENGED
11:45:32.759 [Test worker] DEBUG org.apache.http.headers - http-outgoing-16 >> GET /list HTTP/1.1
11:45:32.759 [Test worker] DEBUG org.apache.http.headers - http-outgoing-16 >> Host: 127.0.0.1:8080
11:45:32.759 [Test worker] DEBUG org.apache.http.headers - http-outgoing-16 >> User-Agent: Mozilla/5.0 (Windows NT 6.1; rv:38.0) Gecko/20100101 Firefox/38.0
11:45:32.759 [Test worker] DEBUG org.apache.http.headers - http-outgoing-16 >> Accept: text/html,application/xhtml+xml,application/xml;q=0.9,*/*;q=0.8
11:45:32.759 [Test worker] DEBUG org.apache.http.headers - http-outgoing-16 >> Accept-Language: en-US
11:45:32.759 [Test worker] DEBUG org.apache.http.headers - http-outgoing-16 >> Accept-Encoding: gzip, deflate
11:45:32.759 [Test worker] DEBUG org.apache.http.headers - http-outgoing-16 >> Referer: http://127.0.0.1:8080/list
11:45:32.759 [Test worker] DEBUG org.apache.http.headers - http-outgoing-16 >> Connection: Keep-Alive
11:45:32.759 [Test worker] DEBUG org.apache.http.wire - http-outgoing-16 >> "GET /list HTTP/1.1[\r][\n]"
11:45:32.759 [Test worker] DEBUG org.apache.http.wire - http-outgoing-16 >> "Host: 127.0.0.1:8080[\r][\n]"
11:45:32.759 [Test worker] DEBUG org.apache.http.wire - http-outgoing-16 >> "User-Agent: Mozilla/5.0 (Windows NT 6.1; rv:38.0) Gecko/20100101 Firefox/38.0[\r][\n]"
11:45:32.759 [Test worker] DEBUG org.apache.http.wire - http-outgoing-16 >> "Accept: text/html,application/xhtml+xml,application/xml;q=0.9,*/*;q=0.8[\r][\n]"
11:45:32.759 [Test worker] DEBUG org.apache.http.wire - http-outgoing-16 >> "Accept-Language: en-US[\r][\n]"
11:45:32.759 [Test worker] DEBUG org.apache.http.wire - http-outgoing-16 >> "Accept-Encoding: gzip, deflate[\r][\n]"
11:45:32.759 [Test worker] DEBUG org.apache.http.wire - http-outgoing-16 >> "Referer: http://127.0.0.1:8080/list[\r][\n]"
11:45:32.759 [Test worker] DEBUG org.apache.http.wire - http-outgoing-16 >> "Connection: Keep-Alive[\r][\n]"
11:45:32.759 [Test worker] DEBUG org.apache.http.wire - http-outgoing-16 >> "[\r][\n]"
11:45:32.764 [Test worker] DEBUG org.apache.http.wire - http-outgoing-16 << "HTTP/1.1 200 [\r][\n]"
11:45:32.764 [Test worker] DEBUG org.apache.http.wire - http-outgoing-16 << "Content-Type: text/html;charset=UTF-8[\r][\n]"
11:45:32.764 [Test worker] DEBUG org.apache.http.wire - http-outgoing-16 << "Content-Language: en-US[\r][\n]"
11:45:32.764 [Test worker] DEBUG org.apache.http.wire - http-outgoing-16 << "Transfer-Encoding: chunked[\r][\n]"
11:45:32.764 [Test worker] DEBUG org.apache.http.wire - http-outgoing-16 << "Date: Thu, 21 Jan 2021 10:45:32 GMT[\r][\n]"
11:45:32.764 [Test worker] DEBUG org.apache.http.wire - http-outgoing-16 << "Keep-Alive: timeout=60[\r][\n]"
11:45:32.764 [Test worker] DEBUG org.apache.http.wire - http-outgoing-16 << "Connection: keep-alive[\r][\n]"
11:45:32.764 [Test worker] DEBUG org.apache.http.wire - http-outgoing-16 << "[\r][\n]"
11:45:32.764 [Test worker] DEBUG org.apache.http.wire - http-outgoing-16 << "e00[\r][\n]"
11:45:32.765 [Test worker] DEBUG org.apache.http.wire - http-outgoing-16 << "<!DOCTYPE HTML>[\n]"
11:45:32.765 [Test worker] DEBUG org.apache.http.wire - http-outgoing-16 << "<html>[\n]"
11:45:32.765 [Test worker] DEBUG org.apache.http.wire - http-outgoing-16 << "<head>[\n]"
11:45:32.765 [Test worker] DEBUG org.apache.http.wire - http-outgoing-16 << "    <title>MVC Web application</title>[\n]"
11:45:32.765 [Test worker] DEBUG org.apache.http.wire - http-outgoing-16 << "    <meta http-equiv="Content-Type" content="text/html; charset=UTF-8" />[\n]"
11:45:32.765 [Test worker] DEBUG org.apache.http.wire - http-outgoing-16 << "</head>[\n]"
11:45:32.765 [Test worker] DEBUG org.apache.http.wire - http-outgoing-16 << "[\n]"
11:45:32.765 [Test worker] DEBUG org.apache.http.wire - http-outgoing-16 << "<body>[\n]"
11:45:32.765 [Test worker] DEBUG org.apache.http.wire - http-outgoing-16 << "<h1>Pazienti Ricoverati</h1>[\n]"
11:45:32.765 [Test worker] DEBUG org.apache.http.wire - http-outgoing-16 << "[\n]"
11:45:32.765 [Test worker] DEBUG org.apache.http.wire - http-outgoing-16 << "<table border="1" id="present" name="present">[\n]"
11:45:32.765 [Test worker] DEBUG org.apache.http.wire - http-outgoing-16 << "    <thead>[\n]"
11:45:32.765 [Test worker] DEBUG org.apache.http.wire - http-outgoing-16 << "    <tr>[\n]"
11:45:32.765 [Test worker] DEBUG org.apache.http.wire - http-outgoing-16 << "        <th>Id</th>[\n]"
11:45:32.765 [Test worker] DEBUG org.apache.http.wire - http-outgoing-16 << "        <th>Nome</th>[\n]"
11:45:32.765 [Test worker] DEBUG org.apache.http.wire - http-outgoing-16 << "        <th>Cognome</th>[\n]"
11:45:32.765 [Test worker] DEBUG org.apache.http.wire - http-outgoing-16 << "        <th>Data ricovero</th>[\n]"
11:45:32.765 [Test worker] DEBUG org.apache.http.wire - http-outgoing-16 << "        <th>Data dimissione</th>[\n]"
11:45:32.765 [Test worker] DEBUG org.apache.http.wire - http-outgoing-16 << "        <th>Mostra</th>[\n]"
11:45:32.765 [Test worker] DEBUG org.apache.http.wire - http-outgoing-16 << "        <th>Modifica</th>[\n]"
11:45:32.765 [Test worker] DEBUG org.apache.http.wire - http-outgoing-16 << "        <th>Dimetti</th>[\n]"
11:45:32.765 [Test worker] DEBUG org.apache.http.wire - http-outgoing-16 << "        <th>Cancella</th>[\n]"
11:45:32.765 [Test worker] DEBUG org.apache.http.wire - http-outgoing-16 << "        <th>Stampa</th>[\n]"
11:45:32.765 [Test worker] DEBUG org.apache.http.wire - http-outgoing-16 << "    </tr>[\n]"
11:45:32.765 [Test worker] DEBUG org.apache.http.wire - http-outgoing-16 << "    </thead>[\n]"
11:45:32.765 [Test worker] DEBUG org.apache.http.wire - http-outgoing-16 << "    <tbody>[\n]"
11:45:32.765 [Test worker] DEBUG org.apache.http.wire - http-outgoing-16 << "        [\n]"
11:45:32.765 [Test worker] DEBUG org.apache.http.wire - http-outgoing-16 << "        </tbody>[\n]"
11:45:32.765 [Test worker] DEBUG org.apache.http.wire - http-outgoing-16 << "</table>[\n]"
11:45:32.765 [Test worker] DEBUG org.apache.http.wire - http-outgoing-16 << "[\n]"
11:45:32.765 [Test worker] DEBUG org.apache.http.wire - http-outgoing-16 << "<h1>Pazienti Dimessi</h1>[\n]"
11:45:32.765 [Test worker] DEBUG org.apache.http.wire - http-outgoing-16 << "<table border="1" id="discharged" name="discharged">[\n]"
11:45:32.765 [Test worker] DEBUG org.apache.http.wire - http-outgoing-16 << "    <thead>[\n]"
11:45:32.765 [Test worker] DEBUG org.apache.http.wire - http-outgoing-16 << "    <tr>[\n]"
11:45:32.765 [Test worker] DEBUG org.apache.http.wire - http-outgoing-16 << "        <th>Id</th>[\n]"
11:45:32.765 [Test worker] DEBUG org.apache.http.wire - http-outgoing-16 << "        <th>Nome</th>[\n]"
11:45:32.765 [Test worker] DEBUG org.apache.http.wire - http-outgoing-16 << "        <th>Cognome</th>[\n]"
11:45:32.765 [Test worker] DEBUG org.apache.http.wire - http-outgoing-16 << "        <th>Data Ricovero</th>[\n]"
11:45:32.765 [Test worker] DEBUG org.apache.http.wire - http-outgoing-16 << "        <th>Data Dimissione</th>[\n]"
11:45:32.765 [Test worker] DEBUG org.apache.http.wire - http-outgoing-16 << "        <th>Cartella</th>[\n]"
11:45:32.765 [Test worker] DEBUG org.apache.http.wire - http-outgoing-16 << "        <th>Modifica</th>[\n]"
11:45:32.765 [Test worker] DEBUG org.apache.http.wire - http-outgoing-16 << "        <th>Cancella</th>[\n]"
11:45:32.765 [Test worker] DEBUG org.apache.http.wire - http-outgoing-16 << "        <th>Stampa</th>[\n]"
11:45:32.765 [Test worker] DEBUG org.apache.http.wire - http-outgoing-16 << "    </tr>[\n]"
11:45:32.765 [Test worker] DEBUG org.apache.http.wire - http-outgoing-16 << "    </thead>[\n]"
11:45:32.765 [Test worker] DEBUG org.apache.http.wire - http-outgoing-16 << "    <tbody>[\n]"
11:45:32.765 [Test worker] DEBUG org.apache.http.wire - http-outgoing-16 << "    <tr>[\n]"
11:45:32.765 [Test worker] DEBUG org.apache.http.wire - http-outgoing-16 << "        <td id="idDischarged">1</td>[\n]"
11:45:32.765 [Test worker] DEBUG org.apache.http.wire - http-outgoing-16 << "        <td style="text-align:center;">Michele</td>[\n]"
11:45:32.765 [Test worker] DEBUG org.apache.http.wire - http-outgoing-16 << "        <td id='lastNameDischarged' style="text-align:center;">Bianchi</td>[\n]"
11:45:32.765 [Test worker] DEBUG org.apache.http.wire - http-outgoing-16 << "        <td style="text-align:center;">11/06/1993</td>[\n]"
11:45:32.765 [Test worker] DEBUG org.apache.http.wire - http-outgoing-16 << "        <td style="text-align:center;">21/01/2021</td>[\n]"
11:45:32.765 [Test worker] DEBUG org.apache.http.wire - http-outgoing-16 << "        <td> <a href="cartella?id=1" style="text-align:center;"> Cartella </a></td>[\n]"
11:45:32.765 [Test worker] DEBUG org.apache.http.wire - http-outgoing-16 << "        <td> <a id="modificaDischarged" style="text-align:center; cursor:not-allowed; pointer-events:none; color:grey;"> Modifica </a></td>[\n]"
11:45:32.765 [Test worker] DEBUG org.apache.http.wire - http-outgoing-16 << "        <td> <a id="cancellaDischarged" style="text-align:center; cursor:not-allowed; pointer-events:none; color:grey;"> Cancella </a></td>[\n]"
11:45:32.765 [Test worker] DEBUG org.apache.http.wire - http-outgoing-16 << "        <td><button><a href="print?id=1" style="text-align:center;text-decoration:none;"> Stampa scheda </a></button></td>[\n]"
11:45:32.765 [Test worker] DEBUG org.apache.http.wire - http-outgoing-16 << "    </tr>[\n]"
11:45:32.765 [Test worker] DEBUG org.apache.http.wire - http-outgoing-16 << "    <tr>[\n]"
11:45:32.765 [Test worker] DEBUG org.apache.http.wire - http-outgoing-16 << "        <td id="idDischarged">9</td>[\n]"
11:45:32.765 [Test worker] DEBUG org.apache.http.wire - http-outgoing-16 << "        <td style="text-align:center;">Michele</td>[\n]"
11:45:32.765 [Test worker] DEBUG org.apache.http.wire - http-outgoing-16 << "        <td id='lastNameDischarged' style="text-align:center;">Bianchi</td>[\n]"
11:45:32.765 [Test worker] DEBUG org.apache.http.wire - http-outgoing-16 << "        <td style="text-align:center;">11/06/1993</td>[\n]"
11:45:32.765 [Test worker] DEBUG org.apache.http.wire - http-outgoing-16 << "        <td style="text-align:center;">21/01/2021</td>[\n]"
11:45:32.765 [Test worker] DEBUG org.apache.http.wire - http-outgoing-16 << "        <td> <a href="cartella?id=9" style="text-align:center;"> Cartella </a></td>[\n]"
11:45:32.765 [Test worker] DEBUG org.apache.http.wire - http-outgoing-16 << "        <td> <a id="modificaDischarged" style="text-align:center; cursor:not-allowed; pointer-events:none; color:grey;"> Modifica </a></td>[\n]"
11:45:32.765 [Test worker] DEBUG org.apache.http.wire - http-outgoing-16 << "        <td> <a id="cancellaDischarged" style="text-align:center; cursor:not-allowed; pointer-events:none; color:grey;"> Cancella </a></td>[\n]"
11:45:32.765 [Test worker] DEBUG org.apache.http.wire - http-outgoing-16 << "        <td><button><a href="print?id=9" style="text-align:center;text-decoration:none;"> Stampa scheda </a></button></td>[\n]"
11:45:32.765 [Test worker] DEBUG org.apache.http.wire - http-outgoing-16 << "    </tr>[\n]"
11:45:32.765 [Test worker] DEBUG org.apache.http.wire - http-outgoing-16 << "    <tr>[\n]"
11:45:32.765 [Test worker] DEBUG org.apache.http.wire - http-outgoing-16 << "        <td id="idDischarged">12</td>[\n]"
11:45:32.765 [Test worker] DEBUG org.apache.http.wire - http-outgoing-16 << "        <td style="text-align:center;">Michele</td>[\n]"
11:45:32.765 [Test worker] DEBUG org.apache.http.wire - http-outgoing-16 << "        <td id='lastNameDischarged' style="text-align:center;">Bianchi</td>[\n]"
11:45:32.765 [Test worker] DEBUG org.apache.http.wire - http-outgoing-16 << "        <td style="text-align:center;">11/06/1993</td>[\n]"
11:45:32.765 [Test worker] DEBUG org.apache.http.wire - http-outgoing-16 << "        <td style="text-align:center;">21/01/2021</td>[\n]"
11:45:32.765 [Test worker] DEBUG org.apache.http.wire - http-outgoing-16 << "        <td> <a href="cartella?id=12" style="text-align:center;"> Cartella </a></td>[\n]"
11:45:32.765 [Test worker] DEBUG org.apache.http.wire - http-outgoing-16 << "        <td> <a id="modificaDischarged" style="text-align:center; cursor:not-allowed; pointer-events:none; color:grey;"> Modifica </a></td>[\n]"
11:45:32.765 [Test worker] DEBUG org.apache.http.wire - http-outgoing-16 << "        <td> <a id="cancellaDischarged" style="text-align:center; cursor:not-allowed; pointer-events:none; color:grey;"> Cancella </a></td>[\n]"
11:45:32.765 [Test worker] DEBUG org.apache.http.wire - http-outgoing-16 << "        <td><button><a href="print?id=12" style="text-align:center;text-decoration:none;"> Stampa scheda </a></button></td>[\n]"
11:45:32.765 [Test worker] DEBUG org.apache.http.wire - http-outgoing-16 << "    </tr>[\n]"
11:45:32.765 [Test worker] DEBUG org.apache.http.wire - http-outgoing-16 << "    </tbody>[\n]"
11:45:32.765 [Test worker] DEBUG org.apache.http.wire - http-outgoing-16 << "</table>[\n]"
11:45:32.765 [Test worker] DEBUG org.apache.http.wire - http-outgoing-16 << "<br>[\n]"
11:45:32.765 [Test worker] DEBUG org.apache.http.wire - http-outgoing-16 << "<button><a href="input" style="text-decoration:none;">Registra un paziente</a></button>[\n]"
11:45:32.765 [Test worker] DEBUG org.apache.http.wire - http-outgoing-16 << "<br>[\n]"
11:45:32.765 [Test worker] DEBUG org.apache.http.wire - http-outgoing-16 << "<br>[\n]"
11:45:32.765 [Test worker] DEBUG org.apache.http.wire - http-outgoing-16 << "[\n]"
11:45:32.765 [Test worker] DEBUG org.apache.http.wire - http-outgoing-16 << "<form action="search" method="post">[\n]"
11:45:32.765 [Test worker] DEBUG org.apache.http.wire - http-outgoing-16 << "    Cognome Paziente: <input type="text" name="lastName"/>[\n]"
11:45:32.765 [Test worker] DEBUG org.apache.http.wire - http-outgoing-16 << "    <input type="submit" value="Cerca"/>[\n]"
11:45:32.765 [Test worker] DEBUG org.apache.http.wire - http-outgoing-16 << "</form>[\n]"
11:45:32.765 [Test worker] DEBUG org.apache.http.wire - http-outgoing-16 << "</body>[\n]"
11:45:32.765 [Test worker] DEBUG org.apache.http.wire - http-outgoing-16 << "</html>[\r][\n]"
11:45:32.765 [Test worker] DEBUG org.apache.http.headers - http-outgoing-16 << HTTP/1.1 200 
11:45:32.765 [Test worker] DEBUG org.apache.http.headers - http-outgoing-16 << Content-Type: text/html;charset=UTF-8
11:45:32.765 [Test worker] DEBUG org.apache.http.headers - http-outgoing-16 << Content-Language: en-US
11:45:32.765 [Test worker] DEBUG org.apache.http.headers - http-outgoing-16 << Transfer-Encoding: chunked
11:45:32.765 [Test worker] DEBUG org.apache.http.headers - http-outgoing-16 << Date: Thu, 21 Jan 2021 10:45:32 GMT
11:45:32.765 [Test worker] DEBUG org.apache.http.headers - http-outgoing-16 << Keep-Alive: timeout=60
11:45:32.765 [Test worker] DEBUG org.apache.http.headers - http-outgoing-16 << Connection: keep-alive
11:45:32.765 [Test worker] DEBUG org.apache.http.impl.execchain.MainClientExec - Connection can be kept alive for 60000 MILLISECONDS
11:45:32.766 [Test worker] DEBUG org.apache.http.wire - http-outgoing-16 << "0[\r][\n]"
11:45:32.766 [Test worker] DEBUG org.apache.http.wire - http-outgoing-16 << "[\r][\n]"
11:45:32.766 [Test worker] DEBUG org.apache.http.impl.conn.PoolingHttpClientConnectionManager - Connection [id: 16][route: {}->http://127.0.0.1:8080] can be kept alive for 60.0 seconds
11:45:32.766 [Test worker] DEBUG org.apache.http.impl.conn.DefaultManagedHttpClientConnection - http-outgoing-16: set socket timeout to 0
11:45:32.766 [Test worker] DEBUG org.apache.http.impl.conn.PoolingHttpClientConnectionManager - Connection released: [id: 16][route: {}->http://127.0.0.1:8080][total available: 1; route allocated: 1 of 6; total allocated: 1 of 20]
11:45:32.766 [Test worker] DEBUG com.gargoylesoftware.htmlunit.html.DomElement - Firing Event unload (Current Target: HTMLElement for HtmlHtml[<html>]);
11:45:32.766 [Test worker] DEBUG com.gargoylesoftware.htmlunit.WebWindowImpl - setEnclosedPage: HtmlPage(http://127.0.0.1:8080/list)@304429055
11:45:32.766 [Test worker] DEBUG com.gargoylesoftware.htmlunit.WebWindowImpl - destroyChildren
11:45:32.770 [Test worker] DEBUG com.gargoylesoftware.htmlunit.util.EncodingSniffer - Encoding found in HTTP headers: 'UTF-8'.
11:45:32.772 [Test worker] DEBUG net.sourceforge.jwebunit.htmlunit.HtmlUnitTestingEngineImpl - Window "" changed : "MVC Web application" became "MVC Web application
11:45:32.772 [Test worker] DEBUG com.gargoylesoftware.htmlunit.html.DomElement - Firing Event DOMContentLoaded (Current Target: HTMLElement for HtmlHtml[<html>]);
11:45:32.772 [Test worker] DEBUG com.gargoylesoftware.htmlunit.html.DomElement - Firing Event load (Current Target: HTMLElement for HtmlHtml[<html>]);
11:45:32.774 [Test worker] DEBUG com.gargoylesoftware.htmlunit.html.DomElement - Firing Event mousedown (Current Target: HTMLElement for HtmlAnchor[<a id="cancellaDischarged" style="text-align:center; cursor:not-allowed; pointer-events:none; color:grey;">]);
11:45:32.774 [Test worker] DEBUG com.gargoylesoftware.htmlunit.html.DomElement - Firing Event focus (Current Target: HTMLElement for HtmlAnchor[<a id="cancellaDischarged" style="text-align:center; cursor:not-allowed; pointer-events:none; color:grey;">]);
11:45:32.774 [Test worker] DEBUG com.gargoylesoftware.htmlunit.html.DomElement - Firing Event mouseup (Current Target: HTMLElement for HtmlAnchor[<a id="cancellaDischarged" style="text-align:center; cursor:not-allowed; pointer-events:none; color:grey;">]);
11:45:32.774 [Test worker] DEBUG com.gargoylesoftware.htmlunit.html.DomElement - Firing Event click (Current Target: HTMLElement for HtmlAnchor[<a id="cancellaDischarged" style="text-align:center; cursor:not-allowed; pointer-events:none; color:grey;">]);
11:45:32.774 [Test worker] DEBUG com.gargoylesoftware.htmlunit.html.HtmlAnchor - do click action in window '', using href ''
11:45:32.776 [Test worker] DEBUG com.gargoylesoftware.htmlunit.html.DomElement - Firing Event mousedown (Current Target: HTMLElement for HtmlAnchor[<a id="modificaDischarged" style="text-align:center; cursor:not-allowed; pointer-events:none; color:grey;">]);
11:45:32.776 [Test worker] DEBUG com.gargoylesoftware.htmlunit.html.DomElement - Firing Event blur (Current Target: HTMLElement for HtmlAnchor[<a id="cancellaDischarged" style="text-align:center; cursor:not-allowed; pointer-events:none; color:grey;">]);
11:45:32.776 [Test worker] DEBUG com.gargoylesoftware.htmlunit.html.DomElement - Firing Event focus (Current Target: HTMLElement for HtmlAnchor[<a id="modificaDischarged" style="text-align:center; cursor:not-allowed; pointer-events:none; color:grey;">]);
11:45:32.776 [Test worker] DEBUG com.gargoylesoftware.htmlunit.html.DomElement - Firing Event mouseup (Current Target: HTMLElement for HtmlAnchor[<a id="modificaDischarged" style="text-align:center; cursor:not-allowed; pointer-events:none; color:grey;">]);
11:45:32.776 [Test worker] DEBUG com.gargoylesoftware.htmlunit.html.DomElement - Firing Event click (Current Target: HTMLElement for HtmlAnchor[<a id="modificaDischarged" style="text-align:center; cursor:not-allowed; pointer-events:none; color:grey;">]);
11:45:32.776 [Test worker] DEBUG com.gargoylesoftware.htmlunit.html.HtmlAnchor - do click action in window '', using href ''
11:45:32.777 [Test worker] DEBUG com.gargoylesoftware.htmlunit.html.DomElement - Firing Event mousedown (Current Target: HTMLElement for HtmlAnchor[<a href="cartella?id=1" style="text-align:center;">]);
11:45:32.778 [Test worker] DEBUG com.gargoylesoftware.htmlunit.html.DomElement - Firing Event blur (Current Target: HTMLElement for HtmlAnchor[<a id="modificaDischarged" style="text-align:center; cursor:not-allowed; pointer-events:none; color:grey;">]);
11:45:32.778 [Test worker] DEBUG com.gargoylesoftware.htmlunit.html.DomElement - Firing Event focus (Current Target: HTMLElement for HtmlAnchor[<a href="cartella?id=1" style="text-align:center;">]);
11:45:32.778 [Test worker] DEBUG com.gargoylesoftware.htmlunit.html.DomElement - Firing Event mouseup (Current Target: HTMLElement for HtmlAnchor[<a href="cartella?id=1" style="text-align:center;">]);
11:45:32.778 [Test worker] DEBUG com.gargoylesoftware.htmlunit.html.DomElement - Firing Event click (Current Target: HTMLElement for HtmlAnchor[<a href="cartella?id=1" style="text-align:center;">]);
11:45:32.778 [Test worker] DEBUG com.gargoylesoftware.htmlunit.html.HtmlAnchor - do click action in window '', using href 'cartella?id=1'
11:45:32.778 [Test worker] DEBUG com.gargoylesoftware.htmlunit.util.EncodingSniffer - Encoding found in HTTP headers: 'UTF-8'.
11:45:32.778 [Test worker] DEBUG com.gargoylesoftware.htmlunit.html.HtmlAnchor - Getting page for http://127.0.0.1:8080/cartella?id=1, derived from href 'cartella?id=1', using the originating URL http://127.0.0.1:8080/list
11:45:32.778 [Test worker] DEBUG com.gargoylesoftware.htmlunit.html.DomElement - Firing Event beforeunload (Current Target: HTMLElement for HtmlHtml[<html>]);
11:45:32.778 [Test worker] DEBUG com.gargoylesoftware.htmlunit.WebClient - Load response for GET http://127.0.0.1:8080/cartella?id=1
11:45:32.779 [Test worker] DEBUG org.apache.http.client.protocol.RequestAddCookies - CookieSpec selected: mine
11:45:32.779 [Test worker] DEBUG org.apache.http.client.protocol.RequestAuthCache - Auth cache not set in the context
11:45:32.779 [Test worker] DEBUG org.apache.http.impl.conn.PoolingHttpClientConnectionManager - Connection request: [route: {}->http://127.0.0.1:8080][total available: 1; route allocated: 1 of 6; total allocated: 1 of 20]
11:45:32.780 [Test worker] DEBUG org.apache.http.impl.conn.PoolingHttpClientConnectionManager - Connection leased: [id: 16][route: {}->http://127.0.0.1:8080][total available: 0; route allocated: 1 of 6; total allocated: 1 of 20]
11:45:32.780 [Test worker] DEBUG org.apache.http.impl.conn.DefaultManagedHttpClientConnection - http-outgoing-16: set socket timeout to 0
11:45:32.780 [Test worker] DEBUG org.apache.http.impl.conn.DefaultManagedHttpClientConnection - http-outgoing-16: set socket timeout to 0
11:45:32.780 [Test worker] DEBUG org.apache.http.impl.execchain.MainClientExec - Executing request GET /cartella?id=1 HTTP/1.1
11:45:32.780 [Test worker] DEBUG org.apache.http.impl.execchain.MainClientExec - Target auth state: UNCHALLENGED
11:45:32.780 [Test worker] DEBUG org.apache.http.impl.execchain.MainClientExec - Proxy auth state: UNCHALLENGED
11:45:32.780 [Test worker] DEBUG org.apache.http.headers - http-outgoing-16 >> GET /cartella?id=1 HTTP/1.1
11:45:32.780 [Test worker] DEBUG org.apache.http.headers - http-outgoing-16 >> Host: 127.0.0.1:8080
11:45:32.780 [Test worker] DEBUG org.apache.http.headers - http-outgoing-16 >> User-Agent: Mozilla/5.0 (Windows NT 6.1; rv:38.0) Gecko/20100101 Firefox/38.0
11:45:32.780 [Test worker] DEBUG org.apache.http.headers - http-outgoing-16 >> Accept: text/html,application/xhtml+xml,application/xml;q=0.9,*/*;q=0.8
11:45:32.780 [Test worker] DEBUG org.apache.http.headers - http-outgoing-16 >> Accept-Language: en-US
11:45:32.780 [Test worker] DEBUG org.apache.http.headers - http-outgoing-16 >> Accept-Encoding: gzip, deflate
11:45:32.780 [Test worker] DEBUG org.apache.http.headers - http-outgoing-16 >> Referer: http://127.0.0.1:8080/list
11:45:32.780 [Test worker] DEBUG org.apache.http.headers - http-outgoing-16 >> Connection: Keep-Alive
11:45:32.780 [Test worker] DEBUG org.apache.http.wire - http-outgoing-16 >> "GET /cartella?id=1 HTTP/1.1[\r][\n]"
11:45:32.780 [Test worker] DEBUG org.apache.http.wire - http-outgoing-16 >> "Host: 127.0.0.1:8080[\r][\n]"
11:45:32.780 [Test worker] DEBUG org.apache.http.wire - http-outgoing-16 >> "User-Agent: Mozilla/5.0 (Windows NT 6.1; rv:38.0) Gecko/20100101 Firefox/38.0[\r][\n]"
11:45:32.780 [Test worker] DEBUG org.apache.http.wire - http-outgoing-16 >> "Accept: text/html,application/xhtml+xml,application/xml;q=0.9,*/*;q=0.8[\r][\n]"
11:45:32.780 [Test worker] DEBUG org.apache.http.wire - http-outgoing-16 >> "Accept-Language: en-US[\r][\n]"
11:45:32.780 [Test worker] DEBUG org.apache.http.wire - http-outgoing-16 >> "Accept-Encoding: gzip, deflate[\r][\n]"
11:45:32.780 [Test worker] DEBUG org.apache.http.wire - http-outgoing-16 >> "Referer: http://127.0.0.1:8080/list[\r][\n]"
11:45:32.780 [Test worker] DEBUG org.apache.http.wire - http-outgoing-16 >> "Connection: Keep-Alive[\r][\n]"
11:45:32.780 [Test worker] DEBUG org.apache.http.wire - http-outgoing-16 >> "[\r][\n]"
11:45:32.785 [Test worker] DEBUG org.apache.http.wire - http-outgoing-16 << "HTTP/1.1 200 [\r][\n]"
11:45:32.785 [Test worker] DEBUG org.apache.http.wire - http-outgoing-16 << "Content-Type: text/html;charset=UTF-8[\r][\n]"
11:45:32.785 [Test worker] DEBUG org.apache.http.wire - http-outgoing-16 << "Content-Language: en-US[\r][\n]"
11:45:32.785 [Test worker] DEBUG org.apache.http.wire - http-outgoing-16 << "Transfer-Encoding: chunked[\r][\n]"
11:45:32.785 [Test worker] DEBUG org.apache.http.wire - http-outgoing-16 << "Date: Thu, 21 Jan 2021 10:45:32 GMT[\r][\n]"
11:45:32.785 [Test worker] DEBUG org.apache.http.wire - http-outgoing-16 << "Keep-Alive: timeout=60[\r][\n]"
11:45:32.785 [Test worker] DEBUG org.apache.http.wire - http-outgoing-16 << "Connection: keep-alive[\r][\n]"
11:45:32.785 [Test worker] DEBUG org.apache.http.wire - http-outgoing-16 << "[\r][\n]"
11:45:32.785 [Test worker] DEBUG org.apache.http.wire - http-outgoing-16 << "2df[\r][\n]"
11:45:32.785 [Test worker] DEBUG org.apache.http.wire - http-outgoing-16 << "<!DOCTYPE HTML>[\n]"
11:45:32.785 [Test worker] DEBUG org.apache.http.wire - http-outgoing-16 << "<html>[\n]"
11:45:32.785 [Test worker] DEBUG org.apache.http.wire - http-outgoing-16 << "<head>[\n]"
11:45:32.785 [Test worker] DEBUG org.apache.http.wire - http-outgoing-16 << "    <title>MVC Web application</title>[\n]"
11:45:32.785 [Test worker] DEBUG org.apache.http.wire - http-outgoing-16 << "    <meta http-equiv="Content-Type" content="text/html; charset=UTF-8" />[\n]"
11:45:32.785 [Test worker] DEBUG org.apache.http.wire - http-outgoing-16 << "</head>[\n]"
11:45:32.785 [Test worker] DEBUG org.apache.http.wire - http-outgoing-16 << "[\n]"
11:45:32.785 [Test worker] DEBUG org.apache.http.wire - http-outgoing-16 << "<body>[\n]"
11:45:32.785 [Test worker] DEBUG org.apache.http.wire - http-outgoing-16 << "<h1>Cartella Clinica Paziente:</h1>[\n]"
11:45:32.785 [Test worker] DEBUG org.apache.http.wire - http-outgoing-16 << "<input hidden value="1" name="id" id="id"/>[\n]"
11:45:32.785 [Test worker] DEBUG org.apache.http.wire - http-outgoing-16 << "<table border="1">[\n]"
11:45:32.785 [Test worker] DEBUG org.apache.http.wire - http-outgoing-16 << "    <tr>[\n]"
11:45:32.785 [Test worker] DEBUG org.apache.http.wire - http-outgoing-16 << "        <th>Nome</th>[\n]"
11:45:32.785 [Test worker] DEBUG org.apache.http.wire - http-outgoing-16 << "        <th>Cognome</th>[\n]"
11:45:32.785 [Test worker] DEBUG org.apache.http.wire - http-outgoing-16 << "        <th>Data Ricovero</th>[\n]"
11:45:32.785 [Test worker] DEBUG org.apache.http.wire - http-outgoing-16 << "        <th>Data Dmissione</th>[\n]"
11:45:32.785 [Test worker] DEBUG org.apache.http.wire - http-outgoing-16 << "        <th>Farmaci</th>[\n]"
11:45:32.785 [Test worker] DEBUG org.apache.http.wire - http-outgoing-16 << "        <th>Prescrizione</th>[\n]"
11:45:32.785 [Test worker] DEBUG org.apache.http.wire - http-outgoing-16 << "    </tr>[\n]"
11:45:32.785 [Test worker] DEBUG org.apache.http.wire - http-outgoing-16 << "    <tr>[\n]"
11:45:32.785 [Test worker] DEBUG org.apache.http.wire - http-outgoing-16 << "        <td >Michele</td>[\n]"
11:45:32.785 [Test worker] DEBUG org.apache.http.wire - http-outgoing-16 << "        <td >Bianchi</td>[\n]"
11:45:32.785 [Test worker] DEBUG org.apache.http.wire - http-outgoing-16 << "        <td style="text-align:center;">11/06/1993</td>[\n]"
11:45:32.785 [Test worker] DEBUG org.apache.http.wire - http-outgoing-16 << "        <td style="text-align:center;">21/01/2021</td>[\n]"
11:45:32.785 [Test worker] DEBUG org.apache.http.wire - http-outgoing-16 << "        <td ></td>[\n]"
11:45:32.785 [Test worker] DEBUG org.apache.http.wire - http-outgoing-16 << "        <td ></td>[\n]"
11:45:32.785 [Test worker] DEBUG org.apache.http.wire - http-outgoing-16 << "    </tr>[\n]"
11:45:32.785 [Test worker] DEBUG org.apache.http.wire - http-outgoing-16 << "</table>[\n]"
11:45:32.785 [Test worker] DEBUG org.apache.http.wire - http-outgoing-16 << "[\n]"
11:45:32.785 [Test worker] DEBUG org.apache.http.wire - http-outgoing-16 << "<br>[\n]"
11:45:32.785 [Test worker] DEBUG org.apache.http.wire - http-outgoing-16 << "<br>[\n]"
11:45:32.785 [Test worker] DEBUG org.apache.http.wire - http-outgoing-16 << "<a href="list"> Torna alla lista </a>[\n]"
11:45:32.785 [Test worker] DEBUG org.apache.http.wire - http-outgoing-16 << "[\n]"
11:45:32.785 [Test worker] DEBUG org.apache.http.wire - http-outgoing-16 << "</body>[\n]"
11:45:32.785 [Test worker] DEBUG org.apache.http.wire - http-outgoing-16 << "</html>[\r][\n]"
11:45:32.785 [Test worker] DEBUG org.apache.http.headers - http-outgoing-16 << HTTP/1.1 200 
11:45:32.785 [Test worker] DEBUG org.apache.http.headers - http-outgoing-16 << Content-Type: text/html;charset=UTF-8
11:45:32.785 [Test worker] DEBUG org.apache.http.headers - http-outgoing-16 << Content-Language: en-US
11:45:32.785 [Test worker] DEBUG org.apache.http.headers - http-outgoing-16 << Transfer-Encoding: chunked
11:45:32.785 [Test worker] DEBUG org.apache.http.headers - http-outgoing-16 << Date: Thu, 21 Jan 2021 10:45:32 GMT
11:45:32.785 [Test worker] DEBUG org.apache.http.headers - http-outgoing-16 << Keep-Alive: timeout=60
11:45:32.785 [Test worker] DEBUG org.apache.http.headers - http-outgoing-16 << Connection: keep-alive
11:45:32.785 [Test worker] DEBUG org.apache.http.impl.execchain.MainClientExec - Connection can be kept alive for 60000 MILLISECONDS
11:45:32.785 [Test worker] DEBUG org.apache.http.wire - http-outgoing-16 << "0[\r][\n]"
11:45:32.785 [Test worker] DEBUG org.apache.http.wire - http-outgoing-16 << "[\r][\n]"
11:45:32.785 [Test worker] DEBUG org.apache.http.impl.conn.PoolingHttpClientConnectionManager - Connection [id: 16][route: {}->http://127.0.0.1:8080] can be kept alive for 60.0 seconds
11:45:32.785 [Test worker] DEBUG org.apache.http.impl.conn.DefaultManagedHttpClientConnection - http-outgoing-16: set socket timeout to 0
11:45:32.786 [Test worker] DEBUG org.apache.http.impl.conn.PoolingHttpClientConnectionManager - Connection released: [id: 16][route: {}->http://127.0.0.1:8080][total available: 1; route allocated: 1 of 6; total allocated: 1 of 20]
11:45:32.786 [Test worker] DEBUG com.gargoylesoftware.htmlunit.html.DomElement - Firing Event unload (Current Target: HTMLElement for HtmlHtml[<html>]);
11:45:32.786 [Test worker] DEBUG com.gargoylesoftware.htmlunit.WebWindowImpl - setEnclosedPage: HtmlPage(http://127.0.0.1:8080/cartella?id=1)@1906790285
11:45:32.786 [Test worker] DEBUG com.gargoylesoftware.htmlunit.WebWindowImpl - destroyChildren
11:45:32.790 [Test worker] DEBUG com.gargoylesoftware.htmlunit.util.EncodingSniffer - Encoding found in HTTP headers: 'UTF-8'.
11:45:32.791 [Test worker] DEBUG net.sourceforge.jwebunit.htmlunit.HtmlUnitTestingEngineImpl - Window "" changed : "MVC Web application" became "MVC Web application
11:45:32.791 [Test worker] DEBUG com.gargoylesoftware.htmlunit.html.DomElement - Firing Event DOMContentLoaded (Current Target: HTMLElement for HtmlHtml[<html>]);
11:45:32.791 [Test worker] DEBUG com.gargoylesoftware.htmlunit.html.DomElement - Firing Event load (Current Target: HTMLElement for HtmlHtml[<html>]);
]]></system-out>
  <system-err><![CDATA[]]></system-err>
</testsuite>
