<?xml version="1.0" encoding="UTF-8"?>
<testsuite name="AcceptanceTest.ControllerAcceptanceTest" tests="9" skipped="0" failures="0" errors="0" timestamp="2021-01-21T10:49:12" hostname="MacBook-Pro.station" time="2.67">
  <properties/>
  <testcase name="testInitialView" classname="AcceptanceTest.ControllerAcceptanceTest" time="1.38"/>
  <testcase name="addNewPatientTest" classname="AcceptanceTest.ControllerAcceptanceTest" time="0.332"/>
  <testcase name="deletePatientTest" classname="AcceptanceTest.ControllerAcceptanceTest" time="0.083"/>
  <testcase name="testOperation" classname="AcceptanceTest.ControllerAcceptanceTest" time="0.198"/>
  <testcase name="testDischarge" classname="AcceptanceTest.ControllerAcceptanceTest" time="0.086"/>
  <testcase name="testUpdateRecord" classname="AcceptanceTest.ControllerAcceptanceTest" time="0.167"/>
  <testcase name="testPrintRecord" classname="AcceptanceTest.ControllerAcceptanceTest" time="0.069"/>
  <testcase name="testSearchPatient" classname="AcceptanceTest.ControllerAcceptanceTest" time="0.253"/>
  <testcase name="testNonEditableAndDeletableDischargedPatient" classname="AcceptanceTest.ControllerAcceptanceTest" time="0.1"/>
  <system-out><![CDATA[]]></system-out>
  <system-err><![CDATA[]]></system-err>
</testsuite>
